{"level":20,"time":1629534226520,"pid":5823,"hostname":"fv-az36-757","name":"@waytrade/microservice-core","msg":"Starting HTTP Server on port 0"}
{"level":20,"time":1629534226522,"pid":5823,"hostname":"fv-az36-757","name":"@waytrade/microservice-core","msg":"HTTP Server listening on port 44455"}
{"level":20,"time":1629534226550,"pid":5823,"hostname":"fv-az36-757","name":"@waytrade/microservice-core","msg":"HTTP get /openapi.json -> 200 (8ms)"}
{"level":20,"time":1629534226554,"pid":5823,"hostname":"fv-az36-757","name":"@waytrade/microservice-core","msg":"HTTP Server on port 44455 stopped"}
{"level":20,"time":1629534226556,"pid":5823,"hostname":"fv-az36-757","name":"@waytrade/microservice-core","msg":"Starting HTTP Server on port 0"}
{"level":20,"time":1629534226556,"pid":5823,"hostname":"fv-az36-757","name":"@waytrade/microservice-core","msg":"HTTP Server listening on port 41947"}
{"level":20,"time":1629534226559,"pid":5823,"hostname":"fv-az36-757","name":"@waytrade/microservice-core","msg":"HTTP get /openapi.json -> 200 (1ms)"}
{"level":20,"time":1629534226587,"pid":5823,"hostname":"fv-az36-757","name":"@waytrade/microservice-core","msg":"HTTP Server on port 41947 stopped"}
{"level":20,"time":1629534226588,"pid":5823,"hostname":"fv-az36-757","name":"@waytrade/microservice-core","msg":"Starting HTTP Server on port 0"}
{"level":20,"time":1629534226588,"pid":5823,"hostname":"fv-az36-757","name":"@waytrade/microservice-core","msg":"HTTP Server listening on port 47349"}
{"level":20,"time":1629534226590,"pid":5823,"hostname":"fv-az36-757","name":"@waytrade/microservice-core","msg":"Starting HTTP Server on port 0"}
{"level":20,"time":1629534226590,"pid":5823,"hostname":"fv-az36-757","name":"@waytrade/microservice-core","msg":"HTTP Server listening on port 36457"}
{"level":20,"time":1629534226592,"pid":5823,"hostname":"fv-az36-757","name":"@waytrade/microservice-core","msg":"HTTP get /openapi.json -> 200 (1ms)"}
{"level":20,"time":1629534226593,"pid":5823,"hostname":"fv-az36-757","name":"@waytrade/microservice-core","msg":"HTTP get / -> 200 (1ms)"}
{"level":20,"time":1629534226600,"pid":5823,"hostname":"fv-az36-757","name":"@waytrade/microservice-core","msg":"HTTP Server on port 47349 stopped"}
{"level":20,"time":1629534226601,"pid":5823,"hostname":"fv-az36-757","name":"@waytrade/microservice-core","msg":"HTTP Server on port 36457 stopped"}
{"level":20,"time":1629534226602,"pid":5823,"hostname":"fv-az36-757","name":"@waytrade/microservice-core","msg":"Starting HTTP Server on port 0"}
{"level":20,"time":1629534226602,"pid":5823,"hostname":"fv-az36-757","name":"@waytrade/microservice-core","msg":"HTTP Server listening on port 34147"}
{"level":20,"time":1629534226606,"pid":5823,"hostname":"fv-az36-757","name":"@waytrade/microservice-core","msg":"HTTP get /swagger-ui.css -> 200 (2ms)"}
{"level":20,"time":1629534226607,"pid":5823,"hostname":"fv-az36-757","name":"@waytrade/microservice-core","msg":"HTTP Server on port 34147 stopped"}
{"level":20,"time":1629534226608,"pid":5823,"hostname":"fv-az36-757","name":"@waytrade/microservice-core","msg":"Starting HTTP Server on port 0"}
{"level":20,"time":1629534226608,"pid":5823,"hostname":"fv-az36-757","name":"@waytrade/microservice-core","msg":"HTTP Server listening on port 57417"}
{"level":20,"time":1629534226620,"pid":5823,"hostname":"fv-az36-757","name":"@waytrade/microservice-core","msg":"HTTP get /swagger-ui-bundle.js -> 200 (11ms)"}
{"level":20,"time":1629534226626,"pid":5823,"hostname":"fv-az36-757","name":"@waytrade/microservice-core","msg":"HTTP Server on port 57417 stopped"}
{"level":20,"time":1629534226627,"pid":5823,"hostname":"fv-az36-757","name":"@waytrade/microservice-core","msg":"Starting HTTP Server on port 0"}
{"level":20,"time":1629534226627,"pid":5823,"hostname":"fv-az36-757","name":"@waytrade/microservice-core","msg":"HTTP Server listening on port 51779"}
{"level":20,"time":1629534226632,"pid":5823,"hostname":"fv-az36-757","name":"@waytrade/microservice-core","msg":"HTTP get /swagger-ui-standalone-preset.js -> 200 (4ms)"}
{"level":20,"time":1629534226634,"pid":5823,"hostname":"fv-az36-757","name":"@waytrade/microservice-core","msg":"HTTP Server on port 51779 stopped"}
{"level":20,"time":1629534227267,"pid":5823,"hostname":"fv-az36-757","name":"@waytrade/microservice-core","msg":"Starting HTTP Server on port 0"}
{"level":20,"time":1629534227268,"pid":5823,"hostname":"fv-az36-757","name":"@waytrade/microservice-core","msg":"HTTP Server listening on port 36441"}
{"level":20,"time":1629534227309,"pid":5823,"hostname":"fv-az36-757","name":"@waytrade/microservice-core","msg":"HTTP Server on port 36441 stopped"}
{"level":20,"time":1629534227310,"pid":5823,"hostname":"fv-az36-757","name":"@waytrade/microservice-core","msg":"Starting HTTP Server on port 0"}
{"level":20,"time":1629534227310,"pid":5823,"hostname":"fv-az36-757","name":"@waytrade/microservice-core","msg":"HTTP Server listening on port 50775"}
{"level":20,"time":1629534227321,"pid":5823,"hostname":"fv-az36-757","name":"@waytrade/microservice-core","msg":"HTTP Server on port 50775 stopped"}
{"level":20,"time":1629534227322,"pid":5823,"hostname":"fv-az36-757","name":"@waytrade/microservice-core","msg":"Starting HTTP Server on port 0"}
{"level":20,"time":1629534227322,"pid":5823,"hostname":"fv-az36-757","name":"@waytrade/microservice-core","msg":"HTTP Server listening on port 54767"}
{"level":20,"time":1629534227331,"pid":5823,"hostname":"fv-az36-757","name":"@waytrade/microservice-core","msg":"HTTP Server on port 54767 stopped"}
{"level":20,"time":1629534227332,"pid":5823,"hostname":"fv-az36-757","name":"@waytrade/microservice-core","msg":"Starting HTTP Server on port 0"}
{"level":20,"time":1629534227332,"pid":5823,"hostname":"fv-az36-757","name":"@waytrade/microservice-core","msg":"HTTP Server listening on port 40335"}
{"level":20,"time":1629534237337,"pid":5823,"hostname":"fv-az36-757","name":"@waytrade/microservice-core","msg":"HTTP Server on port 40335 stopped"}
{"level":20,"time":1629534237338,"pid":5823,"hostname":"fv-az36-757","name":"@waytrade/microservice-core","msg":"Starting HTTP Server on port 0"}
{"level":20,"time":1629534237338,"pid":5823,"hostname":"fv-az36-757","name":"@waytrade/microservice-core","msg":"HTTP Server listening on port 39451"}
{"level":20,"time":1629534237340,"pid":5823,"hostname":"fv-az36-757","name":"@waytrade/microservice-core","msg":"HTTP Server on port 39451 stopped"}
{"level":20,"time":1629534237344,"pid":5823,"hostname":"fv-az36-757","name":"@waytrade/microservice-core","msg":"Starting HTTP Server on port 0"}
{"level":20,"time":1629534237344,"pid":5823,"hostname":"fv-az36-757","name":"@waytrade/microservice-core","msg":"HTTP Server listening on port 54029"}
{"level":20,"time":1629534237346,"pid":5823,"hostname":"fv-az36-757","name":"@waytrade/microservice-core","msg":"HTTP Server on port 54029 stopped"}
{"level":20,"time":1629534239350,"pid":5823,"hostname":"fv-az36-757","name":"@waytrade/microservice-core","msg":"Starting HTTP Server on port 0"}
{"level":20,"time":1629534239350,"pid":5823,"hostname":"fv-az36-757","name":"@waytrade/microservice-core","msg":"HTTP Server listening on port 44707"}
{"level":20,"time":1629534239356,"pid":5823,"hostname":"fv-az36-757","name":"@waytrade/microservice-core","msg":"HTTP Server on port 44707 stopped"}
{"level":20,"time":1629534239357,"pid":5823,"hostname":"fv-az36-757","name":"@waytrade/microservice-core","msg":"Starting HTTP Server on port 0"}
{"level":20,"time":1629534239357,"pid":5823,"hostname":"fv-az36-757","name":"@waytrade/microservice-core","msg":"HTTP Server listening on port 33213"}
{"level":20,"time":1629534239360,"pid":5823,"hostname":"fv-az36-757","name":"@waytrade/microservice-core","msg":"HTTP Server on port 33213 stopped"}
{"level":20,"time":1629534239361,"pid":5823,"hostname":"fv-az36-757","name":"@waytrade/microservice-core","msg":"Starting HTTP Server on port 0"}
{"level":20,"time":1629534239361,"pid":5823,"hostname":"fv-az36-757","name":"@waytrade/microservice-core","msg":"HTTP Server listening on port 45947"}
{"level":20,"time":1629534239364,"pid":5823,"hostname":"fv-az36-757","name":"@waytrade/microservice-core","msg":"HTTP Server on port 45947 stopped"}
{"level":20,"time":1629534239365,"pid":5823,"hostname":"fv-az36-757","name":"@waytrade/microservice-core","msg":"Starting HTTP Server on port 0"}
{"level":20,"time":1629534239365,"pid":5823,"hostname":"fv-az36-757","name":"@waytrade/microservice-core","msg":"HTTP Server listening on port 32933"}
{"level":20,"time":1629534241369,"pid":5823,"hostname":"fv-az36-757","name":"@waytrade/microservice-core","msg":"HTTP Server on port 32933 stopped"}
{"level":20,"time":1629534241370,"pid":5823,"hostname":"fv-az36-757","name":"@waytrade/microservice-core","msg":"Starting HTTP Server on port 0"}
{"level":20,"time":1629534241370,"pid":5823,"hostname":"fv-az36-757","name":"@waytrade/microservice-core","msg":"HTTP Server listening on port 60779"}
{"level":20,"time":1629534241376,"pid":5823,"hostname":"fv-az36-757","name":"@waytrade/microservice-core","msg":"HTTP Server on port 60779 stopped"}
{"level":20,"time":1629534241376,"pid":5823,"hostname":"fv-az36-757","name":"@waytrade/microservice-core","msg":"Starting HTTP Server on port 0"}
{"level":20,"time":1629534241376,"pid":5823,"hostname":"fv-az36-757","name":"@waytrade/microservice-core","msg":"HTTP Server listening on port 58819"}
{"level":20,"time":1629534241379,"pid":5823,"hostname":"fv-az36-757","name":"@waytrade/microservice-core","msg":"HTTP Server on port 58819 stopped"}
{"level":20,"time":1629534241380,"pid":5823,"hostname":"fv-az36-757","name":"@waytrade/microservice-core","msg":"Starting HTTP Server on port 0"}
{"level":20,"time":1629534241380,"pid":5823,"hostname":"fv-az36-757","name":"@waytrade/microservice-core","msg":"HTTP Server listening on port 34155"}
{"level":20,"time":1629534241382,"pid":5823,"hostname":"fv-az36-757","name":"@waytrade/microservice-core","msg":"HTTP Server on port 34155 stopped"}
{"level":20,"time":1629534243383,"pid":5823,"hostname":"fv-az36-757","name":"@waytrade/microservice-core","msg":"Starting HTTP Server on port 0"}
{"level":20,"time":1629534243384,"pid":5823,"hostname":"fv-az36-757","name":"@waytrade/microservice-core","msg":"HTTP Server listening on port 41207"}
{"level":20,"time":1629534243386,"pid":5823,"hostname":"fv-az36-757","name":"@waytrade/microservice-core","msg":"HTTP Server on port 41207 stopped"}
{"level":30,"time":1629534244634,"pid":5823,"hostname":"fv-az36-757","name":"@waytrade/microservice-core","msg":"Starting App..."}
{"level":20,"time":1629534244634,"pid":5823,"hostname":"fv-az36-757","name":"@waytrade/microservice-core","msg":"Starting HTTP Server on port 0"}
{"level":20,"time":1629534244635,"pid":5823,"hostname":"fv-az36-757","name":"@waytrade/microservice-core","msg":"HTTP Server listening on port 36787"}
{"level":20,"time":1629534244635,"pid":5823,"hostname":"fv-az36-757","name":"@waytrade/microservice-core","msg":"Starting HTTP Server on port 0"}
{"level":20,"time":1629534244635,"pid":5823,"hostname":"fv-az36-757","name":"@waytrade/microservice-core","msg":"HTTP Server listening on port 58627"}
{"level":30,"time":1629534244635,"pid":5823,"hostname":"fv-az36-757","name":"@waytrade/microservice-core","msg":"API Server started at port 36787"}
{"level":30,"time":1629534244635,"pid":5823,"hostname":"fv-az36-757","name":"@waytrade/microservice-core","msg":"Webhook Callback Server started at port 58627"}
{"level":20,"time":1629534244643,"pid":5823,"hostname":"fv-az36-757","name":"@waytrade/microservice-core","msg":"HTTP post /subscribe -> 400 (0ms)"}
{"level":20,"time":1629534244645,"pid":5823,"hostname":"fv-az36-757","name":"@waytrade/microservice-core","msg":"HTTP Server on port 36787 stopped"}
{"level":20,"time":1629534244645,"pid":5823,"hostname":"fv-az36-757","name":"@waytrade/microservice-core","msg":"HTTP Server on port 58627 stopped"}
{"level":30,"time":1629534244645,"pid":5823,"hostname":"fv-az36-757","name":"@waytrade/microservice-core","msg":"App stopped."}
{"level":30,"time":1629534244646,"pid":5823,"hostname":"fv-az36-757","name":"@waytrade/microservice-core","msg":"Starting App..."}
{"level":20,"time":1629534244647,"pid":5823,"hostname":"fv-az36-757","name":"@waytrade/microservice-core","msg":"Starting HTTP Server on port 0"}
{"level":20,"time":1629534244647,"pid":5823,"hostname":"fv-az36-757","name":"@waytrade/microservice-core","msg":"HTTP Server listening on port 60683"}
{"level":20,"time":1629534244647,"pid":5823,"hostname":"fv-az36-757","name":"@waytrade/microservice-core","msg":"Starting HTTP Server on port 0"}
{"level":20,"time":1629534244647,"pid":5823,"hostname":"fv-az36-757","name":"@waytrade/microservice-core","msg":"HTTP Server listening on port 56809"}
{"level":30,"time":1629534244647,"pid":5823,"hostname":"fv-az36-757","name":"@waytrade/microservice-core","msg":"API Server started at port 60683"}
{"level":30,"time":1629534244647,"pid":5823,"hostname":"fv-az36-757","name":"@waytrade/microservice-core","msg":"Webhook Callback Server started at port 56809"}
{"level":20,"time":1629534244650,"pid":5823,"hostname":"fv-az36-757","name":"@waytrade/microservice-core","msg":"HTTP post /subscribe -> 201 (1ms)"}
{"level":20,"time":1629534244652,"pid":5823,"hostname":"fv-az36-757","name":"@waytrade/microservice-core","msg":"HTTP post /subscribe -> 204 (1ms)"}
{"level":20,"time":1629534244652,"pid":5823,"hostname":"fv-az36-757","name":"@waytrade/microservice-core","msg":"HTTP Server on port 60683 stopped"}
{"level":20,"time":1629534244652,"pid":5823,"hostname":"fv-az36-757","name":"@waytrade/microservice-core","msg":"HTTP Server on port 56809 stopped"}
{"level":30,"time":1629534244652,"pid":5823,"hostname":"fv-az36-757","name":"@waytrade/microservice-core","msg":"App stopped."}
{"level":30,"time":1629534244654,"pid":5823,"hostname":"fv-az36-757","name":"@waytrade/microservice-core","msg":"Starting App..."}
{"level":20,"time":1629534244654,"pid":5823,"hostname":"fv-az36-757","name":"@waytrade/microservice-core","msg":"Starting HTTP Server on port 0"}
{"level":20,"time":1629534244654,"pid":5823,"hostname":"fv-az36-757","name":"@waytrade/microservice-core","msg":"HTTP Server listening on port 54459"}
{"level":20,"time":1629534244655,"pid":5823,"hostname":"fv-az36-757","name":"@waytrade/microservice-core","msg":"Starting HTTP Server on port 0"}
{"level":20,"time":1629534244655,"pid":5823,"hostname":"fv-az36-757","name":"@waytrade/microservice-core","msg":"HTTP Server listening on port 34825"}
{"level":30,"time":1629534244655,"pid":5823,"hostname":"fv-az36-757","name":"@waytrade/microservice-core","msg":"API Server started at port 54459"}
{"level":30,"time":1629534244655,"pid":5823,"hostname":"fv-az36-757","name":"@waytrade/microservice-core","msg":"Webhook Callback Server started at port 34825"}
{"level":20,"time":1629534244657,"pid":5823,"hostname":"fv-az36-757","name":"@waytrade/microservice-core","msg":"HTTP post /subscribe -> 201 (1ms)"}
{"level":20,"time":1629534244659,"pid":5823,"hostname":"fv-az36-757","name":"@waytrade/microservice-core","msg":"HTTP post /subscribe -> 201 (1ms)"}
{"level":20,"time":1629534244660,"pid":5823,"hostname":"fv-az36-757","name":"@waytrade/microservice-core","msg":"HTTP Server on port 54459 stopped"}
{"level":20,"time":1629534244660,"pid":5823,"hostname":"fv-az36-757","name":"@waytrade/microservice-core","msg":"HTTP Server on port 34825 stopped"}
{"level":30,"time":1629534244660,"pid":5823,"hostname":"fv-az36-757","name":"@waytrade/microservice-core","msg":"App stopped."}
{"level":30,"time":1629534244661,"pid":5823,"hostname":"fv-az36-757","name":"@waytrade/microservice-core","msg":"Starting App..."}
{"level":20,"time":1629534244661,"pid":5823,"hostname":"fv-az36-757","name":"@waytrade/microservice-core","msg":"Starting HTTP Server on port 0"}
{"level":20,"time":1629534244662,"pid":5823,"hostname":"fv-az36-757","name":"@waytrade/microservice-core","msg":"HTTP Server listening on port 58991"}
{"level":20,"time":1629534244662,"pid":5823,"hostname":"fv-az36-757","name":"@waytrade/microservice-core","msg":"Starting HTTP Server on port 0"}
{"level":20,"time":1629534244662,"pid":5823,"hostname":"fv-az36-757","name":"@waytrade/microservice-core","msg":"HTTP Server listening on port 33197"}
{"level":30,"time":1629534244662,"pid":5823,"hostname":"fv-az36-757","name":"@waytrade/microservice-core","msg":"API Server started at port 58991"}
{"level":30,"time":1629534244662,"pid":5823,"hostname":"fv-az36-757","name":"@waytrade/microservice-core","msg":"Webhook Callback Server started at port 33197"}
{"level":20,"time":1629534244664,"pid":5823,"hostname":"fv-az36-757","name":"@waytrade/microservice-core","msg":"HTTP post /subscribe -> 201 (1ms)"}
{"level":20,"time":1629534244666,"pid":5823,"hostname":"fv-az36-757","name":"@waytrade/microservice-core","msg":"HTTP post /unsubscribe -> 200 (1ms)"}
{"level":20,"time":1629534244666,"pid":5823,"hostname":"fv-az36-757","name":"@waytrade/microservice-core","msg":"HTTP Server on port 58991 stopped"}
{"level":20,"time":1629534244666,"pid":5823,"hostname":"fv-az36-757","name":"@waytrade/microservice-core","msg":"HTTP Server on port 33197 stopped"}
{"level":30,"time":1629534244666,"pid":5823,"hostname":"fv-az36-757","name":"@waytrade/microservice-core","msg":"App stopped."}
{"level":30,"time":1629534244669,"pid":5823,"hostname":"fv-az36-757","name":"@waytrade/microservice-core","msg":"Starting App..."}
{"level":20,"time":1629534244669,"pid":5823,"hostname":"fv-az36-757","name":"@waytrade/microservice-core","msg":"Starting HTTP Server on port 0"}
{"level":20,"time":1629534244669,"pid":5823,"hostname":"fv-az36-757","name":"@waytrade/microservice-core","msg":"HTTP Server listening on port 57305"}
{"level":20,"time":1629534244669,"pid":5823,"hostname":"fv-az36-757","name":"@waytrade/microservice-core","msg":"Starting HTTP Server on port 0"}
{"level":20,"time":1629534244669,"pid":5823,"hostname":"fv-az36-757","name":"@waytrade/microservice-core","msg":"HTTP Server listening on port 50919"}
{"level":30,"time":1629534244669,"pid":5823,"hostname":"fv-az36-757","name":"@waytrade/microservice-core","msg":"API Server started at port 57305"}
{"level":30,"time":1629534244669,"pid":5823,"hostname":"fv-az36-757","name":"@waytrade/microservice-core","msg":"Webhook Callback Server started at port 50919"}
{"level":20,"time":1629534244671,"pid":5823,"hostname":"fv-az36-757","name":"@waytrade/microservice-core","msg":"HTTP post /unsubscribe -> 400 (0ms)"}
{"level":20,"time":1629534244672,"pid":5823,"hostname":"fv-az36-757","name":"@waytrade/microservice-core","msg":"HTTP Server on port 57305 stopped"}
{"level":20,"time":1629534244672,"pid":5823,"hostname":"fv-az36-757","name":"@waytrade/microservice-core","msg":"HTTP Server on port 50919 stopped"}
{"level":30,"time":1629534244672,"pid":5823,"hostname":"fv-az36-757","name":"@waytrade/microservice-core","msg":"App stopped."}
{"level":30,"time":1629534244673,"pid":5823,"hostname":"fv-az36-757","name":"@waytrade/microservice-core","msg":"Starting App..."}
{"level":20,"time":1629534244673,"pid":5823,"hostname":"fv-az36-757","name":"@waytrade/microservice-core","msg":"Starting HTTP Server on port 0"}
{"level":20,"time":1629534244673,"pid":5823,"hostname":"fv-az36-757","name":"@waytrade/microservice-core","msg":"HTTP Server listening on port 57761"}
{"level":20,"time":1629534244674,"pid":5823,"hostname":"fv-az36-757","name":"@waytrade/microservice-core","msg":"Starting HTTP Server on port 0"}
{"level":20,"time":1629534244674,"pid":5823,"hostname":"fv-az36-757","name":"@waytrade/microservice-core","msg":"HTTP Server listening on port 37187"}
{"level":30,"time":1629534244674,"pid":5823,"hostname":"fv-az36-757","name":"@waytrade/microservice-core","msg":"API Server started at port 57761"}
{"level":30,"time":1629534244674,"pid":5823,"hostname":"fv-az36-757","name":"@waytrade/microservice-core","msg":"Webhook Callback Server started at port 37187"}
{"level":20,"time":1629534244675,"pid":5823,"hostname":"fv-az36-757","name":"@waytrade/microservice-core","msg":"HTTP post /unsubscribe -> 404 (0ms)"}
{"level":20,"time":1629534244676,"pid":5823,"hostname":"fv-az36-757","name":"@waytrade/microservice-core","msg":"HTTP Server on port 57761 stopped"}
{"level":20,"time":1629534244676,"pid":5823,"hostname":"fv-az36-757","name":"@waytrade/microservice-core","msg":"HTTP Server on port 37187 stopped"}
{"level":30,"time":1629534244676,"pid":5823,"hostname":"fv-az36-757","name":"@waytrade/microservice-core","msg":"App stopped."}
{"level":30,"time":1629534244678,"pid":5823,"hostname":"fv-az36-757","name":"@waytrade/microservice-core","msg":"Starting App..."}
{"level":20,"time":1629534244678,"pid":5823,"hostname":"fv-az36-757","name":"@waytrade/microservice-core","msg":"Starting HTTP Server on port 0"}
{"level":20,"time":1629534244678,"pid":5823,"hostname":"fv-az36-757","name":"@waytrade/microservice-core","msg":"HTTP Server listening on port 40967"}
{"level":20,"time":1629534244678,"pid":5823,"hostname":"fv-az36-757","name":"@waytrade/microservice-core","msg":"Starting HTTP Server on port 0"}
{"level":20,"time":1629534244678,"pid":5823,"hostname":"fv-az36-757","name":"@waytrade/microservice-core","msg":"HTTP Server listening on port 40019"}
{"level":30,"time":1629534244678,"pid":5823,"hostname":"fv-az36-757","name":"@waytrade/microservice-core","msg":"API Server started at port 40967"}
{"level":30,"time":1629534244679,"pid":5823,"hostname":"fv-az36-757","name":"@waytrade/microservice-core","msg":"Webhook Callback Server started at port 40019"}
{"level":20,"time":1629534244680,"pid":5823,"hostname":"fv-az36-757","name":"@waytrade/microservice-core","msg":"HTTP post /subscribe -> 201 (0ms)"}
{"level":20,"time":1629534244685,"pid":5823,"hostname":"fv-az36-757","name":"@waytrade/microservice-core","msg":"HTTP Server on port 40967 stopped"}
{"level":20,"time":1629534244685,"pid":5823,"hostname":"fv-az36-757","name":"@waytrade/microservice-core","msg":"HTTP Server on port 40019 stopped"}
{"level":30,"time":1629534244685,"pid":5823,"hostname":"fv-az36-757","name":"@waytrade/microservice-core","msg":"App stopped."}
{"level":20,"time":1629534244685,"pid":5823,"hostname":"fv-az36-757","name":"@waytrade/microservice-core","msg":"HTTP post /callback -> 200 (0ms)"}
{"level":30,"time":1629534244687,"pid":5823,"hostname":"fv-az36-757","name":"@waytrade/microservice-core","msg":"Starting App..."}
{"level":20,"time":1629534244687,"pid":5823,"hostname":"fv-az36-757","name":"@waytrade/microservice-core","msg":"Starting HTTP Server on port 0"}
{"level":20,"time":1629534244687,"pid":5823,"hostname":"fv-az36-757","name":"@waytrade/microservice-core","msg":"HTTP Server listening on port 38855"}
{"level":20,"time":1629534244687,"pid":5823,"hostname":"fv-az36-757","name":"@waytrade/microservice-core","msg":"Starting HTTP Server on port 0"}
{"level":20,"time":1629534244688,"pid":5823,"hostname":"fv-az36-757","name":"@waytrade/microservice-core","msg":"HTTP Server listening on port 54753"}
{"level":30,"time":1629534244688,"pid":5823,"hostname":"fv-az36-757","name":"@waytrade/microservice-core","msg":"API Server started at port 38855"}
{"level":30,"time":1629534244688,"pid":5823,"hostname":"fv-az36-757","name":"@waytrade/microservice-core","msg":"Webhook Callback Server started at port 54753"}
{"level":20,"time":1629534244690,"pid":5823,"hostname":"fv-az36-757","name":"@waytrade/microservice-core","msg":"HTTP post /subscribe -> 201 (1ms)"}
{"level":20,"time":1629534244693,"pid":5823,"hostname":"fv-az36-757","name":"@waytrade/microservice-core","msg":"HTTP Server on port 38855 stopped"}
{"level":20,"time":1629534244693,"pid":5823,"hostname":"fv-az36-757","name":"@waytrade/microservice-core","msg":"HTTP Server on port 54753 stopped"}
{"level":30,"time":1629534244693,"pid":5823,"hostname":"fv-az36-757","name":"@waytrade/microservice-core","msg":"App stopped."}
{"level":20,"time":1629534244693,"pid":5823,"hostname":"fv-az36-757","name":"@waytrade/microservice-core","msg":"HTTP post /callback -> 200 (1ms)"}
{"level":30,"time":1629534244694,"pid":5823,"hostname":"fv-az36-757","name":"@waytrade/microservice-core","msg":"Starting App..."}
{"level":20,"time":1629534244694,"pid":5823,"hostname":"fv-az36-757","name":"@waytrade/microservice-core","msg":"Starting HTTP Server on port 0"}
{"level":20,"time":1629534244695,"pid":5823,"hostname":"fv-az36-757","name":"@waytrade/microservice-core","msg":"HTTP Server listening on port 60935"}
{"level":20,"time":1629534244695,"pid":5823,"hostname":"fv-az36-757","name":"@waytrade/microservice-core","msg":"Starting HTTP Server on port 0"}
{"level":20,"time":1629534244695,"pid":5823,"hostname":"fv-az36-757","name":"@waytrade/microservice-core","msg":"HTTP Server listening on port 52445"}
{"level":30,"time":1629534244695,"pid":5823,"hostname":"fv-az36-757","name":"@waytrade/microservice-core","msg":"API Server started at port 60935"}
{"level":30,"time":1629534244695,"pid":5823,"hostname":"fv-az36-757","name":"@waytrade/microservice-core","msg":"Webhook Callback Server started at port 52445"}
{"level":20,"time":1629534244697,"pid":5823,"hostname":"fv-az36-757","name":"@waytrade/microservice-core","msg":"HTTP post /subscribe -> 201 (1ms)"}
{"level":20,"time":1629534244700,"pid":5823,"hostname":"fv-az36-757","name":"@waytrade/microservice-core","msg":"HTTP post /callback -> 418 (1ms)"}
{"level":20,"time":1629534244701,"pid":5823,"hostname":"fv-az36-757","name":"@waytrade/microservice-core","msg":"HTTP post /subscribe -> 201 (0ms)"}
{"level":20,"time":1629534244702,"pid":5823,"hostname":"fv-az36-757","name":"@waytrade/microservice-core","msg":"HTTP Server on port 60935 stopped"}
{"level":20,"time":1629534244702,"pid":5823,"hostname":"fv-az36-757","name":"@waytrade/microservice-core","msg":"HTTP Server on port 52445 stopped"}
{"level":30,"time":1629534244702,"pid":5823,"hostname":"fv-az36-757","name":"@waytrade/microservice-core","msg":"App stopped."}
{"level":30,"time":1629534244703,"pid":5823,"hostname":"fv-az36-757","name":"@waytrade/microservice-core","msg":"Starting App..."}
{"level":20,"time":1629534244704,"pid":5823,"hostname":"fv-az36-757","name":"@waytrade/microservice-core","msg":"Starting HTTP Server on port 0"}
{"level":20,"time":1629534244704,"pid":5823,"hostname":"fv-az36-757","name":"@waytrade/microservice-core","msg":"HTTP Server listening on port 39881"}
{"level":20,"time":1629534244704,"pid":5823,"hostname":"fv-az36-757","name":"@waytrade/microservice-core","msg":"Starting HTTP Server on port 0"}
{"level":20,"time":1629534244704,"pid":5823,"hostname":"fv-az36-757","name":"@waytrade/microservice-core","msg":"HTTP Server listening on port 59033"}
{"level":30,"time":1629534244704,"pid":5823,"hostname":"fv-az36-757","name":"@waytrade/microservice-core","msg":"API Server started at port 39881"}
{"level":30,"time":1629534244704,"pid":5823,"hostname":"fv-az36-757","name":"@waytrade/microservice-core","msg":"Webhook Callback Server started at port 59033"}
{"level":20,"time":1629534244706,"pid":5823,"hostname":"fv-az36-757","name":"@waytrade/microservice-core","msg":"HTTP post /subscribe -> 201 (1ms)"}
{"level":20,"time":1629534244708,"pid":5823,"hostname":"fv-az36-757","name":"@waytrade/microservice-core","msg":"HTTP post /subscribe -> 201 (0ms)"}
{"level":20,"time":1629534244709,"pid":5823,"hostname":"fv-az36-757","name":"@waytrade/microservice-core","msg":"HTTP Server on port 39881 stopped"}
{"level":20,"time":1629534244709,"pid":5823,"hostname":"fv-az36-757","name":"@waytrade/microservice-core","msg":"HTTP Server on port 59033 stopped"}
{"level":30,"time":1629534244709,"pid":5823,"hostname":"fv-az36-757","name":"@waytrade/microservice-core","msg":"App stopped."}
{"level":20,"time":1629534245237,"pid":5823,"hostname":"fv-az36-757","name":"@waytrade/microservice-core","msg":"Starting HTTP Server on port 0"}
{"level":20,"time":1629534245237,"pid":5823,"hostname":"fv-az36-757","name":"@waytrade/microservice-core","msg":"HTTP Server listening on port 39287"}
{"level":20,"time":1629534245241,"pid":5823,"hostname":"fv-az36-757","name":"@waytrade/microservice-core","msg":"HTTP get /api/test/ -> 200 (0ms)"}
{"level":20,"time":1629534245242,"pid":5823,"hostname":"fv-az36-757","name":"@waytrade/microservice-core","msg":"HTTP Server on port 39287 stopped"}
{"level":20,"time":1629534245243,"pid":5823,"hostname":"fv-az36-757","name":"@waytrade/microservice-core","msg":"Starting HTTP Server on port 0"}
{"level":20,"time":1629534245244,"pid":5823,"hostname":"fv-az36-757","name":"@waytrade/microservice-core","msg":"HTTP Server listening on port 42447"}
{"level":20,"time":1629534245245,"pid":5823,"hostname":"fv-az36-757","name":"@waytrade/microservice-core","msg":"HTTP get /api/test/error -> 418 (0ms)"}
{"level":20,"time":1629534245246,"pid":5823,"hostname":"fv-az36-757","name":"@waytrade/microservice-core","msg":"HTTP Server on port 42447 stopped"}
{"level":20,"time":1629534245246,"pid":5823,"hostname":"fv-az36-757","name":"@waytrade/microservice-core","msg":"Starting HTTP Server on port 0"}
{"level":20,"time":1629534245247,"pid":5823,"hostname":"fv-az36-757","name":"@waytrade/microservice-core","msg":"HTTP Server listening on port 52509"}
{"level":20,"time":1629534245303,"pid":5823,"hostname":"fv-az36-757","name":"@waytrade/microservice-core","msg":"HTTP get /api/test/serverError -> 500 (55ms)"}
{"level":20,"time":1629534245304,"pid":5823,"hostname":"fv-az36-757","name":"@waytrade/microservice-core","msg":"HTTP Server on port 52509 stopped"}
{"level":20,"time":1629534245305,"pid":5823,"hostname":"fv-az36-757","name":"@waytrade/microservice-core","msg":"Starting HTTP Server on port 0"}
{"level":20,"time":1629534245305,"pid":5823,"hostname":"fv-az36-757","name":"@waytrade/microservice-core","msg":"HTTP Server listening on port 57007"}
{"level":20,"time":1629534245307,"pid":5823,"hostname":"fv-az36-757","name":"@waytrade/microservice-core","msg":"HTTP put /api/test/ -> 200 (0ms)"}
{"level":20,"time":1629534245308,"pid":5823,"hostname":"fv-az36-757","name":"@waytrade/microservice-core","msg":"HTTP Server on port 57007 stopped"}
{"level":20,"time":1629534245309,"pid":5823,"hostname":"fv-az36-757","name":"@waytrade/microservice-core","msg":"Starting HTTP Server on port 0"}
{"level":20,"time":1629534245309,"pid":5823,"hostname":"fv-az36-757","name":"@waytrade/microservice-core","msg":"HTTP Server listening on port 44619"}
{"level":20,"time":1629534245311,"pid":5823,"hostname":"fv-az36-757","name":"@waytrade/microservice-core","msg":"HTTP put /api/test/error -> 418 (1ms)"}
{"level":20,"time":1629534245311,"pid":5823,"hostname":"fv-az36-757","name":"@waytrade/microservice-core","msg":"HTTP Server on port 44619 stopped"}
{"level":20,"time":1629534245312,"pid":5823,"hostname":"fv-az36-757","name":"@waytrade/microservice-core","msg":"Starting HTTP Server on port 0"}
{"level":20,"time":1629534245312,"pid":5823,"hostname":"fv-az36-757","name":"@waytrade/microservice-core","msg":"HTTP Server listening on port 56919"}
{"level":20,"time":1629534245314,"pid":5823,"hostname":"fv-az36-757","name":"@waytrade/microservice-core","msg":"HTTP post /api/test/ -> 200 (0ms)"}
{"level":20,"time":1629534245315,"pid":5823,"hostname":"fv-az36-757","name":"@waytrade/microservice-core","msg":"HTTP Server on port 56919 stopped"}
{"level":20,"time":1629534245316,"pid":5823,"hostname":"fv-az36-757","name":"@waytrade/microservice-core","msg":"Starting HTTP Server on port 0"}
{"level":20,"time":1629534245316,"pid":5823,"hostname":"fv-az36-757","name":"@waytrade/microservice-core","msg":"HTTP Server listening on port 54763"}
{"level":20,"time":1629534245317,"pid":5823,"hostname":"fv-az36-757","name":"@waytrade/microservice-core","msg":"HTTP post /api/test/error -> 418 (0ms)"}
{"level":20,"time":1629534245318,"pid":5823,"hostname":"fv-az36-757","name":"@waytrade/microservice-core","msg":"HTTP Server on port 54763 stopped"}
{"level":20,"time":1629534245319,"pid":5823,"hostname":"fv-az36-757","name":"@waytrade/microservice-core","msg":"Starting HTTP Server on port 0"}
{"level":20,"time":1629534245320,"pid":5823,"hostname":"fv-az36-757","name":"@waytrade/microservice-core","msg":"HTTP Server listening on port 53637"}
{"level":20,"time":1629534245322,"pid":5823,"hostname":"fv-az36-757","name":"@waytrade/microservice-core","msg":"HTTP patch /api/test/ -> 200 (1ms)"}
{"level":20,"time":1629534245322,"pid":5823,"hostname":"fv-az36-757","name":"@waytrade/microservice-core","msg":"HTTP Server on port 53637 stopped"}
{"level":20,"time":1629534245323,"pid":5823,"hostname":"fv-az36-757","name":"@waytrade/microservice-core","msg":"Starting HTTP Server on port 0"}
{"level":20,"time":1629534245323,"pid":5823,"hostname":"fv-az36-757","name":"@waytrade/microservice-core","msg":"HTTP Server listening on port 50741"}
{"level":20,"time":1629534245324,"pid":5823,"hostname":"fv-az36-757","name":"@waytrade/microservice-core","msg":"HTTP patch /api/test/error -> 418 (0ms)"}
{"level":20,"time":1629534245325,"pid":5823,"hostname":"fv-az36-757","name":"@waytrade/microservice-core","msg":"HTTP Server on port 50741 stopped"}
{"level":20,"time":1629534245326,"pid":5823,"hostname":"fv-az36-757","name":"@waytrade/microservice-core","msg":"Starting HTTP Server on port 0"}
{"level":20,"time":1629534245326,"pid":5823,"hostname":"fv-az36-757","name":"@waytrade/microservice-core","msg":"HTTP Server listening on port 48579"}
{"level":20,"time":1629534245335,"pid":5823,"hostname":"fv-az36-757","name":"@waytrade/microservice-core","msg":"HTTP delete /api/test/ -> 200 (0ms)"}
{"level":20,"time":1629534245337,"pid":5823,"hostname":"fv-az36-757","name":"@waytrade/microservice-core","msg":"HTTP Server on port 48579 stopped"}
{"level":20,"time":1629534245338,"pid":5823,"hostname":"fv-az36-757","name":"@waytrade/microservice-core","msg":"Starting HTTP Server on port 0"}
{"level":20,"time":1629534245338,"pid":5823,"hostname":"fv-az36-757","name":"@waytrade/microservice-core","msg":"HTTP Server listening on port 35947"}
{"level":20,"time":1629534245340,"pid":5823,"hostname":"fv-az36-757","name":"@waytrade/microservice-core","msg":"HTTP delete /api/test/error -> 418 (0ms)"}
{"level":20,"time":1629534245340,"pid":5823,"hostname":"fv-az36-757","name":"@waytrade/microservice-core","msg":"HTTP Server on port 35947 stopped"}
{"level":20,"time":1629534245865,"pid":5823,"hostname":"fv-az36-757","name":"@waytrade/microservice-core","msg":"Starting HTTP Server on port 0"}
{"level":20,"time":1629534245865,"pid":5823,"hostname":"fv-az36-757","name":"@waytrade/microservice-core","msg":"HTTP Server listening on port 34219"}
{"level":20,"time":1629534245880,"pid":5823,"hostname":"fv-az36-757","name":"@waytrade/microservice-core","msg":"HTTP get /api/test/ -> 200 (1ms)"}
{"level":20,"time":1629534245881,"pid":5823,"hostname":"fv-az36-757","name":"@waytrade/microservice-core","msg":"HTTP Server on port 34219 stopped"}
{"level":20,"time":1629534245882,"pid":5823,"hostname":"fv-az36-757","name":"@waytrade/microservice-core","msg":"Starting HTTP Server on port 0"}
{"level":20,"time":1629534245882,"pid":5823,"hostname":"fv-az36-757","name":"@waytrade/microservice-core","msg":"HTTP Server listening on port 40309"}
{"level":20,"time":1629534245884,"pid":5823,"hostname":"fv-az36-757","name":"@waytrade/microservice-core","msg":"HTTP get /api/test/notImplemented -> 501 (0ms)"}
{"level":20,"time":1629534245885,"pid":5823,"hostname":"fv-az36-757","name":"@waytrade/microservice-core","msg":"HTTP Server on port 40309 stopped"}
{"level":20,"time":1629534245886,"pid":5823,"hostname":"fv-az36-757","name":"@waytrade/microservice-core","msg":"Starting HTTP Server on port 0"}
{"level":20,"time":1629534245886,"pid":5823,"hostname":"fv-az36-757","name":"@waytrade/microservice-core","msg":"HTTP Server listening on port 48523"}
{"level":20,"time":1629534245889,"pid":5823,"hostname":"fv-az36-757","name":"@waytrade/microservice-core","msg":"HTTP put /api/test/ -> 200 (1ms)"}
{"level":20,"time":1629534245890,"pid":5823,"hostname":"fv-az36-757","name":"@waytrade/microservice-core","msg":"HTTP Server on port 48523 stopped"}
{"level":20,"time":1629534245890,"pid":5823,"hostname":"fv-az36-757","name":"@waytrade/microservice-core","msg":"Starting HTTP Server on port 0"}
{"level":20,"time":1629534245891,"pid":5823,"hostname":"fv-az36-757","name":"@waytrade/microservice-core","msg":"HTTP Server listening on port 41311"}
{"level":20,"time":1629534245892,"pid":5823,"hostname":"fv-az36-757","name":"@waytrade/microservice-core","msg":"HTTP put /api/test/notImplemented -> 501 (0ms)"}
{"level":20,"time":1629534245893,"pid":5823,"hostname":"fv-az36-757","name":"@waytrade/microservice-core","msg":"HTTP Server on port 41311 stopped"}
{"level":20,"time":1629534245894,"pid":5823,"hostname":"fv-az36-757","name":"@waytrade/microservice-core","msg":"Starting HTTP Server on port 0"}
{"level":20,"time":1629534245894,"pid":5823,"hostname":"fv-az36-757","name":"@waytrade/microservice-core","msg":"HTTP Server listening on port 59977"}
{"level":20,"time":1629534245896,"pid":5823,"hostname":"fv-az36-757","name":"@waytrade/microservice-core","msg":"HTTP post /api/test/ -> 200 (1ms)"}
{"level":20,"time":1629534245897,"pid":5823,"hostname":"fv-az36-757","name":"@waytrade/microservice-core","msg":"HTTP Server on port 59977 stopped"}
{"level":20,"time":1629534245898,"pid":5823,"hostname":"fv-az36-757","name":"@waytrade/microservice-core","msg":"Starting HTTP Server on port 0"}
{"level":20,"time":1629534245898,"pid":5823,"hostname":"fv-az36-757","name":"@waytrade/microservice-core","msg":"HTTP Server listening on port 38437"}
{"level":20,"time":1629534245900,"pid":5823,"hostname":"fv-az36-757","name":"@waytrade/microservice-core","msg":"HTTP post /api/test/notImplemented -> 501 (1ms)"}
{"level":20,"time":1629534245900,"pid":5823,"hostname":"fv-az36-757","name":"@waytrade/microservice-core","msg":"HTTP Server on port 38437 stopped"}
{"level":20,"time":1629534245901,"pid":5823,"hostname":"fv-az36-757","name":"@waytrade/microservice-core","msg":"Starting HTTP Server on port 0"}
{"level":20,"time":1629534245901,"pid":5823,"hostname":"fv-az36-757","name":"@waytrade/microservice-core","msg":"HTTP Server listening on port 60337"}
{"level":20,"time":1629534245903,"pid":5823,"hostname":"fv-az36-757","name":"@waytrade/microservice-core","msg":"HTTP patch /api/test/ -> 200 (1ms)"}
{"level":20,"time":1629534245904,"pid":5823,"hostname":"fv-az36-757","name":"@waytrade/microservice-core","msg":"HTTP Server on port 60337 stopped"}
{"level":20,"time":1629534245905,"pid":5823,"hostname":"fv-az36-757","name":"@waytrade/microservice-core","msg":"Starting HTTP Server on port 0"}
{"level":20,"time":1629534245905,"pid":5823,"hostname":"fv-az36-757","name":"@waytrade/microservice-core","msg":"HTTP Server listening on port 41161"}
{"level":20,"time":1629534245906,"pid":5823,"hostname":"fv-az36-757","name":"@waytrade/microservice-core","msg":"HTTP post /api/test/notImplemented -> 501 (0ms)"}
{"level":20,"time":1629534245908,"pid":5823,"hostname":"fv-az36-757","name":"@waytrade/microservice-core","msg":"HTTP Server on port 41161 stopped"}
{"level":20,"time":1629534245908,"pid":5823,"hostname":"fv-az36-757","name":"@waytrade/microservice-core","msg":"Starting HTTP Server on port 0"}
{"level":20,"time":1629534245908,"pid":5823,"hostname":"fv-az36-757","name":"@waytrade/microservice-core","msg":"HTTP Server listening on port 52169"}
{"level":20,"time":1629534245911,"pid":5823,"hostname":"fv-az36-757","name":"@waytrade/microservice-core","msg":"HTTP delete /api/test/ -> 200 (0ms)"}
{"level":20,"time":1629534245912,"pid":5823,"hostname":"fv-az36-757","name":"@waytrade/microservice-core","msg":"HTTP Server on port 52169 stopped"}
{"level":20,"time":1629534245912,"pid":5823,"hostname":"fv-az36-757","name":"@waytrade/microservice-core","msg":"Starting HTTP Server on port 0"}
{"level":20,"time":1629534245913,"pid":5823,"hostname":"fv-az36-757","name":"@waytrade/microservice-core","msg":"HTTP Server listening on port 45641"}
{"level":20,"time":1629534245914,"pid":5823,"hostname":"fv-az36-757","name":"@waytrade/microservice-core","msg":"HTTP post /api/test/notImplemented -> 501 (0ms)"}
{"level":20,"time":1629534245915,"pid":5823,"hostname":"fv-az36-757","name":"@waytrade/microservice-core","msg":"HTTP Server on port 45641 stopped"}
{"level":20,"time":1629534246404,"pid":5823,"hostname":"fv-az36-757","name":"@waytrade/microservice-core","msg":"Debug message"}
{"level":30,"time":1629534246404,"pid":5823,"hostname":"fv-az36-757","name":"@waytrade/microservice-core","msg":"Info message"}
{"level":40,"time":1629534246404,"pid":5823,"hostname":"fv-az36-757","name":"@waytrade/microservice-core","msg":"Warning message"}
{"level":50,"time":1629534246405,"pid":5823,"hostname":"fv-az36-757","name":"@waytrade/microservice-core","msg":"Error message"}
{"level":30,"time":1629534246406,"pid":5823,"hostname":"fv-az36-757","name":"@waytrade/microservice-core","msg":"Info message"}
{"level":40,"time":1629534246407,"pid":5823,"hostname":"fv-az36-757","name":"@waytrade/microservice-core","msg":"Warning message"}
{"level":50,"time":1629534246407,"pid":5823,"hostname":"fv-az36-757","name":"@waytrade/microservice-core","msg":"Error message"}
{"level":40,"time":1629534246408,"pid":5823,"hostname":"fv-az36-757","name":"@waytrade/microservice-core","msg":"Warning message"}
{"level":50,"time":1629534246409,"pid":5823,"hostname":"fv-az36-757","name":"@waytrade/microservice-core","msg":"Error message"}
{"level":50,"time":1629534246412,"pid":5823,"hostname":"fv-az36-757","name":"@waytrade/microservice-core","msg":"Error message"}
{"level":20,"time":1629534246418,"pid":5823,"hostname":"fv-az36-757","name":"@waytrade/microservice-core","msg":"Debug message"}
{"level":30,"time":1629534246419,"pid":5823,"hostname":"fv-az36-757","name":"@waytrade/microservice-core","msg":"Info message"}
{"level":40,"time":1629534246419,"pid":5823,"hostname":"fv-az36-757","name":"@waytrade/microservice-core","msg":"Warning message"}
{"level":50,"time":1629534246420,"pid":5823,"hostname":"fv-az36-757","name":"@waytrade/microservice-core","msg":"Error message"}
{"level":20,"time":1629534246864,"pid":5823,"hostname":"fv-az36-757","name":"@waytrade/microservice-core","msg":"Starting HTTP Server on port 0"}
{"level":20,"time":1629534246864,"pid":5823,"hostname":"fv-az36-757","name":"@waytrade/microservice-core","msg":"HTTP Server listening on port 51371"}
{"level":20,"time":1629534246877,"pid":5823,"hostname":"fv-az36-757","name":"@waytrade/microservice-core","msg":"HTTP Server on port 51371 stopped"}
{"level":20,"time":1629534246878,"pid":5823,"hostname":"fv-az36-757","name":"@waytrade/microservice-core","msg":"Starting HTTP Server on port 0"}
{"level":20,"time":1629534246879,"pid":5823,"hostname":"fv-az36-757","name":"@waytrade/microservice-core","msg":"HTTP Server listening on port 52621"}
{"level":20,"time":1629534246883,"pid":5823,"hostname":"fv-az36-757","name":"@waytrade/microservice-core","msg":"HTTP Server on port 52621 stopped"}
{"level":20,"time":1629534246884,"pid":5823,"hostname":"fv-az36-757","name":"@waytrade/microservice-core","msg":"Starting HTTP Server on port 0"}
{"level":20,"time":1629534246884,"pid":5823,"hostname":"fv-az36-757","name":"@waytrade/microservice-core","msg":"HTTP Server listening on port 55943"}
{"level":50,"time":1629534246886,"pid":5823,"hostname":"fv-az36-757","name":"@waytrade/microservice-core","msg":"Binary data on websocket not supported."}
{"level":20,"time":1629534247886,"pid":5823,"hostname":"fv-az36-757","name":"@waytrade/microservice-core","msg":"HTTP Server on port 55943 stopped"}
{"level":20,"time":1629534247887,"pid":5823,"hostname":"fv-az36-757","name":"@waytrade/microservice-core","msg":"Starting HTTP Server on port 0"}
{"level":20,"time":1629534247888,"pid":5823,"hostname":"fv-az36-757","name":"@waytrade/microservice-core","msg":"HTTP Server listening on port 43809"}
{"level":20,"time":1629534247892,"pid":5823,"hostname":"fv-az36-757","name":"@waytrade/microservice-core","msg":"HTTP Server on port 43809 stopped"}
{"level":20,"time":1629534247892,"pid":5823,"hostname":"fv-az36-757","name":"@waytrade/microservice-core","msg":"Starting HTTP Server on port 0"}
{"level":20,"time":1629534247893,"pid":5823,"hostname":"fv-az36-757","name":"@waytrade/microservice-core","msg":"HTTP Server listening on port 60579"}
{"level":20,"time":1629534248897,"pid":5823,"hostname":"fv-az36-757","name":"@waytrade/microservice-core","msg":"HTTP Server on port 60579 stopped"}
{"level":20,"time":1629534248898,"pid":5823,"hostname":"fv-az36-757","name":"@waytrade/microservice-core","msg":"Starting HTTP Server on port 0"}
{"level":20,"time":1629534248898,"pid":5823,"hostname":"fv-az36-757","name":"@waytrade/microservice-core","msg":"HTTP Server listening on port 50455"}
{"level":20,"time":1629534249084,"pid":5823,"hostname":"fv-az36-757","name":"@waytrade/microservice-core","msg":"HTTP Server on port 50455 stopped"}
{"level":20,"time":1629534249085,"pid":5823,"hostname":"fv-az36-757","name":"@waytrade/microservice-core","msg":"Starting HTTP Server on port 0"}
{"level":20,"time":1629534249086,"pid":5823,"hostname":"fv-az36-757","name":"@waytrade/microservice-core","msg":"HTTP Server listening on port 45325"}
{"level":20,"time":1629534249334,"pid":5823,"hostname":"fv-az36-757","name":"@waytrade/microservice-core","msg":"HTTP Server on port 45325 stopped"}
{"level":30,"time":1629534249719,"pid":5823,"hostname":"fv-az36-757","name":"@waytrade/microservice-core","msg":"Starting App..."}
{"level":20,"time":1629534249719,"pid":5823,"hostname":"fv-az36-757","name":"@waytrade/microservice-core","msg":"Starting HTTP Server on port 0"}
{"level":20,"time":1629534249720,"pid":5823,"hostname":"fv-az36-757","name":"@waytrade/microservice-core","msg":"HTTP Server listening on port 52035"}
{"level":30,"time":1629534249721,"pid":5823,"hostname":"fv-az36-757","name":"@waytrade/microservice-core","msg":"API Server started at port 52035"}
{"level":20,"time":1629534249721,"pid":5823,"hostname":"fv-az36-757","name":"@waytrade/microservice-core","msg":"HTTP Server on port 52035 stopped"}
{"level":30,"time":1629534249721,"pid":5823,"hostname":"fv-az36-757","name":"@waytrade/microservice-core","msg":"App stopped."}
{"level":30,"time":1629534249723,"pid":5823,"hostname":"fv-az36-757","name":"@waytrade/microservice-core","msg":"Starting App..."}
{"level":20,"time":1629534249723,"pid":5823,"hostname":"fv-az36-757","name":"@waytrade/microservice-core","msg":"Starting HTTP Server on port 0"}
{"level":20,"time":1629534249723,"pid":5823,"hostname":"fv-az36-757","name":"@waytrade/microservice-core","msg":"HTTP Server listening on port 57081"}
{"level":30,"time":1629534249723,"pid":5823,"hostname":"fv-az36-757","name":"@waytrade/microservice-core","msg":"API Server started at port 57081"}
{"level":20,"time":1629534249724,"pid":5823,"hostname":"fv-az36-757","name":"@waytrade/microservice-core","msg":"HTTP Server on port 57081 stopped"}
{"level":30,"time":1629534249724,"pid":5823,"hostname":"fv-az36-757","name":"@waytrade/microservice-core","msg":"App stopped."}
{"level":30,"time":1629534249727,"pid":5823,"hostname":"fv-az36-757","name":"@waytrade/microservice-core","msg":"Starting App..."}
{"level":20,"time":1629534249727,"pid":5823,"hostname":"fv-az36-757","name":"@waytrade/microservice-core","msg":"Starting HTTP Server on port 0"}
{"level":20,"time":1629534249728,"pid":5823,"hostname":"fv-az36-757","name":"@waytrade/microservice-core","msg":"HTTP Server listening on port 52417"}
{"level":30,"time":1629534249728,"pid":5823,"hostname":"fv-az36-757","name":"@waytrade/microservice-core","msg":"API Server started at port 52417"}
{"level":20,"time":1629534249728,"pid":5823,"hostname":"fv-az36-757","name":"@waytrade/microservice-core","msg":"HTTP Server on port 52417 stopped"}
{"level":30,"time":1629534249728,"pid":5823,"hostname":"fv-az36-757","name":"@waytrade/microservice-core","msg":"App stopped."}
{"level":30,"time":1629534249729,"pid":5823,"hostname":"fv-az36-757","name":"@waytrade/microservice-core","msg":"Starting App..."}
{"level":20,"time":1629534249730,"pid":5823,"hostname":"fv-az36-757","name":"@waytrade/microservice-core","msg":"Starting HTTP Server on port 0"}
{"level":20,"time":1629534249730,"pid":5823,"hostname":"fv-az36-757","name":"@waytrade/microservice-core","msg":"HTTP Server listening on port 50003"}
{"level":30,"time":1629534249730,"pid":5823,"hostname":"fv-az36-757","name":"@waytrade/microservice-core","msg":"API Server started at port 50003"}
{"level":20,"time":1629534249730,"pid":5823,"hostname":"fv-az36-757","name":"@waytrade/microservice-core","msg":"HTTP Server on port 50003 stopped"}
{"level":30,"time":1629534249730,"pid":5823,"hostname":"fv-az36-757","name":"@waytrade/microservice-core","msg":"App stopped."}
{"level":30,"time":1629534249732,"pid":5823,"hostname":"fv-az36-757","name":"@waytrade/microservice-core","msg":"Starting App..."}
{"level":20,"time":1629534249733,"pid":5823,"hostname":"fv-az36-757","name":"@waytrade/microservice-core","msg":"Starting HTTP Server on port 0"}
{"level":20,"time":1629534249733,"pid":5823,"hostname":"fv-az36-757","name":"@waytrade/microservice-core","msg":"HTTP Server listening on port 55821"}
{"level":30,"time":1629534249733,"pid":5823,"hostname":"fv-az36-757","name":"@waytrade/microservice-core","msg":"API Server started at port 55821"}
{"level":20,"time":1629534249734,"pid":5823,"hostname":"fv-az36-757","name":"@waytrade/microservice-core","msg":"HTTP Server on port 55821 stopped"}
{"level":30,"time":1629534249734,"pid":5823,"hostname":"fv-az36-757","name":"@waytrade/microservice-core","msg":"App stopped."}
{"level":30,"time":1629534249736,"pid":5823,"hostname":"fv-az36-757","name":"@waytrade/microservice-core","msg":"Starting App..."}
{"level":20,"time":1629534249737,"pid":5823,"hostname":"fv-az36-757","name":"@waytrade/microservice-core","msg":"Starting HTTP Server on port 0"}
{"level":20,"time":1629534249737,"pid":5823,"hostname":"fv-az36-757","name":"@waytrade/microservice-core","msg":"HTTP Server listening on port 37177"}
{"level":30,"time":1629534249737,"pid":5823,"hostname":"fv-az36-757","name":"@waytrade/microservice-core","msg":"API Server started at port 37177"}
{"level":20,"time":1629534249742,"pid":5823,"hostname":"fv-az36-757","name":"@waytrade/microservice-core","msg":"HTTP get /test/get/ -> 200 (0ms)"}
{"level":20,"time":1629534249743,"pid":5823,"hostname":"fv-az36-757","name":"@waytrade/microservice-core","msg":"HTTP Server on port 37177 stopped"}
{"level":30,"time":1629534249743,"pid":5823,"hostname":"fv-az36-757","name":"@waytrade/microservice-core","msg":"App stopped."}
{"level":30,"time":1629534249745,"pid":5823,"hostname":"fv-az36-757","name":"@waytrade/microservice-core","msg":"Starting App..."}
{"level":20,"time":1629534249745,"pid":5823,"hostname":"fv-az36-757","name":"@waytrade/microservice-core","msg":"Starting HTTP Server on port 0"}
{"level":20,"time":1629534249746,"pid":5823,"hostname":"fv-az36-757","name":"@waytrade/microservice-core","msg":"HTTP Server listening on port 33533"}
{"level":30,"time":1629534249746,"pid":5823,"hostname":"fv-az36-757","name":"@waytrade/microservice-core","msg":"API Server started at port 33533"}
{"level":20,"time":1629534249746,"pid":5823,"hostname":"fv-az36-757","name":"@waytrade/microservice-core","msg":"Debug message"}
{"level":30,"time":1629534249746,"pid":5823,"hostname":"fv-az36-757","name":"@waytrade/microservice-core","msg":"Info message"}
{"level":40,"time":1629534249746,"pid":5823,"hostname":"fv-az36-757","name":"@waytrade/microservice-core","msg":"Warning message"}
{"level":50,"time":1629534249746,"pid":5823,"hostname":"fv-az36-757","name":"@waytrade/microservice-core","msg":"Error message"}
{"level":20,"time":1629534249746,"pid":5823,"hostname":"fv-az36-757","name":"@waytrade/microservice-core","msg":"HTTP Server on port 33533 stopped"}
{"level":30,"time":1629534249746,"pid":5823,"hostname":"fv-az36-757","name":"@waytrade/microservice-core","msg":"App stopped."}
{"level":30,"time":1629534250140,"pid":5823,"hostname":"fv-az36-757","name":"@waytrade/microservice-core","msg":"Starting App..."}
{"level":20,"time":1629534250141,"pid":5823,"hostname":"fv-az36-757","name":"@waytrade/microservice-core","msg":"Starting HTTP Server on port 0"}
{"level":20,"time":1629534250141,"pid":5823,"hostname":"fv-az36-757","name":"@waytrade/microservice-core","msg":"HTTP Server listening on port 49611"}
{"level":20,"time":1629534250141,"pid":5823,"hostname":"fv-az36-757","name":"@waytrade/microservice-core","msg":"Starting HTTP Server on port 0"}
{"level":20,"time":1629534250142,"pid":5823,"hostname":"fv-az36-757","name":"@waytrade/microservice-core","msg":"HTTP Server listening on port 53319"}
{"level":30,"time":1629534250142,"pid":5823,"hostname":"fv-az36-757","name":"@waytrade/microservice-core","msg":"API Server started at port 49611"}
{"level":30,"time":1629534250142,"pid":5823,"hostname":"fv-az36-757","name":"@waytrade/microservice-core","msg":"Webhook Callback Server started at port 53319"}
{"level":20,"time":1629534250143,"pid":5823,"hostname":"fv-az36-757","name":"@waytrade/microservice-core","msg":"HTTP Server on port 49611 stopped"}
{"level":20,"time":1629534250143,"pid":5823,"hostname":"fv-az36-757","name":"@waytrade/microservice-core","msg":"HTTP Server on port 53319 stopped"}
{"level":30,"time":1629534250143,"pid":5823,"hostname":"fv-az36-757","name":"@waytrade/microservice-core","msg":"App stopped."}
{"level":30,"time":1629534250145,"pid":5823,"hostname":"fv-az36-757","name":"@waytrade/microservice-core","msg":"Starting App..."}
{"level":20,"time":1629534250146,"pid":5823,"hostname":"fv-az36-757","name":"@waytrade/microservice-core","msg":"Starting HTTP Server on port 0"}
{"level":20,"time":1629534250146,"pid":5823,"hostname":"fv-az36-757","name":"@waytrade/microservice-core","msg":"HTTP Server listening on port 57597"}
{"level":20,"time":1629534250146,"pid":5823,"hostname":"fv-az36-757","name":"@waytrade/microservice-core","msg":"Starting HTTP Server on port 0"}
{"level":20,"time":1629534250146,"pid":5823,"hostname":"fv-az36-757","name":"@waytrade/microservice-core","msg":"HTTP Server listening on port 33911"}
{"level":30,"time":1629534250146,"pid":5823,"hostname":"fv-az36-757","name":"@waytrade/microservice-core","msg":"API Server started at port 57597"}
{"level":30,"time":1629534250146,"pid":5823,"hostname":"fv-az36-757","name":"@waytrade/microservice-core","msg":"Webhook Callback Server started at port 33911"}
{"level":20,"time":1629534250147,"pid":5823,"hostname":"fv-az36-757","name":"@waytrade/microservice-core","msg":"HTTP Server on port 57597 stopped"}
{"level":20,"time":1629534250147,"pid":5823,"hostname":"fv-az36-757","name":"@waytrade/microservice-core","msg":"HTTP Server on port 33911 stopped"}
{"level":30,"time":1629534250147,"pid":5823,"hostname":"fv-az36-757","name":"@waytrade/microservice-core","msg":"App stopped."}
{"level":30,"time":1629534250158,"pid":5823,"hostname":"fv-az36-757","name":"@waytrade/microservice-core","msg":"Starting App..."}
{"level":20,"time":1629534250159,"pid":5823,"hostname":"fv-az36-757","name":"@waytrade/microservice-core","msg":"Starting HTTP Server on port 0"}
{"level":20,"time":1629534250159,"pid":5823,"hostname":"fv-az36-757","name":"@waytrade/microservice-core","msg":"HTTP Server listening on port 46049"}
{"level":20,"time":1629534250159,"pid":5823,"hostname":"fv-az36-757","name":"@waytrade/microservice-core","msg":"Starting HTTP Server on port 0"}
{"level":20,"time":1629534250159,"pid":5823,"hostname":"fv-az36-757","name":"@waytrade/microservice-core","msg":"HTTP Server listening on port 45909"}
{"level":20,"time":1629534250160,"pid":5823,"hostname":"fv-az36-757","name":"@waytrade/microservice-core","msg":"HTTP Server on port 46049 stopped"}
{"level":20,"time":1629534250160,"pid":5823,"hostname":"fv-az36-757","name":"@waytrade/microservice-core","msg":"HTTP Server on port 45909 stopped"}
{"level":30,"time":1629534250160,"pid":5823,"hostname":"fv-az36-757","name":"@waytrade/microservice-core","msg":"App stopped."}
{"level":30,"time":1629534250163,"pid":5823,"hostname":"fv-az36-757","name":"@waytrade/microservice-core","msg":"Starting App..."}
{"level":20,"time":1629534250163,"pid":5823,"hostname":"fv-az36-757","name":"@waytrade/microservice-core","msg":"Starting HTTP Server on port 0"}
{"level":20,"time":1629534250164,"pid":5823,"hostname":"fv-az36-757","name":"@waytrade/microservice-core","msg":"HTTP Server listening on port 60287"}
{"level":20,"time":1629534250164,"pid":5823,"hostname":"fv-az36-757","name":"@waytrade/microservice-core","msg":"Starting HTTP Server on port 0"}
{"level":20,"time":1629534250165,"pid":5823,"hostname":"fv-az36-757","name":"@waytrade/microservice-core","msg":"HTTP Server listening on port 59469"}
{"level":20,"time":1629534250165,"pid":5823,"hostname":"fv-az36-757","name":"@waytrade/microservice-core","msg":"HTTP Server on port 60287 stopped"}
{"level":20,"time":1629534250165,"pid":5823,"hostname":"fv-az36-757","name":"@waytrade/microservice-core","msg":"HTTP Server on port 59469 stopped"}
{"level":30,"time":1629534250165,"pid":5823,"hostname":"fv-az36-757","name":"@waytrade/microservice-core","msg":"App stopped."}
{"level":30,"time":1629534250166,"pid":5823,"hostname":"fv-az36-757","name":"@waytrade/microservice-core","msg":"Starting App..."}
{"level":20,"time":1629534250167,"pid":5823,"hostname":"fv-az36-757","name":"@waytrade/microservice-core","msg":"Starting HTTP Server on port 0"}
{"level":20,"time":1629534250167,"pid":5823,"hostname":"fv-az36-757","name":"@waytrade/microservice-core","msg":"HTTP Server listening on port 59289"}
{"level":20,"time":1629534250167,"pid":5823,"hostname":"fv-az36-757","name":"@waytrade/microservice-core","msg":"Starting HTTP Server on port 0"}
{"level":20,"time":1629534250167,"pid":5823,"hostname":"fv-az36-757","name":"@waytrade/microservice-core","msg":"HTTP Server listening on port 34037"}
{"level":20,"time":1629534250168,"pid":5823,"hostname":"fv-az36-757","name":"@waytrade/microservice-core","msg":"HTTP Server on port 59289 stopped"}
{"level":20,"time":1629534250168,"pid":5823,"hostname":"fv-az36-757","name":"@waytrade/microservice-core","msg":"HTTP Server on port 34037 stopped"}
{"level":30,"time":1629534250168,"pid":5823,"hostname":"fv-az36-757","name":"@waytrade/microservice-core","msg":"App stopped."}
{"level":30,"time":1629534250169,"pid":5823,"hostname":"fv-az36-757","name":"@waytrade/microservice-core","msg":"Starting App..."}
{"level":20,"time":1629534250169,"pid":5823,"hostname":"fv-az36-757","name":"@waytrade/microservice-core","msg":"Starting HTTP Server on port 0"}
{"level":20,"time":1629534250169,"pid":5823,"hostname":"fv-az36-757","name":"@waytrade/microservice-core","msg":"HTTP Server listening on port 53417"}
{"level":20,"time":1629534250169,"pid":5823,"hostname":"fv-az36-757","name":"@waytrade/microservice-core","msg":"Starting HTTP Server on port 0"}
{"level":20,"time":1629534250170,"pid":5823,"hostname":"fv-az36-757","name":"@waytrade/microservice-core","msg":"HTTP Server listening on port 33333"}
{"level":20,"time":1629534250170,"pid":5823,"hostname":"fv-az36-757","name":"@waytrade/microservice-core","msg":"HTTP Server on port 53417 stopped"}
{"level":20,"time":1629534250170,"pid":5823,"hostname":"fv-az36-757","name":"@waytrade/microservice-core","msg":"HTTP Server on port 33333 stopped"}
{"level":30,"time":1629534250170,"pid":5823,"hostname":"fv-az36-757","name":"@waytrade/microservice-core","msg":"App stopped."}
{"level":30,"time":1629534250608,"pid":5823,"hostname":"fv-az36-757","name":"@waytrade/microservice-core","msg":"Starting App..."}
{"level":20,"time":1629534250609,"pid":5823,"hostname":"fv-az36-757","name":"@waytrade/microservice-core","msg":"Starting HTTP Server on port 0"}
{"level":20,"time":1629534250609,"pid":5823,"hostname":"fv-az36-757","name":"@waytrade/microservice-core","msg":"HTTP Server listening on port 50573"}
{"level":30,"time":1629534250610,"pid":5823,"hostname":"fv-az36-757","name":"@waytrade/microservice-core","msg":"API Server started at port 50573"}
{"level":20,"time":1629534250611,"pid":5823,"hostname":"fv-az36-757","name":"@waytrade/microservice-core","msg":"HTTP Server on port 50573 stopped"}
{"level":30,"time":1629534250611,"pid":5823,"hostname":"fv-az36-757","name":"@waytrade/microservice-core","msg":"App stopped."}
{"level":30,"time":1629534250612,"pid":5823,"hostname":"fv-az36-757","name":"@waytrade/microservice-core","msg":"Starting App..."}
{"level":20,"time":1629534250613,"pid":5823,"hostname":"fv-az36-757","name":"@waytrade/microservice-core","msg":"Starting HTTP Server on port 0"}
{"level":20,"time":1629534250613,"pid":5823,"hostname":"fv-az36-757","name":"@waytrade/microservice-core","msg":"HTTP Server listening on port 37589"}
{"level":30,"time":1629534250613,"pid":5823,"hostname":"fv-az36-757","name":"@waytrade/microservice-core","msg":"API Server started at port 37589"}
{"level":20,"time":1629534250614,"pid":5823,"hostname":"fv-az36-757","name":"@waytrade/microservice-core","msg":"HTTP Server on port 37589 stopped"}
{"level":30,"time":1629534250614,"pid":5823,"hostname":"fv-az36-757","name":"@waytrade/microservice-core","msg":"App stopped."}
{"level":30,"time":1629534250616,"pid":5823,"hostname":"fv-az36-757","name":"@waytrade/microservice-core","msg":"Starting App..."}
{"level":20,"time":1629534250617,"pid":5823,"hostname":"fv-az36-757","name":"@waytrade/microservice-core","msg":"Starting HTTP Server on port 0"}
{"level":20,"time":1629534250617,"pid":5823,"hostname":"fv-az36-757","name":"@waytrade/microservice-core","msg":"HTTP Server listening on port 58871"}
{"level":20,"time":1629534250617,"pid":5823,"hostname":"fv-az36-757","name":"@waytrade/microservice-core","msg":"HTTP Server on port 58871 stopped"}
{"level":30,"time":1629534250617,"pid":5823,"hostname":"fv-az36-757","name":"@waytrade/microservice-core","msg":"App stopped."}
{"level":30,"time":1629534250619,"pid":5823,"hostname":"fv-az36-757","name":"@waytrade/microservice-core","msg":"Starting App..."}
{"level":20,"time":1629534250619,"pid":5823,"hostname":"fv-az36-757","name":"@waytrade/microservice-core","msg":"Starting HTTP Server on port 0"}
{"level":20,"time":1629534250620,"pid":5823,"hostname":"fv-az36-757","name":"@waytrade/microservice-core","msg":"HTTP Server listening on port 59463"}
{"level":20,"time":1629534250620,"pid":5823,"hostname":"fv-az36-757","name":"@waytrade/microservice-core","msg":"HTTP Server on port 59463 stopped"}
{"level":30,"time":1629534250620,"pid":5823,"hostname":"fv-az36-757","name":"@waytrade/microservice-core","msg":"App stopped."}
{"level":30,"time":1629534250622,"pid":5823,"hostname":"fv-az36-757","name":"@waytrade/microservice-core","msg":"Starting App..."}
{"level":20,"time":1629534250622,"pid":5823,"hostname":"fv-az36-757","name":"@waytrade/microservice-core","msg":"Starting HTTP Server on port 0"}
{"level":20,"time":1629534250622,"pid":5823,"hostname":"fv-az36-757","name":"@waytrade/microservice-core","msg":"HTTP Server listening on port 55887"}
{"level":20,"time":1629534250622,"pid":5823,"hostname":"fv-az36-757","name":"@waytrade/microservice-core","msg":"HTTP Server on port 55887 stopped"}
{"level":30,"time":1629534250622,"pid":5823,"hostname":"fv-az36-757","name":"@waytrade/microservice-core","msg":"App stopped."}
{"level":30,"time":1629534250624,"pid":5823,"hostname":"fv-az36-757","name":"@waytrade/microservice-core","msg":"Starting App..."}
{"level":20,"time":1629534250624,"pid":5823,"hostname":"fv-az36-757","name":"@waytrade/microservice-core","msg":"Starting HTTP Server on port 0"}
{"level":20,"time":1629534250624,"pid":5823,"hostname":"fv-az36-757","name":"@waytrade/microservice-core","msg":"HTTP Server listening on port 47187"}
{"level":20,"time":1629534250624,"pid":5823,"hostname":"fv-az36-757","name":"@waytrade/microservice-core","msg":"HTTP Server on port 47187 stopped"}
{"level":30,"time":1629534250624,"pid":5823,"hostname":"fv-az36-757","name":"@waytrade/microservice-core","msg":"App stopped."}
{"level":30,"time":1629534250987,"pid":5823,"hostname":"fv-az36-757","name":"@waytrade/microservice-core","msg":"Starting App..."}
{"level":20,"time":1629534250988,"pid":5823,"hostname":"fv-az36-757","name":"@waytrade/microservice-core","msg":"Starting HTTP Server on port 0"}
{"level":20,"time":1629534250988,"pid":5823,"hostname":"fv-az36-757","name":"@waytrade/microservice-core","msg":"HTTP Server listening on port 60327"}
{"level":30,"time":1629534250988,"pid":5823,"hostname":"fv-az36-757","name":"@waytrade/microservice-core","msg":"API Server started at port 60327"}
{"level":20,"time":1629534250989,"pid":5823,"hostname":"fv-az36-757","name":"@waytrade/microservice-core","msg":"HTTP Server on port 60327 stopped"}
{"level":30,"time":1629534250989,"pid":5823,"hostname":"fv-az36-757","name":"@waytrade/microservice-core","msg":"App stopped."}
{"level":30,"time":1629534250991,"pid":5823,"hostname":"fv-az36-757","name":"@waytrade/microservice-core","msg":"Starting App..."}
{"level":20,"time":1629534250991,"pid":5823,"hostname":"fv-az36-757","name":"@waytrade/microservice-core","msg":"Starting HTTP Server on port 0"}
{"level":20,"time":1629534250992,"pid":5823,"hostname":"fv-az36-757","name":"@waytrade/microservice-core","msg":"HTTP Server listening on port 53679"}
{"level":30,"time":1629534250992,"pid":5823,"hostname":"fv-az36-757","name":"@waytrade/microservice-core","msg":"API Server started at port 53679"}
{"level":20,"time":1629534250993,"pid":5823,"hostname":"fv-az36-757","name":"@waytrade/microservice-core","msg":"HTTP Server on port 53679 stopped"}
{"level":30,"time":1629534250993,"pid":5823,"hostname":"fv-az36-757","name":"@waytrade/microservice-core","msg":"App stopped."}
{"level":30,"time":1629534250995,"pid":5823,"hostname":"fv-az36-757","name":"@waytrade/microservice-core","msg":"Starting App..."}
{"level":30,"time":1629534250995,"pid":5823,"hostname":"fv-az36-757","name":"@waytrade/microservice-core","msg":"App stopped."}
{"level":30,"time":1629534250997,"pid":5823,"hostname":"fv-az36-757","name":"@waytrade/microservice-core","msg":"Starting App..."}
{"level":30,"time":1629534250997,"pid":5823,"hostname":"fv-az36-757","name":"@waytrade/microservice-core","msg":"App stopped."}
{"level":30,"time":1629534250998,"pid":5823,"hostname":"fv-az36-757","name":"@waytrade/microservice-core","msg":"Starting App..."}
{"level":30,"time":1629534250999,"pid":5823,"hostname":"fv-az36-757","name":"@waytrade/microservice-core","msg":"App stopped."}
{"level":30,"time":1629534251015,"pid":5823,"hostname":"fv-az36-757","name":"@waytrade/microservice-core","msg":"Starting App..."}
{"level":30,"time":1629534251016,"pid":5823,"hostname":"fv-az36-757","name":"@waytrade/microservice-core","msg":"App stopped."}
{"level":20,"time":1629534251404,"pid":5823,"hostname":"fv-az36-757","name":"@waytrade/microservice-core","msg":"Starting HTTP Server on port 0"}
{"level":20,"time":1629534251405,"pid":5823,"hostname":"fv-az36-757","name":"@waytrade/microservice-core","msg":"HTTP Server listening on port 38383"}
{"level":20,"time":1629534251405,"pid":5823,"hostname":"fv-az36-757","name":"@waytrade/microservice-core","msg":"HTTP Server on port 38383 stopped"}
{"level":20,"time":1629534251406,"pid":5823,"hostname":"fv-az36-757","name":"@waytrade/microservice-core","msg":"Starting HTTP Server on port 3999"}
{"level":20,"time":1629534251406,"pid":5823,"hostname":"fv-az36-757","name":"@waytrade/microservice-core","msg":"HTTP Server listening on port 3999"}
{"level":20,"time":1629534251406,"pid":5823,"hostname":"fv-az36-757","name":"@waytrade/microservice-core","msg":"HTTP Server on port 3999 stopped"}
{"level":20,"time":1629534251416,"pid":5823,"hostname":"fv-az36-757","name":"@waytrade/microservice-core","msg":"Starting HTTP Server on port 0"}
{"level":20,"time":1629534251416,"pid":5823,"hostname":"fv-az36-757","name":"@waytrade/microservice-core","msg":"HTTP Server listening on port 58559"}
{"level":20,"time":1629534251421,"pid":5823,"hostname":"fv-az36-757","name":"@waytrade/microservice-core","msg":"/some/invalid/path not found."}
{"level":20,"time":1629534251422,"pid":5823,"hostname":"fv-az36-757","name":"@waytrade/microservice-core","msg":"HTTP Server on port 58559 stopped"}
{"level":20,"time":1629534251423,"pid":5823,"hostname":"fv-az36-757","name":"@waytrade/microservice-core","msg":"Starting HTTP Server on port 0"}
{"level":20,"time":1629534251424,"pid":5823,"hostname":"fv-az36-757","name":"@waytrade/microservice-core","msg":"HTTP Server listening on port 39155"}
{"level":20,"time":1629534251426,"pid":5823,"hostname":"fv-az36-757","name":"@waytrade/microservice-core","msg":"HTTP Server on port 39155 stopped"}
{"level":20,"time":1629534251427,"pid":5823,"hostname":"fv-az36-757","name":"@waytrade/microservice-core","msg":"Starting HTTP Server on port 0"}
{"level":20,"time":1629534251427,"pid":5823,"hostname":"fv-az36-757","name":"@waytrade/microservice-core","msg":"HTTP Server listening on port 35141"}
{"level":20,"time":1629534251429,"pid":5823,"hostname":"fv-az36-757","name":"@waytrade/microservice-core","msg":"HTTP Server on port 35141 stopped"}
{"level":20,"time":1629534251430,"pid":5823,"hostname":"fv-az36-757","name":"@waytrade/microservice-core","msg":"Starting HTTP Server on port 0"}
{"level":20,"time":1629534251430,"pid":5823,"hostname":"fv-az36-757","name":"@waytrade/microservice-core","msg":"HTTP Server listening on port 39539"}
{"level":20,"time":1629534251432,"pid":5823,"hostname":"fv-az36-757","name":"@waytrade/microservice-core","msg":"HTTP get /api/dummy/customResponseHeader -> 200 (0ms)"}
{"level":20,"time":1629534251433,"pid":5823,"hostname":"fv-az36-757","name":"@waytrade/microservice-core","msg":"HTTP Server on port 39539 stopped"}
{"level":30,"time":1629534251797,"pid":5823,"hostname":"fv-az36-757","name":"@waytrade/microservice-core","msg":"Starting App..."}
{"level":20,"time":1629534251797,"pid":5823,"hostname":"fv-az36-757","name":"@waytrade/microservice-core","msg":"Starting HTTP Server on port 0"}
{"level":20,"time":1629534251797,"pid":5823,"hostname":"fv-az36-757","name":"@waytrade/microservice-core","msg":"HTTP Server listening on port 57281"}
{"level":20,"time":1629534251798,"pid":5823,"hostname":"fv-az36-757","name":"@waytrade/microservice-core","msg":"Starting HTTP Server on port 0"}
{"level":20,"time":1629534251798,"pid":5823,"hostname":"fv-az36-757","name":"@waytrade/microservice-core","msg":"HTTP Server listening on port 33961"}
{"level":30,"time":1629534251798,"pid":5823,"hostname":"fv-az36-757","name":"@waytrade/microservice-core","msg":"API Server started at port 57281"}
{"level":30,"time":1629534251798,"pid":5823,"hostname":"fv-az36-757","name":"@waytrade/microservice-core","msg":"Webhook Callback Server started at port 33961"}
{"level":20,"time":1629534251814,"pid":5823,"hostname":"fv-az36-757","name":"@waytrade/microservice-core","msg":"HTTP get /api/ -> 200 (0ms)"}
{"level":20,"time":1629534251816,"pid":5823,"hostname":"fv-az36-757","name":"@waytrade/microservice-core","msg":"HTTP Server on port 57281 stopped"}
{"level":20,"time":1629534251816,"pid":5823,"hostname":"fv-az36-757","name":"@waytrade/microservice-core","msg":"HTTP Server on port 33961 stopped"}
{"level":30,"time":1629534251816,"pid":5823,"hostname":"fv-az36-757","name":"@waytrade/microservice-core","msg":"App stopped."}
{"level":30,"time":1629534251817,"pid":5823,"hostname":"fv-az36-757","name":"@waytrade/microservice-core","msg":"Starting App..."}
{"level":20,"time":1629534251818,"pid":5823,"hostname":"fv-az36-757","name":"@waytrade/microservice-core","msg":"Starting HTTP Server on port 0"}
{"level":20,"time":1629534251818,"pid":5823,"hostname":"fv-az36-757","name":"@waytrade/microservice-core","msg":"HTTP Server listening on port 32991"}
{"level":20,"time":1629534251818,"pid":5823,"hostname":"fv-az36-757","name":"@waytrade/microservice-core","msg":"Starting HTTP Server on port 0"}
{"level":20,"time":1629534251818,"pid":5823,"hostname":"fv-az36-757","name":"@waytrade/microservice-core","msg":"HTTP Server listening on port 52667"}
{"level":30,"time":1629534251818,"pid":5823,"hostname":"fv-az36-757","name":"@waytrade/microservice-core","msg":"API Server started at port 32991"}
{"level":30,"time":1629534251818,"pid":5823,"hostname":"fv-az36-757","name":"@waytrade/microservice-core","msg":"Webhook Callback Server started at port 52667"}
{"level":20,"time":1629534251820,"pid":5823,"hostname":"fv-az36-757","name":"@waytrade/microservice-core","msg":"HTTP get / -> 200 (0ms)"}
{"level":20,"time":1629534251821,"pid":5823,"hostname":"fv-az36-757","name":"@waytrade/microservice-core","msg":"HTTP Server on port 32991 stopped"}
{"level":20,"time":1629534251821,"pid":5823,"hostname":"fv-az36-757","name":"@waytrade/microservice-core","msg":"HTTP Server on port 52667 stopped"}
{"level":30,"time":1629534251821,"pid":5823,"hostname":"fv-az36-757","name":"@waytrade/microservice-core","msg":"App stopped."}
{"level":30,"time":1629534251822,"pid":5823,"hostname":"fv-az36-757","name":"@waytrade/microservice-core","msg":"Starting App..."}
{"level":20,"time":1629534251823,"pid":5823,"hostname":"fv-az36-757","name":"@waytrade/microservice-core","msg":"Starting HTTP Server on port 0"}
{"level":20,"time":1629534251823,"pid":5823,"hostname":"fv-az36-757","name":"@waytrade/microservice-core","msg":"HTTP Server listening on port 36803"}
{"level":20,"time":1629534251823,"pid":5823,"hostname":"fv-az36-757","name":"@waytrade/microservice-core","msg":"Starting HTTP Server on port 0"}
{"level":20,"time":1629534251823,"pid":5823,"hostname":"fv-az36-757","name":"@waytrade/microservice-core","msg":"HTTP Server listening on port 42825"}
{"level":30,"time":1629534251823,"pid":5823,"hostname":"fv-az36-757","name":"@waytrade/microservice-core","msg":"API Server started at port 36803"}
{"level":30,"time":1629534251823,"pid":5823,"hostname":"fv-az36-757","name":"@waytrade/microservice-core","msg":"Webhook Callback Server started at port 42825"}
{"level":20,"time":1629534251825,"pid":5823,"hostname":"fv-az36-757","name":"@waytrade/microservice-core","msg":"HTTP get /api/ -> 200 (1ms)"}
{"level":20,"time":1629534251826,"pid":5823,"hostname":"fv-az36-757","name":"@waytrade/microservice-core","msg":"HTTP Server on port 36803 stopped"}
{"level":20,"time":1629534251826,"pid":5823,"hostname":"fv-az36-757","name":"@waytrade/microservice-core","msg":"HTTP Server on port 42825 stopped"}
{"level":30,"time":1629534251826,"pid":5823,"hostname":"fv-az36-757","name":"@waytrade/microservice-core","msg":"App stopped."}
{"level":30,"time":1629534251828,"pid":5823,"hostname":"fv-az36-757","name":"@waytrade/microservice-core","msg":"Starting App..."}
{"level":20,"time":1629534251828,"pid":5823,"hostname":"fv-az36-757","name":"@waytrade/microservice-core","msg":"Starting HTTP Server on port 0"}
{"level":20,"time":1629534251828,"pid":5823,"hostname":"fv-az36-757","name":"@waytrade/microservice-core","msg":"HTTP Server listening on port 53947"}
{"level":20,"time":1629534251828,"pid":5823,"hostname":"fv-az36-757","name":"@waytrade/microservice-core","msg":"Starting HTTP Server on port 0"}
{"level":20,"time":1629534251829,"pid":5823,"hostname":"fv-az36-757","name":"@waytrade/microservice-core","msg":"HTTP Server listening on port 39159"}
{"level":30,"time":1629534251829,"pid":5823,"hostname":"fv-az36-757","name":"@waytrade/microservice-core","msg":"API Server started at port 53947"}
{"level":30,"time":1629534251829,"pid":5823,"hostname":"fv-az36-757","name":"@waytrade/microservice-core","msg":"Webhook Callback Server started at port 39159"}
{"level":20,"time":1629534251831,"pid":5823,"hostname":"fv-az36-757","name":"@waytrade/microservice-core","msg":"HTTP Server on port 53947 stopped"}
{"level":20,"time":1629534251831,"pid":5823,"hostname":"fv-az36-757","name":"@waytrade/microservice-core","msg":"HTTP Server on port 39159 stopped"}
{"level":30,"time":1629534251831,"pid":5823,"hostname":"fv-az36-757","name":"@waytrade/microservice-core","msg":"App stopped."}
{"level":30,"time":1629534252208,"pid":5823,"hostname":"fv-az36-757","name":"@waytrade/microservice-core","msg":"Starting App..."}
{"level":20,"time":1629534252209,"pid":5823,"hostname":"fv-az36-757","name":"@waytrade/microservice-core","msg":"Starting HTTP Server on port 0"}
{"level":20,"time":1629534252209,"pid":5823,"hostname":"fv-az36-757","name":"@waytrade/microservice-core","msg":"HTTP Server listening on port 51727"}
{"level":20,"time":1629534252209,"pid":5823,"hostname":"fv-az36-757","name":"@waytrade/microservice-core","msg":"Starting HTTP Server on port 0"}
{"level":20,"time":1629534252209,"pid":5823,"hostname":"fv-az36-757","name":"@waytrade/microservice-core","msg":"HTTP Server listening on port 47907"}
{"level":30,"time":1629534252210,"pid":5823,"hostname":"fv-az36-757","name":"@waytrade/microservice-core","msg":"API Server started at port 51727"}
{"level":30,"time":1629534252210,"pid":5823,"hostname":"fv-az36-757","name":"@waytrade/microservice-core","msg":"Webhook Callback Server started at port 47907"}
{"level":20,"time":1629534252220,"pid":5823,"hostname":"fv-az36-757","name":"@waytrade/microservice-core","msg":"HTTP Server on port 51727 stopped"}
{"level":20,"time":1629534252221,"pid":5823,"hostname":"fv-az36-757","name":"@waytrade/microservice-core","msg":"HTTP Server on port 47907 stopped"}
{"level":30,"time":1629534252221,"pid":5823,"hostname":"fv-az36-757","name":"@waytrade/microservice-core","msg":"App stopped."}
{"level":30,"time":1629534252223,"pid":5823,"hostname":"fv-az36-757","name":"@waytrade/microservice-core","msg":"Starting App..."}
{"level":20,"time":1629534252223,"pid":5823,"hostname":"fv-az36-757","name":"@waytrade/microservice-core","msg":"Starting HTTP Server on port 0"}
{"level":20,"time":1629534252224,"pid":5823,"hostname":"fv-az36-757","name":"@waytrade/microservice-core","msg":"HTTP Server listening on port 32789"}
{"level":20,"time":1629534252224,"pid":5823,"hostname":"fv-az36-757","name":"@waytrade/microservice-core","msg":"Starting HTTP Server on port 0"}
{"level":20,"time":1629534252224,"pid":5823,"hostname":"fv-az36-757","name":"@waytrade/microservice-core","msg":"HTTP Server listening on port 37107"}
{"level":30,"time":1629534252224,"pid":5823,"hostname":"fv-az36-757","name":"@waytrade/microservice-core","msg":"API Server started at port 32789"}
{"level":30,"time":1629534252224,"pid":5823,"hostname":"fv-az36-757","name":"@waytrade/microservice-core","msg":"Webhook Callback Server started at port 37107"}
{"level":20,"time":1629534252225,"pid":5823,"hostname":"fv-az36-757","name":"@waytrade/microservice-core","msg":"HTTP Server on port 32789 stopped"}
{"level":20,"time":1629534252225,"pid":5823,"hostname":"fv-az36-757","name":"@waytrade/microservice-core","msg":"HTTP Server on port 37107 stopped"}
{"level":30,"time":1629534252225,"pid":5823,"hostname":"fv-az36-757","name":"@waytrade/microservice-core","msg":"App stopped."}
{"level":30,"time":1629534252226,"pid":5823,"hostname":"fv-az36-757","name":"@waytrade/microservice-core","msg":"Starting App..."}
{"level":20,"time":1629534252227,"pid":5823,"hostname":"fv-az36-757","name":"@waytrade/microservice-core","msg":"Starting HTTP Server on port 0"}
{"level":20,"time":1629534252227,"pid":5823,"hostname":"fv-az36-757","name":"@waytrade/microservice-core","msg":"HTTP Server listening on port 43189"}
{"level":20,"time":1629534252227,"pid":5823,"hostname":"fv-az36-757","name":"@waytrade/microservice-core","msg":"Starting HTTP Server on port 0"}
{"level":20,"time":1629534252227,"pid":5823,"hostname":"fv-az36-757","name":"@waytrade/microservice-core","msg":"HTTP Server listening on port 49317"}
{"level":30,"time":1629534252227,"pid":5823,"hostname":"fv-az36-757","name":"@waytrade/microservice-core","msg":"API Server started at port 43189"}
{"level":30,"time":1629534252227,"pid":5823,"hostname":"fv-az36-757","name":"@waytrade/microservice-core","msg":"Webhook Callback Server started at port 49317"}
{"level":20,"time":1629534252228,"pid":5823,"hostname":"fv-az36-757","name":"@waytrade/microservice-core","msg":"HTTP Server on port 43189 stopped"}
{"level":20,"time":1629534252228,"pid":5823,"hostname":"fv-az36-757","name":"@waytrade/microservice-core","msg":"HTTP Server on port 49317 stopped"}
{"level":30,"time":1629534252228,"pid":5823,"hostname":"fv-az36-757","name":"@waytrade/microservice-core","msg":"App stopped."}
{"level":30,"time":1629534252229,"pid":5823,"hostname":"fv-az36-757","name":"@waytrade/microservice-core","msg":"Starting App..."}
{"level":20,"time":1629534252229,"pid":5823,"hostname":"fv-az36-757","name":"@waytrade/microservice-core","msg":"Starting HTTP Server on port 0"}
{"level":20,"time":1629534252230,"pid":5823,"hostname":"fv-az36-757","name":"@waytrade/microservice-core","msg":"HTTP Server listening on port 37909"}
{"level":20,"time":1629534252230,"pid":5823,"hostname":"fv-az36-757","name":"@waytrade/microservice-core","msg":"Starting HTTP Server on port 0"}
{"level":20,"time":1629534252230,"pid":5823,"hostname":"fv-az36-757","name":"@waytrade/microservice-core","msg":"HTTP Server listening on port 44711"}
{"level":30,"time":1629534252230,"pid":5823,"hostname":"fv-az36-757","name":"@waytrade/microservice-core","msg":"API Server started at port 37909"}
{"level":30,"time":1629534252230,"pid":5823,"hostname":"fv-az36-757","name":"@waytrade/microservice-core","msg":"Webhook Callback Server started at port 44711"}
{"level":20,"time":1629534252231,"pid":5823,"hostname":"fv-az36-757","name":"@waytrade/microservice-core","msg":"HTTP Server on port 37909 stopped"}
{"level":20,"time":1629534252231,"pid":5823,"hostname":"fv-az36-757","name":"@waytrade/microservice-core","msg":"HTTP Server on port 44711 stopped"}
{"level":30,"time":1629534252231,"pid":5823,"hostname":"fv-az36-757","name":"@waytrade/microservice-core","msg":"App stopped."}
{"level":30,"time":1629534252579,"pid":5823,"hostname":"fv-az36-757","name":"@waytrade/microservice-core","msg":"Starting App..."}
{"level":20,"time":1629534252579,"pid":5823,"hostname":"fv-az36-757","name":"@waytrade/microservice-core","msg":"Starting HTTP Server on port 0"}
{"level":20,"time":1629534252579,"pid":5823,"hostname":"fv-az36-757","name":"@waytrade/microservice-core","msg":"HTTP Server listening on port 56665"}
{"level":30,"time":1629534252579,"pid":5823,"hostname":"fv-az36-757","name":"@waytrade/microservice-core","msg":"API Server started at port 56665"}
{"level":20,"time":1629534252580,"pid":5823,"hostname":"fv-az36-757","name":"@waytrade/microservice-core","msg":"HTTP Server on port 56665 stopped"}
{"level":30,"time":1629534252580,"pid":5823,"hostname":"fv-az36-757","name":"@waytrade/microservice-core","msg":"App stopped."}
{"level":30,"time":1629534252582,"pid":5823,"hostname":"fv-az36-757","name":"@waytrade/microservice-core","msg":"Starting App..."}
{"level":20,"time":1629534252582,"pid":5823,"hostname":"fv-az36-757","name":"@waytrade/microservice-core","msg":"Starting HTTP Server on port 0"}
{"level":20,"time":1629534252582,"pid":5823,"hostname":"fv-az36-757","name":"@waytrade/microservice-core","msg":"HTTP Server listening on port 35337"}
{"level":30,"time":1629534252582,"pid":5823,"hostname":"fv-az36-757","name":"@waytrade/microservice-core","msg":"API Server started at port 35337"}
{"level":20,"time":1629534252583,"pid":5823,"hostname":"fv-az36-757","name":"@waytrade/microservice-core","msg":"HTTP Server on port 35337 stopped"}
{"level":30,"time":1629534252583,"pid":5823,"hostname":"fv-az36-757","name":"@waytrade/microservice-core","msg":"App stopped."}
{"level":30,"time":1629534252584,"pid":5823,"hostname":"fv-az36-757","name":"@waytrade/microservice-core","msg":"Starting App..."}
{"level":20,"time":1629534252585,"pid":5823,"hostname":"fv-az36-757","name":"@waytrade/microservice-core","msg":"Starting HTTP Server on port 0"}
{"level":20,"time":1629534252585,"pid":5823,"hostname":"fv-az36-757","name":"@waytrade/microservice-core","msg":"HTTP Server listening on port 49345"}
{"level":30,"time":1629534252585,"pid":5823,"hostname":"fv-az36-757","name":"@waytrade/microservice-core","msg":"API Server started at port 49345"}
{"level":20,"time":1629534252585,"pid":5823,"hostname":"fv-az36-757","name":"@waytrade/microservice-core","msg":"HTTP Server on port 49345 stopped"}
{"level":30,"time":1629534252585,"pid":5823,"hostname":"fv-az36-757","name":"@waytrade/microservice-core","msg":"App stopped."}
{"level":30,"time":1629534252587,"pid":5823,"hostname":"fv-az36-757","name":"@waytrade/microservice-core","msg":"Starting App..."}
{"level":20,"time":1629534252587,"pid":5823,"hostname":"fv-az36-757","name":"@waytrade/microservice-core","msg":"Starting HTTP Server on port 0"}
{"level":20,"time":1629534252587,"pid":5823,"hostname":"fv-az36-757","name":"@waytrade/microservice-core","msg":"HTTP Server listening on port 44129"}
{"level":30,"time":1629534252587,"pid":5823,"hostname":"fv-az36-757","name":"@waytrade/microservice-core","msg":"API Server started at port 44129"}
{"level":20,"time":1629534252588,"pid":5823,"hostname":"fv-az36-757","name":"@waytrade/microservice-core","msg":"HTTP Server on port 44129 stopped"}
{"level":30,"time":1629534252588,"pid":5823,"hostname":"fv-az36-757","name":"@waytrade/microservice-core","msg":"App stopped."}
{"level":30,"time":1629534252927,"pid":5823,"hostname":"fv-az36-757","name":"@waytrade/microservice-core","msg":"Starting App..."}
{"level":20,"time":1629534252927,"pid":5823,"hostname":"fv-az36-757","name":"@waytrade/microservice-core","msg":"Starting HTTP Server on port 0"}
{"level":20,"time":1629534252927,"pid":5823,"hostname":"fv-az36-757","name":"@waytrade/microservice-core","msg":"HTTP Server listening on port 54793"}
{"level":30,"time":1629534252927,"pid":5823,"hostname":"fv-az36-757","name":"@waytrade/microservice-core","msg":"API Server started at port 54793"}
{"level":20,"time":1629534252928,"pid":5823,"hostname":"fv-az36-757","name":"@waytrade/microservice-core","msg":"HTTP Server on port 54793 stopped"}
{"level":30,"time":1629534252928,"pid":5823,"hostname":"fv-az36-757","name":"@waytrade/microservice-core","msg":"App stopped."}
{"level":30,"time":1629534252930,"pid":5823,"hostname":"fv-az36-757","name":"@waytrade/microservice-core","msg":"Starting App..."}
{"level":20,"time":1629534252930,"pid":5823,"hostname":"fv-az36-757","name":"@waytrade/microservice-core","msg":"Starting HTTP Server on port 0"}
{"level":20,"time":1629534252930,"pid":5823,"hostname":"fv-az36-757","name":"@waytrade/microservice-core","msg":"HTTP Server listening on port 46805"}
{"level":30,"time":1629534252930,"pid":5823,"hostname":"fv-az36-757","name":"@waytrade/microservice-core","msg":"API Server started at port 46805"}
{"level":20,"time":1629534252931,"pid":5823,"hostname":"fv-az36-757","name":"@waytrade/microservice-core","msg":"HTTP Server on port 46805 stopped"}
{"level":30,"time":1629534252931,"pid":5823,"hostname":"fv-az36-757","name":"@waytrade/microservice-core","msg":"App stopped."}
{"level":30,"time":1629534252932,"pid":5823,"hostname":"fv-az36-757","name":"@waytrade/microservice-core","msg":"Starting App..."}
{"level":20,"time":1629534252933,"pid":5823,"hostname":"fv-az36-757","name":"@waytrade/microservice-core","msg":"Starting HTTP Server on port 0"}
{"level":20,"time":1629534252933,"pid":5823,"hostname":"fv-az36-757","name":"@waytrade/microservice-core","msg":"HTTP Server listening on port 37115"}
{"level":30,"time":1629534252933,"pid":5823,"hostname":"fv-az36-757","name":"@waytrade/microservice-core","msg":"API Server started at port 37115"}
{"level":20,"time":1629534252933,"pid":5823,"hostname":"fv-az36-757","name":"@waytrade/microservice-core","msg":"HTTP Server on port 37115 stopped"}
{"level":30,"time":1629534252933,"pid":5823,"hostname":"fv-az36-757","name":"@waytrade/microservice-core","msg":"App stopped."}
{"level":30,"time":1629534252935,"pid":5823,"hostname":"fv-az36-757","name":"@waytrade/microservice-core","msg":"Starting App..."}
{"level":20,"time":1629534252935,"pid":5823,"hostname":"fv-az36-757","name":"@waytrade/microservice-core","msg":"Starting HTTP Server on port 0"}
{"level":20,"time":1629534252935,"pid":5823,"hostname":"fv-az36-757","name":"@waytrade/microservice-core","msg":"HTTP Server listening on port 60265"}
{"level":30,"time":1629534252935,"pid":5823,"hostname":"fv-az36-757","name":"@waytrade/microservice-core","msg":"API Server started at port 60265"}
{"level":20,"time":1629534252936,"pid":5823,"hostname":"fv-az36-757","name":"@waytrade/microservice-core","msg":"HTTP Server on port 60265 stopped"}
{"level":30,"time":1629534252936,"pid":5823,"hostname":"fv-az36-757","name":"@waytrade/microservice-core","msg":"App stopped."}
{"level":30,"time":1629534253692,"pid":5823,"hostname":"fv-az36-757","name":"@waytrade/microservice-core","msg":"Starting App..."}
{"level":20,"time":1629534253693,"pid":5823,"hostname":"fv-az36-757","name":"@waytrade/microservice-core","msg":"Starting HTTP Server on port 0"}
{"level":20,"time":1629534253693,"pid":5823,"hostname":"fv-az36-757","name":"@waytrade/microservice-core","msg":"HTTP Server listening on port 49479"}
{"level":30,"time":1629534253693,"pid":5823,"hostname":"fv-az36-757","name":"@waytrade/microservice-core","msg":"API Server started at port 49479"}
{"level":20,"time":1629534253694,"pid":5823,"hostname":"fv-az36-757","name":"@waytrade/microservice-core","msg":"HTTP Server on port 49479 stopped"}
{"level":30,"time":1629534253694,"pid":5823,"hostname":"fv-az36-757","name":"@waytrade/microservice-core","msg":"App stopped."}
{"level":30,"time":1629534253696,"pid":5823,"hostname":"fv-az36-757","name":"@waytrade/microservice-core","msg":"Starting App..."}
{"level":20,"time":1629534253696,"pid":5823,"hostname":"fv-az36-757","name":"@waytrade/microservice-core","msg":"Starting HTTP Server on port 0"}
{"level":20,"time":1629534253697,"pid":5823,"hostname":"fv-az36-757","name":"@waytrade/microservice-core","msg":"HTTP Server listening on port 52411"}
{"level":20,"time":1629534253697,"pid":5823,"hostname":"fv-az36-757","name":"@waytrade/microservice-core","msg":"HTTP Server on port 52411 stopped"}
{"level":30,"time":1629534253697,"pid":5823,"hostname":"fv-az36-757","name":"@waytrade/microservice-core","msg":"App stopped."}
{"level":30,"time":1629534253699,"pid":5823,"hostname":"fv-az36-757","name":"@waytrade/microservice-core","msg":"Starting App..."}
{"level":20,"time":1629534253699,"pid":5823,"hostname":"fv-az36-757","name":"@waytrade/microservice-core","msg":"Starting HTTP Server on port 0"}
{"level":20,"time":1629534253699,"pid":5823,"hostname":"fv-az36-757","name":"@waytrade/microservice-core","msg":"HTTP Server listening on port 52513"}
{"level":20,"time":1629534253699,"pid":5823,"hostname":"fv-az36-757","name":"@waytrade/microservice-core","msg":"HTTP Server on port 52513 stopped"}
{"level":30,"time":1629534253699,"pid":5823,"hostname":"fv-az36-757","name":"@waytrade/microservice-core","msg":"App stopped."}
{"level":20,"time":1629534254034,"pid":5823,"hostname":"fv-az36-757","name":"@waytrade/microservice-core","msg":"Starting HTTP Server on port 0"}
{"level":20,"time":1629534254035,"pid":5823,"hostname":"fv-az36-757","name":"@waytrade/microservice-core","msg":"HTTP Server listening on port 35809"}
{"level":20,"time":1629534254038,"pid":5823,"hostname":"fv-az36-757","name":"@waytrade/microservice-core","msg":"HTTP get /api/dummy/ -> 200 (0ms)"}
{"level":20,"time":1629534254040,"pid":5823,"hostname":"fv-az36-757","name":"@waytrade/microservice-core","msg":"HTTP Server on port 35809 stopped"}
