{"level":20,"time":1627142782949,"pid":5849,"hostname":"fv-az83-442","name":"@waytrade/microservice-core","msg":"HTTP Server listening on port 43813"}
{"level":20,"time":1627142782978,"pid":5849,"hostname":"fv-az83-442","name":"@waytrade/microservice-core","msg":"HTTP get /openapi.json -> 200 (3ms)"}
{"level":20,"time":1627142782984,"pid":5849,"hostname":"fv-az83-442","name":"@waytrade/microservice-core","msg":"HTTP Server on port 43813 stopped"}
{"level":20,"time":1627142782988,"pid":5849,"hostname":"fv-az83-442","name":"@waytrade/microservice-core","msg":"HTTP Server listening on port 50759"}
{"level":20,"time":1627142782993,"pid":5849,"hostname":"fv-az83-442","name":"@waytrade/microservice-core","msg":"HTTP get /openapi.json -> 200 (1ms)"}
{"level":20,"time":1627142783017,"pid":5849,"hostname":"fv-az83-442","name":"@waytrade/microservice-core","msg":"HTTP Server on port 50759 stopped"}
{"level":20,"time":1627142783021,"pid":5849,"hostname":"fv-az83-442","name":"@waytrade/microservice-core","msg":"HTTP Server listening on port 39873"}
{"level":20,"time":1627142783025,"pid":5849,"hostname":"fv-az83-442","name":"@waytrade/microservice-core","msg":"HTTP Server listening on port 34725"}
{"level":20,"time":1627142783033,"pid":5849,"hostname":"fv-az83-442","name":"@waytrade/microservice-core","msg":"HTTP get /openapi.json -> 200 (0ms)"}
{"level":20,"time":1627142783034,"pid":5849,"hostname":"fv-az83-442","name":"@waytrade/microservice-core","msg":"HTTP get / -> 200 (1ms)"}
{"level":20,"time":1627142783044,"pid":5849,"hostname":"fv-az83-442","name":"@waytrade/microservice-core","msg":"HTTP Server on port 39873 stopped"}
{"level":20,"time":1627142783047,"pid":5849,"hostname":"fv-az83-442","name":"@waytrade/microservice-core","msg":"HTTP Server on port 34725 stopped"}
{"level":20,"time":1627142783049,"pid":5849,"hostname":"fv-az83-442","name":"@waytrade/microservice-core","msg":"HTTP Server listening on port 42557"}
{"level":20,"time":1627142783058,"pid":5849,"hostname":"fv-az83-442","name":"@waytrade/microservice-core","msg":"HTTP get /swagger-ui.css -> 200 (4ms)"}
{"level":20,"time":1627142783062,"pid":5849,"hostname":"fv-az83-442","name":"@waytrade/microservice-core","msg":"HTTP Server on port 42557 stopped"}
{"level":20,"time":1627142783064,"pid":5849,"hostname":"fv-az83-442","name":"@waytrade/microservice-core","msg":"HTTP Server listening on port 52671"}
{"level":20,"time":1627142783088,"pid":5849,"hostname":"fv-az83-442","name":"@waytrade/microservice-core","msg":"HTTP get /swagger-ui-bundle.js -> 200 (20ms)"}
{"level":20,"time":1627142783104,"pid":5849,"hostname":"fv-az83-442","name":"@waytrade/microservice-core","msg":"HTTP Server on port 52671 stopped"}
{"level":20,"time":1627142783106,"pid":5849,"hostname":"fv-az83-442","name":"@waytrade/microservice-core","msg":"HTTP Server listening on port 49261"}
{"level":20,"time":1627142783117,"pid":5849,"hostname":"fv-az83-442","name":"@waytrade/microservice-core","msg":"HTTP get /swagger-ui-standalone-preset.js -> 200 (7ms)"}
{"level":20,"time":1627142783123,"pid":5849,"hostname":"fv-az83-442","name":"@waytrade/microservice-core","msg":"HTTP Server on port 49261 stopped"}
{"level":20,"time":1627142784443,"pid":5849,"hostname":"fv-az83-442","name":"@waytrade/microservice-core","msg":"HTTP Server listening on port 32813"}
{"level":20,"time":1627142784444,"pid":5849,"hostname":"fv-az83-442","name":"@waytrade/microservice-core","msg":"HTTP Server listening on port 42903"}
{"level":30,"time":1627142784444,"pid":5849,"hostname":"fv-az83-442","name":"@waytrade/microservice-core","msg":"API Server started at port 32813"}
{"level":30,"time":1627142784444,"pid":5849,"hostname":"fv-az83-442","name":"@waytrade/microservice-core","msg":"Webhook Callback Server started at port 42903"}
{"level":20,"time":1627142784465,"pid":5849,"hostname":"fv-az83-442","name":"@waytrade/microservice-core","msg":"HTTP post /subscribe -> 400 (1ms)"}
{"level":20,"time":1627142784470,"pid":5849,"hostname":"fv-az83-442","name":"@waytrade/microservice-core","msg":"HTTP Server on port 32813 stopped"}
{"level":20,"time":1627142784470,"pid":5849,"hostname":"fv-az83-442","name":"@waytrade/microservice-core","msg":"HTTP Server on port 42903 stopped"}
{"level":30,"time":1627142784478,"pid":5849,"hostname":"fv-az83-442","name":"@waytrade/microservice-core","msg":"App stopped."}
{"level":20,"time":1627142784482,"pid":5849,"hostname":"fv-az83-442","name":"@waytrade/microservice-core","msg":"HTTP Server listening on port 48837"}
{"level":20,"time":1627142784484,"pid":5849,"hostname":"fv-az83-442","name":"@waytrade/microservice-core","msg":"HTTP Server listening on port 41815"}
{"level":30,"time":1627142784484,"pid":5849,"hostname":"fv-az83-442","name":"@waytrade/microservice-core","msg":"API Server started at port 48837"}
{"level":30,"time":1627142784484,"pid":5849,"hostname":"fv-az83-442","name":"@waytrade/microservice-core","msg":"Webhook Callback Server started at port 41815"}
{"level":20,"time":1627142784501,"pid":5849,"hostname":"fv-az83-442","name":"@waytrade/microservice-core","msg":"HTTP post /subscribe -> 201 (1ms)"}
{"level":20,"time":1627142784529,"pid":5849,"hostname":"fv-az83-442","name":"@waytrade/microservice-core","msg":"HTTP post /subscribe -> 204 (0ms)"}
{"level":20,"time":1627142784538,"pid":5849,"hostname":"fv-az83-442","name":"@waytrade/microservice-core","msg":"HTTP Server on port 48837 stopped"}
{"level":20,"time":1627142784538,"pid":5849,"hostname":"fv-az83-442","name":"@waytrade/microservice-core","msg":"HTTP Server on port 41815 stopped"}
{"level":30,"time":1627142784539,"pid":5849,"hostname":"fv-az83-442","name":"@waytrade/microservice-core","msg":"App stopped."}
{"level":20,"time":1627142784551,"pid":5849,"hostname":"fv-az83-442","name":"@waytrade/microservice-core","msg":"HTTP Server listening on port 40845"}
{"level":20,"time":1627142784553,"pid":5849,"hostname":"fv-az83-442","name":"@waytrade/microservice-core","msg":"HTTP Server listening on port 37391"}
{"level":30,"time":1627142784553,"pid":5849,"hostname":"fv-az83-442","name":"@waytrade/microservice-core","msg":"API Server started at port 40845"}
{"level":30,"time":1627142784553,"pid":5849,"hostname":"fv-az83-442","name":"@waytrade/microservice-core","msg":"Webhook Callback Server started at port 37391"}
{"level":20,"time":1627142784569,"pid":5849,"hostname":"fv-az83-442","name":"@waytrade/microservice-core","msg":"HTTP post /subscribe -> 201 (0ms)"}
{"level":20,"time":1627142784610,"pid":5849,"hostname":"fv-az83-442","name":"@waytrade/microservice-core","msg":"HTTP post /subscribe -> 201 (0ms)"}
{"level":20,"time":1627142784614,"pid":5849,"hostname":"fv-az83-442","name":"@waytrade/microservice-core","msg":"HTTP Server on port 40845 stopped"}
{"level":20,"time":1627142784614,"pid":5849,"hostname":"fv-az83-442","name":"@waytrade/microservice-core","msg":"HTTP Server on port 37391 stopped"}
{"level":30,"time":1627142784614,"pid":5849,"hostname":"fv-az83-442","name":"@waytrade/microservice-core","msg":"App stopped."}
{"level":20,"time":1627142784617,"pid":5849,"hostname":"fv-az83-442","name":"@waytrade/microservice-core","msg":"HTTP Server listening on port 59737"}
{"level":20,"time":1627142784618,"pid":5849,"hostname":"fv-az83-442","name":"@waytrade/microservice-core","msg":"HTTP Server listening on port 48241"}
{"level":30,"time":1627142784618,"pid":5849,"hostname":"fv-az83-442","name":"@waytrade/microservice-core","msg":"API Server started at port 59737"}
{"level":30,"time":1627142784618,"pid":5849,"hostname":"fv-az83-442","name":"@waytrade/microservice-core","msg":"Webhook Callback Server started at port 48241"}
{"level":20,"time":1627142784631,"pid":5849,"hostname":"fv-az83-442","name":"@waytrade/microservice-core","msg":"HTTP post /subscribe -> 201 (0ms)"}
{"level":20,"time":1627142784639,"pid":5849,"hostname":"fv-az83-442","name":"@waytrade/microservice-core","msg":"HTTP post /unsubscribe -> 200 (0ms)"}
{"level":20,"time":1627142784641,"pid":5849,"hostname":"fv-az83-442","name":"@waytrade/microservice-core","msg":"HTTP Server on port 59737 stopped"}
{"level":20,"time":1627142784641,"pid":5849,"hostname":"fv-az83-442","name":"@waytrade/microservice-core","msg":"HTTP Server on port 48241 stopped"}
{"level":30,"time":1627142784641,"pid":5849,"hostname":"fv-az83-442","name":"@waytrade/microservice-core","msg":"App stopped."}
{"level":20,"time":1627142784644,"pid":5849,"hostname":"fv-az83-442","name":"@waytrade/microservice-core","msg":"HTTP Server listening on port 47221"}
{"level":20,"time":1627142784645,"pid":5849,"hostname":"fv-az83-442","name":"@waytrade/microservice-core","msg":"HTTP Server listening on port 38177"}
{"level":30,"time":1627142784645,"pid":5849,"hostname":"fv-az83-442","name":"@waytrade/microservice-core","msg":"API Server started at port 47221"}
{"level":30,"time":1627142784645,"pid":5849,"hostname":"fv-az83-442","name":"@waytrade/microservice-core","msg":"Webhook Callback Server started at port 38177"}
{"level":20,"time":1627142784650,"pid":5849,"hostname":"fv-az83-442","name":"@waytrade/microservice-core","msg":"HTTP post /unsubscribe -> 400 (0ms)"}
{"level":20,"time":1627142784652,"pid":5849,"hostname":"fv-az83-442","name":"@waytrade/microservice-core","msg":"HTTP Server on port 47221 stopped"}
{"level":20,"time":1627142784652,"pid":5849,"hostname":"fv-az83-442","name":"@waytrade/microservice-core","msg":"HTTP Server on port 38177 stopped"}
{"level":30,"time":1627142784652,"pid":5849,"hostname":"fv-az83-442","name":"@waytrade/microservice-core","msg":"App stopped."}
{"level":20,"time":1627142784655,"pid":5849,"hostname":"fv-az83-442","name":"@waytrade/microservice-core","msg":"HTTP Server listening on port 34865"}
{"level":20,"time":1627142784656,"pid":5849,"hostname":"fv-az83-442","name":"@waytrade/microservice-core","msg":"HTTP Server listening on port 34143"}
{"level":30,"time":1627142784656,"pid":5849,"hostname":"fv-az83-442","name":"@waytrade/microservice-core","msg":"API Server started at port 34865"}
{"level":30,"time":1627142784656,"pid":5849,"hostname":"fv-az83-442","name":"@waytrade/microservice-core","msg":"Webhook Callback Server started at port 34143"}
{"level":20,"time":1627142784661,"pid":5849,"hostname":"fv-az83-442","name":"@waytrade/microservice-core","msg":"HTTP post /unsubscribe -> 404 (1ms)"}
{"level":20,"time":1627142784663,"pid":5849,"hostname":"fv-az83-442","name":"@waytrade/microservice-core","msg":"HTTP Server on port 34865 stopped"}
{"level":20,"time":1627142784663,"pid":5849,"hostname":"fv-az83-442","name":"@waytrade/microservice-core","msg":"HTTP Server on port 34143 stopped"}
{"level":30,"time":1627142784663,"pid":5849,"hostname":"fv-az83-442","name":"@waytrade/microservice-core","msg":"App stopped."}
{"level":20,"time":1627142784666,"pid":5849,"hostname":"fv-az83-442","name":"@waytrade/microservice-core","msg":"HTTP Server listening on port 46773"}
{"level":20,"time":1627142784667,"pid":5849,"hostname":"fv-az83-442","name":"@waytrade/microservice-core","msg":"HTTP Server listening on port 41133"}
{"level":30,"time":1627142784667,"pid":5849,"hostname":"fv-az83-442","name":"@waytrade/microservice-core","msg":"API Server started at port 46773"}
{"level":30,"time":1627142784667,"pid":5849,"hostname":"fv-az83-442","name":"@waytrade/microservice-core","msg":"Webhook Callback Server started at port 41133"}
{"level":20,"time":1627142784671,"pid":5849,"hostname":"fv-az83-442","name":"@waytrade/microservice-core","msg":"HTTP post /subscribe -> 201 (0ms)"}
{"level":20,"time":1627142784686,"pid":5849,"hostname":"fv-az83-442","name":"@waytrade/microservice-core","msg":"HTTP Server on port 46773 stopped"}
{"level":20,"time":1627142784686,"pid":5849,"hostname":"fv-az83-442","name":"@waytrade/microservice-core","msg":"HTTP Server on port 41133 stopped"}
{"level":30,"time":1627142784686,"pid":5849,"hostname":"fv-az83-442","name":"@waytrade/microservice-core","msg":"App stopped."}
{"level":20,"time":1627142784686,"pid":5849,"hostname":"fv-az83-442","name":"@waytrade/microservice-core","msg":"HTTP post /callback -> 200 (1ms)"}
{"level":20,"time":1627142784689,"pid":5849,"hostname":"fv-az83-442","name":"@waytrade/microservice-core","msg":"HTTP Server listening on port 55187"}
{"level":20,"time":1627142784690,"pid":5849,"hostname":"fv-az83-442","name":"@waytrade/microservice-core","msg":"HTTP Server listening on port 37097"}
{"level":30,"time":1627142784690,"pid":5849,"hostname":"fv-az83-442","name":"@waytrade/microservice-core","msg":"API Server started at port 55187"}
{"level":30,"time":1627142784690,"pid":5849,"hostname":"fv-az83-442","name":"@waytrade/microservice-core","msg":"Webhook Callback Server started at port 37097"}
{"level":20,"time":1627142784697,"pid":5849,"hostname":"fv-az83-442","name":"@waytrade/microservice-core","msg":"HTTP post /subscribe -> 201 (0ms)"}
{"level":20,"time":1627142784707,"pid":5849,"hostname":"fv-az83-442","name":"@waytrade/microservice-core","msg":"HTTP Server on port 55187 stopped"}
{"level":20,"time":1627142784707,"pid":5849,"hostname":"fv-az83-442","name":"@waytrade/microservice-core","msg":"HTTP Server on port 37097 stopped"}
{"level":30,"time":1627142784707,"pid":5849,"hostname":"fv-az83-442","name":"@waytrade/microservice-core","msg":"App stopped."}
{"level":20,"time":1627142784707,"pid":5849,"hostname":"fv-az83-442","name":"@waytrade/microservice-core","msg":"HTTP post /callback -> 200 (0ms)"}
{"level":20,"time":1627142784710,"pid":5849,"hostname":"fv-az83-442","name":"@waytrade/microservice-core","msg":"HTTP Server listening on port 41919"}
{"level":20,"time":1627142784711,"pid":5849,"hostname":"fv-az83-442","name":"@waytrade/microservice-core","msg":"HTTP Server listening on port 42907"}
{"level":30,"time":1627142784711,"pid":5849,"hostname":"fv-az83-442","name":"@waytrade/microservice-core","msg":"API Server started at port 41919"}
{"level":30,"time":1627142784711,"pid":5849,"hostname":"fv-az83-442","name":"@waytrade/microservice-core","msg":"Webhook Callback Server started at port 42907"}
{"level":20,"time":1627142784717,"pid":5849,"hostname":"fv-az83-442","name":"@waytrade/microservice-core","msg":"HTTP post /subscribe -> 201 (0ms)"}
{"level":20,"time":1627142784728,"pid":5849,"hostname":"fv-az83-442","name":"@waytrade/microservice-core","msg":"HTTP post /callback -> 418 (1ms)"}
{"level":20,"time":1627142784733,"pid":5849,"hostname":"fv-az83-442","name":"@waytrade/microservice-core","msg":"HTTP post /subscribe -> 201 (0ms)"}
{"level":20,"time":1627142784736,"pid":5849,"hostname":"fv-az83-442","name":"@waytrade/microservice-core","msg":"HTTP Server on port 41919 stopped"}
{"level":20,"time":1627142784736,"pid":5849,"hostname":"fv-az83-442","name":"@waytrade/microservice-core","msg":"HTTP Server on port 42907 stopped"}
{"level":30,"time":1627142784736,"pid":5849,"hostname":"fv-az83-442","name":"@waytrade/microservice-core","msg":"App stopped."}
{"level":20,"time":1627142784739,"pid":5849,"hostname":"fv-az83-442","name":"@waytrade/microservice-core","msg":"HTTP Server listening on port 56507"}
{"level":20,"time":1627142784740,"pid":5849,"hostname":"fv-az83-442","name":"@waytrade/microservice-core","msg":"HTTP Server listening on port 52079"}
{"level":30,"time":1627142784740,"pid":5849,"hostname":"fv-az83-442","name":"@waytrade/microservice-core","msg":"API Server started at port 56507"}
{"level":30,"time":1627142784740,"pid":5849,"hostname":"fv-az83-442","name":"@waytrade/microservice-core","msg":"Webhook Callback Server started at port 52079"}
{"level":20,"time":1627142784746,"pid":5849,"hostname":"fv-az83-442","name":"@waytrade/microservice-core","msg":"HTTP post /subscribe -> 201 (0ms)"}
{"level":20,"time":1627142784754,"pid":5849,"hostname":"fv-az83-442","name":"@waytrade/microservice-core","msg":"HTTP post /subscribe -> 201 (1ms)"}
{"level":20,"time":1627142784757,"pid":5849,"hostname":"fv-az83-442","name":"@waytrade/microservice-core","msg":"HTTP Server on port 56507 stopped"}
{"level":20,"time":1627142784757,"pid":5849,"hostname":"fv-az83-442","name":"@waytrade/microservice-core","msg":"HTTP Server on port 52079 stopped"}
{"level":30,"time":1627142784758,"pid":5849,"hostname":"fv-az83-442","name":"@waytrade/microservice-core","msg":"App stopped."}
{"level":20,"time":1627142785304,"pid":5849,"hostname":"fv-az83-442","name":"@waytrade/microservice-core","msg":"HTTP Server listening on port 34217"}
{"level":20,"time":1627142785311,"pid":5849,"hostname":"fv-az83-442","name":"@waytrade/microservice-core","msg":"HTTP get /api/test/ -> 200 (1ms)"}
{"level":20,"time":1627142785314,"pid":5849,"hostname":"fv-az83-442","name":"@waytrade/microservice-core","msg":"HTTP Server on port 34217 stopped"}
{"level":20,"time":1627142785316,"pid":5849,"hostname":"fv-az83-442","name":"@waytrade/microservice-core","msg":"HTTP Server listening on port 45855"}
{"level":20,"time":1627142785319,"pid":5849,"hostname":"fv-az83-442","name":"@waytrade/microservice-core","msg":"HTTP get /api/test/error -> 418 (0ms)"}
{"level":20,"time":1627142785322,"pid":5849,"hostname":"fv-az83-442","name":"@waytrade/microservice-core","msg":"HTTP Server on port 45855 stopped"}
{"level":20,"time":1627142785324,"pid":5849,"hostname":"fv-az83-442","name":"@waytrade/microservice-core","msg":"HTTP Server listening on port 38569"}
{"level":20,"time":1627142785385,"pid":5849,"hostname":"fv-az83-442","name":"@waytrade/microservice-core","msg":"HTTP get /api/test/serverError -> 500 (51ms)"}
{"level":20,"time":1627142785388,"pid":5849,"hostname":"fv-az83-442","name":"@waytrade/microservice-core","msg":"HTTP Server on port 38569 stopped"}
{"level":20,"time":1627142785390,"pid":5849,"hostname":"fv-az83-442","name":"@waytrade/microservice-core","msg":"HTTP Server listening on port 55309"}
{"level":20,"time":1627142785396,"pid":5849,"hostname":"fv-az83-442","name":"@waytrade/microservice-core","msg":"HTTP put /api/test/ -> 200 (0ms)"}
{"level":20,"time":1627142785399,"pid":5849,"hostname":"fv-az83-442","name":"@waytrade/microservice-core","msg":"HTTP Server on port 55309 stopped"}
{"level":20,"time":1627142785400,"pid":5849,"hostname":"fv-az83-442","name":"@waytrade/microservice-core","msg":"HTTP Server listening on port 35137"}
{"level":20,"time":1627142785404,"pid":5849,"hostname":"fv-az83-442","name":"@waytrade/microservice-core","msg":"HTTP put /api/test/error -> 418 (0ms)"}
{"level":20,"time":1627142785407,"pid":5849,"hostname":"fv-az83-442","name":"@waytrade/microservice-core","msg":"HTTP Server on port 35137 stopped"}
{"level":20,"time":1627142785408,"pid":5849,"hostname":"fv-az83-442","name":"@waytrade/microservice-core","msg":"HTTP Server listening on port 50451"}
{"level":20,"time":1627142785413,"pid":5849,"hostname":"fv-az83-442","name":"@waytrade/microservice-core","msg":"HTTP post /api/test/ -> 200 (0ms)"}
{"level":20,"time":1627142785416,"pid":5849,"hostname":"fv-az83-442","name":"@waytrade/microservice-core","msg":"HTTP Server on port 50451 stopped"}
{"level":20,"time":1627142785418,"pid":5849,"hostname":"fv-az83-442","name":"@waytrade/microservice-core","msg":"HTTP Server listening on port 42657"}
{"level":20,"time":1627142785426,"pid":5849,"hostname":"fv-az83-442","name":"@waytrade/microservice-core","msg":"HTTP post /api/test/error -> 418 (1ms)"}
{"level":20,"time":1627142785429,"pid":5849,"hostname":"fv-az83-442","name":"@waytrade/microservice-core","msg":"HTTP Server on port 42657 stopped"}
{"level":20,"time":1627142785431,"pid":5849,"hostname":"fv-az83-442","name":"@waytrade/microservice-core","msg":"HTTP Server listening on port 40505"}
{"level":20,"time":1627142785435,"pid":5849,"hostname":"fv-az83-442","name":"@waytrade/microservice-core","msg":"HTTP patch /api/test/ -> 200 (0ms)"}
{"level":20,"time":1627142785438,"pid":5849,"hostname":"fv-az83-442","name":"@waytrade/microservice-core","msg":"HTTP Server on port 40505 stopped"}
{"level":20,"time":1627142785439,"pid":5849,"hostname":"fv-az83-442","name":"@waytrade/microservice-core","msg":"HTTP Server listening on port 58503"}
{"level":20,"time":1627142785443,"pid":5849,"hostname":"fv-az83-442","name":"@waytrade/microservice-core","msg":"HTTP patch /api/test/error -> 418 (0ms)"}
{"level":20,"time":1627142785446,"pid":5849,"hostname":"fv-az83-442","name":"@waytrade/microservice-core","msg":"HTTP Server on port 58503 stopped"}
{"level":20,"time":1627142785448,"pid":5849,"hostname":"fv-az83-442","name":"@waytrade/microservice-core","msg":"HTTP Server listening on port 48389"}
{"level":20,"time":1627142785452,"pid":5849,"hostname":"fv-az83-442","name":"@waytrade/microservice-core","msg":"HTTP delete /api/test/ -> 200 (1ms)"}
{"level":20,"time":1627142785455,"pid":5849,"hostname":"fv-az83-442","name":"@waytrade/microservice-core","msg":"HTTP Server on port 48389 stopped"}
{"level":20,"time":1627142785458,"pid":5849,"hostname":"fv-az83-442","name":"@waytrade/microservice-core","msg":"HTTP Server listening on port 42669"}
{"level":20,"time":1627142785462,"pid":5849,"hostname":"fv-az83-442","name":"@waytrade/microservice-core","msg":"HTTP delete /api/test/error -> 418 (1ms)"}
{"level":20,"time":1627142785464,"pid":5849,"hostname":"fv-az83-442","name":"@waytrade/microservice-core","msg":"HTTP Server on port 42669 stopped"}
{"level":20,"time":1627142786012,"pid":5849,"hostname":"fv-az83-442","name":"@waytrade/microservice-core","msg":"HTTP Server listening on port 56797"}
{"level":20,"time":1627142786024,"pid":5849,"hostname":"fv-az83-442","name":"@waytrade/microservice-core","msg":"HTTP get /api/test/ -> 200 (0ms)"}
{"level":20,"time":1627142786027,"pid":5849,"hostname":"fv-az83-442","name":"@waytrade/microservice-core","msg":"HTTP Server on port 56797 stopped"}
{"level":20,"time":1627142786029,"pid":5849,"hostname":"fv-az83-442","name":"@waytrade/microservice-core","msg":"HTTP Server listening on port 38221"}
{"level":20,"time":1627142786033,"pid":5849,"hostname":"fv-az83-442","name":"@waytrade/microservice-core","msg":"HTTP get /api/test/notImplemented -> 501 (1ms)"}
{"level":20,"time":1627142786035,"pid":5849,"hostname":"fv-az83-442","name":"@waytrade/microservice-core","msg":"HTTP Server on port 38221 stopped"}
{"level":20,"time":1627142786037,"pid":5849,"hostname":"fv-az83-442","name":"@waytrade/microservice-core","msg":"HTTP Server listening on port 60883"}
{"level":20,"time":1627142786041,"pid":5849,"hostname":"fv-az83-442","name":"@waytrade/microservice-core","msg":"HTTP put /api/test/ -> 200 (0ms)"}
{"level":20,"time":1627142786045,"pid":5849,"hostname":"fv-az83-442","name":"@waytrade/microservice-core","msg":"HTTP Server on port 60883 stopped"}
{"level":20,"time":1627142786047,"pid":5849,"hostname":"fv-az83-442","name":"@waytrade/microservice-core","msg":"HTTP Server listening on port 60065"}
{"level":20,"time":1627142786051,"pid":5849,"hostname":"fv-az83-442","name":"@waytrade/microservice-core","msg":"HTTP put /api/test/notImplemented -> 501 (0ms)"}
{"level":20,"time":1627142786054,"pid":5849,"hostname":"fv-az83-442","name":"@waytrade/microservice-core","msg":"HTTP Server on port 60065 stopped"}
{"level":20,"time":1627142786056,"pid":5849,"hostname":"fv-az83-442","name":"@waytrade/microservice-core","msg":"HTTP Server listening on port 48805"}
{"level":20,"time":1627142786066,"pid":5849,"hostname":"fv-az83-442","name":"@waytrade/microservice-core","msg":"HTTP post /api/test/ -> 200 (0ms)"}
{"level":20,"time":1627142786069,"pid":5849,"hostname":"fv-az83-442","name":"@waytrade/microservice-core","msg":"HTTP Server on port 48805 stopped"}
{"level":20,"time":1627142786072,"pid":5849,"hostname":"fv-az83-442","name":"@waytrade/microservice-core","msg":"HTTP Server listening on port 54605"}
{"level":20,"time":1627142786075,"pid":5849,"hostname":"fv-az83-442","name":"@waytrade/microservice-core","msg":"HTTP post /api/test/notImplemented -> 501 (0ms)"}
{"level":20,"time":1627142786078,"pid":5849,"hostname":"fv-az83-442","name":"@waytrade/microservice-core","msg":"HTTP Server on port 54605 stopped"}
{"level":20,"time":1627142786080,"pid":5849,"hostname":"fv-az83-442","name":"@waytrade/microservice-core","msg":"HTTP Server listening on port 53019"}
{"level":20,"time":1627142786085,"pid":5849,"hostname":"fv-az83-442","name":"@waytrade/microservice-core","msg":"HTTP patch /api/test/ -> 200 (1ms)"}
{"level":20,"time":1627142786088,"pid":5849,"hostname":"fv-az83-442","name":"@waytrade/microservice-core","msg":"HTTP Server on port 53019 stopped"}
{"level":20,"time":1627142786090,"pid":5849,"hostname":"fv-az83-442","name":"@waytrade/microservice-core","msg":"HTTP Server listening on port 51339"}
{"level":20,"time":1627142786093,"pid":5849,"hostname":"fv-az83-442","name":"@waytrade/microservice-core","msg":"HTTP post /api/test/notImplemented -> 501 (0ms)"}
{"level":20,"time":1627142786096,"pid":5849,"hostname":"fv-az83-442","name":"@waytrade/microservice-core","msg":"HTTP Server on port 51339 stopped"}
{"level":20,"time":1627142786097,"pid":5849,"hostname":"fv-az83-442","name":"@waytrade/microservice-core","msg":"HTTP Server listening on port 52769"}
{"level":20,"time":1627142786102,"pid":5849,"hostname":"fv-az83-442","name":"@waytrade/microservice-core","msg":"HTTP delete /api/test/ -> 200 (1ms)"}
{"level":20,"time":1627142786105,"pid":5849,"hostname":"fv-az83-442","name":"@waytrade/microservice-core","msg":"HTTP Server on port 52769 stopped"}
{"level":20,"time":1627142786107,"pid":5849,"hostname":"fv-az83-442","name":"@waytrade/microservice-core","msg":"HTTP Server listening on port 36619"}
{"level":20,"time":1627142786110,"pid":5849,"hostname":"fv-az83-442","name":"@waytrade/microservice-core","msg":"HTTP post /api/test/notImplemented -> 501 (0ms)"}
{"level":20,"time":1627142786112,"pid":5849,"hostname":"fv-az83-442","name":"@waytrade/microservice-core","msg":"HTTP Server on port 36619 stopped"}
{"level":20,"time":1627142786595,"pid":5849,"hostname":"fv-az83-442","name":"@waytrade/microservice-core","msg":"Debug message"}
{"level":30,"time":1627142786598,"pid":5849,"hostname":"fv-az83-442","name":"@waytrade/microservice-core","msg":"Info message"}
{"level":40,"time":1627142786599,"pid":5849,"hostname":"fv-az83-442","name":"@waytrade/microservice-core","msg":"Warning message"}
{"level":50,"time":1627142786599,"pid":5849,"hostname":"fv-az83-442","name":"@waytrade/microservice-core","msg":"Error message"}
{"level":30,"time":1627142786601,"pid":5849,"hostname":"fv-az83-442","name":"@waytrade/microservice-core","msg":"Info message"}
{"level":40,"time":1627142786602,"pid":5849,"hostname":"fv-az83-442","name":"@waytrade/microservice-core","msg":"Warning message"}
{"level":50,"time":1627142786602,"pid":5849,"hostname":"fv-az83-442","name":"@waytrade/microservice-core","msg":"Error message"}
{"level":40,"time":1627142786604,"pid":5849,"hostname":"fv-az83-442","name":"@waytrade/microservice-core","msg":"Warning message"}
{"level":50,"time":1627142786605,"pid":5849,"hostname":"fv-az83-442","name":"@waytrade/microservice-core","msg":"Error message"}
{"level":50,"time":1627142786607,"pid":5849,"hostname":"fv-az83-442","name":"@waytrade/microservice-core","msg":"Error message"}
{"level":20,"time":1627142786623,"pid":5849,"hostname":"fv-az83-442","name":"@waytrade/microservice-core","msg":"Debug message"}
{"level":30,"time":1627142786624,"pid":5849,"hostname":"fv-az83-442","name":"@waytrade/microservice-core","msg":"Info message"}
{"level":40,"time":1627142786625,"pid":5849,"hostname":"fv-az83-442","name":"@waytrade/microservice-core","msg":"Warning message"}
{"level":50,"time":1627142786625,"pid":5849,"hostname":"fv-az83-442","name":"@waytrade/microservice-core","msg":"Error message"}
{"level":20,"time":1627142786989,"pid":5849,"hostname":"fv-az83-442","name":"@waytrade/microservice-core","msg":"HTTP Server listening on port 33567"}
{"level":30,"time":1627142786990,"pid":5849,"hostname":"fv-az83-442","name":"@waytrade/microservice-core","msg":"API Server started at port 33567"}
{"level":20,"time":1627142786990,"pid":5849,"hostname":"fv-az83-442","name":"@waytrade/microservice-core","msg":"HTTP Server on port 33567 stopped"}
{"level":30,"time":1627142786991,"pid":5849,"hostname":"fv-az83-442","name":"@waytrade/microservice-core","msg":"App stopped."}
{"level":30,"time":1627142786993,"pid":5849,"hostname":"fv-az83-442","name":"@waytrade/microservice-core","msg":"Starting App..."}
{"level":20,"time":1627142787002,"pid":5849,"hostname":"fv-az83-442","name":"@waytrade/microservice-core","msg":"HTTP Server listening on port 36431"}
{"level":30,"time":1627142787002,"pid":5849,"hostname":"fv-az83-442","name":"@waytrade/microservice-core","msg":"API Server started at port 36431"}
{"level":20,"time":1627142787002,"pid":5849,"hostname":"fv-az83-442","name":"@waytrade/microservice-core","msg":"HTTP Server on port 36431 stopped"}
{"level":30,"time":1627142787003,"pid":5849,"hostname":"fv-az83-442","name":"@waytrade/microservice-core","msg":"App stopped."}
{"level":20,"time":1627142787005,"pid":5849,"hostname":"fv-az83-442","name":"@waytrade/microservice-core","msg":"HTTP Server listening on port 52419"}
{"level":30,"time":1627142787005,"pid":5849,"hostname":"fv-az83-442","name":"@waytrade/microservice-core","msg":"API Server started at port 52419"}
{"level":20,"time":1627142787006,"pid":5849,"hostname":"fv-az83-442","name":"@waytrade/microservice-core","msg":"HTTP Server on port 52419 stopped"}
{"level":30,"time":1627142787006,"pid":5849,"hostname":"fv-az83-442","name":"@waytrade/microservice-core","msg":"App stopped."}
{"level":20,"time":1627142787009,"pid":5849,"hostname":"fv-az83-442","name":"@waytrade/microservice-core","msg":"HTTP Server listening on port 34959"}
{"level":30,"time":1627142787009,"pid":5849,"hostname":"fv-az83-442","name":"@waytrade/microservice-core","msg":"API Server started at port 34959"}
{"level":20,"time":1627142787010,"pid":5849,"hostname":"fv-az83-442","name":"@waytrade/microservice-core","msg":"HTTP Server on port 34959 stopped"}
{"level":30,"time":1627142787010,"pid":5849,"hostname":"fv-az83-442","name":"@waytrade/microservice-core","msg":"App stopped."}
{"level":20,"time":1627142787013,"pid":5849,"hostname":"fv-az83-442","name":"@waytrade/microservice-core","msg":"HTTP Server listening on port 57599"}
{"level":30,"time":1627142787014,"pid":5849,"hostname":"fv-az83-442","name":"@waytrade/microservice-core","msg":"API Server started at port 57599"}
{"level":20,"time":1627142787019,"pid":5849,"hostname":"fv-az83-442","name":"@waytrade/microservice-core","msg":"HTTP get /test/get/ -> 200 (0ms)"}
{"level":20,"time":1627142787021,"pid":5849,"hostname":"fv-az83-442","name":"@waytrade/microservice-core","msg":"HTTP Server on port 57599 stopped"}
{"level":30,"time":1627142787021,"pid":5849,"hostname":"fv-az83-442","name":"@waytrade/microservice-core","msg":"App stopped."}
{"level":30,"time":1627142787024,"pid":5849,"hostname":"fv-az83-442","name":"@waytrade/microservice-core","msg":"Starting App..."}
{"level":20,"time":1627142787025,"pid":5849,"hostname":"fv-az83-442","name":"@waytrade/microservice-core","msg":"HTTP Server listening on port 46039"}
{"level":30,"time":1627142787025,"pid":5849,"hostname":"fv-az83-442","name":"@waytrade/microservice-core","msg":"API Server started at port 46039"}
{"level":20,"time":1627142787025,"pid":5849,"hostname":"fv-az83-442","name":"@waytrade/microservice-core","msg":"Debug message"}
{"level":30,"time":1627142787025,"pid":5849,"hostname":"fv-az83-442","name":"@waytrade/microservice-core","msg":"Info message"}
{"level":40,"time":1627142787025,"pid":5849,"hostname":"fv-az83-442","name":"@waytrade/microservice-core","msg":"Warning message"}
{"level":50,"time":1627142787025,"pid":5849,"hostname":"fv-az83-442","name":"@waytrade/microservice-core","msg":"Error message"}
{"level":20,"time":1627142787025,"pid":5849,"hostname":"fv-az83-442","name":"@waytrade/microservice-core","msg":"HTTP Server on port 46039 stopped"}
{"level":30,"time":1627142787026,"pid":5849,"hostname":"fv-az83-442","name":"@waytrade/microservice-core","msg":"App stopped."}
{"level":20,"time":1627142787388,"pid":5849,"hostname":"fv-az83-442","name":"@waytrade/microservice-core","msg":"HTTP Server listening on port 37061"}
{"level":20,"time":1627142787388,"pid":5849,"hostname":"fv-az83-442","name":"@waytrade/microservice-core","msg":"HTTP Server listening on port 52503"}
{"level":30,"time":1627142787389,"pid":5849,"hostname":"fv-az83-442","name":"@waytrade/microservice-core","msg":"API Server started at port 37061"}
{"level":30,"time":1627142787389,"pid":5849,"hostname":"fv-az83-442","name":"@waytrade/microservice-core","msg":"Webhook Callback Server started at port 52503"}
{"level":20,"time":1627142787390,"pid":5849,"hostname":"fv-az83-442","name":"@waytrade/microservice-core","msg":"HTTP Server on port 37061 stopped"}
{"level":20,"time":1627142787390,"pid":5849,"hostname":"fv-az83-442","name":"@waytrade/microservice-core","msg":"HTTP Server on port 52503 stopped"}
{"level":30,"time":1627142787390,"pid":5849,"hostname":"fv-az83-442","name":"@waytrade/microservice-core","msg":"App stopped."}
{"level":20,"time":1627142787393,"pid":5849,"hostname":"fv-az83-442","name":"@waytrade/microservice-core","msg":"HTTP Server listening on port 56347"}
{"level":20,"time":1627142787394,"pid":5849,"hostname":"fv-az83-442","name":"@waytrade/microservice-core","msg":"HTTP Server listening on port 50133"}
{"level":30,"time":1627142787394,"pid":5849,"hostname":"fv-az83-442","name":"@waytrade/microservice-core","msg":"API Server started at port 56347"}
{"level":30,"time":1627142787394,"pid":5849,"hostname":"fv-az83-442","name":"@waytrade/microservice-core","msg":"Webhook Callback Server started at port 50133"}
{"level":20,"time":1627142787395,"pid":5849,"hostname":"fv-az83-442","name":"@waytrade/microservice-core","msg":"HTTP Server on port 56347 stopped"}
{"level":20,"time":1627142787395,"pid":5849,"hostname":"fv-az83-442","name":"@waytrade/microservice-core","msg":"HTTP Server on port 50133 stopped"}
{"level":30,"time":1627142787395,"pid":5849,"hostname":"fv-az83-442","name":"@waytrade/microservice-core","msg":"App stopped."}
{"level":20,"time":1627142787399,"pid":5849,"hostname":"fv-az83-442","name":"@waytrade/microservice-core","msg":"HTTP Server listening on port 50735"}
{"level":20,"time":1627142787399,"pid":5849,"hostname":"fv-az83-442","name":"@waytrade/microservice-core","msg":"HTTP Server listening on port 33675"}
{"level":20,"time":1627142787400,"pid":5849,"hostname":"fv-az83-442","name":"@waytrade/microservice-core","msg":"HTTP Server on port 50735 stopped"}
{"level":20,"time":1627142787400,"pid":5849,"hostname":"fv-az83-442","name":"@waytrade/microservice-core","msg":"HTTP Server on port 33675 stopped"}
{"level":30,"time":1627142787400,"pid":5849,"hostname":"fv-az83-442","name":"@waytrade/microservice-core","msg":"App stopped."}
{"level":20,"time":1627142787403,"pid":5849,"hostname":"fv-az83-442","name":"@waytrade/microservice-core","msg":"HTTP Server listening on port 54989"}
{"level":20,"time":1627142787403,"pid":5849,"hostname":"fv-az83-442","name":"@waytrade/microservice-core","msg":"HTTP Server listening on port 36387"}
{"level":20,"time":1627142787404,"pid":5849,"hostname":"fv-az83-442","name":"@waytrade/microservice-core","msg":"HTTP Server on port 54989 stopped"}
{"level":20,"time":1627142787404,"pid":5849,"hostname":"fv-az83-442","name":"@waytrade/microservice-core","msg":"HTTP Server on port 36387 stopped"}
{"level":30,"time":1627142787404,"pid":5849,"hostname":"fv-az83-442","name":"@waytrade/microservice-core","msg":"App stopped."}
{"level":20,"time":1627142787407,"pid":5849,"hostname":"fv-az83-442","name":"@waytrade/microservice-core","msg":"HTTP Server listening on port 52675"}
{"level":20,"time":1627142787408,"pid":5849,"hostname":"fv-az83-442","name":"@waytrade/microservice-core","msg":"HTTP Server listening on port 41645"}
{"level":20,"time":1627142787408,"pid":5849,"hostname":"fv-az83-442","name":"@waytrade/microservice-core","msg":"HTTP Server on port 52675 stopped"}
{"level":20,"time":1627142787408,"pid":5849,"hostname":"fv-az83-442","name":"@waytrade/microservice-core","msg":"HTTP Server on port 41645 stopped"}
{"level":30,"time":1627142787408,"pid":5849,"hostname":"fv-az83-442","name":"@waytrade/microservice-core","msg":"App stopped."}
{"level":20,"time":1627142787411,"pid":5849,"hostname":"fv-az83-442","name":"@waytrade/microservice-core","msg":"HTTP Server listening on port 40817"}
{"level":20,"time":1627142787411,"pid":5849,"hostname":"fv-az83-442","name":"@waytrade/microservice-core","msg":"HTTP Server listening on port 44407"}
{"level":20,"time":1627142787412,"pid":5849,"hostname":"fv-az83-442","name":"@waytrade/microservice-core","msg":"HTTP Server on port 40817 stopped"}
{"level":20,"time":1627142787412,"pid":5849,"hostname":"fv-az83-442","name":"@waytrade/microservice-core","msg":"HTTP Server on port 44407 stopped"}
{"level":30,"time":1627142787412,"pid":5849,"hostname":"fv-az83-442","name":"@waytrade/microservice-core","msg":"App stopped."}
{"level":20,"time":1627142787774,"pid":5849,"hostname":"fv-az83-442","name":"@waytrade/microservice-core","msg":"HTTP Server listening on port 42093"}
{"level":30,"time":1627142787775,"pid":5849,"hostname":"fv-az83-442","name":"@waytrade/microservice-core","msg":"API Server started at port 42093"}
{"level":20,"time":1627142787776,"pid":5849,"hostname":"fv-az83-442","name":"@waytrade/microservice-core","msg":"HTTP Server on port 42093 stopped"}
{"level":30,"time":1627142787776,"pid":5849,"hostname":"fv-az83-442","name":"@waytrade/microservice-core","msg":"App stopped."}
{"level":20,"time":1627142787779,"pid":5849,"hostname":"fv-az83-442","name":"@waytrade/microservice-core","msg":"HTTP Server listening on port 52351"}
{"level":30,"time":1627142787780,"pid":5849,"hostname":"fv-az83-442","name":"@waytrade/microservice-core","msg":"API Server started at port 52351"}
{"level":20,"time":1627142787781,"pid":5849,"hostname":"fv-az83-442","name":"@waytrade/microservice-core","msg":"HTTP Server on port 52351 stopped"}
{"level":30,"time":1627142787781,"pid":5849,"hostname":"fv-az83-442","name":"@waytrade/microservice-core","msg":"App stopped."}
{"level":20,"time":1627142787785,"pid":5849,"hostname":"fv-az83-442","name":"@waytrade/microservice-core","msg":"HTTP Server listening on port 40325"}
{"level":20,"time":1627142787786,"pid":5849,"hostname":"fv-az83-442","name":"@waytrade/microservice-core","msg":"HTTP Server on port 40325 stopped"}
{"level":30,"time":1627142787786,"pid":5849,"hostname":"fv-az83-442","name":"@waytrade/microservice-core","msg":"App stopped."}
{"level":20,"time":1627142787788,"pid":5849,"hostname":"fv-az83-442","name":"@waytrade/microservice-core","msg":"HTTP Server listening on port 50951"}
{"level":20,"time":1627142787789,"pid":5849,"hostname":"fv-az83-442","name":"@waytrade/microservice-core","msg":"HTTP Server on port 50951 stopped"}
{"level":30,"time":1627142787789,"pid":5849,"hostname":"fv-az83-442","name":"@waytrade/microservice-core","msg":"App stopped."}
{"level":20,"time":1627142787792,"pid":5849,"hostname":"fv-az83-442","name":"@waytrade/microservice-core","msg":"HTTP Server listening on port 35821"}
{"level":20,"time":1627142787793,"pid":5849,"hostname":"fv-az83-442","name":"@waytrade/microservice-core","msg":"HTTP Server on port 35821 stopped"}
{"level":30,"time":1627142787793,"pid":5849,"hostname":"fv-az83-442","name":"@waytrade/microservice-core","msg":"App stopped."}
{"level":20,"time":1627142787795,"pid":5849,"hostname":"fv-az83-442","name":"@waytrade/microservice-core","msg":"HTTP Server listening on port 53055"}
{"level":20,"time":1627142787796,"pid":5849,"hostname":"fv-az83-442","name":"@waytrade/microservice-core","msg":"HTTP Server on port 53055 stopped"}
{"level":30,"time":1627142787796,"pid":5849,"hostname":"fv-az83-442","name":"@waytrade/microservice-core","msg":"App stopped."}
{"level":20,"time":1627142788196,"pid":5849,"hostname":"fv-az83-442","name":"@waytrade/microservice-core","msg":"HTTP Server listening on port 57115"}
{"level":20,"time":1627142788215,"pid":5849,"hostname":"fv-az83-442","name":"@waytrade/microservice-core","msg":"HTTP Server on port 57115 stopped"}
{"level":20,"time":1627142788217,"pid":5849,"hostname":"fv-az83-442","name":"@waytrade/microservice-core","msg":"HTTP Server listening on port 50165"}
{"level":50,"time":1627142788227,"pid":5849,"hostname":"fv-az83-442","name":"@waytrade/microservice-core","msg":"Binary data on websocket not supported."}
{"level":20,"time":1627142788229,"pid":5849,"hostname":"fv-az83-442","name":"@waytrade/microservice-core","msg":"HTTP Server on port 50165 stopped"}
{"level":20,"time":1627142788230,"pid":5849,"hostname":"fv-az83-442","name":"@waytrade/microservice-core","msg":"HTTP Server listening on port 52119"}
{"level":20,"time":1627142788234,"pid":5849,"hostname":"fv-az83-442","name":"@waytrade/microservice-core","msg":"HTTP Server on port 52119 stopped"}
{"level":20,"time":1627142788234,"pid":5849,"hostname":"fv-az83-442","name":"@waytrade/microservice-core","msg":"HTTP Server on port -1 stopped"}
{"level":20,"time":1627142788236,"pid":5849,"hostname":"fv-az83-442","name":"@waytrade/microservice-core","msg":"HTTP Server listening on port 36743"}
{"level":20,"time":1627142789242,"pid":5849,"hostname":"fv-az83-442","name":"@waytrade/microservice-core","msg":"HTTP Server on port 36743 stopped"}
{"level":20,"time":1627142789244,"pid":5849,"hostname":"fv-az83-442","name":"@waytrade/microservice-core","msg":"HTTP Server listening on port 40289"}
{"level":20,"time":1627142789420,"pid":5849,"hostname":"fv-az83-442","name":"@waytrade/microservice-core","msg":"HTTP Server on port 40289 stopped"}
{"level":20,"time":1627142789422,"pid":5849,"hostname":"fv-az83-442","name":"@waytrade/microservice-core","msg":"HTTP Server listening on port 44433"}
{"level":20,"time":1627142789728,"pid":5849,"hostname":"fv-az83-442","name":"@waytrade/microservice-core","msg":"HTTP Server on port 44433 stopped"}
{"level":20,"time":1627142790057,"pid":5849,"hostname":"fv-az83-442","name":"@waytrade/microservice-core","msg":"HTTP Server listening on port 56037"}
{"level":30,"time":1627142790058,"pid":5849,"hostname":"fv-az83-442","name":"@waytrade/microservice-core","msg":"API Server started at port 56037"}
{"level":20,"time":1627142790059,"pid":5849,"hostname":"fv-az83-442","name":"@waytrade/microservice-core","msg":"HTTP Server on port 56037 stopped"}
{"level":30,"time":1627142790059,"pid":5849,"hostname":"fv-az83-442","name":"@waytrade/microservice-core","msg":"App stopped."}
{"level":20,"time":1627142790062,"pid":5849,"hostname":"fv-az83-442","name":"@waytrade/microservice-core","msg":"HTTP Server listening on port 60507"}
{"level":30,"time":1627142790063,"pid":5849,"hostname":"fv-az83-442","name":"@waytrade/microservice-core","msg":"API Server started at port 60507"}
{"level":20,"time":1627142790064,"pid":5849,"hostname":"fv-az83-442","name":"@waytrade/microservice-core","msg":"HTTP Server on port 60507 stopped"}
{"level":30,"time":1627142790064,"pid":5849,"hostname":"fv-az83-442","name":"@waytrade/microservice-core","msg":"App stopped."}
{"level":30,"time":1627142790067,"pid":5849,"hostname":"fv-az83-442","name":"@waytrade/microservice-core","msg":"App stopped."}
{"level":30,"time":1627142790072,"pid":5849,"hostname":"fv-az83-442","name":"@waytrade/microservice-core","msg":"App stopped."}
{"level":30,"time":1627142790075,"pid":5849,"hostname":"fv-az83-442","name":"@waytrade/microservice-core","msg":"App stopped."}
{"level":30,"time":1627142790091,"pid":5849,"hostname":"fv-az83-442","name":"@waytrade/microservice-core","msg":"App stopped."}
{"level":20,"time":1627142790439,"pid":5849,"hostname":"fv-az83-442","name":"@waytrade/microservice-core","msg":"HTTP Server listening on port 53713"}
{"level":20,"time":1627142790440,"pid":5849,"hostname":"fv-az83-442","name":"@waytrade/microservice-core","msg":"HTTP Server on port 53713 stopped"}
{"level":20,"time":1627142790441,"pid":5849,"hostname":"fv-az83-442","name":"@waytrade/microservice-core","msg":"HTTP Server listening on port 3999"}
{"level":20,"time":1627142790442,"pid":5849,"hostname":"fv-az83-442","name":"@waytrade/microservice-core","msg":"HTTP Server on port 3999 stopped"}
{"level":20,"time":1627142790443,"pid":5849,"hostname":"fv-az83-442","name":"@waytrade/microservice-core","msg":"HTTP Server listening on port 37805"}
{"level":20,"time":1627142790449,"pid":5849,"hostname":"fv-az83-442","name":"@waytrade/microservice-core","msg":"/some/invalid/path not found."}
{"level":20,"time":1627142790452,"pid":5849,"hostname":"fv-az83-442","name":"@waytrade/microservice-core","msg":"HTTP Server on port 37805 stopped"}
{"level":20,"time":1627142790453,"pid":5849,"hostname":"fv-az83-442","name":"@waytrade/microservice-core","msg":"HTTP Server listening on port 53775"}
{"level":20,"time":1627142790460,"pid":5849,"hostname":"fv-az83-442","name":"@waytrade/microservice-core","msg":"HTTP Server on port 53775 stopped"}
{"level":20,"time":1627142790462,"pid":5849,"hostname":"fv-az83-442","name":"@waytrade/microservice-core","msg":"HTTP Server listening on port 59233"}
{"level":20,"time":1627142790475,"pid":5849,"hostname":"fv-az83-442","name":"@waytrade/microservice-core","msg":"HTTP Server on port 59233 stopped"}
{"level":20,"time":1627142790476,"pid":5849,"hostname":"fv-az83-442","name":"@waytrade/microservice-core","msg":"HTTP Server listening on port 33685"}
{"level":20,"time":1627142790481,"pid":5849,"hostname":"fv-az83-442","name":"@waytrade/microservice-core","msg":"HTTP get /api/dummy/customResponseHeader -> 200 (1ms)"}
{"level":20,"time":1627142790483,"pid":5849,"hostname":"fv-az83-442","name":"@waytrade/microservice-core","msg":"HTTP Server on port 33685 stopped"}
{"level":20,"time":1627142790790,"pid":5849,"hostname":"fv-az83-442","name":"@waytrade/microservice-core","msg":"HTTP Server listening on port 40955"}
{"level":20,"time":1627142790791,"pid":5849,"hostname":"fv-az83-442","name":"@waytrade/microservice-core","msg":"HTTP Server listening on port 39959"}
{"level":30,"time":1627142790791,"pid":5849,"hostname":"fv-az83-442","name":"@waytrade/microservice-core","msg":"API Server started at port 40955"}
{"level":30,"time":1627142790791,"pid":5849,"hostname":"fv-az83-442","name":"@waytrade/microservice-core","msg":"Webhook Callback Server started at port 39959"}
{"level":20,"time":1627142790792,"pid":5849,"hostname":"fv-az83-442","name":"@waytrade/microservice-core","msg":"HTTP Server on port 40955 stopped"}
{"level":20,"time":1627142790792,"pid":5849,"hostname":"fv-az83-442","name":"@waytrade/microservice-core","msg":"HTTP Server on port 39959 stopped"}
{"level":30,"time":1627142790792,"pid":5849,"hostname":"fv-az83-442","name":"@waytrade/microservice-core","msg":"App stopped."}
{"level":20,"time":1627142790795,"pid":5849,"hostname":"fv-az83-442","name":"@waytrade/microservice-core","msg":"HTTP Server listening on port 34211"}
{"level":20,"time":1627142790795,"pid":5849,"hostname":"fv-az83-442","name":"@waytrade/microservice-core","msg":"HTTP Server listening on port 60463"}
{"level":30,"time":1627142790796,"pid":5849,"hostname":"fv-az83-442","name":"@waytrade/microservice-core","msg":"API Server started at port 34211"}
{"level":30,"time":1627142790796,"pid":5849,"hostname":"fv-az83-442","name":"@waytrade/microservice-core","msg":"Webhook Callback Server started at port 60463"}
{"level":20,"time":1627142790796,"pid":5849,"hostname":"fv-az83-442","name":"@waytrade/microservice-core","msg":"HTTP Server on port 34211 stopped"}
{"level":20,"time":1627142790796,"pid":5849,"hostname":"fv-az83-442","name":"@waytrade/microservice-core","msg":"HTTP Server on port 60463 stopped"}
{"level":30,"time":1627142790796,"pid":5849,"hostname":"fv-az83-442","name":"@waytrade/microservice-core","msg":"App stopped."}
{"level":20,"time":1627142790799,"pid":5849,"hostname":"fv-az83-442","name":"@waytrade/microservice-core","msg":"HTTP Server listening on port 50435"}
{"level":20,"time":1627142790800,"pid":5849,"hostname":"fv-az83-442","name":"@waytrade/microservice-core","msg":"HTTP Server listening on port 56541"}
{"level":30,"time":1627142790800,"pid":5849,"hostname":"fv-az83-442","name":"@waytrade/microservice-core","msg":"API Server started at port 50435"}
{"level":30,"time":1627142790800,"pid":5849,"hostname":"fv-az83-442","name":"@waytrade/microservice-core","msg":"Webhook Callback Server started at port 56541"}
{"level":20,"time":1627142790800,"pid":5849,"hostname":"fv-az83-442","name":"@waytrade/microservice-core","msg":"HTTP Server on port 50435 stopped"}
{"level":20,"time":1627142790800,"pid":5849,"hostname":"fv-az83-442","name":"@waytrade/microservice-core","msg":"HTTP Server on port 56541 stopped"}
{"level":30,"time":1627142790800,"pid":5849,"hostname":"fv-az83-442","name":"@waytrade/microservice-core","msg":"App stopped."}
{"level":20,"time":1627142790803,"pid":5849,"hostname":"fv-az83-442","name":"@waytrade/microservice-core","msg":"HTTP Server listening on port 33025"}
{"level":20,"time":1627142790804,"pid":5849,"hostname":"fv-az83-442","name":"@waytrade/microservice-core","msg":"HTTP Server listening on port 51547"}
{"level":30,"time":1627142790804,"pid":5849,"hostname":"fv-az83-442","name":"@waytrade/microservice-core","msg":"API Server started at port 33025"}
{"level":30,"time":1627142790804,"pid":5849,"hostname":"fv-az83-442","name":"@waytrade/microservice-core","msg":"Webhook Callback Server started at port 51547"}
{"level":20,"time":1627142790804,"pid":5849,"hostname":"fv-az83-442","name":"@waytrade/microservice-core","msg":"HTTP Server on port 33025 stopped"}
{"level":20,"time":1627142790804,"pid":5849,"hostname":"fv-az83-442","name":"@waytrade/microservice-core","msg":"HTTP Server on port 51547 stopped"}
{"level":30,"time":1627142790804,"pid":5849,"hostname":"fv-az83-442","name":"@waytrade/microservice-core","msg":"App stopped."}
{"level":20,"time":1627142791112,"pid":5849,"hostname":"fv-az83-442","name":"@waytrade/microservice-core","msg":"HTTP Server listening on port 48439"}
{"level":30,"time":1627142791113,"pid":5849,"hostname":"fv-az83-442","name":"@waytrade/microservice-core","msg":"API Server started at port 48439"}
{"level":20,"time":1627142791113,"pid":5849,"hostname":"fv-az83-442","name":"@waytrade/microservice-core","msg":"HTTP Server on port 48439 stopped"}
{"level":30,"time":1627142791113,"pid":5849,"hostname":"fv-az83-442","name":"@waytrade/microservice-core","msg":"App stopped."}
{"level":20,"time":1627142791120,"pid":5849,"hostname":"fv-az83-442","name":"@waytrade/microservice-core","msg":"HTTP Server listening on port 60867"}
{"level":30,"time":1627142791121,"pid":5849,"hostname":"fv-az83-442","name":"@waytrade/microservice-core","msg":"API Server started at port 60867"}
{"level":20,"time":1627142791121,"pid":5849,"hostname":"fv-az83-442","name":"@waytrade/microservice-core","msg":"HTTP Server on port 60867 stopped"}
{"level":30,"time":1627142791121,"pid":5849,"hostname":"fv-az83-442","name":"@waytrade/microservice-core","msg":"App stopped."}
{"level":20,"time":1627142791124,"pid":5849,"hostname":"fv-az83-442","name":"@waytrade/microservice-core","msg":"HTTP Server listening on port 43965"}
{"level":30,"time":1627142791125,"pid":5849,"hostname":"fv-az83-442","name":"@waytrade/microservice-core","msg":"API Server started at port 43965"}
{"level":20,"time":1627142791125,"pid":5849,"hostname":"fv-az83-442","name":"@waytrade/microservice-core","msg":"HTTP Server on port 43965 stopped"}
{"level":30,"time":1627142791125,"pid":5849,"hostname":"fv-az83-442","name":"@waytrade/microservice-core","msg":"App stopped."}
{"level":20,"time":1627142791128,"pid":5849,"hostname":"fv-az83-442","name":"@waytrade/microservice-core","msg":"HTTP Server listening on port 60067"}
{"level":30,"time":1627142791128,"pid":5849,"hostname":"fv-az83-442","name":"@waytrade/microservice-core","msg":"API Server started at port 60067"}
{"level":20,"time":1627142791129,"pid":5849,"hostname":"fv-az83-442","name":"@waytrade/microservice-core","msg":"HTTP Server on port 60067 stopped"}
{"level":30,"time":1627142791129,"pid":5849,"hostname":"fv-az83-442","name":"@waytrade/microservice-core","msg":"App stopped."}
{"level":20,"time":1627142791454,"pid":5849,"hostname":"fv-az83-442","name":"@waytrade/microservice-core","msg":"HTTP Server listening on port 34983"}
{"level":30,"time":1627142791455,"pid":5849,"hostname":"fv-az83-442","name":"@waytrade/microservice-core","msg":"API Server started at port 34983"}
{"level":20,"time":1627142791455,"pid":5849,"hostname":"fv-az83-442","name":"@waytrade/microservice-core","msg":"HTTP Server on port 34983 stopped"}
{"level":30,"time":1627142791456,"pid":5849,"hostname":"fv-az83-442","name":"@waytrade/microservice-core","msg":"App stopped."}
{"level":20,"time":1627142791459,"pid":5849,"hostname":"fv-az83-442","name":"@waytrade/microservice-core","msg":"HTTP Server listening on port 33961"}
{"level":30,"time":1627142791459,"pid":5849,"hostname":"fv-az83-442","name":"@waytrade/microservice-core","msg":"API Server started at port 33961"}
{"level":20,"time":1627142791460,"pid":5849,"hostname":"fv-az83-442","name":"@waytrade/microservice-core","msg":"HTTP Server on port 33961 stopped"}
{"level":30,"time":1627142791460,"pid":5849,"hostname":"fv-az83-442","name":"@waytrade/microservice-core","msg":"App stopped."}
{"level":20,"time":1627142791463,"pid":5849,"hostname":"fv-az83-442","name":"@waytrade/microservice-core","msg":"HTTP Server listening on port 34883"}
{"level":30,"time":1627142791463,"pid":5849,"hostname":"fv-az83-442","name":"@waytrade/microservice-core","msg":"API Server started at port 34883"}
{"level":20,"time":1627142791464,"pid":5849,"hostname":"fv-az83-442","name":"@waytrade/microservice-core","msg":"HTTP Server on port 34883 stopped"}
{"level":30,"time":1627142791464,"pid":5849,"hostname":"fv-az83-442","name":"@waytrade/microservice-core","msg":"App stopped."}
{"level":20,"time":1627142791466,"pid":5849,"hostname":"fv-az83-442","name":"@waytrade/microservice-core","msg":"HTTP Server listening on port 51877"}
{"level":30,"time":1627142791467,"pid":5849,"hostname":"fv-az83-442","name":"@waytrade/microservice-core","msg":"API Server started at port 51877"}
{"level":20,"time":1627142791467,"pid":5849,"hostname":"fv-az83-442","name":"@waytrade/microservice-core","msg":"HTTP Server on port 51877 stopped"}
{"level":30,"time":1627142791467,"pid":5849,"hostname":"fv-az83-442","name":"@waytrade/microservice-core","msg":"App stopped."}
{"level":20,"time":1627142791786,"pid":5849,"hostname":"fv-az83-442","name":"@waytrade/microservice-core","msg":"HTTP Server listening on port 42919"}
{"level":20,"time":1627142791787,"pid":5849,"hostname":"fv-az83-442","name":"@waytrade/microservice-core","msg":"HTTP Server listening on port 34499"}
{"level":30,"time":1627142791787,"pid":5849,"hostname":"fv-az83-442","name":"@waytrade/microservice-core","msg":"API Server started at port 42919"}
{"level":30,"time":1627142791787,"pid":5849,"hostname":"fv-az83-442","name":"@waytrade/microservice-core","msg":"Webhook Callback Server started at port 34499"}
{"level":20,"time":1627142791792,"pid":5849,"hostname":"fv-az83-442","name":"@waytrade/microservice-core","msg":"HTTP get /api/ -> 200 (0ms)"}
{"level":20,"time":1627142791795,"pid":5849,"hostname":"fv-az83-442","name":"@waytrade/microservice-core","msg":"HTTP Server on port 42919 stopped"}
{"level":20,"time":1627142791795,"pid":5849,"hostname":"fv-az83-442","name":"@waytrade/microservice-core","msg":"HTTP Server on port 34499 stopped"}
{"level":30,"time":1627142791795,"pid":5849,"hostname":"fv-az83-442","name":"@waytrade/microservice-core","msg":"App stopped."}
{"level":20,"time":1627142791798,"pid":5849,"hostname":"fv-az83-442","name":"@waytrade/microservice-core","msg":"HTTP Server listening on port 46023"}
{"level":20,"time":1627142791799,"pid":5849,"hostname":"fv-az83-442","name":"@waytrade/microservice-core","msg":"HTTP Server listening on port 35061"}
{"level":30,"time":1627142791799,"pid":5849,"hostname":"fv-az83-442","name":"@waytrade/microservice-core","msg":"API Server started at port 46023"}
{"level":30,"time":1627142791799,"pid":5849,"hostname":"fv-az83-442","name":"@waytrade/microservice-core","msg":"Webhook Callback Server started at port 35061"}
{"level":20,"time":1627142791809,"pid":5849,"hostname":"fv-az83-442","name":"@waytrade/microservice-core","msg":"HTTP get / -> 200 (0ms)"}
{"level":20,"time":1627142791812,"pid":5849,"hostname":"fv-az83-442","name":"@waytrade/microservice-core","msg":"HTTP Server on port 46023 stopped"}
{"level":20,"time":1627142791812,"pid":5849,"hostname":"fv-az83-442","name":"@waytrade/microservice-core","msg":"HTTP Server on port 35061 stopped"}
{"level":30,"time":1627142791812,"pid":5849,"hostname":"fv-az83-442","name":"@waytrade/microservice-core","msg":"App stopped."}
{"level":20,"time":1627142791815,"pid":5849,"hostname":"fv-az83-442","name":"@waytrade/microservice-core","msg":"HTTP Server listening on port 45165"}
{"level":20,"time":1627142791816,"pid":5849,"hostname":"fv-az83-442","name":"@waytrade/microservice-core","msg":"HTTP Server listening on port 45723"}
{"level":30,"time":1627142791816,"pid":5849,"hostname":"fv-az83-442","name":"@waytrade/microservice-core","msg":"API Server started at port 45165"}
{"level":30,"time":1627142791816,"pid":5849,"hostname":"fv-az83-442","name":"@waytrade/microservice-core","msg":"Webhook Callback Server started at port 45723"}
{"level":20,"time":1627142791819,"pid":5849,"hostname":"fv-az83-442","name":"@waytrade/microservice-core","msg":"HTTP get /api/ -> 200 (0ms)"}
{"level":20,"time":1627142791824,"pid":5849,"hostname":"fv-az83-442","name":"@waytrade/microservice-core","msg":"HTTP Server on port 45165 stopped"}
{"level":20,"time":1627142791824,"pid":5849,"hostname":"fv-az83-442","name":"@waytrade/microservice-core","msg":"HTTP Server on port 45723 stopped"}
{"level":30,"time":1627142791824,"pid":5849,"hostname":"fv-az83-442","name":"@waytrade/microservice-core","msg":"App stopped."}
{"level":20,"time":1627142792443,"pid":5849,"hostname":"fv-az83-442","name":"@waytrade/microservice-core","msg":"HTTP Server listening on port 52543"}
{"level":30,"time":1627142792444,"pid":5849,"hostname":"fv-az83-442","name":"@waytrade/microservice-core","msg":"API Server started at port 52543"}
{"level":20,"time":1627142792445,"pid":5849,"hostname":"fv-az83-442","name":"@waytrade/microservice-core","msg":"HTTP Server on port 52543 stopped"}
{"level":30,"time":1627142792445,"pid":5849,"hostname":"fv-az83-442","name":"@waytrade/microservice-core","msg":"App stopped."}
{"level":20,"time":1627142792448,"pid":5849,"hostname":"fv-az83-442","name":"@waytrade/microservice-core","msg":"HTTP Server listening on port 40639"}
{"level":20,"time":1627142792449,"pid":5849,"hostname":"fv-az83-442","name":"@waytrade/microservice-core","msg":"HTTP Server on port 40639 stopped"}
{"level":30,"time":1627142792449,"pid":5849,"hostname":"fv-az83-442","name":"@waytrade/microservice-core","msg":"App stopped."}
{"level":20,"time":1627142792452,"pid":5849,"hostname":"fv-az83-442","name":"@waytrade/microservice-core","msg":"HTTP Server listening on port 34201"}
{"level":20,"time":1627142792453,"pid":5849,"hostname":"fv-az83-442","name":"@waytrade/microservice-core","msg":"HTTP Server on port 34201 stopped"}
{"level":30,"time":1627142792453,"pid":5849,"hostname":"fv-az83-442","name":"@waytrade/microservice-core","msg":"App stopped."}
{"level":20,"time":1627142792767,"pid":5849,"hostname":"fv-az83-442","name":"@waytrade/microservice-core","msg":"HTTP Server listening on port 33717"}
{"level":30,"time":1627142792768,"pid":5849,"hostname":"fv-az83-442","name":"@waytrade/microservice-core","msg":"API Server started at port 33717"}
{"level":20,"time":1627142792769,"pid":5849,"hostname":"fv-az83-442","name":"@waytrade/microservice-core","msg":"HTTP Server on port 33717 stopped"}
{"level":30,"time":1627142792769,"pid":5849,"hostname":"fv-az83-442","name":"@waytrade/microservice-core","msg":"App stopped."}
{"level":20,"time":1627142792774,"pid":5849,"hostname":"fv-az83-442","name":"@waytrade/microservice-core","msg":"HTTP Server listening on port 46803"}
{"level":30,"time":1627142792775,"pid":5849,"hostname":"fv-az83-442","name":"@waytrade/microservice-core","msg":"API Server started at port 46803"}
{"level":20,"time":1627142792776,"pid":5849,"hostname":"fv-az83-442","name":"@waytrade/microservice-core","msg":"HTTP Server on port 46803 stopped"}
{"level":30,"time":1627142792776,"pid":5849,"hostname":"fv-az83-442","name":"@waytrade/microservice-core","msg":"App stopped."}
