{"level":20,"time":1626523372244,"pid":5795,"hostname":"fv-az77-843","name":"@waytrade/microservice-core","msg":"HTTP Server listening on port 60859"}
{"level":20,"time":1626523372274,"pid":5795,"hostname":"fv-az77-843","name":"@waytrade/microservice-core","msg":"HTTP get /openapi.json -> 200 (3ms)"}
{"level":20,"time":1626523372279,"pid":5795,"hostname":"fv-az77-843","name":"@waytrade/microservice-core","msg":"HTTP Server on port 60859 stopped"}
{"level":20,"time":1626523372282,"pid":5795,"hostname":"fv-az77-843","name":"@waytrade/microservice-core","msg":"HTTP Server listening on port 58551"}
{"level":20,"time":1626523372287,"pid":5795,"hostname":"fv-az77-843","name":"@waytrade/microservice-core","msg":"HTTP get /openapi.json -> 200 (1ms)"}
{"level":20,"time":1626523372314,"pid":5795,"hostname":"fv-az77-843","name":"@waytrade/microservice-core","msg":"HTTP Server on port 58551 stopped"}
{"level":20,"time":1626523372317,"pid":5795,"hostname":"fv-az77-843","name":"@waytrade/microservice-core","msg":"HTTP Server listening on port 42363"}
{"level":20,"time":1626523372322,"pid":5795,"hostname":"fv-az77-843","name":"@waytrade/microservice-core","msg":"HTTP Server listening on port 49765"}
{"level":20,"time":1626523372326,"pid":5795,"hostname":"fv-az77-843","name":"@waytrade/microservice-core","msg":"HTTP get /openapi.json -> 200 (0ms)"}
{"level":20,"time":1626523372326,"pid":5795,"hostname":"fv-az77-843","name":"@waytrade/microservice-core","msg":"HTTP get / -> 200 (0ms)"}
{"level":20,"time":1626523372333,"pid":5795,"hostname":"fv-az77-843","name":"@waytrade/microservice-core","msg":"HTTP Server on port 42363 stopped"}
{"level":20,"time":1626523372335,"pid":5795,"hostname":"fv-az77-843","name":"@waytrade/microservice-core","msg":"HTTP Server on port 49765 stopped"}
{"level":20,"time":1626523372337,"pid":5795,"hostname":"fv-az77-843","name":"@waytrade/microservice-core","msg":"HTTP Server listening on port 45697"}
{"level":20,"time":1626523372346,"pid":5795,"hostname":"fv-az77-843","name":"@waytrade/microservice-core","msg":"HTTP get /swagger-ui.css -> 200 (4ms)"}
{"level":20,"time":1626523372351,"pid":5795,"hostname":"fv-az77-843","name":"@waytrade/microservice-core","msg":"HTTP Server on port 45697 stopped"}
{"level":20,"time":1626523372353,"pid":5795,"hostname":"fv-az77-843","name":"@waytrade/microservice-core","msg":"HTTP Server listening on port 35765"}
{"level":20,"time":1626523372376,"pid":5795,"hostname":"fv-az77-843","name":"@waytrade/microservice-core","msg":"HTTP get /swagger-ui-bundle.js -> 200 (18ms)"}
{"level":20,"time":1626523372392,"pid":5795,"hostname":"fv-az77-843","name":"@waytrade/microservice-core","msg":"HTTP Server on port 35765 stopped"}
{"level":20,"time":1626523372393,"pid":5795,"hostname":"fv-az77-843","name":"@waytrade/microservice-core","msg":"HTTP Server listening on port 47379"}
{"level":20,"time":1626523372403,"pid":5795,"hostname":"fv-az77-843","name":"@waytrade/microservice-core","msg":"HTTP get /swagger-ui-standalone-preset.js -> 200 (6ms)"}
{"level":20,"time":1626523372409,"pid":5795,"hostname":"fv-az77-843","name":"@waytrade/microservice-core","msg":"HTTP Server on port 47379 stopped"}
{"level":30,"time":1626523372943,"pid":5795,"hostname":"fv-az77-843","name":"@waytrade/microservice-core","msg":"Starting App..."}
{"level":20,"time":1626523372952,"pid":5795,"hostname":"fv-az77-843","name":"@waytrade/microservice-core","msg":"HTTP Server listening on port 44739"}
{"level":20,"time":1626523372953,"pid":5795,"hostname":"fv-az77-843","name":"@waytrade/microservice-core","msg":"HTTP Server listening on port 47353"}
{"level":30,"time":1626523372953,"pid":5795,"hostname":"fv-az77-843","name":"@waytrade/microservice-core","msg":"REST API Server started at port 47353"}
{"level":30,"time":1626523372953,"pid":5795,"hostname":"fv-az77-843","name":"@waytrade/microservice-core","msg":"Webhook Callback Server started at port 44739"}
{"level":20,"time":1626523372961,"pid":5795,"hostname":"fv-az77-843","name":"@waytrade/microservice-core","msg":"HTTP post /subscribe -> 400 (0ms)"}
{"level":20,"time":1626523372964,"pid":5795,"hostname":"fv-az77-843","name":"@waytrade/microservice-core","msg":"HTTP Server on port 47353 stopped"}
{"level":20,"time":1626523372964,"pid":5795,"hostname":"fv-az77-843","name":"@waytrade/microservice-core","msg":"HTTP Server on port 44739 stopped"}
{"level":30,"time":1626523372964,"pid":5795,"hostname":"fv-az77-843","name":"@waytrade/microservice-core","msg":"App stopped."}
{"level":30,"time":1626523372967,"pid":5795,"hostname":"fv-az77-843","name":"@waytrade/microservice-core","msg":"Starting App..."}
{"level":20,"time":1626523372968,"pid":5795,"hostname":"fv-az77-843","name":"@waytrade/microservice-core","msg":"HTTP Server listening on port 48711"}
{"level":20,"time":1626523372968,"pid":5795,"hostname":"fv-az77-843","name":"@waytrade/microservice-core","msg":"HTTP Server listening on port 55169"}
{"level":30,"time":1626523372968,"pid":5795,"hostname":"fv-az77-843","name":"@waytrade/microservice-core","msg":"REST API Server started at port 55169"}
{"level":30,"time":1626523372968,"pid":5795,"hostname":"fv-az77-843","name":"@waytrade/microservice-core","msg":"Webhook Callback Server started at port 48711"}
{"level":20,"time":1626523372974,"pid":5795,"hostname":"fv-az77-843","name":"@waytrade/microservice-core","msg":"HTTP post /subscribe -> 201 (1ms)"}
{"level":20,"time":1626523372982,"pid":5795,"hostname":"fv-az77-843","name":"@waytrade/microservice-core","msg":"HTTP post /subscribe -> 204 (0ms)"}
{"level":20,"time":1626523372985,"pid":5795,"hostname":"fv-az77-843","name":"@waytrade/microservice-core","msg":"HTTP Server on port 55169 stopped"}
{"level":20,"time":1626523372985,"pid":5795,"hostname":"fv-az77-843","name":"@waytrade/microservice-core","msg":"HTTP Server on port 48711 stopped"}
{"level":30,"time":1626523372985,"pid":5795,"hostname":"fv-az77-843","name":"@waytrade/microservice-core","msg":"App stopped."}
{"level":30,"time":1626523372987,"pid":5795,"hostname":"fv-az77-843","name":"@waytrade/microservice-core","msg":"Starting App..."}
{"level":20,"time":1626523372988,"pid":5795,"hostname":"fv-az77-843","name":"@waytrade/microservice-core","msg":"HTTP Server listening on port 58595"}
{"level":20,"time":1626523372988,"pid":5795,"hostname":"fv-az77-843","name":"@waytrade/microservice-core","msg":"HTTP Server listening on port 53135"}
{"level":30,"time":1626523372988,"pid":5795,"hostname":"fv-az77-843","name":"@waytrade/microservice-core","msg":"REST API Server started at port 53135"}
{"level":30,"time":1626523372989,"pid":5795,"hostname":"fv-az77-843","name":"@waytrade/microservice-core","msg":"Webhook Callback Server started at port 58595"}
{"level":20,"time":1626523373001,"pid":5795,"hostname":"fv-az77-843","name":"@waytrade/microservice-core","msg":"HTTP post /subscribe -> 201 (0ms)"}
{"level":20,"time":1626523373009,"pid":5795,"hostname":"fv-az77-843","name":"@waytrade/microservice-core","msg":"HTTP post /subscribe -> 201 (0ms)"}
{"level":20,"time":1626523373012,"pid":5795,"hostname":"fv-az77-843","name":"@waytrade/microservice-core","msg":"HTTP Server on port 53135 stopped"}
{"level":20,"time":1626523373012,"pid":5795,"hostname":"fv-az77-843","name":"@waytrade/microservice-core","msg":"HTTP Server on port 58595 stopped"}
{"level":30,"time":1626523373012,"pid":5795,"hostname":"fv-az77-843","name":"@waytrade/microservice-core","msg":"App stopped."}
{"level":30,"time":1626523373015,"pid":5795,"hostname":"fv-az77-843","name":"@waytrade/microservice-core","msg":"Starting App..."}
{"level":20,"time":1626523373015,"pid":5795,"hostname":"fv-az77-843","name":"@waytrade/microservice-core","msg":"HTTP Server listening on port 35811"}
{"level":20,"time":1626523373016,"pid":5795,"hostname":"fv-az77-843","name":"@waytrade/microservice-core","msg":"HTTP Server listening on port 40809"}
{"level":30,"time":1626523373016,"pid":5795,"hostname":"fv-az77-843","name":"@waytrade/microservice-core","msg":"REST API Server started at port 40809"}
{"level":30,"time":1626523373016,"pid":5795,"hostname":"fv-az77-843","name":"@waytrade/microservice-core","msg":"Webhook Callback Server started at port 35811"}
{"level":20,"time":1626523373020,"pid":5795,"hostname":"fv-az77-843","name":"@waytrade/microservice-core","msg":"HTTP post /subscribe -> 201 (0ms)"}
{"level":20,"time":1626523373026,"pid":5795,"hostname":"fv-az77-843","name":"@waytrade/microservice-core","msg":"HTTP post /unsubscribe -> 200 (0ms)"}
{"level":20,"time":1626523373029,"pid":5795,"hostname":"fv-az77-843","name":"@waytrade/microservice-core","msg":"HTTP Server on port 40809 stopped"}
{"level":20,"time":1626523373029,"pid":5795,"hostname":"fv-az77-843","name":"@waytrade/microservice-core","msg":"HTTP Server on port 35811 stopped"}
{"level":30,"time":1626523373029,"pid":5795,"hostname":"fv-az77-843","name":"@waytrade/microservice-core","msg":"App stopped."}
{"level":30,"time":1626523373031,"pid":5795,"hostname":"fv-az77-843","name":"@waytrade/microservice-core","msg":"Starting App..."}
{"level":20,"time":1626523373032,"pid":5795,"hostname":"fv-az77-843","name":"@waytrade/microservice-core","msg":"HTTP Server listening on port 57141"}
{"level":20,"time":1626523373032,"pid":5795,"hostname":"fv-az77-843","name":"@waytrade/microservice-core","msg":"HTTP Server listening on port 43499"}
{"level":30,"time":1626523373032,"pid":5795,"hostname":"fv-az77-843","name":"@waytrade/microservice-core","msg":"REST API Server started at port 43499"}
{"level":30,"time":1626523373033,"pid":5795,"hostname":"fv-az77-843","name":"@waytrade/microservice-core","msg":"Webhook Callback Server started at port 57141"}
{"level":20,"time":1626523373036,"pid":5795,"hostname":"fv-az77-843","name":"@waytrade/microservice-core","msg":"HTTP post /unsubscribe -> 400 (0ms)"}
{"level":20,"time":1626523373039,"pid":5795,"hostname":"fv-az77-843","name":"@waytrade/microservice-core","msg":"HTTP Server on port 43499 stopped"}
{"level":20,"time":1626523373039,"pid":5795,"hostname":"fv-az77-843","name":"@waytrade/microservice-core","msg":"HTTP Server on port 57141 stopped"}
{"level":30,"time":1626523373039,"pid":5795,"hostname":"fv-az77-843","name":"@waytrade/microservice-core","msg":"App stopped."}
{"level":30,"time":1626523373041,"pid":5795,"hostname":"fv-az77-843","name":"@waytrade/microservice-core","msg":"Starting App..."}
{"level":20,"time":1626523373041,"pid":5795,"hostname":"fv-az77-843","name":"@waytrade/microservice-core","msg":"HTTP Server listening on port 53749"}
{"level":20,"time":1626523373042,"pid":5795,"hostname":"fv-az77-843","name":"@waytrade/microservice-core","msg":"HTTP Server listening on port 37315"}
{"level":30,"time":1626523373042,"pid":5795,"hostname":"fv-az77-843","name":"@waytrade/microservice-core","msg":"REST API Server started at port 37315"}
{"level":30,"time":1626523373042,"pid":5795,"hostname":"fv-az77-843","name":"@waytrade/microservice-core","msg":"Webhook Callback Server started at port 53749"}
{"level":20,"time":1626523373049,"pid":5795,"hostname":"fv-az77-843","name":"@waytrade/microservice-core","msg":"HTTP post /unsubscribe -> 404 (0ms)"}
{"level":20,"time":1626523373051,"pid":5795,"hostname":"fv-az77-843","name":"@waytrade/microservice-core","msg":"HTTP Server on port 37315 stopped"}
{"level":20,"time":1626523373052,"pid":5795,"hostname":"fv-az77-843","name":"@waytrade/microservice-core","msg":"HTTP Server on port 53749 stopped"}
{"level":30,"time":1626523373052,"pid":5795,"hostname":"fv-az77-843","name":"@waytrade/microservice-core","msg":"App stopped."}
{"level":30,"time":1626523373054,"pid":5795,"hostname":"fv-az77-843","name":"@waytrade/microservice-core","msg":"Starting App..."}
{"level":20,"time":1626523373054,"pid":5795,"hostname":"fv-az77-843","name":"@waytrade/microservice-core","msg":"HTTP Server listening on port 50703"}
{"level":20,"time":1626523373055,"pid":5795,"hostname":"fv-az77-843","name":"@waytrade/microservice-core","msg":"HTTP Server listening on port 46117"}
{"level":30,"time":1626523373055,"pid":5795,"hostname":"fv-az77-843","name":"@waytrade/microservice-core","msg":"REST API Server started at port 46117"}
{"level":30,"time":1626523373055,"pid":5795,"hostname":"fv-az77-843","name":"@waytrade/microservice-core","msg":"Webhook Callback Server started at port 50703"}
{"level":20,"time":1626523373059,"pid":5795,"hostname":"fv-az77-843","name":"@waytrade/microservice-core","msg":"HTTP post /subscribe -> 201 (1ms)"}
{"level":20,"time":1626523373074,"pid":5795,"hostname":"fv-az77-843","name":"@waytrade/microservice-core","msg":"HTTP Server on port 46117 stopped"}
{"level":20,"time":1626523373074,"pid":5795,"hostname":"fv-az77-843","name":"@waytrade/microservice-core","msg":"HTTP Server on port 50703 stopped"}
{"level":30,"time":1626523373074,"pid":5795,"hostname":"fv-az77-843","name":"@waytrade/microservice-core","msg":"App stopped."}
{"level":20,"time":1626523373074,"pid":5795,"hostname":"fv-az77-843","name":"@waytrade/microservice-core","msg":"HTTP post /callback -> 200 (1ms)"}
{"level":30,"time":1626523373076,"pid":5795,"hostname":"fv-az77-843","name":"@waytrade/microservice-core","msg":"Starting App..."}
{"level":20,"time":1626523373077,"pid":5795,"hostname":"fv-az77-843","name":"@waytrade/microservice-core","msg":"HTTP Server listening on port 50091"}
{"level":20,"time":1626523373077,"pid":5795,"hostname":"fv-az77-843","name":"@waytrade/microservice-core","msg":"HTTP Server listening on port 44735"}
{"level":30,"time":1626523373077,"pid":5795,"hostname":"fv-az77-843","name":"@waytrade/microservice-core","msg":"REST API Server started at port 44735"}
{"level":30,"time":1626523373077,"pid":5795,"hostname":"fv-az77-843","name":"@waytrade/microservice-core","msg":"Webhook Callback Server started at port 50091"}
{"level":20,"time":1626523373084,"pid":5795,"hostname":"fv-az77-843","name":"@waytrade/microservice-core","msg":"HTTP post /subscribe -> 201 (0ms)"}
{"level":20,"time":1626523373093,"pid":5795,"hostname":"fv-az77-843","name":"@waytrade/microservice-core","msg":"HTTP Server on port 44735 stopped"}
{"level":20,"time":1626523373093,"pid":5795,"hostname":"fv-az77-843","name":"@waytrade/microservice-core","msg":"HTTP Server on port 50091 stopped"}
{"level":30,"time":1626523373093,"pid":5795,"hostname":"fv-az77-843","name":"@waytrade/microservice-core","msg":"App stopped."}
{"level":20,"time":1626523373093,"pid":5795,"hostname":"fv-az77-843","name":"@waytrade/microservice-core","msg":"HTTP post /callback -> 200 (1ms)"}
{"level":30,"time":1626523373095,"pid":5795,"hostname":"fv-az77-843","name":"@waytrade/microservice-core","msg":"Starting App..."}
{"level":20,"time":1626523373096,"pid":5795,"hostname":"fv-az77-843","name":"@waytrade/microservice-core","msg":"HTTP Server listening on port 52435"}
{"level":20,"time":1626523373096,"pid":5795,"hostname":"fv-az77-843","name":"@waytrade/microservice-core","msg":"HTTP Server listening on port 60585"}
{"level":30,"time":1626523373096,"pid":5795,"hostname":"fv-az77-843","name":"@waytrade/microservice-core","msg":"REST API Server started at port 60585"}
{"level":30,"time":1626523373096,"pid":5795,"hostname":"fv-az77-843","name":"@waytrade/microservice-core","msg":"Webhook Callback Server started at port 52435"}
{"level":20,"time":1626523373104,"pid":5795,"hostname":"fv-az77-843","name":"@waytrade/microservice-core","msg":"HTTP post /subscribe -> 201 (0ms)"}
{"level":20,"time":1626523373115,"pid":5795,"hostname":"fv-az77-843","name":"@waytrade/microservice-core","msg":"HTTP post /callback -> 418 (2ms)"}
{"level":20,"time":1626523373119,"pid":5795,"hostname":"fv-az77-843","name":"@waytrade/microservice-core","msg":"HTTP post /subscribe -> 201 (0ms)"}
{"level":20,"time":1626523373122,"pid":5795,"hostname":"fv-az77-843","name":"@waytrade/microservice-core","msg":"HTTP Server on port 60585 stopped"}
{"level":20,"time":1626523373122,"pid":5795,"hostname":"fv-az77-843","name":"@waytrade/microservice-core","msg":"HTTP Server on port 52435 stopped"}
{"level":30,"time":1626523373122,"pid":5795,"hostname":"fv-az77-843","name":"@waytrade/microservice-core","msg":"App stopped."}
{"level":30,"time":1626523373125,"pid":5795,"hostname":"fv-az77-843","name":"@waytrade/microservice-core","msg":"Starting App..."}
{"level":20,"time":1626523373125,"pid":5795,"hostname":"fv-az77-843","name":"@waytrade/microservice-core","msg":"HTTP Server listening on port 52419"}
{"level":20,"time":1626523373126,"pid":5795,"hostname":"fv-az77-843","name":"@waytrade/microservice-core","msg":"HTTP Server listening on port 51151"}
{"level":30,"time":1626523373126,"pid":5795,"hostname":"fv-az77-843","name":"@waytrade/microservice-core","msg":"REST API Server started at port 51151"}
{"level":30,"time":1626523373126,"pid":5795,"hostname":"fv-az77-843","name":"@waytrade/microservice-core","msg":"Webhook Callback Server started at port 52419"}
{"level":20,"time":1626523373130,"pid":5795,"hostname":"fv-az77-843","name":"@waytrade/microservice-core","msg":"HTTP post /subscribe -> 201 (0ms)"}
{"level":20,"time":1626523373137,"pid":5795,"hostname":"fv-az77-843","name":"@waytrade/microservice-core","msg":"HTTP post /subscribe -> 201 (0ms)"}
{"level":20,"time":1626523373140,"pid":5795,"hostname":"fv-az77-843","name":"@waytrade/microservice-core","msg":"HTTP Server on port 51151 stopped"}
{"level":20,"time":1626523373140,"pid":5795,"hostname":"fv-az77-843","name":"@waytrade/microservice-core","msg":"HTTP Server on port 52419 stopped"}
{"level":30,"time":1626523373140,"pid":5795,"hostname":"fv-az77-843","name":"@waytrade/microservice-core","msg":"App stopped."}
{"level":20,"time":1626523373631,"pid":5795,"hostname":"fv-az77-843","name":"@waytrade/microservice-core","msg":"HTTP Server listening on port 34963"}
{"level":20,"time":1626523373643,"pid":5795,"hostname":"fv-az77-843","name":"@waytrade/microservice-core","msg":"HTTP get /api/test/ -> 200 (0ms)"}
{"level":20,"time":1626523373649,"pid":5795,"hostname":"fv-az77-843","name":"@waytrade/microservice-core","msg":"HTTP Server on port 34963 stopped"}
{"level":20,"time":1626523373651,"pid":5795,"hostname":"fv-az77-843","name":"@waytrade/microservice-core","msg":"HTTP Server listening on port 47807"}
{"level":20,"time":1626523373670,"pid":5795,"hostname":"fv-az77-843","name":"@waytrade/microservice-core","msg":"HTTP get /api/test/error -> 418 (0ms)"}
{"level":20,"time":1626523373683,"pid":5795,"hostname":"fv-az77-843","name":"@waytrade/microservice-core","msg":"HTTP Server on port 47807 stopped"}
{"level":20,"time":1626523373692,"pid":5795,"hostname":"fv-az77-843","name":"@waytrade/microservice-core","msg":"HTTP Server listening on port 43959"}
{"level":20,"time":1626523373794,"pid":5795,"hostname":"fv-az77-843","name":"@waytrade/microservice-core","msg":"HTTP get /api/test/serverError -> 500 (95ms)"}
{"level":20,"time":1626523373798,"pid":5795,"hostname":"fv-az77-843","name":"@waytrade/microservice-core","msg":"HTTP Server on port 43959 stopped"}
{"level":20,"time":1626523373799,"pid":5795,"hostname":"fv-az77-843","name":"@waytrade/microservice-core","msg":"HTTP Server listening on port 38355"}
{"level":20,"time":1626523373804,"pid":5795,"hostname":"fv-az77-843","name":"@waytrade/microservice-core","msg":"HTTP put /api/test/ -> 200 (0ms)"}
{"level":20,"time":1626523373807,"pid":5795,"hostname":"fv-az77-843","name":"@waytrade/microservice-core","msg":"HTTP Server on port 38355 stopped"}
{"level":20,"time":1626523373809,"pid":5795,"hostname":"fv-az77-843","name":"@waytrade/microservice-core","msg":"HTTP Server listening on port 47875"}
{"level":20,"time":1626523373812,"pid":5795,"hostname":"fv-az77-843","name":"@waytrade/microservice-core","msg":"HTTP put /api/test/error -> 418 (0ms)"}
{"level":20,"time":1626523373815,"pid":5795,"hostname":"fv-az77-843","name":"@waytrade/microservice-core","msg":"HTTP Server on port 47875 stopped"}
{"level":20,"time":1626523373816,"pid":5795,"hostname":"fv-az77-843","name":"@waytrade/microservice-core","msg":"HTTP Server listening on port 37339"}
{"level":20,"time":1626523373820,"pid":5795,"hostname":"fv-az77-843","name":"@waytrade/microservice-core","msg":"HTTP post /api/test/ -> 200 (0ms)"}
{"level":20,"time":1626523373823,"pid":5795,"hostname":"fv-az77-843","name":"@waytrade/microservice-core","msg":"HTTP Server on port 37339 stopped"}
{"level":20,"time":1626523373824,"pid":5795,"hostname":"fv-az77-843","name":"@waytrade/microservice-core","msg":"HTTP Server listening on port 60847"}
{"level":20,"time":1626523373827,"pid":5795,"hostname":"fv-az77-843","name":"@waytrade/microservice-core","msg":"HTTP post /api/test/error -> 418 (0ms)"}
{"level":20,"time":1626523373830,"pid":5795,"hostname":"fv-az77-843","name":"@waytrade/microservice-core","msg":"HTTP Server on port 60847 stopped"}
{"level":20,"time":1626523373832,"pid":5795,"hostname":"fv-az77-843","name":"@waytrade/microservice-core","msg":"HTTP Server listening on port 43983"}
{"level":20,"time":1626523373837,"pid":5795,"hostname":"fv-az77-843","name":"@waytrade/microservice-core","msg":"HTTP patch /api/test/ -> 200 (0ms)"}
{"level":20,"time":1626523373841,"pid":5795,"hostname":"fv-az77-843","name":"@waytrade/microservice-core","msg":"HTTP Server on port 43983 stopped"}
{"level":20,"time":1626523373842,"pid":5795,"hostname":"fv-az77-843","name":"@waytrade/microservice-core","msg":"HTTP Server listening on port 56083"}
{"level":20,"time":1626523373848,"pid":5795,"hostname":"fv-az77-843","name":"@waytrade/microservice-core","msg":"HTTP patch /api/test/error -> 418 (0ms)"}
{"level":20,"time":1626523373850,"pid":5795,"hostname":"fv-az77-843","name":"@waytrade/microservice-core","msg":"HTTP Server on port 56083 stopped"}
{"level":20,"time":1626523373851,"pid":5795,"hostname":"fv-az77-843","name":"@waytrade/microservice-core","msg":"HTTP Server listening on port 50269"}
{"level":20,"time":1626523373855,"pid":5795,"hostname":"fv-az77-843","name":"@waytrade/microservice-core","msg":"HTTP delete /api/test/ -> 200 (0ms)"}
{"level":20,"time":1626523373858,"pid":5795,"hostname":"fv-az77-843","name":"@waytrade/microservice-core","msg":"HTTP Server on port 50269 stopped"}
{"level":20,"time":1626523373860,"pid":5795,"hostname":"fv-az77-843","name":"@waytrade/microservice-core","msg":"HTTP Server listening on port 37857"}
{"level":20,"time":1626523373863,"pid":5795,"hostname":"fv-az77-843","name":"@waytrade/microservice-core","msg":"HTTP delete /api/test/error -> 418 (0ms)"}
{"level":20,"time":1626523373865,"pid":5795,"hostname":"fv-az77-843","name":"@waytrade/microservice-core","msg":"HTTP Server on port 37857 stopped"}
{"level":20,"time":1626523374376,"pid":5795,"hostname":"fv-az77-843","name":"@waytrade/microservice-core","msg":"HTTP Server listening on port 52451"}
{"level":20,"time":1626523374383,"pid":5795,"hostname":"fv-az77-843","name":"@waytrade/microservice-core","msg":"HTTP get /api/test/ -> 200 (0ms)"}
{"level":20,"time":1626523374386,"pid":5795,"hostname":"fv-az77-843","name":"@waytrade/microservice-core","msg":"HTTP Server on port 52451 stopped"}
{"level":20,"time":1626523374387,"pid":5795,"hostname":"fv-az77-843","name":"@waytrade/microservice-core","msg":"HTTP Server listening on port 60651"}
{"level":20,"time":1626523374391,"pid":5795,"hostname":"fv-az77-843","name":"@waytrade/microservice-core","msg":"HTTP get /api/test/notImplemented -> 501 (0ms)"}
{"level":20,"time":1626523374394,"pid":5795,"hostname":"fv-az77-843","name":"@waytrade/microservice-core","msg":"HTTP Server on port 60651 stopped"}
{"level":20,"time":1626523374395,"pid":5795,"hostname":"fv-az77-843","name":"@waytrade/microservice-core","msg":"HTTP Server listening on port 39853"}
{"level":20,"time":1626523374408,"pid":5795,"hostname":"fv-az77-843","name":"@waytrade/microservice-core","msg":"HTTP put /api/test/ -> 200 (1ms)"}
{"level":20,"time":1626523374411,"pid":5795,"hostname":"fv-az77-843","name":"@waytrade/microservice-core","msg":"HTTP Server on port 39853 stopped"}
{"level":20,"time":1626523374412,"pid":5795,"hostname":"fv-az77-843","name":"@waytrade/microservice-core","msg":"HTTP Server listening on port 59821"}
{"level":20,"time":1626523374416,"pid":5795,"hostname":"fv-az77-843","name":"@waytrade/microservice-core","msg":"HTTP put /api/test/notImplemented -> 501 (0ms)"}
{"level":20,"time":1626523374418,"pid":5795,"hostname":"fv-az77-843","name":"@waytrade/microservice-core","msg":"HTTP Server on port 59821 stopped"}
{"level":20,"time":1626523374420,"pid":5795,"hostname":"fv-az77-843","name":"@waytrade/microservice-core","msg":"HTTP Server listening on port 47313"}
{"level":20,"time":1626523374425,"pid":5795,"hostname":"fv-az77-843","name":"@waytrade/microservice-core","msg":"HTTP post /api/test/ -> 200 (1ms)"}
{"level":20,"time":1626523374427,"pid":5795,"hostname":"fv-az77-843","name":"@waytrade/microservice-core","msg":"HTTP Server on port 47313 stopped"}
{"level":20,"time":1626523374429,"pid":5795,"hostname":"fv-az77-843","name":"@waytrade/microservice-core","msg":"HTTP Server listening on port 36953"}
{"level":20,"time":1626523374432,"pid":5795,"hostname":"fv-az77-843","name":"@waytrade/microservice-core","msg":"HTTP post /api/test/notImplemented -> 501 (0ms)"}
{"level":20,"time":1626523374434,"pid":5795,"hostname":"fv-az77-843","name":"@waytrade/microservice-core","msg":"HTTP Server on port 36953 stopped"}
{"level":20,"time":1626523374436,"pid":5795,"hostname":"fv-az77-843","name":"@waytrade/microservice-core","msg":"HTTP Server listening on port 43501"}
{"level":20,"time":1626523374440,"pid":5795,"hostname":"fv-az77-843","name":"@waytrade/microservice-core","msg":"HTTP patch /api/test/ -> 200 (1ms)"}
{"level":20,"time":1626523374442,"pid":5795,"hostname":"fv-az77-843","name":"@waytrade/microservice-core","msg":"HTTP Server on port 43501 stopped"}
{"level":20,"time":1626523374444,"pid":5795,"hostname":"fv-az77-843","name":"@waytrade/microservice-core","msg":"HTTP Server listening on port 45419"}
{"level":20,"time":1626523374449,"pid":5795,"hostname":"fv-az77-843","name":"@waytrade/microservice-core","msg":"HTTP post /api/test/notImplemented -> 501 (0ms)"}
{"level":20,"time":1626523374451,"pid":5795,"hostname":"fv-az77-843","name":"@waytrade/microservice-core","msg":"HTTP Server on port 45419 stopped"}
{"level":20,"time":1626523374453,"pid":5795,"hostname":"fv-az77-843","name":"@waytrade/microservice-core","msg":"HTTP Server listening on port 55229"}
{"level":20,"time":1626523374456,"pid":5795,"hostname":"fv-az77-843","name":"@waytrade/microservice-core","msg":"HTTP delete /api/test/ -> 200 (0ms)"}
{"level":20,"time":1626523374459,"pid":5795,"hostname":"fv-az77-843","name":"@waytrade/microservice-core","msg":"HTTP Server on port 55229 stopped"}
{"level":20,"time":1626523374460,"pid":5795,"hostname":"fv-az77-843","name":"@waytrade/microservice-core","msg":"HTTP Server listening on port 47633"}
{"level":20,"time":1626523374463,"pid":5795,"hostname":"fv-az77-843","name":"@waytrade/microservice-core","msg":"HTTP post /api/test/notImplemented -> 501 (0ms)"}
{"level":20,"time":1626523374466,"pid":5795,"hostname":"fv-az77-843","name":"@waytrade/microservice-core","msg":"HTTP Server on port 47633 stopped"}
{"level":20,"time":1626523375405,"pid":5795,"hostname":"fv-az77-843","name":"@waytrade/microservice-core","msg":"Debug message"}
{"level":30,"time":1626523375407,"pid":5795,"hostname":"fv-az77-843","name":"@waytrade/microservice-core","msg":"Info message"}
{"level":40,"time":1626523375408,"pid":5795,"hostname":"fv-az77-843","name":"@waytrade/microservice-core","msg":"Warning message"}
{"level":50,"time":1626523375408,"pid":5795,"hostname":"fv-az77-843","name":"@waytrade/microservice-core","msg":"Error message"}
{"level":30,"time":1626523375410,"pid":5795,"hostname":"fv-az77-843","name":"@waytrade/microservice-core","msg":"Info message"}
{"level":40,"time":1626523375411,"pid":5795,"hostname":"fv-az77-843","name":"@waytrade/microservice-core","msg":"Warning message"}
{"level":50,"time":1626523375411,"pid":5795,"hostname":"fv-az77-843","name":"@waytrade/microservice-core","msg":"Error message"}
{"level":40,"time":1626523375413,"pid":5795,"hostname":"fv-az77-843","name":"@waytrade/microservice-core","msg":"Warning message"}
{"level":50,"time":1626523375414,"pid":5795,"hostname":"fv-az77-843","name":"@waytrade/microservice-core","msg":"Error message"}
{"level":50,"time":1626523375416,"pid":5795,"hostname":"fv-az77-843","name":"@waytrade/microservice-core","msg":"Error message"}
{"level":20,"time":1626523375431,"pid":5795,"hostname":"fv-az77-843","name":"@waytrade/microservice-core","msg":"Debug message"}
{"level":30,"time":1626523375432,"pid":5795,"hostname":"fv-az77-843","name":"@waytrade/microservice-core","msg":"Info message"}
{"level":40,"time":1626523375432,"pid":5795,"hostname":"fv-az77-843","name":"@waytrade/microservice-core","msg":"Warning message"}
{"level":50,"time":1626523375433,"pid":5795,"hostname":"fv-az77-843","name":"@waytrade/microservice-core","msg":"Error message"}
{"level":30,"time":1626523375746,"pid":5795,"hostname":"fv-az77-843","name":"@waytrade/microservice-core","msg":"Starting App..."}
{"level":20,"time":1626523375747,"pid":5795,"hostname":"fv-az77-843","name":"@waytrade/microservice-core","msg":"HTTP Server listening on port 39727"}
{"level":30,"time":1626523375747,"pid":5795,"hostname":"fv-az77-843","name":"@waytrade/microservice-core","msg":"REST API Server started at port 39727"}
{"level":20,"time":1626523375747,"pid":5795,"hostname":"fv-az77-843","name":"@waytrade/microservice-core","msg":"HTTP Server on port 39727 stopped"}
{"level":30,"time":1626523375747,"pid":5795,"hostname":"fv-az77-843","name":"@waytrade/microservice-core","msg":"App stopped."}
{"level":30,"time":1626523375750,"pid":5795,"hostname":"fv-az77-843","name":"@waytrade/microservice-core","msg":"Starting App..."}
{"level":30,"time":1626523375750,"pid":5795,"hostname":"fv-az77-843","name":"@waytrade/microservice-core","msg":"App stopped."}
{"level":30,"time":1626523375753,"pid":5795,"hostname":"fv-az77-843","name":"@waytrade/microservice-core","msg":"Starting App..."}
{"level":20,"time":1626523375753,"pid":5795,"hostname":"fv-az77-843","name":"@waytrade/microservice-core","msg":"HTTP Server listening on port 44653"}
{"level":30,"time":1626523375753,"pid":5795,"hostname":"fv-az77-843","name":"@waytrade/microservice-core","msg":"REST API Server started at port 44653"}
{"level":20,"time":1626523375754,"pid":5795,"hostname":"fv-az77-843","name":"@waytrade/microservice-core","msg":"HTTP Server on port 44653 stopped"}
{"level":30,"time":1626523375754,"pid":5795,"hostname":"fv-az77-843","name":"@waytrade/microservice-core","msg":"App stopped."}
{"level":30,"time":1626523375769,"pid":5795,"hostname":"fv-az77-843","name":"@waytrade/microservice-core","msg":"Starting App..."}
{"level":20,"time":1626523375770,"pid":5795,"hostname":"fv-az77-843","name":"@waytrade/microservice-core","msg":"HTTP Server listening on port 56129"}
{"level":30,"time":1626523375770,"pid":5795,"hostname":"fv-az77-843","name":"@waytrade/microservice-core","msg":"REST API Server started at port 56129"}
{"level":20,"time":1626523375775,"pid":5795,"hostname":"fv-az77-843","name":"@waytrade/microservice-core","msg":"HTTP get /test/get/ -> 200 (0ms)"}
{"level":20,"time":1626523375778,"pid":5795,"hostname":"fv-az77-843","name":"@waytrade/microservice-core","msg":"HTTP Server on port 56129 stopped"}
{"level":30,"time":1626523375778,"pid":5795,"hostname":"fv-az77-843","name":"@waytrade/microservice-core","msg":"App stopped."}
{"level":30,"time":1626523375781,"pid":5795,"hostname":"fv-az77-843","name":"@waytrade/microservice-core","msg":"Starting App..."}
{"level":20,"time":1626523375781,"pid":5795,"hostname":"fv-az77-843","name":"@waytrade/microservice-core","msg":"Debug message"}
{"level":30,"time":1626523375782,"pid":5795,"hostname":"fv-az77-843","name":"@waytrade/microservice-core","msg":"Info message"}
{"level":40,"time":1626523375782,"pid":5795,"hostname":"fv-az77-843","name":"@waytrade/microservice-core","msg":"Warning message"}
{"level":50,"time":1626523375782,"pid":5795,"hostname":"fv-az77-843","name":"@waytrade/microservice-core","msg":"Error message"}
{"level":30,"time":1626523375782,"pid":5795,"hostname":"fv-az77-843","name":"@waytrade/microservice-core","msg":"App stopped."}
{"level":20,"time":1626523376193,"pid":5795,"hostname":"fv-az77-843","name":"@waytrade/microservice-core","msg":"HTTP Server listening on port 49751"}
{"level":20,"time":1626523376206,"pid":5795,"hostname":"fv-az77-843","name":"@waytrade/microservice-core","msg":"HTTP Server on port 49751 stopped"}
{"level":20,"time":1626523376209,"pid":5795,"hostname":"fv-az77-843","name":"@waytrade/microservice-core","msg":"HTTP Server listening on port 36893"}
{"level":50,"time":1626523376218,"pid":5795,"hostname":"fv-az77-843","name":"@waytrade/microservice-core","msg":"Binary data on websocket not supported."}
{"level":20,"time":1626523376220,"pid":5795,"hostname":"fv-az77-843","name":"@waytrade/microservice-core","msg":"HTTP Server on port 36893 stopped"}
{"level":20,"time":1626523376222,"pid":5795,"hostname":"fv-az77-843","name":"@waytrade/microservice-core","msg":"HTTP Server listening on port 48643"}
{"level":20,"time":1626523376230,"pid":5795,"hostname":"fv-az77-843","name":"@waytrade/microservice-core","msg":"HTTP Server on port 48643 stopped"}
{"level":20,"time":1626523376230,"pid":5795,"hostname":"fv-az77-843","name":"@waytrade/microservice-core","msg":"HTTP Server on port -1 stopped"}
{"level":20,"time":1626523376232,"pid":5795,"hostname":"fv-az77-843","name":"@waytrade/microservice-core","msg":"HTTP Server listening on port 39151"}
{"level":20,"time":1626523377237,"pid":5795,"hostname":"fv-az77-843","name":"@waytrade/microservice-core","msg":"HTTP Server on port 39151 stopped"}
{"level":20,"time":1626523377239,"pid":5795,"hostname":"fv-az77-843","name":"@waytrade/microservice-core","msg":"HTTP Server listening on port 60497"}
{"level":20,"time":1626523377392,"pid":5795,"hostname":"fv-az77-843","name":"@waytrade/microservice-core","msg":"HTTP Server on port 60497 stopped"}
{"level":20,"time":1626523377393,"pid":5795,"hostname":"fv-az77-843","name":"@waytrade/microservice-core","msg":"HTTP Server listening on port 39275"}
{"level":20,"time":1626523377696,"pid":5795,"hostname":"fv-az77-843","name":"@waytrade/microservice-core","msg":"HTTP Server on port 39275 stopped"}
{"level":20,"time":1626523377999,"pid":5795,"hostname":"fv-az77-843","name":"@waytrade/microservice-core","msg":"HTTP Server listening on port 51343"}
{"level":20,"time":1626523378000,"pid":5795,"hostname":"fv-az77-843","name":"@waytrade/microservice-core","msg":"HTTP Server on port 51343 stopped"}
{"level":20,"time":1626523378002,"pid":5795,"hostname":"fv-az77-843","name":"@waytrade/microservice-core","msg":"HTTP Server listening on port 3999"}
{"level":20,"time":1626523378002,"pid":5795,"hostname":"fv-az77-843","name":"@waytrade/microservice-core","msg":"HTTP Server on port 3999 stopped"}
{"level":20,"time":1626523378003,"pid":5795,"hostname":"fv-az77-843","name":"@waytrade/microservice-core","msg":"HTTP Server listening on port 52965"}
{"level":20,"time":1626523378010,"pid":5795,"hostname":"fv-az77-843","name":"@waytrade/microservice-core","msg":"/some/invalid/path not found."}
{"level":20,"time":1626523378012,"pid":5795,"hostname":"fv-az77-843","name":"@waytrade/microservice-core","msg":"HTTP Server on port 52965 stopped"}
{"level":20,"time":1626523378013,"pid":5795,"hostname":"fv-az77-843","name":"@waytrade/microservice-core","msg":"HTTP Server listening on port 36965"}
{"level":20,"time":1626523378026,"pid":5795,"hostname":"fv-az77-843","name":"@waytrade/microservice-core","msg":"HTTP Server on port 36965 stopped"}
{"level":20,"time":1626523378027,"pid":5795,"hostname":"fv-az77-843","name":"@waytrade/microservice-core","msg":"HTTP Server listening on port 56223"}
{"level":20,"time":1626523378032,"pid":5795,"hostname":"fv-az77-843","name":"@waytrade/microservice-core","msg":"HTTP Server on port 56223 stopped"}
{"level":20,"time":1626523378034,"pid":5795,"hostname":"fv-az77-843","name":"@waytrade/microservice-core","msg":"HTTP Server listening on port 33905"}
{"level":20,"time":1626523378037,"pid":5795,"hostname":"fv-az77-843","name":"@waytrade/microservice-core","msg":"HTTP get /api/dummy/customResponseHeader -> 200 (0ms)"}
{"level":20,"time":1626523378039,"pid":5795,"hostname":"fv-az77-843","name":"@waytrade/microservice-core","msg":"HTTP Server on port 33905 stopped"}
{"level":30,"time":1626523378330,"pid":5795,"hostname":"fv-az77-843","name":"@waytrade/microservice-core","msg":"Starting App..."}
{"level":20,"time":1626523378331,"pid":5795,"hostname":"fv-az77-843","name":"@waytrade/microservice-core","msg":"HTTP Server listening on port 45249"}
{"level":30,"time":1626523378331,"pid":5795,"hostname":"fv-az77-843","name":"@waytrade/microservice-core","msg":"REST API Server started at port 45249"}
{"level":20,"time":1626523378332,"pid":5795,"hostname":"fv-az77-843","name":"@waytrade/microservice-core","msg":"HTTP Server on port 45249 stopped"}
{"level":30,"time":1626523378332,"pid":5795,"hostname":"fv-az77-843","name":"@waytrade/microservice-core","msg":"App stopped."}
{"level":30,"time":1626523378334,"pid":5795,"hostname":"fv-az77-843","name":"@waytrade/microservice-core","msg":"Starting App..."}
{"level":30,"time":1626523378335,"pid":5795,"hostname":"fv-az77-843","name":"@waytrade/microservice-core","msg":"App stopped."}
{"level":30,"time":1626523378337,"pid":5795,"hostname":"fv-az77-843","name":"@waytrade/microservice-core","msg":"Starting App..."}
{"level":30,"time":1626523378337,"pid":5795,"hostname":"fv-az77-843","name":"@waytrade/microservice-core","msg":"App stopped."}
{"level":30,"time":1626523378345,"pid":5795,"hostname":"fv-az77-843","name":"@waytrade/microservice-core","msg":"Starting App..."}
{"level":20,"time":1626523378346,"pid":5795,"hostname":"fv-az77-843","name":"@waytrade/microservice-core","msg":"HTTP Server listening on port 36331"}
{"level":20,"time":1626523378346,"pid":5795,"hostname":"fv-az77-843","name":"@waytrade/microservice-core","msg":"HTTP Server on port 36331 stopped"}
{"level":30,"time":1626523378346,"pid":5795,"hostname":"fv-az77-843","name":"@waytrade/microservice-core","msg":"App stopped."}
{"level":30,"time":1626523378349,"pid":5795,"hostname":"fv-az77-843","name":"@waytrade/microservice-core","msg":"Starting App..."}
{"level":20,"time":1626523378349,"pid":5795,"hostname":"fv-az77-843","name":"@waytrade/microservice-core","msg":"HTTP Server listening on port 36635"}
{"level":20,"time":1626523378350,"pid":5795,"hostname":"fv-az77-843","name":"@waytrade/microservice-core","msg":"HTTP Server on port 36635 stopped"}
{"level":30,"time":1626523378350,"pid":5795,"hostname":"fv-az77-843","name":"@waytrade/microservice-core","msg":"App stopped."}
{"level":30,"time":1626523378629,"pid":5795,"hostname":"fv-az77-843","name":"@waytrade/microservice-core","msg":"Starting App..."}
{"level":20,"time":1626523378630,"pid":5795,"hostname":"fv-az77-843","name":"@waytrade/microservice-core","msg":"HTTP Server listening on port 55887"}
{"level":20,"time":1626523378630,"pid":5795,"hostname":"fv-az77-843","name":"@waytrade/microservice-core","msg":"HTTP Server listening on port 47525"}
{"level":30,"time":1626523378630,"pid":5795,"hostname":"fv-az77-843","name":"@waytrade/microservice-core","msg":"REST API Server started at port 47525"}
{"level":30,"time":1626523378630,"pid":5795,"hostname":"fv-az77-843","name":"@waytrade/microservice-core","msg":"Webhook Callback Server started at port 55887"}
{"level":20,"time":1626523378634,"pid":5795,"hostname":"fv-az77-843","name":"@waytrade/microservice-core","msg":"HTTP get /api/ -> 200 (0ms)"}
{"level":20,"time":1626523378637,"pid":5795,"hostname":"fv-az77-843","name":"@waytrade/microservice-core","msg":"HTTP Server on port 47525 stopped"}
{"level":20,"time":1626523378637,"pid":5795,"hostname":"fv-az77-843","name":"@waytrade/microservice-core","msg":"HTTP Server on port 55887 stopped"}
{"level":30,"time":1626523378637,"pid":5795,"hostname":"fv-az77-843","name":"@waytrade/microservice-core","msg":"App stopped."}
{"level":30,"time":1626523378639,"pid":5795,"hostname":"fv-az77-843","name":"@waytrade/microservice-core","msg":"Starting App..."}
{"level":20,"time":1626523378640,"pid":5795,"hostname":"fv-az77-843","name":"@waytrade/microservice-core","msg":"HTTP Server listening on port 46217"}
{"level":20,"time":1626523378640,"pid":5795,"hostname":"fv-az77-843","name":"@waytrade/microservice-core","msg":"HTTP Server listening on port 48149"}
{"level":30,"time":1626523378640,"pid":5795,"hostname":"fv-az77-843","name":"@waytrade/microservice-core","msg":"REST API Server started at port 48149"}
{"level":30,"time":1626523378640,"pid":5795,"hostname":"fv-az77-843","name":"@waytrade/microservice-core","msg":"Webhook Callback Server started at port 46217"}
{"level":20,"time":1626523378648,"pid":5795,"hostname":"fv-az77-843","name":"@waytrade/microservice-core","msg":"HTTP get /api/ -> 200 (0ms)"}
{"level":20,"time":1626523378650,"pid":5795,"hostname":"fv-az77-843","name":"@waytrade/microservice-core","msg":"HTTP Server on port 48149 stopped"}
{"level":20,"time":1626523378650,"pid":5795,"hostname":"fv-az77-843","name":"@waytrade/microservice-core","msg":"HTTP Server on port 46217 stopped"}
{"level":30,"time":1626523378650,"pid":5795,"hostname":"fv-az77-843","name":"@waytrade/microservice-core","msg":"App stopped."}
{"level":30,"time":1626523378652,"pid":5795,"hostname":"fv-az77-843","name":"@waytrade/microservice-core","msg":"Starting App..."}
{"level":20,"time":1626523378653,"pid":5795,"hostname":"fv-az77-843","name":"@waytrade/microservice-core","msg":"HTTP Server listening on port 44171"}
{"level":20,"time":1626523378653,"pid":5795,"hostname":"fv-az77-843","name":"@waytrade/microservice-core","msg":"HTTP Server listening on port 35299"}
{"level":30,"time":1626523378653,"pid":5795,"hostname":"fv-az77-843","name":"@waytrade/microservice-core","msg":"REST API Server started at port 35299"}
{"level":30,"time":1626523378653,"pid":5795,"hostname":"fv-az77-843","name":"@waytrade/microservice-core","msg":"Webhook Callback Server started at port 44171"}
{"level":20,"time":1626523378656,"pid":5795,"hostname":"fv-az77-843","name":"@waytrade/microservice-core","msg":"HTTP get /api/ -> 200 (0ms)"}
{"level":20,"time":1626523378658,"pid":5795,"hostname":"fv-az77-843","name":"@waytrade/microservice-core","msg":"HTTP Server on port 35299 stopped"}
{"level":20,"time":1626523378658,"pid":5795,"hostname":"fv-az77-843","name":"@waytrade/microservice-core","msg":"HTTP Server on port 44171 stopped"}
{"level":30,"time":1626523378658,"pid":5795,"hostname":"fv-az77-843","name":"@waytrade/microservice-core","msg":"App stopped."}
{"level":30,"time":1626523379194,"pid":5795,"hostname":"fv-az77-843","name":"@waytrade/microservice-core","msg":"Starting App..."}
{"level":30,"time":1626523379195,"pid":5795,"hostname":"fv-az77-843","name":"@waytrade/microservice-core","msg":"App stopped."}
{"level":30,"time":1626523379197,"pid":5795,"hostname":"fv-az77-843","name":"@waytrade/microservice-core","msg":"Starting App..."}
{"level":30,"time":1626523379198,"pid":5795,"hostname":"fv-az77-843","name":"@waytrade/microservice-core","msg":"App stopped."}
{"level":30,"time":1626523379200,"pid":5795,"hostname":"fv-az77-843","name":"@waytrade/microservice-core","msg":"Starting App..."}
{"level":30,"time":1626523379201,"pid":5795,"hostname":"fv-az77-843","name":"@waytrade/microservice-core","msg":"App stopped."}
{"level":20,"time":1626523379454,"pid":5795,"hostname":"fv-az77-843","name":"@waytrade/microservice-core","msg":"HTTP Server listening on port 53551"}
{"level":20,"time":1626523379459,"pid":5795,"hostname":"fv-az77-843","name":"@waytrade/microservice-core","msg":"HTTP get /openapi.json -> 200 (0ms)"}
{"level":20,"time":1626523379462,"pid":5795,"hostname":"fv-az77-843","name":"@waytrade/microservice-core","msg":"HTTP Server on port 53551 stopped"}
{"level":20,"time":1626523379465,"pid":5795,"hostname":"fv-az77-843","name":"@waytrade/microservice-core","msg":"HTTP Server listening on port 46001"}
{"level":20,"time":1626523379468,"pid":5795,"hostname":"fv-az77-843","name":"@waytrade/microservice-core","msg":"HTTP get /openapi.json -> 200 (0ms)"}
{"level":20,"time":1626523379471,"pid":5795,"hostname":"fv-az77-843","name":"@waytrade/microservice-core","msg":"HTTP Server on port 46001 stopped"}
