{"level":20,"time":1629657700648,"pid":5822,"hostname":"fv-az77-803","name":"@waytrade/microservice-core","msg":"Starting HTTP Server on port 0"}
{"level":20,"time":1629657700650,"pid":5822,"hostname":"fv-az77-803","name":"@waytrade/microservice-core","msg":"HTTP Server listening on port 53893"}
{"level":20,"time":1629657700675,"pid":5822,"hostname":"fv-az77-803","name":"@waytrade/microservice-core","msg":"HTTP get /openapi.json -> 200 (5ms)"}
{"level":20,"time":1629657700679,"pid":5822,"hostname":"fv-az77-803","name":"@waytrade/microservice-core","msg":"HTTP Server on port 53893 stopped"}
{"level":20,"time":1629657700681,"pid":5822,"hostname":"fv-az77-803","name":"@waytrade/microservice-core","msg":"Starting HTTP Server on port 0"}
{"level":20,"time":1629657700682,"pid":5822,"hostname":"fv-az77-803","name":"@waytrade/microservice-core","msg":"HTTP Server listening on port 58161"}
{"level":20,"time":1629657700685,"pid":5822,"hostname":"fv-az77-803","name":"@waytrade/microservice-core","msg":"HTTP get /openapi.json -> 200 (1ms)"}
{"level":20,"time":1629657700710,"pid":5822,"hostname":"fv-az77-803","name":"@waytrade/microservice-core","msg":"HTTP Server on port 58161 stopped"}
{"level":20,"time":1629657700711,"pid":5822,"hostname":"fv-az77-803","name":"@waytrade/microservice-core","msg":"Starting HTTP Server on port 0"}
{"level":20,"time":1629657700712,"pid":5822,"hostname":"fv-az77-803","name":"@waytrade/microservice-core","msg":"HTTP Server listening on port 37675"}
{"level":20,"time":1629657700713,"pid":5822,"hostname":"fv-az77-803","name":"@waytrade/microservice-core","msg":"Starting HTTP Server on port 0"}
{"level":20,"time":1629657700714,"pid":5822,"hostname":"fv-az77-803","name":"@waytrade/microservice-core","msg":"HTTP Server listening on port 47147"}
{"level":20,"time":1629657700716,"pid":5822,"hostname":"fv-az77-803","name":"@waytrade/microservice-core","msg":"HTTP get /openapi.json -> 200 (1ms)"}
{"level":20,"time":1629657700716,"pid":5822,"hostname":"fv-az77-803","name":"@waytrade/microservice-core","msg":"HTTP get / -> 200 (0ms)"}
{"level":20,"time":1629657700724,"pid":5822,"hostname":"fv-az77-803","name":"@waytrade/microservice-core","msg":"HTTP Server on port 37675 stopped"}
{"level":20,"time":1629657700725,"pid":5822,"hostname":"fv-az77-803","name":"@waytrade/microservice-core","msg":"HTTP Server on port 47147 stopped"}
{"level":20,"time":1629657700726,"pid":5822,"hostname":"fv-az77-803","name":"@waytrade/microservice-core","msg":"Starting HTTP Server on port 0"}
{"level":20,"time":1629657700726,"pid":5822,"hostname":"fv-az77-803","name":"@waytrade/microservice-core","msg":"HTTP Server listening on port 46155"}
{"level":20,"time":1629657700732,"pid":5822,"hostname":"fv-az77-803","name":"@waytrade/microservice-core","msg":"HTTP get /swagger-ui.css -> 200 (3ms)"}
{"level":20,"time":1629657700733,"pid":5822,"hostname":"fv-az77-803","name":"@waytrade/microservice-core","msg":"HTTP Server on port 46155 stopped"}
{"level":20,"time":1629657700733,"pid":5822,"hostname":"fv-az77-803","name":"@waytrade/microservice-core","msg":"Starting HTTP Server on port 0"}
{"level":20,"time":1629657700734,"pid":5822,"hostname":"fv-az77-803","name":"@waytrade/microservice-core","msg":"HTTP Server listening on port 58145"}
{"level":20,"time":1629657700747,"pid":5822,"hostname":"fv-az77-803","name":"@waytrade/microservice-core","msg":"HTTP get /swagger-ui-bundle.js -> 200 (12ms)"}
{"level":20,"time":1629657700753,"pid":5822,"hostname":"fv-az77-803","name":"@waytrade/microservice-core","msg":"HTTP Server on port 58145 stopped"}
{"level":20,"time":1629657700754,"pid":5822,"hostname":"fv-az77-803","name":"@waytrade/microservice-core","msg":"Starting HTTP Server on port 0"}
{"level":20,"time":1629657700754,"pid":5822,"hostname":"fv-az77-803","name":"@waytrade/microservice-core","msg":"HTTP Server listening on port 32909"}
{"level":20,"time":1629657700759,"pid":5822,"hostname":"fv-az77-803","name":"@waytrade/microservice-core","msg":"HTTP get /swagger-ui-standalone-preset.js -> 200 (3ms)"}
{"level":20,"time":1629657700762,"pid":5822,"hostname":"fv-az77-803","name":"@waytrade/microservice-core","msg":"HTTP Server on port 32909 stopped"}
{"level":20,"time":1629657701430,"pid":5822,"hostname":"fv-az77-803","name":"@waytrade/microservice-core","msg":"Starting HTTP Server on port 0"}
{"level":20,"time":1629657701431,"pid":5822,"hostname":"fv-az77-803","name":"@waytrade/microservice-core","msg":"HTTP Server listening on port 51343"}
{"level":20,"time":1629657701475,"pid":5822,"hostname":"fv-az77-803","name":"@waytrade/microservice-core","msg":"HTTP Server on port 51343 stopped"}
{"level":20,"time":1629657701476,"pid":5822,"hostname":"fv-az77-803","name":"@waytrade/microservice-core","msg":"Starting HTTP Server on port 0"}
{"level":20,"time":1629657701476,"pid":5822,"hostname":"fv-az77-803","name":"@waytrade/microservice-core","msg":"HTTP Server listening on port 48795"}
{"level":20,"time":1629657701480,"pid":5822,"hostname":"fv-az77-803","name":"@waytrade/microservice-core","msg":"HTTP Server on port 48795 stopped"}
{"level":20,"time":1629657701481,"pid":5822,"hostname":"fv-az77-803","name":"@waytrade/microservice-core","msg":"Starting HTTP Server on port 0"}
{"level":20,"time":1629657701481,"pid":5822,"hostname":"fv-az77-803","name":"@waytrade/microservice-core","msg":"HTTP Server listening on port 38453"}
{"level":20,"time":1629657701489,"pid":5822,"hostname":"fv-az77-803","name":"@waytrade/microservice-core","msg":"HTTP Server on port 38453 stopped"}
{"level":20,"time":1629657701490,"pid":5822,"hostname":"fv-az77-803","name":"@waytrade/microservice-core","msg":"Starting HTTP Server on port 0"}
{"level":20,"time":1629657701490,"pid":5822,"hostname":"fv-az77-803","name":"@waytrade/microservice-core","msg":"HTTP Server listening on port 35305"}
{"level":20,"time":1629657711496,"pid":5822,"hostname":"fv-az77-803","name":"@waytrade/microservice-core","msg":"HTTP Server on port 35305 stopped"}
{"level":20,"time":1629657711497,"pid":5822,"hostname":"fv-az77-803","name":"@waytrade/microservice-core","msg":"Starting HTTP Server on port 0"}
{"level":20,"time":1629657711497,"pid":5822,"hostname":"fv-az77-803","name":"@waytrade/microservice-core","msg":"HTTP Server listening on port 47745"}
{"level":20,"time":1629657711499,"pid":5822,"hostname":"fv-az77-803","name":"@waytrade/microservice-core","msg":"HTTP Server on port 47745 stopped"}
{"level":20,"time":1629657711503,"pid":5822,"hostname":"fv-az77-803","name":"@waytrade/microservice-core","msg":"Starting HTTP Server on port 0"}
{"level":20,"time":1629657711503,"pid":5822,"hostname":"fv-az77-803","name":"@waytrade/microservice-core","msg":"HTTP Server listening on port 53829"}
{"level":20,"time":1629657711505,"pid":5822,"hostname":"fv-az77-803","name":"@waytrade/microservice-core","msg":"HTTP Server on port 53829 stopped"}
{"level":20,"time":1629657713508,"pid":5822,"hostname":"fv-az77-803","name":"@waytrade/microservice-core","msg":"Starting HTTP Server on port 0"}
{"level":20,"time":1629657713508,"pid":5822,"hostname":"fv-az77-803","name":"@waytrade/microservice-core","msg":"HTTP Server listening on port 36221"}
{"level":20,"time":1629657713515,"pid":5822,"hostname":"fv-az77-803","name":"@waytrade/microservice-core","msg":"HTTP Server on port 36221 stopped"}
{"level":20,"time":1629657713516,"pid":5822,"hostname":"fv-az77-803","name":"@waytrade/microservice-core","msg":"Starting HTTP Server on port 0"}
{"level":20,"time":1629657713516,"pid":5822,"hostname":"fv-az77-803","name":"@waytrade/microservice-core","msg":"HTTP Server listening on port 60019"}
{"level":20,"time":1629657713519,"pid":5822,"hostname":"fv-az77-803","name":"@waytrade/microservice-core","msg":"HTTP Server on port 60019 stopped"}
{"level":20,"time":1629657713520,"pid":5822,"hostname":"fv-az77-803","name":"@waytrade/microservice-core","msg":"Starting HTTP Server on port 0"}
{"level":20,"time":1629657713520,"pid":5822,"hostname":"fv-az77-803","name":"@waytrade/microservice-core","msg":"HTTP Server listening on port 53475"}
{"level":20,"time":1629657713523,"pid":5822,"hostname":"fv-az77-803","name":"@waytrade/microservice-core","msg":"HTTP Server on port 53475 stopped"}
{"level":20,"time":1629657713524,"pid":5822,"hostname":"fv-az77-803","name":"@waytrade/microservice-core","msg":"Starting HTTP Server on port 0"}
{"level":20,"time":1629657713524,"pid":5822,"hostname":"fv-az77-803","name":"@waytrade/microservice-core","msg":"HTTP Server listening on port 43025"}
{"level":20,"time":1629657715528,"pid":5822,"hostname":"fv-az77-803","name":"@waytrade/microservice-core","msg":"HTTP Server on port 43025 stopped"}
{"level":20,"time":1629657715529,"pid":5822,"hostname":"fv-az77-803","name":"@waytrade/microservice-core","msg":"Starting HTTP Server on port 0"}
{"level":20,"time":1629657715529,"pid":5822,"hostname":"fv-az77-803","name":"@waytrade/microservice-core","msg":"HTTP Server listening on port 47649"}
{"level":20,"time":1629657715534,"pid":5822,"hostname":"fv-az77-803","name":"@waytrade/microservice-core","msg":"HTTP Server on port 47649 stopped"}
{"level":20,"time":1629657715534,"pid":5822,"hostname":"fv-az77-803","name":"@waytrade/microservice-core","msg":"Starting HTTP Server on port 0"}
{"level":20,"time":1629657715535,"pid":5822,"hostname":"fv-az77-803","name":"@waytrade/microservice-core","msg":"HTTP Server listening on port 48983"}
{"level":20,"time":1629657715537,"pid":5822,"hostname":"fv-az77-803","name":"@waytrade/microservice-core","msg":"HTTP Server on port 48983 stopped"}
{"level":20,"time":1629657715538,"pid":5822,"hostname":"fv-az77-803","name":"@waytrade/microservice-core","msg":"Starting HTTP Server on port 0"}
{"level":20,"time":1629657715538,"pid":5822,"hostname":"fv-az77-803","name":"@waytrade/microservice-core","msg":"HTTP Server listening on port 49301"}
{"level":20,"time":1629657715540,"pid":5822,"hostname":"fv-az77-803","name":"@waytrade/microservice-core","msg":"HTTP Server on port 49301 stopped"}
{"level":20,"time":1629657717542,"pid":5822,"hostname":"fv-az77-803","name":"@waytrade/microservice-core","msg":"Starting HTTP Server on port 0"}
{"level":20,"time":1629657717542,"pid":5822,"hostname":"fv-az77-803","name":"@waytrade/microservice-core","msg":"HTTP Server listening on port 44849"}
{"level":20,"time":1629657717553,"pid":5822,"hostname":"fv-az77-803","name":"@waytrade/microservice-core","msg":"HTTP Server on port 44849 stopped"}
{"level":30,"time":1629657718802,"pid":5822,"hostname":"fv-az77-803","name":"@waytrade/microservice-core","msg":"Starting App..."}
{"level":20,"time":1629657718802,"pid":5822,"hostname":"fv-az77-803","name":"@waytrade/microservice-core","msg":"Starting HTTP Server on port 0"}
{"level":20,"time":1629657718802,"pid":5822,"hostname":"fv-az77-803","name":"@waytrade/microservice-core","msg":"HTTP Server listening on port 34119"}
{"level":20,"time":1629657718803,"pid":5822,"hostname":"fv-az77-803","name":"@waytrade/microservice-core","msg":"Starting HTTP Server on port 0"}
{"level":20,"time":1629657718803,"pid":5822,"hostname":"fv-az77-803","name":"@waytrade/microservice-core","msg":"HTTP Server listening on port 39425"}
{"level":30,"time":1629657718803,"pid":5822,"hostname":"fv-az77-803","name":"@waytrade/microservice-core","msg":"API Server started at port 34119"}
{"level":30,"time":1629657718803,"pid":5822,"hostname":"fv-az77-803","name":"@waytrade/microservice-core","msg":"Webhook Callback Server started at port 39425"}
{"level":20,"time":1629657718812,"pid":5822,"hostname":"fv-az77-803","name":"@waytrade/microservice-core","msg":"HTTP post /subscribe -> 400 (1ms)"}
{"level":20,"time":1629657718813,"pid":5822,"hostname":"fv-az77-803","name":"@waytrade/microservice-core","msg":"HTTP Server on port 34119 stopped"}
{"level":20,"time":1629657718813,"pid":5822,"hostname":"fv-az77-803","name":"@waytrade/microservice-core","msg":"HTTP Server on port 39425 stopped"}
{"level":30,"time":1629657718814,"pid":5822,"hostname":"fv-az77-803","name":"@waytrade/microservice-core","msg":"App stopped."}
{"level":30,"time":1629657718815,"pid":5822,"hostname":"fv-az77-803","name":"@waytrade/microservice-core","msg":"Starting App..."}
{"level":20,"time":1629657718816,"pid":5822,"hostname":"fv-az77-803","name":"@waytrade/microservice-core","msg":"Starting HTTP Server on port 0"}
{"level":20,"time":1629657718816,"pid":5822,"hostname":"fv-az77-803","name":"@waytrade/microservice-core","msg":"HTTP Server listening on port 44629"}
{"level":20,"time":1629657718816,"pid":5822,"hostname":"fv-az77-803","name":"@waytrade/microservice-core","msg":"Starting HTTP Server on port 0"}
{"level":20,"time":1629657718816,"pid":5822,"hostname":"fv-az77-803","name":"@waytrade/microservice-core","msg":"HTTP Server listening on port 46587"}
{"level":30,"time":1629657718816,"pid":5822,"hostname":"fv-az77-803","name":"@waytrade/microservice-core","msg":"API Server started at port 44629"}
{"level":30,"time":1629657718816,"pid":5822,"hostname":"fv-az77-803","name":"@waytrade/microservice-core","msg":"Webhook Callback Server started at port 46587"}
{"level":20,"time":1629657718819,"pid":5822,"hostname":"fv-az77-803","name":"@waytrade/microservice-core","msg":"HTTP post /subscribe -> 201 (0ms)"}
{"level":20,"time":1629657718822,"pid":5822,"hostname":"fv-az77-803","name":"@waytrade/microservice-core","msg":"HTTP post /subscribe -> 204 (0ms)"}
{"level":20,"time":1629657718823,"pid":5822,"hostname":"fv-az77-803","name":"@waytrade/microservice-core","msg":"HTTP Server on port 44629 stopped"}
{"level":20,"time":1629657718823,"pid":5822,"hostname":"fv-az77-803","name":"@waytrade/microservice-core","msg":"HTTP Server on port 46587 stopped"}
{"level":30,"time":1629657718823,"pid":5822,"hostname":"fv-az77-803","name":"@waytrade/microservice-core","msg":"App stopped."}
{"level":30,"time":1629657718825,"pid":5822,"hostname":"fv-az77-803","name":"@waytrade/microservice-core","msg":"Starting App..."}
{"level":20,"time":1629657718826,"pid":5822,"hostname":"fv-az77-803","name":"@waytrade/microservice-core","msg":"Starting HTTP Server on port 0"}
{"level":20,"time":1629657718826,"pid":5822,"hostname":"fv-az77-803","name":"@waytrade/microservice-core","msg":"HTTP Server listening on port 33989"}
{"level":20,"time":1629657718826,"pid":5822,"hostname":"fv-az77-803","name":"@waytrade/microservice-core","msg":"Starting HTTP Server on port 0"}
{"level":20,"time":1629657718826,"pid":5822,"hostname":"fv-az77-803","name":"@waytrade/microservice-core","msg":"HTTP Server listening on port 47101"}
{"level":30,"time":1629657718827,"pid":5822,"hostname":"fv-az77-803","name":"@waytrade/microservice-core","msg":"API Server started at port 33989"}
{"level":30,"time":1629657718827,"pid":5822,"hostname":"fv-az77-803","name":"@waytrade/microservice-core","msg":"Webhook Callback Server started at port 47101"}
{"level":20,"time":1629657718829,"pid":5822,"hostname":"fv-az77-803","name":"@waytrade/microservice-core","msg":"HTTP post /subscribe -> 201 (0ms)"}
{"level":20,"time":1629657718832,"pid":5822,"hostname":"fv-az77-803","name":"@waytrade/microservice-core","msg":"HTTP post /subscribe -> 201 (0ms)"}
{"level":20,"time":1629657718833,"pid":5822,"hostname":"fv-az77-803","name":"@waytrade/microservice-core","msg":"HTTP Server on port 33989 stopped"}
{"level":20,"time":1629657718833,"pid":5822,"hostname":"fv-az77-803","name":"@waytrade/microservice-core","msg":"HTTP Server on port 47101 stopped"}
{"level":30,"time":1629657718833,"pid":5822,"hostname":"fv-az77-803","name":"@waytrade/microservice-core","msg":"App stopped."}
{"level":30,"time":1629657718835,"pid":5822,"hostname":"fv-az77-803","name":"@waytrade/microservice-core","msg":"Starting App..."}
{"level":20,"time":1629657718835,"pid":5822,"hostname":"fv-az77-803","name":"@waytrade/microservice-core","msg":"Starting HTTP Server on port 0"}
{"level":20,"time":1629657718835,"pid":5822,"hostname":"fv-az77-803","name":"@waytrade/microservice-core","msg":"HTTP Server listening on port 57737"}
{"level":20,"time":1629657718835,"pid":5822,"hostname":"fv-az77-803","name":"@waytrade/microservice-core","msg":"Starting HTTP Server on port 0"}
{"level":20,"time":1629657718836,"pid":5822,"hostname":"fv-az77-803","name":"@waytrade/microservice-core","msg":"HTTP Server listening on port 56611"}
{"level":30,"time":1629657718836,"pid":5822,"hostname":"fv-az77-803","name":"@waytrade/microservice-core","msg":"API Server started at port 57737"}
{"level":30,"time":1629657718836,"pid":5822,"hostname":"fv-az77-803","name":"@waytrade/microservice-core","msg":"Webhook Callback Server started at port 56611"}
{"level":20,"time":1629657718838,"pid":5822,"hostname":"fv-az77-803","name":"@waytrade/microservice-core","msg":"HTTP post /subscribe -> 201 (0ms)"}
{"level":20,"time":1629657718841,"pid":5822,"hostname":"fv-az77-803","name":"@waytrade/microservice-core","msg":"HTTP post /unsubscribe -> 200 (1ms)"}
{"level":20,"time":1629657718842,"pid":5822,"hostname":"fv-az77-803","name":"@waytrade/microservice-core","msg":"HTTP Server on port 57737 stopped"}
{"level":20,"time":1629657718842,"pid":5822,"hostname":"fv-az77-803","name":"@waytrade/microservice-core","msg":"HTTP Server on port 56611 stopped"}
{"level":30,"time":1629657718842,"pid":5822,"hostname":"fv-az77-803","name":"@waytrade/microservice-core","msg":"App stopped."}
{"level":30,"time":1629657718843,"pid":5822,"hostname":"fv-az77-803","name":"@waytrade/microservice-core","msg":"Starting App..."}
{"level":20,"time":1629657718843,"pid":5822,"hostname":"fv-az77-803","name":"@waytrade/microservice-core","msg":"Starting HTTP Server on port 0"}
{"level":20,"time":1629657718844,"pid":5822,"hostname":"fv-az77-803","name":"@waytrade/microservice-core","msg":"HTTP Server listening on port 51655"}
{"level":20,"time":1629657718844,"pid":5822,"hostname":"fv-az77-803","name":"@waytrade/microservice-core","msg":"Starting HTTP Server on port 0"}
{"level":20,"time":1629657718844,"pid":5822,"hostname":"fv-az77-803","name":"@waytrade/microservice-core","msg":"HTTP Server listening on port 39163"}
{"level":30,"time":1629657718844,"pid":5822,"hostname":"fv-az77-803","name":"@waytrade/microservice-core","msg":"API Server started at port 51655"}
{"level":30,"time":1629657718844,"pid":5822,"hostname":"fv-az77-803","name":"@waytrade/microservice-core","msg":"Webhook Callback Server started at port 39163"}
{"level":20,"time":1629657718846,"pid":5822,"hostname":"fv-az77-803","name":"@waytrade/microservice-core","msg":"HTTP post /unsubscribe -> 400 (1ms)"}
{"level":20,"time":1629657718846,"pid":5822,"hostname":"fv-az77-803","name":"@waytrade/microservice-core","msg":"HTTP Server on port 51655 stopped"}
{"level":20,"time":1629657718847,"pid":5822,"hostname":"fv-az77-803","name":"@waytrade/microservice-core","msg":"HTTP Server on port 39163 stopped"}
{"level":30,"time":1629657718847,"pid":5822,"hostname":"fv-az77-803","name":"@waytrade/microservice-core","msg":"App stopped."}
{"level":30,"time":1629657718848,"pid":5822,"hostname":"fv-az77-803","name":"@waytrade/microservice-core","msg":"Starting App..."}
{"level":20,"time":1629657718848,"pid":5822,"hostname":"fv-az77-803","name":"@waytrade/microservice-core","msg":"Starting HTTP Server on port 0"}
{"level":20,"time":1629657718849,"pid":5822,"hostname":"fv-az77-803","name":"@waytrade/microservice-core","msg":"HTTP Server listening on port 43231"}
{"level":20,"time":1629657718849,"pid":5822,"hostname":"fv-az77-803","name":"@waytrade/microservice-core","msg":"Starting HTTP Server on port 0"}
{"level":20,"time":1629657718849,"pid":5822,"hostname":"fv-az77-803","name":"@waytrade/microservice-core","msg":"HTTP Server listening on port 50575"}
{"level":30,"time":1629657718849,"pid":5822,"hostname":"fv-az77-803","name":"@waytrade/microservice-core","msg":"API Server started at port 43231"}
{"level":30,"time":1629657718849,"pid":5822,"hostname":"fv-az77-803","name":"@waytrade/microservice-core","msg":"Webhook Callback Server started at port 50575"}
{"level":20,"time":1629657718851,"pid":5822,"hostname":"fv-az77-803","name":"@waytrade/microservice-core","msg":"HTTP post /unsubscribe -> 404 (0ms)"}
{"level":20,"time":1629657718852,"pid":5822,"hostname":"fv-az77-803","name":"@waytrade/microservice-core","msg":"HTTP Server on port 43231 stopped"}
{"level":20,"time":1629657718852,"pid":5822,"hostname":"fv-az77-803","name":"@waytrade/microservice-core","msg":"HTTP Server on port 50575 stopped"}
{"level":30,"time":1629657718852,"pid":5822,"hostname":"fv-az77-803","name":"@waytrade/microservice-core","msg":"App stopped."}
{"level":30,"time":1629657718854,"pid":5822,"hostname":"fv-az77-803","name":"@waytrade/microservice-core","msg":"Starting App..."}
{"level":20,"time":1629657718854,"pid":5822,"hostname":"fv-az77-803","name":"@waytrade/microservice-core","msg":"Starting HTTP Server on port 0"}
{"level":20,"time":1629657718854,"pid":5822,"hostname":"fv-az77-803","name":"@waytrade/microservice-core","msg":"HTTP Server listening on port 60899"}
{"level":20,"time":1629657718854,"pid":5822,"hostname":"fv-az77-803","name":"@waytrade/microservice-core","msg":"Starting HTTP Server on port 0"}
{"level":20,"time":1629657718855,"pid":5822,"hostname":"fv-az77-803","name":"@waytrade/microservice-core","msg":"HTTP Server listening on port 52657"}
{"level":30,"time":1629657718855,"pid":5822,"hostname":"fv-az77-803","name":"@waytrade/microservice-core","msg":"API Server started at port 60899"}
{"level":30,"time":1629657718855,"pid":5822,"hostname":"fv-az77-803","name":"@waytrade/microservice-core","msg":"Webhook Callback Server started at port 52657"}
{"level":20,"time":1629657718857,"pid":5822,"hostname":"fv-az77-803","name":"@waytrade/microservice-core","msg":"HTTP post /subscribe -> 201 (1ms)"}
{"level":20,"time":1629657718863,"pid":5822,"hostname":"fv-az77-803","name":"@waytrade/microservice-core","msg":"HTTP Server on port 60899 stopped"}
{"level":20,"time":1629657718863,"pid":5822,"hostname":"fv-az77-803","name":"@waytrade/microservice-core","msg":"HTTP Server on port 52657 stopped"}
{"level":30,"time":1629657718863,"pid":5822,"hostname":"fv-az77-803","name":"@waytrade/microservice-core","msg":"App stopped."}
{"level":20,"time":1629657718863,"pid":5822,"hostname":"fv-az77-803","name":"@waytrade/microservice-core","msg":"HTTP post /callback -> 200 (1ms)"}
{"level":30,"time":1629657718864,"pid":5822,"hostname":"fv-az77-803","name":"@waytrade/microservice-core","msg":"Starting App..."}
{"level":20,"time":1629657718865,"pid":5822,"hostname":"fv-az77-803","name":"@waytrade/microservice-core","msg":"Starting HTTP Server on port 0"}
{"level":20,"time":1629657718865,"pid":5822,"hostname":"fv-az77-803","name":"@waytrade/microservice-core","msg":"HTTP Server listening on port 58457"}
{"level":20,"time":1629657718865,"pid":5822,"hostname":"fv-az77-803","name":"@waytrade/microservice-core","msg":"Starting HTTP Server on port 0"}
{"level":20,"time":1629657718865,"pid":5822,"hostname":"fv-az77-803","name":"@waytrade/microservice-core","msg":"HTTP Server listening on port 48585"}
{"level":30,"time":1629657718865,"pid":5822,"hostname":"fv-az77-803","name":"@waytrade/microservice-core","msg":"API Server started at port 58457"}
{"level":30,"time":1629657718865,"pid":5822,"hostname":"fv-az77-803","name":"@waytrade/microservice-core","msg":"Webhook Callback Server started at port 48585"}
{"level":20,"time":1629657718868,"pid":5822,"hostname":"fv-az77-803","name":"@waytrade/microservice-core","msg":"HTTP post /subscribe -> 201 (0ms)"}
{"level":20,"time":1629657718872,"pid":5822,"hostname":"fv-az77-803","name":"@waytrade/microservice-core","msg":"HTTP Server on port 58457 stopped"}
{"level":20,"time":1629657718872,"pid":5822,"hostname":"fv-az77-803","name":"@waytrade/microservice-core","msg":"HTTP Server on port 48585 stopped"}
{"level":30,"time":1629657718872,"pid":5822,"hostname":"fv-az77-803","name":"@waytrade/microservice-core","msg":"App stopped."}
{"level":20,"time":1629657718872,"pid":5822,"hostname":"fv-az77-803","name":"@waytrade/microservice-core","msg":"HTTP post /callback -> 200 (1ms)"}
{"level":30,"time":1629657718873,"pid":5822,"hostname":"fv-az77-803","name":"@waytrade/microservice-core","msg":"Starting App..."}
{"level":20,"time":1629657718874,"pid":5822,"hostname":"fv-az77-803","name":"@waytrade/microservice-core","msg":"Starting HTTP Server on port 0"}
{"level":20,"time":1629657718874,"pid":5822,"hostname":"fv-az77-803","name":"@waytrade/microservice-core","msg":"HTTP Server listening on port 34967"}
{"level":20,"time":1629657718874,"pid":5822,"hostname":"fv-az77-803","name":"@waytrade/microservice-core","msg":"Starting HTTP Server on port 0"}
{"level":20,"time":1629657718874,"pid":5822,"hostname":"fv-az77-803","name":"@waytrade/microservice-core","msg":"HTTP Server listening on port 48091"}
{"level":30,"time":1629657718874,"pid":5822,"hostname":"fv-az77-803","name":"@waytrade/microservice-core","msg":"API Server started at port 34967"}
{"level":30,"time":1629657718874,"pid":5822,"hostname":"fv-az77-803","name":"@waytrade/microservice-core","msg":"Webhook Callback Server started at port 48091"}
{"level":20,"time":1629657718877,"pid":5822,"hostname":"fv-az77-803","name":"@waytrade/microservice-core","msg":"HTTP post /subscribe -> 201 (1ms)"}
{"level":20,"time":1629657718881,"pid":5822,"hostname":"fv-az77-803","name":"@waytrade/microservice-core","msg":"HTTP post /callback -> 418 (1ms)"}
{"level":20,"time":1629657718883,"pid":5822,"hostname":"fv-az77-803","name":"@waytrade/microservice-core","msg":"HTTP post /subscribe -> 201 (0ms)"}
{"level":20,"time":1629657718884,"pid":5822,"hostname":"fv-az77-803","name":"@waytrade/microservice-core","msg":"HTTP Server on port 34967 stopped"}
{"level":20,"time":1629657718884,"pid":5822,"hostname":"fv-az77-803","name":"@waytrade/microservice-core","msg":"HTTP Server on port 48091 stopped"}
{"level":30,"time":1629657718884,"pid":5822,"hostname":"fv-az77-803","name":"@waytrade/microservice-core","msg":"App stopped."}
{"level":30,"time":1629657718885,"pid":5822,"hostname":"fv-az77-803","name":"@waytrade/microservice-core","msg":"Starting App..."}
{"level":20,"time":1629657718885,"pid":5822,"hostname":"fv-az77-803","name":"@waytrade/microservice-core","msg":"Starting HTTP Server on port 0"}
{"level":20,"time":1629657718886,"pid":5822,"hostname":"fv-az77-803","name":"@waytrade/microservice-core","msg":"HTTP Server listening on port 32825"}
{"level":20,"time":1629657718886,"pid":5822,"hostname":"fv-az77-803","name":"@waytrade/microservice-core","msg":"Starting HTTP Server on port 0"}
{"level":20,"time":1629657718886,"pid":5822,"hostname":"fv-az77-803","name":"@waytrade/microservice-core","msg":"HTTP Server listening on port 50881"}
{"level":30,"time":1629657718886,"pid":5822,"hostname":"fv-az77-803","name":"@waytrade/microservice-core","msg":"API Server started at port 32825"}
{"level":30,"time":1629657718886,"pid":5822,"hostname":"fv-az77-803","name":"@waytrade/microservice-core","msg":"Webhook Callback Server started at port 50881"}
{"level":20,"time":1629657718888,"pid":5822,"hostname":"fv-az77-803","name":"@waytrade/microservice-core","msg":"HTTP post /subscribe -> 201 (0ms)"}
{"level":20,"time":1629657718891,"pid":5822,"hostname":"fv-az77-803","name":"@waytrade/microservice-core","msg":"HTTP post /subscribe -> 201 (0ms)"}
{"level":20,"time":1629657718893,"pid":5822,"hostname":"fv-az77-803","name":"@waytrade/microservice-core","msg":"HTTP Server on port 32825 stopped"}
{"level":20,"time":1629657718893,"pid":5822,"hostname":"fv-az77-803","name":"@waytrade/microservice-core","msg":"HTTP Server on port 50881 stopped"}
{"level":30,"time":1629657718893,"pid":5822,"hostname":"fv-az77-803","name":"@waytrade/microservice-core","msg":"App stopped."}
{"level":20,"time":1629657719551,"pid":5822,"hostname":"fv-az77-803","name":"@waytrade/microservice-core","msg":"Starting HTTP Server on port 0"}
{"level":20,"time":1629657719556,"pid":5822,"hostname":"fv-az77-803","name":"@waytrade/microservice-core","msg":"HTTP Server listening on port 32975"}
{"level":20,"time":1629657719561,"pid":5822,"hostname":"fv-az77-803","name":"@waytrade/microservice-core","msg":"HTTP get /api/test/ -> 200 (1ms)"}
{"level":20,"time":1629657719562,"pid":5822,"hostname":"fv-az77-803","name":"@waytrade/microservice-core","msg":"HTTP Server on port 32975 stopped"}
{"level":20,"time":1629657719563,"pid":5822,"hostname":"fv-az77-803","name":"@waytrade/microservice-core","msg":"Starting HTTP Server on port 0"}
{"level":20,"time":1629657719563,"pid":5822,"hostname":"fv-az77-803","name":"@waytrade/microservice-core","msg":"HTTP Server listening on port 42859"}
{"level":20,"time":1629657719565,"pid":5822,"hostname":"fv-az77-803","name":"@waytrade/microservice-core","msg":"HTTP get /api/test/error -> 418 (1ms)"}
{"level":20,"time":1629657719565,"pid":5822,"hostname":"fv-az77-803","name":"@waytrade/microservice-core","msg":"HTTP Server on port 42859 stopped"}
{"level":20,"time":1629657719566,"pid":5822,"hostname":"fv-az77-803","name":"@waytrade/microservice-core","msg":"Starting HTTP Server on port 0"}
{"level":20,"time":1629657719566,"pid":5822,"hostname":"fv-az77-803","name":"@waytrade/microservice-core","msg":"HTTP Server listening on port 47149"}
{"level":20,"time":1629657719623,"pid":5822,"hostname":"fv-az77-803","name":"@waytrade/microservice-core","msg":"HTTP get /api/test/serverError -> 500 (55ms)"}
{"level":20,"time":1629657719624,"pid":5822,"hostname":"fv-az77-803","name":"@waytrade/microservice-core","msg":"HTTP Server on port 47149 stopped"}
{"level":20,"time":1629657719625,"pid":5822,"hostname":"fv-az77-803","name":"@waytrade/microservice-core","msg":"Starting HTTP Server on port 0"}
{"level":20,"time":1629657719625,"pid":5822,"hostname":"fv-az77-803","name":"@waytrade/microservice-core","msg":"HTTP Server listening on port 52119"}
{"level":20,"time":1629657719628,"pid":5822,"hostname":"fv-az77-803","name":"@waytrade/microservice-core","msg":"HTTP put /api/test/ -> 200 (1ms)"}
{"level":20,"time":1629657719629,"pid":5822,"hostname":"fv-az77-803","name":"@waytrade/microservice-core","msg":"HTTP Server on port 52119 stopped"}
{"level":20,"time":1629657719629,"pid":5822,"hostname":"fv-az77-803","name":"@waytrade/microservice-core","msg":"Starting HTTP Server on port 0"}
{"level":20,"time":1629657719630,"pid":5822,"hostname":"fv-az77-803","name":"@waytrade/microservice-core","msg":"HTTP Server listening on port 46145"}
{"level":20,"time":1629657719631,"pid":5822,"hostname":"fv-az77-803","name":"@waytrade/microservice-core","msg":"HTTP put /api/test/error -> 418 (0ms)"}
{"level":20,"time":1629657719632,"pid":5822,"hostname":"fv-az77-803","name":"@waytrade/microservice-core","msg":"HTTP Server on port 46145 stopped"}
{"level":20,"time":1629657719632,"pid":5822,"hostname":"fv-az77-803","name":"@waytrade/microservice-core","msg":"Starting HTTP Server on port 0"}
{"level":20,"time":1629657719633,"pid":5822,"hostname":"fv-az77-803","name":"@waytrade/microservice-core","msg":"HTTP Server listening on port 46565"}
{"level":20,"time":1629657719634,"pid":5822,"hostname":"fv-az77-803","name":"@waytrade/microservice-core","msg":"HTTP post /api/test/ -> 200 (0ms)"}
{"level":20,"time":1629657719636,"pid":5822,"hostname":"fv-az77-803","name":"@waytrade/microservice-core","msg":"HTTP Server on port 46565 stopped"}
{"level":20,"time":1629657719636,"pid":5822,"hostname":"fv-az77-803","name":"@waytrade/microservice-core","msg":"Starting HTTP Server on port 0"}
{"level":20,"time":1629657719636,"pid":5822,"hostname":"fv-az77-803","name":"@waytrade/microservice-core","msg":"HTTP Server listening on port 36249"}
{"level":20,"time":1629657719638,"pid":5822,"hostname":"fv-az77-803","name":"@waytrade/microservice-core","msg":"HTTP post /api/test/error -> 418 (1ms)"}
{"level":20,"time":1629657719639,"pid":5822,"hostname":"fv-az77-803","name":"@waytrade/microservice-core","msg":"HTTP Server on port 36249 stopped"}
{"level":20,"time":1629657719639,"pid":5822,"hostname":"fv-az77-803","name":"@waytrade/microservice-core","msg":"Starting HTTP Server on port 0"}
{"level":20,"time":1629657719639,"pid":5822,"hostname":"fv-az77-803","name":"@waytrade/microservice-core","msg":"HTTP Server listening on port 55967"}
{"level":20,"time":1629657719641,"pid":5822,"hostname":"fv-az77-803","name":"@waytrade/microservice-core","msg":"HTTP patch /api/test/ -> 200 (0ms)"}
{"level":20,"time":1629657719642,"pid":5822,"hostname":"fv-az77-803","name":"@waytrade/microservice-core","msg":"HTTP Server on port 55967 stopped"}
{"level":20,"time":1629657719643,"pid":5822,"hostname":"fv-az77-803","name":"@waytrade/microservice-core","msg":"Starting HTTP Server on port 0"}
{"level":20,"time":1629657719643,"pid":5822,"hostname":"fv-az77-803","name":"@waytrade/microservice-core","msg":"HTTP Server listening on port 41649"}
{"level":20,"time":1629657719644,"pid":5822,"hostname":"fv-az77-803","name":"@waytrade/microservice-core","msg":"HTTP patch /api/test/error -> 418 (0ms)"}
{"level":20,"time":1629657719645,"pid":5822,"hostname":"fv-az77-803","name":"@waytrade/microservice-core","msg":"HTTP Server on port 41649 stopped"}
{"level":20,"time":1629657719645,"pid":5822,"hostname":"fv-az77-803","name":"@waytrade/microservice-core","msg":"Starting HTTP Server on port 0"}
{"level":20,"time":1629657719646,"pid":5822,"hostname":"fv-az77-803","name":"@waytrade/microservice-core","msg":"HTTP Server listening on port 47291"}
{"level":20,"time":1629657719647,"pid":5822,"hostname":"fv-az77-803","name":"@waytrade/microservice-core","msg":"HTTP delete /api/test/ -> 200 (0ms)"}
{"level":20,"time":1629657719649,"pid":5822,"hostname":"fv-az77-803","name":"@waytrade/microservice-core","msg":"HTTP Server on port 47291 stopped"}
{"level":20,"time":1629657719649,"pid":5822,"hostname":"fv-az77-803","name":"@waytrade/microservice-core","msg":"Starting HTTP Server on port 0"}
{"level":20,"time":1629657719650,"pid":5822,"hostname":"fv-az77-803","name":"@waytrade/microservice-core","msg":"HTTP Server listening on port 51241"}
{"level":20,"time":1629657719661,"pid":5822,"hostname":"fv-az77-803","name":"@waytrade/microservice-core","msg":"HTTP delete /api/test/error -> 418 (0ms)"}
{"level":20,"time":1629657719662,"pid":5822,"hostname":"fv-az77-803","name":"@waytrade/microservice-core","msg":"HTTP Server on port 51241 stopped"}
{"level":20,"time":1629657720201,"pid":5822,"hostname":"fv-az77-803","name":"@waytrade/microservice-core","msg":"Starting HTTP Server on port 0"}
{"level":20,"time":1629657720201,"pid":5822,"hostname":"fv-az77-803","name":"@waytrade/microservice-core","msg":"HTTP Server listening on port 58221"}
{"level":20,"time":1629657720211,"pid":5822,"hostname":"fv-az77-803","name":"@waytrade/microservice-core","msg":"HTTP get /api/test/ -> 200 (0ms)"}
{"level":20,"time":1629657720212,"pid":5822,"hostname":"fv-az77-803","name":"@waytrade/microservice-core","msg":"HTTP Server on port 58221 stopped"}
{"level":20,"time":1629657720213,"pid":5822,"hostname":"fv-az77-803","name":"@waytrade/microservice-core","msg":"Starting HTTP Server on port 0"}
{"level":20,"time":1629657720213,"pid":5822,"hostname":"fv-az77-803","name":"@waytrade/microservice-core","msg":"HTTP Server listening on port 58149"}
{"level":20,"time":1629657720215,"pid":5822,"hostname":"fv-az77-803","name":"@waytrade/microservice-core","msg":"HTTP get /api/test/notImplemented -> 501 (1ms)"}
{"level":20,"time":1629657720215,"pid":5822,"hostname":"fv-az77-803","name":"@waytrade/microservice-core","msg":"HTTP Server on port 58149 stopped"}
{"level":20,"time":1629657720216,"pid":5822,"hostname":"fv-az77-803","name":"@waytrade/microservice-core","msg":"Starting HTTP Server on port 0"}
{"level":20,"time":1629657720217,"pid":5822,"hostname":"fv-az77-803","name":"@waytrade/microservice-core","msg":"HTTP Server listening on port 51349"}
{"level":20,"time":1629657720219,"pid":5822,"hostname":"fv-az77-803","name":"@waytrade/microservice-core","msg":"HTTP put /api/test/ -> 200 (1ms)"}
{"level":20,"time":1629657720219,"pid":5822,"hostname":"fv-az77-803","name":"@waytrade/microservice-core","msg":"HTTP Server on port 51349 stopped"}
{"level":20,"time":1629657720220,"pid":5822,"hostname":"fv-az77-803","name":"@waytrade/microservice-core","msg":"Starting HTTP Server on port 0"}
{"level":20,"time":1629657720220,"pid":5822,"hostname":"fv-az77-803","name":"@waytrade/microservice-core","msg":"HTTP Server listening on port 46099"}
{"level":20,"time":1629657720222,"pid":5822,"hostname":"fv-az77-803","name":"@waytrade/microservice-core","msg":"HTTP put /api/test/notImplemented -> 501 (0ms)"}
{"level":20,"time":1629657720222,"pid":5822,"hostname":"fv-az77-803","name":"@waytrade/microservice-core","msg":"HTTP Server on port 46099 stopped"}
{"level":20,"time":1629657720223,"pid":5822,"hostname":"fv-az77-803","name":"@waytrade/microservice-core","msg":"Starting HTTP Server on port 0"}
{"level":20,"time":1629657720223,"pid":5822,"hostname":"fv-az77-803","name":"@waytrade/microservice-core","msg":"HTTP Server listening on port 35153"}
{"level":20,"time":1629657720226,"pid":5822,"hostname":"fv-az77-803","name":"@waytrade/microservice-core","msg":"HTTP post /api/test/ -> 200 (1ms)"}
{"level":20,"time":1629657720227,"pid":5822,"hostname":"fv-az77-803","name":"@waytrade/microservice-core","msg":"HTTP Server on port 35153 stopped"}
{"level":20,"time":1629657720227,"pid":5822,"hostname":"fv-az77-803","name":"@waytrade/microservice-core","msg":"Starting HTTP Server on port 0"}
{"level":20,"time":1629657720227,"pid":5822,"hostname":"fv-az77-803","name":"@waytrade/microservice-core","msg":"HTTP Server listening on port 46405"}
{"level":20,"time":1629657720229,"pid":5822,"hostname":"fv-az77-803","name":"@waytrade/microservice-core","msg":"HTTP post /api/test/notImplemented -> 501 (0ms)"}
{"level":20,"time":1629657720229,"pid":5822,"hostname":"fv-az77-803","name":"@waytrade/microservice-core","msg":"HTTP Server on port 46405 stopped"}
{"level":20,"time":1629657720230,"pid":5822,"hostname":"fv-az77-803","name":"@waytrade/microservice-core","msg":"Starting HTTP Server on port 0"}
{"level":20,"time":1629657720230,"pid":5822,"hostname":"fv-az77-803","name":"@waytrade/microservice-core","msg":"HTTP Server listening on port 47379"}
{"level":20,"time":1629657720232,"pid":5822,"hostname":"fv-az77-803","name":"@waytrade/microservice-core","msg":"HTTP patch /api/test/ -> 200 (0ms)"}
{"level":20,"time":1629657720233,"pid":5822,"hostname":"fv-az77-803","name":"@waytrade/microservice-core","msg":"HTTP Server on port 47379 stopped"}
{"level":20,"time":1629657720234,"pid":5822,"hostname":"fv-az77-803","name":"@waytrade/microservice-core","msg":"Starting HTTP Server on port 0"}
{"level":20,"time":1629657720234,"pid":5822,"hostname":"fv-az77-803","name":"@waytrade/microservice-core","msg":"HTTP Server listening on port 39439"}
{"level":20,"time":1629657720236,"pid":5822,"hostname":"fv-az77-803","name":"@waytrade/microservice-core","msg":"HTTP post /api/test/notImplemented -> 501 (1ms)"}
{"level":20,"time":1629657720236,"pid":5822,"hostname":"fv-az77-803","name":"@waytrade/microservice-core","msg":"HTTP Server on port 39439 stopped"}
{"level":20,"time":1629657720237,"pid":5822,"hostname":"fv-az77-803","name":"@waytrade/microservice-core","msg":"Starting HTTP Server on port 0"}
{"level":20,"time":1629657720237,"pid":5822,"hostname":"fv-az77-803","name":"@waytrade/microservice-core","msg":"HTTP Server listening on port 45775"}
{"level":20,"time":1629657720240,"pid":5822,"hostname":"fv-az77-803","name":"@waytrade/microservice-core","msg":"HTTP delete /api/test/ -> 200 (0ms)"}
{"level":20,"time":1629657720241,"pid":5822,"hostname":"fv-az77-803","name":"@waytrade/microservice-core","msg":"HTTP Server on port 45775 stopped"}
{"level":20,"time":1629657720242,"pid":5822,"hostname":"fv-az77-803","name":"@waytrade/microservice-core","msg":"Starting HTTP Server on port 0"}
{"level":20,"time":1629657720242,"pid":5822,"hostname":"fv-az77-803","name":"@waytrade/microservice-core","msg":"HTTP Server listening on port 44805"}
{"level":20,"time":1629657720244,"pid":5822,"hostname":"fv-az77-803","name":"@waytrade/microservice-core","msg":"HTTP post /api/test/notImplemented -> 501 (0ms)"}
{"level":20,"time":1629657720245,"pid":5822,"hostname":"fv-az77-803","name":"@waytrade/microservice-core","msg":"HTTP Server on port 44805 stopped"}
{"level":20,"time":1629657720807,"pid":5822,"hostname":"fv-az77-803","name":"@waytrade/microservice-core","msg":"Debug message"}
{"level":30,"time":1629657720808,"pid":5822,"hostname":"fv-az77-803","name":"@waytrade/microservice-core","msg":"Info message"}
{"level":40,"time":1629657720808,"pid":5822,"hostname":"fv-az77-803","name":"@waytrade/microservice-core","msg":"Warning message"}
{"level":50,"time":1629657720808,"pid":5822,"hostname":"fv-az77-803","name":"@waytrade/microservice-core","msg":"Error message"}
{"level":30,"time":1629657720812,"pid":5822,"hostname":"fv-az77-803","name":"@waytrade/microservice-core","msg":"Info message"}
{"level":40,"time":1629657720812,"pid":5822,"hostname":"fv-az77-803","name":"@waytrade/microservice-core","msg":"Warning message"}
{"level":50,"time":1629657720812,"pid":5822,"hostname":"fv-az77-803","name":"@waytrade/microservice-core","msg":"Error message"}
{"level":40,"time":1629657720814,"pid":5822,"hostname":"fv-az77-803","name":"@waytrade/microservice-core","msg":"Warning message"}
{"level":50,"time":1629657720814,"pid":5822,"hostname":"fv-az77-803","name":"@waytrade/microservice-core","msg":"Error message"}
{"level":50,"time":1629657720815,"pid":5822,"hostname":"fv-az77-803","name":"@waytrade/microservice-core","msg":"Error message"}
{"level":20,"time":1629657720821,"pid":5822,"hostname":"fv-az77-803","name":"@waytrade/microservice-core","msg":"Debug message"}
{"level":30,"time":1629657720822,"pid":5822,"hostname":"fv-az77-803","name":"@waytrade/microservice-core","msg":"Info message"}
{"level":40,"time":1629657720822,"pid":5822,"hostname":"fv-az77-803","name":"@waytrade/microservice-core","msg":"Warning message"}
{"level":50,"time":1629657720823,"pid":5822,"hostname":"fv-az77-803","name":"@waytrade/microservice-core","msg":"Error message"}
{"level":20,"time":1629657721303,"pid":5822,"hostname":"fv-az77-803","name":"@waytrade/microservice-core","msg":"Starting HTTP Server on port 0"}
{"level":20,"time":1629657721303,"pid":5822,"hostname":"fv-az77-803","name":"@waytrade/microservice-core","msg":"HTTP Server listening on port 52361"}
{"level":20,"time":1629657721317,"pid":5822,"hostname":"fv-az77-803","name":"@waytrade/microservice-core","msg":"HTTP Server on port 52361 stopped"}
{"level":20,"time":1629657721318,"pid":5822,"hostname":"fv-az77-803","name":"@waytrade/microservice-core","msg":"Starting HTTP Server on port 0"}
{"level":20,"time":1629657721318,"pid":5822,"hostname":"fv-az77-803","name":"@waytrade/microservice-core","msg":"HTTP Server listening on port 60257"}
{"level":20,"time":1629657721324,"pid":5822,"hostname":"fv-az77-803","name":"@waytrade/microservice-core","msg":"HTTP Server on port 60257 stopped"}
{"level":20,"time":1629657721325,"pid":5822,"hostname":"fv-az77-803","name":"@waytrade/microservice-core","msg":"Starting HTTP Server on port 0"}
{"level":20,"time":1629657721325,"pid":5822,"hostname":"fv-az77-803","name":"@waytrade/microservice-core","msg":"HTTP Server listening on port 48253"}
{"level":50,"time":1629657721327,"pid":5822,"hostname":"fv-az77-803","name":"@waytrade/microservice-core","msg":"Binary data on websocket not supported."}
{"level":20,"time":1629657722327,"pid":5822,"hostname":"fv-az77-803","name":"@waytrade/microservice-core","msg":"HTTP Server on port 48253 stopped"}
{"level":20,"time":1629657722328,"pid":5822,"hostname":"fv-az77-803","name":"@waytrade/microservice-core","msg":"Starting HTTP Server on port 0"}
{"level":20,"time":1629657722328,"pid":5822,"hostname":"fv-az77-803","name":"@waytrade/microservice-core","msg":"HTTP Server listening on port 53203"}
{"level":20,"time":1629657722333,"pid":5822,"hostname":"fv-az77-803","name":"@waytrade/microservice-core","msg":"HTTP Server on port 53203 stopped"}
{"level":20,"time":1629657722333,"pid":5822,"hostname":"fv-az77-803","name":"@waytrade/microservice-core","msg":"Starting HTTP Server on port 0"}
{"level":20,"time":1629657722334,"pid":5822,"hostname":"fv-az77-803","name":"@waytrade/microservice-core","msg":"HTTP Server listening on port 52263"}
{"level":20,"time":1629657723338,"pid":5822,"hostname":"fv-az77-803","name":"@waytrade/microservice-core","msg":"HTTP Server on port 52263 stopped"}
{"level":20,"time":1629657723339,"pid":5822,"hostname":"fv-az77-803","name":"@waytrade/microservice-core","msg":"Starting HTTP Server on port 0"}
{"level":20,"time":1629657723339,"pid":5822,"hostname":"fv-az77-803","name":"@waytrade/microservice-core","msg":"HTTP Server listening on port 34625"}
{"level":20,"time":1629657723534,"pid":5822,"hostname":"fv-az77-803","name":"@waytrade/microservice-core","msg":"HTTP Server on port 34625 stopped"}
{"level":20,"time":1629657723535,"pid":5822,"hostname":"fv-az77-803","name":"@waytrade/microservice-core","msg":"Starting HTTP Server on port 0"}
{"level":20,"time":1629657723536,"pid":5822,"hostname":"fv-az77-803","name":"@waytrade/microservice-core","msg":"HTTP Server listening on port 50935"}
{"level":20,"time":1629657723798,"pid":5822,"hostname":"fv-az77-803","name":"@waytrade/microservice-core","msg":"HTTP Server on port 50935 stopped"}
{"level":30,"time":1629657724201,"pid":5822,"hostname":"fv-az77-803","name":"@waytrade/microservice-core","msg":"Starting App..."}
{"level":20,"time":1629657724201,"pid":5822,"hostname":"fv-az77-803","name":"@waytrade/microservice-core","msg":"Starting HTTP Server on port 0"}
{"level":20,"time":1629657724201,"pid":5822,"hostname":"fv-az77-803","name":"@waytrade/microservice-core","msg":"HTTP Server listening on port 47645"}
{"level":30,"time":1629657724202,"pid":5822,"hostname":"fv-az77-803","name":"@waytrade/microservice-core","msg":"API Server started at port 47645"}
{"level":20,"time":1629657724202,"pid":5822,"hostname":"fv-az77-803","name":"@waytrade/microservice-core","msg":"HTTP Server on port 47645 stopped"}
{"level":30,"time":1629657724202,"pid":5822,"hostname":"fv-az77-803","name":"@waytrade/microservice-core","msg":"App stopped."}
{"level":30,"time":1629657724204,"pid":5822,"hostname":"fv-az77-803","name":"@waytrade/microservice-core","msg":"Starting App..."}
{"level":20,"time":1629657724204,"pid":5822,"hostname":"fv-az77-803","name":"@waytrade/microservice-core","msg":"Starting HTTP Server on port 0"}
{"level":20,"time":1629657724204,"pid":5822,"hostname":"fv-az77-803","name":"@waytrade/microservice-core","msg":"HTTP Server listening on port 47477"}
{"level":30,"time":1629657724204,"pid":5822,"hostname":"fv-az77-803","name":"@waytrade/microservice-core","msg":"API Server started at port 47477"}
{"level":20,"time":1629657724205,"pid":5822,"hostname":"fv-az77-803","name":"@waytrade/microservice-core","msg":"HTTP Server on port 47477 stopped"}
{"level":30,"time":1629657724205,"pid":5822,"hostname":"fv-az77-803","name":"@waytrade/microservice-core","msg":"App stopped."}
{"level":30,"time":1629657724206,"pid":5822,"hostname":"fv-az77-803","name":"@waytrade/microservice-core","msg":"Starting App..."}
{"level":20,"time":1629657724206,"pid":5822,"hostname":"fv-az77-803","name":"@waytrade/microservice-core","msg":"Starting HTTP Server on port 0"}
{"level":20,"time":1629657724206,"pid":5822,"hostname":"fv-az77-803","name":"@waytrade/microservice-core","msg":"HTTP Server listening on port 35821"}
{"level":30,"time":1629657724207,"pid":5822,"hostname":"fv-az77-803","name":"@waytrade/microservice-core","msg":"API Server started at port 35821"}
{"level":20,"time":1629657724207,"pid":5822,"hostname":"fv-az77-803","name":"@waytrade/microservice-core","msg":"HTTP Server on port 35821 stopped"}
{"level":30,"time":1629657724207,"pid":5822,"hostname":"fv-az77-803","name":"@waytrade/microservice-core","msg":"App stopped."}
{"level":30,"time":1629657724208,"pid":5822,"hostname":"fv-az77-803","name":"@waytrade/microservice-core","msg":"Starting App..."}
{"level":20,"time":1629657724208,"pid":5822,"hostname":"fv-az77-803","name":"@waytrade/microservice-core","msg":"Starting HTTP Server on port 0"}
{"level":20,"time":1629657724209,"pid":5822,"hostname":"fv-az77-803","name":"@waytrade/microservice-core","msg":"HTTP Server listening on port 42563"}
{"level":30,"time":1629657724209,"pid":5822,"hostname":"fv-az77-803","name":"@waytrade/microservice-core","msg":"API Server started at port 42563"}
{"level":20,"time":1629657724209,"pid":5822,"hostname":"fv-az77-803","name":"@waytrade/microservice-core","msg":"HTTP Server on port 42563 stopped"}
{"level":30,"time":1629657724209,"pid":5822,"hostname":"fv-az77-803","name":"@waytrade/microservice-core","msg":"App stopped."}
{"level":30,"time":1629657724210,"pid":5822,"hostname":"fv-az77-803","name":"@waytrade/microservice-core","msg":"Starting App..."}
{"level":20,"time":1629657724211,"pid":5822,"hostname":"fv-az77-803","name":"@waytrade/microservice-core","msg":"Starting HTTP Server on port 0"}
{"level":20,"time":1629657724212,"pid":5822,"hostname":"fv-az77-803","name":"@waytrade/microservice-core","msg":"HTTP Server listening on port 49511"}
{"level":30,"time":1629657724212,"pid":5822,"hostname":"fv-az77-803","name":"@waytrade/microservice-core","msg":"API Server started at port 49511"}
{"level":20,"time":1629657724212,"pid":5822,"hostname":"fv-az77-803","name":"@waytrade/microservice-core","msg":"HTTP Server on port 49511 stopped"}
{"level":30,"time":1629657724213,"pid":5822,"hostname":"fv-az77-803","name":"@waytrade/microservice-core","msg":"App stopped."}
{"level":30,"time":1629657724215,"pid":5822,"hostname":"fv-az77-803","name":"@waytrade/microservice-core","msg":"Starting App..."}
{"level":20,"time":1629657724215,"pid":5822,"hostname":"fv-az77-803","name":"@waytrade/microservice-core","msg":"Starting HTTP Server on port 0"}
{"level":20,"time":1629657724216,"pid":5822,"hostname":"fv-az77-803","name":"@waytrade/microservice-core","msg":"HTTP Server listening on port 39247"}
{"level":30,"time":1629657724216,"pid":5822,"hostname":"fv-az77-803","name":"@waytrade/microservice-core","msg":"API Server started at port 39247"}
{"level":20,"time":1629657724220,"pid":5822,"hostname":"fv-az77-803","name":"@waytrade/microservice-core","msg":"HTTP get /test/get/ -> 200 (0ms)"}
{"level":20,"time":1629657724220,"pid":5822,"hostname":"fv-az77-803","name":"@waytrade/microservice-core","msg":"HTTP Server on port 39247 stopped"}
{"level":30,"time":1629657724221,"pid":5822,"hostname":"fv-az77-803","name":"@waytrade/microservice-core","msg":"App stopped."}
{"level":30,"time":1629657724222,"pid":5822,"hostname":"fv-az77-803","name":"@waytrade/microservice-core","msg":"Starting App..."}
{"level":20,"time":1629657724222,"pid":5822,"hostname":"fv-az77-803","name":"@waytrade/microservice-core","msg":"Starting HTTP Server on port 0"}
{"level":20,"time":1629657724223,"pid":5822,"hostname":"fv-az77-803","name":"@waytrade/microservice-core","msg":"HTTP Server listening on port 44601"}
{"level":30,"time":1629657724223,"pid":5822,"hostname":"fv-az77-803","name":"@waytrade/microservice-core","msg":"API Server started at port 44601"}
{"level":20,"time":1629657724223,"pid":5822,"hostname":"fv-az77-803","name":"@waytrade/microservice-core","msg":"Debug message"}
{"level":30,"time":1629657724223,"pid":5822,"hostname":"fv-az77-803","name":"@waytrade/microservice-core","msg":"Info message"}
{"level":40,"time":1629657724223,"pid":5822,"hostname":"fv-az77-803","name":"@waytrade/microservice-core","msg":"Warning message"}
{"level":50,"time":1629657724223,"pid":5822,"hostname":"fv-az77-803","name":"@waytrade/microservice-core","msg":"Error message"}
{"level":20,"time":1629657724223,"pid":5822,"hostname":"fv-az77-803","name":"@waytrade/microservice-core","msg":"HTTP Server on port 44601 stopped"}
{"level":30,"time":1629657724223,"pid":5822,"hostname":"fv-az77-803","name":"@waytrade/microservice-core","msg":"App stopped."}
{"level":30,"time":1629657724588,"pid":5822,"hostname":"fv-az77-803","name":"@waytrade/microservice-core","msg":"Starting App..."}
{"level":20,"time":1629657724589,"pid":5822,"hostname":"fv-az77-803","name":"@waytrade/microservice-core","msg":"Starting HTTP Server on port 0"}
{"level":20,"time":1629657724589,"pid":5822,"hostname":"fv-az77-803","name":"@waytrade/microservice-core","msg":"HTTP Server listening on port 38741"}
{"level":20,"time":1629657724589,"pid":5822,"hostname":"fv-az77-803","name":"@waytrade/microservice-core","msg":"Starting HTTP Server on port 0"}
{"level":20,"time":1629657724590,"pid":5822,"hostname":"fv-az77-803","name":"@waytrade/microservice-core","msg":"HTTP Server listening on port 43119"}
{"level":30,"time":1629657724590,"pid":5822,"hostname":"fv-az77-803","name":"@waytrade/microservice-core","msg":"API Server started at port 38741"}
{"level":30,"time":1629657724590,"pid":5822,"hostname":"fv-az77-803","name":"@waytrade/microservice-core","msg":"Webhook Callback Server started at port 43119"}
{"level":20,"time":1629657724591,"pid":5822,"hostname":"fv-az77-803","name":"@waytrade/microservice-core","msg":"HTTP Server on port 38741 stopped"}
{"level":20,"time":1629657724591,"pid":5822,"hostname":"fv-az77-803","name":"@waytrade/microservice-core","msg":"HTTP Server on port 43119 stopped"}
{"level":30,"time":1629657724591,"pid":5822,"hostname":"fv-az77-803","name":"@waytrade/microservice-core","msg":"App stopped."}
{"level":30,"time":1629657724593,"pid":5822,"hostname":"fv-az77-803","name":"@waytrade/microservice-core","msg":"Starting App..."}
{"level":20,"time":1629657724593,"pid":5822,"hostname":"fv-az77-803","name":"@waytrade/microservice-core","msg":"Starting HTTP Server on port 0"}
{"level":20,"time":1629657724593,"pid":5822,"hostname":"fv-az77-803","name":"@waytrade/microservice-core","msg":"HTTP Server listening on port 51725"}
{"level":20,"time":1629657724593,"pid":5822,"hostname":"fv-az77-803","name":"@waytrade/microservice-core","msg":"Starting HTTP Server on port 0"}
{"level":20,"time":1629657724594,"pid":5822,"hostname":"fv-az77-803","name":"@waytrade/microservice-core","msg":"HTTP Server listening on port 46349"}
{"level":30,"time":1629657724594,"pid":5822,"hostname":"fv-az77-803","name":"@waytrade/microservice-core","msg":"API Server started at port 51725"}
{"level":30,"time":1629657724594,"pid":5822,"hostname":"fv-az77-803","name":"@waytrade/microservice-core","msg":"Webhook Callback Server started at port 46349"}
{"level":20,"time":1629657724595,"pid":5822,"hostname":"fv-az77-803","name":"@waytrade/microservice-core","msg":"HTTP Server on port 51725 stopped"}
{"level":20,"time":1629657724595,"pid":5822,"hostname":"fv-az77-803","name":"@waytrade/microservice-core","msg":"HTTP Server on port 46349 stopped"}
{"level":30,"time":1629657724595,"pid":5822,"hostname":"fv-az77-803","name":"@waytrade/microservice-core","msg":"App stopped."}
{"level":30,"time":1629657724605,"pid":5822,"hostname":"fv-az77-803","name":"@waytrade/microservice-core","msg":"Starting App..."}
{"level":20,"time":1629657724605,"pid":5822,"hostname":"fv-az77-803","name":"@waytrade/microservice-core","msg":"Starting HTTP Server on port 0"}
{"level":20,"time":1629657724605,"pid":5822,"hostname":"fv-az77-803","name":"@waytrade/microservice-core","msg":"HTTP Server listening on port 52107"}
{"level":20,"time":1629657724606,"pid":5822,"hostname":"fv-az77-803","name":"@waytrade/microservice-core","msg":"Starting HTTP Server on port 0"}
{"level":20,"time":1629657724606,"pid":5822,"hostname":"fv-az77-803","name":"@waytrade/microservice-core","msg":"HTTP Server listening on port 56451"}
{"level":20,"time":1629657724606,"pid":5822,"hostname":"fv-az77-803","name":"@waytrade/microservice-core","msg":"HTTP Server on port 52107 stopped"}
{"level":20,"time":1629657724606,"pid":5822,"hostname":"fv-az77-803","name":"@waytrade/microservice-core","msg":"HTTP Server on port 56451 stopped"}
{"level":30,"time":1629657724606,"pid":5822,"hostname":"fv-az77-803","name":"@waytrade/microservice-core","msg":"App stopped."}
{"level":30,"time":1629657724608,"pid":5822,"hostname":"fv-az77-803","name":"@waytrade/microservice-core","msg":"Starting App..."}
{"level":20,"time":1629657724608,"pid":5822,"hostname":"fv-az77-803","name":"@waytrade/microservice-core","msg":"Starting HTTP Server on port 0"}
{"level":20,"time":1629657724608,"pid":5822,"hostname":"fv-az77-803","name":"@waytrade/microservice-core","msg":"HTTP Server listening on port 49521"}
{"level":20,"time":1629657724608,"pid":5822,"hostname":"fv-az77-803","name":"@waytrade/microservice-core","msg":"Starting HTTP Server on port 0"}
{"level":20,"time":1629657724608,"pid":5822,"hostname":"fv-az77-803","name":"@waytrade/microservice-core","msg":"HTTP Server listening on port 53063"}
{"level":20,"time":1629657724609,"pid":5822,"hostname":"fv-az77-803","name":"@waytrade/microservice-core","msg":"HTTP Server on port 49521 stopped"}
{"level":20,"time":1629657724609,"pid":5822,"hostname":"fv-az77-803","name":"@waytrade/microservice-core","msg":"HTTP Server on port 53063 stopped"}
{"level":30,"time":1629657724609,"pid":5822,"hostname":"fv-az77-803","name":"@waytrade/microservice-core","msg":"App stopped."}
{"level":30,"time":1629657724610,"pid":5822,"hostname":"fv-az77-803","name":"@waytrade/microservice-core","msg":"Starting App..."}
{"level":20,"time":1629657724610,"pid":5822,"hostname":"fv-az77-803","name":"@waytrade/microservice-core","msg":"Starting HTTP Server on port 0"}
{"level":20,"time":1629657724610,"pid":5822,"hostname":"fv-az77-803","name":"@waytrade/microservice-core","msg":"HTTP Server listening on port 59871"}
{"level":20,"time":1629657724611,"pid":5822,"hostname":"fv-az77-803","name":"@waytrade/microservice-core","msg":"Starting HTTP Server on port 0"}
{"level":20,"time":1629657724611,"pid":5822,"hostname":"fv-az77-803","name":"@waytrade/microservice-core","msg":"HTTP Server listening on port 36555"}
{"level":20,"time":1629657724611,"pid":5822,"hostname":"fv-az77-803","name":"@waytrade/microservice-core","msg":"HTTP Server on port 59871 stopped"}
{"level":20,"time":1629657724611,"pid":5822,"hostname":"fv-az77-803","name":"@waytrade/microservice-core","msg":"HTTP Server on port 36555 stopped"}
{"level":30,"time":1629657724611,"pid":5822,"hostname":"fv-az77-803","name":"@waytrade/microservice-core","msg":"App stopped."}
{"level":30,"time":1629657724612,"pid":5822,"hostname":"fv-az77-803","name":"@waytrade/microservice-core","msg":"Starting App..."}
{"level":20,"time":1629657724613,"pid":5822,"hostname":"fv-az77-803","name":"@waytrade/microservice-core","msg":"Starting HTTP Server on port 0"}
{"level":20,"time":1629657724613,"pid":5822,"hostname":"fv-az77-803","name":"@waytrade/microservice-core","msg":"HTTP Server listening on port 36789"}
{"level":20,"time":1629657724613,"pid":5822,"hostname":"fv-az77-803","name":"@waytrade/microservice-core","msg":"Starting HTTP Server on port 0"}
{"level":20,"time":1629657724613,"pid":5822,"hostname":"fv-az77-803","name":"@waytrade/microservice-core","msg":"HTTP Server listening on port 57007"}
{"level":20,"time":1629657724613,"pid":5822,"hostname":"fv-az77-803","name":"@waytrade/microservice-core","msg":"HTTP Server on port 36789 stopped"}
{"level":20,"time":1629657724613,"pid":5822,"hostname":"fv-az77-803","name":"@waytrade/microservice-core","msg":"HTTP Server on port 57007 stopped"}
{"level":30,"time":1629657724613,"pid":5822,"hostname":"fv-az77-803","name":"@waytrade/microservice-core","msg":"App stopped."}
{"level":30,"time":1629657724954,"pid":5822,"hostname":"fv-az77-803","name":"@waytrade/microservice-core","msg":"Starting App..."}
{"level":20,"time":1629657724955,"pid":5822,"hostname":"fv-az77-803","name":"@waytrade/microservice-core","msg":"Starting HTTP Server on port 0"}
{"level":20,"time":1629657724955,"pid":5822,"hostname":"fv-az77-803","name":"@waytrade/microservice-core","msg":"HTTP Server listening on port 53157"}
{"level":30,"time":1629657724955,"pid":5822,"hostname":"fv-az77-803","name":"@waytrade/microservice-core","msg":"API Server started at port 53157"}
{"level":20,"time":1629657724956,"pid":5822,"hostname":"fv-az77-803","name":"@waytrade/microservice-core","msg":"HTTP Server on port 53157 stopped"}
{"level":30,"time":1629657724957,"pid":5822,"hostname":"fv-az77-803","name":"@waytrade/microservice-core","msg":"App stopped."}
{"level":30,"time":1629657724958,"pid":5822,"hostname":"fv-az77-803","name":"@waytrade/microservice-core","msg":"Starting App..."}
{"level":20,"time":1629657724959,"pid":5822,"hostname":"fv-az77-803","name":"@waytrade/microservice-core","msg":"Starting HTTP Server on port 0"}
{"level":20,"time":1629657724959,"pid":5822,"hostname":"fv-az77-803","name":"@waytrade/microservice-core","msg":"HTTP Server listening on port 47881"}
{"level":30,"time":1629657724959,"pid":5822,"hostname":"fv-az77-803","name":"@waytrade/microservice-core","msg":"API Server started at port 47881"}
{"level":20,"time":1629657724960,"pid":5822,"hostname":"fv-az77-803","name":"@waytrade/microservice-core","msg":"HTTP Server on port 47881 stopped"}
{"level":30,"time":1629657724960,"pid":5822,"hostname":"fv-az77-803","name":"@waytrade/microservice-core","msg":"App stopped."}
{"level":30,"time":1629657724962,"pid":5822,"hostname":"fv-az77-803","name":"@waytrade/microservice-core","msg":"Starting App..."}
{"level":20,"time":1629657724962,"pid":5822,"hostname":"fv-az77-803","name":"@waytrade/microservice-core","msg":"Starting HTTP Server on port 0"}
{"level":20,"time":1629657724962,"pid":5822,"hostname":"fv-az77-803","name":"@waytrade/microservice-core","msg":"HTTP Server listening on port 39511"}
{"level":20,"time":1629657724963,"pid":5822,"hostname":"fv-az77-803","name":"@waytrade/microservice-core","msg":"HTTP Server on port 39511 stopped"}
{"level":30,"time":1629657724963,"pid":5822,"hostname":"fv-az77-803","name":"@waytrade/microservice-core","msg":"App stopped."}
{"level":30,"time":1629657724964,"pid":5822,"hostname":"fv-az77-803","name":"@waytrade/microservice-core","msg":"Starting App..."}
{"level":20,"time":1629657724965,"pid":5822,"hostname":"fv-az77-803","name":"@waytrade/microservice-core","msg":"Starting HTTP Server on port 0"}
{"level":20,"time":1629657724965,"pid":5822,"hostname":"fv-az77-803","name":"@waytrade/microservice-core","msg":"HTTP Server listening on port 34901"}
{"level":20,"time":1629657724965,"pid":5822,"hostname":"fv-az77-803","name":"@waytrade/microservice-core","msg":"HTTP Server on port 34901 stopped"}
{"level":30,"time":1629657724965,"pid":5822,"hostname":"fv-az77-803","name":"@waytrade/microservice-core","msg":"App stopped."}
{"level":30,"time":1629657724966,"pid":5822,"hostname":"fv-az77-803","name":"@waytrade/microservice-core","msg":"Starting App..."}
{"level":20,"time":1629657724967,"pid":5822,"hostname":"fv-az77-803","name":"@waytrade/microservice-core","msg":"Starting HTTP Server on port 0"}
{"level":20,"time":1629657724967,"pid":5822,"hostname":"fv-az77-803","name":"@waytrade/microservice-core","msg":"HTTP Server listening on port 59421"}
{"level":20,"time":1629657724967,"pid":5822,"hostname":"fv-az77-803","name":"@waytrade/microservice-core","msg":"HTTP Server on port 59421 stopped"}
{"level":30,"time":1629657724967,"pid":5822,"hostname":"fv-az77-803","name":"@waytrade/microservice-core","msg":"App stopped."}
{"level":30,"time":1629657724969,"pid":5822,"hostname":"fv-az77-803","name":"@waytrade/microservice-core","msg":"Starting App..."}
{"level":20,"time":1629657724969,"pid":5822,"hostname":"fv-az77-803","name":"@waytrade/microservice-core","msg":"Starting HTTP Server on port 0"}
{"level":20,"time":1629657724969,"pid":5822,"hostname":"fv-az77-803","name":"@waytrade/microservice-core","msg":"HTTP Server listening on port 52659"}
{"level":20,"time":1629657724969,"pid":5822,"hostname":"fv-az77-803","name":"@waytrade/microservice-core","msg":"HTTP Server on port 52659 stopped"}
{"level":30,"time":1629657724969,"pid":5822,"hostname":"fv-az77-803","name":"@waytrade/microservice-core","msg":"App stopped."}
{"level":30,"time":1629657725321,"pid":5822,"hostname":"fv-az77-803","name":"@waytrade/microservice-core","msg":"Starting App..."}
{"level":20,"time":1629657725322,"pid":5822,"hostname":"fv-az77-803","name":"@waytrade/microservice-core","msg":"Starting HTTP Server on port 0"}
{"level":20,"time":1629657725322,"pid":5822,"hostname":"fv-az77-803","name":"@waytrade/microservice-core","msg":"HTTP Server listening on port 39979"}
{"level":30,"time":1629657725322,"pid":5822,"hostname":"fv-az77-803","name":"@waytrade/microservice-core","msg":"API Server started at port 39979"}
{"level":20,"time":1629657725324,"pid":5822,"hostname":"fv-az77-803","name":"@waytrade/microservice-core","msg":"HTTP Server on port 39979 stopped"}
{"level":30,"time":1629657725324,"pid":5822,"hostname":"fv-az77-803","name":"@waytrade/microservice-core","msg":"App stopped."}
{"level":30,"time":1629657725326,"pid":5822,"hostname":"fv-az77-803","name":"@waytrade/microservice-core","msg":"Starting App..."}
{"level":20,"time":1629657725327,"pid":5822,"hostname":"fv-az77-803","name":"@waytrade/microservice-core","msg":"Starting HTTP Server on port 0"}
{"level":20,"time":1629657725327,"pid":5822,"hostname":"fv-az77-803","name":"@waytrade/microservice-core","msg":"HTTP Server listening on port 45259"}
{"level":30,"time":1629657725327,"pid":5822,"hostname":"fv-az77-803","name":"@waytrade/microservice-core","msg":"API Server started at port 45259"}
{"level":20,"time":1629657725328,"pid":5822,"hostname":"fv-az77-803","name":"@waytrade/microservice-core","msg":"HTTP Server on port 45259 stopped"}
{"level":30,"time":1629657725329,"pid":5822,"hostname":"fv-az77-803","name":"@waytrade/microservice-core","msg":"App stopped."}
{"level":30,"time":1629657725331,"pid":5822,"hostname":"fv-az77-803","name":"@waytrade/microservice-core","msg":"Starting App..."}
{"level":30,"time":1629657725331,"pid":5822,"hostname":"fv-az77-803","name":"@waytrade/microservice-core","msg":"App stopped."}
{"level":30,"time":1629657725332,"pid":5822,"hostname":"fv-az77-803","name":"@waytrade/microservice-core","msg":"Starting App..."}
{"level":30,"time":1629657725333,"pid":5822,"hostname":"fv-az77-803","name":"@waytrade/microservice-core","msg":"App stopped."}
{"level":30,"time":1629657725334,"pid":5822,"hostname":"fv-az77-803","name":"@waytrade/microservice-core","msg":"Starting App..."}
{"level":30,"time":1629657725334,"pid":5822,"hostname":"fv-az77-803","name":"@waytrade/microservice-core","msg":"App stopped."}
{"level":30,"time":1629657725352,"pid":5822,"hostname":"fv-az77-803","name":"@waytrade/microservice-core","msg":"Starting App..."}
{"level":30,"time":1629657725352,"pid":5822,"hostname":"fv-az77-803","name":"@waytrade/microservice-core","msg":"App stopped."}
{"level":20,"time":1629657725744,"pid":5822,"hostname":"fv-az77-803","name":"@waytrade/microservice-core","msg":"Starting HTTP Server on port 0"}
{"level":20,"time":1629657725744,"pid":5822,"hostname":"fv-az77-803","name":"@waytrade/microservice-core","msg":"HTTP Server listening on port 52305"}
{"level":20,"time":1629657725744,"pid":5822,"hostname":"fv-az77-803","name":"@waytrade/microservice-core","msg":"HTTP Server on port 52305 stopped"}
{"level":20,"time":1629657725745,"pid":5822,"hostname":"fv-az77-803","name":"@waytrade/microservice-core","msg":"Starting HTTP Server on port 3999"}
{"level":20,"time":1629657725745,"pid":5822,"hostname":"fv-az77-803","name":"@waytrade/microservice-core","msg":"HTTP Server listening on port 3999"}
{"level":20,"time":1629657725745,"pid":5822,"hostname":"fv-az77-803","name":"@waytrade/microservice-core","msg":"HTTP Server on port 3999 stopped"}
{"level":20,"time":1629657725753,"pid":5822,"hostname":"fv-az77-803","name":"@waytrade/microservice-core","msg":"Starting HTTP Server on port 0"}
{"level":20,"time":1629657725753,"pid":5822,"hostname":"fv-az77-803","name":"@waytrade/microservice-core","msg":"HTTP Server listening on port 42051"}
{"level":20,"time":1629657725757,"pid":5822,"hostname":"fv-az77-803","name":"@waytrade/microservice-core","msg":"/some/invalid/path not found."}
{"level":20,"time":1629657725757,"pid":5822,"hostname":"fv-az77-803","name":"@waytrade/microservice-core","msg":"HTTP Server on port 42051 stopped"}
{"level":20,"time":1629657725758,"pid":5822,"hostname":"fv-az77-803","name":"@waytrade/microservice-core","msg":"Starting HTTP Server on port 0"}
{"level":20,"time":1629657725758,"pid":5822,"hostname":"fv-az77-803","name":"@waytrade/microservice-core","msg":"HTTP Server listening on port 38849"}
{"level":20,"time":1629657725761,"pid":5822,"hostname":"fv-az77-803","name":"@waytrade/microservice-core","msg":"HTTP Server on port 38849 stopped"}
{"level":20,"time":1629657725761,"pid":5822,"hostname":"fv-az77-803","name":"@waytrade/microservice-core","msg":"Starting HTTP Server on port 0"}
{"level":20,"time":1629657725762,"pid":5822,"hostname":"fv-az77-803","name":"@waytrade/microservice-core","msg":"HTTP Server listening on port 41345"}
{"level":20,"time":1629657725764,"pid":5822,"hostname":"fv-az77-803","name":"@waytrade/microservice-core","msg":"HTTP Server on port 41345 stopped"}
{"level":20,"time":1629657725764,"pid":5822,"hostname":"fv-az77-803","name":"@waytrade/microservice-core","msg":"Starting HTTP Server on port 0"}
{"level":20,"time":1629657725765,"pid":5822,"hostname":"fv-az77-803","name":"@waytrade/microservice-core","msg":"HTTP Server listening on port 57213"}
{"level":20,"time":1629657725766,"pid":5822,"hostname":"fv-az77-803","name":"@waytrade/microservice-core","msg":"HTTP get /api/dummy/customResponseHeader -> 200 (0ms)"}
{"level":20,"time":1629657725767,"pid":5822,"hostname":"fv-az77-803","name":"@waytrade/microservice-core","msg":"HTTP Server on port 57213 stopped"}
{"level":30,"time":1629657726110,"pid":5822,"hostname":"fv-az77-803","name":"@waytrade/microservice-core","msg":"Starting App..."}
{"level":20,"time":1629657726111,"pid":5822,"hostname":"fv-az77-803","name":"@waytrade/microservice-core","msg":"Starting HTTP Server on port 0"}
{"level":20,"time":1629657726111,"pid":5822,"hostname":"fv-az77-803","name":"@waytrade/microservice-core","msg":"HTTP Server listening on port 34799"}
{"level":20,"time":1629657726111,"pid":5822,"hostname":"fv-az77-803","name":"@waytrade/microservice-core","msg":"Starting HTTP Server on port 0"}
{"level":20,"time":1629657726111,"pid":5822,"hostname":"fv-az77-803","name":"@waytrade/microservice-core","msg":"HTTP Server listening on port 37733"}
{"level":30,"time":1629657726112,"pid":5822,"hostname":"fv-az77-803","name":"@waytrade/microservice-core","msg":"API Server started at port 34799"}
{"level":30,"time":1629657726112,"pid":5822,"hostname":"fv-az77-803","name":"@waytrade/microservice-core","msg":"Webhook Callback Server started at port 37733"}
{"level":20,"time":1629657726115,"pid":5822,"hostname":"fv-az77-803","name":"@waytrade/microservice-core","msg":"HTTP get /api/ -> 200 (0ms)"}
{"level":20,"time":1629657726116,"pid":5822,"hostname":"fv-az77-803","name":"@waytrade/microservice-core","msg":"HTTP Server on port 34799 stopped"}
{"level":20,"time":1629657726116,"pid":5822,"hostname":"fv-az77-803","name":"@waytrade/microservice-core","msg":"HTTP Server on port 37733 stopped"}
{"level":30,"time":1629657726116,"pid":5822,"hostname":"fv-az77-803","name":"@waytrade/microservice-core","msg":"App stopped."}
{"level":30,"time":1629657726118,"pid":5822,"hostname":"fv-az77-803","name":"@waytrade/microservice-core","msg":"Starting App..."}
{"level":20,"time":1629657726118,"pid":5822,"hostname":"fv-az77-803","name":"@waytrade/microservice-core","msg":"Starting HTTP Server on port 0"}
{"level":20,"time":1629657726118,"pid":5822,"hostname":"fv-az77-803","name":"@waytrade/microservice-core","msg":"HTTP Server listening on port 34129"}
{"level":20,"time":1629657726118,"pid":5822,"hostname":"fv-az77-803","name":"@waytrade/microservice-core","msg":"Starting HTTP Server on port 0"}
{"level":20,"time":1629657726118,"pid":5822,"hostname":"fv-az77-803","name":"@waytrade/microservice-core","msg":"HTTP Server listening on port 51955"}
{"level":30,"time":1629657726118,"pid":5822,"hostname":"fv-az77-803","name":"@waytrade/microservice-core","msg":"API Server started at port 34129"}
{"level":30,"time":1629657726118,"pid":5822,"hostname":"fv-az77-803","name":"@waytrade/microservice-core","msg":"Webhook Callback Server started at port 51955"}
{"level":20,"time":1629657726119,"pid":5822,"hostname":"fv-az77-803","name":"@waytrade/microservice-core","msg":"HTTP get / -> 200 (0ms)"}
{"level":20,"time":1629657726120,"pid":5822,"hostname":"fv-az77-803","name":"@waytrade/microservice-core","msg":"HTTP Server on port 34129 stopped"}
{"level":20,"time":1629657726120,"pid":5822,"hostname":"fv-az77-803","name":"@waytrade/microservice-core","msg":"HTTP Server on port 51955 stopped"}
{"level":30,"time":1629657726120,"pid":5822,"hostname":"fv-az77-803","name":"@waytrade/microservice-core","msg":"App stopped."}
{"level":30,"time":1629657726122,"pid":5822,"hostname":"fv-az77-803","name":"@waytrade/microservice-core","msg":"Starting App..."}
{"level":20,"time":1629657726122,"pid":5822,"hostname":"fv-az77-803","name":"@waytrade/microservice-core","msg":"Starting HTTP Server on port 0"}
{"level":20,"time":1629657726122,"pid":5822,"hostname":"fv-az77-803","name":"@waytrade/microservice-core","msg":"HTTP Server listening on port 56749"}
{"level":20,"time":1629657726122,"pid":5822,"hostname":"fv-az77-803","name":"@waytrade/microservice-core","msg":"Starting HTTP Server on port 0"}
{"level":20,"time":1629657726122,"pid":5822,"hostname":"fv-az77-803","name":"@waytrade/microservice-core","msg":"HTTP Server listening on port 58987"}
{"level":30,"time":1629657726122,"pid":5822,"hostname":"fv-az77-803","name":"@waytrade/microservice-core","msg":"API Server started at port 56749"}
{"level":30,"time":1629657726122,"pid":5822,"hostname":"fv-az77-803","name":"@waytrade/microservice-core","msg":"Webhook Callback Server started at port 58987"}
{"level":20,"time":1629657726124,"pid":5822,"hostname":"fv-az77-803","name":"@waytrade/microservice-core","msg":"HTTP get /api/ -> 200 (1ms)"}
{"level":20,"time":1629657726124,"pid":5822,"hostname":"fv-az77-803","name":"@waytrade/microservice-core","msg":"HTTP Server on port 56749 stopped"}
{"level":20,"time":1629657726125,"pid":5822,"hostname":"fv-az77-803","name":"@waytrade/microservice-core","msg":"HTTP Server on port 58987 stopped"}
{"level":30,"time":1629657726125,"pid":5822,"hostname":"fv-az77-803","name":"@waytrade/microservice-core","msg":"App stopped."}
{"level":30,"time":1629657726126,"pid":5822,"hostname":"fv-az77-803","name":"@waytrade/microservice-core","msg":"Starting App..."}
{"level":20,"time":1629657726126,"pid":5822,"hostname":"fv-az77-803","name":"@waytrade/microservice-core","msg":"Starting HTTP Server on port 0"}
{"level":20,"time":1629657726126,"pid":5822,"hostname":"fv-az77-803","name":"@waytrade/microservice-core","msg":"HTTP Server listening on port 36057"}
{"level":20,"time":1629657726126,"pid":5822,"hostname":"fv-az77-803","name":"@waytrade/microservice-core","msg":"Starting HTTP Server on port 0"}
{"level":20,"time":1629657726127,"pid":5822,"hostname":"fv-az77-803","name":"@waytrade/microservice-core","msg":"HTTP Server listening on port 36065"}
{"level":30,"time":1629657726127,"pid":5822,"hostname":"fv-az77-803","name":"@waytrade/microservice-core","msg":"API Server started at port 36057"}
{"level":30,"time":1629657726127,"pid":5822,"hostname":"fv-az77-803","name":"@waytrade/microservice-core","msg":"Webhook Callback Server started at port 36065"}
{"level":20,"time":1629657726129,"pid":5822,"hostname":"fv-az77-803","name":"@waytrade/microservice-core","msg":"HTTP Server on port 36057 stopped"}
{"level":20,"time":1629657726129,"pid":5822,"hostname":"fv-az77-803","name":"@waytrade/microservice-core","msg":"HTTP Server on port 36065 stopped"}
{"level":30,"time":1629657726129,"pid":5822,"hostname":"fv-az77-803","name":"@waytrade/microservice-core","msg":"App stopped."}
{"level":30,"time":1629657726461,"pid":5822,"hostname":"fv-az77-803","name":"@waytrade/microservice-core","msg":"Starting App..."}
{"level":20,"time":1629657726462,"pid":5822,"hostname":"fv-az77-803","name":"@waytrade/microservice-core","msg":"Starting HTTP Server on port 0"}
{"level":20,"time":1629657726462,"pid":5822,"hostname":"fv-az77-803","name":"@waytrade/microservice-core","msg":"HTTP Server listening on port 35287"}
{"level":20,"time":1629657726462,"pid":5822,"hostname":"fv-az77-803","name":"@waytrade/microservice-core","msg":"Starting HTTP Server on port 0"}
{"level":20,"time":1629657726462,"pid":5822,"hostname":"fv-az77-803","name":"@waytrade/microservice-core","msg":"HTTP Server listening on port 50013"}
{"level":30,"time":1629657726463,"pid":5822,"hostname":"fv-az77-803","name":"@waytrade/microservice-core","msg":"API Server started at port 35287"}
{"level":30,"time":1629657726463,"pid":5822,"hostname":"fv-az77-803","name":"@waytrade/microservice-core","msg":"Webhook Callback Server started at port 50013"}
{"level":20,"time":1629657726463,"pid":5822,"hostname":"fv-az77-803","name":"@waytrade/microservice-core","msg":"HTTP Server on port 35287 stopped"}
{"level":20,"time":1629657726463,"pid":5822,"hostname":"fv-az77-803","name":"@waytrade/microservice-core","msg":"HTTP Server on port 50013 stopped"}
{"level":30,"time":1629657726464,"pid":5822,"hostname":"fv-az77-803","name":"@waytrade/microservice-core","msg":"App stopped."}
{"level":30,"time":1629657726465,"pid":5822,"hostname":"fv-az77-803","name":"@waytrade/microservice-core","msg":"Starting App..."}
{"level":20,"time":1629657726465,"pid":5822,"hostname":"fv-az77-803","name":"@waytrade/microservice-core","msg":"Starting HTTP Server on port 0"}
{"level":20,"time":1629657726465,"pid":5822,"hostname":"fv-az77-803","name":"@waytrade/microservice-core","msg":"HTTP Server listening on port 58613"}
{"level":20,"time":1629657726466,"pid":5822,"hostname":"fv-az77-803","name":"@waytrade/microservice-core","msg":"Starting HTTP Server on port 0"}
{"level":20,"time":1629657726466,"pid":5822,"hostname":"fv-az77-803","name":"@waytrade/microservice-core","msg":"HTTP Server listening on port 59963"}
{"level":30,"time":1629657726466,"pid":5822,"hostname":"fv-az77-803","name":"@waytrade/microservice-core","msg":"API Server started at port 58613"}
{"level":30,"time":1629657726466,"pid":5822,"hostname":"fv-az77-803","name":"@waytrade/microservice-core","msg":"Webhook Callback Server started at port 59963"}
{"level":20,"time":1629657726466,"pid":5822,"hostname":"fv-az77-803","name":"@waytrade/microservice-core","msg":"HTTP Server on port 58613 stopped"}
{"level":20,"time":1629657726466,"pid":5822,"hostname":"fv-az77-803","name":"@waytrade/microservice-core","msg":"HTTP Server on port 59963 stopped"}
{"level":30,"time":1629657726466,"pid":5822,"hostname":"fv-az77-803","name":"@waytrade/microservice-core","msg":"App stopped."}
{"level":30,"time":1629657726468,"pid":5822,"hostname":"fv-az77-803","name":"@waytrade/microservice-core","msg":"Starting App..."}
{"level":20,"time":1629657726468,"pid":5822,"hostname":"fv-az77-803","name":"@waytrade/microservice-core","msg":"Starting HTTP Server on port 0"}
{"level":20,"time":1629657726468,"pid":5822,"hostname":"fv-az77-803","name":"@waytrade/microservice-core","msg":"HTTP Server listening on port 39711"}
{"level":20,"time":1629657726468,"pid":5822,"hostname":"fv-az77-803","name":"@waytrade/microservice-core","msg":"Starting HTTP Server on port 0"}
{"level":20,"time":1629657726469,"pid":5822,"hostname":"fv-az77-803","name":"@waytrade/microservice-core","msg":"HTTP Server listening on port 50451"}
{"level":30,"time":1629657726469,"pid":5822,"hostname":"fv-az77-803","name":"@waytrade/microservice-core","msg":"API Server started at port 39711"}
{"level":30,"time":1629657726469,"pid":5822,"hostname":"fv-az77-803","name":"@waytrade/microservice-core","msg":"Webhook Callback Server started at port 50451"}
{"level":20,"time":1629657726469,"pid":5822,"hostname":"fv-az77-803","name":"@waytrade/microservice-core","msg":"HTTP Server on port 39711 stopped"}
{"level":20,"time":1629657726469,"pid":5822,"hostname":"fv-az77-803","name":"@waytrade/microservice-core","msg":"HTTP Server on port 50451 stopped"}
{"level":30,"time":1629657726469,"pid":5822,"hostname":"fv-az77-803","name":"@waytrade/microservice-core","msg":"App stopped."}
{"level":30,"time":1629657726470,"pid":5822,"hostname":"fv-az77-803","name":"@waytrade/microservice-core","msg":"Starting App..."}
{"level":20,"time":1629657726471,"pid":5822,"hostname":"fv-az77-803","name":"@waytrade/microservice-core","msg":"Starting HTTP Server on port 0"}
{"level":20,"time":1629657726471,"pid":5822,"hostname":"fv-az77-803","name":"@waytrade/microservice-core","msg":"HTTP Server listening on port 56455"}
{"level":20,"time":1629657726471,"pid":5822,"hostname":"fv-az77-803","name":"@waytrade/microservice-core","msg":"Starting HTTP Server on port 0"}
{"level":20,"time":1629657726471,"pid":5822,"hostname":"fv-az77-803","name":"@waytrade/microservice-core","msg":"HTTP Server listening on port 37655"}
{"level":30,"time":1629657726471,"pid":5822,"hostname":"fv-az77-803","name":"@waytrade/microservice-core","msg":"API Server started at port 56455"}
{"level":30,"time":1629657726471,"pid":5822,"hostname":"fv-az77-803","name":"@waytrade/microservice-core","msg":"Webhook Callback Server started at port 37655"}
{"level":20,"time":1629657726472,"pid":5822,"hostname":"fv-az77-803","name":"@waytrade/microservice-core","msg":"HTTP Server on port 56455 stopped"}
{"level":20,"time":1629657726472,"pid":5822,"hostname":"fv-az77-803","name":"@waytrade/microservice-core","msg":"HTTP Server on port 37655 stopped"}
{"level":30,"time":1629657726472,"pid":5822,"hostname":"fv-az77-803","name":"@waytrade/microservice-core","msg":"App stopped."}
{"level":30,"time":1629657726797,"pid":5822,"hostname":"fv-az77-803","name":"@waytrade/microservice-core","msg":"Starting App..."}
{"level":20,"time":1629657726798,"pid":5822,"hostname":"fv-az77-803","name":"@waytrade/microservice-core","msg":"Starting HTTP Server on port 0"}
{"level":20,"time":1629657726798,"pid":5822,"hostname":"fv-az77-803","name":"@waytrade/microservice-core","msg":"HTTP Server listening on port 52855"}
{"level":30,"time":1629657726798,"pid":5822,"hostname":"fv-az77-803","name":"@waytrade/microservice-core","msg":"API Server started at port 52855"}
{"level":20,"time":1629657726799,"pid":5822,"hostname":"fv-az77-803","name":"@waytrade/microservice-core","msg":"HTTP Server on port 52855 stopped"}
{"level":30,"time":1629657726799,"pid":5822,"hostname":"fv-az77-803","name":"@waytrade/microservice-core","msg":"App stopped."}
{"level":30,"time":1629657726800,"pid":5822,"hostname":"fv-az77-803","name":"@waytrade/microservice-core","msg":"Starting App..."}
{"level":20,"time":1629657726800,"pid":5822,"hostname":"fv-az77-803","name":"@waytrade/microservice-core","msg":"Starting HTTP Server on port 0"}
{"level":20,"time":1629657726800,"pid":5822,"hostname":"fv-az77-803","name":"@waytrade/microservice-core","msg":"HTTP Server listening on port 45211"}
{"level":30,"time":1629657726801,"pid":5822,"hostname":"fv-az77-803","name":"@waytrade/microservice-core","msg":"API Server started at port 45211"}
{"level":20,"time":1629657726801,"pid":5822,"hostname":"fv-az77-803","name":"@waytrade/microservice-core","msg":"HTTP Server on port 45211 stopped"}
{"level":30,"time":1629657726801,"pid":5822,"hostname":"fv-az77-803","name":"@waytrade/microservice-core","msg":"App stopped."}
{"level":30,"time":1629657726802,"pid":5822,"hostname":"fv-az77-803","name":"@waytrade/microservice-core","msg":"Starting App..."}
{"level":20,"time":1629657726803,"pid":5822,"hostname":"fv-az77-803","name":"@waytrade/microservice-core","msg":"Starting HTTP Server on port 0"}
{"level":20,"time":1629657726803,"pid":5822,"hostname":"fv-az77-803","name":"@waytrade/microservice-core","msg":"HTTP Server listening on port 46953"}
{"level":30,"time":1629657726803,"pid":5822,"hostname":"fv-az77-803","name":"@waytrade/microservice-core","msg":"API Server started at port 46953"}
{"level":20,"time":1629657726804,"pid":5822,"hostname":"fv-az77-803","name":"@waytrade/microservice-core","msg":"HTTP Server on port 46953 stopped"}
{"level":30,"time":1629657726804,"pid":5822,"hostname":"fv-az77-803","name":"@waytrade/microservice-core","msg":"App stopped."}
{"level":30,"time":1629657726805,"pid":5822,"hostname":"fv-az77-803","name":"@waytrade/microservice-core","msg":"Starting App..."}
{"level":20,"time":1629657726805,"pid":5822,"hostname":"fv-az77-803","name":"@waytrade/microservice-core","msg":"Starting HTTP Server on port 0"}
{"level":20,"time":1629657726805,"pid":5822,"hostname":"fv-az77-803","name":"@waytrade/microservice-core","msg":"HTTP Server listening on port 52157"}
{"level":30,"time":1629657726806,"pid":5822,"hostname":"fv-az77-803","name":"@waytrade/microservice-core","msg":"API Server started at port 52157"}
{"level":20,"time":1629657726806,"pid":5822,"hostname":"fv-az77-803","name":"@waytrade/microservice-core","msg":"HTTP Server on port 52157 stopped"}
{"level":30,"time":1629657726806,"pid":5822,"hostname":"fv-az77-803","name":"@waytrade/microservice-core","msg":"App stopped."}
{"level":30,"time":1629657727141,"pid":5822,"hostname":"fv-az77-803","name":"@waytrade/microservice-core","msg":"Starting App..."}
{"level":20,"time":1629657727141,"pid":5822,"hostname":"fv-az77-803","name":"@waytrade/microservice-core","msg":"Starting HTTP Server on port 0"}
{"level":20,"time":1629657727142,"pid":5822,"hostname":"fv-az77-803","name":"@waytrade/microservice-core","msg":"HTTP Server listening on port 36995"}
{"level":30,"time":1629657727142,"pid":5822,"hostname":"fv-az77-803","name":"@waytrade/microservice-core","msg":"API Server started at port 36995"}
{"level":20,"time":1629657727143,"pid":5822,"hostname":"fv-az77-803","name":"@waytrade/microservice-core","msg":"HTTP Server on port 36995 stopped"}
{"level":30,"time":1629657727143,"pid":5822,"hostname":"fv-az77-803","name":"@waytrade/microservice-core","msg":"App stopped."}
{"level":30,"time":1629657727144,"pid":5822,"hostname":"fv-az77-803","name":"@waytrade/microservice-core","msg":"Starting App..."}
{"level":20,"time":1629657727144,"pid":5822,"hostname":"fv-az77-803","name":"@waytrade/microservice-core","msg":"Starting HTTP Server on port 0"}
{"level":20,"time":1629657727145,"pid":5822,"hostname":"fv-az77-803","name":"@waytrade/microservice-core","msg":"HTTP Server listening on port 48599"}
{"level":30,"time":1629657727145,"pid":5822,"hostname":"fv-az77-803","name":"@waytrade/microservice-core","msg":"API Server started at port 48599"}
{"level":20,"time":1629657727145,"pid":5822,"hostname":"fv-az77-803","name":"@waytrade/microservice-core","msg":"HTTP Server on port 48599 stopped"}
{"level":30,"time":1629657727145,"pid":5822,"hostname":"fv-az77-803","name":"@waytrade/microservice-core","msg":"App stopped."}
{"level":30,"time":1629657727147,"pid":5822,"hostname":"fv-az77-803","name":"@waytrade/microservice-core","msg":"Starting App..."}
{"level":20,"time":1629657727147,"pid":5822,"hostname":"fv-az77-803","name":"@waytrade/microservice-core","msg":"Starting HTTP Server on port 0"}
{"level":20,"time":1629657727147,"pid":5822,"hostname":"fv-az77-803","name":"@waytrade/microservice-core","msg":"HTTP Server listening on port 57505"}
{"level":30,"time":1629657727147,"pid":5822,"hostname":"fv-az77-803","name":"@waytrade/microservice-core","msg":"API Server started at port 57505"}
{"level":20,"time":1629657727148,"pid":5822,"hostname":"fv-az77-803","name":"@waytrade/microservice-core","msg":"HTTP Server on port 57505 stopped"}
{"level":30,"time":1629657727148,"pid":5822,"hostname":"fv-az77-803","name":"@waytrade/microservice-core","msg":"App stopped."}
{"level":30,"time":1629657727149,"pid":5822,"hostname":"fv-az77-803","name":"@waytrade/microservice-core","msg":"Starting App..."}
{"level":20,"time":1629657727149,"pid":5822,"hostname":"fv-az77-803","name":"@waytrade/microservice-core","msg":"Starting HTTP Server on port 0"}
{"level":20,"time":1629657727150,"pid":5822,"hostname":"fv-az77-803","name":"@waytrade/microservice-core","msg":"HTTP Server listening on port 55969"}
{"level":30,"time":1629657727150,"pid":5822,"hostname":"fv-az77-803","name":"@waytrade/microservice-core","msg":"API Server started at port 55969"}
{"level":20,"time":1629657727150,"pid":5822,"hostname":"fv-az77-803","name":"@waytrade/microservice-core","msg":"HTTP Server on port 55969 stopped"}
{"level":30,"time":1629657727150,"pid":5822,"hostname":"fv-az77-803","name":"@waytrade/microservice-core","msg":"App stopped."}
{"level":30,"time":1629657727819,"pid":5822,"hostname":"fv-az77-803","name":"@waytrade/microservice-core","msg":"Starting App..."}
{"level":20,"time":1629657727819,"pid":5822,"hostname":"fv-az77-803","name":"@waytrade/microservice-core","msg":"Starting HTTP Server on port 0"}
{"level":20,"time":1629657727819,"pid":5822,"hostname":"fv-az77-803","name":"@waytrade/microservice-core","msg":"HTTP Server listening on port 34741"}
{"level":30,"time":1629657727819,"pid":5822,"hostname":"fv-az77-803","name":"@waytrade/microservice-core","msg":"API Server started at port 34741"}
{"level":20,"time":1629657727820,"pid":5822,"hostname":"fv-az77-803","name":"@waytrade/microservice-core","msg":"HTTP Server on port 34741 stopped"}
{"level":30,"time":1629657727820,"pid":5822,"hostname":"fv-az77-803","name":"@waytrade/microservice-core","msg":"App stopped."}
{"level":30,"time":1629657727822,"pid":5822,"hostname":"fv-az77-803","name":"@waytrade/microservice-core","msg":"Starting App..."}
{"level":20,"time":1629657727823,"pid":5822,"hostname":"fv-az77-803","name":"@waytrade/microservice-core","msg":"Starting HTTP Server on port 0"}
{"level":20,"time":1629657727823,"pid":5822,"hostname":"fv-az77-803","name":"@waytrade/microservice-core","msg":"HTTP Server listening on port 60343"}
{"level":20,"time":1629657727823,"pid":5822,"hostname":"fv-az77-803","name":"@waytrade/microservice-core","msg":"HTTP Server on port 60343 stopped"}
{"level":30,"time":1629657727823,"pid":5822,"hostname":"fv-az77-803","name":"@waytrade/microservice-core","msg":"App stopped."}
{"level":30,"time":1629657727825,"pid":5822,"hostname":"fv-az77-803","name":"@waytrade/microservice-core","msg":"Starting App..."}
{"level":20,"time":1629657727825,"pid":5822,"hostname":"fv-az77-803","name":"@waytrade/microservice-core","msg":"Starting HTTP Server on port 0"}
{"level":20,"time":1629657727825,"pid":5822,"hostname":"fv-az77-803","name":"@waytrade/microservice-core","msg":"HTTP Server listening on port 57355"}
{"level":20,"time":1629657727825,"pid":5822,"hostname":"fv-az77-803","name":"@waytrade/microservice-core","msg":"HTTP Server on port 57355 stopped"}
{"level":30,"time":1629657727825,"pid":5822,"hostname":"fv-az77-803","name":"@waytrade/microservice-core","msg":"App stopped."}
{"level":20,"time":1629657728143,"pid":5822,"hostname":"fv-az77-803","name":"@waytrade/microservice-core","msg":"Starting HTTP Server on port 0"}
{"level":20,"time":1629657728143,"pid":5822,"hostname":"fv-az77-803","name":"@waytrade/microservice-core","msg":"HTTP Server listening on port 37731"}
{"level":20,"time":1629657728147,"pid":5822,"hostname":"fv-az77-803","name":"@waytrade/microservice-core","msg":"HTTP get /api/dummy/ -> 200 (1ms)"}
{"level":20,"time":1629657728148,"pid":5822,"hostname":"fv-az77-803","name":"@waytrade/microservice-core","msg":"HTTP Server on port 37731 stopped"}
