{"level":20,"time":1629038907009,"pid":5897,"hostname":"fv-az74-944","name":"@waytrade/microservice-core","msg":"Starting HTTP Server on port 0"}
{"level":20,"time":1629038907010,"pid":5897,"hostname":"fv-az74-944","name":"@waytrade/microservice-core","msg":"HTTP Server listening on port 37341"}
{"level":20,"time":1629038907029,"pid":5897,"hostname":"fv-az74-944","name":"@waytrade/microservice-core","msg":"HTTP get /openapi.json -> 200 (3ms)"}
{"level":20,"time":1629038907032,"pid":5897,"hostname":"fv-az74-944","name":"@waytrade/microservice-core","msg":"HTTP Server on port 37341 stopped"}
{"level":20,"time":1629038907034,"pid":5897,"hostname":"fv-az74-944","name":"@waytrade/microservice-core","msg":"Starting HTTP Server on port 0"}
{"level":20,"time":1629038907035,"pid":5897,"hostname":"fv-az74-944","name":"@waytrade/microservice-core","msg":"HTTP Server listening on port 37471"}
{"level":20,"time":1629038907037,"pid":5897,"hostname":"fv-az74-944","name":"@waytrade/microservice-core","msg":"HTTP get /openapi.json -> 200 (1ms)"}
{"level":20,"time":1629038907061,"pid":5897,"hostname":"fv-az74-944","name":"@waytrade/microservice-core","msg":"HTTP Server on port 37471 stopped"}
{"level":20,"time":1629038907062,"pid":5897,"hostname":"fv-az74-944","name":"@waytrade/microservice-core","msg":"Starting HTTP Server on port 0"}
{"level":20,"time":1629038907062,"pid":5897,"hostname":"fv-az74-944","name":"@waytrade/microservice-core","msg":"HTTP Server listening on port 51937"}
{"level":20,"time":1629038907064,"pid":5897,"hostname":"fv-az74-944","name":"@waytrade/microservice-core","msg":"Starting HTTP Server on port 0"}
{"level":20,"time":1629038907066,"pid":5897,"hostname":"fv-az74-944","name":"@waytrade/microservice-core","msg":"HTTP Server listening on port 39649"}
{"level":20,"time":1629038907068,"pid":5897,"hostname":"fv-az74-944","name":"@waytrade/microservice-core","msg":"HTTP get /openapi.json -> 200 (1ms)"}
{"level":20,"time":1629038907068,"pid":5897,"hostname":"fv-az74-944","name":"@waytrade/microservice-core","msg":"HTTP get / -> 200 (0ms)"}
{"level":20,"time":1629038907076,"pid":5897,"hostname":"fv-az74-944","name":"@waytrade/microservice-core","msg":"HTTP Server on port 51937 stopped"}
{"level":20,"time":1629038907076,"pid":5897,"hostname":"fv-az74-944","name":"@waytrade/microservice-core","msg":"HTTP Server on port 39649 stopped"}
{"level":20,"time":1629038907077,"pid":5897,"hostname":"fv-az74-944","name":"@waytrade/microservice-core","msg":"Starting HTTP Server on port 0"}
{"level":20,"time":1629038907077,"pid":5897,"hostname":"fv-az74-944","name":"@waytrade/microservice-core","msg":"HTTP Server listening on port 32919"}
{"level":20,"time":1629038907081,"pid":5897,"hostname":"fv-az74-944","name":"@waytrade/microservice-core","msg":"HTTP get /swagger-ui.css -> 200 (2ms)"}
{"level":20,"time":1629038907082,"pid":5897,"hostname":"fv-az74-944","name":"@waytrade/microservice-core","msg":"HTTP Server on port 32919 stopped"}
{"level":20,"time":1629038907082,"pid":5897,"hostname":"fv-az74-944","name":"@waytrade/microservice-core","msg":"Starting HTTP Server on port 0"}
{"level":20,"time":1629038907083,"pid":5897,"hostname":"fv-az74-944","name":"@waytrade/microservice-core","msg":"HTTP Server listening on port 36201"}
{"level":20,"time":1629038907092,"pid":5897,"hostname":"fv-az74-944","name":"@waytrade/microservice-core","msg":"HTTP get /swagger-ui-bundle.js -> 200 (8ms)"}
{"level":20,"time":1629038907097,"pid":5897,"hostname":"fv-az74-944","name":"@waytrade/microservice-core","msg":"HTTP Server on port 36201 stopped"}
{"level":20,"time":1629038907097,"pid":5897,"hostname":"fv-az74-944","name":"@waytrade/microservice-core","msg":"Starting HTTP Server on port 0"}
{"level":20,"time":1629038907097,"pid":5897,"hostname":"fv-az74-944","name":"@waytrade/microservice-core","msg":"HTTP Server listening on port 58887"}
{"level":20,"time":1629038907101,"pid":5897,"hostname":"fv-az74-944","name":"@waytrade/microservice-core","msg":"HTTP get /swagger-ui-standalone-preset.js -> 200 (3ms)"}
{"level":20,"time":1629038907103,"pid":5897,"hostname":"fv-az74-944","name":"@waytrade/microservice-core","msg":"HTTP Server on port 58887 stopped"}
{"level":20,"time":1629038908164,"pid":5897,"hostname":"fv-az74-944","name":"@waytrade/microservice-core","msg":"Starting HTTP Server on port 0"}
{"level":20,"time":1629038908166,"pid":5897,"hostname":"fv-az74-944","name":"@waytrade/microservice-core","msg":"HTTP Server listening on port 53965"}
{"level":20,"time":1629038908202,"pid":5897,"hostname":"fv-az74-944","name":"@waytrade/microservice-core","msg":"HTTP Server on port 53965 stopped"}
{"level":20,"time":1629038908202,"pid":5897,"hostname":"fv-az74-944","name":"@waytrade/microservice-core","msg":"Starting HTTP Server on port 0"}
{"level":20,"time":1629038908203,"pid":5897,"hostname":"fv-az74-944","name":"@waytrade/microservice-core","msg":"HTTP Server listening on port 44613"}
{"level":20,"time":1629038908206,"pid":5897,"hostname":"fv-az74-944","name":"@waytrade/microservice-core","msg":"HTTP Server on port 44613 stopped"}
{"level":20,"time":1629038908206,"pid":5897,"hostname":"fv-az74-944","name":"@waytrade/microservice-core","msg":"Starting HTTP Server on port 0"}
{"level":20,"time":1629038908207,"pid":5897,"hostname":"fv-az74-944","name":"@waytrade/microservice-core","msg":"HTTP Server listening on port 60049"}
{"level":20,"time":1629038908219,"pid":5897,"hostname":"fv-az74-944","name":"@waytrade/microservice-core","msg":"HTTP Server on port 60049 stopped"}
{"level":20,"time":1629038908220,"pid":5897,"hostname":"fv-az74-944","name":"@waytrade/microservice-core","msg":"Starting HTTP Server on port 0"}
{"level":20,"time":1629038908220,"pid":5897,"hostname":"fv-az74-944","name":"@waytrade/microservice-core","msg":"HTTP Server listening on port 41905"}
{"level":20,"time":1629038918221,"pid":5897,"hostname":"fv-az74-944","name":"@waytrade/microservice-core","msg":"HTTP Server on port 41905 stopped"}
{"level":20,"time":1629038918222,"pid":5897,"hostname":"fv-az74-944","name":"@waytrade/microservice-core","msg":"Starting HTTP Server on port 0"}
{"level":20,"time":1629038918222,"pid":5897,"hostname":"fv-az74-944","name":"@waytrade/microservice-core","msg":"HTTP Server listening on port 46025"}
{"level":20,"time":1629038918224,"pid":5897,"hostname":"fv-az74-944","name":"@waytrade/microservice-core","msg":"HTTP Server on port 46025 stopped"}
{"level":20,"time":1629038918226,"pid":5897,"hostname":"fv-az74-944","name":"@waytrade/microservice-core","msg":"Starting HTTP Server on port 0"}
{"level":20,"time":1629038918226,"pid":5897,"hostname":"fv-az74-944","name":"@waytrade/microservice-core","msg":"HTTP Server listening on port 40835"}
{"level":20,"time":1629038918228,"pid":5897,"hostname":"fv-az74-944","name":"@waytrade/microservice-core","msg":"HTTP Server on port 40835 stopped"}
{"level":20,"time":1629038920230,"pid":5897,"hostname":"fv-az74-944","name":"@waytrade/microservice-core","msg":"Starting HTTP Server on port 0"}
{"level":20,"time":1629038920230,"pid":5897,"hostname":"fv-az74-944","name":"@waytrade/microservice-core","msg":"HTTP Server listening on port 49041"}
{"level":20,"time":1629038920236,"pid":5897,"hostname":"fv-az74-944","name":"@waytrade/microservice-core","msg":"HTTP Server on port 49041 stopped"}
{"level":20,"time":1629038920237,"pid":5897,"hostname":"fv-az74-944","name":"@waytrade/microservice-core","msg":"Starting HTTP Server on port 0"}
{"level":20,"time":1629038920237,"pid":5897,"hostname":"fv-az74-944","name":"@waytrade/microservice-core","msg":"HTTP Server listening on port 43059"}
{"level":20,"time":1629038920246,"pid":5897,"hostname":"fv-az74-944","name":"@waytrade/microservice-core","msg":"HTTP Server on port 43059 stopped"}
{"level":20,"time":1629038920247,"pid":5897,"hostname":"fv-az74-944","name":"@waytrade/microservice-core","msg":"Starting HTTP Server on port 0"}
{"level":20,"time":1629038920247,"pid":5897,"hostname":"fv-az74-944","name":"@waytrade/microservice-core","msg":"HTTP Server listening on port 43797"}
{"level":20,"time":1629038920250,"pid":5897,"hostname":"fv-az74-944","name":"@waytrade/microservice-core","msg":"HTTP Server on port 43797 stopped"}
{"level":20,"time":1629038920251,"pid":5897,"hostname":"fv-az74-944","name":"@waytrade/microservice-core","msg":"Starting HTTP Server on port 0"}
{"level":20,"time":1629038920251,"pid":5897,"hostname":"fv-az74-944","name":"@waytrade/microservice-core","msg":"HTTP Server listening on port 49809"}
{"level":20,"time":1629038922253,"pid":5897,"hostname":"fv-az74-944","name":"@waytrade/microservice-core","msg":"HTTP Server on port 49809 stopped"}
{"level":20,"time":1629038922254,"pid":5897,"hostname":"fv-az74-944","name":"@waytrade/microservice-core","msg":"Starting HTTP Server on port 0"}
{"level":20,"time":1629038922254,"pid":5897,"hostname":"fv-az74-944","name":"@waytrade/microservice-core","msg":"HTTP Server listening on port 35413"}
{"level":20,"time":1629038922258,"pid":5897,"hostname":"fv-az74-944","name":"@waytrade/microservice-core","msg":"HTTP Server on port 35413 stopped"}
{"level":20,"time":1629038922258,"pid":5897,"hostname":"fv-az74-944","name":"@waytrade/microservice-core","msg":"Starting HTTP Server on port 0"}
{"level":20,"time":1629038922259,"pid":5897,"hostname":"fv-az74-944","name":"@waytrade/microservice-core","msg":"HTTP Server listening on port 37769"}
{"level":20,"time":1629038922260,"pid":5897,"hostname":"fv-az74-944","name":"@waytrade/microservice-core","msg":"HTTP Server on port 37769 stopped"}
{"level":20,"time":1629038922261,"pid":5897,"hostname":"fv-az74-944","name":"@waytrade/microservice-core","msg":"Starting HTTP Server on port 0"}
{"level":20,"time":1629038922261,"pid":5897,"hostname":"fv-az74-944","name":"@waytrade/microservice-core","msg":"HTTP Server listening on port 44269"}
{"level":20,"time":1629038922262,"pid":5897,"hostname":"fv-az74-944","name":"@waytrade/microservice-core","msg":"HTTP Server on port 44269 stopped"}
{"level":20,"time":1629038924263,"pid":5897,"hostname":"fv-az74-944","name":"@waytrade/microservice-core","msg":"Starting HTTP Server on port 0"}
{"level":20,"time":1629038924264,"pid":5897,"hostname":"fv-az74-944","name":"@waytrade/microservice-core","msg":"HTTP Server listening on port 53135"}
{"level":20,"time":1629038924267,"pid":5897,"hostname":"fv-az74-944","name":"@waytrade/microservice-core","msg":"HTTP Server on port 53135 stopped"}
{"level":30,"time":1629038924697,"pid":5897,"hostname":"fv-az74-944","name":"@waytrade/microservice-core","msg":"Starting App..."}
{"level":20,"time":1629038924697,"pid":5897,"hostname":"fv-az74-944","name":"@waytrade/microservice-core","msg":"Starting HTTP Server on port 0"}
{"level":20,"time":1629038924698,"pid":5897,"hostname":"fv-az74-944","name":"@waytrade/microservice-core","msg":"HTTP Server listening on port 55903"}
{"level":20,"time":1629038924698,"pid":5897,"hostname":"fv-az74-944","name":"@waytrade/microservice-core","msg":"Starting HTTP Server on port 0"}
{"level":20,"time":1629038924698,"pid":5897,"hostname":"fv-az74-944","name":"@waytrade/microservice-core","msg":"HTTP Server listening on port 58413"}
{"level":30,"time":1629038924698,"pid":5897,"hostname":"fv-az74-944","name":"@waytrade/microservice-core","msg":"API Server started at port 55903"}
{"level":30,"time":1629038924698,"pid":5897,"hostname":"fv-az74-944","name":"@waytrade/microservice-core","msg":"Webhook Callback Server started at port 58413"}
{"level":20,"time":1629038924712,"pid":5897,"hostname":"fv-az74-944","name":"@waytrade/microservice-core","msg":"HTTP post /subscribe -> 400 (1ms)"}
{"level":20,"time":1629038924713,"pid":5897,"hostname":"fv-az74-944","name":"@waytrade/microservice-core","msg":"HTTP Server on port 55903 stopped"}
{"level":20,"time":1629038924714,"pid":5897,"hostname":"fv-az74-944","name":"@waytrade/microservice-core","msg":"HTTP Server on port 58413 stopped"}
{"level":30,"time":1629038924714,"pid":5897,"hostname":"fv-az74-944","name":"@waytrade/microservice-core","msg":"App stopped."}
{"level":30,"time":1629038924715,"pid":5897,"hostname":"fv-az74-944","name":"@waytrade/microservice-core","msg":"Starting App..."}
{"level":20,"time":1629038924715,"pid":5897,"hostname":"fv-az74-944","name":"@waytrade/microservice-core","msg":"Starting HTTP Server on port 0"}
{"level":20,"time":1629038924716,"pid":5897,"hostname":"fv-az74-944","name":"@waytrade/microservice-core","msg":"HTTP Server listening on port 49787"}
{"level":20,"time":1629038924716,"pid":5897,"hostname":"fv-az74-944","name":"@waytrade/microservice-core","msg":"Starting HTTP Server on port 0"}
{"level":20,"time":1629038924716,"pid":5897,"hostname":"fv-az74-944","name":"@waytrade/microservice-core","msg":"HTTP Server listening on port 59349"}
{"level":30,"time":1629038924716,"pid":5897,"hostname":"fv-az74-944","name":"@waytrade/microservice-core","msg":"API Server started at port 49787"}
{"level":30,"time":1629038924716,"pid":5897,"hostname":"fv-az74-944","name":"@waytrade/microservice-core","msg":"Webhook Callback Server started at port 59349"}
{"level":20,"time":1629038924719,"pid":5897,"hostname":"fv-az74-944","name":"@waytrade/microservice-core","msg":"HTTP post /subscribe -> 201 (1ms)"}
{"level":20,"time":1629038924729,"pid":5897,"hostname":"fv-az74-944","name":"@waytrade/microservice-core","msg":"HTTP post /subscribe -> 204 (0ms)"}
{"level":20,"time":1629038924730,"pid":5897,"hostname":"fv-az74-944","name":"@waytrade/microservice-core","msg":"HTTP Server on port 49787 stopped"}
{"level":20,"time":1629038924730,"pid":5897,"hostname":"fv-az74-944","name":"@waytrade/microservice-core","msg":"HTTP Server on port 59349 stopped"}
{"level":30,"time":1629038924731,"pid":5897,"hostname":"fv-az74-944","name":"@waytrade/microservice-core","msg":"App stopped."}
{"level":30,"time":1629038924732,"pid":5897,"hostname":"fv-az74-944","name":"@waytrade/microservice-core","msg":"Starting App..."}
{"level":20,"time":1629038924732,"pid":5897,"hostname":"fv-az74-944","name":"@waytrade/microservice-core","msg":"Starting HTTP Server on port 0"}
{"level":20,"time":1629038924732,"pid":5897,"hostname":"fv-az74-944","name":"@waytrade/microservice-core","msg":"HTTP Server listening on port 54525"}
{"level":20,"time":1629038924732,"pid":5897,"hostname":"fv-az74-944","name":"@waytrade/microservice-core","msg":"Starting HTTP Server on port 0"}
{"level":20,"time":1629038924733,"pid":5897,"hostname":"fv-az74-944","name":"@waytrade/microservice-core","msg":"HTTP Server listening on port 44333"}
{"level":30,"time":1629038924733,"pid":5897,"hostname":"fv-az74-944","name":"@waytrade/microservice-core","msg":"API Server started at port 54525"}
{"level":30,"time":1629038924733,"pid":5897,"hostname":"fv-az74-944","name":"@waytrade/microservice-core","msg":"Webhook Callback Server started at port 44333"}
{"level":20,"time":1629038924734,"pid":5897,"hostname":"fv-az74-944","name":"@waytrade/microservice-core","msg":"HTTP post /subscribe -> 201 (0ms)"}
{"level":20,"time":1629038924745,"pid":5897,"hostname":"fv-az74-944","name":"@waytrade/microservice-core","msg":"HTTP post /subscribe -> 201 (0ms)"}
{"level":20,"time":1629038924746,"pid":5897,"hostname":"fv-az74-944","name":"@waytrade/microservice-core","msg":"HTTP Server on port 54525 stopped"}
{"level":20,"time":1629038924746,"pid":5897,"hostname":"fv-az74-944","name":"@waytrade/microservice-core","msg":"HTTP Server on port 44333 stopped"}
{"level":30,"time":1629038924746,"pid":5897,"hostname":"fv-az74-944","name":"@waytrade/microservice-core","msg":"App stopped."}
{"level":30,"time":1629038924747,"pid":5897,"hostname":"fv-az74-944","name":"@waytrade/microservice-core","msg":"Starting App..."}
{"level":20,"time":1629038924747,"pid":5897,"hostname":"fv-az74-944","name":"@waytrade/microservice-core","msg":"Starting HTTP Server on port 0"}
{"level":20,"time":1629038924747,"pid":5897,"hostname":"fv-az74-944","name":"@waytrade/microservice-core","msg":"HTTP Server listening on port 48261"}
{"level":20,"time":1629038924747,"pid":5897,"hostname":"fv-az74-944","name":"@waytrade/microservice-core","msg":"Starting HTTP Server on port 0"}
{"level":20,"time":1629038924755,"pid":5897,"hostname":"fv-az74-944","name":"@waytrade/microservice-core","msg":"HTTP Server listening on port 39621"}
{"level":30,"time":1629038924755,"pid":5897,"hostname":"fv-az74-944","name":"@waytrade/microservice-core","msg":"API Server started at port 48261"}
{"level":30,"time":1629038924755,"pid":5897,"hostname":"fv-az74-944","name":"@waytrade/microservice-core","msg":"Webhook Callback Server started at port 39621"}
{"level":20,"time":1629038924757,"pid":5897,"hostname":"fv-az74-944","name":"@waytrade/microservice-core","msg":"HTTP post /subscribe -> 201 (0ms)"}
{"level":20,"time":1629038924759,"pid":5897,"hostname":"fv-az74-944","name":"@waytrade/microservice-core","msg":"HTTP post /unsubscribe -> 200 (0ms)"}
{"level":20,"time":1629038924760,"pid":5897,"hostname":"fv-az74-944","name":"@waytrade/microservice-core","msg":"HTTP Server on port 48261 stopped"}
{"level":20,"time":1629038924760,"pid":5897,"hostname":"fv-az74-944","name":"@waytrade/microservice-core","msg":"HTTP Server on port 39621 stopped"}
{"level":30,"time":1629038924760,"pid":5897,"hostname":"fv-az74-944","name":"@waytrade/microservice-core","msg":"App stopped."}
{"level":30,"time":1629038924761,"pid":5897,"hostname":"fv-az74-944","name":"@waytrade/microservice-core","msg":"Starting App..."}
{"level":20,"time":1629038924762,"pid":5897,"hostname":"fv-az74-944","name":"@waytrade/microservice-core","msg":"Starting HTTP Server on port 0"}
{"level":20,"time":1629038924762,"pid":5897,"hostname":"fv-az74-944","name":"@waytrade/microservice-core","msg":"HTTP Server listening on port 39545"}
{"level":20,"time":1629038924762,"pid":5897,"hostname":"fv-az74-944","name":"@waytrade/microservice-core","msg":"Starting HTTP Server on port 0"}
{"level":20,"time":1629038924762,"pid":5897,"hostname":"fv-az74-944","name":"@waytrade/microservice-core","msg":"HTTP Server listening on port 54593"}
{"level":30,"time":1629038924762,"pid":5897,"hostname":"fv-az74-944","name":"@waytrade/microservice-core","msg":"API Server started at port 39545"}
{"level":30,"time":1629038924762,"pid":5897,"hostname":"fv-az74-944","name":"@waytrade/microservice-core","msg":"Webhook Callback Server started at port 54593"}
{"level":20,"time":1629038924772,"pid":5897,"hostname":"fv-az74-944","name":"@waytrade/microservice-core","msg":"HTTP post /unsubscribe -> 400 (0ms)"}
{"level":20,"time":1629038924773,"pid":5897,"hostname":"fv-az74-944","name":"@waytrade/microservice-core","msg":"HTTP Server on port 39545 stopped"}
{"level":20,"time":1629038924773,"pid":5897,"hostname":"fv-az74-944","name":"@waytrade/microservice-core","msg":"HTTP Server on port 54593 stopped"}
{"level":30,"time":1629038924773,"pid":5897,"hostname":"fv-az74-944","name":"@waytrade/microservice-core","msg":"App stopped."}
{"level":30,"time":1629038924774,"pid":5897,"hostname":"fv-az74-944","name":"@waytrade/microservice-core","msg":"Starting App..."}
{"level":20,"time":1629038924774,"pid":5897,"hostname":"fv-az74-944","name":"@waytrade/microservice-core","msg":"Starting HTTP Server on port 0"}
{"level":20,"time":1629038924774,"pid":5897,"hostname":"fv-az74-944","name":"@waytrade/microservice-core","msg":"HTTP Server listening on port 46061"}
{"level":20,"time":1629038924774,"pid":5897,"hostname":"fv-az74-944","name":"@waytrade/microservice-core","msg":"Starting HTTP Server on port 0"}
{"level":20,"time":1629038924775,"pid":5897,"hostname":"fv-az74-944","name":"@waytrade/microservice-core","msg":"HTTP Server listening on port 60619"}
{"level":30,"time":1629038924775,"pid":5897,"hostname":"fv-az74-944","name":"@waytrade/microservice-core","msg":"API Server started at port 46061"}
{"level":30,"time":1629038924775,"pid":5897,"hostname":"fv-az74-944","name":"@waytrade/microservice-core","msg":"Webhook Callback Server started at port 60619"}
{"level":20,"time":1629038924776,"pid":5897,"hostname":"fv-az74-944","name":"@waytrade/microservice-core","msg":"HTTP post /unsubscribe -> 404 (0ms)"}
{"level":20,"time":1629038924777,"pid":5897,"hostname":"fv-az74-944","name":"@waytrade/microservice-core","msg":"HTTP Server on port 46061 stopped"}
{"level":20,"time":1629038924777,"pid":5897,"hostname":"fv-az74-944","name":"@waytrade/microservice-core","msg":"HTTP Server on port 60619 stopped"}
{"level":30,"time":1629038924777,"pid":5897,"hostname":"fv-az74-944","name":"@waytrade/microservice-core","msg":"App stopped."}
{"level":30,"time":1629038924787,"pid":5897,"hostname":"fv-az74-944","name":"@waytrade/microservice-core","msg":"Starting App..."}
{"level":20,"time":1629038924788,"pid":5897,"hostname":"fv-az74-944","name":"@waytrade/microservice-core","msg":"Starting HTTP Server on port 0"}
{"level":20,"time":1629038924788,"pid":5897,"hostname":"fv-az74-944","name":"@waytrade/microservice-core","msg":"HTTP Server listening on port 59791"}
{"level":20,"time":1629038924788,"pid":5897,"hostname":"fv-az74-944","name":"@waytrade/microservice-core","msg":"Starting HTTP Server on port 0"}
{"level":20,"time":1629038924788,"pid":5897,"hostname":"fv-az74-944","name":"@waytrade/microservice-core","msg":"HTTP Server listening on port 36673"}
{"level":30,"time":1629038924788,"pid":5897,"hostname":"fv-az74-944","name":"@waytrade/microservice-core","msg":"API Server started at port 59791"}
{"level":30,"time":1629038924788,"pid":5897,"hostname":"fv-az74-944","name":"@waytrade/microservice-core","msg":"Webhook Callback Server started at port 36673"}
{"level":20,"time":1629038924790,"pid":5897,"hostname":"fv-az74-944","name":"@waytrade/microservice-core","msg":"HTTP post /subscribe -> 201 (0ms)"}
{"level":20,"time":1629038924803,"pid":5897,"hostname":"fv-az74-944","name":"@waytrade/microservice-core","msg":"HTTP Server on port 59791 stopped"}
{"level":20,"time":1629038924803,"pid":5897,"hostname":"fv-az74-944","name":"@waytrade/microservice-core","msg":"HTTP Server on port 36673 stopped"}
{"level":30,"time":1629038924803,"pid":5897,"hostname":"fv-az74-944","name":"@waytrade/microservice-core","msg":"App stopped."}
{"level":20,"time":1629038924803,"pid":5897,"hostname":"fv-az74-944","name":"@waytrade/microservice-core","msg":"HTTP post /callback -> 200 (9ms)"}
{"level":30,"time":1629038924804,"pid":5897,"hostname":"fv-az74-944","name":"@waytrade/microservice-core","msg":"Starting App..."}
{"level":20,"time":1629038924804,"pid":5897,"hostname":"fv-az74-944","name":"@waytrade/microservice-core","msg":"Starting HTTP Server on port 0"}
{"level":20,"time":1629038924804,"pid":5897,"hostname":"fv-az74-944","name":"@waytrade/microservice-core","msg":"HTTP Server listening on port 50131"}
{"level":20,"time":1629038924805,"pid":5897,"hostname":"fv-az74-944","name":"@waytrade/microservice-core","msg":"Starting HTTP Server on port 0"}
{"level":20,"time":1629038924805,"pid":5897,"hostname":"fv-az74-944","name":"@waytrade/microservice-core","msg":"HTTP Server listening on port 43285"}
{"level":30,"time":1629038924805,"pid":5897,"hostname":"fv-az74-944","name":"@waytrade/microservice-core","msg":"API Server started at port 50131"}
{"level":30,"time":1629038924805,"pid":5897,"hostname":"fv-az74-944","name":"@waytrade/microservice-core","msg":"Webhook Callback Server started at port 43285"}
{"level":20,"time":1629038924807,"pid":5897,"hostname":"fv-az74-944","name":"@waytrade/microservice-core","msg":"HTTP post /subscribe -> 201 (0ms)"}
{"level":20,"time":1629038924810,"pid":5897,"hostname":"fv-az74-944","name":"@waytrade/microservice-core","msg":"HTTP Server on port 50131 stopped"}
{"level":20,"time":1629038924810,"pid":5897,"hostname":"fv-az74-944","name":"@waytrade/microservice-core","msg":"HTTP Server on port 43285 stopped"}
{"level":30,"time":1629038924810,"pid":5897,"hostname":"fv-az74-944","name":"@waytrade/microservice-core","msg":"App stopped."}
{"level":20,"time":1629038924810,"pid":5897,"hostname":"fv-az74-944","name":"@waytrade/microservice-core","msg":"HTTP post /callback -> 200 (0ms)"}
{"level":30,"time":1629038924820,"pid":5897,"hostname":"fv-az74-944","name":"@waytrade/microservice-core","msg":"Starting App..."}
{"level":20,"time":1629038924820,"pid":5897,"hostname":"fv-az74-944","name":"@waytrade/microservice-core","msg":"Starting HTTP Server on port 0"}
{"level":20,"time":1629038924820,"pid":5897,"hostname":"fv-az74-944","name":"@waytrade/microservice-core","msg":"HTTP Server listening on port 39021"}
{"level":20,"time":1629038924820,"pid":5897,"hostname":"fv-az74-944","name":"@waytrade/microservice-core","msg":"Starting HTTP Server on port 0"}
{"level":20,"time":1629038924820,"pid":5897,"hostname":"fv-az74-944","name":"@waytrade/microservice-core","msg":"HTTP Server listening on port 52567"}
{"level":30,"time":1629038924820,"pid":5897,"hostname":"fv-az74-944","name":"@waytrade/microservice-core","msg":"API Server started at port 39021"}
{"level":30,"time":1629038924820,"pid":5897,"hostname":"fv-az74-944","name":"@waytrade/microservice-core","msg":"Webhook Callback Server started at port 52567"}
{"level":20,"time":1629038924822,"pid":5897,"hostname":"fv-az74-944","name":"@waytrade/microservice-core","msg":"HTTP post /subscribe -> 201 (0ms)"}
{"level":20,"time":1629038924847,"pid":5897,"hostname":"fv-az74-944","name":"@waytrade/microservice-core","msg":"HTTP post /callback -> 418 (1ms)"}
{"level":20,"time":1629038924859,"pid":5897,"hostname":"fv-az74-944","name":"@waytrade/microservice-core","msg":"HTTP post /subscribe -> 201 (0ms)"}
{"level":20,"time":1629038924859,"pid":5897,"hostname":"fv-az74-944","name":"@waytrade/microservice-core","msg":"HTTP Server on port 39021 stopped"}
{"level":20,"time":1629038924859,"pid":5897,"hostname":"fv-az74-944","name":"@waytrade/microservice-core","msg":"HTTP Server on port 52567 stopped"}
{"level":30,"time":1629038924859,"pid":5897,"hostname":"fv-az74-944","name":"@waytrade/microservice-core","msg":"App stopped."}
{"level":30,"time":1629038924861,"pid":5897,"hostname":"fv-az74-944","name":"@waytrade/microservice-core","msg":"Starting App..."}
{"level":20,"time":1629038924861,"pid":5897,"hostname":"fv-az74-944","name":"@waytrade/microservice-core","msg":"Starting HTTP Server on port 0"}
{"level":20,"time":1629038924861,"pid":5897,"hostname":"fv-az74-944","name":"@waytrade/microservice-core","msg":"HTTP Server listening on port 56635"}
{"level":20,"time":1629038924861,"pid":5897,"hostname":"fv-az74-944","name":"@waytrade/microservice-core","msg":"Starting HTTP Server on port 0"}
{"level":20,"time":1629038924861,"pid":5897,"hostname":"fv-az74-944","name":"@waytrade/microservice-core","msg":"HTTP Server listening on port 54269"}
{"level":30,"time":1629038924861,"pid":5897,"hostname":"fv-az74-944","name":"@waytrade/microservice-core","msg":"API Server started at port 56635"}
{"level":30,"time":1629038924861,"pid":5897,"hostname":"fv-az74-944","name":"@waytrade/microservice-core","msg":"Webhook Callback Server started at port 54269"}
{"level":20,"time":1629038924863,"pid":5897,"hostname":"fv-az74-944","name":"@waytrade/microservice-core","msg":"HTTP post /subscribe -> 201 (0ms)"}
{"level":20,"time":1629038924864,"pid":5897,"hostname":"fv-az74-944","name":"@waytrade/microservice-core","msg":"HTTP post /subscribe -> 201 (0ms)"}
{"level":20,"time":1629038924865,"pid":5897,"hostname":"fv-az74-944","name":"@waytrade/microservice-core","msg":"HTTP Server on port 56635 stopped"}
{"level":20,"time":1629038924865,"pid":5897,"hostname":"fv-az74-944","name":"@waytrade/microservice-core","msg":"HTTP Server on port 54269 stopped"}
{"level":30,"time":1629038924865,"pid":5897,"hostname":"fv-az74-944","name":"@waytrade/microservice-core","msg":"App stopped."}
{"level":20,"time":1629038925403,"pid":5897,"hostname":"fv-az74-944","name":"@waytrade/microservice-core","msg":"Starting HTTP Server on port 0"}
{"level":20,"time":1629038925403,"pid":5897,"hostname":"fv-az74-944","name":"@waytrade/microservice-core","msg":"HTTP Server listening on port 34519"}
{"level":20,"time":1629038925417,"pid":5897,"hostname":"fv-az74-944","name":"@waytrade/microservice-core","msg":"HTTP get /api/test/ -> 200 (0ms)"}
{"level":20,"time":1629038925418,"pid":5897,"hostname":"fv-az74-944","name":"@waytrade/microservice-core","msg":"HTTP Server on port 34519 stopped"}
{"level":20,"time":1629038925418,"pid":5897,"hostname":"fv-az74-944","name":"@waytrade/microservice-core","msg":"Starting HTTP Server on port 0"}
{"level":20,"time":1629038925419,"pid":5897,"hostname":"fv-az74-944","name":"@waytrade/microservice-core","msg":"HTTP Server listening on port 39155"}
{"level":20,"time":1629038925420,"pid":5897,"hostname":"fv-az74-944","name":"@waytrade/microservice-core","msg":"HTTP get /api/test/error -> 418 (0ms)"}
{"level":20,"time":1629038925420,"pid":5897,"hostname":"fv-az74-944","name":"@waytrade/microservice-core","msg":"HTTP Server on port 39155 stopped"}
{"level":20,"time":1629038925421,"pid":5897,"hostname":"fv-az74-944","name":"@waytrade/microservice-core","msg":"Starting HTTP Server on port 0"}
{"level":20,"time":1629038925421,"pid":5897,"hostname":"fv-az74-944","name":"@waytrade/microservice-core","msg":"HTTP Server listening on port 41373"}
{"level":20,"time":1629038925467,"pid":5897,"hostname":"fv-az74-944","name":"@waytrade/microservice-core","msg":"HTTP get /api/test/serverError -> 500 (45ms)"}
{"level":20,"time":1629038925468,"pid":5897,"hostname":"fv-az74-944","name":"@waytrade/microservice-core","msg":"HTTP Server on port 41373 stopped"}
{"level":20,"time":1629038925469,"pid":5897,"hostname":"fv-az74-944","name":"@waytrade/microservice-core","msg":"Starting HTTP Server on port 0"}
{"level":20,"time":1629038925469,"pid":5897,"hostname":"fv-az74-944","name":"@waytrade/microservice-core","msg":"HTTP Server listening on port 59015"}
{"level":20,"time":1629038925471,"pid":5897,"hostname":"fv-az74-944","name":"@waytrade/microservice-core","msg":"HTTP put /api/test/ -> 200 (1ms)"}
{"level":20,"time":1629038925471,"pid":5897,"hostname":"fv-az74-944","name":"@waytrade/microservice-core","msg":"HTTP Server on port 59015 stopped"}
{"level":20,"time":1629038925472,"pid":5897,"hostname":"fv-az74-944","name":"@waytrade/microservice-core","msg":"Starting HTTP Server on port 0"}
{"level":20,"time":1629038925472,"pid":5897,"hostname":"fv-az74-944","name":"@waytrade/microservice-core","msg":"HTTP Server listening on port 54981"}
{"level":20,"time":1629038925473,"pid":5897,"hostname":"fv-az74-944","name":"@waytrade/microservice-core","msg":"HTTP put /api/test/error -> 418 (0ms)"}
{"level":20,"time":1629038925474,"pid":5897,"hostname":"fv-az74-944","name":"@waytrade/microservice-core","msg":"HTTP Server on port 54981 stopped"}
{"level":20,"time":1629038925474,"pid":5897,"hostname":"fv-az74-944","name":"@waytrade/microservice-core","msg":"Starting HTTP Server on port 0"}
{"level":20,"time":1629038925474,"pid":5897,"hostname":"fv-az74-944","name":"@waytrade/microservice-core","msg":"HTTP Server listening on port 34121"}
{"level":20,"time":1629038925476,"pid":5897,"hostname":"fv-az74-944","name":"@waytrade/microservice-core","msg":"HTTP post /api/test/ -> 200 (1ms)"}
{"level":20,"time":1629038925477,"pid":5897,"hostname":"fv-az74-944","name":"@waytrade/microservice-core","msg":"HTTP Server on port 34121 stopped"}
{"level":20,"time":1629038925477,"pid":5897,"hostname":"fv-az74-944","name":"@waytrade/microservice-core","msg":"Starting HTTP Server on port 0"}
{"level":20,"time":1629038925477,"pid":5897,"hostname":"fv-az74-944","name":"@waytrade/microservice-core","msg":"HTTP Server listening on port 54193"}
{"level":20,"time":1629038925478,"pid":5897,"hostname":"fv-az74-944","name":"@waytrade/microservice-core","msg":"HTTP post /api/test/error -> 418 (0ms)"}
{"level":20,"time":1629038925479,"pid":5897,"hostname":"fv-az74-944","name":"@waytrade/microservice-core","msg":"HTTP Server on port 54193 stopped"}
{"level":20,"time":1629038925479,"pid":5897,"hostname":"fv-az74-944","name":"@waytrade/microservice-core","msg":"Starting HTTP Server on port 0"}
{"level":20,"time":1629038925479,"pid":5897,"hostname":"fv-az74-944","name":"@waytrade/microservice-core","msg":"HTTP Server listening on port 56927"}
{"level":20,"time":1629038925481,"pid":5897,"hostname":"fv-az74-944","name":"@waytrade/microservice-core","msg":"HTTP patch /api/test/ -> 200 (0ms)"}
{"level":20,"time":1629038925482,"pid":5897,"hostname":"fv-az74-944","name":"@waytrade/microservice-core","msg":"HTTP Server on port 56927 stopped"}
{"level":20,"time":1629038925482,"pid":5897,"hostname":"fv-az74-944","name":"@waytrade/microservice-core","msg":"Starting HTTP Server on port 0"}
{"level":20,"time":1629038925482,"pid":5897,"hostname":"fv-az74-944","name":"@waytrade/microservice-core","msg":"HTTP Server listening on port 48921"}
{"level":20,"time":1629038925483,"pid":5897,"hostname":"fv-az74-944","name":"@waytrade/microservice-core","msg":"HTTP patch /api/test/error -> 418 (0ms)"}
{"level":20,"time":1629038925484,"pid":5897,"hostname":"fv-az74-944","name":"@waytrade/microservice-core","msg":"HTTP Server on port 48921 stopped"}
{"level":20,"time":1629038925484,"pid":5897,"hostname":"fv-az74-944","name":"@waytrade/microservice-core","msg":"Starting HTTP Server on port 0"}
{"level":20,"time":1629038925484,"pid":5897,"hostname":"fv-az74-944","name":"@waytrade/microservice-core","msg":"HTTP Server listening on port 60425"}
{"level":20,"time":1629038925486,"pid":5897,"hostname":"fv-az74-944","name":"@waytrade/microservice-core","msg":"HTTP delete /api/test/ -> 200 (1ms)"}
{"level":20,"time":1629038925487,"pid":5897,"hostname":"fv-az74-944","name":"@waytrade/microservice-core","msg":"HTTP Server on port 60425 stopped"}
{"level":20,"time":1629038925488,"pid":5897,"hostname":"fv-az74-944","name":"@waytrade/microservice-core","msg":"Starting HTTP Server on port 0"}
{"level":20,"time":1629038925488,"pid":5897,"hostname":"fv-az74-944","name":"@waytrade/microservice-core","msg":"HTTP Server listening on port 47781"}
{"level":20,"time":1629038925489,"pid":5897,"hostname":"fv-az74-944","name":"@waytrade/microservice-core","msg":"HTTP delete /api/test/error -> 418 (0ms)"}
{"level":20,"time":1629038925489,"pid":5897,"hostname":"fv-az74-944","name":"@waytrade/microservice-core","msg":"HTTP Server on port 47781 stopped"}
{"level":20,"time":1629038925916,"pid":5897,"hostname":"fv-az74-944","name":"@waytrade/microservice-core","msg":"Starting HTTP Server on port 0"}
{"level":20,"time":1629038925916,"pid":5897,"hostname":"fv-az74-944","name":"@waytrade/microservice-core","msg":"HTTP Server listening on port 47759"}
{"level":20,"time":1629038925920,"pid":5897,"hostname":"fv-az74-944","name":"@waytrade/microservice-core","msg":"HTTP get /api/test/ -> 200 (0ms)"}
{"level":20,"time":1629038925922,"pid":5897,"hostname":"fv-az74-944","name":"@waytrade/microservice-core","msg":"HTTP Server on port 47759 stopped"}
{"level":20,"time":1629038925923,"pid":5897,"hostname":"fv-az74-944","name":"@waytrade/microservice-core","msg":"Starting HTTP Server on port 0"}
{"level":20,"time":1629038925923,"pid":5897,"hostname":"fv-az74-944","name":"@waytrade/microservice-core","msg":"HTTP Server listening on port 45385"}
{"level":20,"time":1629038925925,"pid":5897,"hostname":"fv-az74-944","name":"@waytrade/microservice-core","msg":"HTTP get /api/test/notImplemented -> 501 (0ms)"}
{"level":20,"time":1629038925926,"pid":5897,"hostname":"fv-az74-944","name":"@waytrade/microservice-core","msg":"HTTP Server on port 45385 stopped"}
{"level":20,"time":1629038925926,"pid":5897,"hostname":"fv-az74-944","name":"@waytrade/microservice-core","msg":"Starting HTTP Server on port 0"}
{"level":20,"time":1629038925927,"pid":5897,"hostname":"fv-az74-944","name":"@waytrade/microservice-core","msg":"HTTP Server listening on port 40145"}
{"level":20,"time":1629038925929,"pid":5897,"hostname":"fv-az74-944","name":"@waytrade/microservice-core","msg":"HTTP put /api/test/ -> 200 (1ms)"}
{"level":20,"time":1629038925930,"pid":5897,"hostname":"fv-az74-944","name":"@waytrade/microservice-core","msg":"HTTP Server on port 40145 stopped"}
{"level":20,"time":1629038925931,"pid":5897,"hostname":"fv-az74-944","name":"@waytrade/microservice-core","msg":"Starting HTTP Server on port 0"}
{"level":20,"time":1629038925931,"pid":5897,"hostname":"fv-az74-944","name":"@waytrade/microservice-core","msg":"HTTP Server listening on port 43579"}
{"level":20,"time":1629038925933,"pid":5897,"hostname":"fv-az74-944","name":"@waytrade/microservice-core","msg":"HTTP put /api/test/notImplemented -> 501 (0ms)"}
{"level":20,"time":1629038925934,"pid":5897,"hostname":"fv-az74-944","name":"@waytrade/microservice-core","msg":"HTTP Server on port 43579 stopped"}
{"level":20,"time":1629038925934,"pid":5897,"hostname":"fv-az74-944","name":"@waytrade/microservice-core","msg":"Starting HTTP Server on port 0"}
{"level":20,"time":1629038925934,"pid":5897,"hostname":"fv-az74-944","name":"@waytrade/microservice-core","msg":"HTTP Server listening on port 57193"}
{"level":20,"time":1629038925937,"pid":5897,"hostname":"fv-az74-944","name":"@waytrade/microservice-core","msg":"HTTP post /api/test/ -> 200 (1ms)"}
{"level":20,"time":1629038925938,"pid":5897,"hostname":"fv-az74-944","name":"@waytrade/microservice-core","msg":"HTTP Server on port 57193 stopped"}
{"level":20,"time":1629038925938,"pid":5897,"hostname":"fv-az74-944","name":"@waytrade/microservice-core","msg":"Starting HTTP Server on port 0"}
{"level":20,"time":1629038925939,"pid":5897,"hostname":"fv-az74-944","name":"@waytrade/microservice-core","msg":"HTTP Server listening on port 58951"}
{"level":20,"time":1629038925940,"pid":5897,"hostname":"fv-az74-944","name":"@waytrade/microservice-core","msg":"HTTP post /api/test/notImplemented -> 501 (0ms)"}
{"level":20,"time":1629038925941,"pid":5897,"hostname":"fv-az74-944","name":"@waytrade/microservice-core","msg":"HTTP Server on port 58951 stopped"}
{"level":20,"time":1629038925942,"pid":5897,"hostname":"fv-az74-944","name":"@waytrade/microservice-core","msg":"Starting HTTP Server on port 0"}
{"level":20,"time":1629038925942,"pid":5897,"hostname":"fv-az74-944","name":"@waytrade/microservice-core","msg":"HTTP Server listening on port 43947"}
{"level":20,"time":1629038925944,"pid":5897,"hostname":"fv-az74-944","name":"@waytrade/microservice-core","msg":"HTTP patch /api/test/ -> 200 (1ms)"}
{"level":20,"time":1629038925945,"pid":5897,"hostname":"fv-az74-944","name":"@waytrade/microservice-core","msg":"HTTP Server on port 43947 stopped"}
{"level":20,"time":1629038925946,"pid":5897,"hostname":"fv-az74-944","name":"@waytrade/microservice-core","msg":"Starting HTTP Server on port 0"}
{"level":20,"time":1629038925946,"pid":5897,"hostname":"fv-az74-944","name":"@waytrade/microservice-core","msg":"HTTP Server listening on port 35717"}
{"level":20,"time":1629038925947,"pid":5897,"hostname":"fv-az74-944","name":"@waytrade/microservice-core","msg":"HTTP post /api/test/notImplemented -> 501 (0ms)"}
{"level":20,"time":1629038925948,"pid":5897,"hostname":"fv-az74-944","name":"@waytrade/microservice-core","msg":"HTTP Server on port 35717 stopped"}
{"level":20,"time":1629038925949,"pid":5897,"hostname":"fv-az74-944","name":"@waytrade/microservice-core","msg":"Starting HTTP Server on port 0"}
{"level":20,"time":1629038925949,"pid":5897,"hostname":"fv-az74-944","name":"@waytrade/microservice-core","msg":"HTTP Server listening on port 43531"}
{"level":20,"time":1629038925951,"pid":5897,"hostname":"fv-az74-944","name":"@waytrade/microservice-core","msg":"HTTP delete /api/test/ -> 200 (0ms)"}
{"level":20,"time":1629038925953,"pid":5897,"hostname":"fv-az74-944","name":"@waytrade/microservice-core","msg":"HTTP Server on port 43531 stopped"}
{"level":20,"time":1629038925953,"pid":5897,"hostname":"fv-az74-944","name":"@waytrade/microservice-core","msg":"Starting HTTP Server on port 0"}
{"level":20,"time":1629038925953,"pid":5897,"hostname":"fv-az74-944","name":"@waytrade/microservice-core","msg":"HTTP Server listening on port 48897"}
{"level":20,"time":1629038925955,"pid":5897,"hostname":"fv-az74-944","name":"@waytrade/microservice-core","msg":"HTTP post /api/test/notImplemented -> 501 (0ms)"}
{"level":20,"time":1629038925956,"pid":5897,"hostname":"fv-az74-944","name":"@waytrade/microservice-core","msg":"HTTP Server on port 48897 stopped"}
{"level":20,"time":1629038926492,"pid":5897,"hostname":"fv-az74-944","name":"@waytrade/microservice-core","msg":"Debug message"}
{"level":30,"time":1629038926492,"pid":5897,"hostname":"fv-az74-944","name":"@waytrade/microservice-core","msg":"Info message"}
{"level":40,"time":1629038926493,"pid":5897,"hostname":"fv-az74-944","name":"@waytrade/microservice-core","msg":"Warning message"}
{"level":50,"time":1629038926493,"pid":5897,"hostname":"fv-az74-944","name":"@waytrade/microservice-core","msg":"Error message"}
{"level":30,"time":1629038926494,"pid":5897,"hostname":"fv-az74-944","name":"@waytrade/microservice-core","msg":"Info message"}
{"level":40,"time":1629038926494,"pid":5897,"hostname":"fv-az74-944","name":"@waytrade/microservice-core","msg":"Warning message"}
{"level":50,"time":1629038926495,"pid":5897,"hostname":"fv-az74-944","name":"@waytrade/microservice-core","msg":"Error message"}
{"level":40,"time":1629038926496,"pid":5897,"hostname":"fv-az74-944","name":"@waytrade/microservice-core","msg":"Warning message"}
{"level":50,"time":1629038926496,"pid":5897,"hostname":"fv-az74-944","name":"@waytrade/microservice-core","msg":"Error message"}
{"level":50,"time":1629038926498,"pid":5897,"hostname":"fv-az74-944","name":"@waytrade/microservice-core","msg":"Error message"}
{"level":20,"time":1629038926513,"pid":5897,"hostname":"fv-az74-944","name":"@waytrade/microservice-core","msg":"Debug message"}
{"level":30,"time":1629038926513,"pid":5897,"hostname":"fv-az74-944","name":"@waytrade/microservice-core","msg":"Info message"}
{"level":40,"time":1629038926514,"pid":5897,"hostname":"fv-az74-944","name":"@waytrade/microservice-core","msg":"Warning message"}
{"level":50,"time":1629038926514,"pid":5897,"hostname":"fv-az74-944","name":"@waytrade/microservice-core","msg":"Error message"}
{"level":20,"time":1629038926965,"pid":5897,"hostname":"fv-az74-944","name":"@waytrade/microservice-core","msg":"Starting HTTP Server on port 0"}
{"level":20,"time":1629038926965,"pid":5897,"hostname":"fv-az74-944","name":"@waytrade/microservice-core","msg":"HTTP Server listening on port 45335"}
{"level":20,"time":1629038926974,"pid":5897,"hostname":"fv-az74-944","name":"@waytrade/microservice-core","msg":"HTTP Server on port 45335 stopped"}
{"level":20,"time":1629038926975,"pid":5897,"hostname":"fv-az74-944","name":"@waytrade/microservice-core","msg":"Starting HTTP Server on port 0"}
{"level":20,"time":1629038926977,"pid":5897,"hostname":"fv-az74-944","name":"@waytrade/microservice-core","msg":"HTTP Server listening on port 43977"}
{"level":20,"time":1629038926980,"pid":5897,"hostname":"fv-az74-944","name":"@waytrade/microservice-core","msg":"HTTP Server on port 43977 stopped"}
{"level":20,"time":1629038926980,"pid":5897,"hostname":"fv-az74-944","name":"@waytrade/microservice-core","msg":"Starting HTTP Server on port 0"}
{"level":20,"time":1629038926981,"pid":5897,"hostname":"fv-az74-944","name":"@waytrade/microservice-core","msg":"HTTP Server listening on port 56633"}
{"level":50,"time":1629038926984,"pid":5897,"hostname":"fv-az74-944","name":"@waytrade/microservice-core","msg":"Binary data on websocket not supported."}
{"level":20,"time":1629038927982,"pid":5897,"hostname":"fv-az74-944","name":"@waytrade/microservice-core","msg":"HTTP Server on port 56633 stopped"}
{"level":20,"time":1629038927983,"pid":5897,"hostname":"fv-az74-944","name":"@waytrade/microservice-core","msg":"Starting HTTP Server on port 0"}
{"level":20,"time":1629038927983,"pid":5897,"hostname":"fv-az74-944","name":"@waytrade/microservice-core","msg":"HTTP Server listening on port 40133"}
{"level":20,"time":1629038927986,"pid":5897,"hostname":"fv-az74-944","name":"@waytrade/microservice-core","msg":"HTTP Server on port 40133 stopped"}
{"level":20,"time":1629038927987,"pid":5897,"hostname":"fv-az74-944","name":"@waytrade/microservice-core","msg":"Starting HTTP Server on port 0"}
{"level":20,"time":1629038927987,"pid":5897,"hostname":"fv-az74-944","name":"@waytrade/microservice-core","msg":"HTTP Server listening on port 50913"}
{"level":20,"time":1629038928990,"pid":5897,"hostname":"fv-az74-944","name":"@waytrade/microservice-core","msg":"HTTP Server on port 50913 stopped"}
{"level":20,"time":1629038928991,"pid":5897,"hostname":"fv-az74-944","name":"@waytrade/microservice-core","msg":"Starting HTTP Server on port 0"}
{"level":20,"time":1629038928991,"pid":5897,"hostname":"fv-az74-944","name":"@waytrade/microservice-core","msg":"HTTP Server listening on port 47611"}
{"level":20,"time":1629038929135,"pid":5897,"hostname":"fv-az74-944","name":"@waytrade/microservice-core","msg":"HTTP Server on port 47611 stopped"}
{"level":20,"time":1629038929136,"pid":5897,"hostname":"fv-az74-944","name":"@waytrade/microservice-core","msg":"Starting HTTP Server on port 0"}
{"level":20,"time":1629038929136,"pid":5897,"hostname":"fv-az74-944","name":"@waytrade/microservice-core","msg":"HTTP Server listening on port 43513"}
{"level":20,"time":1629038929351,"pid":5897,"hostname":"fv-az74-944","name":"@waytrade/microservice-core","msg":"HTTP Server on port 43513 stopped"}
{"level":30,"time":1629038929686,"pid":5897,"hostname":"fv-az74-944","name":"@waytrade/microservice-core","msg":"Starting App..."}
{"level":20,"time":1629038929687,"pid":5897,"hostname":"fv-az74-944","name":"@waytrade/microservice-core","msg":"Starting HTTP Server on port 0"}
{"level":20,"time":1629038929687,"pid":5897,"hostname":"fv-az74-944","name":"@waytrade/microservice-core","msg":"HTTP Server listening on port 56249"}
{"level":30,"time":1629038929687,"pid":5897,"hostname":"fv-az74-944","name":"@waytrade/microservice-core","msg":"API Server started at port 56249"}
{"level":20,"time":1629038929687,"pid":5897,"hostname":"fv-az74-944","name":"@waytrade/microservice-core","msg":"HTTP Server on port 56249 stopped"}
{"level":30,"time":1629038929687,"pid":5897,"hostname":"fv-az74-944","name":"@waytrade/microservice-core","msg":"App stopped."}
{"level":30,"time":1629038929689,"pid":5897,"hostname":"fv-az74-944","name":"@waytrade/microservice-core","msg":"Starting App..."}
{"level":20,"time":1629038929689,"pid":5897,"hostname":"fv-az74-944","name":"@waytrade/microservice-core","msg":"Starting HTTP Server on port 0"}
{"level":20,"time":1629038929689,"pid":5897,"hostname":"fv-az74-944","name":"@waytrade/microservice-core","msg":"HTTP Server listening on port 55473"}
{"level":30,"time":1629038929689,"pid":5897,"hostname":"fv-az74-944","name":"@waytrade/microservice-core","msg":"API Server started at port 55473"}
{"level":20,"time":1629038929689,"pid":5897,"hostname":"fv-az74-944","name":"@waytrade/microservice-core","msg":"HTTP Server on port 55473 stopped"}
{"level":30,"time":1629038929689,"pid":5897,"hostname":"fv-az74-944","name":"@waytrade/microservice-core","msg":"App stopped."}
{"level":30,"time":1629038929692,"pid":5897,"hostname":"fv-az74-944","name":"@waytrade/microservice-core","msg":"Starting App..."}
{"level":20,"time":1629038929692,"pid":5897,"hostname":"fv-az74-944","name":"@waytrade/microservice-core","msg":"Starting HTTP Server on port 0"}
{"level":20,"time":1629038929692,"pid":5897,"hostname":"fv-az74-944","name":"@waytrade/microservice-core","msg":"HTTP Server listening on port 35909"}
{"level":30,"time":1629038929692,"pid":5897,"hostname":"fv-az74-944","name":"@waytrade/microservice-core","msg":"API Server started at port 35909"}
{"level":20,"time":1629038929692,"pid":5897,"hostname":"fv-az74-944","name":"@waytrade/microservice-core","msg":"HTTP Server on port 35909 stopped"}
{"level":30,"time":1629038929692,"pid":5897,"hostname":"fv-az74-944","name":"@waytrade/microservice-core","msg":"App stopped."}
{"level":30,"time":1629038929693,"pid":5897,"hostname":"fv-az74-944","name":"@waytrade/microservice-core","msg":"Starting App..."}
{"level":20,"time":1629038929693,"pid":5897,"hostname":"fv-az74-944","name":"@waytrade/microservice-core","msg":"Starting HTTP Server on port 0"}
{"level":20,"time":1629038929693,"pid":5897,"hostname":"fv-az74-944","name":"@waytrade/microservice-core","msg":"HTTP Server listening on port 52607"}
{"level":30,"time":1629038929693,"pid":5897,"hostname":"fv-az74-944","name":"@waytrade/microservice-core","msg":"API Server started at port 52607"}
{"level":20,"time":1629038929694,"pid":5897,"hostname":"fv-az74-944","name":"@waytrade/microservice-core","msg":"HTTP Server on port 52607 stopped"}
{"level":30,"time":1629038929694,"pid":5897,"hostname":"fv-az74-944","name":"@waytrade/microservice-core","msg":"App stopped."}
{"level":30,"time":1629038929695,"pid":5897,"hostname":"fv-az74-944","name":"@waytrade/microservice-core","msg":"Starting App..."}
{"level":20,"time":1629038929695,"pid":5897,"hostname":"fv-az74-944","name":"@waytrade/microservice-core","msg":"Starting HTTP Server on port 0"}
{"level":20,"time":1629038929695,"pid":5897,"hostname":"fv-az74-944","name":"@waytrade/microservice-core","msg":"HTTP Server listening on port 56783"}
{"level":30,"time":1629038929696,"pid":5897,"hostname":"fv-az74-944","name":"@waytrade/microservice-core","msg":"API Server started at port 56783"}
{"level":20,"time":1629038929696,"pid":5897,"hostname":"fv-az74-944","name":"@waytrade/microservice-core","msg":"HTTP Server on port 56783 stopped"}
{"level":30,"time":1629038929696,"pid":5897,"hostname":"fv-az74-944","name":"@waytrade/microservice-core","msg":"App stopped."}
{"level":30,"time":1629038929698,"pid":5897,"hostname":"fv-az74-944","name":"@waytrade/microservice-core","msg":"Starting App..."}
{"level":20,"time":1629038929698,"pid":5897,"hostname":"fv-az74-944","name":"@waytrade/microservice-core","msg":"Starting HTTP Server on port 0"}
{"level":20,"time":1629038929698,"pid":5897,"hostname":"fv-az74-944","name":"@waytrade/microservice-core","msg":"HTTP Server listening on port 33177"}
{"level":30,"time":1629038929698,"pid":5897,"hostname":"fv-az74-944","name":"@waytrade/microservice-core","msg":"API Server started at port 33177"}
{"level":20,"time":1629038929705,"pid":5897,"hostname":"fv-az74-944","name":"@waytrade/microservice-core","msg":"HTTP get /test/get/ -> 200 (1ms)"}
{"level":20,"time":1629038929705,"pid":5897,"hostname":"fv-az74-944","name":"@waytrade/microservice-core","msg":"HTTP Server on port 33177 stopped"}
{"level":30,"time":1629038929705,"pid":5897,"hostname":"fv-az74-944","name":"@waytrade/microservice-core","msg":"App stopped."}
{"level":30,"time":1629038929706,"pid":5897,"hostname":"fv-az74-944","name":"@waytrade/microservice-core","msg":"Starting App..."}
{"level":20,"time":1629038929706,"pid":5897,"hostname":"fv-az74-944","name":"@waytrade/microservice-core","msg":"Starting HTTP Server on port 0"}
{"level":20,"time":1629038929707,"pid":5897,"hostname":"fv-az74-944","name":"@waytrade/microservice-core","msg":"HTTP Server listening on port 53661"}
{"level":30,"time":1629038929707,"pid":5897,"hostname":"fv-az74-944","name":"@waytrade/microservice-core","msg":"API Server started at port 53661"}
{"level":20,"time":1629038929707,"pid":5897,"hostname":"fv-az74-944","name":"@waytrade/microservice-core","msg":"Debug message"}
{"level":30,"time":1629038929707,"pid":5897,"hostname":"fv-az74-944","name":"@waytrade/microservice-core","msg":"Info message"}
{"level":40,"time":1629038929707,"pid":5897,"hostname":"fv-az74-944","name":"@waytrade/microservice-core","msg":"Warning message"}
{"level":50,"time":1629038929707,"pid":5897,"hostname":"fv-az74-944","name":"@waytrade/microservice-core","msg":"Error message"}
{"level":20,"time":1629038929707,"pid":5897,"hostname":"fv-az74-944","name":"@waytrade/microservice-core","msg":"HTTP Server on port 53661 stopped"}
{"level":30,"time":1629038929707,"pid":5897,"hostname":"fv-az74-944","name":"@waytrade/microservice-core","msg":"App stopped."}
{"level":30,"time":1629038930005,"pid":5897,"hostname":"fv-az74-944","name":"@waytrade/microservice-core","msg":"Starting App..."}
{"level":20,"time":1629038930005,"pid":5897,"hostname":"fv-az74-944","name":"@waytrade/microservice-core","msg":"Starting HTTP Server on port 0"}
{"level":20,"time":1629038930006,"pid":5897,"hostname":"fv-az74-944","name":"@waytrade/microservice-core","msg":"HTTP Server listening on port 55257"}
{"level":20,"time":1629038930006,"pid":5897,"hostname":"fv-az74-944","name":"@waytrade/microservice-core","msg":"Starting HTTP Server on port 0"}
{"level":20,"time":1629038930006,"pid":5897,"hostname":"fv-az74-944","name":"@waytrade/microservice-core","msg":"HTTP Server listening on port 34739"}
{"level":30,"time":1629038930006,"pid":5897,"hostname":"fv-az74-944","name":"@waytrade/microservice-core","msg":"API Server started at port 55257"}
{"level":30,"time":1629038930006,"pid":5897,"hostname":"fv-az74-944","name":"@waytrade/microservice-core","msg":"Webhook Callback Server started at port 34739"}
{"level":20,"time":1629038930007,"pid":5897,"hostname":"fv-az74-944","name":"@waytrade/microservice-core","msg":"HTTP Server on port 55257 stopped"}
{"level":20,"time":1629038930007,"pid":5897,"hostname":"fv-az74-944","name":"@waytrade/microservice-core","msg":"HTTP Server on port 34739 stopped"}
{"level":30,"time":1629038930008,"pid":5897,"hostname":"fv-az74-944","name":"@waytrade/microservice-core","msg":"App stopped."}
{"level":30,"time":1629038930009,"pid":5897,"hostname":"fv-az74-944","name":"@waytrade/microservice-core","msg":"Starting App..."}
{"level":20,"time":1629038930009,"pid":5897,"hostname":"fv-az74-944","name":"@waytrade/microservice-core","msg":"Starting HTTP Server on port 0"}
{"level":20,"time":1629038930010,"pid":5897,"hostname":"fv-az74-944","name":"@waytrade/microservice-core","msg":"HTTP Server listening on port 56327"}
{"level":20,"time":1629038930010,"pid":5897,"hostname":"fv-az74-944","name":"@waytrade/microservice-core","msg":"Starting HTTP Server on port 0"}
{"level":20,"time":1629038930010,"pid":5897,"hostname":"fv-az74-944","name":"@waytrade/microservice-core","msg":"HTTP Server listening on port 40189"}
{"level":30,"time":1629038930010,"pid":5897,"hostname":"fv-az74-944","name":"@waytrade/microservice-core","msg":"API Server started at port 56327"}
{"level":30,"time":1629038930010,"pid":5897,"hostname":"fv-az74-944","name":"@waytrade/microservice-core","msg":"Webhook Callback Server started at port 40189"}
{"level":20,"time":1629038930017,"pid":5897,"hostname":"fv-az74-944","name":"@waytrade/microservice-core","msg":"HTTP Server on port 56327 stopped"}
{"level":20,"time":1629038930017,"pid":5897,"hostname":"fv-az74-944","name":"@waytrade/microservice-core","msg":"HTTP Server on port 40189 stopped"}
{"level":30,"time":1629038930017,"pid":5897,"hostname":"fv-az74-944","name":"@waytrade/microservice-core","msg":"App stopped."}
{"level":30,"time":1629038930018,"pid":5897,"hostname":"fv-az74-944","name":"@waytrade/microservice-core","msg":"Starting App..."}
{"level":20,"time":1629038930019,"pid":5897,"hostname":"fv-az74-944","name":"@waytrade/microservice-core","msg":"Starting HTTP Server on port 0"}
{"level":20,"time":1629038930019,"pid":5897,"hostname":"fv-az74-944","name":"@waytrade/microservice-core","msg":"HTTP Server listening on port 42477"}
{"level":20,"time":1629038930019,"pid":5897,"hostname":"fv-az74-944","name":"@waytrade/microservice-core","msg":"Starting HTTP Server on port 0"}
{"level":20,"time":1629038930019,"pid":5897,"hostname":"fv-az74-944","name":"@waytrade/microservice-core","msg":"HTTP Server listening on port 45763"}
{"level":20,"time":1629038930019,"pid":5897,"hostname":"fv-az74-944","name":"@waytrade/microservice-core","msg":"HTTP Server on port 42477 stopped"}
{"level":20,"time":1629038930019,"pid":5897,"hostname":"fv-az74-944","name":"@waytrade/microservice-core","msg":"HTTP Server on port 45763 stopped"}
{"level":30,"time":1629038930020,"pid":5897,"hostname":"fv-az74-944","name":"@waytrade/microservice-core","msg":"App stopped."}
{"level":30,"time":1629038930020,"pid":5897,"hostname":"fv-az74-944","name":"@waytrade/microservice-core","msg":"Starting App..."}
{"level":20,"time":1629038930021,"pid":5897,"hostname":"fv-az74-944","name":"@waytrade/microservice-core","msg":"Starting HTTP Server on port 0"}
{"level":20,"time":1629038930021,"pid":5897,"hostname":"fv-az74-944","name":"@waytrade/microservice-core","msg":"HTTP Server listening on port 42435"}
{"level":20,"time":1629038930021,"pid":5897,"hostname":"fv-az74-944","name":"@waytrade/microservice-core","msg":"Starting HTTP Server on port 0"}
{"level":20,"time":1629038930021,"pid":5897,"hostname":"fv-az74-944","name":"@waytrade/microservice-core","msg":"HTTP Server listening on port 47499"}
{"level":20,"time":1629038930022,"pid":5897,"hostname":"fv-az74-944","name":"@waytrade/microservice-core","msg":"HTTP Server on port 42435 stopped"}
{"level":20,"time":1629038930022,"pid":5897,"hostname":"fv-az74-944","name":"@waytrade/microservice-core","msg":"HTTP Server on port 47499 stopped"}
{"level":30,"time":1629038930022,"pid":5897,"hostname":"fv-az74-944","name":"@waytrade/microservice-core","msg":"App stopped."}
{"level":30,"time":1629038930023,"pid":5897,"hostname":"fv-az74-944","name":"@waytrade/microservice-core","msg":"Starting App..."}
{"level":20,"time":1629038930023,"pid":5897,"hostname":"fv-az74-944","name":"@waytrade/microservice-core","msg":"Starting HTTP Server on port 0"}
{"level":20,"time":1629038930023,"pid":5897,"hostname":"fv-az74-944","name":"@waytrade/microservice-core","msg":"HTTP Server listening on port 56899"}
{"level":20,"time":1629038930023,"pid":5897,"hostname":"fv-az74-944","name":"@waytrade/microservice-core","msg":"Starting HTTP Server on port 0"}
{"level":20,"time":1629038930023,"pid":5897,"hostname":"fv-az74-944","name":"@waytrade/microservice-core","msg":"HTTP Server listening on port 54929"}
{"level":20,"time":1629038930023,"pid":5897,"hostname":"fv-az74-944","name":"@waytrade/microservice-core","msg":"HTTP Server on port 56899 stopped"}
{"level":20,"time":1629038930023,"pid":5897,"hostname":"fv-az74-944","name":"@waytrade/microservice-core","msg":"HTTP Server on port 54929 stopped"}
{"level":30,"time":1629038930024,"pid":5897,"hostname":"fv-az74-944","name":"@waytrade/microservice-core","msg":"App stopped."}
{"level":30,"time":1629038930024,"pid":5897,"hostname":"fv-az74-944","name":"@waytrade/microservice-core","msg":"Starting App..."}
{"level":20,"time":1629038930025,"pid":5897,"hostname":"fv-az74-944","name":"@waytrade/microservice-core","msg":"Starting HTTP Server on port 0"}
{"level":20,"time":1629038930025,"pid":5897,"hostname":"fv-az74-944","name":"@waytrade/microservice-core","msg":"HTTP Server listening on port 54543"}
{"level":20,"time":1629038930025,"pid":5897,"hostname":"fv-az74-944","name":"@waytrade/microservice-core","msg":"Starting HTTP Server on port 0"}
{"level":20,"time":1629038930025,"pid":5897,"hostname":"fv-az74-944","name":"@waytrade/microservice-core","msg":"HTTP Server listening on port 52845"}
{"level":20,"time":1629038930025,"pid":5897,"hostname":"fv-az74-944","name":"@waytrade/microservice-core","msg":"HTTP Server on port 54543 stopped"}
{"level":20,"time":1629038930025,"pid":5897,"hostname":"fv-az74-944","name":"@waytrade/microservice-core","msg":"HTTP Server on port 52845 stopped"}
{"level":30,"time":1629038930025,"pid":5897,"hostname":"fv-az74-944","name":"@waytrade/microservice-core","msg":"App stopped."}
{"level":30,"time":1629038930301,"pid":5897,"hostname":"fv-az74-944","name":"@waytrade/microservice-core","msg":"Starting App..."}
{"level":20,"time":1629038930301,"pid":5897,"hostname":"fv-az74-944","name":"@waytrade/microservice-core","msg":"Starting HTTP Server on port 0"}
{"level":20,"time":1629038930301,"pid":5897,"hostname":"fv-az74-944","name":"@waytrade/microservice-core","msg":"HTTP Server listening on port 41741"}
{"level":30,"time":1629038930302,"pid":5897,"hostname":"fv-az74-944","name":"@waytrade/microservice-core","msg":"API Server started at port 41741"}
{"level":20,"time":1629038930302,"pid":5897,"hostname":"fv-az74-944","name":"@waytrade/microservice-core","msg":"HTTP Server on port 41741 stopped"}
{"level":30,"time":1629038930303,"pid":5897,"hostname":"fv-az74-944","name":"@waytrade/microservice-core","msg":"App stopped."}
{"level":30,"time":1629038930304,"pid":5897,"hostname":"fv-az74-944","name":"@waytrade/microservice-core","msg":"Starting App..."}
{"level":20,"time":1629038930304,"pid":5897,"hostname":"fv-az74-944","name":"@waytrade/microservice-core","msg":"Starting HTTP Server on port 0"}
{"level":20,"time":1629038930305,"pid":5897,"hostname":"fv-az74-944","name":"@waytrade/microservice-core","msg":"HTTP Server listening on port 43195"}
{"level":30,"time":1629038930305,"pid":5897,"hostname":"fv-az74-944","name":"@waytrade/microservice-core","msg":"API Server started at port 43195"}
{"level":20,"time":1629038930306,"pid":5897,"hostname":"fv-az74-944","name":"@waytrade/microservice-core","msg":"HTTP Server on port 43195 stopped"}
{"level":30,"time":1629038930306,"pid":5897,"hostname":"fv-az74-944","name":"@waytrade/microservice-core","msg":"App stopped."}
{"level":30,"time":1629038930307,"pid":5897,"hostname":"fv-az74-944","name":"@waytrade/microservice-core","msg":"Starting App..."}
{"level":20,"time":1629038930307,"pid":5897,"hostname":"fv-az74-944","name":"@waytrade/microservice-core","msg":"Starting HTTP Server on port 0"}
{"level":20,"time":1629038930307,"pid":5897,"hostname":"fv-az74-944","name":"@waytrade/microservice-core","msg":"HTTP Server listening on port 51081"}
{"level":20,"time":1629038930308,"pid":5897,"hostname":"fv-az74-944","name":"@waytrade/microservice-core","msg":"HTTP Server on port 51081 stopped"}
{"level":30,"time":1629038930308,"pid":5897,"hostname":"fv-az74-944","name":"@waytrade/microservice-core","msg":"App stopped."}
{"level":30,"time":1629038930309,"pid":5897,"hostname":"fv-az74-944","name":"@waytrade/microservice-core","msg":"Starting App..."}
{"level":20,"time":1629038930309,"pid":5897,"hostname":"fv-az74-944","name":"@waytrade/microservice-core","msg":"Starting HTTP Server on port 0"}
{"level":20,"time":1629038930309,"pid":5897,"hostname":"fv-az74-944","name":"@waytrade/microservice-core","msg":"HTTP Server listening on port 53573"}
{"level":20,"time":1629038930309,"pid":5897,"hostname":"fv-az74-944","name":"@waytrade/microservice-core","msg":"HTTP Server on port 53573 stopped"}
{"level":30,"time":1629038930309,"pid":5897,"hostname":"fv-az74-944","name":"@waytrade/microservice-core","msg":"App stopped."}
{"level":30,"time":1629038930310,"pid":5897,"hostname":"fv-az74-944","name":"@waytrade/microservice-core","msg":"Starting App..."}
{"level":20,"time":1629038930310,"pid":5897,"hostname":"fv-az74-944","name":"@waytrade/microservice-core","msg":"Starting HTTP Server on port 0"}
{"level":20,"time":1629038930311,"pid":5897,"hostname":"fv-az74-944","name":"@waytrade/microservice-core","msg":"HTTP Server listening on port 45629"}
{"level":20,"time":1629038930311,"pid":5897,"hostname":"fv-az74-944","name":"@waytrade/microservice-core","msg":"HTTP Server on port 45629 stopped"}
{"level":30,"time":1629038930311,"pid":5897,"hostname":"fv-az74-944","name":"@waytrade/microservice-core","msg":"App stopped."}
{"level":30,"time":1629038930312,"pid":5897,"hostname":"fv-az74-944","name":"@waytrade/microservice-core","msg":"Starting App..."}
{"level":20,"time":1629038930312,"pid":5897,"hostname":"fv-az74-944","name":"@waytrade/microservice-core","msg":"Starting HTTP Server on port 0"}
{"level":20,"time":1629038930312,"pid":5897,"hostname":"fv-az74-944","name":"@waytrade/microservice-core","msg":"HTTP Server listening on port 54161"}
{"level":20,"time":1629038930312,"pid":5897,"hostname":"fv-az74-944","name":"@waytrade/microservice-core","msg":"HTTP Server on port 54161 stopped"}
{"level":30,"time":1629038930313,"pid":5897,"hostname":"fv-az74-944","name":"@waytrade/microservice-core","msg":"App stopped."}
{"level":30,"time":1629038930582,"pid":5897,"hostname":"fv-az74-944","name":"@waytrade/microservice-core","msg":"Starting App..."}
{"level":20,"time":1629038930582,"pid":5897,"hostname":"fv-az74-944","name":"@waytrade/microservice-core","msg":"Starting HTTP Server on port 0"}
{"level":20,"time":1629038930583,"pid":5897,"hostname":"fv-az74-944","name":"@waytrade/microservice-core","msg":"HTTP Server listening on port 60793"}
{"level":30,"time":1629038930583,"pid":5897,"hostname":"fv-az74-944","name":"@waytrade/microservice-core","msg":"API Server started at port 60793"}
{"level":20,"time":1629038930584,"pid":5897,"hostname":"fv-az74-944","name":"@waytrade/microservice-core","msg":"HTTP Server on port 60793 stopped"}
{"level":30,"time":1629038930584,"pid":5897,"hostname":"fv-az74-944","name":"@waytrade/microservice-core","msg":"App stopped."}
{"level":30,"time":1629038930585,"pid":5897,"hostname":"fv-az74-944","name":"@waytrade/microservice-core","msg":"Starting App..."}
{"level":20,"time":1629038930585,"pid":5897,"hostname":"fv-az74-944","name":"@waytrade/microservice-core","msg":"Starting HTTP Server on port 0"}
{"level":20,"time":1629038930586,"pid":5897,"hostname":"fv-az74-944","name":"@waytrade/microservice-core","msg":"HTTP Server listening on port 34929"}
{"level":30,"time":1629038930586,"pid":5897,"hostname":"fv-az74-944","name":"@waytrade/microservice-core","msg":"API Server started at port 34929"}
{"level":20,"time":1629038930586,"pid":5897,"hostname":"fv-az74-944","name":"@waytrade/microservice-core","msg":"HTTP Server on port 34929 stopped"}
{"level":30,"time":1629038930587,"pid":5897,"hostname":"fv-az74-944","name":"@waytrade/microservice-core","msg":"App stopped."}
{"level":30,"time":1629038930588,"pid":5897,"hostname":"fv-az74-944","name":"@waytrade/microservice-core","msg":"Starting App..."}
{"level":30,"time":1629038930589,"pid":5897,"hostname":"fv-az74-944","name":"@waytrade/microservice-core","msg":"App stopped."}
{"level":30,"time":1629038930590,"pid":5897,"hostname":"fv-az74-944","name":"@waytrade/microservice-core","msg":"Starting App..."}
{"level":30,"time":1629038930590,"pid":5897,"hostname":"fv-az74-944","name":"@waytrade/microservice-core","msg":"App stopped."}
{"level":30,"time":1629038930591,"pid":5897,"hostname":"fv-az74-944","name":"@waytrade/microservice-core","msg":"Starting App..."}
{"level":30,"time":1629038930591,"pid":5897,"hostname":"fv-az74-944","name":"@waytrade/microservice-core","msg":"App stopped."}
{"level":30,"time":1629038930611,"pid":5897,"hostname":"fv-az74-944","name":"@waytrade/microservice-core","msg":"Starting App..."}
{"level":30,"time":1629038930612,"pid":5897,"hostname":"fv-az74-944","name":"@waytrade/microservice-core","msg":"App stopped."}
{"level":20,"time":1629038930916,"pid":5897,"hostname":"fv-az74-944","name":"@waytrade/microservice-core","msg":"Starting HTTP Server on port 0"}
{"level":20,"time":1629038930917,"pid":5897,"hostname":"fv-az74-944","name":"@waytrade/microservice-core","msg":"HTTP Server listening on port 53915"}
{"level":20,"time":1629038930917,"pid":5897,"hostname":"fv-az74-944","name":"@waytrade/microservice-core","msg":"HTTP Server on port 53915 stopped"}
{"level":20,"time":1629038930918,"pid":5897,"hostname":"fv-az74-944","name":"@waytrade/microservice-core","msg":"Starting HTTP Server on port 3999"}
{"level":20,"time":1629038930918,"pid":5897,"hostname":"fv-az74-944","name":"@waytrade/microservice-core","msg":"HTTP Server listening on port 3999"}
{"level":20,"time":1629038930918,"pid":5897,"hostname":"fv-az74-944","name":"@waytrade/microservice-core","msg":"HTTP Server on port 3999 stopped"}
{"level":20,"time":1629038930918,"pid":5897,"hostname":"fv-az74-944","name":"@waytrade/microservice-core","msg":"Starting HTTP Server on port 0"}
{"level":20,"time":1629038930919,"pid":5897,"hostname":"fv-az74-944","name":"@waytrade/microservice-core","msg":"HTTP Server listening on port 58773"}
{"level":20,"time":1629038930922,"pid":5897,"hostname":"fv-az74-944","name":"@waytrade/microservice-core","msg":"/some/invalid/path not found."}
{"level":20,"time":1629038930922,"pid":5897,"hostname":"fv-az74-944","name":"@waytrade/microservice-core","msg":"HTTP Server on port 58773 stopped"}
{"level":20,"time":1629038930923,"pid":5897,"hostname":"fv-az74-944","name":"@waytrade/microservice-core","msg":"Starting HTTP Server on port 0"}
{"level":20,"time":1629038930923,"pid":5897,"hostname":"fv-az74-944","name":"@waytrade/microservice-core","msg":"HTTP Server listening on port 38323"}
{"level":20,"time":1629038930925,"pid":5897,"hostname":"fv-az74-944","name":"@waytrade/microservice-core","msg":"HTTP Server on port 38323 stopped"}
{"level":20,"time":1629038930925,"pid":5897,"hostname":"fv-az74-944","name":"@waytrade/microservice-core","msg":"Starting HTTP Server on port 0"}
{"level":20,"time":1629038930926,"pid":5897,"hostname":"fv-az74-944","name":"@waytrade/microservice-core","msg":"HTTP Server listening on port 51711"}
{"level":20,"time":1629038930927,"pid":5897,"hostname":"fv-az74-944","name":"@waytrade/microservice-core","msg":"HTTP Server on port 51711 stopped"}
{"level":20,"time":1629038930928,"pid":5897,"hostname":"fv-az74-944","name":"@waytrade/microservice-core","msg":"Starting HTTP Server on port 0"}
{"level":20,"time":1629038930928,"pid":5897,"hostname":"fv-az74-944","name":"@waytrade/microservice-core","msg":"HTTP Server listening on port 47137"}
{"level":20,"time":1629038930929,"pid":5897,"hostname":"fv-az74-944","name":"@waytrade/microservice-core","msg":"HTTP get /api/dummy/customResponseHeader -> 200 (0ms)"}
{"level":20,"time":1629038930930,"pid":5897,"hostname":"fv-az74-944","name":"@waytrade/microservice-core","msg":"HTTP Server on port 47137 stopped"}
{"level":30,"time":1629038931221,"pid":5897,"hostname":"fv-az74-944","name":"@waytrade/microservice-core","msg":"Starting App..."}
{"level":20,"time":1629038931222,"pid":5897,"hostname":"fv-az74-944","name":"@waytrade/microservice-core","msg":"Starting HTTP Server on port 0"}
{"level":20,"time":1629038931222,"pid":5897,"hostname":"fv-az74-944","name":"@waytrade/microservice-core","msg":"HTTP Server listening on port 36739"}
{"level":20,"time":1629038931222,"pid":5897,"hostname":"fv-az74-944","name":"@waytrade/microservice-core","msg":"Starting HTTP Server on port 0"}
{"level":20,"time":1629038931222,"pid":5897,"hostname":"fv-az74-944","name":"@waytrade/microservice-core","msg":"HTTP Server listening on port 57209"}
{"level":30,"time":1629038931222,"pid":5897,"hostname":"fv-az74-944","name":"@waytrade/microservice-core","msg":"API Server started at port 36739"}
{"level":30,"time":1629038931222,"pid":5897,"hostname":"fv-az74-944","name":"@waytrade/microservice-core","msg":"Webhook Callback Server started at port 57209"}
{"level":20,"time":1629038931225,"pid":5897,"hostname":"fv-az74-944","name":"@waytrade/microservice-core","msg":"HTTP get /api/ -> 200 (0ms)"}
{"level":20,"time":1629038931226,"pid":5897,"hostname":"fv-az74-944","name":"@waytrade/microservice-core","msg":"HTTP Server on port 36739 stopped"}
{"level":20,"time":1629038931226,"pid":5897,"hostname":"fv-az74-944","name":"@waytrade/microservice-core","msg":"HTTP Server on port 57209 stopped"}
{"level":30,"time":1629038931226,"pid":5897,"hostname":"fv-az74-944","name":"@waytrade/microservice-core","msg":"App stopped."}
{"level":30,"time":1629038931227,"pid":5897,"hostname":"fv-az74-944","name":"@waytrade/microservice-core","msg":"Starting App..."}
{"level":20,"time":1629038931227,"pid":5897,"hostname":"fv-az74-944","name":"@waytrade/microservice-core","msg":"Starting HTTP Server on port 0"}
{"level":20,"time":1629038931228,"pid":5897,"hostname":"fv-az74-944","name":"@waytrade/microservice-core","msg":"HTTP Server listening on port 54875"}
{"level":20,"time":1629038931228,"pid":5897,"hostname":"fv-az74-944","name":"@waytrade/microservice-core","msg":"Starting HTTP Server on port 0"}
{"level":20,"time":1629038931228,"pid":5897,"hostname":"fv-az74-944","name":"@waytrade/microservice-core","msg":"HTTP Server listening on port 59493"}
{"level":30,"time":1629038931228,"pid":5897,"hostname":"fv-az74-944","name":"@waytrade/microservice-core","msg":"API Server started at port 54875"}
{"level":30,"time":1629038931228,"pid":5897,"hostname":"fv-az74-944","name":"@waytrade/microservice-core","msg":"Webhook Callback Server started at port 59493"}
{"level":20,"time":1629038931229,"pid":5897,"hostname":"fv-az74-944","name":"@waytrade/microservice-core","msg":"HTTP get / -> 200 (0ms)"}
{"level":20,"time":1629038931229,"pid":5897,"hostname":"fv-az74-944","name":"@waytrade/microservice-core","msg":"HTTP Server on port 54875 stopped"}
{"level":20,"time":1629038931229,"pid":5897,"hostname":"fv-az74-944","name":"@waytrade/microservice-core","msg":"HTTP Server on port 59493 stopped"}
{"level":30,"time":1629038931229,"pid":5897,"hostname":"fv-az74-944","name":"@waytrade/microservice-core","msg":"App stopped."}
{"level":30,"time":1629038931230,"pid":5897,"hostname":"fv-az74-944","name":"@waytrade/microservice-core","msg":"Starting App..."}
{"level":20,"time":1629038931231,"pid":5897,"hostname":"fv-az74-944","name":"@waytrade/microservice-core","msg":"Starting HTTP Server on port 0"}
{"level":20,"time":1629038931231,"pid":5897,"hostname":"fv-az74-944","name":"@waytrade/microservice-core","msg":"HTTP Server listening on port 57243"}
{"level":20,"time":1629038931231,"pid":5897,"hostname":"fv-az74-944","name":"@waytrade/microservice-core","msg":"Starting HTTP Server on port 0"}
{"level":20,"time":1629038931231,"pid":5897,"hostname":"fv-az74-944","name":"@waytrade/microservice-core","msg":"HTTP Server listening on port 54915"}
{"level":30,"time":1629038931231,"pid":5897,"hostname":"fv-az74-944","name":"@waytrade/microservice-core","msg":"API Server started at port 57243"}
{"level":30,"time":1629038931231,"pid":5897,"hostname":"fv-az74-944","name":"@waytrade/microservice-core","msg":"Webhook Callback Server started at port 54915"}
{"level":20,"time":1629038931232,"pid":5897,"hostname":"fv-az74-944","name":"@waytrade/microservice-core","msg":"HTTP get /api/ -> 200 (0ms)"}
{"level":20,"time":1629038931233,"pid":5897,"hostname":"fv-az74-944","name":"@waytrade/microservice-core","msg":"HTTP Server on port 57243 stopped"}
{"level":20,"time":1629038931233,"pid":5897,"hostname":"fv-az74-944","name":"@waytrade/microservice-core","msg":"HTTP Server on port 54915 stopped"}
{"level":30,"time":1629038931233,"pid":5897,"hostname":"fv-az74-944","name":"@waytrade/microservice-core","msg":"App stopped."}
{"level":30,"time":1629038931234,"pid":5897,"hostname":"fv-az74-944","name":"@waytrade/microservice-core","msg":"Starting App..."}
{"level":20,"time":1629038931234,"pid":5897,"hostname":"fv-az74-944","name":"@waytrade/microservice-core","msg":"Starting HTTP Server on port 0"}
{"level":20,"time":1629038931234,"pid":5897,"hostname":"fv-az74-944","name":"@waytrade/microservice-core","msg":"HTTP Server listening on port 43277"}
{"level":20,"time":1629038931234,"pid":5897,"hostname":"fv-az74-944","name":"@waytrade/microservice-core","msg":"Starting HTTP Server on port 0"}
{"level":20,"time":1629038931235,"pid":5897,"hostname":"fv-az74-944","name":"@waytrade/microservice-core","msg":"HTTP Server listening on port 57863"}
{"level":30,"time":1629038931235,"pid":5897,"hostname":"fv-az74-944","name":"@waytrade/microservice-core","msg":"API Server started at port 43277"}
{"level":30,"time":1629038931235,"pid":5897,"hostname":"fv-az74-944","name":"@waytrade/microservice-core","msg":"Webhook Callback Server started at port 57863"}
{"level":20,"time":1629038931236,"pid":5897,"hostname":"fv-az74-944","name":"@waytrade/microservice-core","msg":"HTTP Server on port 43277 stopped"}
{"level":20,"time":1629038931236,"pid":5897,"hostname":"fv-az74-944","name":"@waytrade/microservice-core","msg":"HTTP Server on port 57863 stopped"}
{"level":30,"time":1629038931236,"pid":5897,"hostname":"fv-az74-944","name":"@waytrade/microservice-core","msg":"App stopped."}
{"level":30,"time":1629038931483,"pid":5897,"hostname":"fv-az74-944","name":"@waytrade/microservice-core","msg":"Starting App..."}
{"level":20,"time":1629038931484,"pid":5897,"hostname":"fv-az74-944","name":"@waytrade/microservice-core","msg":"Starting HTTP Server on port 0"}
{"level":20,"time":1629038931484,"pid":5897,"hostname":"fv-az74-944","name":"@waytrade/microservice-core","msg":"HTTP Server listening on port 38337"}
{"level":20,"time":1629038931484,"pid":5897,"hostname":"fv-az74-944","name":"@waytrade/microservice-core","msg":"Starting HTTP Server on port 0"}
{"level":20,"time":1629038931484,"pid":5897,"hostname":"fv-az74-944","name":"@waytrade/microservice-core","msg":"HTTP Server listening on port 40335"}
{"level":30,"time":1629038931484,"pid":5897,"hostname":"fv-az74-944","name":"@waytrade/microservice-core","msg":"API Server started at port 38337"}
{"level":30,"time":1629038931484,"pid":5897,"hostname":"fv-az74-944","name":"@waytrade/microservice-core","msg":"Webhook Callback Server started at port 40335"}
{"level":20,"time":1629038931485,"pid":5897,"hostname":"fv-az74-944","name":"@waytrade/microservice-core","msg":"HTTP Server on port 38337 stopped"}
{"level":20,"time":1629038931485,"pid":5897,"hostname":"fv-az74-944","name":"@waytrade/microservice-core","msg":"HTTP Server on port 40335 stopped"}
{"level":30,"time":1629038931485,"pid":5897,"hostname":"fv-az74-944","name":"@waytrade/microservice-core","msg":"App stopped."}
{"level":30,"time":1629038931486,"pid":5897,"hostname":"fv-az74-944","name":"@waytrade/microservice-core","msg":"Starting App..."}
{"level":20,"time":1629038931486,"pid":5897,"hostname":"fv-az74-944","name":"@waytrade/microservice-core","msg":"Starting HTTP Server on port 0"}
{"level":20,"time":1629038931486,"pid":5897,"hostname":"fv-az74-944","name":"@waytrade/microservice-core","msg":"HTTP Server listening on port 50825"}
{"level":20,"time":1629038931486,"pid":5897,"hostname":"fv-az74-944","name":"@waytrade/microservice-core","msg":"Starting HTTP Server on port 0"}
{"level":20,"time":1629038931486,"pid":5897,"hostname":"fv-az74-944","name":"@waytrade/microservice-core","msg":"HTTP Server listening on port 40387"}
{"level":30,"time":1629038931486,"pid":5897,"hostname":"fv-az74-944","name":"@waytrade/microservice-core","msg":"API Server started at port 50825"}
{"level":30,"time":1629038931486,"pid":5897,"hostname":"fv-az74-944","name":"@waytrade/microservice-core","msg":"Webhook Callback Server started at port 40387"}
{"level":20,"time":1629038931487,"pid":5897,"hostname":"fv-az74-944","name":"@waytrade/microservice-core","msg":"HTTP Server on port 50825 stopped"}
{"level":20,"time":1629038931487,"pid":5897,"hostname":"fv-az74-944","name":"@waytrade/microservice-core","msg":"HTTP Server on port 40387 stopped"}
{"level":30,"time":1629038931487,"pid":5897,"hostname":"fv-az74-944","name":"@waytrade/microservice-core","msg":"App stopped."}
{"level":30,"time":1629038931488,"pid":5897,"hostname":"fv-az74-944","name":"@waytrade/microservice-core","msg":"Starting App..."}
{"level":20,"time":1629038931488,"pid":5897,"hostname":"fv-az74-944","name":"@waytrade/microservice-core","msg":"Starting HTTP Server on port 0"}
{"level":20,"time":1629038931488,"pid":5897,"hostname":"fv-az74-944","name":"@waytrade/microservice-core","msg":"HTTP Server listening on port 34827"}
{"level":20,"time":1629038931488,"pid":5897,"hostname":"fv-az74-944","name":"@waytrade/microservice-core","msg":"Starting HTTP Server on port 0"}
{"level":20,"time":1629038931489,"pid":5897,"hostname":"fv-az74-944","name":"@waytrade/microservice-core","msg":"HTTP Server listening on port 44801"}
{"level":30,"time":1629038931489,"pid":5897,"hostname":"fv-az74-944","name":"@waytrade/microservice-core","msg":"API Server started at port 34827"}
{"level":30,"time":1629038931489,"pid":5897,"hostname":"fv-az74-944","name":"@waytrade/microservice-core","msg":"Webhook Callback Server started at port 44801"}
{"level":20,"time":1629038931489,"pid":5897,"hostname":"fv-az74-944","name":"@waytrade/microservice-core","msg":"HTTP Server on port 34827 stopped"}
{"level":20,"time":1629038931489,"pid":5897,"hostname":"fv-az74-944","name":"@waytrade/microservice-core","msg":"HTTP Server on port 44801 stopped"}
{"level":30,"time":1629038931489,"pid":5897,"hostname":"fv-az74-944","name":"@waytrade/microservice-core","msg":"App stopped."}
{"level":30,"time":1629038931490,"pid":5897,"hostname":"fv-az74-944","name":"@waytrade/microservice-core","msg":"Starting App..."}
{"level":20,"time":1629038931490,"pid":5897,"hostname":"fv-az74-944","name":"@waytrade/microservice-core","msg":"Starting HTTP Server on port 0"}
{"level":20,"time":1629038931490,"pid":5897,"hostname":"fv-az74-944","name":"@waytrade/microservice-core","msg":"HTTP Server listening on port 55715"}
{"level":20,"time":1629038931491,"pid":5897,"hostname":"fv-az74-944","name":"@waytrade/microservice-core","msg":"Starting HTTP Server on port 0"}
{"level":20,"time":1629038931491,"pid":5897,"hostname":"fv-az74-944","name":"@waytrade/microservice-core","msg":"HTTP Server listening on port 51345"}
{"level":30,"time":1629038931491,"pid":5897,"hostname":"fv-az74-944","name":"@waytrade/microservice-core","msg":"API Server started at port 55715"}
{"level":30,"time":1629038931491,"pid":5897,"hostname":"fv-az74-944","name":"@waytrade/microservice-core","msg":"Webhook Callback Server started at port 51345"}
{"level":20,"time":1629038931491,"pid":5897,"hostname":"fv-az74-944","name":"@waytrade/microservice-core","msg":"HTTP Server on port 55715 stopped"}
{"level":20,"time":1629038931491,"pid":5897,"hostname":"fv-az74-944","name":"@waytrade/microservice-core","msg":"HTTP Server on port 51345 stopped"}
{"level":30,"time":1629038931491,"pid":5897,"hostname":"fv-az74-944","name":"@waytrade/microservice-core","msg":"App stopped."}
{"level":30,"time":1629038931750,"pid":5897,"hostname":"fv-az74-944","name":"@waytrade/microservice-core","msg":"Starting App..."}
{"level":20,"time":1629038931750,"pid":5897,"hostname":"fv-az74-944","name":"@waytrade/microservice-core","msg":"Starting HTTP Server on port 0"}
{"level":20,"time":1629038931750,"pid":5897,"hostname":"fv-az74-944","name":"@waytrade/microservice-core","msg":"HTTP Server listening on port 48047"}
{"level":30,"time":1629038931750,"pid":5897,"hostname":"fv-az74-944","name":"@waytrade/microservice-core","msg":"API Server started at port 48047"}
{"level":20,"time":1629038931751,"pid":5897,"hostname":"fv-az74-944","name":"@waytrade/microservice-core","msg":"HTTP Server on port 48047 stopped"}
{"level":30,"time":1629038931751,"pid":5897,"hostname":"fv-az74-944","name":"@waytrade/microservice-core","msg":"App stopped."}
{"level":30,"time":1629038931752,"pid":5897,"hostname":"fv-az74-944","name":"@waytrade/microservice-core","msg":"Starting App..."}
{"level":20,"time":1629038931752,"pid":5897,"hostname":"fv-az74-944","name":"@waytrade/microservice-core","msg":"Starting HTTP Server on port 0"}
{"level":20,"time":1629038931753,"pid":5897,"hostname":"fv-az74-944","name":"@waytrade/microservice-core","msg":"HTTP Server listening on port 54007"}
{"level":30,"time":1629038931753,"pid":5897,"hostname":"fv-az74-944","name":"@waytrade/microservice-core","msg":"API Server started at port 54007"}
{"level":20,"time":1629038931753,"pid":5897,"hostname":"fv-az74-944","name":"@waytrade/microservice-core","msg":"HTTP Server on port 54007 stopped"}
{"level":30,"time":1629038931753,"pid":5897,"hostname":"fv-az74-944","name":"@waytrade/microservice-core","msg":"App stopped."}
{"level":30,"time":1629038931754,"pid":5897,"hostname":"fv-az74-944","name":"@waytrade/microservice-core","msg":"Starting App..."}
{"level":20,"time":1629038931754,"pid":5897,"hostname":"fv-az74-944","name":"@waytrade/microservice-core","msg":"Starting HTTP Server on port 0"}
{"level":20,"time":1629038931754,"pid":5897,"hostname":"fv-az74-944","name":"@waytrade/microservice-core","msg":"HTTP Server listening on port 40447"}
{"level":30,"time":1629038931754,"pid":5897,"hostname":"fv-az74-944","name":"@waytrade/microservice-core","msg":"API Server started at port 40447"}
{"level":20,"time":1629038931755,"pid":5897,"hostname":"fv-az74-944","name":"@waytrade/microservice-core","msg":"HTTP Server on port 40447 stopped"}
{"level":30,"time":1629038931755,"pid":5897,"hostname":"fv-az74-944","name":"@waytrade/microservice-core","msg":"App stopped."}
{"level":30,"time":1629038931756,"pid":5897,"hostname":"fv-az74-944","name":"@waytrade/microservice-core","msg":"Starting App..."}
{"level":20,"time":1629038931756,"pid":5897,"hostname":"fv-az74-944","name":"@waytrade/microservice-core","msg":"Starting HTTP Server on port 0"}
{"level":20,"time":1629038931756,"pid":5897,"hostname":"fv-az74-944","name":"@waytrade/microservice-core","msg":"HTTP Server listening on port 48423"}
{"level":30,"time":1629038931756,"pid":5897,"hostname":"fv-az74-944","name":"@waytrade/microservice-core","msg":"API Server started at port 48423"}
{"level":20,"time":1629038931757,"pid":5897,"hostname":"fv-az74-944","name":"@waytrade/microservice-core","msg":"HTTP Server on port 48423 stopped"}
{"level":30,"time":1629038931757,"pid":5897,"hostname":"fv-az74-944","name":"@waytrade/microservice-core","msg":"App stopped."}
{"level":30,"time":1629038932024,"pid":5897,"hostname":"fv-az74-944","name":"@waytrade/microservice-core","msg":"Starting App..."}
{"level":20,"time":1629038932024,"pid":5897,"hostname":"fv-az74-944","name":"@waytrade/microservice-core","msg":"Starting HTTP Server on port 0"}
{"level":20,"time":1629038932025,"pid":5897,"hostname":"fv-az74-944","name":"@waytrade/microservice-core","msg":"HTTP Server listening on port 51025"}
{"level":30,"time":1629038932025,"pid":5897,"hostname":"fv-az74-944","name":"@waytrade/microservice-core","msg":"API Server started at port 51025"}
{"level":20,"time":1629038932025,"pid":5897,"hostname":"fv-az74-944","name":"@waytrade/microservice-core","msg":"HTTP Server on port 51025 stopped"}
{"level":30,"time":1629038932025,"pid":5897,"hostname":"fv-az74-944","name":"@waytrade/microservice-core","msg":"App stopped."}
{"level":30,"time":1629038932026,"pid":5897,"hostname":"fv-az74-944","name":"@waytrade/microservice-core","msg":"Starting App..."}
{"level":20,"time":1629038932027,"pid":5897,"hostname":"fv-az74-944","name":"@waytrade/microservice-core","msg":"Starting HTTP Server on port 0"}
{"level":20,"time":1629038932027,"pid":5897,"hostname":"fv-az74-944","name":"@waytrade/microservice-core","msg":"HTTP Server listening on port 53107"}
{"level":30,"time":1629038932027,"pid":5897,"hostname":"fv-az74-944","name":"@waytrade/microservice-core","msg":"API Server started at port 53107"}
{"level":20,"time":1629038932027,"pid":5897,"hostname":"fv-az74-944","name":"@waytrade/microservice-core","msg":"HTTP Server on port 53107 stopped"}
{"level":30,"time":1629038932027,"pid":5897,"hostname":"fv-az74-944","name":"@waytrade/microservice-core","msg":"App stopped."}
{"level":30,"time":1629038932028,"pid":5897,"hostname":"fv-az74-944","name":"@waytrade/microservice-core","msg":"Starting App..."}
{"level":20,"time":1629038932028,"pid":5897,"hostname":"fv-az74-944","name":"@waytrade/microservice-core","msg":"Starting HTTP Server on port 0"}
{"level":20,"time":1629038932029,"pid":5897,"hostname":"fv-az74-944","name":"@waytrade/microservice-core","msg":"HTTP Server listening on port 41759"}
{"level":30,"time":1629038932029,"pid":5897,"hostname":"fv-az74-944","name":"@waytrade/microservice-core","msg":"API Server started at port 41759"}
{"level":20,"time":1629038932029,"pid":5897,"hostname":"fv-az74-944","name":"@waytrade/microservice-core","msg":"HTTP Server on port 41759 stopped"}
{"level":30,"time":1629038932029,"pid":5897,"hostname":"fv-az74-944","name":"@waytrade/microservice-core","msg":"App stopped."}
{"level":30,"time":1629038932030,"pid":5897,"hostname":"fv-az74-944","name":"@waytrade/microservice-core","msg":"Starting App..."}
{"level":20,"time":1629038932030,"pid":5897,"hostname":"fv-az74-944","name":"@waytrade/microservice-core","msg":"Starting HTTP Server on port 0"}
{"level":20,"time":1629038932030,"pid":5897,"hostname":"fv-az74-944","name":"@waytrade/microservice-core","msg":"HTTP Server listening on port 57275"}
{"level":30,"time":1629038932030,"pid":5897,"hostname":"fv-az74-944","name":"@waytrade/microservice-core","msg":"API Server started at port 57275"}
{"level":20,"time":1629038932031,"pid":5897,"hostname":"fv-az74-944","name":"@waytrade/microservice-core","msg":"HTTP Server on port 57275 stopped"}
{"level":30,"time":1629038932031,"pid":5897,"hostname":"fv-az74-944","name":"@waytrade/microservice-core","msg":"App stopped."}
{"level":30,"time":1629038932528,"pid":5897,"hostname":"fv-az74-944","name":"@waytrade/microservice-core","msg":"Starting App..."}
{"level":20,"time":1629038932528,"pid":5897,"hostname":"fv-az74-944","name":"@waytrade/microservice-core","msg":"Starting HTTP Server on port 0"}
{"level":20,"time":1629038932529,"pid":5897,"hostname":"fv-az74-944","name":"@waytrade/microservice-core","msg":"HTTP Server listening on port 53439"}
{"level":30,"time":1629038932529,"pid":5897,"hostname":"fv-az74-944","name":"@waytrade/microservice-core","msg":"API Server started at port 53439"}
{"level":20,"time":1629038932530,"pid":5897,"hostname":"fv-az74-944","name":"@waytrade/microservice-core","msg":"HTTP Server on port 53439 stopped"}
{"level":30,"time":1629038932530,"pid":5897,"hostname":"fv-az74-944","name":"@waytrade/microservice-core","msg":"App stopped."}
{"level":30,"time":1629038932531,"pid":5897,"hostname":"fv-az74-944","name":"@waytrade/microservice-core","msg":"Starting App..."}
{"level":20,"time":1629038932532,"pid":5897,"hostname":"fv-az74-944","name":"@waytrade/microservice-core","msg":"Starting HTTP Server on port 0"}
{"level":20,"time":1629038932532,"pid":5897,"hostname":"fv-az74-944","name":"@waytrade/microservice-core","msg":"HTTP Server listening on port 50767"}
{"level":20,"time":1629038932532,"pid":5897,"hostname":"fv-az74-944","name":"@waytrade/microservice-core","msg":"HTTP Server on port 50767 stopped"}
{"level":30,"time":1629038932532,"pid":5897,"hostname":"fv-az74-944","name":"@waytrade/microservice-core","msg":"App stopped."}
{"level":30,"time":1629038932533,"pid":5897,"hostname":"fv-az74-944","name":"@waytrade/microservice-core","msg":"Starting App..."}
{"level":20,"time":1629038932533,"pid":5897,"hostname":"fv-az74-944","name":"@waytrade/microservice-core","msg":"Starting HTTP Server on port 0"}
{"level":20,"time":1629038932533,"pid":5897,"hostname":"fv-az74-944","name":"@waytrade/microservice-core","msg":"HTTP Server listening on port 38245"}
{"level":20,"time":1629038932534,"pid":5897,"hostname":"fv-az74-944","name":"@waytrade/microservice-core","msg":"HTTP Server on port 38245 stopped"}
{"level":30,"time":1629038932534,"pid":5897,"hostname":"fv-az74-944","name":"@waytrade/microservice-core","msg":"App stopped."}
{"level":20,"time":1629038932786,"pid":5897,"hostname":"fv-az74-944","name":"@waytrade/microservice-core","msg":"Starting HTTP Server on port 0"}
{"level":20,"time":1629038932786,"pid":5897,"hostname":"fv-az74-944","name":"@waytrade/microservice-core","msg":"HTTP Server listening on port 43155"}
{"level":20,"time":1629038932789,"pid":5897,"hostname":"fv-az74-944","name":"@waytrade/microservice-core","msg":"HTTP get /api/dummy/ -> 200 (1ms)"}
{"level":20,"time":1629038932790,"pid":5897,"hostname":"fv-az74-944","name":"@waytrade/microservice-core","msg":"HTTP Server on port 43155 stopped"}
