{"level":20,"time":1630020917583,"pid":6071,"hostname":"fv-az36-263","name":"@waytrade/microservice-core","msg":"Starting HTTP Server on port 0"}
{"level":20,"time":1630020917584,"pid":6071,"hostname":"fv-az36-263","name":"@waytrade/microservice-core","msg":"HTTP Server listening on port 48393"}
{"level":20,"time":1630020917604,"pid":6071,"hostname":"fv-az36-263","name":"@waytrade/microservice-core","msg":"HTTP get /openapi.json -> 200 (4ms)"}
{"level":20,"time":1630020917607,"pid":6071,"hostname":"fv-az36-263","name":"@waytrade/microservice-core","msg":"HTTP Server on port 48393 stopped"}
{"level":20,"time":1630020917609,"pid":6071,"hostname":"fv-az36-263","name":"@waytrade/microservice-core","msg":"Starting HTTP Server on port 0"}
{"level":20,"time":1630020917610,"pid":6071,"hostname":"fv-az36-263","name":"@waytrade/microservice-core","msg":"HTTP Server listening on port 56541"}
{"level":20,"time":1630020917612,"pid":6071,"hostname":"fv-az36-263","name":"@waytrade/microservice-core","msg":"HTTP get /openapi.json -> 200 (0ms)"}
{"level":20,"time":1630020917637,"pid":6071,"hostname":"fv-az36-263","name":"@waytrade/microservice-core","msg":"HTTP Server on port 56541 stopped"}
{"level":20,"time":1630020917638,"pid":6071,"hostname":"fv-az36-263","name":"@waytrade/microservice-core","msg":"Starting HTTP Server on port 0"}
{"level":20,"time":1630020917639,"pid":6071,"hostname":"fv-az36-263","name":"@waytrade/microservice-core","msg":"HTTP Server listening on port 47995"}
{"level":20,"time":1630020917640,"pid":6071,"hostname":"fv-az36-263","name":"@waytrade/microservice-core","msg":"Starting HTTP Server on port 0"}
{"level":20,"time":1630020917640,"pid":6071,"hostname":"fv-az36-263","name":"@waytrade/microservice-core","msg":"HTTP Server listening on port 50131"}
{"level":20,"time":1630020917642,"pid":6071,"hostname":"fv-az36-263","name":"@waytrade/microservice-core","msg":"HTTP get /openapi.json -> 200 (0ms)"}
{"level":20,"time":1630020917643,"pid":6071,"hostname":"fv-az36-263","name":"@waytrade/microservice-core","msg":"HTTP get / -> 200 (1ms)"}
{"level":20,"time":1630020917649,"pid":6071,"hostname":"fv-az36-263","name":"@waytrade/microservice-core","msg":"HTTP Server on port 47995 stopped"}
{"level":20,"time":1630020917650,"pid":6071,"hostname":"fv-az36-263","name":"@waytrade/microservice-core","msg":"HTTP Server on port 50131 stopped"}
{"level":20,"time":1630020917650,"pid":6071,"hostname":"fv-az36-263","name":"@waytrade/microservice-core","msg":"Starting HTTP Server on port 0"}
{"level":20,"time":1630020917650,"pid":6071,"hostname":"fv-az36-263","name":"@waytrade/microservice-core","msg":"HTTP Server listening on port 48947"}
{"level":20,"time":1630020917655,"pid":6071,"hostname":"fv-az36-263","name":"@waytrade/microservice-core","msg":"HTTP get /swagger-ui.css -> 200 (2ms)"}
{"level":20,"time":1630020917656,"pid":6071,"hostname":"fv-az36-263","name":"@waytrade/microservice-core","msg":"HTTP Server on port 48947 stopped"}
{"level":20,"time":1630020917657,"pid":6071,"hostname":"fv-az36-263","name":"@waytrade/microservice-core","msg":"Starting HTTP Server on port 0"}
{"level":20,"time":1630020917657,"pid":6071,"hostname":"fv-az36-263","name":"@waytrade/microservice-core","msg":"HTTP Server listening on port 55673"}
{"level":20,"time":1630020917667,"pid":6071,"hostname":"fv-az36-263","name":"@waytrade/microservice-core","msg":"HTTP get /swagger-ui-bundle.js -> 200 (9ms)"}
{"level":20,"time":1630020917672,"pid":6071,"hostname":"fv-az36-263","name":"@waytrade/microservice-core","msg":"HTTP Server on port 55673 stopped"}
{"level":20,"time":1630020917673,"pid":6071,"hostname":"fv-az36-263","name":"@waytrade/microservice-core","msg":"Starting HTTP Server on port 0"}
{"level":20,"time":1630020917673,"pid":6071,"hostname":"fv-az36-263","name":"@waytrade/microservice-core","msg":"HTTP Server listening on port 41085"}
{"level":20,"time":1630020917678,"pid":6071,"hostname":"fv-az36-263","name":"@waytrade/microservice-core","msg":"HTTP get /swagger-ui-standalone-preset.js -> 200 (4ms)"}
{"level":20,"time":1630020917679,"pid":6071,"hostname":"fv-az36-263","name":"@waytrade/microservice-core","msg":"HTTP Server on port 41085 stopped"}
{"level":20,"time":1630020918519,"pid":6071,"hostname":"fv-az36-263","name":"@waytrade/microservice-core","msg":"Starting HTTP Server on port 0"}
{"level":20,"time":1630020918519,"pid":6071,"hostname":"fv-az36-263","name":"@waytrade/microservice-core","msg":"HTTP Server listening on port 44585"}
{"level":20,"time":1630020918563,"pid":6071,"hostname":"fv-az36-263","name":"@waytrade/microservice-core","msg":"HTTP Server on port 44585 stopped"}
{"level":20,"time":1630020918564,"pid":6071,"hostname":"fv-az36-263","name":"@waytrade/microservice-core","msg":"Starting HTTP Server on port 0"}
{"level":20,"time":1630020918564,"pid":6071,"hostname":"fv-az36-263","name":"@waytrade/microservice-core","msg":"HTTP Server listening on port 47431"}
{"level":20,"time":1630020918568,"pid":6071,"hostname":"fv-az36-263","name":"@waytrade/microservice-core","msg":"HTTP Server on port 47431 stopped"}
{"level":20,"time":1630020918569,"pid":6071,"hostname":"fv-az36-263","name":"@waytrade/microservice-core","msg":"Starting HTTP Server on port 0"}
{"level":20,"time":1630020918569,"pid":6071,"hostname":"fv-az36-263","name":"@waytrade/microservice-core","msg":"HTTP Server listening on port 38667"}
{"level":20,"time":1630020918576,"pid":6071,"hostname":"fv-az36-263","name":"@waytrade/microservice-core","msg":"HTTP Server on port 38667 stopped"}
{"level":20,"time":1630020918577,"pid":6071,"hostname":"fv-az36-263","name":"@waytrade/microservice-core","msg":"Starting HTTP Server on port 0"}
{"level":20,"time":1630020918577,"pid":6071,"hostname":"fv-az36-263","name":"@waytrade/microservice-core","msg":"HTTP Server listening on port 52419"}
{"level":20,"time":1630020928582,"pid":6071,"hostname":"fv-az36-263","name":"@waytrade/microservice-core","msg":"HTTP Server on port 52419 stopped"}
{"level":20,"time":1630020928583,"pid":6071,"hostname":"fv-az36-263","name":"@waytrade/microservice-core","msg":"Starting HTTP Server on port 0"}
{"level":20,"time":1630020928583,"pid":6071,"hostname":"fv-az36-263","name":"@waytrade/microservice-core","msg":"HTTP Server listening on port 36401"}
{"level":20,"time":1630020928585,"pid":6071,"hostname":"fv-az36-263","name":"@waytrade/microservice-core","msg":"HTTP Server on port 36401 stopped"}
{"level":20,"time":1630020928589,"pid":6071,"hostname":"fv-az36-263","name":"@waytrade/microservice-core","msg":"Starting HTTP Server on port 0"}
{"level":20,"time":1630020928589,"pid":6071,"hostname":"fv-az36-263","name":"@waytrade/microservice-core","msg":"HTTP Server listening on port 52855"}
{"level":20,"time":1630020928591,"pid":6071,"hostname":"fv-az36-263","name":"@waytrade/microservice-core","msg":"HTTP Server on port 52855 stopped"}
{"level":20,"time":1630020930594,"pid":6071,"hostname":"fv-az36-263","name":"@waytrade/microservice-core","msg":"Starting HTTP Server on port 0"}
{"level":20,"time":1630020930594,"pid":6071,"hostname":"fv-az36-263","name":"@waytrade/microservice-core","msg":"HTTP Server listening on port 50263"}
{"level":20,"time":1630020930599,"pid":6071,"hostname":"fv-az36-263","name":"@waytrade/microservice-core","msg":"HTTP Server on port 50263 stopped"}
{"level":20,"time":1630020930600,"pid":6071,"hostname":"fv-az36-263","name":"@waytrade/microservice-core","msg":"Starting HTTP Server on port 0"}
{"level":20,"time":1630020930600,"pid":6071,"hostname":"fv-az36-263","name":"@waytrade/microservice-core","msg":"HTTP Server listening on port 38141"}
{"level":20,"time":1630020930603,"pid":6071,"hostname":"fv-az36-263","name":"@waytrade/microservice-core","msg":"HTTP Server on port 38141 stopped"}
{"level":20,"time":1630020930604,"pid":6071,"hostname":"fv-az36-263","name":"@waytrade/microservice-core","msg":"Starting HTTP Server on port 0"}
{"level":20,"time":1630020930604,"pid":6071,"hostname":"fv-az36-263","name":"@waytrade/microservice-core","msg":"HTTP Server listening on port 42959"}
{"level":20,"time":1630020930607,"pid":6071,"hostname":"fv-az36-263","name":"@waytrade/microservice-core","msg":"HTTP Server on port 42959 stopped"}
{"level":20,"time":1630020930607,"pid":6071,"hostname":"fv-az36-263","name":"@waytrade/microservice-core","msg":"Starting HTTP Server on port 0"}
{"level":20,"time":1630020930608,"pid":6071,"hostname":"fv-az36-263","name":"@waytrade/microservice-core","msg":"HTTP Server listening on port 56301"}
{"level":20,"time":1630020932609,"pid":6071,"hostname":"fv-az36-263","name":"@waytrade/microservice-core","msg":"HTTP Server on port 56301 stopped"}
{"level":20,"time":1630020932610,"pid":6071,"hostname":"fv-az36-263","name":"@waytrade/microservice-core","msg":"Starting HTTP Server on port 0"}
{"level":20,"time":1630020932610,"pid":6071,"hostname":"fv-az36-263","name":"@waytrade/microservice-core","msg":"HTTP Server listening on port 34071"}
{"level":20,"time":1630020932615,"pid":6071,"hostname":"fv-az36-263","name":"@waytrade/microservice-core","msg":"HTTP Server on port 34071 stopped"}
{"level":20,"time":1630020932616,"pid":6071,"hostname":"fv-az36-263","name":"@waytrade/microservice-core","msg":"Starting HTTP Server on port 0"}
{"level":20,"time":1630020932616,"pid":6071,"hostname":"fv-az36-263","name":"@waytrade/microservice-core","msg":"HTTP Server listening on port 53915"}
{"level":20,"time":1630020932625,"pid":6071,"hostname":"fv-az36-263","name":"@waytrade/microservice-core","msg":"HTTP Server on port 53915 stopped"}
{"level":20,"time":1630020932626,"pid":6071,"hostname":"fv-az36-263","name":"@waytrade/microservice-core","msg":"Starting HTTP Server on port 0"}
{"level":20,"time":1630020932626,"pid":6071,"hostname":"fv-az36-263","name":"@waytrade/microservice-core","msg":"HTTP Server listening on port 53185"}
{"level":20,"time":1630020932627,"pid":6071,"hostname":"fv-az36-263","name":"@waytrade/microservice-core","msg":"HTTP Server on port 53185 stopped"}
{"level":20,"time":1630020934628,"pid":6071,"hostname":"fv-az36-263","name":"@waytrade/microservice-core","msg":"Starting HTTP Server on port 0"}
{"level":20,"time":1630020934628,"pid":6071,"hostname":"fv-az36-263","name":"@waytrade/microservice-core","msg":"HTTP Server listening on port 50005"}
{"level":20,"time":1630020934632,"pid":6071,"hostname":"fv-az36-263","name":"@waytrade/microservice-core","msg":"HTTP Server on port 50005 stopped"}
{"level":30,"time":1630020935785,"pid":6071,"hostname":"fv-az36-263","name":"@waytrade/microservice-core","msg":"Starting App..."}
{"level":20,"time":1630020935785,"pid":6071,"hostname":"fv-az36-263","name":"@waytrade/microservice-core","msg":"Starting HTTP Server on port 0"}
{"level":20,"time":1630020935786,"pid":6071,"hostname":"fv-az36-263","name":"@waytrade/microservice-core","msg":"HTTP Server listening on port 54989"}
{"level":20,"time":1630020935786,"pid":6071,"hostname":"fv-az36-263","name":"@waytrade/microservice-core","msg":"Starting HTTP Server on port 0"}
{"level":20,"time":1630020935786,"pid":6071,"hostname":"fv-az36-263","name":"@waytrade/microservice-core","msg":"HTTP Server listening on port 54685"}
{"level":30,"time":1630020935786,"pid":6071,"hostname":"fv-az36-263","name":"@waytrade/microservice-core","msg":"API Server started at port 54989"}
{"level":30,"time":1630020935786,"pid":6071,"hostname":"fv-az36-263","name":"@waytrade/microservice-core","msg":"Webhook Callback Server started at port 54685"}
{"level":20,"time":1630020935790,"pid":6071,"hostname":"fv-az36-263","name":"@waytrade/microservice-core","msg":"HTTP post /subscribe -> 400 (0ms)"}
{"level":20,"time":1630020935791,"pid":6071,"hostname":"fv-az36-263","name":"@waytrade/microservice-core","msg":"HTTP Server on port 54989 stopped"}
{"level":20,"time":1630020935791,"pid":6071,"hostname":"fv-az36-263","name":"@waytrade/microservice-core","msg":"HTTP Server on port 54685 stopped"}
{"level":30,"time":1630020935791,"pid":6071,"hostname":"fv-az36-263","name":"@waytrade/microservice-core","msg":"App stopped."}
{"level":30,"time":1630020935793,"pid":6071,"hostname":"fv-az36-263","name":"@waytrade/microservice-core","msg":"Starting App..."}
{"level":20,"time":1630020935793,"pid":6071,"hostname":"fv-az36-263","name":"@waytrade/microservice-core","msg":"Starting HTTP Server on port 0"}
{"level":20,"time":1630020935793,"pid":6071,"hostname":"fv-az36-263","name":"@waytrade/microservice-core","msg":"HTTP Server listening on port 39669"}
{"level":20,"time":1630020935793,"pid":6071,"hostname":"fv-az36-263","name":"@waytrade/microservice-core","msg":"Starting HTTP Server on port 0"}
{"level":20,"time":1630020935793,"pid":6071,"hostname":"fv-az36-263","name":"@waytrade/microservice-core","msg":"HTTP Server listening on port 46451"}
{"level":30,"time":1630020935793,"pid":6071,"hostname":"fv-az36-263","name":"@waytrade/microservice-core","msg":"API Server started at port 39669"}
{"level":30,"time":1630020935793,"pid":6071,"hostname":"fv-az36-263","name":"@waytrade/microservice-core","msg":"Webhook Callback Server started at port 46451"}
{"level":20,"time":1630020935795,"pid":6071,"hostname":"fv-az36-263","name":"@waytrade/microservice-core","msg":"HTTP post /subscribe -> 201 (0ms)"}
{"level":20,"time":1630020935797,"pid":6071,"hostname":"fv-az36-263","name":"@waytrade/microservice-core","msg":"HTTP post /subscribe -> 204 (0ms)"}
{"level":20,"time":1630020935797,"pid":6071,"hostname":"fv-az36-263","name":"@waytrade/microservice-core","msg":"HTTP Server on port 39669 stopped"}
{"level":20,"time":1630020935798,"pid":6071,"hostname":"fv-az36-263","name":"@waytrade/microservice-core","msg":"HTTP Server on port 46451 stopped"}
{"level":30,"time":1630020935798,"pid":6071,"hostname":"fv-az36-263","name":"@waytrade/microservice-core","msg":"App stopped."}
{"level":30,"time":1630020935799,"pid":6071,"hostname":"fv-az36-263","name":"@waytrade/microservice-core","msg":"Starting App..."}
{"level":20,"time":1630020935799,"pid":6071,"hostname":"fv-az36-263","name":"@waytrade/microservice-core","msg":"Starting HTTP Server on port 0"}
{"level":20,"time":1630020935799,"pid":6071,"hostname":"fv-az36-263","name":"@waytrade/microservice-core","msg":"HTTP Server listening on port 42393"}
{"level":20,"time":1630020935799,"pid":6071,"hostname":"fv-az36-263","name":"@waytrade/microservice-core","msg":"Starting HTTP Server on port 0"}
{"level":20,"time":1630020935799,"pid":6071,"hostname":"fv-az36-263","name":"@waytrade/microservice-core","msg":"HTTP Server listening on port 58959"}
{"level":30,"time":1630020935799,"pid":6071,"hostname":"fv-az36-263","name":"@waytrade/microservice-core","msg":"API Server started at port 42393"}
{"level":30,"time":1630020935799,"pid":6071,"hostname":"fv-az36-263","name":"@waytrade/microservice-core","msg":"Webhook Callback Server started at port 58959"}
{"level":20,"time":1630020935800,"pid":6071,"hostname":"fv-az36-263","name":"@waytrade/microservice-core","msg":"HTTP post /subscribe -> 201 (0ms)"}
{"level":20,"time":1630020935802,"pid":6071,"hostname":"fv-az36-263","name":"@waytrade/microservice-core","msg":"HTTP post /subscribe -> 201 (0ms)"}
{"level":20,"time":1630020935802,"pid":6071,"hostname":"fv-az36-263","name":"@waytrade/microservice-core","msg":"HTTP Server on port 42393 stopped"}
{"level":20,"time":1630020935802,"pid":6071,"hostname":"fv-az36-263","name":"@waytrade/microservice-core","msg":"HTTP Server on port 58959 stopped"}
{"level":30,"time":1630020935802,"pid":6071,"hostname":"fv-az36-263","name":"@waytrade/microservice-core","msg":"App stopped."}
{"level":30,"time":1630020935803,"pid":6071,"hostname":"fv-az36-263","name":"@waytrade/microservice-core","msg":"Starting App..."}
{"level":20,"time":1630020935804,"pid":6071,"hostname":"fv-az36-263","name":"@waytrade/microservice-core","msg":"Starting HTTP Server on port 0"}
{"level":20,"time":1630020935804,"pid":6071,"hostname":"fv-az36-263","name":"@waytrade/microservice-core","msg":"HTTP Server listening on port 59257"}
{"level":20,"time":1630020935804,"pid":6071,"hostname":"fv-az36-263","name":"@waytrade/microservice-core","msg":"Starting HTTP Server on port 0"}
{"level":20,"time":1630020935804,"pid":6071,"hostname":"fv-az36-263","name":"@waytrade/microservice-core","msg":"HTTP Server listening on port 33567"}
{"level":30,"time":1630020935804,"pid":6071,"hostname":"fv-az36-263","name":"@waytrade/microservice-core","msg":"API Server started at port 59257"}
{"level":30,"time":1630020935804,"pid":6071,"hostname":"fv-az36-263","name":"@waytrade/microservice-core","msg":"Webhook Callback Server started at port 33567"}
{"level":20,"time":1630020935805,"pid":6071,"hostname":"fv-az36-263","name":"@waytrade/microservice-core","msg":"HTTP post /subscribe -> 201 (0ms)"}
{"level":20,"time":1630020935807,"pid":6071,"hostname":"fv-az36-263","name":"@waytrade/microservice-core","msg":"HTTP post /unsubscribe -> 200 (1ms)"}
{"level":20,"time":1630020935807,"pid":6071,"hostname":"fv-az36-263","name":"@waytrade/microservice-core","msg":"HTTP Server on port 59257 stopped"}
{"level":20,"time":1630020935807,"pid":6071,"hostname":"fv-az36-263","name":"@waytrade/microservice-core","msg":"HTTP Server on port 33567 stopped"}
{"level":30,"time":1630020935807,"pid":6071,"hostname":"fv-az36-263","name":"@waytrade/microservice-core","msg":"App stopped."}
{"level":30,"time":1630020935808,"pid":6071,"hostname":"fv-az36-263","name":"@waytrade/microservice-core","msg":"Starting App..."}
{"level":20,"time":1630020935808,"pid":6071,"hostname":"fv-az36-263","name":"@waytrade/microservice-core","msg":"Starting HTTP Server on port 0"}
{"level":20,"time":1630020935809,"pid":6071,"hostname":"fv-az36-263","name":"@waytrade/microservice-core","msg":"HTTP Server listening on port 45685"}
{"level":20,"time":1630020935809,"pid":6071,"hostname":"fv-az36-263","name":"@waytrade/microservice-core","msg":"Starting HTTP Server on port 0"}
{"level":20,"time":1630020935809,"pid":6071,"hostname":"fv-az36-263","name":"@waytrade/microservice-core","msg":"HTTP Server listening on port 50777"}
{"level":30,"time":1630020935809,"pid":6071,"hostname":"fv-az36-263","name":"@waytrade/microservice-core","msg":"API Server started at port 45685"}
{"level":30,"time":1630020935809,"pid":6071,"hostname":"fv-az36-263","name":"@waytrade/microservice-core","msg":"Webhook Callback Server started at port 50777"}
{"level":20,"time":1630020935810,"pid":6071,"hostname":"fv-az36-263","name":"@waytrade/microservice-core","msg":"HTTP post /unsubscribe -> 400 (0ms)"}
{"level":20,"time":1630020935810,"pid":6071,"hostname":"fv-az36-263","name":"@waytrade/microservice-core","msg":"HTTP Server on port 45685 stopped"}
{"level":20,"time":1630020935810,"pid":6071,"hostname":"fv-az36-263","name":"@waytrade/microservice-core","msg":"HTTP Server on port 50777 stopped"}
{"level":30,"time":1630020935810,"pid":6071,"hostname":"fv-az36-263","name":"@waytrade/microservice-core","msg":"App stopped."}
{"level":30,"time":1630020935811,"pid":6071,"hostname":"fv-az36-263","name":"@waytrade/microservice-core","msg":"Starting App..."}
{"level":20,"time":1630020935811,"pid":6071,"hostname":"fv-az36-263","name":"@waytrade/microservice-core","msg":"Starting HTTP Server on port 0"}
{"level":20,"time":1630020935812,"pid":6071,"hostname":"fv-az36-263","name":"@waytrade/microservice-core","msg":"HTTP Server listening on port 34359"}
{"level":20,"time":1630020935812,"pid":6071,"hostname":"fv-az36-263","name":"@waytrade/microservice-core","msg":"Starting HTTP Server on port 0"}
{"level":20,"time":1630020935812,"pid":6071,"hostname":"fv-az36-263","name":"@waytrade/microservice-core","msg":"HTTP Server listening on port 60601"}
{"level":30,"time":1630020935812,"pid":6071,"hostname":"fv-az36-263","name":"@waytrade/microservice-core","msg":"API Server started at port 34359"}
{"level":30,"time":1630020935812,"pid":6071,"hostname":"fv-az36-263","name":"@waytrade/microservice-core","msg":"Webhook Callback Server started at port 60601"}
{"level":20,"time":1630020935813,"pid":6071,"hostname":"fv-az36-263","name":"@waytrade/microservice-core","msg":"HTTP post /unsubscribe -> 404 (0ms)"}
{"level":20,"time":1630020935813,"pid":6071,"hostname":"fv-az36-263","name":"@waytrade/microservice-core","msg":"HTTP Server on port 34359 stopped"}
{"level":20,"time":1630020935814,"pid":6071,"hostname":"fv-az36-263","name":"@waytrade/microservice-core","msg":"HTTP Server on port 60601 stopped"}
{"level":30,"time":1630020935814,"pid":6071,"hostname":"fv-az36-263","name":"@waytrade/microservice-core","msg":"App stopped."}
{"level":30,"time":1630020935814,"pid":6071,"hostname":"fv-az36-263","name":"@waytrade/microservice-core","msg":"Starting App..."}
{"level":20,"time":1630020935815,"pid":6071,"hostname":"fv-az36-263","name":"@waytrade/microservice-core","msg":"Starting HTTP Server on port 0"}
{"level":20,"time":1630020935815,"pid":6071,"hostname":"fv-az36-263","name":"@waytrade/microservice-core","msg":"HTTP Server listening on port 35687"}
{"level":20,"time":1630020935815,"pid":6071,"hostname":"fv-az36-263","name":"@waytrade/microservice-core","msg":"Starting HTTP Server on port 0"}
{"level":20,"time":1630020935815,"pid":6071,"hostname":"fv-az36-263","name":"@waytrade/microservice-core","msg":"HTTP Server listening on port 38037"}
{"level":30,"time":1630020935815,"pid":6071,"hostname":"fv-az36-263","name":"@waytrade/microservice-core","msg":"API Server started at port 35687"}
{"level":30,"time":1630020935815,"pid":6071,"hostname":"fv-az36-263","name":"@waytrade/microservice-core","msg":"Webhook Callback Server started at port 38037"}
{"level":20,"time":1630020935816,"pid":6071,"hostname":"fv-az36-263","name":"@waytrade/microservice-core","msg":"HTTP post /subscribe -> 201 (0ms)"}
{"level":20,"time":1630020935820,"pid":6071,"hostname":"fv-az36-263","name":"@waytrade/microservice-core","msg":"HTTP Server on port 35687 stopped"}
{"level":20,"time":1630020935820,"pid":6071,"hostname":"fv-az36-263","name":"@waytrade/microservice-core","msg":"HTTP Server on port 38037 stopped"}
{"level":30,"time":1630020935820,"pid":6071,"hostname":"fv-az36-263","name":"@waytrade/microservice-core","msg":"App stopped."}
{"level":20,"time":1630020935820,"pid":6071,"hostname":"fv-az36-263","name":"@waytrade/microservice-core","msg":"HTTP post /callback -> 200 (0ms)"}
{"level":30,"time":1630020935821,"pid":6071,"hostname":"fv-az36-263","name":"@waytrade/microservice-core","msg":"Starting App..."}
{"level":20,"time":1630020935821,"pid":6071,"hostname":"fv-az36-263","name":"@waytrade/microservice-core","msg":"Starting HTTP Server on port 0"}
{"level":20,"time":1630020935822,"pid":6071,"hostname":"fv-az36-263","name":"@waytrade/microservice-core","msg":"HTTP Server listening on port 57399"}
{"level":20,"time":1630020935822,"pid":6071,"hostname":"fv-az36-263","name":"@waytrade/microservice-core","msg":"Starting HTTP Server on port 0"}
{"level":20,"time":1630020935822,"pid":6071,"hostname":"fv-az36-263","name":"@waytrade/microservice-core","msg":"HTTP Server listening on port 46697"}
{"level":30,"time":1630020935822,"pid":6071,"hostname":"fv-az36-263","name":"@waytrade/microservice-core","msg":"API Server started at port 57399"}
{"level":30,"time":1630020935822,"pid":6071,"hostname":"fv-az36-263","name":"@waytrade/microservice-core","msg":"Webhook Callback Server started at port 46697"}
{"level":20,"time":1630020935823,"pid":6071,"hostname":"fv-az36-263","name":"@waytrade/microservice-core","msg":"HTTP post /subscribe -> 201 (0ms)"}
{"level":20,"time":1630020935825,"pid":6071,"hostname":"fv-az36-263","name":"@waytrade/microservice-core","msg":"HTTP Server on port 57399 stopped"}
{"level":20,"time":1630020935825,"pid":6071,"hostname":"fv-az36-263","name":"@waytrade/microservice-core","msg":"HTTP Server on port 46697 stopped"}
{"level":30,"time":1630020935826,"pid":6071,"hostname":"fv-az36-263","name":"@waytrade/microservice-core","msg":"App stopped."}
{"level":20,"time":1630020935826,"pid":6071,"hostname":"fv-az36-263","name":"@waytrade/microservice-core","msg":"HTTP post /callback -> 200 (1ms)"}
{"level":30,"time":1630020935827,"pid":6071,"hostname":"fv-az36-263","name":"@waytrade/microservice-core","msg":"Starting App..."}
{"level":20,"time":1630020935827,"pid":6071,"hostname":"fv-az36-263","name":"@waytrade/microservice-core","msg":"Starting HTTP Server on port 0"}
{"level":20,"time":1630020935827,"pid":6071,"hostname":"fv-az36-263","name":"@waytrade/microservice-core","msg":"HTTP Server listening on port 46783"}
{"level":20,"time":1630020935827,"pid":6071,"hostname":"fv-az36-263","name":"@waytrade/microservice-core","msg":"Starting HTTP Server on port 0"}
{"level":20,"time":1630020935827,"pid":6071,"hostname":"fv-az36-263","name":"@waytrade/microservice-core","msg":"HTTP Server listening on port 34165"}
{"level":30,"time":1630020935827,"pid":6071,"hostname":"fv-az36-263","name":"@waytrade/microservice-core","msg":"API Server started at port 46783"}
{"level":30,"time":1630020935827,"pid":6071,"hostname":"fv-az36-263","name":"@waytrade/microservice-core","msg":"Webhook Callback Server started at port 34165"}
{"level":20,"time":1630020935828,"pid":6071,"hostname":"fv-az36-263","name":"@waytrade/microservice-core","msg":"HTTP post /subscribe -> 201 (0ms)"}
{"level":20,"time":1630020935831,"pid":6071,"hostname":"fv-az36-263","name":"@waytrade/microservice-core","msg":"HTTP post /callback -> 418 (1ms)"}
{"level":20,"time":1630020935832,"pid":6071,"hostname":"fv-az36-263","name":"@waytrade/microservice-core","msg":"HTTP post /subscribe -> 201 (0ms)"}
{"level":20,"time":1630020935832,"pid":6071,"hostname":"fv-az36-263","name":"@waytrade/microservice-core","msg":"HTTP Server on port 46783 stopped"}
{"level":20,"time":1630020935832,"pid":6071,"hostname":"fv-az36-263","name":"@waytrade/microservice-core","msg":"HTTP Server on port 34165 stopped"}
{"level":30,"time":1630020935832,"pid":6071,"hostname":"fv-az36-263","name":"@waytrade/microservice-core","msg":"App stopped."}
{"level":30,"time":1630020935833,"pid":6071,"hostname":"fv-az36-263","name":"@waytrade/microservice-core","msg":"Starting App..."}
{"level":20,"time":1630020935833,"pid":6071,"hostname":"fv-az36-263","name":"@waytrade/microservice-core","msg":"Starting HTTP Server on port 0"}
{"level":20,"time":1630020935833,"pid":6071,"hostname":"fv-az36-263","name":"@waytrade/microservice-core","msg":"HTTP Server listening on port 43355"}
{"level":20,"time":1630020935833,"pid":6071,"hostname":"fv-az36-263","name":"@waytrade/microservice-core","msg":"Starting HTTP Server on port 0"}
{"level":20,"time":1630020935834,"pid":6071,"hostname":"fv-az36-263","name":"@waytrade/microservice-core","msg":"HTTP Server listening on port 38937"}
{"level":30,"time":1630020935834,"pid":6071,"hostname":"fv-az36-263","name":"@waytrade/microservice-core","msg":"API Server started at port 43355"}
{"level":30,"time":1630020935834,"pid":6071,"hostname":"fv-az36-263","name":"@waytrade/microservice-core","msg":"Webhook Callback Server started at port 38937"}
{"level":20,"time":1630020935835,"pid":6071,"hostname":"fv-az36-263","name":"@waytrade/microservice-core","msg":"HTTP post /subscribe -> 201 (0ms)"}
{"level":20,"time":1630020935837,"pid":6071,"hostname":"fv-az36-263","name":"@waytrade/microservice-core","msg":"HTTP post /subscribe -> 201 (1ms)"}
{"level":20,"time":1630020935838,"pid":6071,"hostname":"fv-az36-263","name":"@waytrade/microservice-core","msg":"HTTP Server on port 43355 stopped"}
{"level":20,"time":1630020935838,"pid":6071,"hostname":"fv-az36-263","name":"@waytrade/microservice-core","msg":"HTTP Server on port 38937 stopped"}
{"level":30,"time":1630020935838,"pid":6071,"hostname":"fv-az36-263","name":"@waytrade/microservice-core","msg":"App stopped."}
{"level":20,"time":1630020936236,"pid":6071,"hostname":"fv-az36-263","name":"@waytrade/microservice-core","msg":"Starting HTTP Server on port 0"}
{"level":20,"time":1630020936236,"pid":6071,"hostname":"fv-az36-263","name":"@waytrade/microservice-core","msg":"HTTP Server listening on port 48491"}
{"level":20,"time":1630020936241,"pid":6071,"hostname":"fv-az36-263","name":"@waytrade/microservice-core","msg":"HTTP get /api/test/ -> 200 (1ms)"}
{"level":20,"time":1630020936242,"pid":6071,"hostname":"fv-az36-263","name":"@waytrade/microservice-core","msg":"HTTP Server on port 48491 stopped"}
{"level":20,"time":1630020936243,"pid":6071,"hostname":"fv-az36-263","name":"@waytrade/microservice-core","msg":"Starting HTTP Server on port 0"}
{"level":20,"time":1630020936243,"pid":6071,"hostname":"fv-az36-263","name":"@waytrade/microservice-core","msg":"HTTP Server listening on port 43909"}
{"level":20,"time":1630020936245,"pid":6071,"hostname":"fv-az36-263","name":"@waytrade/microservice-core","msg":"HTTP get /api/test/error -> 418 (0ms)"}
{"level":20,"time":1630020936246,"pid":6071,"hostname":"fv-az36-263","name":"@waytrade/microservice-core","msg":"HTTP Server on port 43909 stopped"}
{"level":20,"time":1630020936246,"pid":6071,"hostname":"fv-az36-263","name":"@waytrade/microservice-core","msg":"Starting HTTP Server on port 0"}
{"level":20,"time":1630020936247,"pid":6071,"hostname":"fv-az36-263","name":"@waytrade/microservice-core","msg":"HTTP Server listening on port 59455"}
{"level":20,"time":1630020936356,"pid":6071,"hostname":"fv-az36-263","name":"@waytrade/microservice-core","msg":"HTTP get /api/test/serverError -> 500 (108ms)"}
{"level":20,"time":1630020936385,"pid":6071,"hostname":"fv-az36-263","name":"@waytrade/microservice-core","msg":"HTTP Server on port 59455 stopped"}
{"level":20,"time":1630020936386,"pid":6071,"hostname":"fv-az36-263","name":"@waytrade/microservice-core","msg":"Starting HTTP Server on port 0"}
{"level":20,"time":1630020936387,"pid":6071,"hostname":"fv-az36-263","name":"@waytrade/microservice-core","msg":"HTTP Server listening on port 41309"}
{"level":20,"time":1630020936398,"pid":6071,"hostname":"fv-az36-263","name":"@waytrade/microservice-core","msg":"HTTP put /api/test/ -> 200 (1ms)"}
{"level":20,"time":1630020936399,"pid":6071,"hostname":"fv-az36-263","name":"@waytrade/microservice-core","msg":"HTTP Server on port 41309 stopped"}
{"level":20,"time":1630020936401,"pid":6071,"hostname":"fv-az36-263","name":"@waytrade/microservice-core","msg":"Starting HTTP Server on port 0"}
{"level":20,"time":1630020936402,"pid":6071,"hostname":"fv-az36-263","name":"@waytrade/microservice-core","msg":"HTTP Server listening on port 32783"}
{"level":20,"time":1630020936405,"pid":6071,"hostname":"fv-az36-263","name":"@waytrade/microservice-core","msg":"HTTP put /api/test/error -> 418 (1ms)"}
{"level":20,"time":1630020936429,"pid":6071,"hostname":"fv-az36-263","name":"@waytrade/microservice-core","msg":"HTTP Server on port 32783 stopped"}
{"level":20,"time":1630020936430,"pid":6071,"hostname":"fv-az36-263","name":"@waytrade/microservice-core","msg":"Starting HTTP Server on port 0"}
{"level":20,"time":1630020936430,"pid":6071,"hostname":"fv-az36-263","name":"@waytrade/microservice-core","msg":"HTTP Server listening on port 56009"}
{"level":20,"time":1630020936432,"pid":6071,"hostname":"fv-az36-263","name":"@waytrade/microservice-core","msg":"HTTP post /api/test/ -> 200 (0ms)"}
{"level":20,"time":1630020936433,"pid":6071,"hostname":"fv-az36-263","name":"@waytrade/microservice-core","msg":"HTTP Server on port 56009 stopped"}
{"level":20,"time":1630020936434,"pid":6071,"hostname":"fv-az36-263","name":"@waytrade/microservice-core","msg":"Starting HTTP Server on port 0"}
{"level":20,"time":1630020936434,"pid":6071,"hostname":"fv-az36-263","name":"@waytrade/microservice-core","msg":"HTTP Server listening on port 55697"}
{"level":20,"time":1630020936435,"pid":6071,"hostname":"fv-az36-263","name":"@waytrade/microservice-core","msg":"HTTP post /api/test/error -> 418 (0ms)"}
{"level":20,"time":1630020936435,"pid":6071,"hostname":"fv-az36-263","name":"@waytrade/microservice-core","msg":"HTTP Server on port 55697 stopped"}
{"level":20,"time":1630020936444,"pid":6071,"hostname":"fv-az36-263","name":"@waytrade/microservice-core","msg":"Starting HTTP Server on port 0"}
{"level":20,"time":1630020936444,"pid":6071,"hostname":"fv-az36-263","name":"@waytrade/microservice-core","msg":"HTTP Server listening on port 44831"}
{"level":20,"time":1630020936446,"pid":6071,"hostname":"fv-az36-263","name":"@waytrade/microservice-core","msg":"HTTP patch /api/test/ -> 200 (1ms)"}
{"level":20,"time":1630020936446,"pid":6071,"hostname":"fv-az36-263","name":"@waytrade/microservice-core","msg":"HTTP Server on port 44831 stopped"}
{"level":20,"time":1630020936447,"pid":6071,"hostname":"fv-az36-263","name":"@waytrade/microservice-core","msg":"Starting HTTP Server on port 0"}
{"level":20,"time":1630020936447,"pid":6071,"hostname":"fv-az36-263","name":"@waytrade/microservice-core","msg":"HTTP Server listening on port 59091"}
{"level":20,"time":1630020936448,"pid":6071,"hostname":"fv-az36-263","name":"@waytrade/microservice-core","msg":"HTTP patch /api/test/error -> 418 (0ms)"}
{"level":20,"time":1630020936449,"pid":6071,"hostname":"fv-az36-263","name":"@waytrade/microservice-core","msg":"HTTP Server on port 59091 stopped"}
{"level":20,"time":1630020936449,"pid":6071,"hostname":"fv-az36-263","name":"@waytrade/microservice-core","msg":"Starting HTTP Server on port 0"}
{"level":20,"time":1630020936449,"pid":6071,"hostname":"fv-az36-263","name":"@waytrade/microservice-core","msg":"HTTP Server listening on port 50017"}
{"level":20,"time":1630020936450,"pid":6071,"hostname":"fv-az36-263","name":"@waytrade/microservice-core","msg":"HTTP delete /api/test/ -> 200 (0ms)"}
{"level":20,"time":1630020936452,"pid":6071,"hostname":"fv-az36-263","name":"@waytrade/microservice-core","msg":"HTTP Server on port 50017 stopped"}
{"level":20,"time":1630020936452,"pid":6071,"hostname":"fv-az36-263","name":"@waytrade/microservice-core","msg":"Starting HTTP Server on port 0"}
{"level":20,"time":1630020936453,"pid":6071,"hostname":"fv-az36-263","name":"@waytrade/microservice-core","msg":"HTTP Server listening on port 60029"}
{"level":20,"time":1630020936454,"pid":6071,"hostname":"fv-az36-263","name":"@waytrade/microservice-core","msg":"HTTP delete /api/test/error -> 418 (1ms)"}
{"level":20,"time":1630020936454,"pid":6071,"hostname":"fv-az36-263","name":"@waytrade/microservice-core","msg":"HTTP Server on port 60029 stopped"}
{"level":20,"time":1630020936884,"pid":6071,"hostname":"fv-az36-263","name":"@waytrade/microservice-core","msg":"Starting HTTP Server on port 0"}
{"level":20,"time":1630020936885,"pid":6071,"hostname":"fv-az36-263","name":"@waytrade/microservice-core","msg":"HTTP Server listening on port 43669"}
{"level":20,"time":1630020936895,"pid":6071,"hostname":"fv-az36-263","name":"@waytrade/microservice-core","msg":"HTTP get /api/test/ -> 200 (0ms)"}
{"level":20,"time":1630020936896,"pid":6071,"hostname":"fv-az36-263","name":"@waytrade/microservice-core","msg":"HTTP Server on port 43669 stopped"}
{"level":20,"time":1630020936896,"pid":6071,"hostname":"fv-az36-263","name":"@waytrade/microservice-core","msg":"Starting HTTP Server on port 0"}
{"level":20,"time":1630020936897,"pid":6071,"hostname":"fv-az36-263","name":"@waytrade/microservice-core","msg":"HTTP Server listening on port 44919"}
{"level":20,"time":1630020936898,"pid":6071,"hostname":"fv-az36-263","name":"@waytrade/microservice-core","msg":"HTTP get /api/test/notImplemented -> 501 (0ms)"}
{"level":20,"time":1630020936899,"pid":6071,"hostname":"fv-az36-263","name":"@waytrade/microservice-core","msg":"HTTP Server on port 44919 stopped"}
{"level":20,"time":1630020936899,"pid":6071,"hostname":"fv-az36-263","name":"@waytrade/microservice-core","msg":"Starting HTTP Server on port 0"}
{"level":20,"time":1630020936900,"pid":6071,"hostname":"fv-az36-263","name":"@waytrade/microservice-core","msg":"HTTP Server listening on port 43543"}
{"level":20,"time":1630020936901,"pid":6071,"hostname":"fv-az36-263","name":"@waytrade/microservice-core","msg":"HTTP put /api/test/ -> 200 (0ms)"}
{"level":20,"time":1630020936902,"pid":6071,"hostname":"fv-az36-263","name":"@waytrade/microservice-core","msg":"HTTP Server on port 43543 stopped"}
{"level":20,"time":1630020936902,"pid":6071,"hostname":"fv-az36-263","name":"@waytrade/microservice-core","msg":"Starting HTTP Server on port 0"}
{"level":20,"time":1630020936902,"pid":6071,"hostname":"fv-az36-263","name":"@waytrade/microservice-core","msg":"HTTP Server listening on port 40285"}
{"level":20,"time":1630020936903,"pid":6071,"hostname":"fv-az36-263","name":"@waytrade/microservice-core","msg":"HTTP put /api/test/notImplemented -> 501 (0ms)"}
{"level":20,"time":1630020936904,"pid":6071,"hostname":"fv-az36-263","name":"@waytrade/microservice-core","msg":"HTTP Server on port 40285 stopped"}
{"level":20,"time":1630020936905,"pid":6071,"hostname":"fv-az36-263","name":"@waytrade/microservice-core","msg":"Starting HTTP Server on port 0"}
{"level":20,"time":1630020936905,"pid":6071,"hostname":"fv-az36-263","name":"@waytrade/microservice-core","msg":"HTTP Server listening on port 55777"}
{"level":20,"time":1630020936906,"pid":6071,"hostname":"fv-az36-263","name":"@waytrade/microservice-core","msg":"HTTP post /api/test/ -> 200 (0ms)"}
{"level":20,"time":1630020936907,"pid":6071,"hostname":"fv-az36-263","name":"@waytrade/microservice-core","msg":"HTTP Server on port 55777 stopped"}
{"level":20,"time":1630020936908,"pid":6071,"hostname":"fv-az36-263","name":"@waytrade/microservice-core","msg":"Starting HTTP Server on port 0"}
{"level":20,"time":1630020936908,"pid":6071,"hostname":"fv-az36-263","name":"@waytrade/microservice-core","msg":"HTTP Server listening on port 47609"}
{"level":20,"time":1630020936909,"pid":6071,"hostname":"fv-az36-263","name":"@waytrade/microservice-core","msg":"HTTP post /api/test/notImplemented -> 501 (0ms)"}
{"level":20,"time":1630020936910,"pid":6071,"hostname":"fv-az36-263","name":"@waytrade/microservice-core","msg":"HTTP Server on port 47609 stopped"}
{"level":20,"time":1630020936910,"pid":6071,"hostname":"fv-az36-263","name":"@waytrade/microservice-core","msg":"Starting HTTP Server on port 0"}
{"level":20,"time":1630020936910,"pid":6071,"hostname":"fv-az36-263","name":"@waytrade/microservice-core","msg":"HTTP Server listening on port 35247"}
{"level":20,"time":1630020936911,"pid":6071,"hostname":"fv-az36-263","name":"@waytrade/microservice-core","msg":"HTTP patch /api/test/ -> 200 (0ms)"}
{"level":20,"time":1630020936912,"pid":6071,"hostname":"fv-az36-263","name":"@waytrade/microservice-core","msg":"HTTP Server on port 35247 stopped"}
{"level":20,"time":1630020936913,"pid":6071,"hostname":"fv-az36-263","name":"@waytrade/microservice-core","msg":"Starting HTTP Server on port 0"}
{"level":20,"time":1630020936913,"pid":6071,"hostname":"fv-az36-263","name":"@waytrade/microservice-core","msg":"HTTP Server listening on port 56699"}
{"level":20,"time":1630020936914,"pid":6071,"hostname":"fv-az36-263","name":"@waytrade/microservice-core","msg":"HTTP post /api/test/notImplemented -> 501 (0ms)"}
{"level":20,"time":1630020936914,"pid":6071,"hostname":"fv-az36-263","name":"@waytrade/microservice-core","msg":"HTTP Server on port 56699 stopped"}
{"level":20,"time":1630020936915,"pid":6071,"hostname":"fv-az36-263","name":"@waytrade/microservice-core","msg":"Starting HTTP Server on port 0"}
{"level":20,"time":1630020936915,"pid":6071,"hostname":"fv-az36-263","name":"@waytrade/microservice-core","msg":"HTTP Server listening on port 46285"}
{"level":20,"time":1630020936917,"pid":6071,"hostname":"fv-az36-263","name":"@waytrade/microservice-core","msg":"HTTP delete /api/test/ -> 200 (1ms)"}
{"level":20,"time":1630020936917,"pid":6071,"hostname":"fv-az36-263","name":"@waytrade/microservice-core","msg":"HTTP Server on port 46285 stopped"}
{"level":20,"time":1630020936918,"pid":6071,"hostname":"fv-az36-263","name":"@waytrade/microservice-core","msg":"Starting HTTP Server on port 0"}
{"level":20,"time":1630020936918,"pid":6071,"hostname":"fv-az36-263","name":"@waytrade/microservice-core","msg":"HTTP Server listening on port 60665"}
{"level":20,"time":1630020936919,"pid":6071,"hostname":"fv-az36-263","name":"@waytrade/microservice-core","msg":"HTTP post /api/test/notImplemented -> 501 (0ms)"}
{"level":20,"time":1630020936920,"pid":6071,"hostname":"fv-az36-263","name":"@waytrade/microservice-core","msg":"HTTP Server on port 60665 stopped"}
{"level":20,"time":1630020937323,"pid":6071,"hostname":"fv-az36-263","name":"@waytrade/microservice-core","msg":"Debug message"}
{"level":30,"time":1630020937323,"pid":6071,"hostname":"fv-az36-263","name":"@waytrade/microservice-core","msg":"Info message"}
{"level":40,"time":1630020937323,"pid":6071,"hostname":"fv-az36-263","name":"@waytrade/microservice-core","msg":"Warning message"}
{"level":50,"time":1630020937323,"pid":6071,"hostname":"fv-az36-263","name":"@waytrade/microservice-core","msg":"Error message"}
{"level":30,"time":1630020937326,"pid":6071,"hostname":"fv-az36-263","name":"@waytrade/microservice-core","msg":"Info message"}
{"level":40,"time":1630020937326,"pid":6071,"hostname":"fv-az36-263","name":"@waytrade/microservice-core","msg":"Warning message"}
{"level":50,"time":1630020937326,"pid":6071,"hostname":"fv-az36-263","name":"@waytrade/microservice-core","msg":"Error message"}
{"level":40,"time":1630020937327,"pid":6071,"hostname":"fv-az36-263","name":"@waytrade/microservice-core","msg":"Warning message"}
{"level":50,"time":1630020937328,"pid":6071,"hostname":"fv-az36-263","name":"@waytrade/microservice-core","msg":"Error message"}
{"level":50,"time":1630020937329,"pid":6071,"hostname":"fv-az36-263","name":"@waytrade/microservice-core","msg":"Error message"}
{"level":20,"time":1630020937334,"pid":6071,"hostname":"fv-az36-263","name":"@waytrade/microservice-core","msg":"Debug message"}
{"level":30,"time":1630020937334,"pid":6071,"hostname":"fv-az36-263","name":"@waytrade/microservice-core","msg":"Info message"}
{"level":40,"time":1630020937335,"pid":6071,"hostname":"fv-az36-263","name":"@waytrade/microservice-core","msg":"Warning message"}
{"level":50,"time":1630020937335,"pid":6071,"hostname":"fv-az36-263","name":"@waytrade/microservice-core","msg":"Error message"}
{"level":20,"time":1630020938093,"pid":6071,"hostname":"fv-az36-263","name":"@waytrade/microservice-core","msg":"Starting HTTP Server on port 0"}
{"level":20,"time":1630020938094,"pid":6071,"hostname":"fv-az36-263","name":"@waytrade/microservice-core","msg":"HTTP Server listening on port 33499"}
{"level":20,"time":1630020938097,"pid":6071,"hostname":"fv-az36-263","name":"@waytrade/microservice-core","msg":"HTTP Server on port 33499 stopped"}
{"level":20,"time":1630020938097,"pid":6071,"hostname":"fv-az36-263","name":"@waytrade/microservice-core","msg":"Starting HTTP Server on port 0"}
{"level":20,"time":1630020938098,"pid":6071,"hostname":"fv-az36-263","name":"@waytrade/microservice-core","msg":"HTTP Server listening on port 36605"}
{"level":20,"time":1630020938101,"pid":6071,"hostname":"fv-az36-263","name":"@waytrade/microservice-core","msg":"HTTP Server on port 36605 stopped"}
{"level":20,"time":1630020938102,"pid":6071,"hostname":"fv-az36-263","name":"@waytrade/microservice-core","msg":"Starting HTTP Server on port 0"}
{"level":20,"time":1630020938102,"pid":6071,"hostname":"fv-az36-263","name":"@waytrade/microservice-core","msg":"HTTP Server listening on port 51201"}
{"level":50,"time":1630020938104,"pid":6071,"hostname":"fv-az36-263","name":"@waytrade/microservice-core","msg":"Binary data on websocket not supported."}
{"level":20,"time":1630020939103,"pid":6071,"hostname":"fv-az36-263","name":"@waytrade/microservice-core","msg":"HTTP Server on port 51201 stopped"}
{"level":20,"time":1630020939104,"pid":6071,"hostname":"fv-az36-263","name":"@waytrade/microservice-core","msg":"Starting HTTP Server on port 0"}
{"level":20,"time":1630020939104,"pid":6071,"hostname":"fv-az36-263","name":"@waytrade/microservice-core","msg":"HTTP Server listening on port 58297"}
{"level":20,"time":1630020939109,"pid":6071,"hostname":"fv-az36-263","name":"@waytrade/microservice-core","msg":"HTTP Server on port 58297 stopped"}
{"level":20,"time":1630020939110,"pid":6071,"hostname":"fv-az36-263","name":"@waytrade/microservice-core","msg":"Starting HTTP Server on port 0"}
{"level":20,"time":1630020939110,"pid":6071,"hostname":"fv-az36-263","name":"@waytrade/microservice-core","msg":"HTTP Server listening on port 50033"}
{"level":20,"time":1630020940116,"pid":6071,"hostname":"fv-az36-263","name":"@waytrade/microservice-core","msg":"HTTP Server on port 50033 stopped"}
{"level":20,"time":1630020940117,"pid":6071,"hostname":"fv-az36-263","name":"@waytrade/microservice-core","msg":"Starting HTTP Server on port 0"}
{"level":20,"time":1630020940117,"pid":6071,"hostname":"fv-az36-263","name":"@waytrade/microservice-core","msg":"HTTP Server listening on port 56851"}
{"level":20,"time":1630020940266,"pid":6071,"hostname":"fv-az36-263","name":"@waytrade/microservice-core","msg":"HTTP Server on port 56851 stopped"}
{"level":20,"time":1630020940266,"pid":6071,"hostname":"fv-az36-263","name":"@waytrade/microservice-core","msg":"Starting HTTP Server on port 0"}
{"level":20,"time":1630020940267,"pid":6071,"hostname":"fv-az36-263","name":"@waytrade/microservice-core","msg":"HTTP Server listening on port 50997"}
{"level":20,"time":1630020940502,"pid":6071,"hostname":"fv-az36-263","name":"@waytrade/microservice-core","msg":"HTTP Server on port 50997 stopped"}
{"level":30,"time":1630020940796,"pid":6071,"hostname":"fv-az36-263","name":"@waytrade/microservice-core","msg":"Starting App..."}
{"level":20,"time":1630020940796,"pid":6071,"hostname":"fv-az36-263","name":"@waytrade/microservice-core","msg":"Starting HTTP Server on port 0"}
{"level":20,"time":1630020940796,"pid":6071,"hostname":"fv-az36-263","name":"@waytrade/microservice-core","msg":"HTTP Server listening on port 52857"}
{"level":30,"time":1630020940796,"pid":6071,"hostname":"fv-az36-263","name":"@waytrade/microservice-core","msg":"API Server started at port 52857"}
{"level":20,"time":1630020940797,"pid":6071,"hostname":"fv-az36-263","name":"@waytrade/microservice-core","msg":"HTTP Server on port 52857 stopped"}
{"level":30,"time":1630020940797,"pid":6071,"hostname":"fv-az36-263","name":"@waytrade/microservice-core","msg":"App stopped."}
{"level":30,"time":1630020940798,"pid":6071,"hostname":"fv-az36-263","name":"@waytrade/microservice-core","msg":"Starting App..."}
{"level":20,"time":1630020940798,"pid":6071,"hostname":"fv-az36-263","name":"@waytrade/microservice-core","msg":"Starting HTTP Server on port 0"}
{"level":20,"time":1630020940799,"pid":6071,"hostname":"fv-az36-263","name":"@waytrade/microservice-core","msg":"HTTP Server listening on port 34945"}
{"level":30,"time":1630020940799,"pid":6071,"hostname":"fv-az36-263","name":"@waytrade/microservice-core","msg":"API Server started at port 34945"}
{"level":20,"time":1630020940799,"pid":6071,"hostname":"fv-az36-263","name":"@waytrade/microservice-core","msg":"HTTP Server on port 34945 stopped"}
{"level":30,"time":1630020940799,"pid":6071,"hostname":"fv-az36-263","name":"@waytrade/microservice-core","msg":"App stopped."}
{"level":30,"time":1630020940800,"pid":6071,"hostname":"fv-az36-263","name":"@waytrade/microservice-core","msg":"Starting App..."}
{"level":20,"time":1630020940800,"pid":6071,"hostname":"fv-az36-263","name":"@waytrade/microservice-core","msg":"Starting HTTP Server on port 0"}
{"level":20,"time":1630020940800,"pid":6071,"hostname":"fv-az36-263","name":"@waytrade/microservice-core","msg":"HTTP Server listening on port 44061"}
{"level":30,"time":1630020940800,"pid":6071,"hostname":"fv-az36-263","name":"@waytrade/microservice-core","msg":"API Server started at port 44061"}
{"level":50,"time":1630020940801,"pid":6071,"hostname":"fv-az36-263","name":"@waytrade/microservice-core","msg":"App start failed: App is running already."}
{"level":20,"time":1630020940801,"pid":6071,"hostname":"fv-az36-263","name":"@waytrade/microservice-core","msg":"HTTP Server on port 44061 stopped"}
{"level":30,"time":1630020940801,"pid":6071,"hostname":"fv-az36-263","name":"@waytrade/microservice-core","msg":"App stopped."}
{"level":30,"time":1630020940802,"pid":6071,"hostname":"fv-az36-263","name":"@waytrade/microservice-core","msg":"Starting App..."}
{"level":20,"time":1630020940802,"pid":6071,"hostname":"fv-az36-263","name":"@waytrade/microservice-core","msg":"Starting HTTP Server on port 0"}
{"level":20,"time":1630020940802,"pid":6071,"hostname":"fv-az36-263","name":"@waytrade/microservice-core","msg":"HTTP Server listening on port 56203"}
{"level":30,"time":1630020940802,"pid":6071,"hostname":"fv-az36-263","name":"@waytrade/microservice-core","msg":"API Server started at port 56203"}
{"level":20,"time":1630020940802,"pid":6071,"hostname":"fv-az36-263","name":"@waytrade/microservice-core","msg":"HTTP Server on port 56203 stopped"}
{"level":30,"time":1630020940802,"pid":6071,"hostname":"fv-az36-263","name":"@waytrade/microservice-core","msg":"App stopped."}
{"level":30,"time":1630020940803,"pid":6071,"hostname":"fv-az36-263","name":"@waytrade/microservice-core","msg":"Starting App..."}
{"level":20,"time":1630020940804,"pid":6071,"hostname":"fv-az36-263","name":"@waytrade/microservice-core","msg":"Starting HTTP Server on port 0"}
{"level":20,"time":1630020940804,"pid":6071,"hostname":"fv-az36-263","name":"@waytrade/microservice-core","msg":"HTTP Server listening on port 36521"}
{"level":30,"time":1630020940804,"pid":6071,"hostname":"fv-az36-263","name":"@waytrade/microservice-core","msg":"API Server started at port 36521"}
{"level":20,"time":1630020940805,"pid":6071,"hostname":"fv-az36-263","name":"@waytrade/microservice-core","msg":"HTTP Server on port 36521 stopped"}
{"level":30,"time":1630020940805,"pid":6071,"hostname":"fv-az36-263","name":"@waytrade/microservice-core","msg":"App stopped."}
{"level":30,"time":1630020940806,"pid":6071,"hostname":"fv-az36-263","name":"@waytrade/microservice-core","msg":"Starting App..."}
{"level":20,"time":1630020940807,"pid":6071,"hostname":"fv-az36-263","name":"@waytrade/microservice-core","msg":"Starting HTTP Server on port 0"}
{"level":20,"time":1630020940807,"pid":6071,"hostname":"fv-az36-263","name":"@waytrade/microservice-core","msg":"HTTP Server listening on port 50351"}
{"level":30,"time":1630020940807,"pid":6071,"hostname":"fv-az36-263","name":"@waytrade/microservice-core","msg":"API Server started at port 50351"}
{"level":20,"time":1630020940818,"pid":6071,"hostname":"fv-az36-263","name":"@waytrade/microservice-core","msg":"HTTP get /test/get/ -> 200 (0ms)"}
{"level":20,"time":1630020940819,"pid":6071,"hostname":"fv-az36-263","name":"@waytrade/microservice-core","msg":"HTTP Server on port 50351 stopped"}
{"level":30,"time":1630020940819,"pid":6071,"hostname":"fv-az36-263","name":"@waytrade/microservice-core","msg":"App stopped."}
{"level":30,"time":1630020940820,"pid":6071,"hostname":"fv-az36-263","name":"@waytrade/microservice-core","msg":"Starting App..."}
{"level":20,"time":1630020940820,"pid":6071,"hostname":"fv-az36-263","name":"@waytrade/microservice-core","msg":"Starting HTTP Server on port 0"}
{"level":20,"time":1630020940821,"pid":6071,"hostname":"fv-az36-263","name":"@waytrade/microservice-core","msg":"HTTP Server listening on port 52125"}
{"level":30,"time":1630020940821,"pid":6071,"hostname":"fv-az36-263","name":"@waytrade/microservice-core","msg":"API Server started at port 52125"}
{"level":20,"time":1630020940821,"pid":6071,"hostname":"fv-az36-263","name":"@waytrade/microservice-core","msg":"Debug message"}
{"level":30,"time":1630020940821,"pid":6071,"hostname":"fv-az36-263","name":"@waytrade/microservice-core","msg":"Info message"}
{"level":40,"time":1630020940821,"pid":6071,"hostname":"fv-az36-263","name":"@waytrade/microservice-core","msg":"Warning message"}
{"level":50,"time":1630020940821,"pid":6071,"hostname":"fv-az36-263","name":"@waytrade/microservice-core","msg":"Error message"}
{"level":20,"time":1630020940821,"pid":6071,"hostname":"fv-az36-263","name":"@waytrade/microservice-core","msg":"HTTP Server on port 52125 stopped"}
{"level":30,"time":1630020940821,"pid":6071,"hostname":"fv-az36-263","name":"@waytrade/microservice-core","msg":"App stopped."}
{"level":30,"time":1630020941151,"pid":6071,"hostname":"fv-az36-263","name":"@waytrade/microservice-core","msg":"Starting App..."}
{"level":20,"time":1630020941151,"pid":6071,"hostname":"fv-az36-263","name":"@waytrade/microservice-core","msg":"Starting HTTP Server on port 0"}
{"level":20,"time":1630020941151,"pid":6071,"hostname":"fv-az36-263","name":"@waytrade/microservice-core","msg":"HTTP Server listening on port 60299"}
{"level":20,"time":1630020941151,"pid":6071,"hostname":"fv-az36-263","name":"@waytrade/microservice-core","msg":"Starting HTTP Server on port 0"}
{"level":20,"time":1630020941152,"pid":6071,"hostname":"fv-az36-263","name":"@waytrade/microservice-core","msg":"HTTP Server listening on port 44207"}
{"level":30,"time":1630020941152,"pid":6071,"hostname":"fv-az36-263","name":"@waytrade/microservice-core","msg":"API Server started at port 60299"}
{"level":30,"time":1630020941152,"pid":6071,"hostname":"fv-az36-263","name":"@waytrade/microservice-core","msg":"Webhook Callback Server started at port 44207"}
{"level":20,"time":1630020941153,"pid":6071,"hostname":"fv-az36-263","name":"@waytrade/microservice-core","msg":"HTTP Server on port 60299 stopped"}
{"level":20,"time":1630020941153,"pid":6071,"hostname":"fv-az36-263","name":"@waytrade/microservice-core","msg":"HTTP Server on port 44207 stopped"}
{"level":30,"time":1630020941153,"pid":6071,"hostname":"fv-az36-263","name":"@waytrade/microservice-core","msg":"App stopped."}
{"level":30,"time":1630020941154,"pid":6071,"hostname":"fv-az36-263","name":"@waytrade/microservice-core","msg":"Starting App..."}
{"level":20,"time":1630020941155,"pid":6071,"hostname":"fv-az36-263","name":"@waytrade/microservice-core","msg":"Starting HTTP Server on port 0"}
{"level":20,"time":1630020941155,"pid":6071,"hostname":"fv-az36-263","name":"@waytrade/microservice-core","msg":"HTTP Server listening on port 36043"}
{"level":20,"time":1630020941155,"pid":6071,"hostname":"fv-az36-263","name":"@waytrade/microservice-core","msg":"Starting HTTP Server on port 0"}
{"level":20,"time":1630020941155,"pid":6071,"hostname":"fv-az36-263","name":"@waytrade/microservice-core","msg":"HTTP Server listening on port 40583"}
{"level":30,"time":1630020941155,"pid":6071,"hostname":"fv-az36-263","name":"@waytrade/microservice-core","msg":"API Server started at port 36043"}
{"level":30,"time":1630020941155,"pid":6071,"hostname":"fv-az36-263","name":"@waytrade/microservice-core","msg":"Webhook Callback Server started at port 40583"}
{"level":20,"time":1630020941156,"pid":6071,"hostname":"fv-az36-263","name":"@waytrade/microservice-core","msg":"HTTP Server on port 36043 stopped"}
{"level":20,"time":1630020941156,"pid":6071,"hostname":"fv-az36-263","name":"@waytrade/microservice-core","msg":"HTTP Server on port 40583 stopped"}
{"level":30,"time":1630020941156,"pid":6071,"hostname":"fv-az36-263","name":"@waytrade/microservice-core","msg":"App stopped."}
{"level":30,"time":1630020941158,"pid":6071,"hostname":"fv-az36-263","name":"@waytrade/microservice-core","msg":"Starting App..."}
{"level":20,"time":1630020941158,"pid":6071,"hostname":"fv-az36-263","name":"@waytrade/microservice-core","msg":"Starting HTTP Server on port 0"}
{"level":20,"time":1630020941158,"pid":6071,"hostname":"fv-az36-263","name":"@waytrade/microservice-core","msg":"HTTP Server listening on port 50011"}
{"level":20,"time":1630020941158,"pid":6071,"hostname":"fv-az36-263","name":"@waytrade/microservice-core","msg":"Starting HTTP Server on port 0"}
{"level":20,"time":1630020941158,"pid":6071,"hostname":"fv-az36-263","name":"@waytrade/microservice-core","msg":"HTTP Server listening on port 60911"}
{"level":50,"time":1630020941158,"pid":6071,"hostname":"fv-az36-263","name":"@waytrade/microservice-core","msg":"App start failed: Controller booth failed"}
{"level":20,"time":1630020941158,"pid":6071,"hostname":"fv-az36-263","name":"@waytrade/microservice-core","msg":"HTTP Server on port 50011 stopped"}
{"level":20,"time":1630020941158,"pid":6071,"hostname":"fv-az36-263","name":"@waytrade/microservice-core","msg":"HTTP Server on port 60911 stopped"}
{"level":30,"time":1630020941159,"pid":6071,"hostname":"fv-az36-263","name":"@waytrade/microservice-core","msg":"App stopped."}
{"level":30,"time":1630020941159,"pid":6071,"hostname":"fv-az36-263","name":"@waytrade/microservice-core","msg":"Starting App..."}
{"level":20,"time":1630020941160,"pid":6071,"hostname":"fv-az36-263","name":"@waytrade/microservice-core","msg":"Starting HTTP Server on port 0"}
{"level":20,"time":1630020941160,"pid":6071,"hostname":"fv-az36-263","name":"@waytrade/microservice-core","msg":"HTTP Server listening on port 34185"}
{"level":20,"time":1630020941160,"pid":6071,"hostname":"fv-az36-263","name":"@waytrade/microservice-core","msg":"Starting HTTP Server on port 0"}
{"level":20,"time":1630020941160,"pid":6071,"hostname":"fv-az36-263","name":"@waytrade/microservice-core","msg":"HTTP Server listening on port 60937"}
{"level":50,"time":1630020941160,"pid":6071,"hostname":"fv-az36-263","name":"@waytrade/microservice-core","msg":"App start failed: Controller booth failed"}
{"level":20,"time":1630020941160,"pid":6071,"hostname":"fv-az36-263","name":"@waytrade/microservice-core","msg":"HTTP Server on port 34185 stopped"}
{"level":20,"time":1630020941160,"pid":6071,"hostname":"fv-az36-263","name":"@waytrade/microservice-core","msg":"HTTP Server on port 60937 stopped"}
{"level":30,"time":1630020941160,"pid":6071,"hostname":"fv-az36-263","name":"@waytrade/microservice-core","msg":"App stopped."}
{"level":30,"time":1630020941161,"pid":6071,"hostname":"fv-az36-263","name":"@waytrade/microservice-core","msg":"Starting App..."}
{"level":20,"time":1630020941161,"pid":6071,"hostname":"fv-az36-263","name":"@waytrade/microservice-core","msg":"Starting HTTP Server on port 0"}
{"level":20,"time":1630020941161,"pid":6071,"hostname":"fv-az36-263","name":"@waytrade/microservice-core","msg":"HTTP Server listening on port 50995"}
{"level":20,"time":1630020941162,"pid":6071,"hostname":"fv-az36-263","name":"@waytrade/microservice-core","msg":"Starting HTTP Server on port 0"}
{"level":20,"time":1630020941162,"pid":6071,"hostname":"fv-az36-263","name":"@waytrade/microservice-core","msg":"HTTP Server listening on port 59567"}
{"level":50,"time":1630020941162,"pid":6071,"hostname":"fv-az36-263","name":"@waytrade/microservice-core","msg":"App start failed: Controller booth failed"}
{"level":20,"time":1630020941162,"pid":6071,"hostname":"fv-az36-263","name":"@waytrade/microservice-core","msg":"HTTP Server on port 50995 stopped"}
{"level":20,"time":1630020941162,"pid":6071,"hostname":"fv-az36-263","name":"@waytrade/microservice-core","msg":"HTTP Server on port 59567 stopped"}
{"level":30,"time":1630020941162,"pid":6071,"hostname":"fv-az36-263","name":"@waytrade/microservice-core","msg":"App stopped."}
{"level":30,"time":1630020941163,"pid":6071,"hostname":"fv-az36-263","name":"@waytrade/microservice-core","msg":"Starting App..."}
{"level":20,"time":1630020941163,"pid":6071,"hostname":"fv-az36-263","name":"@waytrade/microservice-core","msg":"Starting HTTP Server on port 0"}
{"level":20,"time":1630020941163,"pid":6071,"hostname":"fv-az36-263","name":"@waytrade/microservice-core","msg":"HTTP Server listening on port 37003"}
{"level":20,"time":1630020941164,"pid":6071,"hostname":"fv-az36-263","name":"@waytrade/microservice-core","msg":"Starting HTTP Server on port 0"}
{"level":20,"time":1630020941164,"pid":6071,"hostname":"fv-az36-263","name":"@waytrade/microservice-core","msg":"HTTP Server listening on port 38455"}
{"level":50,"time":1630020941164,"pid":6071,"hostname":"fv-az36-263","name":"@waytrade/microservice-core","msg":"App start failed: Controller booth failed"}
{"level":20,"time":1630020941164,"pid":6071,"hostname":"fv-az36-263","name":"@waytrade/microservice-core","msg":"HTTP Server on port 37003 stopped"}
{"level":20,"time":1630020941164,"pid":6071,"hostname":"fv-az36-263","name":"@waytrade/microservice-core","msg":"HTTP Server on port 38455 stopped"}
{"level":30,"time":1630020941164,"pid":6071,"hostname":"fv-az36-263","name":"@waytrade/microservice-core","msg":"App stopped."}
{"level":30,"time":1630020941460,"pid":6071,"hostname":"fv-az36-263","name":"@waytrade/microservice-core","msg":"Starting App..."}
{"level":20,"time":1630020941460,"pid":6071,"hostname":"fv-az36-263","name":"@waytrade/microservice-core","msg":"Starting HTTP Server on port 0"}
{"level":20,"time":1630020941460,"pid":6071,"hostname":"fv-az36-263","name":"@waytrade/microservice-core","msg":"HTTP Server listening on port 52877"}
{"level":30,"time":1630020941461,"pid":6071,"hostname":"fv-az36-263","name":"@waytrade/microservice-core","msg":"API Server started at port 52877"}
{"level":20,"time":1630020941462,"pid":6071,"hostname":"fv-az36-263","name":"@waytrade/microservice-core","msg":"HTTP Server on port 52877 stopped"}
{"level":30,"time":1630020941462,"pid":6071,"hostname":"fv-az36-263","name":"@waytrade/microservice-core","msg":"App stopped."}
{"level":30,"time":1630020941463,"pid":6071,"hostname":"fv-az36-263","name":"@waytrade/microservice-core","msg":"Starting App..."}
{"level":20,"time":1630020941464,"pid":6071,"hostname":"fv-az36-263","name":"@waytrade/microservice-core","msg":"Starting HTTP Server on port 0"}
{"level":20,"time":1630020941464,"pid":6071,"hostname":"fv-az36-263","name":"@waytrade/microservice-core","msg":"HTTP Server listening on port 33211"}
{"level":30,"time":1630020941464,"pid":6071,"hostname":"fv-az36-263","name":"@waytrade/microservice-core","msg":"API Server started at port 33211"}
{"level":20,"time":1630020941465,"pid":6071,"hostname":"fv-az36-263","name":"@waytrade/microservice-core","msg":"HTTP Server on port 33211 stopped"}
{"level":30,"time":1630020941465,"pid":6071,"hostname":"fv-az36-263","name":"@waytrade/microservice-core","msg":"App stopped."}
{"level":30,"time":1630020941467,"pid":6071,"hostname":"fv-az36-263","name":"@waytrade/microservice-core","msg":"Starting App..."}
{"level":20,"time":1630020941467,"pid":6071,"hostname":"fv-az36-263","name":"@waytrade/microservice-core","msg":"Starting HTTP Server on port 0"}
{"level":20,"time":1630020941467,"pid":6071,"hostname":"fv-az36-263","name":"@waytrade/microservice-core","msg":"HTTP Server listening on port 39395"}
{"level":50,"time":1630020941467,"pid":6071,"hostname":"fv-az36-263","name":"@waytrade/microservice-core","msg":"App start failed: Controller booth failed"}
{"level":20,"time":1630020941467,"pid":6071,"hostname":"fv-az36-263","name":"@waytrade/microservice-core","msg":"HTTP Server on port 39395 stopped"}
{"level":30,"time":1630020941467,"pid":6071,"hostname":"fv-az36-263","name":"@waytrade/microservice-core","msg":"App stopped."}
{"level":30,"time":1630020941469,"pid":6071,"hostname":"fv-az36-263","name":"@waytrade/microservice-core","msg":"Starting App..."}
{"level":20,"time":1630020941469,"pid":6071,"hostname":"fv-az36-263","name":"@waytrade/microservice-core","msg":"Starting HTTP Server on port 0"}
{"level":20,"time":1630020941469,"pid":6071,"hostname":"fv-az36-263","name":"@waytrade/microservice-core","msg":"HTTP Server listening on port 46585"}
{"level":50,"time":1630020941469,"pid":6071,"hostname":"fv-az36-263","name":"@waytrade/microservice-core","msg":"App start failed: Controller booth failed"}
{"level":20,"time":1630020941470,"pid":6071,"hostname":"fv-az36-263","name":"@waytrade/microservice-core","msg":"HTTP Server on port 46585 stopped"}
{"level":30,"time":1630020941470,"pid":6071,"hostname":"fv-az36-263","name":"@waytrade/microservice-core","msg":"App stopped."}
{"level":30,"time":1630020941471,"pid":6071,"hostname":"fv-az36-263","name":"@waytrade/microservice-core","msg":"Starting App..."}
{"level":20,"time":1630020941471,"pid":6071,"hostname":"fv-az36-263","name":"@waytrade/microservice-core","msg":"Starting HTTP Server on port 0"}
{"level":20,"time":1630020941471,"pid":6071,"hostname":"fv-az36-263","name":"@waytrade/microservice-core","msg":"HTTP Server listening on port 42813"}
{"level":50,"time":1630020941471,"pid":6071,"hostname":"fv-az36-263","name":"@waytrade/microservice-core","msg":"App start failed: Controller booth failed"}
{"level":20,"time":1630020941471,"pid":6071,"hostname":"fv-az36-263","name":"@waytrade/microservice-core","msg":"HTTP Server on port 42813 stopped"}
{"level":30,"time":1630020941471,"pid":6071,"hostname":"fv-az36-263","name":"@waytrade/microservice-core","msg":"App stopped."}
{"level":30,"time":1630020941472,"pid":6071,"hostname":"fv-az36-263","name":"@waytrade/microservice-core","msg":"Starting App..."}
{"level":20,"time":1630020941473,"pid":6071,"hostname":"fv-az36-263","name":"@waytrade/microservice-core","msg":"Starting HTTP Server on port 0"}
{"level":20,"time":1630020941473,"pid":6071,"hostname":"fv-az36-263","name":"@waytrade/microservice-core","msg":"HTTP Server listening on port 49137"}
{"level":50,"time":1630020941473,"pid":6071,"hostname":"fv-az36-263","name":"@waytrade/microservice-core","msg":"App start failed: Controller booth failed"}
{"level":20,"time":1630020941473,"pid":6071,"hostname":"fv-az36-263","name":"@waytrade/microservice-core","msg":"HTTP Server on port 49137 stopped"}
{"level":30,"time":1630020941473,"pid":6071,"hostname":"fv-az36-263","name":"@waytrade/microservice-core","msg":"App stopped."}
{"level":30,"time":1630020941774,"pid":6071,"hostname":"fv-az36-263","name":"@waytrade/microservice-core","msg":"Starting App..."}
{"level":20,"time":1630020941774,"pid":6071,"hostname":"fv-az36-263","name":"@waytrade/microservice-core","msg":"Starting HTTP Server on port 0"}
{"level":20,"time":1630020941774,"pid":6071,"hostname":"fv-az36-263","name":"@waytrade/microservice-core","msg":"HTTP Server listening on port 46013"}
{"level":30,"time":1630020941775,"pid":6071,"hostname":"fv-az36-263","name":"@waytrade/microservice-core","msg":"API Server started at port 46013"}
{"level":20,"time":1630020941776,"pid":6071,"hostname":"fv-az36-263","name":"@waytrade/microservice-core","msg":"HTTP Server on port 46013 stopped"}
{"level":30,"time":1630020941776,"pid":6071,"hostname":"fv-az36-263","name":"@waytrade/microservice-core","msg":"App stopped."}
{"level":30,"time":1630020941777,"pid":6071,"hostname":"fv-az36-263","name":"@waytrade/microservice-core","msg":"Starting App..."}
{"level":20,"time":1630020941778,"pid":6071,"hostname":"fv-az36-263","name":"@waytrade/microservice-core","msg":"Starting HTTP Server on port 0"}
{"level":20,"time":1630020941778,"pid":6071,"hostname":"fv-az36-263","name":"@waytrade/microservice-core","msg":"HTTP Server listening on port 36755"}
{"level":30,"time":1630020941778,"pid":6071,"hostname":"fv-az36-263","name":"@waytrade/microservice-core","msg":"API Server started at port 36755"}
{"level":20,"time":1630020941779,"pid":6071,"hostname":"fv-az36-263","name":"@waytrade/microservice-core","msg":"HTTP Server on port 36755 stopped"}
{"level":30,"time":1630020941779,"pid":6071,"hostname":"fv-az36-263","name":"@waytrade/microservice-core","msg":"App stopped."}
{"level":30,"time":1630020941780,"pid":6071,"hostname":"fv-az36-263","name":"@waytrade/microservice-core","msg":"Starting App..."}
{"level":50,"time":1630020941781,"pid":6071,"hostname":"fv-az36-263","name":"@waytrade/microservice-core","msg":"App start failed: Controller booth failed"}
{"level":30,"time":1630020941781,"pid":6071,"hostname":"fv-az36-263","name":"@waytrade/microservice-core","msg":"App stopped."}
{"level":30,"time":1630020941782,"pid":6071,"hostname":"fv-az36-263","name":"@waytrade/microservice-core","msg":"Starting App..."}
{"level":50,"time":1630020941782,"pid":6071,"hostname":"fv-az36-263","name":"@waytrade/microservice-core","msg":"App start failed: Controller booth failed"}
{"level":30,"time":1630020941782,"pid":6071,"hostname":"fv-az36-263","name":"@waytrade/microservice-core","msg":"App stopped."}
{"level":30,"time":1630020941783,"pid":6071,"hostname":"fv-az36-263","name":"@waytrade/microservice-core","msg":"Starting App..."}
{"level":50,"time":1630020941784,"pid":6071,"hostname":"fv-az36-263","name":"@waytrade/microservice-core","msg":"App start failed: Controller booth failed"}
{"level":30,"time":1630020941784,"pid":6071,"hostname":"fv-az36-263","name":"@waytrade/microservice-core","msg":"App stopped."}
{"level":30,"time":1630020941801,"pid":6071,"hostname":"fv-az36-263","name":"@waytrade/microservice-core","msg":"Starting App..."}
{"level":50,"time":1630020941801,"pid":6071,"hostname":"fv-az36-263","name":"@waytrade/microservice-core","msg":"App start failed: Controller booth failed"}
{"level":30,"time":1630020941801,"pid":6071,"hostname":"fv-az36-263","name":"@waytrade/microservice-core","msg":"App stopped."}
{"level":20,"time":1630020942133,"pid":6071,"hostname":"fv-az36-263","name":"@waytrade/microservice-core","msg":"Starting HTTP Server on port 0"}
{"level":20,"time":1630020942133,"pid":6071,"hostname":"fv-az36-263","name":"@waytrade/microservice-core","msg":"HTTP Server listening on port 37877"}
{"level":20,"time":1630020942133,"pid":6071,"hostname":"fv-az36-263","name":"@waytrade/microservice-core","msg":"HTTP Server on port 37877 stopped"}
{"level":20,"time":1630020942134,"pid":6071,"hostname":"fv-az36-263","name":"@waytrade/microservice-core","msg":"Starting HTTP Server on port 3999"}
{"level":20,"time":1630020942134,"pid":6071,"hostname":"fv-az36-263","name":"@waytrade/microservice-core","msg":"HTTP Server listening on port 3999"}
{"level":20,"time":1630020942134,"pid":6071,"hostname":"fv-az36-263","name":"@waytrade/microservice-core","msg":"HTTP Server on port 3999 stopped"}
{"level":20,"time":1630020942135,"pid":6071,"hostname":"fv-az36-263","name":"@waytrade/microservice-core","msg":"Starting HTTP Server on port 0"}
{"level":20,"time":1630020942135,"pid":6071,"hostname":"fv-az36-263","name":"@waytrade/microservice-core","msg":"HTTP Server listening on port 38247"}
{"level":20,"time":1630020942145,"pid":6071,"hostname":"fv-az36-263","name":"@waytrade/microservice-core","msg":"/some/invalid/path not found."}
{"level":20,"time":1630020942145,"pid":6071,"hostname":"fv-az36-263","name":"@waytrade/microservice-core","msg":"HTTP Server on port 38247 stopped"}
{"level":20,"time":1630020942146,"pid":6071,"hostname":"fv-az36-263","name":"@waytrade/microservice-core","msg":"Starting HTTP Server on port 0"}
{"level":20,"time":1630020942146,"pid":6071,"hostname":"fv-az36-263","name":"@waytrade/microservice-core","msg":"HTTP Server listening on port 48927"}
{"level":20,"time":1630020942148,"pid":6071,"hostname":"fv-az36-263","name":"@waytrade/microservice-core","msg":"HTTP Server on port 48927 stopped"}
{"level":20,"time":1630020942149,"pid":6071,"hostname":"fv-az36-263","name":"@waytrade/microservice-core","msg":"Starting HTTP Server on port 0"}
{"level":20,"time":1630020942149,"pid":6071,"hostname":"fv-az36-263","name":"@waytrade/microservice-core","msg":"HTTP Server listening on port 55751"}
{"level":20,"time":1630020942151,"pid":6071,"hostname":"fv-az36-263","name":"@waytrade/microservice-core","msg":"HTTP Server on port 55751 stopped"}
{"level":20,"time":1630020942151,"pid":6071,"hostname":"fv-az36-263","name":"@waytrade/microservice-core","msg":"Starting HTTP Server on port 0"}
{"level":20,"time":1630020942151,"pid":6071,"hostname":"fv-az36-263","name":"@waytrade/microservice-core","msg":"HTTP Server listening on port 45511"}
{"level":20,"time":1630020942152,"pid":6071,"hostname":"fv-az36-263","name":"@waytrade/microservice-core","msg":"HTTP get /api/dummy/customResponseHeader -> 200 (0ms)"}
{"level":20,"time":1630020942153,"pid":6071,"hostname":"fv-az36-263","name":"@waytrade/microservice-core","msg":"HTTP Server on port 45511 stopped"}
{"level":30,"time":1630020942433,"pid":6071,"hostname":"fv-az36-263","name":"@waytrade/microservice-core","msg":"Starting App..."}
{"level":20,"time":1630020942433,"pid":6071,"hostname":"fv-az36-263","name":"@waytrade/microservice-core","msg":"Starting HTTP Server on port 0"}
{"level":20,"time":1630020942433,"pid":6071,"hostname":"fv-az36-263","name":"@waytrade/microservice-core","msg":"HTTP Server listening on port 42669"}
{"level":20,"time":1630020942433,"pid":6071,"hostname":"fv-az36-263","name":"@waytrade/microservice-core","msg":"Starting HTTP Server on port 0"}
{"level":20,"time":1630020942433,"pid":6071,"hostname":"fv-az36-263","name":"@waytrade/microservice-core","msg":"HTTP Server listening on port 53991"}
{"level":30,"time":1630020942433,"pid":6071,"hostname":"fv-az36-263","name":"@waytrade/microservice-core","msg":"API Server started at port 42669"}
{"level":30,"time":1630020942434,"pid":6071,"hostname":"fv-az36-263","name":"@waytrade/microservice-core","msg":"Webhook Callback Server started at port 53991"}
{"level":20,"time":1630020942436,"pid":6071,"hostname":"fv-az36-263","name":"@waytrade/microservice-core","msg":"HTTP get /api/ -> 200 (0ms)"}
{"level":20,"time":1630020942437,"pid":6071,"hostname":"fv-az36-263","name":"@waytrade/microservice-core","msg":"HTTP Server on port 42669 stopped"}
{"level":20,"time":1630020942437,"pid":6071,"hostname":"fv-az36-263","name":"@waytrade/microservice-core","msg":"HTTP Server on port 53991 stopped"}
{"level":30,"time":1630020942437,"pid":6071,"hostname":"fv-az36-263","name":"@waytrade/microservice-core","msg":"App stopped."}
{"level":30,"time":1630020942439,"pid":6071,"hostname":"fv-az36-263","name":"@waytrade/microservice-core","msg":"Starting App..."}
{"level":20,"time":1630020942439,"pid":6071,"hostname":"fv-az36-263","name":"@waytrade/microservice-core","msg":"Starting HTTP Server on port 0"}
{"level":20,"time":1630020942439,"pid":6071,"hostname":"fv-az36-263","name":"@waytrade/microservice-core","msg":"HTTP Server listening on port 35109"}
{"level":20,"time":1630020942439,"pid":6071,"hostname":"fv-az36-263","name":"@waytrade/microservice-core","msg":"Starting HTTP Server on port 0"}
{"level":20,"time":1630020942439,"pid":6071,"hostname":"fv-az36-263","name":"@waytrade/microservice-core","msg":"HTTP Server listening on port 45303"}
{"level":30,"time":1630020942439,"pid":6071,"hostname":"fv-az36-263","name":"@waytrade/microservice-core","msg":"API Server started at port 35109"}
{"level":30,"time":1630020942439,"pid":6071,"hostname":"fv-az36-263","name":"@waytrade/microservice-core","msg":"Webhook Callback Server started at port 45303"}
{"level":20,"time":1630020942440,"pid":6071,"hostname":"fv-az36-263","name":"@waytrade/microservice-core","msg":"HTTP get / -> 200 (0ms)"}
{"level":20,"time":1630020942441,"pid":6071,"hostname":"fv-az36-263","name":"@waytrade/microservice-core","msg":"HTTP Server on port 35109 stopped"}
{"level":20,"time":1630020942441,"pid":6071,"hostname":"fv-az36-263","name":"@waytrade/microservice-core","msg":"HTTP Server on port 45303 stopped"}
{"level":30,"time":1630020942441,"pid":6071,"hostname":"fv-az36-263","name":"@waytrade/microservice-core","msg":"App stopped."}
{"level":30,"time":1630020942442,"pid":6071,"hostname":"fv-az36-263","name":"@waytrade/microservice-core","msg":"Starting App..."}
{"level":20,"time":1630020942443,"pid":6071,"hostname":"fv-az36-263","name":"@waytrade/microservice-core","msg":"Starting HTTP Server on port 0"}
{"level":20,"time":1630020942443,"pid":6071,"hostname":"fv-az36-263","name":"@waytrade/microservice-core","msg":"HTTP Server listening on port 47683"}
{"level":20,"time":1630020942443,"pid":6071,"hostname":"fv-az36-263","name":"@waytrade/microservice-core","msg":"Starting HTTP Server on port 0"}
{"level":20,"time":1630020942443,"pid":6071,"hostname":"fv-az36-263","name":"@waytrade/microservice-core","msg":"HTTP Server listening on port 58389"}
{"level":30,"time":1630020942443,"pid":6071,"hostname":"fv-az36-263","name":"@waytrade/microservice-core","msg":"API Server started at port 47683"}
{"level":30,"time":1630020942443,"pid":6071,"hostname":"fv-az36-263","name":"@waytrade/microservice-core","msg":"Webhook Callback Server started at port 58389"}
{"level":20,"time":1630020942444,"pid":6071,"hostname":"fv-az36-263","name":"@waytrade/microservice-core","msg":"HTTP get /api/ -> 200 (0ms)"}
{"level":20,"time":1630020942445,"pid":6071,"hostname":"fv-az36-263","name":"@waytrade/microservice-core","msg":"HTTP Server on port 47683 stopped"}
{"level":20,"time":1630020942445,"pid":6071,"hostname":"fv-az36-263","name":"@waytrade/microservice-core","msg":"HTTP Server on port 58389 stopped"}
{"level":30,"time":1630020942445,"pid":6071,"hostname":"fv-az36-263","name":"@waytrade/microservice-core","msg":"App stopped."}
{"level":30,"time":1630020942446,"pid":6071,"hostname":"fv-az36-263","name":"@waytrade/microservice-core","msg":"Starting App..."}
{"level":20,"time":1630020942446,"pid":6071,"hostname":"fv-az36-263","name":"@waytrade/microservice-core","msg":"Starting HTTP Server on port 0"}
{"level":20,"time":1630020942446,"pid":6071,"hostname":"fv-az36-263","name":"@waytrade/microservice-core","msg":"HTTP Server listening on port 50505"}
{"level":20,"time":1630020942446,"pid":6071,"hostname":"fv-az36-263","name":"@waytrade/microservice-core","msg":"Starting HTTP Server on port 0"}
{"level":20,"time":1630020942447,"pid":6071,"hostname":"fv-az36-263","name":"@waytrade/microservice-core","msg":"HTTP Server listening on port 53325"}
{"level":30,"time":1630020942447,"pid":6071,"hostname":"fv-az36-263","name":"@waytrade/microservice-core","msg":"API Server started at port 50505"}
{"level":30,"time":1630020942447,"pid":6071,"hostname":"fv-az36-263","name":"@waytrade/microservice-core","msg":"Webhook Callback Server started at port 53325"}
{"level":20,"time":1630020942448,"pid":6071,"hostname":"fv-az36-263","name":"@waytrade/microservice-core","msg":"HTTP Server on port 50505 stopped"}
{"level":20,"time":1630020942448,"pid":6071,"hostname":"fv-az36-263","name":"@waytrade/microservice-core","msg":"HTTP Server on port 53325 stopped"}
{"level":30,"time":1630020942448,"pid":6071,"hostname":"fv-az36-263","name":"@waytrade/microservice-core","msg":"App stopped."}
{"level":30,"time":1630020942694,"pid":6071,"hostname":"fv-az36-263","name":"@waytrade/microservice-core","msg":"Starting App..."}
{"level":20,"time":1630020942694,"pid":6071,"hostname":"fv-az36-263","name":"@waytrade/microservice-core","msg":"Starting HTTP Server on port 0"}
{"level":20,"time":1630020942695,"pid":6071,"hostname":"fv-az36-263","name":"@waytrade/microservice-core","msg":"HTTP Server listening on port 59121"}
{"level":20,"time":1630020942695,"pid":6071,"hostname":"fv-az36-263","name":"@waytrade/microservice-core","msg":"Starting HTTP Server on port 0"}
{"level":20,"time":1630020942695,"pid":6071,"hostname":"fv-az36-263","name":"@waytrade/microservice-core","msg":"HTTP Server listening on port 58485"}
{"level":30,"time":1630020942695,"pid":6071,"hostname":"fv-az36-263","name":"@waytrade/microservice-core","msg":"API Server started at port 59121"}
{"level":30,"time":1630020942695,"pid":6071,"hostname":"fv-az36-263","name":"@waytrade/microservice-core","msg":"Webhook Callback Server started at port 58485"}
{"level":20,"time":1630020942696,"pid":6071,"hostname":"fv-az36-263","name":"@waytrade/microservice-core","msg":"HTTP Server on port 59121 stopped"}
{"level":20,"time":1630020942696,"pid":6071,"hostname":"fv-az36-263","name":"@waytrade/microservice-core","msg":"HTTP Server on port 58485 stopped"}
{"level":30,"time":1630020942696,"pid":6071,"hostname":"fv-az36-263","name":"@waytrade/microservice-core","msg":"App stopped."}
{"level":30,"time":1630020942697,"pid":6071,"hostname":"fv-az36-263","name":"@waytrade/microservice-core","msg":"Starting App..."}
{"level":20,"time":1630020942697,"pid":6071,"hostname":"fv-az36-263","name":"@waytrade/microservice-core","msg":"Starting HTTP Server on port 0"}
{"level":20,"time":1630020942697,"pid":6071,"hostname":"fv-az36-263","name":"@waytrade/microservice-core","msg":"HTTP Server listening on port 52355"}
{"level":20,"time":1630020942697,"pid":6071,"hostname":"fv-az36-263","name":"@waytrade/microservice-core","msg":"Starting HTTP Server on port 0"}
{"level":20,"time":1630020942697,"pid":6071,"hostname":"fv-az36-263","name":"@waytrade/microservice-core","msg":"HTTP Server listening on port 34525"}
{"level":30,"time":1630020942697,"pid":6071,"hostname":"fv-az36-263","name":"@waytrade/microservice-core","msg":"API Server started at port 52355"}
{"level":30,"time":1630020942697,"pid":6071,"hostname":"fv-az36-263","name":"@waytrade/microservice-core","msg":"Webhook Callback Server started at port 34525"}
{"level":20,"time":1630020942698,"pid":6071,"hostname":"fv-az36-263","name":"@waytrade/microservice-core","msg":"HTTP Server on port 52355 stopped"}
{"level":20,"time":1630020942698,"pid":6071,"hostname":"fv-az36-263","name":"@waytrade/microservice-core","msg":"HTTP Server on port 34525 stopped"}
{"level":30,"time":1630020942698,"pid":6071,"hostname":"fv-az36-263","name":"@waytrade/microservice-core","msg":"App stopped."}
{"level":30,"time":1630020942699,"pid":6071,"hostname":"fv-az36-263","name":"@waytrade/microservice-core","msg":"Starting App..."}
{"level":20,"time":1630020942699,"pid":6071,"hostname":"fv-az36-263","name":"@waytrade/microservice-core","msg":"Starting HTTP Server on port 0"}
{"level":20,"time":1630020942699,"pid":6071,"hostname":"fv-az36-263","name":"@waytrade/microservice-core","msg":"HTTP Server listening on port 51703"}
{"level":20,"time":1630020942699,"pid":6071,"hostname":"fv-az36-263","name":"@waytrade/microservice-core","msg":"Starting HTTP Server on port 0"}
{"level":20,"time":1630020942700,"pid":6071,"hostname":"fv-az36-263","name":"@waytrade/microservice-core","msg":"HTTP Server listening on port 58179"}
{"level":30,"time":1630020942700,"pid":6071,"hostname":"fv-az36-263","name":"@waytrade/microservice-core","msg":"API Server started at port 51703"}
{"level":30,"time":1630020942700,"pid":6071,"hostname":"fv-az36-263","name":"@waytrade/microservice-core","msg":"Webhook Callback Server started at port 58179"}
{"level":20,"time":1630020942700,"pid":6071,"hostname":"fv-az36-263","name":"@waytrade/microservice-core","msg":"HTTP Server on port 51703 stopped"}
{"level":20,"time":1630020942700,"pid":6071,"hostname":"fv-az36-263","name":"@waytrade/microservice-core","msg":"HTTP Server on port 58179 stopped"}
{"level":30,"time":1630020942700,"pid":6071,"hostname":"fv-az36-263","name":"@waytrade/microservice-core","msg":"App stopped."}
{"level":30,"time":1630020942701,"pid":6071,"hostname":"fv-az36-263","name":"@waytrade/microservice-core","msg":"Starting App..."}
{"level":20,"time":1630020942701,"pid":6071,"hostname":"fv-az36-263","name":"@waytrade/microservice-core","msg":"Starting HTTP Server on port 0"}
{"level":20,"time":1630020942702,"pid":6071,"hostname":"fv-az36-263","name":"@waytrade/microservice-core","msg":"HTTP Server listening on port 34537"}
{"level":20,"time":1630020942702,"pid":6071,"hostname":"fv-az36-263","name":"@waytrade/microservice-core","msg":"Starting HTTP Server on port 0"}
{"level":20,"time":1630020942702,"pid":6071,"hostname":"fv-az36-263","name":"@waytrade/microservice-core","msg":"HTTP Server listening on port 47681"}
{"level":30,"time":1630020942702,"pid":6071,"hostname":"fv-az36-263","name":"@waytrade/microservice-core","msg":"API Server started at port 34537"}
{"level":30,"time":1630020942702,"pid":6071,"hostname":"fv-az36-263","name":"@waytrade/microservice-core","msg":"Webhook Callback Server started at port 47681"}
{"level":20,"time":1630020942702,"pid":6071,"hostname":"fv-az36-263","name":"@waytrade/microservice-core","msg":"HTTP Server on port 34537 stopped"}
{"level":20,"time":1630020942702,"pid":6071,"hostname":"fv-az36-263","name":"@waytrade/microservice-core","msg":"HTTP Server on port 47681 stopped"}
{"level":30,"time":1630020942702,"pid":6071,"hostname":"fv-az36-263","name":"@waytrade/microservice-core","msg":"App stopped."}
{"level":30,"time":1630020942944,"pid":6071,"hostname":"fv-az36-263","name":"@waytrade/microservice-core","msg":"Starting App..."}
{"level":20,"time":1630020942945,"pid":6071,"hostname":"fv-az36-263","name":"@waytrade/microservice-core","msg":"Starting HTTP Server on port 0"}
{"level":20,"time":1630020942945,"pid":6071,"hostname":"fv-az36-263","name":"@waytrade/microservice-core","msg":"HTTP Server listening on port 42635"}
{"level":30,"time":1630020942945,"pid":6071,"hostname":"fv-az36-263","name":"@waytrade/microservice-core","msg":"API Server started at port 42635"}
{"level":20,"time":1630020942946,"pid":6071,"hostname":"fv-az36-263","name":"@waytrade/microservice-core","msg":"HTTP Server on port 42635 stopped"}
{"level":30,"time":1630020942946,"pid":6071,"hostname":"fv-az36-263","name":"@waytrade/microservice-core","msg":"App stopped."}
{"level":30,"time":1630020942947,"pid":6071,"hostname":"fv-az36-263","name":"@waytrade/microservice-core","msg":"Starting App..."}
{"level":20,"time":1630020942947,"pid":6071,"hostname":"fv-az36-263","name":"@waytrade/microservice-core","msg":"Starting HTTP Server on port 0"}
{"level":20,"time":1630020942947,"pid":6071,"hostname":"fv-az36-263","name":"@waytrade/microservice-core","msg":"HTTP Server listening on port 40357"}
{"level":30,"time":1630020942947,"pid":6071,"hostname":"fv-az36-263","name":"@waytrade/microservice-core","msg":"API Server started at port 40357"}
{"level":20,"time":1630020942948,"pid":6071,"hostname":"fv-az36-263","name":"@waytrade/microservice-core","msg":"HTTP Server on port 40357 stopped"}
{"level":30,"time":1630020942948,"pid":6071,"hostname":"fv-az36-263","name":"@waytrade/microservice-core","msg":"App stopped."}
{"level":30,"time":1630020942949,"pid":6071,"hostname":"fv-az36-263","name":"@waytrade/microservice-core","msg":"Starting App..."}
{"level":20,"time":1630020942949,"pid":6071,"hostname":"fv-az36-263","name":"@waytrade/microservice-core","msg":"Starting HTTP Server on port 0"}
{"level":20,"time":1630020942949,"pid":6071,"hostname":"fv-az36-263","name":"@waytrade/microservice-core","msg":"HTTP Server listening on port 59451"}
{"level":30,"time":1630020942949,"pid":6071,"hostname":"fv-az36-263","name":"@waytrade/microservice-core","msg":"API Server started at port 59451"}
{"level":20,"time":1630020942949,"pid":6071,"hostname":"fv-az36-263","name":"@waytrade/microservice-core","msg":"HTTP Server on port 59451 stopped"}
{"level":30,"time":1630020942949,"pid":6071,"hostname":"fv-az36-263","name":"@waytrade/microservice-core","msg":"App stopped."}
{"level":30,"time":1630020942950,"pid":6071,"hostname":"fv-az36-263","name":"@waytrade/microservice-core","msg":"Starting App..."}
{"level":20,"time":1630020942951,"pid":6071,"hostname":"fv-az36-263","name":"@waytrade/microservice-core","msg":"Starting HTTP Server on port 0"}
{"level":20,"time":1630020942951,"pid":6071,"hostname":"fv-az36-263","name":"@waytrade/microservice-core","msg":"HTTP Server listening on port 47791"}
{"level":30,"time":1630020942951,"pid":6071,"hostname":"fv-az36-263","name":"@waytrade/microservice-core","msg":"API Server started at port 47791"}
{"level":20,"time":1630020942951,"pid":6071,"hostname":"fv-az36-263","name":"@waytrade/microservice-core","msg":"HTTP Server on port 47791 stopped"}
{"level":30,"time":1630020942951,"pid":6071,"hostname":"fv-az36-263","name":"@waytrade/microservice-core","msg":"App stopped."}
{"level":30,"time":1630020943201,"pid":6071,"hostname":"fv-az36-263","name":"@waytrade/microservice-core","msg":"Starting App..."}
{"level":20,"time":1630020943201,"pid":6071,"hostname":"fv-az36-263","name":"@waytrade/microservice-core","msg":"Starting HTTP Server on port 0"}
{"level":20,"time":1630020943201,"pid":6071,"hostname":"fv-az36-263","name":"@waytrade/microservice-core","msg":"HTTP Server listening on port 33913"}
{"level":30,"time":1630020943202,"pid":6071,"hostname":"fv-az36-263","name":"@waytrade/microservice-core","msg":"API Server started at port 33913"}
{"level":20,"time":1630020943202,"pid":6071,"hostname":"fv-az36-263","name":"@waytrade/microservice-core","msg":"HTTP Server on port 33913 stopped"}
{"level":30,"time":1630020943202,"pid":6071,"hostname":"fv-az36-263","name":"@waytrade/microservice-core","msg":"App stopped."}
{"level":30,"time":1630020943203,"pid":6071,"hostname":"fv-az36-263","name":"@waytrade/microservice-core","msg":"Starting App..."}
{"level":20,"time":1630020943203,"pid":6071,"hostname":"fv-az36-263","name":"@waytrade/microservice-core","msg":"Starting HTTP Server on port 0"}
{"level":20,"time":1630020943203,"pid":6071,"hostname":"fv-az36-263","name":"@waytrade/microservice-core","msg":"HTTP Server listening on port 36919"}
{"level":30,"time":1630020943204,"pid":6071,"hostname":"fv-az36-263","name":"@waytrade/microservice-core","msg":"API Server started at port 36919"}
{"level":20,"time":1630020943204,"pid":6071,"hostname":"fv-az36-263","name":"@waytrade/microservice-core","msg":"HTTP Server on port 36919 stopped"}
{"level":30,"time":1630020943204,"pid":6071,"hostname":"fv-az36-263","name":"@waytrade/microservice-core","msg":"App stopped."}
{"level":30,"time":1630020943205,"pid":6071,"hostname":"fv-az36-263","name":"@waytrade/microservice-core","msg":"Starting App..."}
{"level":20,"time":1630020943205,"pid":6071,"hostname":"fv-az36-263","name":"@waytrade/microservice-core","msg":"Starting HTTP Server on port 0"}
{"level":20,"time":1630020943206,"pid":6071,"hostname":"fv-az36-263","name":"@waytrade/microservice-core","msg":"HTTP Server listening on port 42583"}
{"level":30,"time":1630020943206,"pid":6071,"hostname":"fv-az36-263","name":"@waytrade/microservice-core","msg":"API Server started at port 42583"}
{"level":20,"time":1630020943206,"pid":6071,"hostname":"fv-az36-263","name":"@waytrade/microservice-core","msg":"HTTP Server on port 42583 stopped"}
{"level":30,"time":1630020943206,"pid":6071,"hostname":"fv-az36-263","name":"@waytrade/microservice-core","msg":"App stopped."}
{"level":30,"time":1630020943207,"pid":6071,"hostname":"fv-az36-263","name":"@waytrade/microservice-core","msg":"Starting App..."}
{"level":20,"time":1630020943207,"pid":6071,"hostname":"fv-az36-263","name":"@waytrade/microservice-core","msg":"Starting HTTP Server on port 0"}
{"level":20,"time":1630020943207,"pid":6071,"hostname":"fv-az36-263","name":"@waytrade/microservice-core","msg":"HTTP Server listening on port 50501"}
{"level":30,"time":1630020943207,"pid":6071,"hostname":"fv-az36-263","name":"@waytrade/microservice-core","msg":"API Server started at port 50501"}
{"level":20,"time":1630020943208,"pid":6071,"hostname":"fv-az36-263","name":"@waytrade/microservice-core","msg":"HTTP Server on port 50501 stopped"}
{"level":30,"time":1630020943208,"pid":6071,"hostname":"fv-az36-263","name":"@waytrade/microservice-core","msg":"App stopped."}
{"level":30,"time":1630020943721,"pid":6071,"hostname":"fv-az36-263","name":"@waytrade/microservice-core","msg":"Starting App..."}
{"level":20,"time":1630020943722,"pid":6071,"hostname":"fv-az36-263","name":"@waytrade/microservice-core","msg":"Starting HTTP Server on port 0"}
{"level":20,"time":1630020943722,"pid":6071,"hostname":"fv-az36-263","name":"@waytrade/microservice-core","msg":"HTTP Server listening on port 45239"}
{"level":30,"time":1630020943722,"pid":6071,"hostname":"fv-az36-263","name":"@waytrade/microservice-core","msg":"API Server started at port 45239"}
{"level":20,"time":1630020943723,"pid":6071,"hostname":"fv-az36-263","name":"@waytrade/microservice-core","msg":"HTTP Server on port 45239 stopped"}
{"level":30,"time":1630020943723,"pid":6071,"hostname":"fv-az36-263","name":"@waytrade/microservice-core","msg":"App stopped."}
{"level":30,"time":1630020943724,"pid":6071,"hostname":"fv-az36-263","name":"@waytrade/microservice-core","msg":"Starting App..."}
{"level":20,"time":1630020943724,"pid":6071,"hostname":"fv-az36-263","name":"@waytrade/microservice-core","msg":"Starting HTTP Server on port 0"}
{"level":20,"time":1630020943724,"pid":6071,"hostname":"fv-az36-263","name":"@waytrade/microservice-core","msg":"HTTP Server listening on port 43975"}
{"level":50,"time":1630020943725,"pid":6071,"hostname":"fv-az36-263","name":"@waytrade/microservice-core","msg":"App start failed: Controller booth failed"}
{"level":20,"time":1630020943725,"pid":6071,"hostname":"fv-az36-263","name":"@waytrade/microservice-core","msg":"HTTP Server on port 43975 stopped"}
{"level":30,"time":1630020943725,"pid":6071,"hostname":"fv-az36-263","name":"@waytrade/microservice-core","msg":"App stopped."}
{"level":30,"time":1630020943726,"pid":6071,"hostname":"fv-az36-263","name":"@waytrade/microservice-core","msg":"Starting App..."}
{"level":20,"time":1630020943726,"pid":6071,"hostname":"fv-az36-263","name":"@waytrade/microservice-core","msg":"Starting HTTP Server on port 0"}
{"level":20,"time":1630020943726,"pid":6071,"hostname":"fv-az36-263","name":"@waytrade/microservice-core","msg":"HTTP Server listening on port 44865"}
{"level":50,"time":1630020943726,"pid":6071,"hostname":"fv-az36-263","name":"@waytrade/microservice-core","msg":"App start failed: Controller booth failed"}
{"level":20,"time":1630020943726,"pid":6071,"hostname":"fv-az36-263","name":"@waytrade/microservice-core","msg":"HTTP Server on port 44865 stopped"}
{"level":30,"time":1630020943726,"pid":6071,"hostname":"fv-az36-263","name":"@waytrade/microservice-core","msg":"App stopped."}
{"level":20,"time":1630020943959,"pid":6071,"hostname":"fv-az36-263","name":"@waytrade/microservice-core","msg":"Starting HTTP Server on port 0"}
{"level":20,"time":1630020943959,"pid":6071,"hostname":"fv-az36-263","name":"@waytrade/microservice-core","msg":"HTTP Server listening on port 42007"}
{"level":20,"time":1630020943962,"pid":6071,"hostname":"fv-az36-263","name":"@waytrade/microservice-core","msg":"HTTP get /api/dummy/ -> 200 (0ms)"}
{"level":20,"time":1630020943963,"pid":6071,"hostname":"fv-az36-263","name":"@waytrade/microservice-core","msg":"HTTP Server on port 42007 stopped"}
