{"level":20,"time":1629452824374,"pid":5874,"hostname":"fv-az42-136","name":"@waytrade/microservice-core","msg":"Starting HTTP Server on port 0"}
{"level":20,"time":1629452824376,"pid":5874,"hostname":"fv-az42-136","name":"@waytrade/microservice-core","msg":"HTTP Server listening on port 47001"}
{"level":20,"time":1629452824396,"pid":5874,"hostname":"fv-az42-136","name":"@waytrade/microservice-core","msg":"HTTP get /openapi.json -> 200 (4ms)"}
{"level":20,"time":1629452824398,"pid":5874,"hostname":"fv-az42-136","name":"@waytrade/microservice-core","msg":"HTTP Server on port 47001 stopped"}
{"level":20,"time":1629452824400,"pid":5874,"hostname":"fv-az42-136","name":"@waytrade/microservice-core","msg":"Starting HTTP Server on port 0"}
{"level":20,"time":1629452824400,"pid":5874,"hostname":"fv-az42-136","name":"@waytrade/microservice-core","msg":"HTTP Server listening on port 56081"}
{"level":20,"time":1629452824403,"pid":5874,"hostname":"fv-az42-136","name":"@waytrade/microservice-core","msg":"HTTP get /openapi.json -> 200 (1ms)"}
{"level":20,"time":1629452824423,"pid":5874,"hostname":"fv-az42-136","name":"@waytrade/microservice-core","msg":"HTTP Server on port 56081 stopped"}
{"level":20,"time":1629452824424,"pid":5874,"hostname":"fv-az42-136","name":"@waytrade/microservice-core","msg":"Starting HTTP Server on port 0"}
{"level":20,"time":1629452824424,"pid":5874,"hostname":"fv-az42-136","name":"@waytrade/microservice-core","msg":"HTTP Server listening on port 51119"}
{"level":20,"time":1629452824425,"pid":5874,"hostname":"fv-az42-136","name":"@waytrade/microservice-core","msg":"Starting HTTP Server on port 0"}
{"level":20,"time":1629452824425,"pid":5874,"hostname":"fv-az42-136","name":"@waytrade/microservice-core","msg":"HTTP Server listening on port 41309"}
{"level":20,"time":1629452824427,"pid":5874,"hostname":"fv-az42-136","name":"@waytrade/microservice-core","msg":"HTTP get /openapi.json -> 200 (0ms)"}
{"level":20,"time":1629452824428,"pid":5874,"hostname":"fv-az42-136","name":"@waytrade/microservice-core","msg":"HTTP get / -> 200 (0ms)"}
{"level":20,"time":1629452824433,"pid":5874,"hostname":"fv-az42-136","name":"@waytrade/microservice-core","msg":"HTTP Server on port 51119 stopped"}
{"level":20,"time":1629452824434,"pid":5874,"hostname":"fv-az42-136","name":"@waytrade/microservice-core","msg":"HTTP Server on port 41309 stopped"}
{"level":20,"time":1629452824434,"pid":5874,"hostname":"fv-az42-136","name":"@waytrade/microservice-core","msg":"Starting HTTP Server on port 0"}
{"level":20,"time":1629452824434,"pid":5874,"hostname":"fv-az42-136","name":"@waytrade/microservice-core","msg":"HTTP Server listening on port 58893"}
{"level":20,"time":1629452824439,"pid":5874,"hostname":"fv-az42-136","name":"@waytrade/microservice-core","msg":"HTTP get /swagger-ui.css -> 200 (2ms)"}
{"level":20,"time":1629452824440,"pid":5874,"hostname":"fv-az42-136","name":"@waytrade/microservice-core","msg":"HTTP Server on port 58893 stopped"}
{"level":20,"time":1629452824440,"pid":5874,"hostname":"fv-az42-136","name":"@waytrade/microservice-core","msg":"Starting HTTP Server on port 0"}
{"level":20,"time":1629452824440,"pid":5874,"hostname":"fv-az42-136","name":"@waytrade/microservice-core","msg":"HTTP Server listening on port 36121"}
{"level":20,"time":1629452824449,"pid":5874,"hostname":"fv-az42-136","name":"@waytrade/microservice-core","msg":"HTTP get /swagger-ui-bundle.js -> 200 (8ms)"}
{"level":20,"time":1629452824454,"pid":5874,"hostname":"fv-az42-136","name":"@waytrade/microservice-core","msg":"HTTP Server on port 36121 stopped"}
{"level":20,"time":1629452824454,"pid":5874,"hostname":"fv-az42-136","name":"@waytrade/microservice-core","msg":"Starting HTTP Server on port 0"}
{"level":20,"time":1629452824455,"pid":5874,"hostname":"fv-az42-136","name":"@waytrade/microservice-core","msg":"HTTP Server listening on port 60239"}
{"level":20,"time":1629452824458,"pid":5874,"hostname":"fv-az42-136","name":"@waytrade/microservice-core","msg":"HTTP get /swagger-ui-standalone-preset.js -> 200 (2ms)"}
{"level":20,"time":1629452824460,"pid":5874,"hostname":"fv-az42-136","name":"@waytrade/microservice-core","msg":"HTTP Server on port 60239 stopped"}
{"level":20,"time":1629452824957,"pid":5874,"hostname":"fv-az42-136","name":"@waytrade/microservice-core","msg":"Starting HTTP Server on port 0"}
{"level":20,"time":1629452824958,"pid":5874,"hostname":"fv-az42-136","name":"@waytrade/microservice-core","msg":"HTTP Server listening on port 39133"}
{"level":20,"time":1629452824993,"pid":5874,"hostname":"fv-az42-136","name":"@waytrade/microservice-core","msg":"HTTP Server on port 39133 stopped"}
{"level":20,"time":1629452824994,"pid":5874,"hostname":"fv-az42-136","name":"@waytrade/microservice-core","msg":"Starting HTTP Server on port 0"}
{"level":20,"time":1629452824994,"pid":5874,"hostname":"fv-az42-136","name":"@waytrade/microservice-core","msg":"HTTP Server listening on port 56953"}
{"level":20,"time":1629452824997,"pid":5874,"hostname":"fv-az42-136","name":"@waytrade/microservice-core","msg":"HTTP Server on port 56953 stopped"}
{"level":20,"time":1629452824997,"pid":5874,"hostname":"fv-az42-136","name":"@waytrade/microservice-core","msg":"Starting HTTP Server on port 0"}
{"level":20,"time":1629452824997,"pid":5874,"hostname":"fv-az42-136","name":"@waytrade/microservice-core","msg":"HTTP Server listening on port 51003"}
{"level":20,"time":1629452825004,"pid":5874,"hostname":"fv-az42-136","name":"@waytrade/microservice-core","msg":"HTTP Server on port 51003 stopped"}
{"level":20,"time":1629452825004,"pid":5874,"hostname":"fv-az42-136","name":"@waytrade/microservice-core","msg":"Starting HTTP Server on port 0"}
{"level":20,"time":1629452825005,"pid":5874,"hostname":"fv-az42-136","name":"@waytrade/microservice-core","msg":"HTTP Server listening on port 40731"}
{"level":20,"time":1629452835009,"pid":5874,"hostname":"fv-az42-136","name":"@waytrade/microservice-core","msg":"HTTP Server on port 40731 stopped"}
{"level":20,"time":1629452835009,"pid":5874,"hostname":"fv-az42-136","name":"@waytrade/microservice-core","msg":"Starting HTTP Server on port 0"}
{"level":20,"time":1629452835009,"pid":5874,"hostname":"fv-az42-136","name":"@waytrade/microservice-core","msg":"HTTP Server listening on port 36551"}
{"level":20,"time":1629452835011,"pid":5874,"hostname":"fv-az42-136","name":"@waytrade/microservice-core","msg":"HTTP Server on port 36551 stopped"}
{"level":20,"time":1629452835013,"pid":5874,"hostname":"fv-az42-136","name":"@waytrade/microservice-core","msg":"Starting HTTP Server on port 0"}
{"level":20,"time":1629452835014,"pid":5874,"hostname":"fv-az42-136","name":"@waytrade/microservice-core","msg":"HTTP Server listening on port 51833"}
{"level":20,"time":1629452835015,"pid":5874,"hostname":"fv-az42-136","name":"@waytrade/microservice-core","msg":"HTTP Server on port 51833 stopped"}
{"level":20,"time":1629452837016,"pid":5874,"hostname":"fv-az42-136","name":"@waytrade/microservice-core","msg":"Starting HTTP Server on port 0"}
{"level":20,"time":1629452837017,"pid":5874,"hostname":"fv-az42-136","name":"@waytrade/microservice-core","msg":"HTTP Server listening on port 53599"}
{"level":20,"time":1629452837022,"pid":5874,"hostname":"fv-az42-136","name":"@waytrade/microservice-core","msg":"HTTP Server on port 53599 stopped"}
{"level":20,"time":1629452837023,"pid":5874,"hostname":"fv-az42-136","name":"@waytrade/microservice-core","msg":"Starting HTTP Server on port 0"}
{"level":20,"time":1629452837023,"pid":5874,"hostname":"fv-az42-136","name":"@waytrade/microservice-core","msg":"HTTP Server listening on port 44179"}
{"level":20,"time":1629452837025,"pid":5874,"hostname":"fv-az42-136","name":"@waytrade/microservice-core","msg":"HTTP Server on port 44179 stopped"}
{"level":20,"time":1629452837026,"pid":5874,"hostname":"fv-az42-136","name":"@waytrade/microservice-core","msg":"Starting HTTP Server on port 0"}
{"level":20,"time":1629452837026,"pid":5874,"hostname":"fv-az42-136","name":"@waytrade/microservice-core","msg":"HTTP Server listening on port 33215"}
{"level":20,"time":1629452837028,"pid":5874,"hostname":"fv-az42-136","name":"@waytrade/microservice-core","msg":"HTTP Server on port 33215 stopped"}
{"level":20,"time":1629452837029,"pid":5874,"hostname":"fv-az42-136","name":"@waytrade/microservice-core","msg":"Starting HTTP Server on port 0"}
{"level":20,"time":1629452837029,"pid":5874,"hostname":"fv-az42-136","name":"@waytrade/microservice-core","msg":"HTTP Server listening on port 37475"}
{"level":20,"time":1629452839033,"pid":5874,"hostname":"fv-az42-136","name":"@waytrade/microservice-core","msg":"HTTP Server on port 37475 stopped"}
{"level":20,"time":1629452839034,"pid":5874,"hostname":"fv-az42-136","name":"@waytrade/microservice-core","msg":"Starting HTTP Server on port 0"}
{"level":20,"time":1629452839034,"pid":5874,"hostname":"fv-az42-136","name":"@waytrade/microservice-core","msg":"HTTP Server listening on port 47525"}
{"level":20,"time":1629452839038,"pid":5874,"hostname":"fv-az42-136","name":"@waytrade/microservice-core","msg":"HTTP Server on port 47525 stopped"}
{"level":20,"time":1629452839038,"pid":5874,"hostname":"fv-az42-136","name":"@waytrade/microservice-core","msg":"Starting HTTP Server on port 0"}
{"level":20,"time":1629452839039,"pid":5874,"hostname":"fv-az42-136","name":"@waytrade/microservice-core","msg":"HTTP Server listening on port 35677"}
{"level":20,"time":1629452839041,"pid":5874,"hostname":"fv-az42-136","name":"@waytrade/microservice-core","msg":"HTTP Server on port 35677 stopped"}
{"level":20,"time":1629452839041,"pid":5874,"hostname":"fv-az42-136","name":"@waytrade/microservice-core","msg":"Starting HTTP Server on port 0"}
{"level":20,"time":1629452839041,"pid":5874,"hostname":"fv-az42-136","name":"@waytrade/microservice-core","msg":"HTTP Server listening on port 39247"}
{"level":20,"time":1629452839049,"pid":5874,"hostname":"fv-az42-136","name":"@waytrade/microservice-core","msg":"HTTP Server on port 39247 stopped"}
{"level":20,"time":1629452841051,"pid":5874,"hostname":"fv-az42-136","name":"@waytrade/microservice-core","msg":"Starting HTTP Server on port 0"}
{"level":20,"time":1629452841052,"pid":5874,"hostname":"fv-az42-136","name":"@waytrade/microservice-core","msg":"HTTP Server listening on port 36659"}
{"level":20,"time":1629452841054,"pid":5874,"hostname":"fv-az42-136","name":"@waytrade/microservice-core","msg":"HTTP Server on port 36659 stopped"}
{"level":30,"time":1629452841915,"pid":5874,"hostname":"fv-az42-136","name":"@waytrade/microservice-core","msg":"Starting App..."}
{"level":20,"time":1629452841915,"pid":5874,"hostname":"fv-az42-136","name":"@waytrade/microservice-core","msg":"Starting HTTP Server on port 0"}
{"level":20,"time":1629452841916,"pid":5874,"hostname":"fv-az42-136","name":"@waytrade/microservice-core","msg":"HTTP Server listening on port 47375"}
{"level":20,"time":1629452841916,"pid":5874,"hostname":"fv-az42-136","name":"@waytrade/microservice-core","msg":"Starting HTTP Server on port 0"}
{"level":20,"time":1629452841916,"pid":5874,"hostname":"fv-az42-136","name":"@waytrade/microservice-core","msg":"HTTP Server listening on port 41669"}
{"level":30,"time":1629452841916,"pid":5874,"hostname":"fv-az42-136","name":"@waytrade/microservice-core","msg":"API Server started at port 47375"}
{"level":30,"time":1629452841916,"pid":5874,"hostname":"fv-az42-136","name":"@waytrade/microservice-core","msg":"Webhook Callback Server started at port 41669"}
{"level":20,"time":1629452841923,"pid":5874,"hostname":"fv-az42-136","name":"@waytrade/microservice-core","msg":"HTTP post /subscribe -> 400 (1ms)"}
{"level":20,"time":1629452841924,"pid":5874,"hostname":"fv-az42-136","name":"@waytrade/microservice-core","msg":"HTTP Server on port 47375 stopped"}
{"level":20,"time":1629452841924,"pid":5874,"hostname":"fv-az42-136","name":"@waytrade/microservice-core","msg":"HTTP Server on port 41669 stopped"}
{"level":30,"time":1629452841924,"pid":5874,"hostname":"fv-az42-136","name":"@waytrade/microservice-core","msg":"App stopped."}
{"level":30,"time":1629452841926,"pid":5874,"hostname":"fv-az42-136","name":"@waytrade/microservice-core","msg":"Starting App..."}
{"level":20,"time":1629452841926,"pid":5874,"hostname":"fv-az42-136","name":"@waytrade/microservice-core","msg":"Starting HTTP Server on port 0"}
{"level":20,"time":1629452841926,"pid":5874,"hostname":"fv-az42-136","name":"@waytrade/microservice-core","msg":"HTTP Server listening on port 39655"}
{"level":20,"time":1629452841926,"pid":5874,"hostname":"fv-az42-136","name":"@waytrade/microservice-core","msg":"Starting HTTP Server on port 0"}
{"level":20,"time":1629452841926,"pid":5874,"hostname":"fv-az42-136","name":"@waytrade/microservice-core","msg":"HTTP Server listening on port 33745"}
{"level":30,"time":1629452841926,"pid":5874,"hostname":"fv-az42-136","name":"@waytrade/microservice-core","msg":"API Server started at port 39655"}
{"level":30,"time":1629452841926,"pid":5874,"hostname":"fv-az42-136","name":"@waytrade/microservice-core","msg":"Webhook Callback Server started at port 33745"}
{"level":20,"time":1629452841929,"pid":5874,"hostname":"fv-az42-136","name":"@waytrade/microservice-core","msg":"HTTP post /subscribe -> 201 (1ms)"}
{"level":20,"time":1629452841931,"pid":5874,"hostname":"fv-az42-136","name":"@waytrade/microservice-core","msg":"HTTP post /subscribe -> 204 (0ms)"}
{"level":20,"time":1629452841932,"pid":5874,"hostname":"fv-az42-136","name":"@waytrade/microservice-core","msg":"HTTP Server on port 39655 stopped"}
{"level":20,"time":1629452841932,"pid":5874,"hostname":"fv-az42-136","name":"@waytrade/microservice-core","msg":"HTTP Server on port 33745 stopped"}
{"level":30,"time":1629452841932,"pid":5874,"hostname":"fv-az42-136","name":"@waytrade/microservice-core","msg":"App stopped."}
{"level":30,"time":1629452841933,"pid":5874,"hostname":"fv-az42-136","name":"@waytrade/microservice-core","msg":"Starting App..."}
{"level":20,"time":1629452841933,"pid":5874,"hostname":"fv-az42-136","name":"@waytrade/microservice-core","msg":"Starting HTTP Server on port 0"}
{"level":20,"time":1629452841934,"pid":5874,"hostname":"fv-az42-136","name":"@waytrade/microservice-core","msg":"HTTP Server listening on port 44781"}
{"level":20,"time":1629452841934,"pid":5874,"hostname":"fv-az42-136","name":"@waytrade/microservice-core","msg":"Starting HTTP Server on port 0"}
{"level":20,"time":1629452841934,"pid":5874,"hostname":"fv-az42-136","name":"@waytrade/microservice-core","msg":"HTTP Server listening on port 46005"}
{"level":30,"time":1629452841934,"pid":5874,"hostname":"fv-az42-136","name":"@waytrade/microservice-core","msg":"API Server started at port 44781"}
{"level":30,"time":1629452841934,"pid":5874,"hostname":"fv-az42-136","name":"@waytrade/microservice-core","msg":"Webhook Callback Server started at port 46005"}
{"level":20,"time":1629452841936,"pid":5874,"hostname":"fv-az42-136","name":"@waytrade/microservice-core","msg":"HTTP post /subscribe -> 201 (0ms)"}
{"level":20,"time":1629452841938,"pid":5874,"hostname":"fv-az42-136","name":"@waytrade/microservice-core","msg":"HTTP post /subscribe -> 201 (0ms)"}
{"level":20,"time":1629452841939,"pid":5874,"hostname":"fv-az42-136","name":"@waytrade/microservice-core","msg":"HTTP Server on port 44781 stopped"}
{"level":20,"time":1629452841939,"pid":5874,"hostname":"fv-az42-136","name":"@waytrade/microservice-core","msg":"HTTP Server on port 46005 stopped"}
{"level":30,"time":1629452841939,"pid":5874,"hostname":"fv-az42-136","name":"@waytrade/microservice-core","msg":"App stopped."}
{"level":30,"time":1629452841940,"pid":5874,"hostname":"fv-az42-136","name":"@waytrade/microservice-core","msg":"Starting App..."}
{"level":20,"time":1629452841940,"pid":5874,"hostname":"fv-az42-136","name":"@waytrade/microservice-core","msg":"Starting HTTP Server on port 0"}
{"level":20,"time":1629452841941,"pid":5874,"hostname":"fv-az42-136","name":"@waytrade/microservice-core","msg":"HTTP Server listening on port 49933"}
{"level":20,"time":1629452841941,"pid":5874,"hostname":"fv-az42-136","name":"@waytrade/microservice-core","msg":"Starting HTTP Server on port 0"}
{"level":20,"time":1629452841941,"pid":5874,"hostname":"fv-az42-136","name":"@waytrade/microservice-core","msg":"HTTP Server listening on port 38101"}
{"level":30,"time":1629452841941,"pid":5874,"hostname":"fv-az42-136","name":"@waytrade/microservice-core","msg":"API Server started at port 49933"}
{"level":30,"time":1629452841941,"pid":5874,"hostname":"fv-az42-136","name":"@waytrade/microservice-core","msg":"Webhook Callback Server started at port 38101"}
{"level":20,"time":1629452841942,"pid":5874,"hostname":"fv-az42-136","name":"@waytrade/microservice-core","msg":"HTTP post /subscribe -> 201 (0ms)"}
{"level":20,"time":1629452841945,"pid":5874,"hostname":"fv-az42-136","name":"@waytrade/microservice-core","msg":"HTTP post /unsubscribe -> 200 (1ms)"}
{"level":20,"time":1629452841945,"pid":5874,"hostname":"fv-az42-136","name":"@waytrade/microservice-core","msg":"HTTP Server on port 49933 stopped"}
{"level":20,"time":1629452841945,"pid":5874,"hostname":"fv-az42-136","name":"@waytrade/microservice-core","msg":"HTTP Server on port 38101 stopped"}
{"level":30,"time":1629452841945,"pid":5874,"hostname":"fv-az42-136","name":"@waytrade/microservice-core","msg":"App stopped."}
{"level":30,"time":1629452841947,"pid":5874,"hostname":"fv-az42-136","name":"@waytrade/microservice-core","msg":"Starting App..."}
{"level":20,"time":1629452841947,"pid":5874,"hostname":"fv-az42-136","name":"@waytrade/microservice-core","msg":"Starting HTTP Server on port 0"}
{"level":20,"time":1629452841947,"pid":5874,"hostname":"fv-az42-136","name":"@waytrade/microservice-core","msg":"HTTP Server listening on port 50981"}
{"level":20,"time":1629452841947,"pid":5874,"hostname":"fv-az42-136","name":"@waytrade/microservice-core","msg":"Starting HTTP Server on port 0"}
{"level":20,"time":1629452841947,"pid":5874,"hostname":"fv-az42-136","name":"@waytrade/microservice-core","msg":"HTTP Server listening on port 42867"}
{"level":30,"time":1629452841947,"pid":5874,"hostname":"fv-az42-136","name":"@waytrade/microservice-core","msg":"API Server started at port 50981"}
{"level":30,"time":1629452841947,"pid":5874,"hostname":"fv-az42-136","name":"@waytrade/microservice-core","msg":"Webhook Callback Server started at port 42867"}
{"level":20,"time":1629452841949,"pid":5874,"hostname":"fv-az42-136","name":"@waytrade/microservice-core","msg":"HTTP post /unsubscribe -> 400 (0ms)"}
{"level":20,"time":1629452841950,"pid":5874,"hostname":"fv-az42-136","name":"@waytrade/microservice-core","msg":"HTTP Server on port 50981 stopped"}
{"level":20,"time":1629452841950,"pid":5874,"hostname":"fv-az42-136","name":"@waytrade/microservice-core","msg":"HTTP Server on port 42867 stopped"}
{"level":30,"time":1629452841950,"pid":5874,"hostname":"fv-az42-136","name":"@waytrade/microservice-core","msg":"App stopped."}
{"level":30,"time":1629452841951,"pid":5874,"hostname":"fv-az42-136","name":"@waytrade/microservice-core","msg":"Starting App..."}
{"level":20,"time":1629452841951,"pid":5874,"hostname":"fv-az42-136","name":"@waytrade/microservice-core","msg":"Starting HTTP Server on port 0"}
{"level":20,"time":1629452841951,"pid":5874,"hostname":"fv-az42-136","name":"@waytrade/microservice-core","msg":"HTTP Server listening on port 34125"}
{"level":20,"time":1629452841951,"pid":5874,"hostname":"fv-az42-136","name":"@waytrade/microservice-core","msg":"Starting HTTP Server on port 0"}
{"level":20,"time":1629452841951,"pid":5874,"hostname":"fv-az42-136","name":"@waytrade/microservice-core","msg":"HTTP Server listening on port 58409"}
{"level":30,"time":1629452841951,"pid":5874,"hostname":"fv-az42-136","name":"@waytrade/microservice-core","msg":"API Server started at port 34125"}
{"level":30,"time":1629452841951,"pid":5874,"hostname":"fv-az42-136","name":"@waytrade/microservice-core","msg":"Webhook Callback Server started at port 58409"}
{"level":20,"time":1629452841953,"pid":5874,"hostname":"fv-az42-136","name":"@waytrade/microservice-core","msg":"HTTP post /unsubscribe -> 404 (0ms)"}
{"level":20,"time":1629452841954,"pid":5874,"hostname":"fv-az42-136","name":"@waytrade/microservice-core","msg":"HTTP Server on port 34125 stopped"}
{"level":20,"time":1629452841954,"pid":5874,"hostname":"fv-az42-136","name":"@waytrade/microservice-core","msg":"HTTP Server on port 58409 stopped"}
{"level":30,"time":1629452841954,"pid":5874,"hostname":"fv-az42-136","name":"@waytrade/microservice-core","msg":"App stopped."}
{"level":30,"time":1629452841955,"pid":5874,"hostname":"fv-az42-136","name":"@waytrade/microservice-core","msg":"Starting App..."}
{"level":20,"time":1629452841955,"pid":5874,"hostname":"fv-az42-136","name":"@waytrade/microservice-core","msg":"Starting HTTP Server on port 0"}
{"level":20,"time":1629452841956,"pid":5874,"hostname":"fv-az42-136","name":"@waytrade/microservice-core","msg":"HTTP Server listening on port 50657"}
{"level":20,"time":1629452841956,"pid":5874,"hostname":"fv-az42-136","name":"@waytrade/microservice-core","msg":"Starting HTTP Server on port 0"}
{"level":20,"time":1629452841956,"pid":5874,"hostname":"fv-az42-136","name":"@waytrade/microservice-core","msg":"HTTP Server listening on port 45221"}
{"level":30,"time":1629452841956,"pid":5874,"hostname":"fv-az42-136","name":"@waytrade/microservice-core","msg":"API Server started at port 50657"}
{"level":30,"time":1629452841956,"pid":5874,"hostname":"fv-az42-136","name":"@waytrade/microservice-core","msg":"Webhook Callback Server started at port 45221"}
{"level":20,"time":1629452841957,"pid":5874,"hostname":"fv-az42-136","name":"@waytrade/microservice-core","msg":"HTTP post /subscribe -> 201 (0ms)"}
{"level":20,"time":1629452841970,"pid":5874,"hostname":"fv-az42-136","name":"@waytrade/microservice-core","msg":"HTTP Server on port 50657 stopped"}
{"level":20,"time":1629452841970,"pid":5874,"hostname":"fv-az42-136","name":"@waytrade/microservice-core","msg":"HTTP Server on port 45221 stopped"}
{"level":30,"time":1629452841970,"pid":5874,"hostname":"fv-az42-136","name":"@waytrade/microservice-core","msg":"App stopped."}
{"level":20,"time":1629452841970,"pid":5874,"hostname":"fv-az42-136","name":"@waytrade/microservice-core","msg":"HTTP post /callback -> 200 (0ms)"}
{"level":30,"time":1629452841971,"pid":5874,"hostname":"fv-az42-136","name":"@waytrade/microservice-core","msg":"Starting App..."}
{"level":20,"time":1629452841972,"pid":5874,"hostname":"fv-az42-136","name":"@waytrade/microservice-core","msg":"Starting HTTP Server on port 0"}
{"level":20,"time":1629452841972,"pid":5874,"hostname":"fv-az42-136","name":"@waytrade/microservice-core","msg":"HTTP Server listening on port 35415"}
{"level":20,"time":1629452841972,"pid":5874,"hostname":"fv-az42-136","name":"@waytrade/microservice-core","msg":"Starting HTTP Server on port 0"}
{"level":20,"time":1629452841972,"pid":5874,"hostname":"fv-az42-136","name":"@waytrade/microservice-core","msg":"HTTP Server listening on port 57303"}
{"level":30,"time":1629452841972,"pid":5874,"hostname":"fv-az42-136","name":"@waytrade/microservice-core","msg":"API Server started at port 35415"}
{"level":30,"time":1629452841972,"pid":5874,"hostname":"fv-az42-136","name":"@waytrade/microservice-core","msg":"Webhook Callback Server started at port 57303"}
{"level":20,"time":1629452841974,"pid":5874,"hostname":"fv-az42-136","name":"@waytrade/microservice-core","msg":"HTTP post /subscribe -> 201 (0ms)"}
{"level":20,"time":1629452841986,"pid":5874,"hostname":"fv-az42-136","name":"@waytrade/microservice-core","msg":"HTTP Server on port 35415 stopped"}
{"level":20,"time":1629452841986,"pid":5874,"hostname":"fv-az42-136","name":"@waytrade/microservice-core","msg":"HTTP Server on port 57303 stopped"}
{"level":30,"time":1629452841986,"pid":5874,"hostname":"fv-az42-136","name":"@waytrade/microservice-core","msg":"App stopped."}
{"level":20,"time":1629452841986,"pid":5874,"hostname":"fv-az42-136","name":"@waytrade/microservice-core","msg":"HTTP post /callback -> 200 (1ms)"}
{"level":30,"time":1629452841987,"pid":5874,"hostname":"fv-az42-136","name":"@waytrade/microservice-core","msg":"Starting App..."}
{"level":20,"time":1629452841987,"pid":5874,"hostname":"fv-az42-136","name":"@waytrade/microservice-core","msg":"Starting HTTP Server on port 0"}
{"level":20,"time":1629452841987,"pid":5874,"hostname":"fv-az42-136","name":"@waytrade/microservice-core","msg":"HTTP Server listening on port 46687"}
{"level":20,"time":1629452841987,"pid":5874,"hostname":"fv-az42-136","name":"@waytrade/microservice-core","msg":"Starting HTTP Server on port 0"}
{"level":20,"time":1629452841987,"pid":5874,"hostname":"fv-az42-136","name":"@waytrade/microservice-core","msg":"HTTP Server listening on port 36987"}
{"level":30,"time":1629452841987,"pid":5874,"hostname":"fv-az42-136","name":"@waytrade/microservice-core","msg":"API Server started at port 46687"}
{"level":30,"time":1629452841987,"pid":5874,"hostname":"fv-az42-136","name":"@waytrade/microservice-core","msg":"Webhook Callback Server started at port 36987"}
{"level":20,"time":1629452841989,"pid":5874,"hostname":"fv-az42-136","name":"@waytrade/microservice-core","msg":"HTTP post /subscribe -> 201 (0ms)"}
{"level":20,"time":1629452842001,"pid":5874,"hostname":"fv-az42-136","name":"@waytrade/microservice-core","msg":"HTTP post /callback -> 418 (1ms)"}
{"level":20,"time":1629452842002,"pid":5874,"hostname":"fv-az42-136","name":"@waytrade/microservice-core","msg":"HTTP post /subscribe -> 201 (0ms)"}
{"level":20,"time":1629452842003,"pid":5874,"hostname":"fv-az42-136","name":"@waytrade/microservice-core","msg":"HTTP Server on port 46687 stopped"}
{"level":20,"time":1629452842003,"pid":5874,"hostname":"fv-az42-136","name":"@waytrade/microservice-core","msg":"HTTP Server on port 36987 stopped"}
{"level":30,"time":1629452842003,"pid":5874,"hostname":"fv-az42-136","name":"@waytrade/microservice-core","msg":"App stopped."}
{"level":30,"time":1629452842004,"pid":5874,"hostname":"fv-az42-136","name":"@waytrade/microservice-core","msg":"Starting App..."}
{"level":20,"time":1629452842005,"pid":5874,"hostname":"fv-az42-136","name":"@waytrade/microservice-core","msg":"Starting HTTP Server on port 0"}
{"level":20,"time":1629452842005,"pid":5874,"hostname":"fv-az42-136","name":"@waytrade/microservice-core","msg":"HTTP Server listening on port 54903"}
{"level":20,"time":1629452842005,"pid":5874,"hostname":"fv-az42-136","name":"@waytrade/microservice-core","msg":"Starting HTTP Server on port 0"}
{"level":20,"time":1629452842005,"pid":5874,"hostname":"fv-az42-136","name":"@waytrade/microservice-core","msg":"HTTP Server listening on port 44485"}
{"level":30,"time":1629452842005,"pid":5874,"hostname":"fv-az42-136","name":"@waytrade/microservice-core","msg":"API Server started at port 54903"}
{"level":30,"time":1629452842005,"pid":5874,"hostname":"fv-az42-136","name":"@waytrade/microservice-core","msg":"Webhook Callback Server started at port 44485"}
{"level":20,"time":1629452842015,"pid":5874,"hostname":"fv-az42-136","name":"@waytrade/microservice-core","msg":"HTTP post /subscribe -> 201 (1ms)"}
{"level":20,"time":1629452842017,"pid":5874,"hostname":"fv-az42-136","name":"@waytrade/microservice-core","msg":"HTTP post /subscribe -> 201 (0ms)"}
{"level":20,"time":1629452842018,"pid":5874,"hostname":"fv-az42-136","name":"@waytrade/microservice-core","msg":"HTTP Server on port 54903 stopped"}
{"level":20,"time":1629452842018,"pid":5874,"hostname":"fv-az42-136","name":"@waytrade/microservice-core","msg":"HTTP Server on port 44485 stopped"}
{"level":30,"time":1629452842018,"pid":5874,"hostname":"fv-az42-136","name":"@waytrade/microservice-core","msg":"App stopped."}
{"level":20,"time":1629452842451,"pid":5874,"hostname":"fv-az42-136","name":"@waytrade/microservice-core","msg":"Starting HTTP Server on port 0"}
{"level":20,"time":1629452842451,"pid":5874,"hostname":"fv-az42-136","name":"@waytrade/microservice-core","msg":"HTTP Server listening on port 53565"}
{"level":20,"time":1629452842454,"pid":5874,"hostname":"fv-az42-136","name":"@waytrade/microservice-core","msg":"HTTP get /api/test/ -> 200 (0ms)"}
{"level":20,"time":1629452842455,"pid":5874,"hostname":"fv-az42-136","name":"@waytrade/microservice-core","msg":"HTTP Server on port 53565 stopped"}
{"level":20,"time":1629452842456,"pid":5874,"hostname":"fv-az42-136","name":"@waytrade/microservice-core","msg":"Starting HTTP Server on port 0"}
{"level":20,"time":1629452842456,"pid":5874,"hostname":"fv-az42-136","name":"@waytrade/microservice-core","msg":"HTTP Server listening on port 48513"}
{"level":20,"time":1629452842457,"pid":5874,"hostname":"fv-az42-136","name":"@waytrade/microservice-core","msg":"HTTP get /api/test/error -> 418 (0ms)"}
{"level":20,"time":1629452842457,"pid":5874,"hostname":"fv-az42-136","name":"@waytrade/microservice-core","msg":"HTTP Server on port 48513 stopped"}
{"level":20,"time":1629452842458,"pid":5874,"hostname":"fv-az42-136","name":"@waytrade/microservice-core","msg":"Starting HTTP Server on port 0"}
{"level":20,"time":1629452842458,"pid":5874,"hostname":"fv-az42-136","name":"@waytrade/microservice-core","msg":"HTTP Server listening on port 43961"}
{"level":20,"time":1629452842500,"pid":5874,"hostname":"fv-az42-136","name":"@waytrade/microservice-core","msg":"HTTP get /api/test/serverError -> 500 (41ms)"}
{"level":20,"time":1629452842501,"pid":5874,"hostname":"fv-az42-136","name":"@waytrade/microservice-core","msg":"HTTP Server on port 43961 stopped"}
{"level":20,"time":1629452842502,"pid":5874,"hostname":"fv-az42-136","name":"@waytrade/microservice-core","msg":"Starting HTTP Server on port 0"}
{"level":20,"time":1629452842502,"pid":5874,"hostname":"fv-az42-136","name":"@waytrade/microservice-core","msg":"HTTP Server listening on port 37795"}
{"level":20,"time":1629452842503,"pid":5874,"hostname":"fv-az42-136","name":"@waytrade/microservice-core","msg":"HTTP put /api/test/ -> 200 (0ms)"}
{"level":20,"time":1629452842504,"pid":5874,"hostname":"fv-az42-136","name":"@waytrade/microservice-core","msg":"HTTP Server on port 37795 stopped"}
{"level":20,"time":1629452842505,"pid":5874,"hostname":"fv-az42-136","name":"@waytrade/microservice-core","msg":"Starting HTTP Server on port 0"}
{"level":20,"time":1629452842505,"pid":5874,"hostname":"fv-az42-136","name":"@waytrade/microservice-core","msg":"HTTP Server listening on port 46917"}
{"level":20,"time":1629452842506,"pid":5874,"hostname":"fv-az42-136","name":"@waytrade/microservice-core","msg":"HTTP put /api/test/error -> 418 (1ms)"}
{"level":20,"time":1629452842506,"pid":5874,"hostname":"fv-az42-136","name":"@waytrade/microservice-core","msg":"HTTP Server on port 46917 stopped"}
{"level":20,"time":1629452842507,"pid":5874,"hostname":"fv-az42-136","name":"@waytrade/microservice-core","msg":"Starting HTTP Server on port 0"}
{"level":20,"time":1629452842507,"pid":5874,"hostname":"fv-az42-136","name":"@waytrade/microservice-core","msg":"HTTP Server listening on port 52351"}
{"level":20,"time":1629452842508,"pid":5874,"hostname":"fv-az42-136","name":"@waytrade/microservice-core","msg":"HTTP post /api/test/ -> 200 (0ms)"}
{"level":20,"time":1629452842509,"pid":5874,"hostname":"fv-az42-136","name":"@waytrade/microservice-core","msg":"HTTP Server on port 52351 stopped"}
{"level":20,"time":1629452842509,"pid":5874,"hostname":"fv-az42-136","name":"@waytrade/microservice-core","msg":"Starting HTTP Server on port 0"}
{"level":20,"time":1629452842509,"pid":5874,"hostname":"fv-az42-136","name":"@waytrade/microservice-core","msg":"HTTP Server listening on port 47177"}
{"level":20,"time":1629452842510,"pid":5874,"hostname":"fv-az42-136","name":"@waytrade/microservice-core","msg":"HTTP post /api/test/error -> 418 (0ms)"}
{"level":20,"time":1629452842511,"pid":5874,"hostname":"fv-az42-136","name":"@waytrade/microservice-core","msg":"HTTP Server on port 47177 stopped"}
{"level":20,"time":1629452842511,"pid":5874,"hostname":"fv-az42-136","name":"@waytrade/microservice-core","msg":"Starting HTTP Server on port 0"}
{"level":20,"time":1629452842511,"pid":5874,"hostname":"fv-az42-136","name":"@waytrade/microservice-core","msg":"HTTP Server listening on port 56891"}
{"level":20,"time":1629452842529,"pid":5874,"hostname":"fv-az42-136","name":"@waytrade/microservice-core","msg":"HTTP patch /api/test/ -> 200 (0ms)"}
{"level":20,"time":1629452842529,"pid":5874,"hostname":"fv-az42-136","name":"@waytrade/microservice-core","msg":"HTTP Server on port 56891 stopped"}
{"level":20,"time":1629452842530,"pid":5874,"hostname":"fv-az42-136","name":"@waytrade/microservice-core","msg":"Starting HTTP Server on port 0"}
{"level":20,"time":1629452842530,"pid":5874,"hostname":"fv-az42-136","name":"@waytrade/microservice-core","msg":"HTTP Server listening on port 59631"}
{"level":20,"time":1629452842531,"pid":5874,"hostname":"fv-az42-136","name":"@waytrade/microservice-core","msg":"HTTP patch /api/test/error -> 418 (0ms)"}
{"level":20,"time":1629452842531,"pid":5874,"hostname":"fv-az42-136","name":"@waytrade/microservice-core","msg":"HTTP Server on port 59631 stopped"}
{"level":20,"time":1629452842532,"pid":5874,"hostname":"fv-az42-136","name":"@waytrade/microservice-core","msg":"Starting HTTP Server on port 0"}
{"level":20,"time":1629452842532,"pid":5874,"hostname":"fv-az42-136","name":"@waytrade/microservice-core","msg":"HTTP Server listening on port 41647"}
{"level":20,"time":1629452842533,"pid":5874,"hostname":"fv-az42-136","name":"@waytrade/microservice-core","msg":"HTTP delete /api/test/ -> 200 (0ms)"}
{"level":20,"time":1629452842537,"pid":5874,"hostname":"fv-az42-136","name":"@waytrade/microservice-core","msg":"HTTP Server on port 41647 stopped"}
{"level":20,"time":1629452842538,"pid":5874,"hostname":"fv-az42-136","name":"@waytrade/microservice-core","msg":"Starting HTTP Server on port 0"}
{"level":20,"time":1629452842538,"pid":5874,"hostname":"fv-az42-136","name":"@waytrade/microservice-core","msg":"HTTP Server listening on port 59485"}
{"level":20,"time":1629452842539,"pid":5874,"hostname":"fv-az42-136","name":"@waytrade/microservice-core","msg":"HTTP delete /api/test/error -> 418 (0ms)"}
{"level":20,"time":1629452842539,"pid":5874,"hostname":"fv-az42-136","name":"@waytrade/microservice-core","msg":"HTTP Server on port 59485 stopped"}
{"level":20,"time":1629452842879,"pid":5874,"hostname":"fv-az42-136","name":"@waytrade/microservice-core","msg":"Starting HTTP Server on port 0"}
{"level":20,"time":1629452842879,"pid":5874,"hostname":"fv-az42-136","name":"@waytrade/microservice-core","msg":"HTTP Server listening on port 42905"}
{"level":20,"time":1629452842882,"pid":5874,"hostname":"fv-az42-136","name":"@waytrade/microservice-core","msg":"HTTP get /api/test/ -> 200 (0ms)"}
{"level":20,"time":1629452842883,"pid":5874,"hostname":"fv-az42-136","name":"@waytrade/microservice-core","msg":"HTTP Server on port 42905 stopped"}
{"level":20,"time":1629452842883,"pid":5874,"hostname":"fv-az42-136","name":"@waytrade/microservice-core","msg":"Starting HTTP Server on port 0"}
{"level":20,"time":1629452842884,"pid":5874,"hostname":"fv-az42-136","name":"@waytrade/microservice-core","msg":"HTTP Server listening on port 44511"}
{"level":20,"time":1629452842885,"pid":5874,"hostname":"fv-az42-136","name":"@waytrade/microservice-core","msg":"HTTP get /api/test/notImplemented -> 501 (1ms)"}
{"level":20,"time":1629452842885,"pid":5874,"hostname":"fv-az42-136","name":"@waytrade/microservice-core","msg":"HTTP Server on port 44511 stopped"}
{"level":20,"time":1629452842886,"pid":5874,"hostname":"fv-az42-136","name":"@waytrade/microservice-core","msg":"Starting HTTP Server on port 0"}
{"level":20,"time":1629452842886,"pid":5874,"hostname":"fv-az42-136","name":"@waytrade/microservice-core","msg":"HTTP Server listening on port 42099"}
{"level":20,"time":1629452842887,"pid":5874,"hostname":"fv-az42-136","name":"@waytrade/microservice-core","msg":"HTTP put /api/test/ -> 200 (0ms)"}
{"level":20,"time":1629452842888,"pid":5874,"hostname":"fv-az42-136","name":"@waytrade/microservice-core","msg":"HTTP Server on port 42099 stopped"}
{"level":20,"time":1629452842888,"pid":5874,"hostname":"fv-az42-136","name":"@waytrade/microservice-core","msg":"Starting HTTP Server on port 0"}
{"level":20,"time":1629452842889,"pid":5874,"hostname":"fv-az42-136","name":"@waytrade/microservice-core","msg":"HTTP Server listening on port 47271"}
{"level":20,"time":1629452842890,"pid":5874,"hostname":"fv-az42-136","name":"@waytrade/microservice-core","msg":"HTTP put /api/test/notImplemented -> 501 (1ms)"}
{"level":20,"time":1629452842890,"pid":5874,"hostname":"fv-az42-136","name":"@waytrade/microservice-core","msg":"HTTP Server on port 47271 stopped"}
{"level":20,"time":1629452842890,"pid":5874,"hostname":"fv-az42-136","name":"@waytrade/microservice-core","msg":"Starting HTTP Server on port 0"}
{"level":20,"time":1629452842891,"pid":5874,"hostname":"fv-az42-136","name":"@waytrade/microservice-core","msg":"HTTP Server listening on port 48633"}
{"level":20,"time":1629452842892,"pid":5874,"hostname":"fv-az42-136","name":"@waytrade/microservice-core","msg":"HTTP post /api/test/ -> 200 (0ms)"}
{"level":20,"time":1629452842893,"pid":5874,"hostname":"fv-az42-136","name":"@waytrade/microservice-core","msg":"HTTP Server on port 48633 stopped"}
{"level":20,"time":1629452842893,"pid":5874,"hostname":"fv-az42-136","name":"@waytrade/microservice-core","msg":"Starting HTTP Server on port 0"}
{"level":20,"time":1629452842893,"pid":5874,"hostname":"fv-az42-136","name":"@waytrade/microservice-core","msg":"HTTP Server listening on port 35853"}
{"level":20,"time":1629452842894,"pid":5874,"hostname":"fv-az42-136","name":"@waytrade/microservice-core","msg":"HTTP post /api/test/notImplemented -> 501 (0ms)"}
{"level":20,"time":1629452842895,"pid":5874,"hostname":"fv-az42-136","name":"@waytrade/microservice-core","msg":"HTTP Server on port 35853 stopped"}
{"level":20,"time":1629452842895,"pid":5874,"hostname":"fv-az42-136","name":"@waytrade/microservice-core","msg":"Starting HTTP Server on port 0"}
{"level":20,"time":1629452842895,"pid":5874,"hostname":"fv-az42-136","name":"@waytrade/microservice-core","msg":"HTTP Server listening on port 33519"}
{"level":20,"time":1629452842896,"pid":5874,"hostname":"fv-az42-136","name":"@waytrade/microservice-core","msg":"HTTP patch /api/test/ -> 200 (0ms)"}
{"level":20,"time":1629452842897,"pid":5874,"hostname":"fv-az42-136","name":"@waytrade/microservice-core","msg":"HTTP Server on port 33519 stopped"}
{"level":20,"time":1629452842897,"pid":5874,"hostname":"fv-az42-136","name":"@waytrade/microservice-core","msg":"Starting HTTP Server on port 0"}
{"level":20,"time":1629452842898,"pid":5874,"hostname":"fv-az42-136","name":"@waytrade/microservice-core","msg":"HTTP Server listening on port 50065"}
{"level":20,"time":1629452842899,"pid":5874,"hostname":"fv-az42-136","name":"@waytrade/microservice-core","msg":"HTTP post /api/test/notImplemented -> 501 (1ms)"}
{"level":20,"time":1629452842899,"pid":5874,"hostname":"fv-az42-136","name":"@waytrade/microservice-core","msg":"HTTP Server on port 50065 stopped"}
{"level":20,"time":1629452842899,"pid":5874,"hostname":"fv-az42-136","name":"@waytrade/microservice-core","msg":"Starting HTTP Server on port 0"}
{"level":20,"time":1629452842900,"pid":5874,"hostname":"fv-az42-136","name":"@waytrade/microservice-core","msg":"HTTP Server listening on port 57609"}
{"level":20,"time":1629452842901,"pid":5874,"hostname":"fv-az42-136","name":"@waytrade/microservice-core","msg":"HTTP delete /api/test/ -> 200 (0ms)"}
{"level":20,"time":1629452842902,"pid":5874,"hostname":"fv-az42-136","name":"@waytrade/microservice-core","msg":"HTTP Server on port 57609 stopped"}
{"level":20,"time":1629452842902,"pid":5874,"hostname":"fv-az42-136","name":"@waytrade/microservice-core","msg":"Starting HTTP Server on port 0"}
{"level":20,"time":1629452842902,"pid":5874,"hostname":"fv-az42-136","name":"@waytrade/microservice-core","msg":"HTTP Server listening on port 38847"}
{"level":20,"time":1629452842903,"pid":5874,"hostname":"fv-az42-136","name":"@waytrade/microservice-core","msg":"HTTP post /api/test/notImplemented -> 501 (0ms)"}
{"level":20,"time":1629452842904,"pid":5874,"hostname":"fv-az42-136","name":"@waytrade/microservice-core","msg":"HTTP Server on port 38847 stopped"}
{"level":20,"time":1629452843260,"pid":5874,"hostname":"fv-az42-136","name":"@waytrade/microservice-core","msg":"Debug message"}
{"level":30,"time":1629452843260,"pid":5874,"hostname":"fv-az42-136","name":"@waytrade/microservice-core","msg":"Info message"}
{"level":40,"time":1629452843261,"pid":5874,"hostname":"fv-az42-136","name":"@waytrade/microservice-core","msg":"Warning message"}
{"level":50,"time":1629452843261,"pid":5874,"hostname":"fv-az42-136","name":"@waytrade/microservice-core","msg":"Error message"}
{"level":30,"time":1629452843262,"pid":5874,"hostname":"fv-az42-136","name":"@waytrade/microservice-core","msg":"Info message"}
{"level":40,"time":1629452843262,"pid":5874,"hostname":"fv-az42-136","name":"@waytrade/microservice-core","msg":"Warning message"}
{"level":50,"time":1629452843262,"pid":5874,"hostname":"fv-az42-136","name":"@waytrade/microservice-core","msg":"Error message"}
{"level":40,"time":1629452843263,"pid":5874,"hostname":"fv-az42-136","name":"@waytrade/microservice-core","msg":"Warning message"}
{"level":50,"time":1629452843264,"pid":5874,"hostname":"fv-az42-136","name":"@waytrade/microservice-core","msg":"Error message"}
{"level":50,"time":1629452843265,"pid":5874,"hostname":"fv-az42-136","name":"@waytrade/microservice-core","msg":"Error message"}
{"level":20,"time":1629452843270,"pid":5874,"hostname":"fv-az42-136","name":"@waytrade/microservice-core","msg":"Debug message"}
{"level":30,"time":1629452843271,"pid":5874,"hostname":"fv-az42-136","name":"@waytrade/microservice-core","msg":"Info message"}
{"level":40,"time":1629452843271,"pid":5874,"hostname":"fv-az42-136","name":"@waytrade/microservice-core","msg":"Warning message"}
{"level":50,"time":1629452843271,"pid":5874,"hostname":"fv-az42-136","name":"@waytrade/microservice-core","msg":"Error message"}
{"level":20,"time":1629452843604,"pid":5874,"hostname":"fv-az42-136","name":"@waytrade/microservice-core","msg":"Starting HTTP Server on port 0"}
{"level":20,"time":1629452843604,"pid":5874,"hostname":"fv-az42-136","name":"@waytrade/microservice-core","msg":"HTTP Server listening on port 35763"}
{"level":20,"time":1629452843607,"pid":5874,"hostname":"fv-az42-136","name":"@waytrade/microservice-core","msg":"HTTP Server on port 35763 stopped"}
{"level":20,"time":1629452843607,"pid":5874,"hostname":"fv-az42-136","name":"@waytrade/microservice-core","msg":"Starting HTTP Server on port 0"}
{"level":20,"time":1629452843608,"pid":5874,"hostname":"fv-az42-136","name":"@waytrade/microservice-core","msg":"HTTP Server listening on port 44133"}
{"level":20,"time":1629452843611,"pid":5874,"hostname":"fv-az42-136","name":"@waytrade/microservice-core","msg":"HTTP Server on port 44133 stopped"}
{"level":20,"time":1629452843611,"pid":5874,"hostname":"fv-az42-136","name":"@waytrade/microservice-core","msg":"Starting HTTP Server on port 0"}
{"level":20,"time":1629452843611,"pid":5874,"hostname":"fv-az42-136","name":"@waytrade/microservice-core","msg":"HTTP Server listening on port 59313"}
{"level":50,"time":1629452843613,"pid":5874,"hostname":"fv-az42-136","name":"@waytrade/microservice-core","msg":"Binary data on websocket not supported."}
{"level":20,"time":1629452844613,"pid":5874,"hostname":"fv-az42-136","name":"@waytrade/microservice-core","msg":"HTTP Server on port 59313 stopped"}
{"level":20,"time":1629452844613,"pid":5874,"hostname":"fv-az42-136","name":"@waytrade/microservice-core","msg":"Starting HTTP Server on port 0"}
{"level":20,"time":1629452844614,"pid":5874,"hostname":"fv-az42-136","name":"@waytrade/microservice-core","msg":"HTTP Server listening on port 50173"}
{"level":20,"time":1629452844617,"pid":5874,"hostname":"fv-az42-136","name":"@waytrade/microservice-core","msg":"HTTP Server on port 50173 stopped"}
{"level":20,"time":1629452844617,"pid":5874,"hostname":"fv-az42-136","name":"@waytrade/microservice-core","msg":"Starting HTTP Server on port 0"}
{"level":20,"time":1629452844618,"pid":5874,"hostname":"fv-az42-136","name":"@waytrade/microservice-core","msg":"HTTP Server listening on port 51619"}
{"level":20,"time":1629452845621,"pid":5874,"hostname":"fv-az42-136","name":"@waytrade/microservice-core","msg":"HTTP Server on port 51619 stopped"}
{"level":20,"time":1629452845622,"pid":5874,"hostname":"fv-az42-136","name":"@waytrade/microservice-core","msg":"Starting HTTP Server on port 0"}
{"level":20,"time":1629452845622,"pid":5874,"hostname":"fv-az42-136","name":"@waytrade/microservice-core","msg":"HTTP Server listening on port 53787"}
{"level":20,"time":1629452845782,"pid":5874,"hostname":"fv-az42-136","name":"@waytrade/microservice-core","msg":"HTTP Server on port 53787 stopped"}
{"level":20,"time":1629452845783,"pid":5874,"hostname":"fv-az42-136","name":"@waytrade/microservice-core","msg":"Starting HTTP Server on port 0"}
{"level":20,"time":1629452845783,"pid":5874,"hostname":"fv-az42-136","name":"@waytrade/microservice-core","msg":"HTTP Server listening on port 36847"}
{"level":20,"time":1629452845997,"pid":5874,"hostname":"fv-az42-136","name":"@waytrade/microservice-core","msg":"HTTP Server on port 36847 stopped"}
{"level":30,"time":1629452846259,"pid":5874,"hostname":"fv-az42-136","name":"@waytrade/microservice-core","msg":"Starting App..."}
{"level":20,"time":1629452846260,"pid":5874,"hostname":"fv-az42-136","name":"@waytrade/microservice-core","msg":"Starting HTTP Server on port 0"}
{"level":20,"time":1629452846260,"pid":5874,"hostname":"fv-az42-136","name":"@waytrade/microservice-core","msg":"HTTP Server listening on port 32971"}
{"level":30,"time":1629452846260,"pid":5874,"hostname":"fv-az42-136","name":"@waytrade/microservice-core","msg":"API Server started at port 32971"}
{"level":20,"time":1629452846260,"pid":5874,"hostname":"fv-az42-136","name":"@waytrade/microservice-core","msg":"HTTP Server on port 32971 stopped"}
{"level":30,"time":1629452846260,"pid":5874,"hostname":"fv-az42-136","name":"@waytrade/microservice-core","msg":"App stopped."}
{"level":30,"time":1629452846261,"pid":5874,"hostname":"fv-az42-136","name":"@waytrade/microservice-core","msg":"Starting App..."}
{"level":20,"time":1629452846262,"pid":5874,"hostname":"fv-az42-136","name":"@waytrade/microservice-core","msg":"Starting HTTP Server on port 0"}
{"level":20,"time":1629452846262,"pid":5874,"hostname":"fv-az42-136","name":"@waytrade/microservice-core","msg":"HTTP Server listening on port 47511"}
{"level":30,"time":1629452846262,"pid":5874,"hostname":"fv-az42-136","name":"@waytrade/microservice-core","msg":"API Server started at port 47511"}
{"level":20,"time":1629452846262,"pid":5874,"hostname":"fv-az42-136","name":"@waytrade/microservice-core","msg":"HTTP Server on port 47511 stopped"}
{"level":30,"time":1629452846262,"pid":5874,"hostname":"fv-az42-136","name":"@waytrade/microservice-core","msg":"App stopped."}
{"level":30,"time":1629452846263,"pid":5874,"hostname":"fv-az42-136","name":"@waytrade/microservice-core","msg":"Starting App..."}
{"level":20,"time":1629452846263,"pid":5874,"hostname":"fv-az42-136","name":"@waytrade/microservice-core","msg":"Starting HTTP Server on port 0"}
{"level":20,"time":1629452846263,"pid":5874,"hostname":"fv-az42-136","name":"@waytrade/microservice-core","msg":"HTTP Server listening on port 38747"}
{"level":30,"time":1629452846263,"pid":5874,"hostname":"fv-az42-136","name":"@waytrade/microservice-core","msg":"API Server started at port 38747"}
{"level":20,"time":1629452846263,"pid":5874,"hostname":"fv-az42-136","name":"@waytrade/microservice-core","msg":"HTTP Server on port 38747 stopped"}
{"level":30,"time":1629452846264,"pid":5874,"hostname":"fv-az42-136","name":"@waytrade/microservice-core","msg":"App stopped."}
{"level":30,"time":1629452846264,"pid":5874,"hostname":"fv-az42-136","name":"@waytrade/microservice-core","msg":"Starting App..."}
{"level":20,"time":1629452846265,"pid":5874,"hostname":"fv-az42-136","name":"@waytrade/microservice-core","msg":"Starting HTTP Server on port 0"}
{"level":20,"time":1629452846265,"pid":5874,"hostname":"fv-az42-136","name":"@waytrade/microservice-core","msg":"HTTP Server listening on port 35505"}
{"level":30,"time":1629452846265,"pid":5874,"hostname":"fv-az42-136","name":"@waytrade/microservice-core","msg":"API Server started at port 35505"}
{"level":20,"time":1629452846265,"pid":5874,"hostname":"fv-az42-136","name":"@waytrade/microservice-core","msg":"HTTP Server on port 35505 stopped"}
{"level":30,"time":1629452846265,"pid":5874,"hostname":"fv-az42-136","name":"@waytrade/microservice-core","msg":"App stopped."}
{"level":30,"time":1629452846266,"pid":5874,"hostname":"fv-az42-136","name":"@waytrade/microservice-core","msg":"Starting App..."}
{"level":20,"time":1629452846267,"pid":5874,"hostname":"fv-az42-136","name":"@waytrade/microservice-core","msg":"Starting HTTP Server on port 0"}
{"level":20,"time":1629452846267,"pid":5874,"hostname":"fv-az42-136","name":"@waytrade/microservice-core","msg":"HTTP Server listening on port 50177"}
{"level":30,"time":1629452846267,"pid":5874,"hostname":"fv-az42-136","name":"@waytrade/microservice-core","msg":"API Server started at port 50177"}
{"level":20,"time":1629452846267,"pid":5874,"hostname":"fv-az42-136","name":"@waytrade/microservice-core","msg":"HTTP Server on port 50177 stopped"}
{"level":30,"time":1629452846267,"pid":5874,"hostname":"fv-az42-136","name":"@waytrade/microservice-core","msg":"App stopped."}
{"level":30,"time":1629452846269,"pid":5874,"hostname":"fv-az42-136","name":"@waytrade/microservice-core","msg":"Starting App..."}
{"level":20,"time":1629452846269,"pid":5874,"hostname":"fv-az42-136","name":"@waytrade/microservice-core","msg":"Starting HTTP Server on port 0"}
{"level":20,"time":1629452846269,"pid":5874,"hostname":"fv-az42-136","name":"@waytrade/microservice-core","msg":"HTTP Server listening on port 34251"}
{"level":30,"time":1629452846269,"pid":5874,"hostname":"fv-az42-136","name":"@waytrade/microservice-core","msg":"API Server started at port 34251"}
{"level":20,"time":1629452846273,"pid":5874,"hostname":"fv-az42-136","name":"@waytrade/microservice-core","msg":"HTTP get /test/get/ -> 200 (1ms)"}
{"level":20,"time":1629452846273,"pid":5874,"hostname":"fv-az42-136","name":"@waytrade/microservice-core","msg":"HTTP Server on port 34251 stopped"}
{"level":30,"time":1629452846273,"pid":5874,"hostname":"fv-az42-136","name":"@waytrade/microservice-core","msg":"App stopped."}
{"level":30,"time":1629452846274,"pid":5874,"hostname":"fv-az42-136","name":"@waytrade/microservice-core","msg":"Starting App..."}
{"level":20,"time":1629452846274,"pid":5874,"hostname":"fv-az42-136","name":"@waytrade/microservice-core","msg":"Starting HTTP Server on port 0"}
{"level":20,"time":1629452846275,"pid":5874,"hostname":"fv-az42-136","name":"@waytrade/microservice-core","msg":"HTTP Server listening on port 60307"}
{"level":30,"time":1629452846275,"pid":5874,"hostname":"fv-az42-136","name":"@waytrade/microservice-core","msg":"API Server started at port 60307"}
{"level":20,"time":1629452846275,"pid":5874,"hostname":"fv-az42-136","name":"@waytrade/microservice-core","msg":"Debug message"}
{"level":30,"time":1629452846275,"pid":5874,"hostname":"fv-az42-136","name":"@waytrade/microservice-core","msg":"Info message"}
{"level":40,"time":1629452846275,"pid":5874,"hostname":"fv-az42-136","name":"@waytrade/microservice-core","msg":"Warning message"}
{"level":50,"time":1629452846275,"pid":5874,"hostname":"fv-az42-136","name":"@waytrade/microservice-core","msg":"Error message"}
{"level":20,"time":1629452846275,"pid":5874,"hostname":"fv-az42-136","name":"@waytrade/microservice-core","msg":"HTTP Server on port 60307 stopped"}
{"level":30,"time":1629452846275,"pid":5874,"hostname":"fv-az42-136","name":"@waytrade/microservice-core","msg":"App stopped."}
{"level":30,"time":1629452846530,"pid":5874,"hostname":"fv-az42-136","name":"@waytrade/microservice-core","msg":"Starting App..."}
{"level":20,"time":1629452846530,"pid":5874,"hostname":"fv-az42-136","name":"@waytrade/microservice-core","msg":"Starting HTTP Server on port 0"}
{"level":20,"time":1629452846530,"pid":5874,"hostname":"fv-az42-136","name":"@waytrade/microservice-core","msg":"HTTP Server listening on port 35287"}
{"level":20,"time":1629452846530,"pid":5874,"hostname":"fv-az42-136","name":"@waytrade/microservice-core","msg":"Starting HTTP Server on port 0"}
{"level":20,"time":1629452846530,"pid":5874,"hostname":"fv-az42-136","name":"@waytrade/microservice-core","msg":"HTTP Server listening on port 46833"}
{"level":30,"time":1629452846530,"pid":5874,"hostname":"fv-az42-136","name":"@waytrade/microservice-core","msg":"API Server started at port 35287"}
{"level":30,"time":1629452846530,"pid":5874,"hostname":"fv-az42-136","name":"@waytrade/microservice-core","msg":"Webhook Callback Server started at port 46833"}
{"level":20,"time":1629452846531,"pid":5874,"hostname":"fv-az42-136","name":"@waytrade/microservice-core","msg":"HTTP Server on port 35287 stopped"}
{"level":20,"time":1629452846531,"pid":5874,"hostname":"fv-az42-136","name":"@waytrade/microservice-core","msg":"HTTP Server on port 46833 stopped"}
{"level":30,"time":1629452846531,"pid":5874,"hostname":"fv-az42-136","name":"@waytrade/microservice-core","msg":"App stopped."}
{"level":30,"time":1629452846533,"pid":5874,"hostname":"fv-az42-136","name":"@waytrade/microservice-core","msg":"Starting App..."}
{"level":20,"time":1629452846533,"pid":5874,"hostname":"fv-az42-136","name":"@waytrade/microservice-core","msg":"Starting HTTP Server on port 0"}
{"level":20,"time":1629452846533,"pid":5874,"hostname":"fv-az42-136","name":"@waytrade/microservice-core","msg":"HTTP Server listening on port 40091"}
{"level":20,"time":1629452846533,"pid":5874,"hostname":"fv-az42-136","name":"@waytrade/microservice-core","msg":"Starting HTTP Server on port 0"}
{"level":20,"time":1629452846534,"pid":5874,"hostname":"fv-az42-136","name":"@waytrade/microservice-core","msg":"HTTP Server listening on port 40539"}
{"level":30,"time":1629452846534,"pid":5874,"hostname":"fv-az42-136","name":"@waytrade/microservice-core","msg":"API Server started at port 40091"}
{"level":30,"time":1629452846534,"pid":5874,"hostname":"fv-az42-136","name":"@waytrade/microservice-core","msg":"Webhook Callback Server started at port 40539"}
{"level":20,"time":1629452846534,"pid":5874,"hostname":"fv-az42-136","name":"@waytrade/microservice-core","msg":"HTTP Server on port 40091 stopped"}
{"level":20,"time":1629452846534,"pid":5874,"hostname":"fv-az42-136","name":"@waytrade/microservice-core","msg":"HTTP Server on port 40539 stopped"}
{"level":30,"time":1629452846535,"pid":5874,"hostname":"fv-az42-136","name":"@waytrade/microservice-core","msg":"App stopped."}
{"level":30,"time":1629452846536,"pid":5874,"hostname":"fv-az42-136","name":"@waytrade/microservice-core","msg":"Starting App..."}
{"level":20,"time":1629452846536,"pid":5874,"hostname":"fv-az42-136","name":"@waytrade/microservice-core","msg":"Starting HTTP Server on port 0"}
{"level":20,"time":1629452846536,"pid":5874,"hostname":"fv-az42-136","name":"@waytrade/microservice-core","msg":"HTTP Server listening on port 35153"}
{"level":20,"time":1629452846536,"pid":5874,"hostname":"fv-az42-136","name":"@waytrade/microservice-core","msg":"Starting HTTP Server on port 0"}
{"level":20,"time":1629452846536,"pid":5874,"hostname":"fv-az42-136","name":"@waytrade/microservice-core","msg":"HTTP Server listening on port 47181"}
{"level":20,"time":1629452846537,"pid":5874,"hostname":"fv-az42-136","name":"@waytrade/microservice-core","msg":"HTTP Server on port 35153 stopped"}
{"level":20,"time":1629452846537,"pid":5874,"hostname":"fv-az42-136","name":"@waytrade/microservice-core","msg":"HTTP Server on port 47181 stopped"}
{"level":30,"time":1629452846537,"pid":5874,"hostname":"fv-az42-136","name":"@waytrade/microservice-core","msg":"App stopped."}
{"level":30,"time":1629452846538,"pid":5874,"hostname":"fv-az42-136","name":"@waytrade/microservice-core","msg":"Starting App..."}
{"level":20,"time":1629452846538,"pid":5874,"hostname":"fv-az42-136","name":"@waytrade/microservice-core","msg":"Starting HTTP Server on port 0"}
{"level":20,"time":1629452846538,"pid":5874,"hostname":"fv-az42-136","name":"@waytrade/microservice-core","msg":"HTTP Server listening on port 49653"}
{"level":20,"time":1629452846538,"pid":5874,"hostname":"fv-az42-136","name":"@waytrade/microservice-core","msg":"Starting HTTP Server on port 0"}
{"level":20,"time":1629452846538,"pid":5874,"hostname":"fv-az42-136","name":"@waytrade/microservice-core","msg":"HTTP Server listening on port 35855"}
{"level":20,"time":1629452846538,"pid":5874,"hostname":"fv-az42-136","name":"@waytrade/microservice-core","msg":"HTTP Server on port 49653 stopped"}
{"level":20,"time":1629452846538,"pid":5874,"hostname":"fv-az42-136","name":"@waytrade/microservice-core","msg":"HTTP Server on port 35855 stopped"}
{"level":30,"time":1629452846539,"pid":5874,"hostname":"fv-az42-136","name":"@waytrade/microservice-core","msg":"App stopped."}
{"level":30,"time":1629452846539,"pid":5874,"hostname":"fv-az42-136","name":"@waytrade/microservice-core","msg":"Starting App..."}
{"level":20,"time":1629452846540,"pid":5874,"hostname":"fv-az42-136","name":"@waytrade/microservice-core","msg":"Starting HTTP Server on port 0"}
{"level":20,"time":1629452846540,"pid":5874,"hostname":"fv-az42-136","name":"@waytrade/microservice-core","msg":"HTTP Server listening on port 43881"}
{"level":20,"time":1629452846540,"pid":5874,"hostname":"fv-az42-136","name":"@waytrade/microservice-core","msg":"Starting HTTP Server on port 0"}
{"level":20,"time":1629452846540,"pid":5874,"hostname":"fv-az42-136","name":"@waytrade/microservice-core","msg":"HTTP Server listening on port 37627"}
{"level":20,"time":1629452846540,"pid":5874,"hostname":"fv-az42-136","name":"@waytrade/microservice-core","msg":"HTTP Server on port 43881 stopped"}
{"level":20,"time":1629452846540,"pid":5874,"hostname":"fv-az42-136","name":"@waytrade/microservice-core","msg":"HTTP Server on port 37627 stopped"}
{"level":30,"time":1629452846540,"pid":5874,"hostname":"fv-az42-136","name":"@waytrade/microservice-core","msg":"App stopped."}
{"level":30,"time":1629452846541,"pid":5874,"hostname":"fv-az42-136","name":"@waytrade/microservice-core","msg":"Starting App..."}
{"level":20,"time":1629452846541,"pid":5874,"hostname":"fv-az42-136","name":"@waytrade/microservice-core","msg":"Starting HTTP Server on port 0"}
{"level":20,"time":1629452846541,"pid":5874,"hostname":"fv-az42-136","name":"@waytrade/microservice-core","msg":"HTTP Server listening on port 37843"}
{"level":20,"time":1629452846541,"pid":5874,"hostname":"fv-az42-136","name":"@waytrade/microservice-core","msg":"Starting HTTP Server on port 0"}
{"level":20,"time":1629452846542,"pid":5874,"hostname":"fv-az42-136","name":"@waytrade/microservice-core","msg":"HTTP Server listening on port 42247"}
{"level":20,"time":1629452846542,"pid":5874,"hostname":"fv-az42-136","name":"@waytrade/microservice-core","msg":"HTTP Server on port 37843 stopped"}
{"level":20,"time":1629452846542,"pid":5874,"hostname":"fv-az42-136","name":"@waytrade/microservice-core","msg":"HTTP Server on port 42247 stopped"}
{"level":30,"time":1629452846542,"pid":5874,"hostname":"fv-az42-136","name":"@waytrade/microservice-core","msg":"App stopped."}
{"level":30,"time":1629452846786,"pid":5874,"hostname":"fv-az42-136","name":"@waytrade/microservice-core","msg":"Starting App..."}
{"level":20,"time":1629452846786,"pid":5874,"hostname":"fv-az42-136","name":"@waytrade/microservice-core","msg":"Starting HTTP Server on port 0"}
{"level":20,"time":1629452846786,"pid":5874,"hostname":"fv-az42-136","name":"@waytrade/microservice-core","msg":"HTTP Server listening on port 38711"}
{"level":30,"time":1629452846786,"pid":5874,"hostname":"fv-az42-136","name":"@waytrade/microservice-core","msg":"API Server started at port 38711"}
{"level":20,"time":1629452846787,"pid":5874,"hostname":"fv-az42-136","name":"@waytrade/microservice-core","msg":"HTTP Server on port 38711 stopped"}
{"level":30,"time":1629452846787,"pid":5874,"hostname":"fv-az42-136","name":"@waytrade/microservice-core","msg":"App stopped."}
{"level":30,"time":1629452846789,"pid":5874,"hostname":"fv-az42-136","name":"@waytrade/microservice-core","msg":"Starting App..."}
{"level":20,"time":1629452846789,"pid":5874,"hostname":"fv-az42-136","name":"@waytrade/microservice-core","msg":"Starting HTTP Server on port 0"}
{"level":20,"time":1629452846789,"pid":5874,"hostname":"fv-az42-136","name":"@waytrade/microservice-core","msg":"HTTP Server listening on port 50667"}
{"level":30,"time":1629452846789,"pid":5874,"hostname":"fv-az42-136","name":"@waytrade/microservice-core","msg":"API Server started at port 50667"}
{"level":20,"time":1629452846790,"pid":5874,"hostname":"fv-az42-136","name":"@waytrade/microservice-core","msg":"HTTP Server on port 50667 stopped"}
{"level":30,"time":1629452846790,"pid":5874,"hostname":"fv-az42-136","name":"@waytrade/microservice-core","msg":"App stopped."}
{"level":30,"time":1629452846791,"pid":5874,"hostname":"fv-az42-136","name":"@waytrade/microservice-core","msg":"Starting App..."}
{"level":20,"time":1629452846792,"pid":5874,"hostname":"fv-az42-136","name":"@waytrade/microservice-core","msg":"Starting HTTP Server on port 0"}
{"level":20,"time":1629452846792,"pid":5874,"hostname":"fv-az42-136","name":"@waytrade/microservice-core","msg":"HTTP Server listening on port 60283"}
{"level":20,"time":1629452846792,"pid":5874,"hostname":"fv-az42-136","name":"@waytrade/microservice-core","msg":"HTTP Server on port 60283 stopped"}
{"level":30,"time":1629452846792,"pid":5874,"hostname":"fv-az42-136","name":"@waytrade/microservice-core","msg":"App stopped."}
{"level":30,"time":1629452846793,"pid":5874,"hostname":"fv-az42-136","name":"@waytrade/microservice-core","msg":"Starting App..."}
{"level":20,"time":1629452846793,"pid":5874,"hostname":"fv-az42-136","name":"@waytrade/microservice-core","msg":"Starting HTTP Server on port 0"}
{"level":20,"time":1629452846793,"pid":5874,"hostname":"fv-az42-136","name":"@waytrade/microservice-core","msg":"HTTP Server listening on port 38297"}
{"level":20,"time":1629452846794,"pid":5874,"hostname":"fv-az42-136","name":"@waytrade/microservice-core","msg":"HTTP Server on port 38297 stopped"}
{"level":30,"time":1629452846794,"pid":5874,"hostname":"fv-az42-136","name":"@waytrade/microservice-core","msg":"App stopped."}
{"level":30,"time":1629452846795,"pid":5874,"hostname":"fv-az42-136","name":"@waytrade/microservice-core","msg":"Starting App..."}
{"level":20,"time":1629452846795,"pid":5874,"hostname":"fv-az42-136","name":"@waytrade/microservice-core","msg":"Starting HTTP Server on port 0"}
{"level":20,"time":1629452846795,"pid":5874,"hostname":"fv-az42-136","name":"@waytrade/microservice-core","msg":"HTTP Server listening on port 49935"}
{"level":20,"time":1629452846795,"pid":5874,"hostname":"fv-az42-136","name":"@waytrade/microservice-core","msg":"HTTP Server on port 49935 stopped"}
{"level":30,"time":1629452846795,"pid":5874,"hostname":"fv-az42-136","name":"@waytrade/microservice-core","msg":"App stopped."}
{"level":30,"time":1629452846796,"pid":5874,"hostname":"fv-az42-136","name":"@waytrade/microservice-core","msg":"Starting App..."}
{"level":20,"time":1629452846796,"pid":5874,"hostname":"fv-az42-136","name":"@waytrade/microservice-core","msg":"Starting HTTP Server on port 0"}
{"level":20,"time":1629452846796,"pid":5874,"hostname":"fv-az42-136","name":"@waytrade/microservice-core","msg":"HTTP Server listening on port 39345"}
{"level":20,"time":1629452846797,"pid":5874,"hostname":"fv-az42-136","name":"@waytrade/microservice-core","msg":"HTTP Server on port 39345 stopped"}
{"level":30,"time":1629452846797,"pid":5874,"hostname":"fv-az42-136","name":"@waytrade/microservice-core","msg":"App stopped."}
{"level":30,"time":1629452847045,"pid":5874,"hostname":"fv-az42-136","name":"@waytrade/microservice-core","msg":"Starting App..."}
{"level":20,"time":1629452847046,"pid":5874,"hostname":"fv-az42-136","name":"@waytrade/microservice-core","msg":"Starting HTTP Server on port 0"}
{"level":20,"time":1629452847046,"pid":5874,"hostname":"fv-az42-136","name":"@waytrade/microservice-core","msg":"HTTP Server listening on port 35009"}
{"level":30,"time":1629452847046,"pid":5874,"hostname":"fv-az42-136","name":"@waytrade/microservice-core","msg":"API Server started at port 35009"}
{"level":20,"time":1629452847047,"pid":5874,"hostname":"fv-az42-136","name":"@waytrade/microservice-core","msg":"HTTP Server on port 35009 stopped"}
{"level":30,"time":1629452847047,"pid":5874,"hostname":"fv-az42-136","name":"@waytrade/microservice-core","msg":"App stopped."}
{"level":30,"time":1629452847048,"pid":5874,"hostname":"fv-az42-136","name":"@waytrade/microservice-core","msg":"Starting App..."}
{"level":20,"time":1629452847049,"pid":5874,"hostname":"fv-az42-136","name":"@waytrade/microservice-core","msg":"Starting HTTP Server on port 0"}
{"level":20,"time":1629452847049,"pid":5874,"hostname":"fv-az42-136","name":"@waytrade/microservice-core","msg":"HTTP Server listening on port 39409"}
{"level":30,"time":1629452847049,"pid":5874,"hostname":"fv-az42-136","name":"@waytrade/microservice-core","msg":"API Server started at port 39409"}
{"level":20,"time":1629452847050,"pid":5874,"hostname":"fv-az42-136","name":"@waytrade/microservice-core","msg":"HTTP Server on port 39409 stopped"}
{"level":30,"time":1629452847050,"pid":5874,"hostname":"fv-az42-136","name":"@waytrade/microservice-core","msg":"App stopped."}
{"level":30,"time":1629452847051,"pid":5874,"hostname":"fv-az42-136","name":"@waytrade/microservice-core","msg":"Starting App..."}
{"level":30,"time":1629452847052,"pid":5874,"hostname":"fv-az42-136","name":"@waytrade/microservice-core","msg":"App stopped."}
{"level":30,"time":1629452847052,"pid":5874,"hostname":"fv-az42-136","name":"@waytrade/microservice-core","msg":"Starting App..."}
{"level":30,"time":1629452847053,"pid":5874,"hostname":"fv-az42-136","name":"@waytrade/microservice-core","msg":"App stopped."}
{"level":30,"time":1629452847054,"pid":5874,"hostname":"fv-az42-136","name":"@waytrade/microservice-core","msg":"Starting App..."}
{"level":30,"time":1629452847054,"pid":5874,"hostname":"fv-az42-136","name":"@waytrade/microservice-core","msg":"App stopped."}
{"level":30,"time":1629452847067,"pid":5874,"hostname":"fv-az42-136","name":"@waytrade/microservice-core","msg":"Starting App..."}
{"level":30,"time":1629452847067,"pid":5874,"hostname":"fv-az42-136","name":"@waytrade/microservice-core","msg":"App stopped."}
{"level":20,"time":1629452847329,"pid":5874,"hostname":"fv-az42-136","name":"@waytrade/microservice-core","msg":"Starting HTTP Server on port 0"}
{"level":20,"time":1629452847330,"pid":5874,"hostname":"fv-az42-136","name":"@waytrade/microservice-core","msg":"HTTP Server listening on port 44249"}
{"level":20,"time":1629452847330,"pid":5874,"hostname":"fv-az42-136","name":"@waytrade/microservice-core","msg":"HTTP Server on port 44249 stopped"}
{"level":20,"time":1629452847331,"pid":5874,"hostname":"fv-az42-136","name":"@waytrade/microservice-core","msg":"Starting HTTP Server on port 3999"}
{"level":20,"time":1629452847331,"pid":5874,"hostname":"fv-az42-136","name":"@waytrade/microservice-core","msg":"HTTP Server listening on port 3999"}
{"level":20,"time":1629452847331,"pid":5874,"hostname":"fv-az42-136","name":"@waytrade/microservice-core","msg":"HTTP Server on port 3999 stopped"}
{"level":20,"time":1629452847332,"pid":5874,"hostname":"fv-az42-136","name":"@waytrade/microservice-core","msg":"Starting HTTP Server on port 0"}
{"level":20,"time":1629452847332,"pid":5874,"hostname":"fv-az42-136","name":"@waytrade/microservice-core","msg":"HTTP Server listening on port 42047"}
{"level":20,"time":1629452847334,"pid":5874,"hostname":"fv-az42-136","name":"@waytrade/microservice-core","msg":"/some/invalid/path not found."}
{"level":20,"time":1629452847335,"pid":5874,"hostname":"fv-az42-136","name":"@waytrade/microservice-core","msg":"HTTP Server on port 42047 stopped"}
{"level":20,"time":1629452847335,"pid":5874,"hostname":"fv-az42-136","name":"@waytrade/microservice-core","msg":"Starting HTTP Server on port 0"}
{"level":20,"time":1629452847335,"pid":5874,"hostname":"fv-az42-136","name":"@waytrade/microservice-core","msg":"HTTP Server listening on port 33001"}
{"level":20,"time":1629452847337,"pid":5874,"hostname":"fv-az42-136","name":"@waytrade/microservice-core","msg":"HTTP Server on port 33001 stopped"}
{"level":20,"time":1629452847338,"pid":5874,"hostname":"fv-az42-136","name":"@waytrade/microservice-core","msg":"Starting HTTP Server on port 0"}
{"level":20,"time":1629452847338,"pid":5874,"hostname":"fv-az42-136","name":"@waytrade/microservice-core","msg":"HTTP Server listening on port 41587"}
{"level":20,"time":1629452847340,"pid":5874,"hostname":"fv-az42-136","name":"@waytrade/microservice-core","msg":"HTTP Server on port 41587 stopped"}
{"level":20,"time":1629452847340,"pid":5874,"hostname":"fv-az42-136","name":"@waytrade/microservice-core","msg":"Starting HTTP Server on port 0"}
{"level":20,"time":1629452847340,"pid":5874,"hostname":"fv-az42-136","name":"@waytrade/microservice-core","msg":"HTTP Server listening on port 57203"}
{"level":20,"time":1629452847341,"pid":5874,"hostname":"fv-az42-136","name":"@waytrade/microservice-core","msg":"HTTP get /api/dummy/customResponseHeader -> 200 (0ms)"}
{"level":20,"time":1629452847342,"pid":5874,"hostname":"fv-az42-136","name":"@waytrade/microservice-core","msg":"HTTP Server on port 57203 stopped"}
{"level":30,"time":1629452847601,"pid":5874,"hostname":"fv-az42-136","name":"@waytrade/microservice-core","msg":"Starting App..."}
{"level":20,"time":1629452847602,"pid":5874,"hostname":"fv-az42-136","name":"@waytrade/microservice-core","msg":"Starting HTTP Server on port 0"}
{"level":20,"time":1629452847602,"pid":5874,"hostname":"fv-az42-136","name":"@waytrade/microservice-core","msg":"HTTP Server listening on port 56845"}
{"level":20,"time":1629452847602,"pid":5874,"hostname":"fv-az42-136","name":"@waytrade/microservice-core","msg":"Starting HTTP Server on port 0"}
{"level":20,"time":1629452847602,"pid":5874,"hostname":"fv-az42-136","name":"@waytrade/microservice-core","msg":"HTTP Server listening on port 34877"}
{"level":30,"time":1629452847602,"pid":5874,"hostname":"fv-az42-136","name":"@waytrade/microservice-core","msg":"API Server started at port 56845"}
{"level":30,"time":1629452847602,"pid":5874,"hostname":"fv-az42-136","name":"@waytrade/microservice-core","msg":"Webhook Callback Server started at port 34877"}
{"level":20,"time":1629452847605,"pid":5874,"hostname":"fv-az42-136","name":"@waytrade/microservice-core","msg":"HTTP get /api/ -> 200 (0ms)"}
{"level":20,"time":1629452847606,"pid":5874,"hostname":"fv-az42-136","name":"@waytrade/microservice-core","msg":"HTTP Server on port 56845 stopped"}
{"level":20,"time":1629452847606,"pid":5874,"hostname":"fv-az42-136","name":"@waytrade/microservice-core","msg":"HTTP Server on port 34877 stopped"}
{"level":30,"time":1629452847606,"pid":5874,"hostname":"fv-az42-136","name":"@waytrade/microservice-core","msg":"App stopped."}
{"level":30,"time":1629452847607,"pid":5874,"hostname":"fv-az42-136","name":"@waytrade/microservice-core","msg":"Starting App..."}
{"level":20,"time":1629452847608,"pid":5874,"hostname":"fv-az42-136","name":"@waytrade/microservice-core","msg":"Starting HTTP Server on port 0"}
{"level":20,"time":1629452847608,"pid":5874,"hostname":"fv-az42-136","name":"@waytrade/microservice-core","msg":"HTTP Server listening on port 44029"}
{"level":20,"time":1629452847608,"pid":5874,"hostname":"fv-az42-136","name":"@waytrade/microservice-core","msg":"Starting HTTP Server on port 0"}
{"level":20,"time":1629452847608,"pid":5874,"hostname":"fv-az42-136","name":"@waytrade/microservice-core","msg":"HTTP Server listening on port 50535"}
{"level":30,"time":1629452847608,"pid":5874,"hostname":"fv-az42-136","name":"@waytrade/microservice-core","msg":"API Server started at port 44029"}
{"level":30,"time":1629452847608,"pid":5874,"hostname":"fv-az42-136","name":"@waytrade/microservice-core","msg":"Webhook Callback Server started at port 50535"}
{"level":20,"time":1629452847609,"pid":5874,"hostname":"fv-az42-136","name":"@waytrade/microservice-core","msg":"HTTP get / -> 200 (0ms)"}
{"level":20,"time":1629452847610,"pid":5874,"hostname":"fv-az42-136","name":"@waytrade/microservice-core","msg":"HTTP Server on port 44029 stopped"}
{"level":20,"time":1629452847610,"pid":5874,"hostname":"fv-az42-136","name":"@waytrade/microservice-core","msg":"HTTP Server on port 50535 stopped"}
{"level":30,"time":1629452847610,"pid":5874,"hostname":"fv-az42-136","name":"@waytrade/microservice-core","msg":"App stopped."}
{"level":30,"time":1629452847611,"pid":5874,"hostname":"fv-az42-136","name":"@waytrade/microservice-core","msg":"Starting App..."}
{"level":20,"time":1629452847611,"pid":5874,"hostname":"fv-az42-136","name":"@waytrade/microservice-core","msg":"Starting HTTP Server on port 0"}
{"level":20,"time":1629452847611,"pid":5874,"hostname":"fv-az42-136","name":"@waytrade/microservice-core","msg":"HTTP Server listening on port 50915"}
{"level":20,"time":1629452847611,"pid":5874,"hostname":"fv-az42-136","name":"@waytrade/microservice-core","msg":"Starting HTTP Server on port 0"}
{"level":20,"time":1629452847611,"pid":5874,"hostname":"fv-az42-136","name":"@waytrade/microservice-core","msg":"HTTP Server listening on port 55267"}
{"level":30,"time":1629452847611,"pid":5874,"hostname":"fv-az42-136","name":"@waytrade/microservice-core","msg":"API Server started at port 50915"}
{"level":30,"time":1629452847611,"pid":5874,"hostname":"fv-az42-136","name":"@waytrade/microservice-core","msg":"Webhook Callback Server started at port 55267"}
{"level":20,"time":1629452847612,"pid":5874,"hostname":"fv-az42-136","name":"@waytrade/microservice-core","msg":"HTTP get /api/ -> 200 (0ms)"}
{"level":20,"time":1629452847613,"pid":5874,"hostname":"fv-az42-136","name":"@waytrade/microservice-core","msg":"HTTP Server on port 50915 stopped"}
{"level":20,"time":1629452847613,"pid":5874,"hostname":"fv-az42-136","name":"@waytrade/microservice-core","msg":"HTTP Server on port 55267 stopped"}
{"level":30,"time":1629452847613,"pid":5874,"hostname":"fv-az42-136","name":"@waytrade/microservice-core","msg":"App stopped."}
{"level":30,"time":1629452847614,"pid":5874,"hostname":"fv-az42-136","name":"@waytrade/microservice-core","msg":"Starting App..."}
{"level":20,"time":1629452847614,"pid":5874,"hostname":"fv-az42-136","name":"@waytrade/microservice-core","msg":"Starting HTTP Server on port 0"}
{"level":20,"time":1629452847614,"pid":5874,"hostname":"fv-az42-136","name":"@waytrade/microservice-core","msg":"HTTP Server listening on port 51467"}
{"level":20,"time":1629452847614,"pid":5874,"hostname":"fv-az42-136","name":"@waytrade/microservice-core","msg":"Starting HTTP Server on port 0"}
{"level":20,"time":1629452847614,"pid":5874,"hostname":"fv-az42-136","name":"@waytrade/microservice-core","msg":"HTTP Server listening on port 54595"}
{"level":30,"time":1629452847614,"pid":5874,"hostname":"fv-az42-136","name":"@waytrade/microservice-core","msg":"API Server started at port 51467"}
{"level":30,"time":1629452847614,"pid":5874,"hostname":"fv-az42-136","name":"@waytrade/microservice-core","msg":"Webhook Callback Server started at port 54595"}
{"level":20,"time":1629452847616,"pid":5874,"hostname":"fv-az42-136","name":"@waytrade/microservice-core","msg":"HTTP Server on port 51467 stopped"}
{"level":20,"time":1629452847616,"pid":5874,"hostname":"fv-az42-136","name":"@waytrade/microservice-core","msg":"HTTP Server on port 54595 stopped"}
{"level":30,"time":1629452847616,"pid":5874,"hostname":"fv-az42-136","name":"@waytrade/microservice-core","msg":"App stopped."}
{"level":30,"time":1629452847844,"pid":5874,"hostname":"fv-az42-136","name":"@waytrade/microservice-core","msg":"Starting App..."}
{"level":20,"time":1629452847845,"pid":5874,"hostname":"fv-az42-136","name":"@waytrade/microservice-core","msg":"Starting HTTP Server on port 0"}
{"level":20,"time":1629452847845,"pid":5874,"hostname":"fv-az42-136","name":"@waytrade/microservice-core","msg":"HTTP Server listening on port 58425"}
{"level":20,"time":1629452847845,"pid":5874,"hostname":"fv-az42-136","name":"@waytrade/microservice-core","msg":"Starting HTTP Server on port 0"}
{"level":20,"time":1629452847845,"pid":5874,"hostname":"fv-az42-136","name":"@waytrade/microservice-core","msg":"HTTP Server listening on port 35381"}
{"level":30,"time":1629452847845,"pid":5874,"hostname":"fv-az42-136","name":"@waytrade/microservice-core","msg":"API Server started at port 58425"}
{"level":30,"time":1629452847845,"pid":5874,"hostname":"fv-az42-136","name":"@waytrade/microservice-core","msg":"Webhook Callback Server started at port 35381"}
{"level":20,"time":1629452847846,"pid":5874,"hostname":"fv-az42-136","name":"@waytrade/microservice-core","msg":"HTTP Server on port 58425 stopped"}
{"level":20,"time":1629452847846,"pid":5874,"hostname":"fv-az42-136","name":"@waytrade/microservice-core","msg":"HTTP Server on port 35381 stopped"}
{"level":30,"time":1629452847846,"pid":5874,"hostname":"fv-az42-136","name":"@waytrade/microservice-core","msg":"App stopped."}
{"level":30,"time":1629452847847,"pid":5874,"hostname":"fv-az42-136","name":"@waytrade/microservice-core","msg":"Starting App..."}
{"level":20,"time":1629452847847,"pid":5874,"hostname":"fv-az42-136","name":"@waytrade/microservice-core","msg":"Starting HTTP Server on port 0"}
{"level":20,"time":1629452847847,"pid":5874,"hostname":"fv-az42-136","name":"@waytrade/microservice-core","msg":"HTTP Server listening on port 51485"}
{"level":20,"time":1629452847847,"pid":5874,"hostname":"fv-az42-136","name":"@waytrade/microservice-core","msg":"Starting HTTP Server on port 0"}
{"level":20,"time":1629452847847,"pid":5874,"hostname":"fv-az42-136","name":"@waytrade/microservice-core","msg":"HTTP Server listening on port 58457"}
{"level":30,"time":1629452847847,"pid":5874,"hostname":"fv-az42-136","name":"@waytrade/microservice-core","msg":"API Server started at port 51485"}
{"level":30,"time":1629452847848,"pid":5874,"hostname":"fv-az42-136","name":"@waytrade/microservice-core","msg":"Webhook Callback Server started at port 58457"}
{"level":20,"time":1629452847848,"pid":5874,"hostname":"fv-az42-136","name":"@waytrade/microservice-core","msg":"HTTP Server on port 51485 stopped"}
{"level":20,"time":1629452847848,"pid":5874,"hostname":"fv-az42-136","name":"@waytrade/microservice-core","msg":"HTTP Server on port 58457 stopped"}
{"level":30,"time":1629452847848,"pid":5874,"hostname":"fv-az42-136","name":"@waytrade/microservice-core","msg":"App stopped."}
{"level":30,"time":1629452847849,"pid":5874,"hostname":"fv-az42-136","name":"@waytrade/microservice-core","msg":"Starting App..."}
{"level":20,"time":1629452847849,"pid":5874,"hostname":"fv-az42-136","name":"@waytrade/microservice-core","msg":"Starting HTTP Server on port 0"}
{"level":20,"time":1629452847849,"pid":5874,"hostname":"fv-az42-136","name":"@waytrade/microservice-core","msg":"HTTP Server listening on port 33909"}
{"level":20,"time":1629452847849,"pid":5874,"hostname":"fv-az42-136","name":"@waytrade/microservice-core","msg":"Starting HTTP Server on port 0"}
{"level":20,"time":1629452847850,"pid":5874,"hostname":"fv-az42-136","name":"@waytrade/microservice-core","msg":"HTTP Server listening on port 50287"}
{"level":30,"time":1629452847850,"pid":5874,"hostname":"fv-az42-136","name":"@waytrade/microservice-core","msg":"API Server started at port 33909"}
{"level":30,"time":1629452847850,"pid":5874,"hostname":"fv-az42-136","name":"@waytrade/microservice-core","msg":"Webhook Callback Server started at port 50287"}
{"level":20,"time":1629452847850,"pid":5874,"hostname":"fv-az42-136","name":"@waytrade/microservice-core","msg":"HTTP Server on port 33909 stopped"}
{"level":20,"time":1629452847850,"pid":5874,"hostname":"fv-az42-136","name":"@waytrade/microservice-core","msg":"HTTP Server on port 50287 stopped"}
{"level":30,"time":1629452847850,"pid":5874,"hostname":"fv-az42-136","name":"@waytrade/microservice-core","msg":"App stopped."}
{"level":30,"time":1629452847851,"pid":5874,"hostname":"fv-az42-136","name":"@waytrade/microservice-core","msg":"Starting App..."}
{"level":20,"time":1629452847851,"pid":5874,"hostname":"fv-az42-136","name":"@waytrade/microservice-core","msg":"Starting HTTP Server on port 0"}
{"level":20,"time":1629452847851,"pid":5874,"hostname":"fv-az42-136","name":"@waytrade/microservice-core","msg":"HTTP Server listening on port 42577"}
{"level":20,"time":1629452847851,"pid":5874,"hostname":"fv-az42-136","name":"@waytrade/microservice-core","msg":"Starting HTTP Server on port 0"}
{"level":20,"time":1629452847852,"pid":5874,"hostname":"fv-az42-136","name":"@waytrade/microservice-core","msg":"HTTP Server listening on port 59993"}
{"level":30,"time":1629452847852,"pid":5874,"hostname":"fv-az42-136","name":"@waytrade/microservice-core","msg":"API Server started at port 42577"}
{"level":30,"time":1629452847852,"pid":5874,"hostname":"fv-az42-136","name":"@waytrade/microservice-core","msg":"Webhook Callback Server started at port 59993"}
{"level":20,"time":1629452847852,"pid":5874,"hostname":"fv-az42-136","name":"@waytrade/microservice-core","msg":"HTTP Server on port 42577 stopped"}
{"level":20,"time":1629452847852,"pid":5874,"hostname":"fv-az42-136","name":"@waytrade/microservice-core","msg":"HTTP Server on port 59993 stopped"}
{"level":30,"time":1629452847852,"pid":5874,"hostname":"fv-az42-136","name":"@waytrade/microservice-core","msg":"App stopped."}
{"level":30,"time":1629452848090,"pid":5874,"hostname":"fv-az42-136","name":"@waytrade/microservice-core","msg":"Starting App..."}
{"level":20,"time":1629452848090,"pid":5874,"hostname":"fv-az42-136","name":"@waytrade/microservice-core","msg":"Starting HTTP Server on port 0"}
{"level":20,"time":1629452848090,"pid":5874,"hostname":"fv-az42-136","name":"@waytrade/microservice-core","msg":"HTTP Server listening on port 46147"}
{"level":30,"time":1629452848090,"pid":5874,"hostname":"fv-az42-136","name":"@waytrade/microservice-core","msg":"API Server started at port 46147"}
{"level":20,"time":1629452848091,"pid":5874,"hostname":"fv-az42-136","name":"@waytrade/microservice-core","msg":"HTTP Server on port 46147 stopped"}
{"level":30,"time":1629452848091,"pid":5874,"hostname":"fv-az42-136","name":"@waytrade/microservice-core","msg":"App stopped."}
{"level":30,"time":1629452848092,"pid":5874,"hostname":"fv-az42-136","name":"@waytrade/microservice-core","msg":"Starting App..."}
{"level":20,"time":1629452848092,"pid":5874,"hostname":"fv-az42-136","name":"@waytrade/microservice-core","msg":"Starting HTTP Server on port 0"}
{"level":20,"time":1629452848092,"pid":5874,"hostname":"fv-az42-136","name":"@waytrade/microservice-core","msg":"HTTP Server listening on port 49395"}
{"level":30,"time":1629452848092,"pid":5874,"hostname":"fv-az42-136","name":"@waytrade/microservice-core","msg":"API Server started at port 49395"}
{"level":20,"time":1629452848093,"pid":5874,"hostname":"fv-az42-136","name":"@waytrade/microservice-core","msg":"HTTP Server on port 49395 stopped"}
{"level":30,"time":1629452848093,"pid":5874,"hostname":"fv-az42-136","name":"@waytrade/microservice-core","msg":"App stopped."}
{"level":30,"time":1629452848094,"pid":5874,"hostname":"fv-az42-136","name":"@waytrade/microservice-core","msg":"Starting App..."}
{"level":20,"time":1629452848094,"pid":5874,"hostname":"fv-az42-136","name":"@waytrade/microservice-core","msg":"Starting HTTP Server on port 0"}
{"level":20,"time":1629452848094,"pid":5874,"hostname":"fv-az42-136","name":"@waytrade/microservice-core","msg":"HTTP Server listening on port 47139"}
{"level":30,"time":1629452848094,"pid":5874,"hostname":"fv-az42-136","name":"@waytrade/microservice-core","msg":"API Server started at port 47139"}
{"level":20,"time":1629452848095,"pid":5874,"hostname":"fv-az42-136","name":"@waytrade/microservice-core","msg":"HTTP Server on port 47139 stopped"}
{"level":30,"time":1629452848095,"pid":5874,"hostname":"fv-az42-136","name":"@waytrade/microservice-core","msg":"App stopped."}
{"level":30,"time":1629452848096,"pid":5874,"hostname":"fv-az42-136","name":"@waytrade/microservice-core","msg":"Starting App..."}
{"level":20,"time":1629452848096,"pid":5874,"hostname":"fv-az42-136","name":"@waytrade/microservice-core","msg":"Starting HTTP Server on port 0"}
{"level":20,"time":1629452848096,"pid":5874,"hostname":"fv-az42-136","name":"@waytrade/microservice-core","msg":"HTTP Server listening on port 35067"}
{"level":30,"time":1629452848096,"pid":5874,"hostname":"fv-az42-136","name":"@waytrade/microservice-core","msg":"API Server started at port 35067"}
{"level":20,"time":1629452848096,"pid":5874,"hostname":"fv-az42-136","name":"@waytrade/microservice-core","msg":"HTTP Server on port 35067 stopped"}
{"level":30,"time":1629452848096,"pid":5874,"hostname":"fv-az42-136","name":"@waytrade/microservice-core","msg":"App stopped."}
{"level":30,"time":1629452848340,"pid":5874,"hostname":"fv-az42-136","name":"@waytrade/microservice-core","msg":"Starting App..."}
{"level":20,"time":1629452848340,"pid":5874,"hostname":"fv-az42-136","name":"@waytrade/microservice-core","msg":"Starting HTTP Server on port 0"}
{"level":20,"time":1629452848340,"pid":5874,"hostname":"fv-az42-136","name":"@waytrade/microservice-core","msg":"HTTP Server listening on port 42957"}
{"level":30,"time":1629452848340,"pid":5874,"hostname":"fv-az42-136","name":"@waytrade/microservice-core","msg":"API Server started at port 42957"}
{"level":20,"time":1629452848341,"pid":5874,"hostname":"fv-az42-136","name":"@waytrade/microservice-core","msg":"HTTP Server on port 42957 stopped"}
{"level":30,"time":1629452848341,"pid":5874,"hostname":"fv-az42-136","name":"@waytrade/microservice-core","msg":"App stopped."}
{"level":30,"time":1629452848342,"pid":5874,"hostname":"fv-az42-136","name":"@waytrade/microservice-core","msg":"Starting App..."}
{"level":20,"time":1629452848342,"pid":5874,"hostname":"fv-az42-136","name":"@waytrade/microservice-core","msg":"Starting HTTP Server on port 0"}
{"level":20,"time":1629452848342,"pid":5874,"hostname":"fv-az42-136","name":"@waytrade/microservice-core","msg":"HTTP Server listening on port 36065"}
{"level":30,"time":1629452848343,"pid":5874,"hostname":"fv-az42-136","name":"@waytrade/microservice-core","msg":"API Server started at port 36065"}
{"level":20,"time":1629452848343,"pid":5874,"hostname":"fv-az42-136","name":"@waytrade/microservice-core","msg":"HTTP Server on port 36065 stopped"}
{"level":30,"time":1629452848343,"pid":5874,"hostname":"fv-az42-136","name":"@waytrade/microservice-core","msg":"App stopped."}
{"level":30,"time":1629452848344,"pid":5874,"hostname":"fv-az42-136","name":"@waytrade/microservice-core","msg":"Starting App..."}
{"level":20,"time":1629452848344,"pid":5874,"hostname":"fv-az42-136","name":"@waytrade/microservice-core","msg":"Starting HTTP Server on port 0"}
{"level":20,"time":1629452848344,"pid":5874,"hostname":"fv-az42-136","name":"@waytrade/microservice-core","msg":"HTTP Server listening on port 48055"}
{"level":30,"time":1629452848344,"pid":5874,"hostname":"fv-az42-136","name":"@waytrade/microservice-core","msg":"API Server started at port 48055"}
{"level":20,"time":1629452848345,"pid":5874,"hostname":"fv-az42-136","name":"@waytrade/microservice-core","msg":"HTTP Server on port 48055 stopped"}
{"level":30,"time":1629452848345,"pid":5874,"hostname":"fv-az42-136","name":"@waytrade/microservice-core","msg":"App stopped."}
{"level":30,"time":1629452848346,"pid":5874,"hostname":"fv-az42-136","name":"@waytrade/microservice-core","msg":"Starting App..."}
{"level":20,"time":1629452848346,"pid":5874,"hostname":"fv-az42-136","name":"@waytrade/microservice-core","msg":"Starting HTTP Server on port 0"}
{"level":20,"time":1629452848346,"pid":5874,"hostname":"fv-az42-136","name":"@waytrade/microservice-core","msg":"HTTP Server listening on port 53687"}
{"level":30,"time":1629452848346,"pid":5874,"hostname":"fv-az42-136","name":"@waytrade/microservice-core","msg":"API Server started at port 53687"}
{"level":20,"time":1629452848346,"pid":5874,"hostname":"fv-az42-136","name":"@waytrade/microservice-core","msg":"HTTP Server on port 53687 stopped"}
{"level":30,"time":1629452848346,"pid":5874,"hostname":"fv-az42-136","name":"@waytrade/microservice-core","msg":"App stopped."}
{"level":30,"time":1629452848804,"pid":5874,"hostname":"fv-az42-136","name":"@waytrade/microservice-core","msg":"Starting App..."}
{"level":20,"time":1629452848804,"pid":5874,"hostname":"fv-az42-136","name":"@waytrade/microservice-core","msg":"Starting HTTP Server on port 0"}
{"level":20,"time":1629452848804,"pid":5874,"hostname":"fv-az42-136","name":"@waytrade/microservice-core","msg":"HTTP Server listening on port 36581"}
{"level":30,"time":1629452848805,"pid":5874,"hostname":"fv-az42-136","name":"@waytrade/microservice-core","msg":"API Server started at port 36581"}
{"level":20,"time":1629452848805,"pid":5874,"hostname":"fv-az42-136","name":"@waytrade/microservice-core","msg":"HTTP Server on port 36581 stopped"}
{"level":30,"time":1629452848805,"pid":5874,"hostname":"fv-az42-136","name":"@waytrade/microservice-core","msg":"App stopped."}
{"level":30,"time":1629452848807,"pid":5874,"hostname":"fv-az42-136","name":"@waytrade/microservice-core","msg":"Starting App..."}
{"level":20,"time":1629452848807,"pid":5874,"hostname":"fv-az42-136","name":"@waytrade/microservice-core","msg":"Starting HTTP Server on port 0"}
{"level":20,"time":1629452848807,"pid":5874,"hostname":"fv-az42-136","name":"@waytrade/microservice-core","msg":"HTTP Server listening on port 50611"}
{"level":20,"time":1629452848808,"pid":5874,"hostname":"fv-az42-136","name":"@waytrade/microservice-core","msg":"HTTP Server on port 50611 stopped"}
{"level":30,"time":1629452848808,"pid":5874,"hostname":"fv-az42-136","name":"@waytrade/microservice-core","msg":"App stopped."}
{"level":30,"time":1629452848809,"pid":5874,"hostname":"fv-az42-136","name":"@waytrade/microservice-core","msg":"Starting App..."}
{"level":20,"time":1629452848809,"pid":5874,"hostname":"fv-az42-136","name":"@waytrade/microservice-core","msg":"Starting HTTP Server on port 0"}
{"level":20,"time":1629452848809,"pid":5874,"hostname":"fv-az42-136","name":"@waytrade/microservice-core","msg":"HTTP Server listening on port 58283"}
{"level":20,"time":1629452848809,"pid":5874,"hostname":"fv-az42-136","name":"@waytrade/microservice-core","msg":"HTTP Server on port 58283 stopped"}
{"level":30,"time":1629452848809,"pid":5874,"hostname":"fv-az42-136","name":"@waytrade/microservice-core","msg":"App stopped."}
{"level":20,"time":1629452849046,"pid":5874,"hostname":"fv-az42-136","name":"@waytrade/microservice-core","msg":"Starting HTTP Server on port 0"}
{"level":20,"time":1629452849046,"pid":5874,"hostname":"fv-az42-136","name":"@waytrade/microservice-core","msg":"HTTP Server listening on port 50623"}
{"level":20,"time":1629452849049,"pid":5874,"hostname":"fv-az42-136","name":"@waytrade/microservice-core","msg":"HTTP get /api/dummy/ -> 200 (1ms)"}
{"level":20,"time":1629452849050,"pid":5874,"hostname":"fv-az42-136","name":"@waytrade/microservice-core","msg":"HTTP Server on port 50623 stopped"}
