{"level":20,"time":1627435780125,"pid":6100,"hostname":"fv-az83-442","name":"@waytrade/microservice-core","msg":"HTTP Server listening on port 46385"}
{"level":20,"time":1627435780166,"pid":6100,"hostname":"fv-az83-442","name":"@waytrade/microservice-core","msg":"HTTP get /openapi.json -> 200 (4ms)"}
{"level":20,"time":1627435780172,"pid":6100,"hostname":"fv-az83-442","name":"@waytrade/microservice-core","msg":"HTTP Server on port 46385 stopped"}
{"level":20,"time":1627435780175,"pid":6100,"hostname":"fv-az83-442","name":"@waytrade/microservice-core","msg":"HTTP Server listening on port 35745"}
{"level":20,"time":1627435780180,"pid":6100,"hostname":"fv-az83-442","name":"@waytrade/microservice-core","msg":"HTTP get /openapi.json -> 200 (0ms)"}
{"level":20,"time":1627435780205,"pid":6100,"hostname":"fv-az83-442","name":"@waytrade/microservice-core","msg":"HTTP Server on port 35745 stopped"}
{"level":20,"time":1627435780214,"pid":6100,"hostname":"fv-az83-442","name":"@waytrade/microservice-core","msg":"HTTP Server listening on port 46379"}
{"level":20,"time":1627435780218,"pid":6100,"hostname":"fv-az83-442","name":"@waytrade/microservice-core","msg":"HTTP Server listening on port 56741"}
{"level":20,"time":1627435780223,"pid":6100,"hostname":"fv-az83-442","name":"@waytrade/microservice-core","msg":"HTTP get /openapi.json -> 200 (1ms)"}
{"level":20,"time":1627435780223,"pid":6100,"hostname":"fv-az83-442","name":"@waytrade/microservice-core","msg":"HTTP get / -> 200 (0ms)"}
{"level":20,"time":1627435780232,"pid":6100,"hostname":"fv-az83-442","name":"@waytrade/microservice-core","msg":"HTTP Server on port 46379 stopped"}
{"level":20,"time":1627435780235,"pid":6100,"hostname":"fv-az83-442","name":"@waytrade/microservice-core","msg":"HTTP Server on port 56741 stopped"}
{"level":20,"time":1627435780237,"pid":6100,"hostname":"fv-az83-442","name":"@waytrade/microservice-core","msg":"HTTP Server listening on port 52795"}
{"level":20,"time":1627435780245,"pid":6100,"hostname":"fv-az83-442","name":"@waytrade/microservice-core","msg":"HTTP get /swagger-ui.css -> 200 (4ms)"}
{"level":20,"time":1627435780249,"pid":6100,"hostname":"fv-az83-442","name":"@waytrade/microservice-core","msg":"HTTP Server on port 52795 stopped"}
{"level":20,"time":1627435780251,"pid":6100,"hostname":"fv-az83-442","name":"@waytrade/microservice-core","msg":"HTTP Server listening on port 48643"}
{"level":20,"time":1627435780284,"pid":6100,"hostname":"fv-az83-442","name":"@waytrade/microservice-core","msg":"HTTP get /swagger-ui-bundle.js -> 200 (25ms)"}
{"level":20,"time":1627435780298,"pid":6100,"hostname":"fv-az83-442","name":"@waytrade/microservice-core","msg":"HTTP Server on port 48643 stopped"}
{"level":20,"time":1627435780300,"pid":6100,"hostname":"fv-az83-442","name":"@waytrade/microservice-core","msg":"HTTP Server listening on port 57129"}
{"level":20,"time":1627435780309,"pid":6100,"hostname":"fv-az83-442","name":"@waytrade/microservice-core","msg":"HTTP get /swagger-ui-standalone-preset.js -> 200 (6ms)"}
{"level":20,"time":1627435780315,"pid":6100,"hostname":"fv-az83-442","name":"@waytrade/microservice-core","msg":"HTTP Server on port 57129 stopped"}
{"level":20,"time":1627435782068,"pid":6100,"hostname":"fv-az83-442","name":"@waytrade/microservice-core","msg":"HTTP Server listening on port 33143"}
{"level":20,"time":1627435782070,"pid":6100,"hostname":"fv-az83-442","name":"@waytrade/microservice-core","msg":"HTTP Server listening on port 60025"}
{"level":30,"time":1627435782070,"pid":6100,"hostname":"fv-az83-442","name":"@waytrade/microservice-core","msg":"API Server started at port 33143"}
{"level":30,"time":1627435782070,"pid":6100,"hostname":"fv-az83-442","name":"@waytrade/microservice-core","msg":"Webhook Callback Server started at port 60025"}
{"level":20,"time":1627435782096,"pid":6100,"hostname":"fv-az83-442","name":"@waytrade/microservice-core","msg":"HTTP post /subscribe -> 400 (1ms)"}
{"level":20,"time":1627435782103,"pid":6100,"hostname":"fv-az83-442","name":"@waytrade/microservice-core","msg":"HTTP Server on port 33143 stopped"}
{"level":20,"time":1627435782103,"pid":6100,"hostname":"fv-az83-442","name":"@waytrade/microservice-core","msg":"HTTP Server on port 60025 stopped"}
{"level":30,"time":1627435782103,"pid":6100,"hostname":"fv-az83-442","name":"@waytrade/microservice-core","msg":"App stopped."}
{"level":20,"time":1627435782106,"pid":6100,"hostname":"fv-az83-442","name":"@waytrade/microservice-core","msg":"HTTP Server listening on port 43497"}
{"level":20,"time":1627435782107,"pid":6100,"hostname":"fv-az83-442","name":"@waytrade/microservice-core","msg":"HTTP Server listening on port 45223"}
{"level":30,"time":1627435782107,"pid":6100,"hostname":"fv-az83-442","name":"@waytrade/microservice-core","msg":"API Server started at port 43497"}
{"level":30,"time":1627435782107,"pid":6100,"hostname":"fv-az83-442","name":"@waytrade/microservice-core","msg":"Webhook Callback Server started at port 45223"}
{"level":20,"time":1627435782112,"pid":6100,"hostname":"fv-az83-442","name":"@waytrade/microservice-core","msg":"HTTP post /subscribe -> 201 (1ms)"}
{"level":20,"time":1627435782119,"pid":6100,"hostname":"fv-az83-442","name":"@waytrade/microservice-core","msg":"HTTP post /subscribe -> 204 (0ms)"}
{"level":20,"time":1627435782122,"pid":6100,"hostname":"fv-az83-442","name":"@waytrade/microservice-core","msg":"HTTP Server on port 43497 stopped"}
{"level":20,"time":1627435782122,"pid":6100,"hostname":"fv-az83-442","name":"@waytrade/microservice-core","msg":"HTTP Server on port 45223 stopped"}
{"level":30,"time":1627435782122,"pid":6100,"hostname":"fv-az83-442","name":"@waytrade/microservice-core","msg":"App stopped."}
{"level":20,"time":1627435782125,"pid":6100,"hostname":"fv-az83-442","name":"@waytrade/microservice-core","msg":"HTTP Server listening on port 58767"}
{"level":20,"time":1627435782125,"pid":6100,"hostname":"fv-az83-442","name":"@waytrade/microservice-core","msg":"HTTP Server listening on port 44717"}
{"level":30,"time":1627435782125,"pid":6100,"hostname":"fv-az83-442","name":"@waytrade/microservice-core","msg":"API Server started at port 58767"}
{"level":30,"time":1627435782125,"pid":6100,"hostname":"fv-az83-442","name":"@waytrade/microservice-core","msg":"Webhook Callback Server started at port 44717"}
{"level":20,"time":1627435782141,"pid":6100,"hostname":"fv-az83-442","name":"@waytrade/microservice-core","msg":"HTTP post /subscribe -> 201 (0ms)"}
{"level":20,"time":1627435782148,"pid":6100,"hostname":"fv-az83-442","name":"@waytrade/microservice-core","msg":"HTTP post /subscribe -> 201 (0ms)"}
{"level":20,"time":1627435782150,"pid":6100,"hostname":"fv-az83-442","name":"@waytrade/microservice-core","msg":"HTTP Server on port 58767 stopped"}
{"level":20,"time":1627435782150,"pid":6100,"hostname":"fv-az83-442","name":"@waytrade/microservice-core","msg":"HTTP Server on port 44717 stopped"}
{"level":30,"time":1627435782150,"pid":6100,"hostname":"fv-az83-442","name":"@waytrade/microservice-core","msg":"App stopped."}
{"level":20,"time":1627435782153,"pid":6100,"hostname":"fv-az83-442","name":"@waytrade/microservice-core","msg":"HTTP Server listening on port 60981"}
{"level":20,"time":1627435782154,"pid":6100,"hostname":"fv-az83-442","name":"@waytrade/microservice-core","msg":"HTTP Server listening on port 41355"}
{"level":30,"time":1627435782154,"pid":6100,"hostname":"fv-az83-442","name":"@waytrade/microservice-core","msg":"API Server started at port 60981"}
{"level":30,"time":1627435782154,"pid":6100,"hostname":"fv-az83-442","name":"@waytrade/microservice-core","msg":"Webhook Callback Server started at port 41355"}
{"level":20,"time":1627435782158,"pid":6100,"hostname":"fv-az83-442","name":"@waytrade/microservice-core","msg":"HTTP post /subscribe -> 201 (0ms)"}
{"level":20,"time":1627435782164,"pid":6100,"hostname":"fv-az83-442","name":"@waytrade/microservice-core","msg":"HTTP post /unsubscribe -> 200 (0ms)"}
{"level":20,"time":1627435782167,"pid":6100,"hostname":"fv-az83-442","name":"@waytrade/microservice-core","msg":"HTTP Server on port 60981 stopped"}
{"level":20,"time":1627435782167,"pid":6100,"hostname":"fv-az83-442","name":"@waytrade/microservice-core","msg":"HTTP Server on port 41355 stopped"}
{"level":30,"time":1627435782167,"pid":6100,"hostname":"fv-az83-442","name":"@waytrade/microservice-core","msg":"App stopped."}
{"level":20,"time":1627435782169,"pid":6100,"hostname":"fv-az83-442","name":"@waytrade/microservice-core","msg":"HTTP Server listening on port 52219"}
{"level":20,"time":1627435782170,"pid":6100,"hostname":"fv-az83-442","name":"@waytrade/microservice-core","msg":"HTTP Server listening on port 53381"}
{"level":30,"time":1627435782170,"pid":6100,"hostname":"fv-az83-442","name":"@waytrade/microservice-core","msg":"API Server started at port 52219"}
{"level":30,"time":1627435782170,"pid":6100,"hostname":"fv-az83-442","name":"@waytrade/microservice-core","msg":"Webhook Callback Server started at port 53381"}
{"level":20,"time":1627435782174,"pid":6100,"hostname":"fv-az83-442","name":"@waytrade/microservice-core","msg":"HTTP post /unsubscribe -> 400 (0ms)"}
{"level":20,"time":1627435782177,"pid":6100,"hostname":"fv-az83-442","name":"@waytrade/microservice-core","msg":"HTTP Server on port 52219 stopped"}
{"level":20,"time":1627435782177,"pid":6100,"hostname":"fv-az83-442","name":"@waytrade/microservice-core","msg":"HTTP Server on port 53381 stopped"}
{"level":30,"time":1627435782177,"pid":6100,"hostname":"fv-az83-442","name":"@waytrade/microservice-core","msg":"App stopped."}
{"level":20,"time":1627435782180,"pid":6100,"hostname":"fv-az83-442","name":"@waytrade/microservice-core","msg":"HTTP Server listening on port 56339"}
{"level":20,"time":1627435782180,"pid":6100,"hostname":"fv-az83-442","name":"@waytrade/microservice-core","msg":"HTTP Server listening on port 45643"}
{"level":30,"time":1627435782180,"pid":6100,"hostname":"fv-az83-442","name":"@waytrade/microservice-core","msg":"API Server started at port 56339"}
{"level":30,"time":1627435782180,"pid":6100,"hostname":"fv-az83-442","name":"@waytrade/microservice-core","msg":"Webhook Callback Server started at port 45643"}
{"level":20,"time":1627435782184,"pid":6100,"hostname":"fv-az83-442","name":"@waytrade/microservice-core","msg":"HTTP post /unsubscribe -> 404 (0ms)"}
{"level":20,"time":1627435782187,"pid":6100,"hostname":"fv-az83-442","name":"@waytrade/microservice-core","msg":"HTTP Server on port 56339 stopped"}
{"level":20,"time":1627435782187,"pid":6100,"hostname":"fv-az83-442","name":"@waytrade/microservice-core","msg":"HTTP Server on port 45643 stopped"}
{"level":30,"time":1627435782187,"pid":6100,"hostname":"fv-az83-442","name":"@waytrade/microservice-core","msg":"App stopped."}
{"level":20,"time":1627435782189,"pid":6100,"hostname":"fv-az83-442","name":"@waytrade/microservice-core","msg":"HTTP Server listening on port 50043"}
{"level":20,"time":1627435782190,"pid":6100,"hostname":"fv-az83-442","name":"@waytrade/microservice-core","msg":"HTTP Server listening on port 59481"}
{"level":30,"time":1627435782190,"pid":6100,"hostname":"fv-az83-442","name":"@waytrade/microservice-core","msg":"API Server started at port 50043"}
{"level":30,"time":1627435782190,"pid":6100,"hostname":"fv-az83-442","name":"@waytrade/microservice-core","msg":"Webhook Callback Server started at port 59481"}
{"level":20,"time":1627435782196,"pid":6100,"hostname":"fv-az83-442","name":"@waytrade/microservice-core","msg":"HTTP post /subscribe -> 201 (0ms)"}
{"level":20,"time":1627435782208,"pid":6100,"hostname":"fv-az83-442","name":"@waytrade/microservice-core","msg":"HTTP Server on port 50043 stopped"}
{"level":20,"time":1627435782208,"pid":6100,"hostname":"fv-az83-442","name":"@waytrade/microservice-core","msg":"HTTP Server on port 59481 stopped"}
{"level":30,"time":1627435782208,"pid":6100,"hostname":"fv-az83-442","name":"@waytrade/microservice-core","msg":"App stopped."}
{"level":20,"time":1627435782208,"pid":6100,"hostname":"fv-az83-442","name":"@waytrade/microservice-core","msg":"HTTP post /callback -> 200 (0ms)"}
{"level":20,"time":1627435782211,"pid":6100,"hostname":"fv-az83-442","name":"@waytrade/microservice-core","msg":"HTTP Server listening on port 38255"}
{"level":20,"time":1627435782211,"pid":6100,"hostname":"fv-az83-442","name":"@waytrade/microservice-core","msg":"HTTP Server listening on port 54663"}
{"level":30,"time":1627435782212,"pid":6100,"hostname":"fv-az83-442","name":"@waytrade/microservice-core","msg":"API Server started at port 38255"}
{"level":30,"time":1627435782212,"pid":6100,"hostname":"fv-az83-442","name":"@waytrade/microservice-core","msg":"Webhook Callback Server started at port 54663"}
{"level":20,"time":1627435782218,"pid":6100,"hostname":"fv-az83-442","name":"@waytrade/microservice-core","msg":"HTTP post /subscribe -> 201 (1ms)"}
{"level":20,"time":1627435782227,"pid":6100,"hostname":"fv-az83-442","name":"@waytrade/microservice-core","msg":"HTTP Server on port 38255 stopped"}
{"level":20,"time":1627435782227,"pid":6100,"hostname":"fv-az83-442","name":"@waytrade/microservice-core","msg":"HTTP Server on port 54663 stopped"}
{"level":30,"time":1627435782227,"pid":6100,"hostname":"fv-az83-442","name":"@waytrade/microservice-core","msg":"App stopped."}
{"level":20,"time":1627435782227,"pid":6100,"hostname":"fv-az83-442","name":"@waytrade/microservice-core","msg":"HTTP post /callback -> 200 (0ms)"}
{"level":20,"time":1627435782230,"pid":6100,"hostname":"fv-az83-442","name":"@waytrade/microservice-core","msg":"HTTP Server listening on port 44547"}
{"level":20,"time":1627435782230,"pid":6100,"hostname":"fv-az83-442","name":"@waytrade/microservice-core","msg":"HTTP Server listening on port 37613"}
{"level":30,"time":1627435782230,"pid":6100,"hostname":"fv-az83-442","name":"@waytrade/microservice-core","msg":"API Server started at port 44547"}
{"level":30,"time":1627435782230,"pid":6100,"hostname":"fv-az83-442","name":"@waytrade/microservice-core","msg":"Webhook Callback Server started at port 37613"}
{"level":20,"time":1627435782236,"pid":6100,"hostname":"fv-az83-442","name":"@waytrade/microservice-core","msg":"HTTP post /subscribe -> 201 (0ms)"}
{"level":20,"time":1627435782248,"pid":6100,"hostname":"fv-az83-442","name":"@waytrade/microservice-core","msg":"HTTP post /callback -> 418 (2ms)"}
{"level":20,"time":1627435782252,"pid":6100,"hostname":"fv-az83-442","name":"@waytrade/microservice-core","msg":"HTTP post /subscribe -> 201 (0ms)"}
{"level":20,"time":1627435782255,"pid":6100,"hostname":"fv-az83-442","name":"@waytrade/microservice-core","msg":"HTTP Server on port 44547 stopped"}
{"level":20,"time":1627435782255,"pid":6100,"hostname":"fv-az83-442","name":"@waytrade/microservice-core","msg":"HTTP Server on port 37613 stopped"}
{"level":30,"time":1627435782255,"pid":6100,"hostname":"fv-az83-442","name":"@waytrade/microservice-core","msg":"App stopped."}
{"level":20,"time":1627435782258,"pid":6100,"hostname":"fv-az83-442","name":"@waytrade/microservice-core","msg":"HTTP Server listening on port 36921"}
{"level":20,"time":1627435782258,"pid":6100,"hostname":"fv-az83-442","name":"@waytrade/microservice-core","msg":"HTTP Server listening on port 33919"}
{"level":30,"time":1627435782259,"pid":6100,"hostname":"fv-az83-442","name":"@waytrade/microservice-core","msg":"API Server started at port 36921"}
{"level":30,"time":1627435782259,"pid":6100,"hostname":"fv-az83-442","name":"@waytrade/microservice-core","msg":"Webhook Callback Server started at port 33919"}
{"level":20,"time":1627435782262,"pid":6100,"hostname":"fv-az83-442","name":"@waytrade/microservice-core","msg":"HTTP post /subscribe -> 201 (0ms)"}
{"level":20,"time":1627435782268,"pid":6100,"hostname":"fv-az83-442","name":"@waytrade/microservice-core","msg":"HTTP post /subscribe -> 201 (0ms)"}
{"level":20,"time":1627435782276,"pid":6100,"hostname":"fv-az83-442","name":"@waytrade/microservice-core","msg":"HTTP Server on port 36921 stopped"}
{"level":20,"time":1627435782276,"pid":6100,"hostname":"fv-az83-442","name":"@waytrade/microservice-core","msg":"HTTP Server on port 33919 stopped"}
{"level":30,"time":1627435782276,"pid":6100,"hostname":"fv-az83-442","name":"@waytrade/microservice-core","msg":"App stopped."}
{"level":20,"time":1627435782808,"pid":6100,"hostname":"fv-az83-442","name":"@waytrade/microservice-core","msg":"HTTP Server listening on port 51081"}
{"level":20,"time":1627435782815,"pid":6100,"hostname":"fv-az83-442","name":"@waytrade/microservice-core","msg":"HTTP get /api/test/ -> 200 (0ms)"}
{"level":20,"time":1627435782818,"pid":6100,"hostname":"fv-az83-442","name":"@waytrade/microservice-core","msg":"HTTP Server on port 51081 stopped"}
{"level":20,"time":1627435782819,"pid":6100,"hostname":"fv-az83-442","name":"@waytrade/microservice-core","msg":"HTTP Server listening on port 55025"}
{"level":20,"time":1627435782833,"pid":6100,"hostname":"fv-az83-442","name":"@waytrade/microservice-core","msg":"HTTP get /api/test/error -> 418 (0ms)"}
{"level":20,"time":1627435782866,"pid":6100,"hostname":"fv-az83-442","name":"@waytrade/microservice-core","msg":"HTTP Server on port 55025 stopped"}
{"level":20,"time":1627435782869,"pid":6100,"hostname":"fv-az83-442","name":"@waytrade/microservice-core","msg":"HTTP Server listening on port 36979"}
{"level":20,"time":1627435783061,"pid":6100,"hostname":"fv-az83-442","name":"@waytrade/microservice-core","msg":"HTTP get /api/test/serverError -> 500 (184ms)"}
{"level":20,"time":1627435783067,"pid":6100,"hostname":"fv-az83-442","name":"@waytrade/microservice-core","msg":"HTTP Server on port 36979 stopped"}
{"level":20,"time":1627435783069,"pid":6100,"hostname":"fv-az83-442","name":"@waytrade/microservice-core","msg":"HTTP Server listening on port 46041"}
{"level":20,"time":1627435783073,"pid":6100,"hostname":"fv-az83-442","name":"@waytrade/microservice-core","msg":"HTTP put /api/test/ -> 200 (0ms)"}
{"level":20,"time":1627435783076,"pid":6100,"hostname":"fv-az83-442","name":"@waytrade/microservice-core","msg":"HTTP Server on port 46041 stopped"}
{"level":20,"time":1627435783078,"pid":6100,"hostname":"fv-az83-442","name":"@waytrade/microservice-core","msg":"HTTP Server listening on port 46461"}
{"level":20,"time":1627435783081,"pid":6100,"hostname":"fv-az83-442","name":"@waytrade/microservice-core","msg":"HTTP put /api/test/error -> 418 (0ms)"}
{"level":20,"time":1627435783087,"pid":6100,"hostname":"fv-az83-442","name":"@waytrade/microservice-core","msg":"HTTP Server on port 46461 stopped"}
{"level":20,"time":1627435783090,"pid":6100,"hostname":"fv-az83-442","name":"@waytrade/microservice-core","msg":"HTTP Server listening on port 34307"}
{"level":20,"time":1627435783096,"pid":6100,"hostname":"fv-az83-442","name":"@waytrade/microservice-core","msg":"HTTP post /api/test/ -> 200 (1ms)"}
{"level":20,"time":1627435783099,"pid":6100,"hostname":"fv-az83-442","name":"@waytrade/microservice-core","msg":"HTTP Server on port 34307 stopped"}
{"level":20,"time":1627435783100,"pid":6100,"hostname":"fv-az83-442","name":"@waytrade/microservice-core","msg":"HTTP Server listening on port 41117"}
{"level":20,"time":1627435783104,"pid":6100,"hostname":"fv-az83-442","name":"@waytrade/microservice-core","msg":"HTTP post /api/test/error -> 418 (0ms)"}
{"level":20,"time":1627435783107,"pid":6100,"hostname":"fv-az83-442","name":"@waytrade/microservice-core","msg":"HTTP Server on port 41117 stopped"}
{"level":20,"time":1627435783108,"pid":6100,"hostname":"fv-az83-442","name":"@waytrade/microservice-core","msg":"HTTP Server listening on port 53127"}
{"level":20,"time":1627435783113,"pid":6100,"hostname":"fv-az83-442","name":"@waytrade/microservice-core","msg":"HTTP patch /api/test/ -> 200 (0ms)"}
{"level":20,"time":1627435783116,"pid":6100,"hostname":"fv-az83-442","name":"@waytrade/microservice-core","msg":"HTTP Server on port 53127 stopped"}
{"level":20,"time":1627435783118,"pid":6100,"hostname":"fv-az83-442","name":"@waytrade/microservice-core","msg":"HTTP Server listening on port 51289"}
{"level":20,"time":1627435783124,"pid":6100,"hostname":"fv-az83-442","name":"@waytrade/microservice-core","msg":"HTTP patch /api/test/error -> 418 (0ms)"}
{"level":20,"time":1627435783127,"pid":6100,"hostname":"fv-az83-442","name":"@waytrade/microservice-core","msg":"HTTP Server on port 51289 stopped"}
{"level":20,"time":1627435783128,"pid":6100,"hostname":"fv-az83-442","name":"@waytrade/microservice-core","msg":"HTTP Server listening on port 60901"}
{"level":20,"time":1627435783132,"pid":6100,"hostname":"fv-az83-442","name":"@waytrade/microservice-core","msg":"HTTP delete /api/test/ -> 200 (0ms)"}
{"level":20,"time":1627435783140,"pid":6100,"hostname":"fv-az83-442","name":"@waytrade/microservice-core","msg":"HTTP Server on port 60901 stopped"}
{"level":20,"time":1627435783142,"pid":6100,"hostname":"fv-az83-442","name":"@waytrade/microservice-core","msg":"HTTP Server listening on port 60509"}
{"level":20,"time":1627435783145,"pid":6100,"hostname":"fv-az83-442","name":"@waytrade/microservice-core","msg":"HTTP delete /api/test/error -> 418 (0ms)"}
{"level":20,"time":1627435783148,"pid":6100,"hostname":"fv-az83-442","name":"@waytrade/microservice-core","msg":"HTTP Server on port 60509 stopped"}
{"level":20,"time":1627435783962,"pid":6100,"hostname":"fv-az83-442","name":"@waytrade/microservice-core","msg":"HTTP Server listening on port 53685"}
{"level":20,"time":1627435783969,"pid":6100,"hostname":"fv-az83-442","name":"@waytrade/microservice-core","msg":"HTTP get /api/test/ -> 200 (1ms)"}
{"level":20,"time":1627435783975,"pid":6100,"hostname":"fv-az83-442","name":"@waytrade/microservice-core","msg":"HTTP Server on port 53685 stopped"}
{"level":20,"time":1627435783977,"pid":6100,"hostname":"fv-az83-442","name":"@waytrade/microservice-core","msg":"HTTP Server listening on port 54291"}
{"level":20,"time":1627435783989,"pid":6100,"hostname":"fv-az83-442","name":"@waytrade/microservice-core","msg":"HTTP get /api/test/notImplemented -> 501 (0ms)"}
{"level":20,"time":1627435783991,"pid":6100,"hostname":"fv-az83-442","name":"@waytrade/microservice-core","msg":"HTTP Server on port 54291 stopped"}
{"level":20,"time":1627435783993,"pid":6100,"hostname":"fv-az83-442","name":"@waytrade/microservice-core","msg":"HTTP Server listening on port 33953"}
{"level":20,"time":1627435783998,"pid":6100,"hostname":"fv-az83-442","name":"@waytrade/microservice-core","msg":"HTTP put /api/test/ -> 200 (1ms)"}
{"level":20,"time":1627435784000,"pid":6100,"hostname":"fv-az83-442","name":"@waytrade/microservice-core","msg":"HTTP Server on port 33953 stopped"}
{"level":20,"time":1627435784002,"pid":6100,"hostname":"fv-az83-442","name":"@waytrade/microservice-core","msg":"HTTP Server listening on port 60497"}
{"level":20,"time":1627435784005,"pid":6100,"hostname":"fv-az83-442","name":"@waytrade/microservice-core","msg":"HTTP put /api/test/notImplemented -> 501 (0ms)"}
{"level":20,"time":1627435784008,"pid":6100,"hostname":"fv-az83-442","name":"@waytrade/microservice-core","msg":"HTTP Server on port 60497 stopped"}
{"level":20,"time":1627435784009,"pid":6100,"hostname":"fv-az83-442","name":"@waytrade/microservice-core","msg":"HTTP Server listening on port 46215"}
{"level":20,"time":1627435784016,"pid":6100,"hostname":"fv-az83-442","name":"@waytrade/microservice-core","msg":"HTTP post /api/test/ -> 200 (0ms)"}
{"level":20,"time":1627435784019,"pid":6100,"hostname":"fv-az83-442","name":"@waytrade/microservice-core","msg":"HTTP Server on port 46215 stopped"}
{"level":20,"time":1627435784020,"pid":6100,"hostname":"fv-az83-442","name":"@waytrade/microservice-core","msg":"HTTP Server listening on port 54431"}
{"level":20,"time":1627435784023,"pid":6100,"hostname":"fv-az83-442","name":"@waytrade/microservice-core","msg":"HTTP post /api/test/notImplemented -> 501 (0ms)"}
{"level":20,"time":1627435784026,"pid":6100,"hostname":"fv-az83-442","name":"@waytrade/microservice-core","msg":"HTTP Server on port 54431 stopped"}
{"level":20,"time":1627435784027,"pid":6100,"hostname":"fv-az83-442","name":"@waytrade/microservice-core","msg":"HTTP Server listening on port 54281"}
{"level":20,"time":1627435784037,"pid":6100,"hostname":"fv-az83-442","name":"@waytrade/microservice-core","msg":"HTTP patch /api/test/ -> 200 (0ms)"}
{"level":20,"time":1627435784040,"pid":6100,"hostname":"fv-az83-442","name":"@waytrade/microservice-core","msg":"HTTP Server on port 54281 stopped"}
{"level":20,"time":1627435784041,"pid":6100,"hostname":"fv-az83-442","name":"@waytrade/microservice-core","msg":"HTTP Server listening on port 37253"}
{"level":20,"time":1627435784045,"pid":6100,"hostname":"fv-az83-442","name":"@waytrade/microservice-core","msg":"HTTP post /api/test/notImplemented -> 501 (0ms)"}
{"level":20,"time":1627435784047,"pid":6100,"hostname":"fv-az83-442","name":"@waytrade/microservice-core","msg":"HTTP Server on port 37253 stopped"}
{"level":20,"time":1627435784048,"pid":6100,"hostname":"fv-az83-442","name":"@waytrade/microservice-core","msg":"HTTP Server listening on port 38339"}
{"level":20,"time":1627435784059,"pid":6100,"hostname":"fv-az83-442","name":"@waytrade/microservice-core","msg":"HTTP delete /api/test/ -> 200 (0ms)"}
{"level":20,"time":1627435784062,"pid":6100,"hostname":"fv-az83-442","name":"@waytrade/microservice-core","msg":"HTTP Server on port 38339 stopped"}
{"level":20,"time":1627435784063,"pid":6100,"hostname":"fv-az83-442","name":"@waytrade/microservice-core","msg":"HTTP Server listening on port 44533"}
{"level":20,"time":1627435784067,"pid":6100,"hostname":"fv-az83-442","name":"@waytrade/microservice-core","msg":"HTTP post /api/test/notImplemented -> 501 (0ms)"}
{"level":20,"time":1627435784069,"pid":6100,"hostname":"fv-az83-442","name":"@waytrade/microservice-core","msg":"HTTP Server on port 44533 stopped"}
{"level":20,"time":1627435784604,"pid":6100,"hostname":"fv-az83-442","name":"@waytrade/microservice-core","msg":"Debug message"}
{"level":30,"time":1627435784607,"pid":6100,"hostname":"fv-az83-442","name":"@waytrade/microservice-core","msg":"Info message"}
{"level":40,"time":1627435784607,"pid":6100,"hostname":"fv-az83-442","name":"@waytrade/microservice-core","msg":"Warning message"}
{"level":50,"time":1627435784608,"pid":6100,"hostname":"fv-az83-442","name":"@waytrade/microservice-core","msg":"Error message"}
{"level":30,"time":1627435784610,"pid":6100,"hostname":"fv-az83-442","name":"@waytrade/microservice-core","msg":"Info message"}
{"level":40,"time":1627435784611,"pid":6100,"hostname":"fv-az83-442","name":"@waytrade/microservice-core","msg":"Warning message"}
{"level":50,"time":1627435784611,"pid":6100,"hostname":"fv-az83-442","name":"@waytrade/microservice-core","msg":"Error message"}
{"level":40,"time":1627435784614,"pid":6100,"hostname":"fv-az83-442","name":"@waytrade/microservice-core","msg":"Warning message"}
{"level":50,"time":1627435784614,"pid":6100,"hostname":"fv-az83-442","name":"@waytrade/microservice-core","msg":"Error message"}
{"level":50,"time":1627435784617,"pid":6100,"hostname":"fv-az83-442","name":"@waytrade/microservice-core","msg":"Error message"}
{"level":20,"time":1627435784632,"pid":6100,"hostname":"fv-az83-442","name":"@waytrade/microservice-core","msg":"Debug message"}
{"level":30,"time":1627435784633,"pid":6100,"hostname":"fv-az83-442","name":"@waytrade/microservice-core","msg":"Info message"}
{"level":40,"time":1627435784634,"pid":6100,"hostname":"fv-az83-442","name":"@waytrade/microservice-core","msg":"Warning message"}
{"level":50,"time":1627435784634,"pid":6100,"hostname":"fv-az83-442","name":"@waytrade/microservice-core","msg":"Error message"}
{"level":20,"time":1627435784998,"pid":6100,"hostname":"fv-az83-442","name":"@waytrade/microservice-core","msg":"HTTP Server listening on port 55417"}
{"level":30,"time":1627435784999,"pid":6100,"hostname":"fv-az83-442","name":"@waytrade/microservice-core","msg":"API Server started at port 55417"}
{"level":20,"time":1627435784999,"pid":6100,"hostname":"fv-az83-442","name":"@waytrade/microservice-core","msg":"HTTP Server on port 55417 stopped"}
{"level":30,"time":1627435784999,"pid":6100,"hostname":"fv-az83-442","name":"@waytrade/microservice-core","msg":"App stopped."}
{"level":30,"time":1627435785002,"pid":6100,"hostname":"fv-az83-442","name":"@waytrade/microservice-core","msg":"Starting App..."}
{"level":20,"time":1627435785014,"pid":6100,"hostname":"fv-az83-442","name":"@waytrade/microservice-core","msg":"HTTP Server listening on port 39097"}
{"level":30,"time":1627435785014,"pid":6100,"hostname":"fv-az83-442","name":"@waytrade/microservice-core","msg":"API Server started at port 39097"}
{"level":20,"time":1627435785015,"pid":6100,"hostname":"fv-az83-442","name":"@waytrade/microservice-core","msg":"HTTP Server on port 39097 stopped"}
{"level":30,"time":1627435785015,"pid":6100,"hostname":"fv-az83-442","name":"@waytrade/microservice-core","msg":"App stopped."}
{"level":20,"time":1627435785018,"pid":6100,"hostname":"fv-az83-442","name":"@waytrade/microservice-core","msg":"HTTP Server listening on port 53297"}
{"level":30,"time":1627435785018,"pid":6100,"hostname":"fv-az83-442","name":"@waytrade/microservice-core","msg":"API Server started at port 53297"}
{"level":20,"time":1627435785019,"pid":6100,"hostname":"fv-az83-442","name":"@waytrade/microservice-core","msg":"HTTP Server on port 53297 stopped"}
{"level":30,"time":1627435785019,"pid":6100,"hostname":"fv-az83-442","name":"@waytrade/microservice-core","msg":"App stopped."}
{"level":20,"time":1627435785021,"pid":6100,"hostname":"fv-az83-442","name":"@waytrade/microservice-core","msg":"HTTP Server listening on port 33755"}
{"level":30,"time":1627435785022,"pid":6100,"hostname":"fv-az83-442","name":"@waytrade/microservice-core","msg":"API Server started at port 33755"}
{"level":20,"time":1627435785022,"pid":6100,"hostname":"fv-az83-442","name":"@waytrade/microservice-core","msg":"HTTP Server on port 33755 stopped"}
{"level":30,"time":1627435785022,"pid":6100,"hostname":"fv-az83-442","name":"@waytrade/microservice-core","msg":"App stopped."}
{"level":20,"time":1627435785025,"pid":6100,"hostname":"fv-az83-442","name":"@waytrade/microservice-core","msg":"HTTP Server listening on port 60221"}
{"level":30,"time":1627435785026,"pid":6100,"hostname":"fv-az83-442","name":"@waytrade/microservice-core","msg":"API Server started at port 60221"}
{"level":20,"time":1627435785027,"pid":6100,"hostname":"fv-az83-442","name":"@waytrade/microservice-core","msg":"HTTP Server on port 60221 stopped"}
{"level":30,"time":1627435785027,"pid":6100,"hostname":"fv-az83-442","name":"@waytrade/microservice-core","msg":"App stopped."}
{"level":20,"time":1627435785030,"pid":6100,"hostname":"fv-az83-442","name":"@waytrade/microservice-core","msg":"HTTP Server listening on port 54363"}
{"level":30,"time":1627435785031,"pid":6100,"hostname":"fv-az83-442","name":"@waytrade/microservice-core","msg":"API Server started at port 54363"}
{"level":20,"time":1627435785037,"pid":6100,"hostname":"fv-az83-442","name":"@waytrade/microservice-core","msg":"HTTP get /test/get/ -> 200 (0ms)"}
{"level":20,"time":1627435785040,"pid":6100,"hostname":"fv-az83-442","name":"@waytrade/microservice-core","msg":"HTTP Server on port 54363 stopped"}
{"level":30,"time":1627435785040,"pid":6100,"hostname":"fv-az83-442","name":"@waytrade/microservice-core","msg":"App stopped."}
{"level":30,"time":1627435785043,"pid":6100,"hostname":"fv-az83-442","name":"@waytrade/microservice-core","msg":"Starting App..."}
{"level":20,"time":1627435785044,"pid":6100,"hostname":"fv-az83-442","name":"@waytrade/microservice-core","msg":"HTTP Server listening on port 33511"}
{"level":30,"time":1627435785044,"pid":6100,"hostname":"fv-az83-442","name":"@waytrade/microservice-core","msg":"API Server started at port 33511"}
{"level":20,"time":1627435785044,"pid":6100,"hostname":"fv-az83-442","name":"@waytrade/microservice-core","msg":"Debug message"}
{"level":30,"time":1627435785044,"pid":6100,"hostname":"fv-az83-442","name":"@waytrade/microservice-core","msg":"Info message"}
{"level":40,"time":1627435785044,"pid":6100,"hostname":"fv-az83-442","name":"@waytrade/microservice-core","msg":"Warning message"}
{"level":50,"time":1627435785044,"pid":6100,"hostname":"fv-az83-442","name":"@waytrade/microservice-core","msg":"Error message"}
{"level":20,"time":1627435785045,"pid":6100,"hostname":"fv-az83-442","name":"@waytrade/microservice-core","msg":"HTTP Server on port 33511 stopped"}
{"level":30,"time":1627435785045,"pid":6100,"hostname":"fv-az83-442","name":"@waytrade/microservice-core","msg":"App stopped."}
{"level":20,"time":1627435785374,"pid":6100,"hostname":"fv-az83-442","name":"@waytrade/microservice-core","msg":"HTTP Server listening on port 58205"}
{"level":20,"time":1627435785375,"pid":6100,"hostname":"fv-az83-442","name":"@waytrade/microservice-core","msg":"HTTP Server listening on port 49257"}
{"level":30,"time":1627435785375,"pid":6100,"hostname":"fv-az83-442","name":"@waytrade/microservice-core","msg":"API Server started at port 58205"}
{"level":30,"time":1627435785375,"pid":6100,"hostname":"fv-az83-442","name":"@waytrade/microservice-core","msg":"Webhook Callback Server started at port 49257"}
{"level":20,"time":1627435785376,"pid":6100,"hostname":"fv-az83-442","name":"@waytrade/microservice-core","msg":"HTTP Server on port 58205 stopped"}
{"level":20,"time":1627435785376,"pid":6100,"hostname":"fv-az83-442","name":"@waytrade/microservice-core","msg":"HTTP Server on port 49257 stopped"}
{"level":30,"time":1627435785376,"pid":6100,"hostname":"fv-az83-442","name":"@waytrade/microservice-core","msg":"App stopped."}
{"level":20,"time":1627435785379,"pid":6100,"hostname":"fv-az83-442","name":"@waytrade/microservice-core","msg":"HTTP Server listening on port 36753"}
{"level":20,"time":1627435785380,"pid":6100,"hostname":"fv-az83-442","name":"@waytrade/microservice-core","msg":"HTTP Server listening on port 57513"}
{"level":30,"time":1627435785380,"pid":6100,"hostname":"fv-az83-442","name":"@waytrade/microservice-core","msg":"API Server started at port 36753"}
{"level":30,"time":1627435785380,"pid":6100,"hostname":"fv-az83-442","name":"@waytrade/microservice-core","msg":"Webhook Callback Server started at port 57513"}
{"level":20,"time":1627435785381,"pid":6100,"hostname":"fv-az83-442","name":"@waytrade/microservice-core","msg":"HTTP Server on port 36753 stopped"}
{"level":20,"time":1627435785381,"pid":6100,"hostname":"fv-az83-442","name":"@waytrade/microservice-core","msg":"HTTP Server on port 57513 stopped"}
{"level":30,"time":1627435785381,"pid":6100,"hostname":"fv-az83-442","name":"@waytrade/microservice-core","msg":"App stopped."}
{"level":20,"time":1627435785384,"pid":6100,"hostname":"fv-az83-442","name":"@waytrade/microservice-core","msg":"HTTP Server listening on port 35851"}
{"level":20,"time":1627435785385,"pid":6100,"hostname":"fv-az83-442","name":"@waytrade/microservice-core","msg":"HTTP Server listening on port 51209"}
{"level":20,"time":1627435785385,"pid":6100,"hostname":"fv-az83-442","name":"@waytrade/microservice-core","msg":"HTTP Server on port 35851 stopped"}
{"level":20,"time":1627435785385,"pid":6100,"hostname":"fv-az83-442","name":"@waytrade/microservice-core","msg":"HTTP Server on port 51209 stopped"}
{"level":30,"time":1627435785385,"pid":6100,"hostname":"fv-az83-442","name":"@waytrade/microservice-core","msg":"App stopped."}
{"level":20,"time":1627435785388,"pid":6100,"hostname":"fv-az83-442","name":"@waytrade/microservice-core","msg":"HTTP Server listening on port 60911"}
{"level":20,"time":1627435785389,"pid":6100,"hostname":"fv-az83-442","name":"@waytrade/microservice-core","msg":"HTTP Server listening on port 36463"}
{"level":20,"time":1627435785389,"pid":6100,"hostname":"fv-az83-442","name":"@waytrade/microservice-core","msg":"HTTP Server on port 60911 stopped"}
{"level":20,"time":1627435785389,"pid":6100,"hostname":"fv-az83-442","name":"@waytrade/microservice-core","msg":"HTTP Server on port 36463 stopped"}
{"level":30,"time":1627435785389,"pid":6100,"hostname":"fv-az83-442","name":"@waytrade/microservice-core","msg":"App stopped."}
{"level":20,"time":1627435785391,"pid":6100,"hostname":"fv-az83-442","name":"@waytrade/microservice-core","msg":"HTTP Server listening on port 42395"}
{"level":20,"time":1627435785392,"pid":6100,"hostname":"fv-az83-442","name":"@waytrade/microservice-core","msg":"HTTP Server listening on port 37841"}
{"level":20,"time":1627435785392,"pid":6100,"hostname":"fv-az83-442","name":"@waytrade/microservice-core","msg":"HTTP Server on port 42395 stopped"}
{"level":20,"time":1627435785393,"pid":6100,"hostname":"fv-az83-442","name":"@waytrade/microservice-core","msg":"HTTP Server on port 37841 stopped"}
{"level":30,"time":1627435785393,"pid":6100,"hostname":"fv-az83-442","name":"@waytrade/microservice-core","msg":"App stopped."}
{"level":20,"time":1627435785395,"pid":6100,"hostname":"fv-az83-442","name":"@waytrade/microservice-core","msg":"HTTP Server listening on port 33913"}
{"level":20,"time":1627435785395,"pid":6100,"hostname":"fv-az83-442","name":"@waytrade/microservice-core","msg":"HTTP Server listening on port 41427"}
{"level":20,"time":1627435785396,"pid":6100,"hostname":"fv-az83-442","name":"@waytrade/microservice-core","msg":"HTTP Server on port 33913 stopped"}
{"level":20,"time":1627435785396,"pid":6100,"hostname":"fv-az83-442","name":"@waytrade/microservice-core","msg":"HTTP Server on port 41427 stopped"}
{"level":30,"time":1627435785396,"pid":6100,"hostname":"fv-az83-442","name":"@waytrade/microservice-core","msg":"App stopped."}
{"level":20,"time":1627435785714,"pid":6100,"hostname":"fv-az83-442","name":"@waytrade/microservice-core","msg":"HTTP Server listening on port 58205"}
{"level":30,"time":1627435785715,"pid":6100,"hostname":"fv-az83-442","name":"@waytrade/microservice-core","msg":"API Server started at port 58205"}
{"level":20,"time":1627435785716,"pid":6100,"hostname":"fv-az83-442","name":"@waytrade/microservice-core","msg":"HTTP Server on port 58205 stopped"}
{"level":30,"time":1627435785716,"pid":6100,"hostname":"fv-az83-442","name":"@waytrade/microservice-core","msg":"App stopped."}
{"level":20,"time":1627435785719,"pid":6100,"hostname":"fv-az83-442","name":"@waytrade/microservice-core","msg":"HTTP Server listening on port 32885"}
{"level":30,"time":1627435785720,"pid":6100,"hostname":"fv-az83-442","name":"@waytrade/microservice-core","msg":"API Server started at port 32885"}
{"level":20,"time":1627435785721,"pid":6100,"hostname":"fv-az83-442","name":"@waytrade/microservice-core","msg":"HTTP Server on port 32885 stopped"}
{"level":30,"time":1627435785721,"pid":6100,"hostname":"fv-az83-442","name":"@waytrade/microservice-core","msg":"App stopped."}
{"level":20,"time":1627435785724,"pid":6100,"hostname":"fv-az83-442","name":"@waytrade/microservice-core","msg":"HTTP Server listening on port 60783"}
{"level":20,"time":1627435785725,"pid":6100,"hostname":"fv-az83-442","name":"@waytrade/microservice-core","msg":"HTTP Server on port 60783 stopped"}
{"level":30,"time":1627435785725,"pid":6100,"hostname":"fv-az83-442","name":"@waytrade/microservice-core","msg":"App stopped."}
{"level":20,"time":1627435785727,"pid":6100,"hostname":"fv-az83-442","name":"@waytrade/microservice-core","msg":"HTTP Server listening on port 57099"}
{"level":20,"time":1627435785728,"pid":6100,"hostname":"fv-az83-442","name":"@waytrade/microservice-core","msg":"HTTP Server on port 57099 stopped"}
{"level":30,"time":1627435785728,"pid":6100,"hostname":"fv-az83-442","name":"@waytrade/microservice-core","msg":"App stopped."}
{"level":20,"time":1627435785731,"pid":6100,"hostname":"fv-az83-442","name":"@waytrade/microservice-core","msg":"HTTP Server listening on port 53199"}
{"level":20,"time":1627435785732,"pid":6100,"hostname":"fv-az83-442","name":"@waytrade/microservice-core","msg":"HTTP Server on port 53199 stopped"}
{"level":30,"time":1627435785732,"pid":6100,"hostname":"fv-az83-442","name":"@waytrade/microservice-core","msg":"App stopped."}
{"level":20,"time":1627435785734,"pid":6100,"hostname":"fv-az83-442","name":"@waytrade/microservice-core","msg":"HTTP Server listening on port 33413"}
{"level":20,"time":1627435785735,"pid":6100,"hostname":"fv-az83-442","name":"@waytrade/microservice-core","msg":"HTTP Server on port 33413 stopped"}
{"level":30,"time":1627435785735,"pid":6100,"hostname":"fv-az83-442","name":"@waytrade/microservice-core","msg":"App stopped."}
{"level":20,"time":1627435786103,"pid":6100,"hostname":"fv-az83-442","name":"@waytrade/microservice-core","msg":"HTTP Server listening on port 52381"}
{"level":20,"time":1627435786123,"pid":6100,"hostname":"fv-az83-442","name":"@waytrade/microservice-core","msg":"HTTP Server on port 52381 stopped"}
{"level":20,"time":1627435786125,"pid":6100,"hostname":"fv-az83-442","name":"@waytrade/microservice-core","msg":"HTTP Server listening on port 53997"}
{"level":50,"time":1627435786133,"pid":6100,"hostname":"fv-az83-442","name":"@waytrade/microservice-core","msg":"Binary data on websocket not supported."}
{"level":20,"time":1627435786135,"pid":6100,"hostname":"fv-az83-442","name":"@waytrade/microservice-core","msg":"HTTP Server on port 53997 stopped"}
{"level":20,"time":1627435786137,"pid":6100,"hostname":"fv-az83-442","name":"@waytrade/microservice-core","msg":"HTTP Server listening on port 39635"}
{"level":20,"time":1627435786140,"pid":6100,"hostname":"fv-az83-442","name":"@waytrade/microservice-core","msg":"HTTP Server on port 39635 stopped"}
{"level":20,"time":1627435786140,"pid":6100,"hostname":"fv-az83-442","name":"@waytrade/microservice-core","msg":"HTTP Server on port -1 stopped"}
{"level":20,"time":1627435786142,"pid":6100,"hostname":"fv-az83-442","name":"@waytrade/microservice-core","msg":"HTTP Server listening on port 48999"}
{"level":20,"time":1627435787147,"pid":6100,"hostname":"fv-az83-442","name":"@waytrade/microservice-core","msg":"HTTP Server on port 48999 stopped"}
{"level":20,"time":1627435787149,"pid":6100,"hostname":"fv-az83-442","name":"@waytrade/microservice-core","msg":"HTTP Server listening on port 35083"}
{"level":20,"time":1627435787322,"pid":6100,"hostname":"fv-az83-442","name":"@waytrade/microservice-core","msg":"HTTP Server on port 35083 stopped"}
{"level":20,"time":1627435787324,"pid":6100,"hostname":"fv-az83-442","name":"@waytrade/microservice-core","msg":"HTTP Server listening on port 42819"}
{"level":20,"time":1627435787634,"pid":6100,"hostname":"fv-az83-442","name":"@waytrade/microservice-core","msg":"HTTP Server on port 42819 stopped"}
{"level":20,"time":1627435787931,"pid":6100,"hostname":"fv-az83-442","name":"@waytrade/microservice-core","msg":"HTTP Server listening on port 43029"}
{"level":30,"time":1627435787931,"pid":6100,"hostname":"fv-az83-442","name":"@waytrade/microservice-core","msg":"API Server started at port 43029"}
{"level":20,"time":1627435787932,"pid":6100,"hostname":"fv-az83-442","name":"@waytrade/microservice-core","msg":"HTTP Server on port 43029 stopped"}
{"level":30,"time":1627435787932,"pid":6100,"hostname":"fv-az83-442","name":"@waytrade/microservice-core","msg":"App stopped."}
{"level":20,"time":1627435787936,"pid":6100,"hostname":"fv-az83-442","name":"@waytrade/microservice-core","msg":"HTTP Server listening on port 51717"}
{"level":30,"time":1627435787936,"pid":6100,"hostname":"fv-az83-442","name":"@waytrade/microservice-core","msg":"API Server started at port 51717"}
{"level":20,"time":1627435787937,"pid":6100,"hostname":"fv-az83-442","name":"@waytrade/microservice-core","msg":"HTTP Server on port 51717 stopped"}
{"level":30,"time":1627435787937,"pid":6100,"hostname":"fv-az83-442","name":"@waytrade/microservice-core","msg":"App stopped."}
{"level":30,"time":1627435787940,"pid":6100,"hostname":"fv-az83-442","name":"@waytrade/microservice-core","msg":"App stopped."}
{"level":30,"time":1627435787945,"pid":6100,"hostname":"fv-az83-442","name":"@waytrade/microservice-core","msg":"App stopped."}
{"level":30,"time":1627435787967,"pid":6100,"hostname":"fv-az83-442","name":"@waytrade/microservice-core","msg":"App stopped."}
{"level":30,"time":1627435787970,"pid":6100,"hostname":"fv-az83-442","name":"@waytrade/microservice-core","msg":"App stopped."}
{"level":20,"time":1627435788285,"pid":6100,"hostname":"fv-az83-442","name":"@waytrade/microservice-core","msg":"HTTP Server listening on port 56409"}
{"level":20,"time":1627435788286,"pid":6100,"hostname":"fv-az83-442","name":"@waytrade/microservice-core","msg":"HTTP Server on port 56409 stopped"}
{"level":20,"time":1627435788288,"pid":6100,"hostname":"fv-az83-442","name":"@waytrade/microservice-core","msg":"HTTP Server listening on port 3999"}
{"level":20,"time":1627435788288,"pid":6100,"hostname":"fv-az83-442","name":"@waytrade/microservice-core","msg":"HTTP Server on port 3999 stopped"}
{"level":20,"time":1627435788289,"pid":6100,"hostname":"fv-az83-442","name":"@waytrade/microservice-core","msg":"HTTP Server listening on port 59847"}
{"level":20,"time":1627435788295,"pid":6100,"hostname":"fv-az83-442","name":"@waytrade/microservice-core","msg":"/some/invalid/path not found."}
{"level":20,"time":1627435788298,"pid":6100,"hostname":"fv-az83-442","name":"@waytrade/microservice-core","msg":"HTTP Server on port 59847 stopped"}
{"level":20,"time":1627435788299,"pid":6100,"hostname":"fv-az83-442","name":"@waytrade/microservice-core","msg":"HTTP Server listening on port 56713"}
{"level":20,"time":1627435788306,"pid":6100,"hostname":"fv-az83-442","name":"@waytrade/microservice-core","msg":"HTTP Server on port 56713 stopped"}
{"level":20,"time":1627435788307,"pid":6100,"hostname":"fv-az83-442","name":"@waytrade/microservice-core","msg":"HTTP Server listening on port 36337"}
{"level":20,"time":1627435788321,"pid":6100,"hostname":"fv-az83-442","name":"@waytrade/microservice-core","msg":"HTTP Server on port 36337 stopped"}
{"level":20,"time":1627435788322,"pid":6100,"hostname":"fv-az83-442","name":"@waytrade/microservice-core","msg":"HTTP Server listening on port 35205"}
{"level":20,"time":1627435788326,"pid":6100,"hostname":"fv-az83-442","name":"@waytrade/microservice-core","msg":"HTTP get /api/dummy/customResponseHeader -> 200 (0ms)"}
{"level":20,"time":1627435788328,"pid":6100,"hostname":"fv-az83-442","name":"@waytrade/microservice-core","msg":"HTTP Server on port 35205 stopped"}
{"level":20,"time":1627435788596,"pid":6100,"hostname":"fv-az83-442","name":"@waytrade/microservice-core","msg":"HTTP Server listening on port 44127"}
{"level":20,"time":1627435788597,"pid":6100,"hostname":"fv-az83-442","name":"@waytrade/microservice-core","msg":"HTTP Server listening on port 40419"}
{"level":30,"time":1627435788597,"pid":6100,"hostname":"fv-az83-442","name":"@waytrade/microservice-core","msg":"API Server started at port 44127"}
{"level":30,"time":1627435788597,"pid":6100,"hostname":"fv-az83-442","name":"@waytrade/microservice-core","msg":"Webhook Callback Server started at port 40419"}
{"level":20,"time":1627435788610,"pid":6100,"hostname":"fv-az83-442","name":"@waytrade/microservice-core","msg":"HTTP get /api/ -> 200 (1ms)"}
{"level":20,"time":1627435788613,"pid":6100,"hostname":"fv-az83-442","name":"@waytrade/microservice-core","msg":"HTTP Server on port 44127 stopped"}
{"level":20,"time":1627435788613,"pid":6100,"hostname":"fv-az83-442","name":"@waytrade/microservice-core","msg":"HTTP Server on port 40419 stopped"}
{"level":30,"time":1627435788613,"pid":6100,"hostname":"fv-az83-442","name":"@waytrade/microservice-core","msg":"App stopped."}
{"level":20,"time":1627435788616,"pid":6100,"hostname":"fv-az83-442","name":"@waytrade/microservice-core","msg":"HTTP Server listening on port 55363"}
{"level":20,"time":1627435788616,"pid":6100,"hostname":"fv-az83-442","name":"@waytrade/microservice-core","msg":"HTTP Server listening on port 41555"}
{"level":30,"time":1627435788616,"pid":6100,"hostname":"fv-az83-442","name":"@waytrade/microservice-core","msg":"API Server started at port 55363"}
{"level":30,"time":1627435788617,"pid":6100,"hostname":"fv-az83-442","name":"@waytrade/microservice-core","msg":"Webhook Callback Server started at port 41555"}
{"level":20,"time":1627435788620,"pid":6100,"hostname":"fv-az83-442","name":"@waytrade/microservice-core","msg":"HTTP get / -> 200 (0ms)"}
{"level":20,"time":1627435788623,"pid":6100,"hostname":"fv-az83-442","name":"@waytrade/microservice-core","msg":"HTTP Server on port 55363 stopped"}
{"level":20,"time":1627435788623,"pid":6100,"hostname":"fv-az83-442","name":"@waytrade/microservice-core","msg":"HTTP Server on port 41555 stopped"}
{"level":30,"time":1627435788623,"pid":6100,"hostname":"fv-az83-442","name":"@waytrade/microservice-core","msg":"App stopped."}
{"level":20,"time":1627435788625,"pid":6100,"hostname":"fv-az83-442","name":"@waytrade/microservice-core","msg":"HTTP Server listening on port 34407"}
{"level":20,"time":1627435788626,"pid":6100,"hostname":"fv-az83-442","name":"@waytrade/microservice-core","msg":"HTTP Server listening on port 40943"}
{"level":30,"time":1627435788626,"pid":6100,"hostname":"fv-az83-442","name":"@waytrade/microservice-core","msg":"API Server started at port 34407"}
{"level":30,"time":1627435788626,"pid":6100,"hostname":"fv-az83-442","name":"@waytrade/microservice-core","msg":"Webhook Callback Server started at port 40943"}
{"level":20,"time":1627435788630,"pid":6100,"hostname":"fv-az83-442","name":"@waytrade/microservice-core","msg":"HTTP get /api/ -> 200 (1ms)"}
{"level":20,"time":1627435788632,"pid":6100,"hostname":"fv-az83-442","name":"@waytrade/microservice-core","msg":"HTTP Server on port 34407 stopped"}
{"level":20,"time":1627435788632,"pid":6100,"hostname":"fv-az83-442","name":"@waytrade/microservice-core","msg":"HTTP Server on port 40943 stopped"}
{"level":30,"time":1627435788632,"pid":6100,"hostname":"fv-az83-442","name":"@waytrade/microservice-core","msg":"App stopped."}
{"level":20,"time":1627435788635,"pid":6100,"hostname":"fv-az83-442","name":"@waytrade/microservice-core","msg":"HTTP Server listening on port 54049"}
{"level":20,"time":1627435788636,"pid":6100,"hostname":"fv-az83-442","name":"@waytrade/microservice-core","msg":"HTTP Server listening on port 42583"}
{"level":30,"time":1627435788636,"pid":6100,"hostname":"fv-az83-442","name":"@waytrade/microservice-core","msg":"API Server started at port 54049"}
{"level":30,"time":1627435788636,"pid":6100,"hostname":"fv-az83-442","name":"@waytrade/microservice-core","msg":"Webhook Callback Server started at port 42583"}
{"level":20,"time":1627435788638,"pid":6100,"hostname":"fv-az83-442","name":"@waytrade/microservice-core","msg":"HTTP Server on port 54049 stopped"}
{"level":20,"time":1627435788638,"pid":6100,"hostname":"fv-az83-442","name":"@waytrade/microservice-core","msg":"HTTP Server on port 42583 stopped"}
{"level":30,"time":1627435788638,"pid":6100,"hostname":"fv-az83-442","name":"@waytrade/microservice-core","msg":"App stopped."}
{"level":20,"time":1627435788913,"pid":6100,"hostname":"fv-az83-442","name":"@waytrade/microservice-core","msg":"HTTP Server listening on port 45489"}
{"level":20,"time":1627435788914,"pid":6100,"hostname":"fv-az83-442","name":"@waytrade/microservice-core","msg":"HTTP Server listening on port 53053"}
{"level":30,"time":1627435788914,"pid":6100,"hostname":"fv-az83-442","name":"@waytrade/microservice-core","msg":"API Server started at port 45489"}
{"level":30,"time":1627435788914,"pid":6100,"hostname":"fv-az83-442","name":"@waytrade/microservice-core","msg":"Webhook Callback Server started at port 53053"}
{"level":20,"time":1627435788915,"pid":6100,"hostname":"fv-az83-442","name":"@waytrade/microservice-core","msg":"HTTP Server on port 45489 stopped"}
{"level":20,"time":1627435788915,"pid":6100,"hostname":"fv-az83-442","name":"@waytrade/microservice-core","msg":"HTTP Server on port 53053 stopped"}
{"level":30,"time":1627435788915,"pid":6100,"hostname":"fv-az83-442","name":"@waytrade/microservice-core","msg":"App stopped."}
{"level":20,"time":1627435788918,"pid":6100,"hostname":"fv-az83-442","name":"@waytrade/microservice-core","msg":"HTTP Server listening on port 56379"}
{"level":20,"time":1627435788918,"pid":6100,"hostname":"fv-az83-442","name":"@waytrade/microservice-core","msg":"HTTP Server listening on port 53889"}
{"level":30,"time":1627435788918,"pid":6100,"hostname":"fv-az83-442","name":"@waytrade/microservice-core","msg":"API Server started at port 56379"}
{"level":30,"time":1627435788919,"pid":6100,"hostname":"fv-az83-442","name":"@waytrade/microservice-core","msg":"Webhook Callback Server started at port 53889"}
{"level":20,"time":1627435788919,"pid":6100,"hostname":"fv-az83-442","name":"@waytrade/microservice-core","msg":"HTTP Server on port 56379 stopped"}
{"level":20,"time":1627435788919,"pid":6100,"hostname":"fv-az83-442","name":"@waytrade/microservice-core","msg":"HTTP Server on port 53889 stopped"}
{"level":30,"time":1627435788919,"pid":6100,"hostname":"fv-az83-442","name":"@waytrade/microservice-core","msg":"App stopped."}
{"level":20,"time":1627435788922,"pid":6100,"hostname":"fv-az83-442","name":"@waytrade/microservice-core","msg":"HTTP Server listening on port 42503"}
{"level":20,"time":1627435788922,"pid":6100,"hostname":"fv-az83-442","name":"@waytrade/microservice-core","msg":"HTTP Server listening on port 60815"}
{"level":30,"time":1627435788923,"pid":6100,"hostname":"fv-az83-442","name":"@waytrade/microservice-core","msg":"API Server started at port 42503"}
{"level":30,"time":1627435788923,"pid":6100,"hostname":"fv-az83-442","name":"@waytrade/microservice-core","msg":"Webhook Callback Server started at port 60815"}
{"level":20,"time":1627435788923,"pid":6100,"hostname":"fv-az83-442","name":"@waytrade/microservice-core","msg":"HTTP Server on port 42503 stopped"}
{"level":20,"time":1627435788923,"pid":6100,"hostname":"fv-az83-442","name":"@waytrade/microservice-core","msg":"HTTP Server on port 60815 stopped"}
{"level":30,"time":1627435788923,"pid":6100,"hostname":"fv-az83-442","name":"@waytrade/microservice-core","msg":"App stopped."}
{"level":20,"time":1627435788926,"pid":6100,"hostname":"fv-az83-442","name":"@waytrade/microservice-core","msg":"HTTP Server listening on port 55119"}
{"level":20,"time":1627435788926,"pid":6100,"hostname":"fv-az83-442","name":"@waytrade/microservice-core","msg":"HTTP Server listening on port 46383"}
{"level":30,"time":1627435788926,"pid":6100,"hostname":"fv-az83-442","name":"@waytrade/microservice-core","msg":"API Server started at port 55119"}
{"level":30,"time":1627435788926,"pid":6100,"hostname":"fv-az83-442","name":"@waytrade/microservice-core","msg":"Webhook Callback Server started at port 46383"}
{"level":20,"time":1627435788927,"pid":6100,"hostname":"fv-az83-442","name":"@waytrade/microservice-core","msg":"HTTP Server on port 55119 stopped"}
{"level":20,"time":1627435788927,"pid":6100,"hostname":"fv-az83-442","name":"@waytrade/microservice-core","msg":"HTTP Server on port 46383 stopped"}
{"level":30,"time":1627435788927,"pid":6100,"hostname":"fv-az83-442","name":"@waytrade/microservice-core","msg":"App stopped."}
{"level":20,"time":1627435789195,"pid":6100,"hostname":"fv-az83-442","name":"@waytrade/microservice-core","msg":"HTTP Server listening on port 37015"}
{"level":30,"time":1627435789196,"pid":6100,"hostname":"fv-az83-442","name":"@waytrade/microservice-core","msg":"API Server started at port 37015"}
{"level":20,"time":1627435789196,"pid":6100,"hostname":"fv-az83-442","name":"@waytrade/microservice-core","msg":"HTTP Server on port 37015 stopped"}
{"level":30,"time":1627435789196,"pid":6100,"hostname":"fv-az83-442","name":"@waytrade/microservice-core","msg":"App stopped."}
{"level":20,"time":1627435789199,"pid":6100,"hostname":"fv-az83-442","name":"@waytrade/microservice-core","msg":"HTTP Server listening on port 58801"}
{"level":30,"time":1627435789206,"pid":6100,"hostname":"fv-az83-442","name":"@waytrade/microservice-core","msg":"API Server started at port 58801"}
{"level":20,"time":1627435789207,"pid":6100,"hostname":"fv-az83-442","name":"@waytrade/microservice-core","msg":"HTTP Server on port 58801 stopped"}
{"level":30,"time":1627435789207,"pid":6100,"hostname":"fv-az83-442","name":"@waytrade/microservice-core","msg":"App stopped."}
{"level":20,"time":1627435789209,"pid":6100,"hostname":"fv-az83-442","name":"@waytrade/microservice-core","msg":"HTTP Server listening on port 49355"}
{"level":30,"time":1627435789210,"pid":6100,"hostname":"fv-az83-442","name":"@waytrade/microservice-core","msg":"API Server started at port 49355"}
{"level":20,"time":1627435789210,"pid":6100,"hostname":"fv-az83-442","name":"@waytrade/microservice-core","msg":"HTTP Server on port 49355 stopped"}
{"level":30,"time":1627435789210,"pid":6100,"hostname":"fv-az83-442","name":"@waytrade/microservice-core","msg":"App stopped."}
{"level":20,"time":1627435789213,"pid":6100,"hostname":"fv-az83-442","name":"@waytrade/microservice-core","msg":"HTTP Server listening on port 51891"}
{"level":30,"time":1627435789213,"pid":6100,"hostname":"fv-az83-442","name":"@waytrade/microservice-core","msg":"API Server started at port 51891"}
{"level":20,"time":1627435789214,"pid":6100,"hostname":"fv-az83-442","name":"@waytrade/microservice-core","msg":"HTTP Server on port 51891 stopped"}
{"level":30,"time":1627435789214,"pid":6100,"hostname":"fv-az83-442","name":"@waytrade/microservice-core","msg":"App stopped."}
{"level":20,"time":1627435789494,"pid":6100,"hostname":"fv-az83-442","name":"@waytrade/microservice-core","msg":"HTTP Server listening on port 41929"}
{"level":30,"time":1627435789495,"pid":6100,"hostname":"fv-az83-442","name":"@waytrade/microservice-core","msg":"API Server started at port 41929"}
{"level":20,"time":1627435789495,"pid":6100,"hostname":"fv-az83-442","name":"@waytrade/microservice-core","msg":"HTTP Server on port 41929 stopped"}
{"level":30,"time":1627435789495,"pid":6100,"hostname":"fv-az83-442","name":"@waytrade/microservice-core","msg":"App stopped."}
{"level":20,"time":1627435789498,"pid":6100,"hostname":"fv-az83-442","name":"@waytrade/microservice-core","msg":"HTTP Server listening on port 45815"}
{"level":30,"time":1627435789499,"pid":6100,"hostname":"fv-az83-442","name":"@waytrade/microservice-core","msg":"API Server started at port 45815"}
{"level":20,"time":1627435789499,"pid":6100,"hostname":"fv-az83-442","name":"@waytrade/microservice-core","msg":"HTTP Server on port 45815 stopped"}
{"level":30,"time":1627435789499,"pid":6100,"hostname":"fv-az83-442","name":"@waytrade/microservice-core","msg":"App stopped."}
{"level":20,"time":1627435789502,"pid":6100,"hostname":"fv-az83-442","name":"@waytrade/microservice-core","msg":"HTTP Server listening on port 49491"}
{"level":30,"time":1627435789502,"pid":6100,"hostname":"fv-az83-442","name":"@waytrade/microservice-core","msg":"API Server started at port 49491"}
{"level":20,"time":1627435789503,"pid":6100,"hostname":"fv-az83-442","name":"@waytrade/microservice-core","msg":"HTTP Server on port 49491 stopped"}
{"level":30,"time":1627435789503,"pid":6100,"hostname":"fv-az83-442","name":"@waytrade/microservice-core","msg":"App stopped."}
{"level":20,"time":1627435789505,"pid":6100,"hostname":"fv-az83-442","name":"@waytrade/microservice-core","msg":"HTTP Server listening on port 36525"}
{"level":30,"time":1627435789506,"pid":6100,"hostname":"fv-az83-442","name":"@waytrade/microservice-core","msg":"API Server started at port 36525"}
{"level":20,"time":1627435789506,"pid":6100,"hostname":"fv-az83-442","name":"@waytrade/microservice-core","msg":"HTTP Server on port 36525 stopped"}
{"level":30,"time":1627435789506,"pid":6100,"hostname":"fv-az83-442","name":"@waytrade/microservice-core","msg":"App stopped."}
{"level":20,"time":1627435790090,"pid":6100,"hostname":"fv-az83-442","name":"@waytrade/microservice-core","msg":"HTTP Server listening on port 49769"}
{"level":30,"time":1627435790091,"pid":6100,"hostname":"fv-az83-442","name":"@waytrade/microservice-core","msg":"API Server started at port 49769"}
{"level":20,"time":1627435790092,"pid":6100,"hostname":"fv-az83-442","name":"@waytrade/microservice-core","msg":"HTTP Server on port 49769 stopped"}
{"level":30,"time":1627435790092,"pid":6100,"hostname":"fv-az83-442","name":"@waytrade/microservice-core","msg":"App stopped."}
{"level":20,"time":1627435790095,"pid":6100,"hostname":"fv-az83-442","name":"@waytrade/microservice-core","msg":"HTTP Server listening on port 54389"}
{"level":20,"time":1627435790096,"pid":6100,"hostname":"fv-az83-442","name":"@waytrade/microservice-core","msg":"HTTP Server on port 54389 stopped"}
{"level":30,"time":1627435790096,"pid":6100,"hostname":"fv-az83-442","name":"@waytrade/microservice-core","msg":"App stopped."}
{"level":20,"time":1627435790099,"pid":6100,"hostname":"fv-az83-442","name":"@waytrade/microservice-core","msg":"HTTP Server listening on port 55377"}
{"level":20,"time":1627435790099,"pid":6100,"hostname":"fv-az83-442","name":"@waytrade/microservice-core","msg":"HTTP Server on port 55377 stopped"}
{"level":30,"time":1627435790099,"pid":6100,"hostname":"fv-az83-442","name":"@waytrade/microservice-core","msg":"App stopped."}
