{"level":20,"time":1631389455769,"pid":5895,"hostname":"fv-az36-34","name":"@waytrade/microservice-core","msg":"Starting HTTP Server on port 0"}
{"level":20,"time":1631389455770,"pid":5895,"hostname":"fv-az36-34","name":"@waytrade/microservice-core","msg":"HTTP Server listening on port 47781"}
{"level":20,"time":1631389455789,"pid":5895,"hostname":"fv-az36-34","name":"@waytrade/microservice-core","msg":"HTTP get /openapi.json -> 200 (4ms)"}
{"level":20,"time":1631389455792,"pid":5895,"hostname":"fv-az36-34","name":"@waytrade/microservice-core","msg":"HTTP Server on port 47781 stopped"}
{"level":20,"time":1631389455794,"pid":5895,"hostname":"fv-az36-34","name":"@waytrade/microservice-core","msg":"Starting HTTP Server on port 0"}
{"level":20,"time":1631389455794,"pid":5895,"hostname":"fv-az36-34","name":"@waytrade/microservice-core","msg":"HTTP Server listening on port 56289"}
{"level":20,"time":1631389455796,"pid":5895,"hostname":"fv-az36-34","name":"@waytrade/microservice-core","msg":"HTTP get /openapi.json -> 200 (0ms)"}
{"level":20,"time":1631389455816,"pid":5895,"hostname":"fv-az36-34","name":"@waytrade/microservice-core","msg":"HTTP Server on port 56289 stopped"}
{"level":20,"time":1631389455817,"pid":5895,"hostname":"fv-az36-34","name":"@waytrade/microservice-core","msg":"Starting HTTP Server on port 0"}
{"level":20,"time":1631389455817,"pid":5895,"hostname":"fv-az36-34","name":"@waytrade/microservice-core","msg":"HTTP Server listening on port 43225"}
{"level":20,"time":1631389455819,"pid":5895,"hostname":"fv-az36-34","name":"@waytrade/microservice-core","msg":"Starting HTTP Server on port 0"}
{"level":20,"time":1631389455819,"pid":5895,"hostname":"fv-az36-34","name":"@waytrade/microservice-core","msg":"HTTP Server listening on port 56799"}
{"level":20,"time":1631389455821,"pid":5895,"hostname":"fv-az36-34","name":"@waytrade/microservice-core","msg":"HTTP get /openapi.json -> 200 (1ms)"}
{"level":20,"time":1631389455821,"pid":5895,"hostname":"fv-az36-34","name":"@waytrade/microservice-core","msg":"HTTP get / -> 200 (0ms)"}
{"level":20,"time":1631389455827,"pid":5895,"hostname":"fv-az36-34","name":"@waytrade/microservice-core","msg":"HTTP Server on port 43225 stopped"}
{"level":20,"time":1631389455827,"pid":5895,"hostname":"fv-az36-34","name":"@waytrade/microservice-core","msg":"HTTP Server on port 56799 stopped"}
{"level":20,"time":1631389455828,"pid":5895,"hostname":"fv-az36-34","name":"@waytrade/microservice-core","msg":"Starting HTTP Server on port 0"}
{"level":20,"time":1631389455828,"pid":5895,"hostname":"fv-az36-34","name":"@waytrade/microservice-core","msg":"HTTP Server listening on port 38079"}
{"level":20,"time":1631389455831,"pid":5895,"hostname":"fv-az36-34","name":"@waytrade/microservice-core","msg":"HTTP get /swagger-ui.css -> 200 (2ms)"}
{"level":20,"time":1631389455832,"pid":5895,"hostname":"fv-az36-34","name":"@waytrade/microservice-core","msg":"HTTP Server on port 38079 stopped"}
{"level":20,"time":1631389455833,"pid":5895,"hostname":"fv-az36-34","name":"@waytrade/microservice-core","msg":"Starting HTTP Server on port 0"}
{"level":20,"time":1631389455833,"pid":5895,"hostname":"fv-az36-34","name":"@waytrade/microservice-core","msg":"HTTP Server listening on port 40947"}
{"level":20,"time":1631389455842,"pid":5895,"hostname":"fv-az36-34","name":"@waytrade/microservice-core","msg":"HTTP get /swagger-ui-bundle.js -> 200 (8ms)"}
{"level":20,"time":1631389455846,"pid":5895,"hostname":"fv-az36-34","name":"@waytrade/microservice-core","msg":"HTTP Server on port 40947 stopped"}
{"level":20,"time":1631389455847,"pid":5895,"hostname":"fv-az36-34","name":"@waytrade/microservice-core","msg":"Starting HTTP Server on port 0"}
{"level":20,"time":1631389455847,"pid":5895,"hostname":"fv-az36-34","name":"@waytrade/microservice-core","msg":"HTTP Server listening on port 41907"}
{"level":20,"time":1631389455851,"pid":5895,"hostname":"fv-az36-34","name":"@waytrade/microservice-core","msg":"HTTP get /swagger-ui-standalone-preset.js -> 200 (3ms)"}
{"level":20,"time":1631389455853,"pid":5895,"hostname":"fv-az36-34","name":"@waytrade/microservice-core","msg":"HTTP Server on port 41907 stopped"}
{"level":20,"time":1631389456488,"pid":5895,"hostname":"fv-az36-34","name":"@waytrade/microservice-core","msg":"Starting HTTP Server on port 0"}
{"level":20,"time":1631389456488,"pid":5895,"hostname":"fv-az36-34","name":"@waytrade/microservice-core","msg":"HTTP Server listening on port 37751"}
{"level":20,"time":1631389456526,"pid":5895,"hostname":"fv-az36-34","name":"@waytrade/microservice-core","msg":"HTTP Server on port 37751 stopped"}
{"level":20,"time":1631389456527,"pid":5895,"hostname":"fv-az36-34","name":"@waytrade/microservice-core","msg":"Starting HTTP Server on port 0"}
{"level":20,"time":1631389456527,"pid":5895,"hostname":"fv-az36-34","name":"@waytrade/microservice-core","msg":"HTTP Server listening on port 56397"}
{"level":20,"time":1631389456545,"pid":5895,"hostname":"fv-az36-34","name":"@waytrade/microservice-core","msg":"HTTP Server on port 56397 stopped"}
{"level":20,"time":1631389456546,"pid":5895,"hostname":"fv-az36-34","name":"@waytrade/microservice-core","msg":"Starting HTTP Server on port 0"}
{"level":20,"time":1631389456546,"pid":5895,"hostname":"fv-az36-34","name":"@waytrade/microservice-core","msg":"HTTP Server listening on port 57287"}
{"level":20,"time":1631389456553,"pid":5895,"hostname":"fv-az36-34","name":"@waytrade/microservice-core","msg":"HTTP Server on port 57287 stopped"}
{"level":20,"time":1631389456553,"pid":5895,"hostname":"fv-az36-34","name":"@waytrade/microservice-core","msg":"Starting HTTP Server on port 0"}
{"level":20,"time":1631389456554,"pid":5895,"hostname":"fv-az36-34","name":"@waytrade/microservice-core","msg":"HTTP Server listening on port 34423"}
{"level":20,"time":1631389466557,"pid":5895,"hostname":"fv-az36-34","name":"@waytrade/microservice-core","msg":"HTTP Server on port 34423 stopped"}
{"level":20,"time":1631389466558,"pid":5895,"hostname":"fv-az36-34","name":"@waytrade/microservice-core","msg":"Starting HTTP Server on port 0"}
{"level":20,"time":1631389466558,"pid":5895,"hostname":"fv-az36-34","name":"@waytrade/microservice-core","msg":"HTTP Server listening on port 45941"}
{"level":20,"time":1631389466560,"pid":5895,"hostname":"fv-az36-34","name":"@waytrade/microservice-core","msg":"HTTP Server on port 45941 stopped"}
{"level":20,"time":1631389466563,"pid":5895,"hostname":"fv-az36-34","name":"@waytrade/microservice-core","msg":"Starting HTTP Server on port 0"}
{"level":20,"time":1631389466563,"pid":5895,"hostname":"fv-az36-34","name":"@waytrade/microservice-core","msg":"HTTP Server listening on port 45605"}
{"level":20,"time":1631389466565,"pid":5895,"hostname":"fv-az36-34","name":"@waytrade/microservice-core","msg":"HTTP Server on port 45605 stopped"}
{"level":20,"time":1631389468567,"pid":5895,"hostname":"fv-az36-34","name":"@waytrade/microservice-core","msg":"Starting HTTP Server on port 0"}
{"level":20,"time":1631389468567,"pid":5895,"hostname":"fv-az36-34","name":"@waytrade/microservice-core","msg":"HTTP Server listening on port 33661"}
{"level":20,"time":1631389468571,"pid":5895,"hostname":"fv-az36-34","name":"@waytrade/microservice-core","msg":"HTTP Server on port 33661 stopped"}
{"level":20,"time":1631389468571,"pid":5895,"hostname":"fv-az36-34","name":"@waytrade/microservice-core","msg":"Starting HTTP Server on port 0"}
{"level":20,"time":1631389468571,"pid":5895,"hostname":"fv-az36-34","name":"@waytrade/microservice-core","msg":"HTTP Server listening on port 33343"}
{"level":20,"time":1631389468574,"pid":5895,"hostname":"fv-az36-34","name":"@waytrade/microservice-core","msg":"HTTP Server on port 33343 stopped"}
{"level":20,"time":1631389468574,"pid":5895,"hostname":"fv-az36-34","name":"@waytrade/microservice-core","msg":"Starting HTTP Server on port 0"}
{"level":20,"time":1631389468574,"pid":5895,"hostname":"fv-az36-34","name":"@waytrade/microservice-core","msg":"HTTP Server listening on port 45047"}
{"level":20,"time":1631389468577,"pid":5895,"hostname":"fv-az36-34","name":"@waytrade/microservice-core","msg":"HTTP Server on port 45047 stopped"}
{"level":20,"time":1631389468577,"pid":5895,"hostname":"fv-az36-34","name":"@waytrade/microservice-core","msg":"Starting HTTP Server on port 0"}
{"level":20,"time":1631389468578,"pid":5895,"hostname":"fv-az36-34","name":"@waytrade/microservice-core","msg":"HTTP Server listening on port 53677"}
{"level":20,"time":1631389470581,"pid":5895,"hostname":"fv-az36-34","name":"@waytrade/microservice-core","msg":"HTTP Server on port 53677 stopped"}
{"level":20,"time":1631389470582,"pid":5895,"hostname":"fv-az36-34","name":"@waytrade/microservice-core","msg":"Starting HTTP Server on port 0"}
{"level":20,"time":1631389470583,"pid":5895,"hostname":"fv-az36-34","name":"@waytrade/microservice-core","msg":"HTTP Server listening on port 47123"}
{"level":20,"time":1631389470586,"pid":5895,"hostname":"fv-az36-34","name":"@waytrade/microservice-core","msg":"HTTP Server on port 47123 stopped"}
{"level":20,"time":1631389470587,"pid":5895,"hostname":"fv-az36-34","name":"@waytrade/microservice-core","msg":"Starting HTTP Server on port 0"}
{"level":20,"time":1631389470587,"pid":5895,"hostname":"fv-az36-34","name":"@waytrade/microservice-core","msg":"HTTP Server listening on port 45331"}
{"level":20,"time":1631389470590,"pid":5895,"hostname":"fv-az36-34","name":"@waytrade/microservice-core","msg":"HTTP Server on port 45331 stopped"}
{"level":20,"time":1631389470591,"pid":5895,"hostname":"fv-az36-34","name":"@waytrade/microservice-core","msg":"Starting HTTP Server on port 0"}
{"level":20,"time":1631389470591,"pid":5895,"hostname":"fv-az36-34","name":"@waytrade/microservice-core","msg":"HTTP Server listening on port 34317"}
{"level":20,"time":1631389470593,"pid":5895,"hostname":"fv-az36-34","name":"@waytrade/microservice-core","msg":"HTTP Server on port 34317 stopped"}
{"level":20,"time":1631389472594,"pid":5895,"hostname":"fv-az36-34","name":"@waytrade/microservice-core","msg":"Starting HTTP Server on port 0"}
{"level":20,"time":1631389472594,"pid":5895,"hostname":"fv-az36-34","name":"@waytrade/microservice-core","msg":"HTTP Server listening on port 45329"}
{"level":20,"time":1631389472597,"pid":5895,"hostname":"fv-az36-34","name":"@waytrade/microservice-core","msg":"HTTP Server on port 45329 stopped"}
{"level":30,"time":1631389473709,"pid":5895,"hostname":"fv-az36-34","name":"@waytrade/microservice-core","msg":"Starting App..."}
{"level":20,"time":1631389473710,"pid":5895,"hostname":"fv-az36-34","name":"@waytrade/microservice-core","msg":"Starting HTTP Server on port 0"}
{"level":20,"time":1631389473710,"pid":5895,"hostname":"fv-az36-34","name":"@waytrade/microservice-core","msg":"HTTP Server listening on port 50753"}
{"level":20,"time":1631389473710,"pid":5895,"hostname":"fv-az36-34","name":"@waytrade/microservice-core","msg":"Starting HTTP Server on port 0"}
{"level":20,"time":1631389473710,"pid":5895,"hostname":"fv-az36-34","name":"@waytrade/microservice-core","msg":"HTTP Server listening on port 50879"}
{"level":30,"time":1631389473710,"pid":5895,"hostname":"fv-az36-34","name":"@waytrade/microservice-core","msg":"API Server started at port 50753"}
{"level":30,"time":1631389473710,"pid":5895,"hostname":"fv-az36-34","name":"@waytrade/microservice-core","msg":"Webhook Callback Server started at port 50879"}
{"level":20,"time":1631389473715,"pid":5895,"hostname":"fv-az36-34","name":"@waytrade/microservice-core","msg":"HTTP post /subscribe -> 400 (1ms)"}
{"level":20,"time":1631389473716,"pid":5895,"hostname":"fv-az36-34","name":"@waytrade/microservice-core","msg":"HTTP Server on port 50753 stopped"}
{"level":20,"time":1631389473716,"pid":5895,"hostname":"fv-az36-34","name":"@waytrade/microservice-core","msg":"HTTP Server on port 50879 stopped"}
{"level":30,"time":1631389473716,"pid":5895,"hostname":"fv-az36-34","name":"@waytrade/microservice-core","msg":"App stopped."}
{"level":30,"time":1631389473717,"pid":5895,"hostname":"fv-az36-34","name":"@waytrade/microservice-core","msg":"Starting App..."}
{"level":20,"time":1631389473717,"pid":5895,"hostname":"fv-az36-34","name":"@waytrade/microservice-core","msg":"Starting HTTP Server on port 0"}
{"level":20,"time":1631389473717,"pid":5895,"hostname":"fv-az36-34","name":"@waytrade/microservice-core","msg":"HTTP Server listening on port 45497"}
{"level":20,"time":1631389473718,"pid":5895,"hostname":"fv-az36-34","name":"@waytrade/microservice-core","msg":"Starting HTTP Server on port 0"}
{"level":20,"time":1631389473718,"pid":5895,"hostname":"fv-az36-34","name":"@waytrade/microservice-core","msg":"HTTP Server listening on port 37403"}
{"level":30,"time":1631389473718,"pid":5895,"hostname":"fv-az36-34","name":"@waytrade/microservice-core","msg":"API Server started at port 45497"}
{"level":30,"time":1631389473718,"pid":5895,"hostname":"fv-az36-34","name":"@waytrade/microservice-core","msg":"Webhook Callback Server started at port 37403"}
{"level":20,"time":1631389473720,"pid":5895,"hostname":"fv-az36-34","name":"@waytrade/microservice-core","msg":"HTTP post /subscribe -> 201 (1ms)"}
{"level":20,"time":1631389473721,"pid":5895,"hostname":"fv-az36-34","name":"@waytrade/microservice-core","msg":"HTTP post /subscribe -> 204 (0ms)"}
{"level":20,"time":1631389473722,"pid":5895,"hostname":"fv-az36-34","name":"@waytrade/microservice-core","msg":"HTTP Server on port 45497 stopped"}
{"level":20,"time":1631389473722,"pid":5895,"hostname":"fv-az36-34","name":"@waytrade/microservice-core","msg":"HTTP Server on port 37403 stopped"}
{"level":30,"time":1631389473722,"pid":5895,"hostname":"fv-az36-34","name":"@waytrade/microservice-core","msg":"App stopped."}
{"level":30,"time":1631389473723,"pid":5895,"hostname":"fv-az36-34","name":"@waytrade/microservice-core","msg":"Starting App..."}
{"level":20,"time":1631389473723,"pid":5895,"hostname":"fv-az36-34","name":"@waytrade/microservice-core","msg":"Starting HTTP Server on port 0"}
{"level":20,"time":1631389473723,"pid":5895,"hostname":"fv-az36-34","name":"@waytrade/microservice-core","msg":"HTTP Server listening on port 41307"}
{"level":20,"time":1631389473723,"pid":5895,"hostname":"fv-az36-34","name":"@waytrade/microservice-core","msg":"Starting HTTP Server on port 0"}
{"level":20,"time":1631389473724,"pid":5895,"hostname":"fv-az36-34","name":"@waytrade/microservice-core","msg":"HTTP Server listening on port 44197"}
{"level":30,"time":1631389473724,"pid":5895,"hostname":"fv-az36-34","name":"@waytrade/microservice-core","msg":"API Server started at port 41307"}
{"level":30,"time":1631389473724,"pid":5895,"hostname":"fv-az36-34","name":"@waytrade/microservice-core","msg":"Webhook Callback Server started at port 44197"}
{"level":20,"time":1631389473725,"pid":5895,"hostname":"fv-az36-34","name":"@waytrade/microservice-core","msg":"HTTP post /subscribe -> 201 (0ms)"}
{"level":20,"time":1631389473726,"pid":5895,"hostname":"fv-az36-34","name":"@waytrade/microservice-core","msg":"HTTP post /subscribe -> 201 (0ms)"}
{"level":20,"time":1631389473727,"pid":5895,"hostname":"fv-az36-34","name":"@waytrade/microservice-core","msg":"HTTP Server on port 41307 stopped"}
{"level":20,"time":1631389473727,"pid":5895,"hostname":"fv-az36-34","name":"@waytrade/microservice-core","msg":"HTTP Server on port 44197 stopped"}
{"level":30,"time":1631389473727,"pid":5895,"hostname":"fv-az36-34","name":"@waytrade/microservice-core","msg":"App stopped."}
{"level":30,"time":1631389473728,"pid":5895,"hostname":"fv-az36-34","name":"@waytrade/microservice-core","msg":"Starting App..."}
{"level":20,"time":1631389473728,"pid":5895,"hostname":"fv-az36-34","name":"@waytrade/microservice-core","msg":"Starting HTTP Server on port 0"}
{"level":20,"time":1631389473728,"pid":5895,"hostname":"fv-az36-34","name":"@waytrade/microservice-core","msg":"HTTP Server listening on port 36969"}
{"level":20,"time":1631389473728,"pid":5895,"hostname":"fv-az36-34","name":"@waytrade/microservice-core","msg":"Starting HTTP Server on port 0"}
{"level":20,"time":1631389473728,"pid":5895,"hostname":"fv-az36-34","name":"@waytrade/microservice-core","msg":"HTTP Server listening on port 43257"}
{"level":30,"time":1631389473729,"pid":5895,"hostname":"fv-az36-34","name":"@waytrade/microservice-core","msg":"API Server started at port 36969"}
{"level":30,"time":1631389473729,"pid":5895,"hostname":"fv-az36-34","name":"@waytrade/microservice-core","msg":"Webhook Callback Server started at port 43257"}
{"level":20,"time":1631389473730,"pid":5895,"hostname":"fv-az36-34","name":"@waytrade/microservice-core","msg":"HTTP post /subscribe -> 201 (0ms)"}
{"level":20,"time":1631389473731,"pid":5895,"hostname":"fv-az36-34","name":"@waytrade/microservice-core","msg":"HTTP post /unsubscribe -> 200 (0ms)"}
{"level":20,"time":1631389473732,"pid":5895,"hostname":"fv-az36-34","name":"@waytrade/microservice-core","msg":"HTTP Server on port 36969 stopped"}
{"level":20,"time":1631389473732,"pid":5895,"hostname":"fv-az36-34","name":"@waytrade/microservice-core","msg":"HTTP Server on port 43257 stopped"}
{"level":30,"time":1631389473732,"pid":5895,"hostname":"fv-az36-34","name":"@waytrade/microservice-core","msg":"App stopped."}
{"level":30,"time":1631389473733,"pid":5895,"hostname":"fv-az36-34","name":"@waytrade/microservice-core","msg":"Starting App..."}
{"level":20,"time":1631389473733,"pid":5895,"hostname":"fv-az36-34","name":"@waytrade/microservice-core","msg":"Starting HTTP Server on port 0"}
{"level":20,"time":1631389473733,"pid":5895,"hostname":"fv-az36-34","name":"@waytrade/microservice-core","msg":"HTTP Server listening on port 59537"}
{"level":20,"time":1631389473733,"pid":5895,"hostname":"fv-az36-34","name":"@waytrade/microservice-core","msg":"Starting HTTP Server on port 0"}
{"level":20,"time":1631389473733,"pid":5895,"hostname":"fv-az36-34","name":"@waytrade/microservice-core","msg":"HTTP Server listening on port 39225"}
{"level":30,"time":1631389473733,"pid":5895,"hostname":"fv-az36-34","name":"@waytrade/microservice-core","msg":"API Server started at port 59537"}
{"level":30,"time":1631389473733,"pid":5895,"hostname":"fv-az36-34","name":"@waytrade/microservice-core","msg":"Webhook Callback Server started at port 39225"}
{"level":20,"time":1631389473734,"pid":5895,"hostname":"fv-az36-34","name":"@waytrade/microservice-core","msg":"HTTP post /unsubscribe -> 400 (0ms)"}
{"level":20,"time":1631389473735,"pid":5895,"hostname":"fv-az36-34","name":"@waytrade/microservice-core","msg":"HTTP Server on port 59537 stopped"}
{"level":20,"time":1631389473735,"pid":5895,"hostname":"fv-az36-34","name":"@waytrade/microservice-core","msg":"HTTP Server on port 39225 stopped"}
{"level":30,"time":1631389473735,"pid":5895,"hostname":"fv-az36-34","name":"@waytrade/microservice-core","msg":"App stopped."}
{"level":30,"time":1631389473736,"pid":5895,"hostname":"fv-az36-34","name":"@waytrade/microservice-core","msg":"Starting App..."}
{"level":20,"time":1631389473736,"pid":5895,"hostname":"fv-az36-34","name":"@waytrade/microservice-core","msg":"Starting HTTP Server on port 0"}
{"level":20,"time":1631389473736,"pid":5895,"hostname":"fv-az36-34","name":"@waytrade/microservice-core","msg":"HTTP Server listening on port 47437"}
{"level":20,"time":1631389473736,"pid":5895,"hostname":"fv-az36-34","name":"@waytrade/microservice-core","msg":"Starting HTTP Server on port 0"}
{"level":20,"time":1631389473736,"pid":5895,"hostname":"fv-az36-34","name":"@waytrade/microservice-core","msg":"HTTP Server listening on port 48879"}
{"level":30,"time":1631389473736,"pid":5895,"hostname":"fv-az36-34","name":"@waytrade/microservice-core","msg":"API Server started at port 47437"}
{"level":30,"time":1631389473736,"pid":5895,"hostname":"fv-az36-34","name":"@waytrade/microservice-core","msg":"Webhook Callback Server started at port 48879"}
{"level":20,"time":1631389473737,"pid":5895,"hostname":"fv-az36-34","name":"@waytrade/microservice-core","msg":"HTTP post /unsubscribe -> 404 (0ms)"}
{"level":20,"time":1631389473738,"pid":5895,"hostname":"fv-az36-34","name":"@waytrade/microservice-core","msg":"HTTP Server on port 47437 stopped"}
{"level":20,"time":1631389473738,"pid":5895,"hostname":"fv-az36-34","name":"@waytrade/microservice-core","msg":"HTTP Server on port 48879 stopped"}
{"level":30,"time":1631389473738,"pid":5895,"hostname":"fv-az36-34","name":"@waytrade/microservice-core","msg":"App stopped."}
{"level":30,"time":1631389473739,"pid":5895,"hostname":"fv-az36-34","name":"@waytrade/microservice-core","msg":"Starting App..."}
{"level":20,"time":1631389473739,"pid":5895,"hostname":"fv-az36-34","name":"@waytrade/microservice-core","msg":"Starting HTTP Server on port 0"}
{"level":20,"time":1631389473739,"pid":5895,"hostname":"fv-az36-34","name":"@waytrade/microservice-core","msg":"HTTP Server listening on port 59573"}
{"level":20,"time":1631389473739,"pid":5895,"hostname":"fv-az36-34","name":"@waytrade/microservice-core","msg":"Starting HTTP Server on port 0"}
{"level":20,"time":1631389473739,"pid":5895,"hostname":"fv-az36-34","name":"@waytrade/microservice-core","msg":"HTTP Server listening on port 38913"}
{"level":30,"time":1631389473739,"pid":5895,"hostname":"fv-az36-34","name":"@waytrade/microservice-core","msg":"API Server started at port 59573"}
{"level":30,"time":1631389473739,"pid":5895,"hostname":"fv-az36-34","name":"@waytrade/microservice-core","msg":"Webhook Callback Server started at port 38913"}
{"level":20,"time":1631389473740,"pid":5895,"hostname":"fv-az36-34","name":"@waytrade/microservice-core","msg":"HTTP post /subscribe -> 201 (0ms)"}
{"level":20,"time":1631389473744,"pid":5895,"hostname":"fv-az36-34","name":"@waytrade/microservice-core","msg":"HTTP Server on port 59573 stopped"}
{"level":20,"time":1631389473744,"pid":5895,"hostname":"fv-az36-34","name":"@waytrade/microservice-core","msg":"HTTP Server on port 38913 stopped"}
{"level":30,"time":1631389473744,"pid":5895,"hostname":"fv-az36-34","name":"@waytrade/microservice-core","msg":"App stopped."}
{"level":20,"time":1631389473744,"pid":5895,"hostname":"fv-az36-34","name":"@waytrade/microservice-core","msg":"HTTP post /callback -> 200 (0ms)"}
{"level":30,"time":1631389473745,"pid":5895,"hostname":"fv-az36-34","name":"@waytrade/microservice-core","msg":"Starting App..."}
{"level":20,"time":1631389473745,"pid":5895,"hostname":"fv-az36-34","name":"@waytrade/microservice-core","msg":"Starting HTTP Server on port 0"}
{"level":20,"time":1631389473745,"pid":5895,"hostname":"fv-az36-34","name":"@waytrade/microservice-core","msg":"HTTP Server listening on port 43285"}
{"level":20,"time":1631389473746,"pid":5895,"hostname":"fv-az36-34","name":"@waytrade/microservice-core","msg":"Starting HTTP Server on port 0"}
{"level":20,"time":1631389473746,"pid":5895,"hostname":"fv-az36-34","name":"@waytrade/microservice-core","msg":"HTTP Server listening on port 44605"}
{"level":30,"time":1631389473746,"pid":5895,"hostname":"fv-az36-34","name":"@waytrade/microservice-core","msg":"API Server started at port 43285"}
{"level":30,"time":1631389473746,"pid":5895,"hostname":"fv-az36-34","name":"@waytrade/microservice-core","msg":"Webhook Callback Server started at port 44605"}
{"level":20,"time":1631389473747,"pid":5895,"hostname":"fv-az36-34","name":"@waytrade/microservice-core","msg":"HTTP post /subscribe -> 201 (0ms)"}
{"level":20,"time":1631389473749,"pid":5895,"hostname":"fv-az36-34","name":"@waytrade/microservice-core","msg":"HTTP Server on port 43285 stopped"}
{"level":20,"time":1631389473749,"pid":5895,"hostname":"fv-az36-34","name":"@waytrade/microservice-core","msg":"HTTP Server on port 44605 stopped"}
{"level":30,"time":1631389473749,"pid":5895,"hostname":"fv-az36-34","name":"@waytrade/microservice-core","msg":"App stopped."}
{"level":20,"time":1631389473749,"pid":5895,"hostname":"fv-az36-34","name":"@waytrade/microservice-core","msg":"HTTP post /callback -> 200 (0ms)"}
{"level":30,"time":1631389473750,"pid":5895,"hostname":"fv-az36-34","name":"@waytrade/microservice-core","msg":"Starting App..."}
{"level":20,"time":1631389473750,"pid":5895,"hostname":"fv-az36-34","name":"@waytrade/microservice-core","msg":"Starting HTTP Server on port 0"}
{"level":20,"time":1631389473750,"pid":5895,"hostname":"fv-az36-34","name":"@waytrade/microservice-core","msg":"HTTP Server listening on port 34947"}
{"level":20,"time":1631389473750,"pid":5895,"hostname":"fv-az36-34","name":"@waytrade/microservice-core","msg":"Starting HTTP Server on port 0"}
{"level":20,"time":1631389473751,"pid":5895,"hostname":"fv-az36-34","name":"@waytrade/microservice-core","msg":"HTTP Server listening on port 48923"}
{"level":30,"time":1631389473751,"pid":5895,"hostname":"fv-az36-34","name":"@waytrade/microservice-core","msg":"API Server started at port 34947"}
{"level":30,"time":1631389473751,"pid":5895,"hostname":"fv-az36-34","name":"@waytrade/microservice-core","msg":"Webhook Callback Server started at port 48923"}
{"level":20,"time":1631389473752,"pid":5895,"hostname":"fv-az36-34","name":"@waytrade/microservice-core","msg":"HTTP post /subscribe -> 201 (0ms)"}
{"level":20,"time":1631389473754,"pid":5895,"hostname":"fv-az36-34","name":"@waytrade/microservice-core","msg":"HTTP post /callback -> 418 (0ms)"}
{"level":20,"time":1631389473761,"pid":5895,"hostname":"fv-az36-34","name":"@waytrade/microservice-core","msg":"HTTP post /subscribe -> 201 (0ms)"}
{"level":20,"time":1631389473762,"pid":5895,"hostname":"fv-az36-34","name":"@waytrade/microservice-core","msg":"HTTP Server on port 34947 stopped"}
{"level":20,"time":1631389473762,"pid":5895,"hostname":"fv-az36-34","name":"@waytrade/microservice-core","msg":"HTTP Server on port 48923 stopped"}
{"level":30,"time":1631389473762,"pid":5895,"hostname":"fv-az36-34","name":"@waytrade/microservice-core","msg":"App stopped."}
{"level":30,"time":1631389473763,"pid":5895,"hostname":"fv-az36-34","name":"@waytrade/microservice-core","msg":"Starting App..."}
{"level":20,"time":1631389473763,"pid":5895,"hostname":"fv-az36-34","name":"@waytrade/microservice-core","msg":"Starting HTTP Server on port 0"}
{"level":20,"time":1631389473763,"pid":5895,"hostname":"fv-az36-34","name":"@waytrade/microservice-core","msg":"HTTP Server listening on port 39047"}
{"level":20,"time":1631389473763,"pid":5895,"hostname":"fv-az36-34","name":"@waytrade/microservice-core","msg":"Starting HTTP Server on port 0"}
{"level":20,"time":1631389473763,"pid":5895,"hostname":"fv-az36-34","name":"@waytrade/microservice-core","msg":"HTTP Server listening on port 34713"}
{"level":30,"time":1631389473763,"pid":5895,"hostname":"fv-az36-34","name":"@waytrade/microservice-core","msg":"API Server started at port 39047"}
{"level":30,"time":1631389473763,"pid":5895,"hostname":"fv-az36-34","name":"@waytrade/microservice-core","msg":"Webhook Callback Server started at port 34713"}
{"level":20,"time":1631389473765,"pid":5895,"hostname":"fv-az36-34","name":"@waytrade/microservice-core","msg":"HTTP post /subscribe -> 201 (1ms)"}
{"level":20,"time":1631389473766,"pid":5895,"hostname":"fv-az36-34","name":"@waytrade/microservice-core","msg":"HTTP post /subscribe -> 201 (0ms)"}
{"level":20,"time":1631389473767,"pid":5895,"hostname":"fv-az36-34","name":"@waytrade/microservice-core","msg":"HTTP Server on port 39047 stopped"}
{"level":20,"time":1631389473767,"pid":5895,"hostname":"fv-az36-34","name":"@waytrade/microservice-core","msg":"HTTP Server on port 34713 stopped"}
{"level":30,"time":1631389473767,"pid":5895,"hostname":"fv-az36-34","name":"@waytrade/microservice-core","msg":"App stopped."}
{"level":20,"time":1631389474218,"pid":5895,"hostname":"fv-az36-34","name":"@waytrade/microservice-core","msg":"Starting HTTP Server on port 0"}
{"level":20,"time":1631389474219,"pid":5895,"hostname":"fv-az36-34","name":"@waytrade/microservice-core","msg":"HTTP Server listening on port 38869"}
{"level":20,"time":1631389474223,"pid":5895,"hostname":"fv-az36-34","name":"@waytrade/microservice-core","msg":"HTTP get /api/test/ -> 200 (0ms)"}
{"level":20,"time":1631389474225,"pid":5895,"hostname":"fv-az36-34","name":"@waytrade/microservice-core","msg":"HTTP Server on port 38869 stopped"}
{"level":20,"time":1631389474225,"pid":5895,"hostname":"fv-az36-34","name":"@waytrade/microservice-core","msg":"Starting HTTP Server on port 0"}
{"level":20,"time":1631389474226,"pid":5895,"hostname":"fv-az36-34","name":"@waytrade/microservice-core","msg":"HTTP Server listening on port 43361"}
{"level":20,"time":1631389474227,"pid":5895,"hostname":"fv-az36-34","name":"@waytrade/microservice-core","msg":"HTTP get /api/test/error -> 418 (0ms)"}
{"level":20,"time":1631389474228,"pid":5895,"hostname":"fv-az36-34","name":"@waytrade/microservice-core","msg":"HTTP Server on port 43361 stopped"}
{"level":20,"time":1631389474229,"pid":5895,"hostname":"fv-az36-34","name":"@waytrade/microservice-core","msg":"Starting HTTP Server on port 0"}
{"level":20,"time":1631389474229,"pid":5895,"hostname":"fv-az36-34","name":"@waytrade/microservice-core","msg":"HTTP Server listening on port 39457"}
{"level":20,"time":1631389474303,"pid":5895,"hostname":"fv-az36-34","name":"@waytrade/microservice-core","msg":"HTTP get /api/test/serverError -> 500 (73ms)"}
{"level":20,"time":1631389474305,"pid":5895,"hostname":"fv-az36-34","name":"@waytrade/microservice-core","msg":"HTTP Server on port 39457 stopped"}
{"level":20,"time":1631389474306,"pid":5895,"hostname":"fv-az36-34","name":"@waytrade/microservice-core","msg":"Starting HTTP Server on port 0"}
{"level":20,"time":1631389474306,"pid":5895,"hostname":"fv-az36-34","name":"@waytrade/microservice-core","msg":"HTTP Server listening on port 58793"}
{"level":20,"time":1631389474309,"pid":5895,"hostname":"fv-az36-34","name":"@waytrade/microservice-core","msg":"HTTP put /api/test/ -> 200 (1ms)"}
{"level":20,"time":1631389474310,"pid":5895,"hostname":"fv-az36-34","name":"@waytrade/microservice-core","msg":"HTTP Server on port 58793 stopped"}
{"level":20,"time":1631389474311,"pid":5895,"hostname":"fv-az36-34","name":"@waytrade/microservice-core","msg":"Starting HTTP Server on port 0"}
{"level":20,"time":1631389474311,"pid":5895,"hostname":"fv-az36-34","name":"@waytrade/microservice-core","msg":"HTTP Server listening on port 35213"}
{"level":20,"time":1631389474313,"pid":5895,"hostname":"fv-az36-34","name":"@waytrade/microservice-core","msg":"HTTP put /api/test/error -> 418 (0ms)"}
{"level":20,"time":1631389474314,"pid":5895,"hostname":"fv-az36-34","name":"@waytrade/microservice-core","msg":"HTTP Server on port 35213 stopped"}
{"level":20,"time":1631389474315,"pid":5895,"hostname":"fv-az36-34","name":"@waytrade/microservice-core","msg":"Starting HTTP Server on port 0"}
{"level":20,"time":1631389474323,"pid":5895,"hostname":"fv-az36-34","name":"@waytrade/microservice-core","msg":"HTTP Server listening on port 55081"}
{"level":20,"time":1631389474326,"pid":5895,"hostname":"fv-az36-34","name":"@waytrade/microservice-core","msg":"HTTP post /api/test/ -> 200 (1ms)"}
{"level":20,"time":1631389474327,"pid":5895,"hostname":"fv-az36-34","name":"@waytrade/microservice-core","msg":"HTTP Server on port 55081 stopped"}
{"level":20,"time":1631389474328,"pid":5895,"hostname":"fv-az36-34","name":"@waytrade/microservice-core","msg":"Starting HTTP Server on port 0"}
{"level":20,"time":1631389474328,"pid":5895,"hostname":"fv-az36-34","name":"@waytrade/microservice-core","msg":"HTTP Server listening on port 55455"}
{"level":20,"time":1631389474329,"pid":5895,"hostname":"fv-az36-34","name":"@waytrade/microservice-core","msg":"HTTP post /api/test/error -> 418 (0ms)"}
{"level":20,"time":1631389474330,"pid":5895,"hostname":"fv-az36-34","name":"@waytrade/microservice-core","msg":"HTTP Server on port 55455 stopped"}
{"level":20,"time":1631389474347,"pid":5895,"hostname":"fv-az36-34","name":"@waytrade/microservice-core","msg":"Starting HTTP Server on port 0"}
{"level":20,"time":1631389474347,"pid":5895,"hostname":"fv-az36-34","name":"@waytrade/microservice-core","msg":"HTTP Server listening on port 44949"}
{"level":20,"time":1631389474349,"pid":5895,"hostname":"fv-az36-34","name":"@waytrade/microservice-core","msg":"HTTP patch /api/test/ -> 200 (0ms)"}
{"level":20,"time":1631389474351,"pid":5895,"hostname":"fv-az36-34","name":"@waytrade/microservice-core","msg":"HTTP Server on port 44949 stopped"}
{"level":20,"time":1631389474351,"pid":5895,"hostname":"fv-az36-34","name":"@waytrade/microservice-core","msg":"Starting HTTP Server on port 0"}
{"level":20,"time":1631389474352,"pid":5895,"hostname":"fv-az36-34","name":"@waytrade/microservice-core","msg":"HTTP Server listening on port 59871"}
{"level":20,"time":1631389474353,"pid":5895,"hostname":"fv-az36-34","name":"@waytrade/microservice-core","msg":"HTTP patch /api/test/error -> 418 (0ms)"}
{"level":20,"time":1631389474354,"pid":5895,"hostname":"fv-az36-34","name":"@waytrade/microservice-core","msg":"HTTP Server on port 59871 stopped"}
{"level":20,"time":1631389474354,"pid":5895,"hostname":"fv-az36-34","name":"@waytrade/microservice-core","msg":"Starting HTTP Server on port 0"}
{"level":20,"time":1631389474355,"pid":5895,"hostname":"fv-az36-34","name":"@waytrade/microservice-core","msg":"HTTP Server listening on port 53443"}
{"level":20,"time":1631389474356,"pid":5895,"hostname":"fv-az36-34","name":"@waytrade/microservice-core","msg":"HTTP delete /api/test/ -> 200 (0ms)"}
{"level":20,"time":1631389474358,"pid":5895,"hostname":"fv-az36-34","name":"@waytrade/microservice-core","msg":"HTTP Server on port 53443 stopped"}
{"level":20,"time":1631389474358,"pid":5895,"hostname":"fv-az36-34","name":"@waytrade/microservice-core","msg":"Starting HTTP Server on port 0"}
{"level":20,"time":1631389474359,"pid":5895,"hostname":"fv-az36-34","name":"@waytrade/microservice-core","msg":"HTTP Server listening on port 55829"}
{"level":20,"time":1631389474368,"pid":5895,"hostname":"fv-az36-34","name":"@waytrade/microservice-core","msg":"HTTP delete /api/test/error -> 418 (0ms)"}
{"level":20,"time":1631389474369,"pid":5895,"hostname":"fv-az36-34","name":"@waytrade/microservice-core","msg":"HTTP Server on port 55829 stopped"}
{"level":20,"time":1631389474808,"pid":5895,"hostname":"fv-az36-34","name":"@waytrade/microservice-core","msg":"Starting HTTP Server on port 0"}
{"level":20,"time":1631389474808,"pid":5895,"hostname":"fv-az36-34","name":"@waytrade/microservice-core","msg":"HTTP Server listening on port 44487"}
{"level":20,"time":1631389474819,"pid":5895,"hostname":"fv-az36-34","name":"@waytrade/microservice-core","msg":"HTTP get /api/test/ -> 200 (0ms)"}
{"level":20,"time":1631389474820,"pid":5895,"hostname":"fv-az36-34","name":"@waytrade/microservice-core","msg":"HTTP Server on port 44487 stopped"}
{"level":20,"time":1631389474821,"pid":5895,"hostname":"fv-az36-34","name":"@waytrade/microservice-core","msg":"Starting HTTP Server on port 0"}
{"level":20,"time":1631389474821,"pid":5895,"hostname":"fv-az36-34","name":"@waytrade/microservice-core","msg":"HTTP Server listening on port 42671"}
{"level":20,"time":1631389474822,"pid":5895,"hostname":"fv-az36-34","name":"@waytrade/microservice-core","msg":"HTTP get /api/test/notImplemented -> 501 (0ms)"}
{"level":20,"time":1631389474823,"pid":5895,"hostname":"fv-az36-34","name":"@waytrade/microservice-core","msg":"HTTP Server on port 42671 stopped"}
{"level":20,"time":1631389474823,"pid":5895,"hostname":"fv-az36-34","name":"@waytrade/microservice-core","msg":"Starting HTTP Server on port 0"}
{"level":20,"time":1631389474824,"pid":5895,"hostname":"fv-az36-34","name":"@waytrade/microservice-core","msg":"HTTP Server listening on port 42147"}
{"level":20,"time":1631389474825,"pid":5895,"hostname":"fv-az36-34","name":"@waytrade/microservice-core","msg":"HTTP put /api/test/ -> 200 (0ms)"}
{"level":20,"time":1631389474826,"pid":5895,"hostname":"fv-az36-34","name":"@waytrade/microservice-core","msg":"HTTP Server on port 42147 stopped"}
{"level":20,"time":1631389474827,"pid":5895,"hostname":"fv-az36-34","name":"@waytrade/microservice-core","msg":"Starting HTTP Server on port 0"}
{"level":20,"time":1631389474827,"pid":5895,"hostname":"fv-az36-34","name":"@waytrade/microservice-core","msg":"HTTP Server listening on port 44419"}
{"level":20,"time":1631389474828,"pid":5895,"hostname":"fv-az36-34","name":"@waytrade/microservice-core","msg":"HTTP put /api/test/notImplemented -> 501 (0ms)"}
{"level":20,"time":1631389474829,"pid":5895,"hostname":"fv-az36-34","name":"@waytrade/microservice-core","msg":"HTTP Server on port 44419 stopped"}
{"level":20,"time":1631389474829,"pid":5895,"hostname":"fv-az36-34","name":"@waytrade/microservice-core","msg":"Starting HTTP Server on port 0"}
{"level":20,"time":1631389474829,"pid":5895,"hostname":"fv-az36-34","name":"@waytrade/microservice-core","msg":"HTTP Server listening on port 37109"}
{"level":20,"time":1631389474831,"pid":5895,"hostname":"fv-az36-34","name":"@waytrade/microservice-core","msg":"HTTP post /api/test/ -> 200 (1ms)"}
{"level":20,"time":1631389474832,"pid":5895,"hostname":"fv-az36-34","name":"@waytrade/microservice-core","msg":"HTTP Server on port 37109 stopped"}
{"level":20,"time":1631389474832,"pid":5895,"hostname":"fv-az36-34","name":"@waytrade/microservice-core","msg":"Starting HTTP Server on port 0"}
{"level":20,"time":1631389474832,"pid":5895,"hostname":"fv-az36-34","name":"@waytrade/microservice-core","msg":"HTTP Server listening on port 60169"}
{"level":20,"time":1631389474833,"pid":5895,"hostname":"fv-az36-34","name":"@waytrade/microservice-core","msg":"HTTP post /api/test/notImplemented -> 501 (0ms)"}
{"level":20,"time":1631389474834,"pid":5895,"hostname":"fv-az36-34","name":"@waytrade/microservice-core","msg":"HTTP Server on port 60169 stopped"}
{"level":20,"time":1631389474834,"pid":5895,"hostname":"fv-az36-34","name":"@waytrade/microservice-core","msg":"Starting HTTP Server on port 0"}
{"level":20,"time":1631389474834,"pid":5895,"hostname":"fv-az36-34","name":"@waytrade/microservice-core","msg":"HTTP Server listening on port 49051"}
{"level":20,"time":1631389474836,"pid":5895,"hostname":"fv-az36-34","name":"@waytrade/microservice-core","msg":"HTTP patch /api/test/ -> 200 (0ms)"}
{"level":20,"time":1631389474837,"pid":5895,"hostname":"fv-az36-34","name":"@waytrade/microservice-core","msg":"HTTP Server on port 49051 stopped"}
{"level":20,"time":1631389474837,"pid":5895,"hostname":"fv-az36-34","name":"@waytrade/microservice-core","msg":"Starting HTTP Server on port 0"}
{"level":20,"time":1631389474837,"pid":5895,"hostname":"fv-az36-34","name":"@waytrade/microservice-core","msg":"HTTP Server listening on port 43397"}
{"level":20,"time":1631389474838,"pid":5895,"hostname":"fv-az36-34","name":"@waytrade/microservice-core","msg":"HTTP post /api/test/notImplemented -> 501 (0ms)"}
{"level":20,"time":1631389474839,"pid":5895,"hostname":"fv-az36-34","name":"@waytrade/microservice-core","msg":"HTTP Server on port 43397 stopped"}
{"level":20,"time":1631389474839,"pid":5895,"hostname":"fv-az36-34","name":"@waytrade/microservice-core","msg":"Starting HTTP Server on port 0"}
{"level":20,"time":1631389474839,"pid":5895,"hostname":"fv-az36-34","name":"@waytrade/microservice-core","msg":"HTTP Server listening on port 35955"}
{"level":20,"time":1631389474841,"pid":5895,"hostname":"fv-az36-34","name":"@waytrade/microservice-core","msg":"HTTP delete /api/test/ -> 200 (0ms)"}
{"level":20,"time":1631389474842,"pid":5895,"hostname":"fv-az36-34","name":"@waytrade/microservice-core","msg":"HTTP Server on port 35955 stopped"}
{"level":20,"time":1631389474842,"pid":5895,"hostname":"fv-az36-34","name":"@waytrade/microservice-core","msg":"Starting HTTP Server on port 0"}
{"level":20,"time":1631389474842,"pid":5895,"hostname":"fv-az36-34","name":"@waytrade/microservice-core","msg":"HTTP Server listening on port 36109"}
{"level":20,"time":1631389474843,"pid":5895,"hostname":"fv-az36-34","name":"@waytrade/microservice-core","msg":"HTTP post /api/test/notImplemented -> 501 (0ms)"}
{"level":20,"time":1631389474844,"pid":5895,"hostname":"fv-az36-34","name":"@waytrade/microservice-core","msg":"HTTP Server on port 36109 stopped"}
{"level":20,"time":1631389475236,"pid":5895,"hostname":"fv-az36-34","name":"@waytrade/microservice-core","msg":"Debug message"}
{"level":30,"time":1631389475237,"pid":5895,"hostname":"fv-az36-34","name":"@waytrade/microservice-core","msg":"Info message"}
{"level":40,"time":1631389475237,"pid":5895,"hostname":"fv-az36-34","name":"@waytrade/microservice-core","msg":"Warning message"}
{"level":50,"time":1631389475237,"pid":5895,"hostname":"fv-az36-34","name":"@waytrade/microservice-core","msg":"Error message"}
{"level":30,"time":1631389475239,"pid":5895,"hostname":"fv-az36-34","name":"@waytrade/microservice-core","msg":"Info message"}
{"level":40,"time":1631389475240,"pid":5895,"hostname":"fv-az36-34","name":"@waytrade/microservice-core","msg":"Warning message"}
{"level":50,"time":1631389475240,"pid":5895,"hostname":"fv-az36-34","name":"@waytrade/microservice-core","msg":"Error message"}
{"level":40,"time":1631389475241,"pid":5895,"hostname":"fv-az36-34","name":"@waytrade/microservice-core","msg":"Warning message"}
{"level":50,"time":1631389475241,"pid":5895,"hostname":"fv-az36-34","name":"@waytrade/microservice-core","msg":"Error message"}
{"level":50,"time":1631389475242,"pid":5895,"hostname":"fv-az36-34","name":"@waytrade/microservice-core","msg":"Error message"}
{"level":20,"time":1631389475246,"pid":5895,"hostname":"fv-az36-34","name":"@waytrade/microservice-core","msg":"Debug message"}
{"level":30,"time":1631389475247,"pid":5895,"hostname":"fv-az36-34","name":"@waytrade/microservice-core","msg":"Info message"}
{"level":40,"time":1631389475247,"pid":5895,"hostname":"fv-az36-34","name":"@waytrade/microservice-core","msg":"Warning message"}
{"level":50,"time":1631389475248,"pid":5895,"hostname":"fv-az36-34","name":"@waytrade/microservice-core","msg":"Error message"}
{"level":20,"time":1631389475978,"pid":5895,"hostname":"fv-az36-34","name":"@waytrade/microservice-core","msg":"Starting HTTP Server on port 0"}
{"level":20,"time":1631389475978,"pid":5895,"hostname":"fv-az36-34","name":"@waytrade/microservice-core","msg":"HTTP Server listening on port 56157"}
{"level":20,"time":1631389475981,"pid":5895,"hostname":"fv-az36-34","name":"@waytrade/microservice-core","msg":"HTTP Server on port 56157 stopped"}
{"level":20,"time":1631389475981,"pid":5895,"hostname":"fv-az36-34","name":"@waytrade/microservice-core","msg":"Starting HTTP Server on port 0"}
{"level":20,"time":1631389475982,"pid":5895,"hostname":"fv-az36-34","name":"@waytrade/microservice-core","msg":"HTTP Server listening on port 33199"}
{"level":20,"time":1631389475985,"pid":5895,"hostname":"fv-az36-34","name":"@waytrade/microservice-core","msg":"HTTP Server on port 33199 stopped"}
{"level":20,"time":1631389475985,"pid":5895,"hostname":"fv-az36-34","name":"@waytrade/microservice-core","msg":"Starting HTTP Server on port 0"}
{"level":20,"time":1631389475985,"pid":5895,"hostname":"fv-az36-34","name":"@waytrade/microservice-core","msg":"HTTP Server listening on port 56843"}
{"level":50,"time":1631389475987,"pid":5895,"hostname":"fv-az36-34","name":"@waytrade/microservice-core","msg":"Binary data on websocket not supported."}
{"level":20,"time":1631389476986,"pid":5895,"hostname":"fv-az36-34","name":"@waytrade/microservice-core","msg":"HTTP Server on port 56843 stopped"}
{"level":20,"time":1631389476987,"pid":5895,"hostname":"fv-az36-34","name":"@waytrade/microservice-core","msg":"Starting HTTP Server on port 0"}
{"level":20,"time":1631389476987,"pid":5895,"hostname":"fv-az36-34","name":"@waytrade/microservice-core","msg":"HTTP Server listening on port 60569"}
{"level":20,"time":1631389476990,"pid":5895,"hostname":"fv-az36-34","name":"@waytrade/microservice-core","msg":"HTTP Server on port 60569 stopped"}
{"level":20,"time":1631389476991,"pid":5895,"hostname":"fv-az36-34","name":"@waytrade/microservice-core","msg":"Starting HTTP Server on port 0"}
{"level":20,"time":1631389476991,"pid":5895,"hostname":"fv-az36-34","name":"@waytrade/microservice-core","msg":"HTTP Server listening on port 51173"}
{"level":20,"time":1631389477995,"pid":5895,"hostname":"fv-az36-34","name":"@waytrade/microservice-core","msg":"HTTP Server on port 51173 stopped"}
{"level":20,"time":1631389477996,"pid":5895,"hostname":"fv-az36-34","name":"@waytrade/microservice-core","msg":"Starting HTTP Server on port 0"}
{"level":20,"time":1631389477996,"pid":5895,"hostname":"fv-az36-34","name":"@waytrade/microservice-core","msg":"HTTP Server listening on port 35555"}
{"level":20,"time":1631389478161,"pid":5895,"hostname":"fv-az36-34","name":"@waytrade/microservice-core","msg":"HTTP Server on port 35555 stopped"}
{"level":20,"time":1631389478162,"pid":5895,"hostname":"fv-az36-34","name":"@waytrade/microservice-core","msg":"Starting HTTP Server on port 0"}
{"level":20,"time":1631389478162,"pid":5895,"hostname":"fv-az36-34","name":"@waytrade/microservice-core","msg":"HTTP Server listening on port 37917"}
{"level":20,"time":1631389478383,"pid":5895,"hostname":"fv-az36-34","name":"@waytrade/microservice-core","msg":"HTTP Server on port 37917 stopped"}
{"level":30,"time":1631389478686,"pid":5895,"hostname":"fv-az36-34","name":"@waytrade/microservice-core","msg":"Starting App..."}
{"level":20,"time":1631389478687,"pid":5895,"hostname":"fv-az36-34","name":"@waytrade/microservice-core","msg":"Starting HTTP Server on port 0"}
{"level":20,"time":1631389478687,"pid":5895,"hostname":"fv-az36-34","name":"@waytrade/microservice-core","msg":"HTTP Server listening on port 58123"}
{"level":30,"time":1631389478687,"pid":5895,"hostname":"fv-az36-34","name":"@waytrade/microservice-core","msg":"API Server started at port 58123"}
{"level":20,"time":1631389478687,"pid":5895,"hostname":"fv-az36-34","name":"@waytrade/microservice-core","msg":"HTTP Server on port 58123 stopped"}
{"level":30,"time":1631389478687,"pid":5895,"hostname":"fv-az36-34","name":"@waytrade/microservice-core","msg":"App stopped."}
{"level":30,"time":1631389478689,"pid":5895,"hostname":"fv-az36-34","name":"@waytrade/microservice-core","msg":"Starting App..."}
{"level":20,"time":1631389478689,"pid":5895,"hostname":"fv-az36-34","name":"@waytrade/microservice-core","msg":"Starting HTTP Server on port 0"}
{"level":20,"time":1631389478689,"pid":5895,"hostname":"fv-az36-34","name":"@waytrade/microservice-core","msg":"HTTP Server listening on port 41765"}
{"level":30,"time":1631389478689,"pid":5895,"hostname":"fv-az36-34","name":"@waytrade/microservice-core","msg":"API Server started at port 41765"}
{"level":20,"time":1631389478689,"pid":5895,"hostname":"fv-az36-34","name":"@waytrade/microservice-core","msg":"HTTP Server on port 41765 stopped"}
{"level":30,"time":1631389478689,"pid":5895,"hostname":"fv-az36-34","name":"@waytrade/microservice-core","msg":"App stopped."}
{"level":30,"time":1631389478690,"pid":5895,"hostname":"fv-az36-34","name":"@waytrade/microservice-core","msg":"Starting App..."}
{"level":20,"time":1631389478690,"pid":5895,"hostname":"fv-az36-34","name":"@waytrade/microservice-core","msg":"Starting HTTP Server on port 0"}
{"level":20,"time":1631389478691,"pid":5895,"hostname":"fv-az36-34","name":"@waytrade/microservice-core","msg":"HTTP Server listening on port 38081"}
{"level":30,"time":1631389478691,"pid":5895,"hostname":"fv-az36-34","name":"@waytrade/microservice-core","msg":"API Server started at port 38081"}
{"level":50,"time":1631389478691,"pid":5895,"hostname":"fv-az36-34","name":"@waytrade/microservice-core","msg":"App start failed: App is running already."}
{"level":20,"time":1631389478691,"pid":5895,"hostname":"fv-az36-34","name":"@waytrade/microservice-core","msg":"HTTP Server on port 38081 stopped"}
{"level":30,"time":1631389478691,"pid":5895,"hostname":"fv-az36-34","name":"@waytrade/microservice-core","msg":"App stopped."}
{"level":30,"time":1631389478692,"pid":5895,"hostname":"fv-az36-34","name":"@waytrade/microservice-core","msg":"Starting App..."}
{"level":20,"time":1631389478692,"pid":5895,"hostname":"fv-az36-34","name":"@waytrade/microservice-core","msg":"Starting HTTP Server on port 0"}
{"level":20,"time":1631389478692,"pid":5895,"hostname":"fv-az36-34","name":"@waytrade/microservice-core","msg":"HTTP Server listening on port 59577"}
{"level":30,"time":1631389478692,"pid":5895,"hostname":"fv-az36-34","name":"@waytrade/microservice-core","msg":"API Server started at port 59577"}
{"level":20,"time":1631389478692,"pid":5895,"hostname":"fv-az36-34","name":"@waytrade/microservice-core","msg":"HTTP Server on port 59577 stopped"}
{"level":30,"time":1631389478693,"pid":5895,"hostname":"fv-az36-34","name":"@waytrade/microservice-core","msg":"App stopped."}
{"level":30,"time":1631389478693,"pid":5895,"hostname":"fv-az36-34","name":"@waytrade/microservice-core","msg":"Starting App..."}
{"level":20,"time":1631389478694,"pid":5895,"hostname":"fv-az36-34","name":"@waytrade/microservice-core","msg":"Starting HTTP Server on port 0"}
{"level":20,"time":1631389478694,"pid":5895,"hostname":"fv-az36-34","name":"@waytrade/microservice-core","msg":"HTTP Server listening on port 49205"}
{"level":30,"time":1631389478694,"pid":5895,"hostname":"fv-az36-34","name":"@waytrade/microservice-core","msg":"API Server started at port 49205"}
{"level":20,"time":1631389478695,"pid":5895,"hostname":"fv-az36-34","name":"@waytrade/microservice-core","msg":"HTTP Server on port 49205 stopped"}
{"level":30,"time":1631389478695,"pid":5895,"hostname":"fv-az36-34","name":"@waytrade/microservice-core","msg":"App stopped."}
{"level":30,"time":1631389478696,"pid":5895,"hostname":"fv-az36-34","name":"@waytrade/microservice-core","msg":"Starting App..."}
{"level":20,"time":1631389478697,"pid":5895,"hostname":"fv-az36-34","name":"@waytrade/microservice-core","msg":"Starting HTTP Server on port 0"}
{"level":20,"time":1631389478697,"pid":5895,"hostname":"fv-az36-34","name":"@waytrade/microservice-core","msg":"HTTP Server listening on port 35943"}
{"level":30,"time":1631389478697,"pid":5895,"hostname":"fv-az36-34","name":"@waytrade/microservice-core","msg":"API Server started at port 35943"}
{"level":20,"time":1631389478707,"pid":5895,"hostname":"fv-az36-34","name":"@waytrade/microservice-core","msg":"HTTP get /test/get/ -> 200 (0ms)"}
{"level":20,"time":1631389478708,"pid":5895,"hostname":"fv-az36-34","name":"@waytrade/microservice-core","msg":"HTTP Server on port 35943 stopped"}
{"level":30,"time":1631389478708,"pid":5895,"hostname":"fv-az36-34","name":"@waytrade/microservice-core","msg":"App stopped."}
{"level":30,"time":1631389478709,"pid":5895,"hostname":"fv-az36-34","name":"@waytrade/microservice-core","msg":"Starting App..."}
{"level":20,"time":1631389478709,"pid":5895,"hostname":"fv-az36-34","name":"@waytrade/microservice-core","msg":"Starting HTTP Server on port 0"}
{"level":20,"time":1631389478709,"pid":5895,"hostname":"fv-az36-34","name":"@waytrade/microservice-core","msg":"HTTP Server listening on port 60039"}
{"level":30,"time":1631389478709,"pid":5895,"hostname":"fv-az36-34","name":"@waytrade/microservice-core","msg":"API Server started at port 60039"}
{"level":20,"time":1631389478709,"pid":5895,"hostname":"fv-az36-34","name":"@waytrade/microservice-core","msg":"Debug message"}
{"level":30,"time":1631389478710,"pid":5895,"hostname":"fv-az36-34","name":"@waytrade/microservice-core","msg":"Info message"}
{"level":40,"time":1631389478710,"pid":5895,"hostname":"fv-az36-34","name":"@waytrade/microservice-core","msg":"Warning message"}
{"level":50,"time":1631389478710,"pid":5895,"hostname":"fv-az36-34","name":"@waytrade/microservice-core","msg":"Error message"}
{"level":20,"time":1631389478710,"pid":5895,"hostname":"fv-az36-34","name":"@waytrade/microservice-core","msg":"HTTP Server on port 60039 stopped"}
{"level":30,"time":1631389478710,"pid":5895,"hostname":"fv-az36-34","name":"@waytrade/microservice-core","msg":"App stopped."}
{"level":30,"time":1631389478994,"pid":5895,"hostname":"fv-az36-34","name":"@waytrade/microservice-core","msg":"Starting App..."}
{"level":20,"time":1631389478994,"pid":5895,"hostname":"fv-az36-34","name":"@waytrade/microservice-core","msg":"Starting HTTP Server on port 0"}
{"level":20,"time":1631389478995,"pid":5895,"hostname":"fv-az36-34","name":"@waytrade/microservice-core","msg":"HTTP Server listening on port 47023"}
{"level":20,"time":1631389478995,"pid":5895,"hostname":"fv-az36-34","name":"@waytrade/microservice-core","msg":"Starting HTTP Server on port 0"}
{"level":20,"time":1631389478995,"pid":5895,"hostname":"fv-az36-34","name":"@waytrade/microservice-core","msg":"HTTP Server listening on port 53355"}
{"level":30,"time":1631389478995,"pid":5895,"hostname":"fv-az36-34","name":"@waytrade/microservice-core","msg":"API Server started at port 47023"}
{"level":30,"time":1631389478995,"pid":5895,"hostname":"fv-az36-34","name":"@waytrade/microservice-core","msg":"Webhook Callback Server started at port 53355"}
{"level":20,"time":1631389478996,"pid":5895,"hostname":"fv-az36-34","name":"@waytrade/microservice-core","msg":"HTTP Server on port 47023 stopped"}
{"level":20,"time":1631389478996,"pid":5895,"hostname":"fv-az36-34","name":"@waytrade/microservice-core","msg":"HTTP Server on port 53355 stopped"}
{"level":30,"time":1631389478996,"pid":5895,"hostname":"fv-az36-34","name":"@waytrade/microservice-core","msg":"App stopped."}
{"level":30,"time":1631389478997,"pid":5895,"hostname":"fv-az36-34","name":"@waytrade/microservice-core","msg":"Starting App..."}
{"level":20,"time":1631389478998,"pid":5895,"hostname":"fv-az36-34","name":"@waytrade/microservice-core","msg":"Starting HTTP Server on port 0"}
{"level":20,"time":1631389478998,"pid":5895,"hostname":"fv-az36-34","name":"@waytrade/microservice-core","msg":"HTTP Server listening on port 41671"}
{"level":20,"time":1631389478998,"pid":5895,"hostname":"fv-az36-34","name":"@waytrade/microservice-core","msg":"Starting HTTP Server on port 0"}
{"level":20,"time":1631389478998,"pid":5895,"hostname":"fv-az36-34","name":"@waytrade/microservice-core","msg":"HTTP Server listening on port 35823"}
{"level":30,"time":1631389478998,"pid":5895,"hostname":"fv-az36-34","name":"@waytrade/microservice-core","msg":"API Server started at port 41671"}
{"level":30,"time":1631389478998,"pid":5895,"hostname":"fv-az36-34","name":"@waytrade/microservice-core","msg":"Webhook Callback Server started at port 35823"}
{"level":20,"time":1631389478999,"pid":5895,"hostname":"fv-az36-34","name":"@waytrade/microservice-core","msg":"HTTP Server on port 41671 stopped"}
{"level":20,"time":1631389478999,"pid":5895,"hostname":"fv-az36-34","name":"@waytrade/microservice-core","msg":"HTTP Server on port 35823 stopped"}
{"level":30,"time":1631389478999,"pid":5895,"hostname":"fv-az36-34","name":"@waytrade/microservice-core","msg":"App stopped."}
{"level":30,"time":1631389479000,"pid":5895,"hostname":"fv-az36-34","name":"@waytrade/microservice-core","msg":"Starting App..."}
{"level":20,"time":1631389479001,"pid":5895,"hostname":"fv-az36-34","name":"@waytrade/microservice-core","msg":"Starting HTTP Server on port 0"}
{"level":20,"time":1631389479001,"pid":5895,"hostname":"fv-az36-34","name":"@waytrade/microservice-core","msg":"HTTP Server listening on port 44993"}
{"level":20,"time":1631389479001,"pid":5895,"hostname":"fv-az36-34","name":"@waytrade/microservice-core","msg":"Starting HTTP Server on port 0"}
{"level":20,"time":1631389479001,"pid":5895,"hostname":"fv-az36-34","name":"@waytrade/microservice-core","msg":"HTTP Server listening on port 47641"}
{"level":50,"time":1631389479001,"pid":5895,"hostname":"fv-az36-34","name":"@waytrade/microservice-core","msg":"App start failed: Controller booth failed"}
{"level":20,"time":1631389479001,"pid":5895,"hostname":"fv-az36-34","name":"@waytrade/microservice-core","msg":"HTTP Server on port 44993 stopped"}
{"level":20,"time":1631389479001,"pid":5895,"hostname":"fv-az36-34","name":"@waytrade/microservice-core","msg":"HTTP Server on port 47641 stopped"}
{"level":30,"time":1631389479001,"pid":5895,"hostname":"fv-az36-34","name":"@waytrade/microservice-core","msg":"App stopped."}
{"level":30,"time":1631389479002,"pid":5895,"hostname":"fv-az36-34","name":"@waytrade/microservice-core","msg":"Starting App..."}
{"level":20,"time":1631389479003,"pid":5895,"hostname":"fv-az36-34","name":"@waytrade/microservice-core","msg":"Starting HTTP Server on port 0"}
{"level":20,"time":1631389479003,"pid":5895,"hostname":"fv-az36-34","name":"@waytrade/microservice-core","msg":"HTTP Server listening on port 38619"}
{"level":20,"time":1631389479003,"pid":5895,"hostname":"fv-az36-34","name":"@waytrade/microservice-core","msg":"Starting HTTP Server on port 0"}
{"level":20,"time":1631389479003,"pid":5895,"hostname":"fv-az36-34","name":"@waytrade/microservice-core","msg":"HTTP Server listening on port 60487"}
{"level":50,"time":1631389479003,"pid":5895,"hostname":"fv-az36-34","name":"@waytrade/microservice-core","msg":"App start failed: Controller booth failed"}
{"level":20,"time":1631389479003,"pid":5895,"hostname":"fv-az36-34","name":"@waytrade/microservice-core","msg":"HTTP Server on port 38619 stopped"}
{"level":20,"time":1631389479003,"pid":5895,"hostname":"fv-az36-34","name":"@waytrade/microservice-core","msg":"HTTP Server on port 60487 stopped"}
{"level":30,"time":1631389479003,"pid":5895,"hostname":"fv-az36-34","name":"@waytrade/microservice-core","msg":"App stopped."}
{"level":30,"time":1631389479004,"pid":5895,"hostname":"fv-az36-34","name":"@waytrade/microservice-core","msg":"Starting App..."}
{"level":20,"time":1631389479004,"pid":5895,"hostname":"fv-az36-34","name":"@waytrade/microservice-core","msg":"Starting HTTP Server on port 0"}
{"level":20,"time":1631389479004,"pid":5895,"hostname":"fv-az36-34","name":"@waytrade/microservice-core","msg":"HTTP Server listening on port 51859"}
{"level":20,"time":1631389479005,"pid":5895,"hostname":"fv-az36-34","name":"@waytrade/microservice-core","msg":"Starting HTTP Server on port 0"}
{"level":20,"time":1631389479005,"pid":5895,"hostname":"fv-az36-34","name":"@waytrade/microservice-core","msg":"HTTP Server listening on port 52597"}
{"level":50,"time":1631389479005,"pid":5895,"hostname":"fv-az36-34","name":"@waytrade/microservice-core","msg":"App start failed: Controller booth failed"}
{"level":20,"time":1631389479005,"pid":5895,"hostname":"fv-az36-34","name":"@waytrade/microservice-core","msg":"HTTP Server on port 51859 stopped"}
{"level":20,"time":1631389479005,"pid":5895,"hostname":"fv-az36-34","name":"@waytrade/microservice-core","msg":"HTTP Server on port 52597 stopped"}
{"level":30,"time":1631389479005,"pid":5895,"hostname":"fv-az36-34","name":"@waytrade/microservice-core","msg":"App stopped."}
{"level":30,"time":1631389479006,"pid":5895,"hostname":"fv-az36-34","name":"@waytrade/microservice-core","msg":"Starting App..."}
{"level":20,"time":1631389479006,"pid":5895,"hostname":"fv-az36-34","name":"@waytrade/microservice-core","msg":"Starting HTTP Server on port 0"}
{"level":20,"time":1631389479006,"pid":5895,"hostname":"fv-az36-34","name":"@waytrade/microservice-core","msg":"HTTP Server listening on port 46229"}
{"level":20,"time":1631389479006,"pid":5895,"hostname":"fv-az36-34","name":"@waytrade/microservice-core","msg":"Starting HTTP Server on port 0"}
{"level":20,"time":1631389479006,"pid":5895,"hostname":"fv-az36-34","name":"@waytrade/microservice-core","msg":"HTTP Server listening on port 41723"}
{"level":50,"time":1631389479006,"pid":5895,"hostname":"fv-az36-34","name":"@waytrade/microservice-core","msg":"App start failed: Controller booth failed"}
{"level":20,"time":1631389479007,"pid":5895,"hostname":"fv-az36-34","name":"@waytrade/microservice-core","msg":"HTTP Server on port 46229 stopped"}
{"level":20,"time":1631389479007,"pid":5895,"hostname":"fv-az36-34","name":"@waytrade/microservice-core","msg":"HTTP Server on port 41723 stopped"}
{"level":30,"time":1631389479007,"pid":5895,"hostname":"fv-az36-34","name":"@waytrade/microservice-core","msg":"App stopped."}
{"level":30,"time":1631389479257,"pid":5895,"hostname":"fv-az36-34","name":"@waytrade/microservice-core","msg":"Starting App..."}
{"level":20,"time":1631389479257,"pid":5895,"hostname":"fv-az36-34","name":"@waytrade/microservice-core","msg":"Starting HTTP Server on port 0"}
{"level":20,"time":1631389479258,"pid":5895,"hostname":"fv-az36-34","name":"@waytrade/microservice-core","msg":"HTTP Server listening on port 39447"}
{"level":30,"time":1631389479258,"pid":5895,"hostname":"fv-az36-34","name":"@waytrade/microservice-core","msg":"API Server started at port 39447"}
{"level":20,"time":1631389479259,"pid":5895,"hostname":"fv-az36-34","name":"@waytrade/microservice-core","msg":"HTTP Server on port 39447 stopped"}
{"level":30,"time":1631389479259,"pid":5895,"hostname":"fv-az36-34","name":"@waytrade/microservice-core","msg":"App stopped."}
{"level":30,"time":1631389479260,"pid":5895,"hostname":"fv-az36-34","name":"@waytrade/microservice-core","msg":"Starting App..."}
{"level":20,"time":1631389479260,"pid":5895,"hostname":"fv-az36-34","name":"@waytrade/microservice-core","msg":"Starting HTTP Server on port 0"}
{"level":20,"time":1631389479260,"pid":5895,"hostname":"fv-az36-34","name":"@waytrade/microservice-core","msg":"HTTP Server listening on port 44687"}
{"level":30,"time":1631389479261,"pid":5895,"hostname":"fv-az36-34","name":"@waytrade/microservice-core","msg":"API Server started at port 44687"}
{"level":20,"time":1631389479261,"pid":5895,"hostname":"fv-az36-34","name":"@waytrade/microservice-core","msg":"HTTP Server on port 44687 stopped"}
{"level":30,"time":1631389479261,"pid":5895,"hostname":"fv-az36-34","name":"@waytrade/microservice-core","msg":"App stopped."}
{"level":30,"time":1631389479263,"pid":5895,"hostname":"fv-az36-34","name":"@waytrade/microservice-core","msg":"Starting App..."}
{"level":20,"time":1631389479263,"pid":5895,"hostname":"fv-az36-34","name":"@waytrade/microservice-core","msg":"Starting HTTP Server on port 0"}
{"level":20,"time":1631389479263,"pid":5895,"hostname":"fv-az36-34","name":"@waytrade/microservice-core","msg":"HTTP Server listening on port 52547"}
{"level":50,"time":1631389479263,"pid":5895,"hostname":"fv-az36-34","name":"@waytrade/microservice-core","msg":"App start failed: Controller booth failed"}
{"level":20,"time":1631389479263,"pid":5895,"hostname":"fv-az36-34","name":"@waytrade/microservice-core","msg":"HTTP Server on port 52547 stopped"}
{"level":30,"time":1631389479263,"pid":5895,"hostname":"fv-az36-34","name":"@waytrade/microservice-core","msg":"App stopped."}
{"level":30,"time":1631389479264,"pid":5895,"hostname":"fv-az36-34","name":"@waytrade/microservice-core","msg":"Starting App..."}
{"level":20,"time":1631389479265,"pid":5895,"hostname":"fv-az36-34","name":"@waytrade/microservice-core","msg":"Starting HTTP Server on port 0"}
{"level":20,"time":1631389479265,"pid":5895,"hostname":"fv-az36-34","name":"@waytrade/microservice-core","msg":"HTTP Server listening on port 34761"}
{"level":50,"time":1631389479265,"pid":5895,"hostname":"fv-az36-34","name":"@waytrade/microservice-core","msg":"App start failed: Controller booth failed"}
{"level":20,"time":1631389479265,"pid":5895,"hostname":"fv-az36-34","name":"@waytrade/microservice-core","msg":"HTTP Server on port 34761 stopped"}
{"level":30,"time":1631389479265,"pid":5895,"hostname":"fv-az36-34","name":"@waytrade/microservice-core","msg":"App stopped."}
{"level":30,"time":1631389479266,"pid":5895,"hostname":"fv-az36-34","name":"@waytrade/microservice-core","msg":"Starting App..."}
{"level":20,"time":1631389479266,"pid":5895,"hostname":"fv-az36-34","name":"@waytrade/microservice-core","msg":"Starting HTTP Server on port 0"}
{"level":20,"time":1631389479266,"pid":5895,"hostname":"fv-az36-34","name":"@waytrade/microservice-core","msg":"HTTP Server listening on port 39999"}
{"level":50,"time":1631389479266,"pid":5895,"hostname":"fv-az36-34","name":"@waytrade/microservice-core","msg":"App start failed: Controller booth failed"}
{"level":20,"time":1631389479267,"pid":5895,"hostname":"fv-az36-34","name":"@waytrade/microservice-core","msg":"HTTP Server on port 39999 stopped"}
{"level":30,"time":1631389479267,"pid":5895,"hostname":"fv-az36-34","name":"@waytrade/microservice-core","msg":"App stopped."}
{"level":30,"time":1631389479268,"pid":5895,"hostname":"fv-az36-34","name":"@waytrade/microservice-core","msg":"Starting App..."}
{"level":20,"time":1631389479268,"pid":5895,"hostname":"fv-az36-34","name":"@waytrade/microservice-core","msg":"Starting HTTP Server on port 0"}
{"level":20,"time":1631389479268,"pid":5895,"hostname":"fv-az36-34","name":"@waytrade/microservice-core","msg":"HTTP Server listening on port 56449"}
{"level":50,"time":1631389479268,"pid":5895,"hostname":"fv-az36-34","name":"@waytrade/microservice-core","msg":"App start failed: Controller booth failed"}
{"level":20,"time":1631389479268,"pid":5895,"hostname":"fv-az36-34","name":"@waytrade/microservice-core","msg":"HTTP Server on port 56449 stopped"}
{"level":30,"time":1631389479268,"pid":5895,"hostname":"fv-az36-34","name":"@waytrade/microservice-core","msg":"App stopped."}
{"level":30,"time":1631389479534,"pid":5895,"hostname":"fv-az36-34","name":"@waytrade/microservice-core","msg":"Starting App..."}
{"level":20,"time":1631389479534,"pid":5895,"hostname":"fv-az36-34","name":"@waytrade/microservice-core","msg":"Starting HTTP Server on port 0"}
{"level":20,"time":1631389479534,"pid":5895,"hostname":"fv-az36-34","name":"@waytrade/microservice-core","msg":"HTTP Server listening on port 39977"}
{"level":30,"time":1631389479535,"pid":5895,"hostname":"fv-az36-34","name":"@waytrade/microservice-core","msg":"API Server started at port 39977"}
{"level":20,"time":1631389479535,"pid":5895,"hostname":"fv-az36-34","name":"@waytrade/microservice-core","msg":"HTTP Server on port 39977 stopped"}
{"level":30,"time":1631389479536,"pid":5895,"hostname":"fv-az36-34","name":"@waytrade/microservice-core","msg":"App stopped."}
{"level":30,"time":1631389479537,"pid":5895,"hostname":"fv-az36-34","name":"@waytrade/microservice-core","msg":"Starting App..."}
{"level":20,"time":1631389479537,"pid":5895,"hostname":"fv-az36-34","name":"@waytrade/microservice-core","msg":"Starting HTTP Server on port 0"}
{"level":20,"time":1631389479537,"pid":5895,"hostname":"fv-az36-34","name":"@waytrade/microservice-core","msg":"HTTP Server listening on port 44121"}
{"level":30,"time":1631389479538,"pid":5895,"hostname":"fv-az36-34","name":"@waytrade/microservice-core","msg":"API Server started at port 44121"}
{"level":20,"time":1631389479538,"pid":5895,"hostname":"fv-az36-34","name":"@waytrade/microservice-core","msg":"HTTP Server on port 44121 stopped"}
{"level":30,"time":1631389479538,"pid":5895,"hostname":"fv-az36-34","name":"@waytrade/microservice-core","msg":"App stopped."}
{"level":30,"time":1631389479540,"pid":5895,"hostname":"fv-az36-34","name":"@waytrade/microservice-core","msg":"Starting App..."}
{"level":50,"time":1631389479540,"pid":5895,"hostname":"fv-az36-34","name":"@waytrade/microservice-core","msg":"App start failed: Controller booth failed"}
{"level":30,"time":1631389479540,"pid":5895,"hostname":"fv-az36-34","name":"@waytrade/microservice-core","msg":"App stopped."}
{"level":30,"time":1631389479541,"pid":5895,"hostname":"fv-az36-34","name":"@waytrade/microservice-core","msg":"Starting App..."}
{"level":50,"time":1631389479541,"pid":5895,"hostname":"fv-az36-34","name":"@waytrade/microservice-core","msg":"App start failed: Controller booth failed"}
{"level":30,"time":1631389479541,"pid":5895,"hostname":"fv-az36-34","name":"@waytrade/microservice-core","msg":"App stopped."}
{"level":30,"time":1631389479542,"pid":5895,"hostname":"fv-az36-34","name":"@waytrade/microservice-core","msg":"Starting App..."}
{"level":50,"time":1631389479542,"pid":5895,"hostname":"fv-az36-34","name":"@waytrade/microservice-core","msg":"App start failed: Controller booth failed"}
{"level":30,"time":1631389479543,"pid":5895,"hostname":"fv-az36-34","name":"@waytrade/microservice-core","msg":"App stopped."}
{"level":30,"time":1631389479563,"pid":5895,"hostname":"fv-az36-34","name":"@waytrade/microservice-core","msg":"Starting App..."}
{"level":50,"time":1631389479563,"pid":5895,"hostname":"fv-az36-34","name":"@waytrade/microservice-core","msg":"App start failed: Controller booth failed"}
{"level":30,"time":1631389479564,"pid":5895,"hostname":"fv-az36-34","name":"@waytrade/microservice-core","msg":"App stopped."}
{"level":20,"time":1631389479835,"pid":5895,"hostname":"fv-az36-34","name":"@waytrade/microservice-core","msg":"Starting HTTP Server on port 0"}
{"level":20,"time":1631389479835,"pid":5895,"hostname":"fv-az36-34","name":"@waytrade/microservice-core","msg":"HTTP Server listening on port 56425"}
{"level":20,"time":1631389479836,"pid":5895,"hostname":"fv-az36-34","name":"@waytrade/microservice-core","msg":"HTTP Server on port 56425 stopped"}
{"level":20,"time":1631389479836,"pid":5895,"hostname":"fv-az36-34","name":"@waytrade/microservice-core","msg":"Starting HTTP Server on port 3999"}
{"level":20,"time":1631389479836,"pid":5895,"hostname":"fv-az36-34","name":"@waytrade/microservice-core","msg":"HTTP Server listening on port 3999"}
{"level":20,"time":1631389479837,"pid":5895,"hostname":"fv-az36-34","name":"@waytrade/microservice-core","msg":"HTTP Server on port 3999 stopped"}
{"level":20,"time":1631389479837,"pid":5895,"hostname":"fv-az36-34","name":"@waytrade/microservice-core","msg":"Starting HTTP Server on port 0"}
{"level":20,"time":1631389479837,"pid":5895,"hostname":"fv-az36-34","name":"@waytrade/microservice-core","msg":"HTTP Server listening on port 48273"}
{"level":20,"time":1631389479847,"pid":5895,"hostname":"fv-az36-34","name":"@waytrade/microservice-core","msg":"/some/invalid/path not found."}
{"level":20,"time":1631389479847,"pid":5895,"hostname":"fv-az36-34","name":"@waytrade/microservice-core","msg":"HTTP Server on port 48273 stopped"}
{"level":20,"time":1631389479848,"pid":5895,"hostname":"fv-az36-34","name":"@waytrade/microservice-core","msg":"Starting HTTP Server on port 0"}
{"level":20,"time":1631389479848,"pid":5895,"hostname":"fv-az36-34","name":"@waytrade/microservice-core","msg":"HTTP Server listening on port 46663"}
{"level":20,"time":1631389479850,"pid":5895,"hostname":"fv-az36-34","name":"@waytrade/microservice-core","msg":"HTTP Server on port 46663 stopped"}
{"level":20,"time":1631389479850,"pid":5895,"hostname":"fv-az36-34","name":"@waytrade/microservice-core","msg":"Starting HTTP Server on port 0"}
{"level":20,"time":1631389479850,"pid":5895,"hostname":"fv-az36-34","name":"@waytrade/microservice-core","msg":"HTTP Server listening on port 36997"}
{"level":20,"time":1631389479852,"pid":5895,"hostname":"fv-az36-34","name":"@waytrade/microservice-core","msg":"HTTP Server on port 36997 stopped"}
{"level":20,"time":1631389479853,"pid":5895,"hostname":"fv-az36-34","name":"@waytrade/microservice-core","msg":"Starting HTTP Server on port 0"}
{"level":20,"time":1631389479853,"pid":5895,"hostname":"fv-az36-34","name":"@waytrade/microservice-core","msg":"HTTP Server listening on port 37205"}
{"level":20,"time":1631389479854,"pid":5895,"hostname":"fv-az36-34","name":"@waytrade/microservice-core","msg":"HTTP get /api/dummy/customResponseHeader -> 200 (0ms)"}
{"level":20,"time":1631389479855,"pid":5895,"hostname":"fv-az36-34","name":"@waytrade/microservice-core","msg":"HTTP Server on port 37205 stopped"}
{"level":30,"time":1631389480112,"pid":5895,"hostname":"fv-az36-34","name":"@waytrade/microservice-core","msg":"Starting App..."}
{"level":20,"time":1631389480112,"pid":5895,"hostname":"fv-az36-34","name":"@waytrade/microservice-core","msg":"Starting HTTP Server on port 0"}
{"level":20,"time":1631389480112,"pid":5895,"hostname":"fv-az36-34","name":"@waytrade/microservice-core","msg":"HTTP Server listening on port 57095"}
{"level":20,"time":1631389480112,"pid":5895,"hostname":"fv-az36-34","name":"@waytrade/microservice-core","msg":"Starting HTTP Server on port 0"}
{"level":20,"time":1631389480112,"pid":5895,"hostname":"fv-az36-34","name":"@waytrade/microservice-core","msg":"HTTP Server listening on port 39063"}
{"level":30,"time":1631389480113,"pid":5895,"hostname":"fv-az36-34","name":"@waytrade/microservice-core","msg":"API Server started at port 57095"}
{"level":30,"time":1631389480113,"pid":5895,"hostname":"fv-az36-34","name":"@waytrade/microservice-core","msg":"Webhook Callback Server started at port 39063"}
{"level":20,"time":1631389480115,"pid":5895,"hostname":"fv-az36-34","name":"@waytrade/microservice-core","msg":"HTTP get /api/ -> 200 (0ms)"}
{"level":20,"time":1631389480116,"pid":5895,"hostname":"fv-az36-34","name":"@waytrade/microservice-core","msg":"HTTP Server on port 57095 stopped"}
{"level":20,"time":1631389480116,"pid":5895,"hostname":"fv-az36-34","name":"@waytrade/microservice-core","msg":"HTTP Server on port 39063 stopped"}
{"level":30,"time":1631389480116,"pid":5895,"hostname":"fv-az36-34","name":"@waytrade/microservice-core","msg":"App stopped."}
{"level":30,"time":1631389480117,"pid":5895,"hostname":"fv-az36-34","name":"@waytrade/microservice-core","msg":"Starting App..."}
{"level":20,"time":1631389480117,"pid":5895,"hostname":"fv-az36-34","name":"@waytrade/microservice-core","msg":"Starting HTTP Server on port 0"}
{"level":20,"time":1631389480118,"pid":5895,"hostname":"fv-az36-34","name":"@waytrade/microservice-core","msg":"HTTP Server listening on port 56665"}
{"level":20,"time":1631389480118,"pid":5895,"hostname":"fv-az36-34","name":"@waytrade/microservice-core","msg":"Starting HTTP Server on port 0"}
{"level":20,"time":1631389480118,"pid":5895,"hostname":"fv-az36-34","name":"@waytrade/microservice-core","msg":"HTTP Server listening on port 36763"}
{"level":30,"time":1631389480118,"pid":5895,"hostname":"fv-az36-34","name":"@waytrade/microservice-core","msg":"API Server started at port 56665"}
{"level":30,"time":1631389480118,"pid":5895,"hostname":"fv-az36-34","name":"@waytrade/microservice-core","msg":"Webhook Callback Server started at port 36763"}
{"level":20,"time":1631389480119,"pid":5895,"hostname":"fv-az36-34","name":"@waytrade/microservice-core","msg":"HTTP get / -> 200 (0ms)"}
{"level":20,"time":1631389480120,"pid":5895,"hostname":"fv-az36-34","name":"@waytrade/microservice-core","msg":"HTTP Server on port 56665 stopped"}
{"level":20,"time":1631389480120,"pid":5895,"hostname":"fv-az36-34","name":"@waytrade/microservice-core","msg":"HTTP Server on port 36763 stopped"}
{"level":30,"time":1631389480120,"pid":5895,"hostname":"fv-az36-34","name":"@waytrade/microservice-core","msg":"App stopped."}
{"level":30,"time":1631389480121,"pid":5895,"hostname":"fv-az36-34","name":"@waytrade/microservice-core","msg":"Starting App..."}
{"level":20,"time":1631389480121,"pid":5895,"hostname":"fv-az36-34","name":"@waytrade/microservice-core","msg":"Starting HTTP Server on port 0"}
{"level":20,"time":1631389480121,"pid":5895,"hostname":"fv-az36-34","name":"@waytrade/microservice-core","msg":"HTTP Server listening on port 45975"}
{"level":20,"time":1631389480121,"pid":5895,"hostname":"fv-az36-34","name":"@waytrade/microservice-core","msg":"Starting HTTP Server on port 0"}
{"level":20,"time":1631389480121,"pid":5895,"hostname":"fv-az36-34","name":"@waytrade/microservice-core","msg":"HTTP Server listening on port 39453"}
{"level":30,"time":1631389480121,"pid":5895,"hostname":"fv-az36-34","name":"@waytrade/microservice-core","msg":"API Server started at port 45975"}
{"level":30,"time":1631389480121,"pid":5895,"hostname":"fv-az36-34","name":"@waytrade/microservice-core","msg":"Webhook Callback Server started at port 39453"}
{"level":20,"time":1631389480122,"pid":5895,"hostname":"fv-az36-34","name":"@waytrade/microservice-core","msg":"HTTP get /api/ -> 200 (0ms)"}
{"level":20,"time":1631389480123,"pid":5895,"hostname":"fv-az36-34","name":"@waytrade/microservice-core","msg":"HTTP Server on port 45975 stopped"}
{"level":20,"time":1631389480123,"pid":5895,"hostname":"fv-az36-34","name":"@waytrade/microservice-core","msg":"HTTP Server on port 39453 stopped"}
{"level":30,"time":1631389480123,"pid":5895,"hostname":"fv-az36-34","name":"@waytrade/microservice-core","msg":"App stopped."}
{"level":30,"time":1631389480124,"pid":5895,"hostname":"fv-az36-34","name":"@waytrade/microservice-core","msg":"Starting App..."}
{"level":20,"time":1631389480124,"pid":5895,"hostname":"fv-az36-34","name":"@waytrade/microservice-core","msg":"Starting HTTP Server on port 0"}
{"level":20,"time":1631389480124,"pid":5895,"hostname":"fv-az36-34","name":"@waytrade/microservice-core","msg":"HTTP Server listening on port 52673"}
{"level":20,"time":1631389480124,"pid":5895,"hostname":"fv-az36-34","name":"@waytrade/microservice-core","msg":"Starting HTTP Server on port 0"}
{"level":20,"time":1631389480124,"pid":5895,"hostname":"fv-az36-34","name":"@waytrade/microservice-core","msg":"HTTP Server listening on port 39207"}
{"level":30,"time":1631389480124,"pid":5895,"hostname":"fv-az36-34","name":"@waytrade/microservice-core","msg":"API Server started at port 52673"}
{"level":30,"time":1631389480124,"pid":5895,"hostname":"fv-az36-34","name":"@waytrade/microservice-core","msg":"Webhook Callback Server started at port 39207"}
{"level":20,"time":1631389480126,"pid":5895,"hostname":"fv-az36-34","name":"@waytrade/microservice-core","msg":"HTTP Server on port 52673 stopped"}
{"level":20,"time":1631389480126,"pid":5895,"hostname":"fv-az36-34","name":"@waytrade/microservice-core","msg":"HTTP Server on port 39207 stopped"}
{"level":30,"time":1631389480126,"pid":5895,"hostname":"fv-az36-34","name":"@waytrade/microservice-core","msg":"App stopped."}
{"level":30,"time":1631389480380,"pid":5895,"hostname":"fv-az36-34","name":"@waytrade/microservice-core","msg":"Starting App..."}
{"level":20,"time":1631389480380,"pid":5895,"hostname":"fv-az36-34","name":"@waytrade/microservice-core","msg":"Starting HTTP Server on port 0"}
{"level":20,"time":1631389480381,"pid":5895,"hostname":"fv-az36-34","name":"@waytrade/microservice-core","msg":"HTTP Server listening on port 41645"}
{"level":20,"time":1631389480381,"pid":5895,"hostname":"fv-az36-34","name":"@waytrade/microservice-core","msg":"Starting HTTP Server on port 0"}
{"level":20,"time":1631389480381,"pid":5895,"hostname":"fv-az36-34","name":"@waytrade/microservice-core","msg":"HTTP Server listening on port 43391"}
{"level":30,"time":1631389480381,"pid":5895,"hostname":"fv-az36-34","name":"@waytrade/microservice-core","msg":"API Server started at port 41645"}
{"level":30,"time":1631389480381,"pid":5895,"hostname":"fv-az36-34","name":"@waytrade/microservice-core","msg":"Webhook Callback Server started at port 43391"}
{"level":20,"time":1631389480381,"pid":5895,"hostname":"fv-az36-34","name":"@waytrade/microservice-core","msg":"HTTP Server on port 41645 stopped"}
{"level":20,"time":1631389480382,"pid":5895,"hostname":"fv-az36-34","name":"@waytrade/microservice-core","msg":"HTTP Server on port 43391 stopped"}
{"level":30,"time":1631389480382,"pid":5895,"hostname":"fv-az36-34","name":"@waytrade/microservice-core","msg":"App stopped."}
{"level":30,"time":1631389480383,"pid":5895,"hostname":"fv-az36-34","name":"@waytrade/microservice-core","msg":"Starting App..."}
{"level":20,"time":1631389480383,"pid":5895,"hostname":"fv-az36-34","name":"@waytrade/microservice-core","msg":"Starting HTTP Server on port 0"}
{"level":20,"time":1631389480383,"pid":5895,"hostname":"fv-az36-34","name":"@waytrade/microservice-core","msg":"HTTP Server listening on port 50917"}
{"level":20,"time":1631389480383,"pid":5895,"hostname":"fv-az36-34","name":"@waytrade/microservice-core","msg":"Starting HTTP Server on port 0"}
{"level":20,"time":1631389480383,"pid":5895,"hostname":"fv-az36-34","name":"@waytrade/microservice-core","msg":"HTTP Server listening on port 46399"}
{"level":30,"time":1631389480383,"pid":5895,"hostname":"fv-az36-34","name":"@waytrade/microservice-core","msg":"API Server started at port 50917"}
{"level":30,"time":1631389480383,"pid":5895,"hostname":"fv-az36-34","name":"@waytrade/microservice-core","msg":"Webhook Callback Server started at port 46399"}
{"level":20,"time":1631389480384,"pid":5895,"hostname":"fv-az36-34","name":"@waytrade/microservice-core","msg":"HTTP Server on port 50917 stopped"}
{"level":20,"time":1631389480384,"pid":5895,"hostname":"fv-az36-34","name":"@waytrade/microservice-core","msg":"HTTP Server on port 46399 stopped"}
{"level":30,"time":1631389480384,"pid":5895,"hostname":"fv-az36-34","name":"@waytrade/microservice-core","msg":"App stopped."}
{"level":30,"time":1631389480385,"pid":5895,"hostname":"fv-az36-34","name":"@waytrade/microservice-core","msg":"Starting App..."}
{"level":20,"time":1631389480385,"pid":5895,"hostname":"fv-az36-34","name":"@waytrade/microservice-core","msg":"Starting HTTP Server on port 0"}
{"level":20,"time":1631389480385,"pid":5895,"hostname":"fv-az36-34","name":"@waytrade/microservice-core","msg":"HTTP Server listening on port 53451"}
{"level":20,"time":1631389480385,"pid":5895,"hostname":"fv-az36-34","name":"@waytrade/microservice-core","msg":"Starting HTTP Server on port 0"}
{"level":20,"time":1631389480385,"pid":5895,"hostname":"fv-az36-34","name":"@waytrade/microservice-core","msg":"HTTP Server listening on port 39351"}
{"level":30,"time":1631389480385,"pid":5895,"hostname":"fv-az36-34","name":"@waytrade/microservice-core","msg":"API Server started at port 53451"}
{"level":30,"time":1631389480385,"pid":5895,"hostname":"fv-az36-34","name":"@waytrade/microservice-core","msg":"Webhook Callback Server started at port 39351"}
{"level":20,"time":1631389480386,"pid":5895,"hostname":"fv-az36-34","name":"@waytrade/microservice-core","msg":"HTTP Server on port 53451 stopped"}
{"level":20,"time":1631389480386,"pid":5895,"hostname":"fv-az36-34","name":"@waytrade/microservice-core","msg":"HTTP Server on port 39351 stopped"}
{"level":30,"time":1631389480386,"pid":5895,"hostname":"fv-az36-34","name":"@waytrade/microservice-core","msg":"App stopped."}
{"level":30,"time":1631389480387,"pid":5895,"hostname":"fv-az36-34","name":"@waytrade/microservice-core","msg":"Starting App..."}
{"level":20,"time":1631389480388,"pid":5895,"hostname":"fv-az36-34","name":"@waytrade/microservice-core","msg":"Starting HTTP Server on port 0"}
{"level":20,"time":1631389480388,"pid":5895,"hostname":"fv-az36-34","name":"@waytrade/microservice-core","msg":"HTTP Server listening on port 56253"}
{"level":20,"time":1631389480388,"pid":5895,"hostname":"fv-az36-34","name":"@waytrade/microservice-core","msg":"Starting HTTP Server on port 0"}
{"level":20,"time":1631389480388,"pid":5895,"hostname":"fv-az36-34","name":"@waytrade/microservice-core","msg":"HTTP Server listening on port 45687"}
{"level":30,"time":1631389480388,"pid":5895,"hostname":"fv-az36-34","name":"@waytrade/microservice-core","msg":"API Server started at port 56253"}
{"level":30,"time":1631389480388,"pid":5895,"hostname":"fv-az36-34","name":"@waytrade/microservice-core","msg":"Webhook Callback Server started at port 45687"}
{"level":20,"time":1631389480388,"pid":5895,"hostname":"fv-az36-34","name":"@waytrade/microservice-core","msg":"HTTP Server on port 56253 stopped"}
{"level":20,"time":1631389480388,"pid":5895,"hostname":"fv-az36-34","name":"@waytrade/microservice-core","msg":"HTTP Server on port 45687 stopped"}
{"level":30,"time":1631389480388,"pid":5895,"hostname":"fv-az36-34","name":"@waytrade/microservice-core","msg":"App stopped."}
{"level":30,"time":1631389480648,"pid":5895,"hostname":"fv-az36-34","name":"@waytrade/microservice-core","msg":"Starting App..."}
{"level":20,"time":1631389480649,"pid":5895,"hostname":"fv-az36-34","name":"@waytrade/microservice-core","msg":"Starting HTTP Server on port 0"}
{"level":20,"time":1631389480649,"pid":5895,"hostname":"fv-az36-34","name":"@waytrade/microservice-core","msg":"HTTP Server listening on port 53527"}
{"level":30,"time":1631389480649,"pid":5895,"hostname":"fv-az36-34","name":"@waytrade/microservice-core","msg":"API Server started at port 53527"}
{"level":20,"time":1631389480649,"pid":5895,"hostname":"fv-az36-34","name":"@waytrade/microservice-core","msg":"HTTP Server on port 53527 stopped"}
{"level":30,"time":1631389480649,"pid":5895,"hostname":"fv-az36-34","name":"@waytrade/microservice-core","msg":"App stopped."}
{"level":30,"time":1631389480651,"pid":5895,"hostname":"fv-az36-34","name":"@waytrade/microservice-core","msg":"Starting App..."}
{"level":20,"time":1631389480651,"pid":5895,"hostname":"fv-az36-34","name":"@waytrade/microservice-core","msg":"Starting HTTP Server on port 0"}
{"level":20,"time":1631389480651,"pid":5895,"hostname":"fv-az36-34","name":"@waytrade/microservice-core","msg":"HTTP Server listening on port 41785"}
{"level":30,"time":1631389480651,"pid":5895,"hostname":"fv-az36-34","name":"@waytrade/microservice-core","msg":"API Server started at port 41785"}
{"level":20,"time":1631389480651,"pid":5895,"hostname":"fv-az36-34","name":"@waytrade/microservice-core","msg":"HTTP Server on port 41785 stopped"}
{"level":30,"time":1631389480652,"pid":5895,"hostname":"fv-az36-34","name":"@waytrade/microservice-core","msg":"App stopped."}
{"level":30,"time":1631389480652,"pid":5895,"hostname":"fv-az36-34","name":"@waytrade/microservice-core","msg":"Starting App..."}
{"level":20,"time":1631389480653,"pid":5895,"hostname":"fv-az36-34","name":"@waytrade/microservice-core","msg":"Starting HTTP Server on port 0"}
{"level":20,"time":1631389480653,"pid":5895,"hostname":"fv-az36-34","name":"@waytrade/microservice-core","msg":"HTTP Server listening on port 54801"}
{"level":30,"time":1631389480653,"pid":5895,"hostname":"fv-az36-34","name":"@waytrade/microservice-core","msg":"API Server started at port 54801"}
{"level":20,"time":1631389480653,"pid":5895,"hostname":"fv-az36-34","name":"@waytrade/microservice-core","msg":"HTTP Server on port 54801 stopped"}
{"level":30,"time":1631389480653,"pid":5895,"hostname":"fv-az36-34","name":"@waytrade/microservice-core","msg":"App stopped."}
{"level":30,"time":1631389480654,"pid":5895,"hostname":"fv-az36-34","name":"@waytrade/microservice-core","msg":"Starting App..."}
{"level":20,"time":1631389480654,"pid":5895,"hostname":"fv-az36-34","name":"@waytrade/microservice-core","msg":"Starting HTTP Server on port 0"}
{"level":20,"time":1631389480655,"pid":5895,"hostname":"fv-az36-34","name":"@waytrade/microservice-core","msg":"HTTP Server listening on port 60627"}
{"level":30,"time":1631389480655,"pid":5895,"hostname":"fv-az36-34","name":"@waytrade/microservice-core","msg":"API Server started at port 60627"}
{"level":20,"time":1631389480655,"pid":5895,"hostname":"fv-az36-34","name":"@waytrade/microservice-core","msg":"HTTP Server on port 60627 stopped"}
{"level":30,"time":1631389480655,"pid":5895,"hostname":"fv-az36-34","name":"@waytrade/microservice-core","msg":"App stopped."}
{"level":30,"time":1631389480915,"pid":5895,"hostname":"fv-az36-34","name":"@waytrade/microservice-core","msg":"Starting App..."}
{"level":20,"time":1631389480915,"pid":5895,"hostname":"fv-az36-34","name":"@waytrade/microservice-core","msg":"Starting HTTP Server on port 0"}
{"level":20,"time":1631389480915,"pid":5895,"hostname":"fv-az36-34","name":"@waytrade/microservice-core","msg":"HTTP Server listening on port 46447"}
{"level":30,"time":1631389480915,"pid":5895,"hostname":"fv-az36-34","name":"@waytrade/microservice-core","msg":"API Server started at port 46447"}
{"level":20,"time":1631389480916,"pid":5895,"hostname":"fv-az36-34","name":"@waytrade/microservice-core","msg":"HTTP Server on port 46447 stopped"}
{"level":30,"time":1631389480916,"pid":5895,"hostname":"fv-az36-34","name":"@waytrade/microservice-core","msg":"App stopped."}
{"level":30,"time":1631389480917,"pid":5895,"hostname":"fv-az36-34","name":"@waytrade/microservice-core","msg":"Starting App..."}
{"level":20,"time":1631389480917,"pid":5895,"hostname":"fv-az36-34","name":"@waytrade/microservice-core","msg":"Starting HTTP Server on port 0"}
{"level":20,"time":1631389480918,"pid":5895,"hostname":"fv-az36-34","name":"@waytrade/microservice-core","msg":"HTTP Server listening on port 39575"}
{"level":30,"time":1631389480918,"pid":5895,"hostname":"fv-az36-34","name":"@waytrade/microservice-core","msg":"API Server started at port 39575"}
{"level":20,"time":1631389480918,"pid":5895,"hostname":"fv-az36-34","name":"@waytrade/microservice-core","msg":"HTTP Server on port 39575 stopped"}
{"level":30,"time":1631389480918,"pid":5895,"hostname":"fv-az36-34","name":"@waytrade/microservice-core","msg":"App stopped."}
{"level":30,"time":1631389480919,"pid":5895,"hostname":"fv-az36-34","name":"@waytrade/microservice-core","msg":"Starting App..."}
{"level":20,"time":1631389480919,"pid":5895,"hostname":"fv-az36-34","name":"@waytrade/microservice-core","msg":"Starting HTTP Server on port 0"}
{"level":20,"time":1631389480919,"pid":5895,"hostname":"fv-az36-34","name":"@waytrade/microservice-core","msg":"HTTP Server listening on port 41929"}
{"level":30,"time":1631389480919,"pid":5895,"hostname":"fv-az36-34","name":"@waytrade/microservice-core","msg":"API Server started at port 41929"}
{"level":20,"time":1631389480920,"pid":5895,"hostname":"fv-az36-34","name":"@waytrade/microservice-core","msg":"HTTP Server on port 41929 stopped"}
{"level":30,"time":1631389480920,"pid":5895,"hostname":"fv-az36-34","name":"@waytrade/microservice-core","msg":"App stopped."}
{"level":30,"time":1631389480921,"pid":5895,"hostname":"fv-az36-34","name":"@waytrade/microservice-core","msg":"Starting App..."}
{"level":20,"time":1631389480921,"pid":5895,"hostname":"fv-az36-34","name":"@waytrade/microservice-core","msg":"Starting HTTP Server on port 0"}
{"level":20,"time":1631389480921,"pid":5895,"hostname":"fv-az36-34","name":"@waytrade/microservice-core","msg":"HTTP Server listening on port 57781"}
{"level":30,"time":1631389480921,"pid":5895,"hostname":"fv-az36-34","name":"@waytrade/microservice-core","msg":"API Server started at port 57781"}
{"level":20,"time":1631389480922,"pid":5895,"hostname":"fv-az36-34","name":"@waytrade/microservice-core","msg":"HTTP Server on port 57781 stopped"}
{"level":30,"time":1631389480922,"pid":5895,"hostname":"fv-az36-34","name":"@waytrade/microservice-core","msg":"App stopped."}
{"level":30,"time":1631389481403,"pid":5895,"hostname":"fv-az36-34","name":"@waytrade/microservice-core","msg":"Starting App..."}
{"level":20,"time":1631389481403,"pid":5895,"hostname":"fv-az36-34","name":"@waytrade/microservice-core","msg":"Starting HTTP Server on port 0"}
{"level":20,"time":1631389481404,"pid":5895,"hostname":"fv-az36-34","name":"@waytrade/microservice-core","msg":"HTTP Server listening on port 50149"}
{"level":30,"time":1631389481404,"pid":5895,"hostname":"fv-az36-34","name":"@waytrade/microservice-core","msg":"API Server started at port 50149"}
{"level":20,"time":1631389481404,"pid":5895,"hostname":"fv-az36-34","name":"@waytrade/microservice-core","msg":"HTTP Server on port 50149 stopped"}
{"level":30,"time":1631389481405,"pid":5895,"hostname":"fv-az36-34","name":"@waytrade/microservice-core","msg":"App stopped."}
{"level":30,"time":1631389481406,"pid":5895,"hostname":"fv-az36-34","name":"@waytrade/microservice-core","msg":"Starting App..."}
{"level":20,"time":1631389481406,"pid":5895,"hostname":"fv-az36-34","name":"@waytrade/microservice-core","msg":"Starting HTTP Server on port 0"}
{"level":20,"time":1631389481406,"pid":5895,"hostname":"fv-az36-34","name":"@waytrade/microservice-core","msg":"HTTP Server listening on port 43763"}
{"level":50,"time":1631389481407,"pid":5895,"hostname":"fv-az36-34","name":"@waytrade/microservice-core","msg":"App start failed: Controller booth failed"}
{"level":20,"time":1631389481407,"pid":5895,"hostname":"fv-az36-34","name":"@waytrade/microservice-core","msg":"HTTP Server on port 43763 stopped"}
{"level":30,"time":1631389481407,"pid":5895,"hostname":"fv-az36-34","name":"@waytrade/microservice-core","msg":"App stopped."}
{"level":30,"time":1631389481408,"pid":5895,"hostname":"fv-az36-34","name":"@waytrade/microservice-core","msg":"Starting App..."}
{"level":20,"time":1631389481408,"pid":5895,"hostname":"fv-az36-34","name":"@waytrade/microservice-core","msg":"Starting HTTP Server on port 0"}
{"level":20,"time":1631389481408,"pid":5895,"hostname":"fv-az36-34","name":"@waytrade/microservice-core","msg":"HTTP Server listening on port 55899"}
{"level":50,"time":1631389481408,"pid":5895,"hostname":"fv-az36-34","name":"@waytrade/microservice-core","msg":"App start failed: Controller booth failed"}
{"level":20,"time":1631389481408,"pid":5895,"hostname":"fv-az36-34","name":"@waytrade/microservice-core","msg":"HTTP Server on port 55899 stopped"}
{"level":30,"time":1631389481409,"pid":5895,"hostname":"fv-az36-34","name":"@waytrade/microservice-core","msg":"App stopped."}
{"level":30,"time":1631389481658,"pid":5895,"hostname":"fv-az36-34","name":"@waytrade/microservice-core","msg":"Starting App..."}
{"level":20,"time":1631389481659,"pid":5895,"hostname":"fv-az36-34","name":"@waytrade/microservice-core","msg":"Starting HTTP Server on port 0"}
{"level":20,"time":1631389481659,"pid":5895,"hostname":"fv-az36-34","name":"@waytrade/microservice-core","msg":"HTTP Server listening on port 56173"}
{"level":20,"time":1631389481659,"pid":5895,"hostname":"fv-az36-34","name":"@waytrade/microservice-core","msg":"Starting HTTP Server on port 0"}
{"level":20,"time":1631389481659,"pid":5895,"hostname":"fv-az36-34","name":"@waytrade/microservice-core","msg":"HTTP Server listening on port 51311"}
{"level":30,"time":1631389481659,"pid":5895,"hostname":"fv-az36-34","name":"@waytrade/microservice-core","msg":"API Server started at port 56173"}
{"level":30,"time":1631389481659,"pid":5895,"hostname":"fv-az36-34","name":"@waytrade/microservice-core","msg":"Webhook Callback Server started at port 51311"}
{"level":20,"time":1631389481661,"pid":5895,"hostname":"fv-az36-34","name":"@waytrade/microservice-core","msg":"HTTP Server on port 56173 stopped"}
{"level":20,"time":1631389481661,"pid":5895,"hostname":"fv-az36-34","name":"@waytrade/microservice-core","msg":"HTTP Server on port 51311 stopped"}
{"level":30,"time":1631389481661,"pid":5895,"hostname":"fv-az36-34","name":"@waytrade/microservice-core","msg":"App stopped."}
{"level":20,"time":1631389481910,"pid":5895,"hostname":"fv-az36-34","name":"@waytrade/microservice-core","msg":"Starting HTTP Server on port 0"}
{"level":20,"time":1631389481910,"pid":5895,"hostname":"fv-az36-34","name":"@waytrade/microservice-core","msg":"HTTP Server listening on port 53665"}
{"level":20,"time":1631389481913,"pid":5895,"hostname":"fv-az36-34","name":"@waytrade/microservice-core","msg":"HTTP get /api/dummy/ -> 200 (0ms)"}
{"level":20,"time":1631389481914,"pid":5895,"hostname":"fv-az36-34","name":"@waytrade/microservice-core","msg":"HTTP Server on port 53665 stopped"}
{"level":30,"time":1631389482155,"pid":5895,"hostname":"fv-az36-34","name":"@waytrade/microservice-core","msg":"Starting App..."}
{"level":20,"time":1631389482155,"pid":5895,"hostname":"fv-az36-34","name":"@waytrade/microservice-core","msg":"Starting HTTP Server on port 0"}
{"level":20,"time":1631389482155,"pid":5895,"hostname":"fv-az36-34","name":"@waytrade/microservice-core","msg":"HTTP Server listening on port 43711"}
{"level":30,"time":1631389482155,"pid":5895,"hostname":"fv-az36-34","name":"@waytrade/microservice-core","msg":"API Server started at port 43711"}
{"level":20,"time":1631389482166,"pid":5895,"hostname":"fv-az36-34","name":"@waytrade/microservice-core","msg":"HTTP get /openapi.json -> 200 (0ms)"}
{"level":20,"time":1631389482168,"pid":5895,"hostname":"fv-az36-34","name":"@waytrade/microservice-core","msg":"HTTP Server on port 43711 stopped"}
{"level":30,"time":1631389482168,"pid":5895,"hostname":"fv-az36-34","name":"@waytrade/microservice-core","msg":"App stopped."}
