{"level":20,"time":1629754828068,"pid":5903,"hostname":"fv-az39-461","name":"@waytrade/microservice-core","msg":"Starting HTTP Server on port 0"}
{"level":20,"time":1629754828069,"pid":5903,"hostname":"fv-az39-461","name":"@waytrade/microservice-core","msg":"HTTP Server listening on port 53391"}
{"level":20,"time":1629754828093,"pid":5903,"hostname":"fv-az39-461","name":"@waytrade/microservice-core","msg":"HTTP get /openapi.json -> 200 (4ms)"}
{"level":20,"time":1629754828096,"pid":5903,"hostname":"fv-az39-461","name":"@waytrade/microservice-core","msg":"HTTP Server on port 53391 stopped"}
{"level":20,"time":1629754828097,"pid":5903,"hostname":"fv-az39-461","name":"@waytrade/microservice-core","msg":"Starting HTTP Server on port 0"}
{"level":20,"time":1629754828098,"pid":5903,"hostname":"fv-az39-461","name":"@waytrade/microservice-core","msg":"HTTP Server listening on port 37401"}
{"level":20,"time":1629754828100,"pid":5903,"hostname":"fv-az39-461","name":"@waytrade/microservice-core","msg":"HTTP get /openapi.json -> 200 (0ms)"}
{"level":20,"time":1629754828119,"pid":5903,"hostname":"fv-az39-461","name":"@waytrade/microservice-core","msg":"HTTP Server on port 37401 stopped"}
{"level":20,"time":1629754828120,"pid":5903,"hostname":"fv-az39-461","name":"@waytrade/microservice-core","msg":"Starting HTTP Server on port 0"}
{"level":20,"time":1629754828120,"pid":5903,"hostname":"fv-az39-461","name":"@waytrade/microservice-core","msg":"HTTP Server listening on port 53905"}
{"level":20,"time":1629754828122,"pid":5903,"hostname":"fv-az39-461","name":"@waytrade/microservice-core","msg":"Starting HTTP Server on port 0"}
{"level":20,"time":1629754828122,"pid":5903,"hostname":"fv-az39-461","name":"@waytrade/microservice-core","msg":"HTTP Server listening on port 35855"}
{"level":20,"time":1629754828124,"pid":5903,"hostname":"fv-az39-461","name":"@waytrade/microservice-core","msg":"HTTP get /openapi.json -> 200 (1ms)"}
{"level":20,"time":1629754828124,"pid":5903,"hostname":"fv-az39-461","name":"@waytrade/microservice-core","msg":"HTTP get / -> 200 (0ms)"}
{"level":20,"time":1629754828129,"pid":5903,"hostname":"fv-az39-461","name":"@waytrade/microservice-core","msg":"HTTP Server on port 53905 stopped"}
{"level":20,"time":1629754828130,"pid":5903,"hostname":"fv-az39-461","name":"@waytrade/microservice-core","msg":"HTTP Server on port 35855 stopped"}
{"level":20,"time":1629754828131,"pid":5903,"hostname":"fv-az39-461","name":"@waytrade/microservice-core","msg":"Starting HTTP Server on port 0"}
{"level":20,"time":1629754828131,"pid":5903,"hostname":"fv-az39-461","name":"@waytrade/microservice-core","msg":"HTTP Server listening on port 46349"}
{"level":20,"time":1629754828134,"pid":5903,"hostname":"fv-az39-461","name":"@waytrade/microservice-core","msg":"HTTP get /swagger-ui.css -> 200 (2ms)"}
{"level":20,"time":1629754828135,"pid":5903,"hostname":"fv-az39-461","name":"@waytrade/microservice-core","msg":"HTTP Server on port 46349 stopped"}
{"level":20,"time":1629754828135,"pid":5903,"hostname":"fv-az39-461","name":"@waytrade/microservice-core","msg":"Starting HTTP Server on port 0"}
{"level":20,"time":1629754828136,"pid":5903,"hostname":"fv-az39-461","name":"@waytrade/microservice-core","msg":"HTTP Server listening on port 55401"}
{"level":20,"time":1629754828145,"pid":5903,"hostname":"fv-az39-461","name":"@waytrade/microservice-core","msg":"HTTP get /swagger-ui-bundle.js -> 200 (8ms)"}
{"level":20,"time":1629754828149,"pid":5903,"hostname":"fv-az39-461","name":"@waytrade/microservice-core","msg":"HTTP Server on port 55401 stopped"}
{"level":20,"time":1629754828150,"pid":5903,"hostname":"fv-az39-461","name":"@waytrade/microservice-core","msg":"Starting HTTP Server on port 0"}
{"level":20,"time":1629754828150,"pid":5903,"hostname":"fv-az39-461","name":"@waytrade/microservice-core","msg":"HTTP Server listening on port 52475"}
{"level":20,"time":1629754828154,"pid":5903,"hostname":"fv-az39-461","name":"@waytrade/microservice-core","msg":"HTTP get /swagger-ui-standalone-preset.js -> 200 (3ms)"}
{"level":20,"time":1629754828156,"pid":5903,"hostname":"fv-az39-461","name":"@waytrade/microservice-core","msg":"HTTP Server on port 52475 stopped"}
{"level":20,"time":1629754828649,"pid":5903,"hostname":"fv-az39-461","name":"@waytrade/microservice-core","msg":"Starting HTTP Server on port 0"}
{"level":20,"time":1629754828650,"pid":5903,"hostname":"fv-az39-461","name":"@waytrade/microservice-core","msg":"HTTP Server listening on port 58269"}
{"level":20,"time":1629754828685,"pid":5903,"hostname":"fv-az39-461","name":"@waytrade/microservice-core","msg":"HTTP Server on port 58269 stopped"}
{"level":20,"time":1629754828685,"pid":5903,"hostname":"fv-az39-461","name":"@waytrade/microservice-core","msg":"Starting HTTP Server on port 0"}
{"level":20,"time":1629754828685,"pid":5903,"hostname":"fv-az39-461","name":"@waytrade/microservice-core","msg":"HTTP Server listening on port 39727"}
{"level":20,"time":1629754828689,"pid":5903,"hostname":"fv-az39-461","name":"@waytrade/microservice-core","msg":"HTTP Server on port 39727 stopped"}
{"level":20,"time":1629754828689,"pid":5903,"hostname":"fv-az39-461","name":"@waytrade/microservice-core","msg":"Starting HTTP Server on port 0"}
{"level":20,"time":1629754828689,"pid":5903,"hostname":"fv-az39-461","name":"@waytrade/microservice-core","msg":"HTTP Server listening on port 35829"}
{"level":20,"time":1629754828696,"pid":5903,"hostname":"fv-az39-461","name":"@waytrade/microservice-core","msg":"HTTP Server on port 35829 stopped"}
{"level":20,"time":1629754828697,"pid":5903,"hostname":"fv-az39-461","name":"@waytrade/microservice-core","msg":"Starting HTTP Server on port 0"}
{"level":20,"time":1629754828697,"pid":5903,"hostname":"fv-az39-461","name":"@waytrade/microservice-core","msg":"HTTP Server listening on port 58931"}
{"level":20,"time":1629754838701,"pid":5903,"hostname":"fv-az39-461","name":"@waytrade/microservice-core","msg":"HTTP Server on port 58931 stopped"}
{"level":20,"time":1629754838702,"pid":5903,"hostname":"fv-az39-461","name":"@waytrade/microservice-core","msg":"Starting HTTP Server on port 0"}
{"level":20,"time":1629754838702,"pid":5903,"hostname":"fv-az39-461","name":"@waytrade/microservice-core","msg":"HTTP Server listening on port 45375"}
{"level":20,"time":1629754838704,"pid":5903,"hostname":"fv-az39-461","name":"@waytrade/microservice-core","msg":"HTTP Server on port 45375 stopped"}
{"level":20,"time":1629754838707,"pid":5903,"hostname":"fv-az39-461","name":"@waytrade/microservice-core","msg":"Starting HTTP Server on port 0"}
{"level":20,"time":1629754838707,"pid":5903,"hostname":"fv-az39-461","name":"@waytrade/microservice-core","msg":"HTTP Server listening on port 57453"}
{"level":20,"time":1629754838715,"pid":5903,"hostname":"fv-az39-461","name":"@waytrade/microservice-core","msg":"HTTP Server on port 57453 stopped"}
{"level":20,"time":1629754840717,"pid":5903,"hostname":"fv-az39-461","name":"@waytrade/microservice-core","msg":"Starting HTTP Server on port 0"}
{"level":20,"time":1629754840717,"pid":5903,"hostname":"fv-az39-461","name":"@waytrade/microservice-core","msg":"HTTP Server listening on port 33795"}
{"level":20,"time":1629754840722,"pid":5903,"hostname":"fv-az39-461","name":"@waytrade/microservice-core","msg":"HTTP Server on port 33795 stopped"}
{"level":20,"time":1629754840724,"pid":5903,"hostname":"fv-az39-461","name":"@waytrade/microservice-core","msg":"Starting HTTP Server on port 0"}
{"level":20,"time":1629754840724,"pid":5903,"hostname":"fv-az39-461","name":"@waytrade/microservice-core","msg":"HTTP Server listening on port 60641"}
{"level":20,"time":1629754840732,"pid":5903,"hostname":"fv-az39-461","name":"@waytrade/microservice-core","msg":"HTTP Server on port 60641 stopped"}
{"level":20,"time":1629754840733,"pid":5903,"hostname":"fv-az39-461","name":"@waytrade/microservice-core","msg":"Starting HTTP Server on port 0"}
{"level":20,"time":1629754840734,"pid":5903,"hostname":"fv-az39-461","name":"@waytrade/microservice-core","msg":"HTTP Server listening on port 50505"}
{"level":20,"time":1629754840752,"pid":5903,"hostname":"fv-az39-461","name":"@waytrade/microservice-core","msg":"HTTP Server on port 50505 stopped"}
{"level":20,"time":1629754840754,"pid":5903,"hostname":"fv-az39-461","name":"@waytrade/microservice-core","msg":"Starting HTTP Server on port 0"}
{"level":20,"time":1629754840754,"pid":5903,"hostname":"fv-az39-461","name":"@waytrade/microservice-core","msg":"HTTP Server listening on port 55029"}
{"level":20,"time":1629754842760,"pid":5903,"hostname":"fv-az39-461","name":"@waytrade/microservice-core","msg":"HTTP Server on port 55029 stopped"}
{"level":20,"time":1629754842761,"pid":5903,"hostname":"fv-az39-461","name":"@waytrade/microservice-core","msg":"Starting HTTP Server on port 0"}
{"level":20,"time":1629754842761,"pid":5903,"hostname":"fv-az39-461","name":"@waytrade/microservice-core","msg":"HTTP Server listening on port 34251"}
{"level":20,"time":1629754842765,"pid":5903,"hostname":"fv-az39-461","name":"@waytrade/microservice-core","msg":"HTTP Server on port 34251 stopped"}
{"level":20,"time":1629754842765,"pid":5903,"hostname":"fv-az39-461","name":"@waytrade/microservice-core","msg":"Starting HTTP Server on port 0"}
{"level":20,"time":1629754842766,"pid":5903,"hostname":"fv-az39-461","name":"@waytrade/microservice-core","msg":"HTTP Server listening on port 38733"}
{"level":20,"time":1629754842768,"pid":5903,"hostname":"fv-az39-461","name":"@waytrade/microservice-core","msg":"HTTP Server on port 38733 stopped"}
{"level":20,"time":1629754842768,"pid":5903,"hostname":"fv-az39-461","name":"@waytrade/microservice-core","msg":"Starting HTTP Server on port 0"}
{"level":20,"time":1629754842768,"pid":5903,"hostname":"fv-az39-461","name":"@waytrade/microservice-core","msg":"HTTP Server listening on port 46985"}
{"level":20,"time":1629754842770,"pid":5903,"hostname":"fv-az39-461","name":"@waytrade/microservice-core","msg":"HTTP Server on port 46985 stopped"}
{"level":20,"time":1629754844770,"pid":5903,"hostname":"fv-az39-461","name":"@waytrade/microservice-core","msg":"Starting HTTP Server on port 0"}
{"level":20,"time":1629754844770,"pid":5903,"hostname":"fv-az39-461","name":"@waytrade/microservice-core","msg":"HTTP Server listening on port 58325"}
{"level":20,"time":1629754844773,"pid":5903,"hostname":"fv-az39-461","name":"@waytrade/microservice-core","msg":"HTTP Server on port 58325 stopped"}
{"level":30,"time":1629754845680,"pid":5903,"hostname":"fv-az39-461","name":"@waytrade/microservice-core","msg":"Starting App..."}
{"level":20,"time":1629754845680,"pid":5903,"hostname":"fv-az39-461","name":"@waytrade/microservice-core","msg":"Starting HTTP Server on port 0"}
{"level":20,"time":1629754845680,"pid":5903,"hostname":"fv-az39-461","name":"@waytrade/microservice-core","msg":"HTTP Server listening on port 60479"}
{"level":20,"time":1629754845680,"pid":5903,"hostname":"fv-az39-461","name":"@waytrade/microservice-core","msg":"Starting HTTP Server on port 0"}
{"level":20,"time":1629754845680,"pid":5903,"hostname":"fv-az39-461","name":"@waytrade/microservice-core","msg":"HTTP Server listening on port 44595"}
{"level":30,"time":1629754845681,"pid":5903,"hostname":"fv-az39-461","name":"@waytrade/microservice-core","msg":"API Server started at port 60479"}
{"level":30,"time":1629754845681,"pid":5903,"hostname":"fv-az39-461","name":"@waytrade/microservice-core","msg":"Webhook Callback Server started at port 44595"}
{"level":20,"time":1629754845686,"pid":5903,"hostname":"fv-az39-461","name":"@waytrade/microservice-core","msg":"HTTP post /subscribe -> 400 (1ms)"}
{"level":20,"time":1629754845687,"pid":5903,"hostname":"fv-az39-461","name":"@waytrade/microservice-core","msg":"HTTP Server on port 60479 stopped"}
{"level":20,"time":1629754845687,"pid":5903,"hostname":"fv-az39-461","name":"@waytrade/microservice-core","msg":"HTTP Server on port 44595 stopped"}
{"level":30,"time":1629754845687,"pid":5903,"hostname":"fv-az39-461","name":"@waytrade/microservice-core","msg":"App stopped."}
{"level":30,"time":1629754845689,"pid":5903,"hostname":"fv-az39-461","name":"@waytrade/microservice-core","msg":"Starting App..."}
{"level":20,"time":1629754845689,"pid":5903,"hostname":"fv-az39-461","name":"@waytrade/microservice-core","msg":"Starting HTTP Server on port 0"}
{"level":20,"time":1629754845689,"pid":5903,"hostname":"fv-az39-461","name":"@waytrade/microservice-core","msg":"HTTP Server listening on port 44597"}
{"level":20,"time":1629754845689,"pid":5903,"hostname":"fv-az39-461","name":"@waytrade/microservice-core","msg":"Starting HTTP Server on port 0"}
{"level":20,"time":1629754845689,"pid":5903,"hostname":"fv-az39-461","name":"@waytrade/microservice-core","msg":"HTTP Server listening on port 40191"}
{"level":30,"time":1629754845689,"pid":5903,"hostname":"fv-az39-461","name":"@waytrade/microservice-core","msg":"API Server started at port 44597"}
{"level":30,"time":1629754845689,"pid":5903,"hostname":"fv-az39-461","name":"@waytrade/microservice-core","msg":"Webhook Callback Server started at port 40191"}
{"level":20,"time":1629754845692,"pid":5903,"hostname":"fv-az39-461","name":"@waytrade/microservice-core","msg":"HTTP post /subscribe -> 201 (1ms)"}
{"level":20,"time":1629754845694,"pid":5903,"hostname":"fv-az39-461","name":"@waytrade/microservice-core","msg":"HTTP post /subscribe -> 204 (0ms)"}
{"level":20,"time":1629754845695,"pid":5903,"hostname":"fv-az39-461","name":"@waytrade/microservice-core","msg":"HTTP Server on port 44597 stopped"}
{"level":20,"time":1629754845695,"pid":5903,"hostname":"fv-az39-461","name":"@waytrade/microservice-core","msg":"HTTP Server on port 40191 stopped"}
{"level":30,"time":1629754845695,"pid":5903,"hostname":"fv-az39-461","name":"@waytrade/microservice-core","msg":"App stopped."}
{"level":30,"time":1629754845696,"pid":5903,"hostname":"fv-az39-461","name":"@waytrade/microservice-core","msg":"Starting App..."}
{"level":20,"time":1629754845697,"pid":5903,"hostname":"fv-az39-461","name":"@waytrade/microservice-core","msg":"Starting HTTP Server on port 0"}
{"level":20,"time":1629754845697,"pid":5903,"hostname":"fv-az39-461","name":"@waytrade/microservice-core","msg":"HTTP Server listening on port 54235"}
{"level":20,"time":1629754845697,"pid":5903,"hostname":"fv-az39-461","name":"@waytrade/microservice-core","msg":"Starting HTTP Server on port 0"}
{"level":20,"time":1629754845697,"pid":5903,"hostname":"fv-az39-461","name":"@waytrade/microservice-core","msg":"HTTP Server listening on port 50239"}
{"level":30,"time":1629754845697,"pid":5903,"hostname":"fv-az39-461","name":"@waytrade/microservice-core","msg":"API Server started at port 54235"}
{"level":30,"time":1629754845697,"pid":5903,"hostname":"fv-az39-461","name":"@waytrade/microservice-core","msg":"Webhook Callback Server started at port 50239"}
{"level":20,"time":1629754845699,"pid":5903,"hostname":"fv-az39-461","name":"@waytrade/microservice-core","msg":"HTTP post /subscribe -> 201 (0ms)"}
{"level":20,"time":1629754845701,"pid":5903,"hostname":"fv-az39-461","name":"@waytrade/microservice-core","msg":"HTTP post /subscribe -> 201 (0ms)"}
{"level":20,"time":1629754845702,"pid":5903,"hostname":"fv-az39-461","name":"@waytrade/microservice-core","msg":"HTTP Server on port 54235 stopped"}
{"level":20,"time":1629754845702,"pid":5903,"hostname":"fv-az39-461","name":"@waytrade/microservice-core","msg":"HTTP Server on port 50239 stopped"}
{"level":30,"time":1629754845702,"pid":5903,"hostname":"fv-az39-461","name":"@waytrade/microservice-core","msg":"App stopped."}
{"level":30,"time":1629754845703,"pid":5903,"hostname":"fv-az39-461","name":"@waytrade/microservice-core","msg":"Starting App..."}
{"level":20,"time":1629754845704,"pid":5903,"hostname":"fv-az39-461","name":"@waytrade/microservice-core","msg":"Starting HTTP Server on port 0"}
{"level":20,"time":1629754845704,"pid":5903,"hostname":"fv-az39-461","name":"@waytrade/microservice-core","msg":"HTTP Server listening on port 50645"}
{"level":20,"time":1629754845704,"pid":5903,"hostname":"fv-az39-461","name":"@waytrade/microservice-core","msg":"Starting HTTP Server on port 0"}
{"level":20,"time":1629754845704,"pid":5903,"hostname":"fv-az39-461","name":"@waytrade/microservice-core","msg":"HTTP Server listening on port 40459"}
{"level":30,"time":1629754845704,"pid":5903,"hostname":"fv-az39-461","name":"@waytrade/microservice-core","msg":"API Server started at port 50645"}
{"level":30,"time":1629754845704,"pid":5903,"hostname":"fv-az39-461","name":"@waytrade/microservice-core","msg":"Webhook Callback Server started at port 40459"}
{"level":20,"time":1629754845706,"pid":5903,"hostname":"fv-az39-461","name":"@waytrade/microservice-core","msg":"HTTP post /subscribe -> 201 (0ms)"}
{"level":20,"time":1629754845708,"pid":5903,"hostname":"fv-az39-461","name":"@waytrade/microservice-core","msg":"HTTP post /unsubscribe -> 200 (0ms)"}
{"level":20,"time":1629754845709,"pid":5903,"hostname":"fv-az39-461","name":"@waytrade/microservice-core","msg":"HTTP Server on port 50645 stopped"}
{"level":20,"time":1629754845709,"pid":5903,"hostname":"fv-az39-461","name":"@waytrade/microservice-core","msg":"HTTP Server on port 40459 stopped"}
{"level":30,"time":1629754845709,"pid":5903,"hostname":"fv-az39-461","name":"@waytrade/microservice-core","msg":"App stopped."}
{"level":30,"time":1629754845710,"pid":5903,"hostname":"fv-az39-461","name":"@waytrade/microservice-core","msg":"Starting App..."}
{"level":20,"time":1629754845710,"pid":5903,"hostname":"fv-az39-461","name":"@waytrade/microservice-core","msg":"Starting HTTP Server on port 0"}
{"level":20,"time":1629754845710,"pid":5903,"hostname":"fv-az39-461","name":"@waytrade/microservice-core","msg":"HTTP Server listening on port 48589"}
{"level":20,"time":1629754845710,"pid":5903,"hostname":"fv-az39-461","name":"@waytrade/microservice-core","msg":"Starting HTTP Server on port 0"}
{"level":20,"time":1629754845710,"pid":5903,"hostname":"fv-az39-461","name":"@waytrade/microservice-core","msg":"HTTP Server listening on port 48229"}
{"level":30,"time":1629754845710,"pid":5903,"hostname":"fv-az39-461","name":"@waytrade/microservice-core","msg":"API Server started at port 48589"}
{"level":30,"time":1629754845710,"pid":5903,"hostname":"fv-az39-461","name":"@waytrade/microservice-core","msg":"Webhook Callback Server started at port 48229"}
{"level":20,"time":1629754845712,"pid":5903,"hostname":"fv-az39-461","name":"@waytrade/microservice-core","msg":"HTTP post /unsubscribe -> 400 (0ms)"}
{"level":20,"time":1629754845713,"pid":5903,"hostname":"fv-az39-461","name":"@waytrade/microservice-core","msg":"HTTP Server on port 48589 stopped"}
{"level":20,"time":1629754845713,"pid":5903,"hostname":"fv-az39-461","name":"@waytrade/microservice-core","msg":"HTTP Server on port 48229 stopped"}
{"level":30,"time":1629754845713,"pid":5903,"hostname":"fv-az39-461","name":"@waytrade/microservice-core","msg":"App stopped."}
{"level":30,"time":1629754845714,"pid":5903,"hostname":"fv-az39-461","name":"@waytrade/microservice-core","msg":"Starting App..."}
{"level":20,"time":1629754845714,"pid":5903,"hostname":"fv-az39-461","name":"@waytrade/microservice-core","msg":"Starting HTTP Server on port 0"}
{"level":20,"time":1629754845715,"pid":5903,"hostname":"fv-az39-461","name":"@waytrade/microservice-core","msg":"HTTP Server listening on port 58151"}
{"level":20,"time":1629754845715,"pid":5903,"hostname":"fv-az39-461","name":"@waytrade/microservice-core","msg":"Starting HTTP Server on port 0"}
{"level":20,"time":1629754845715,"pid":5903,"hostname":"fv-az39-461","name":"@waytrade/microservice-core","msg":"HTTP Server listening on port 55711"}
{"level":30,"time":1629754845715,"pid":5903,"hostname":"fv-az39-461","name":"@waytrade/microservice-core","msg":"API Server started at port 58151"}
{"level":30,"time":1629754845715,"pid":5903,"hostname":"fv-az39-461","name":"@waytrade/microservice-core","msg":"Webhook Callback Server started at port 55711"}
{"level":20,"time":1629754845716,"pid":5903,"hostname":"fv-az39-461","name":"@waytrade/microservice-core","msg":"HTTP post /unsubscribe -> 404 (0ms)"}
{"level":20,"time":1629754845717,"pid":5903,"hostname":"fv-az39-461","name":"@waytrade/microservice-core","msg":"HTTP Server on port 58151 stopped"}
{"level":20,"time":1629754845717,"pid":5903,"hostname":"fv-az39-461","name":"@waytrade/microservice-core","msg":"HTTP Server on port 55711 stopped"}
{"level":30,"time":1629754845717,"pid":5903,"hostname":"fv-az39-461","name":"@waytrade/microservice-core","msg":"App stopped."}
{"level":30,"time":1629754845719,"pid":5903,"hostname":"fv-az39-461","name":"@waytrade/microservice-core","msg":"Starting App..."}
{"level":20,"time":1629754845719,"pid":5903,"hostname":"fv-az39-461","name":"@waytrade/microservice-core","msg":"Starting HTTP Server on port 0"}
{"level":20,"time":1629754845719,"pid":5903,"hostname":"fv-az39-461","name":"@waytrade/microservice-core","msg":"HTTP Server listening on port 36805"}
{"level":20,"time":1629754845719,"pid":5903,"hostname":"fv-az39-461","name":"@waytrade/microservice-core","msg":"Starting HTTP Server on port 0"}
{"level":20,"time":1629754845719,"pid":5903,"hostname":"fv-az39-461","name":"@waytrade/microservice-core","msg":"HTTP Server listening on port 56809"}
{"level":30,"time":1629754845719,"pid":5903,"hostname":"fv-az39-461","name":"@waytrade/microservice-core","msg":"API Server started at port 36805"}
{"level":30,"time":1629754845719,"pid":5903,"hostname":"fv-az39-461","name":"@waytrade/microservice-core","msg":"Webhook Callback Server started at port 56809"}
{"level":20,"time":1629754845721,"pid":5903,"hostname":"fv-az39-461","name":"@waytrade/microservice-core","msg":"HTTP post /subscribe -> 201 (0ms)"}
{"level":20,"time":1629754845726,"pid":5903,"hostname":"fv-az39-461","name":"@waytrade/microservice-core","msg":"HTTP Server on port 36805 stopped"}
{"level":20,"time":1629754845726,"pid":5903,"hostname":"fv-az39-461","name":"@waytrade/microservice-core","msg":"HTTP Server on port 56809 stopped"}
{"level":30,"time":1629754845726,"pid":5903,"hostname":"fv-az39-461","name":"@waytrade/microservice-core","msg":"App stopped."}
{"level":20,"time":1629754845726,"pid":5903,"hostname":"fv-az39-461","name":"@waytrade/microservice-core","msg":"HTTP post /callback -> 200 (1ms)"}
{"level":30,"time":1629754845727,"pid":5903,"hostname":"fv-az39-461","name":"@waytrade/microservice-core","msg":"Starting App..."}
{"level":20,"time":1629754845727,"pid":5903,"hostname":"fv-az39-461","name":"@waytrade/microservice-core","msg":"Starting HTTP Server on port 0"}
{"level":20,"time":1629754845728,"pid":5903,"hostname":"fv-az39-461","name":"@waytrade/microservice-core","msg":"HTTP Server listening on port 37141"}
{"level":20,"time":1629754845728,"pid":5903,"hostname":"fv-az39-461","name":"@waytrade/microservice-core","msg":"Starting HTTP Server on port 0"}
{"level":20,"time":1629754845728,"pid":5903,"hostname":"fv-az39-461","name":"@waytrade/microservice-core","msg":"HTTP Server listening on port 34091"}
{"level":30,"time":1629754845728,"pid":5903,"hostname":"fv-az39-461","name":"@waytrade/microservice-core","msg":"API Server started at port 37141"}
{"level":30,"time":1629754845728,"pid":5903,"hostname":"fv-az39-461","name":"@waytrade/microservice-core","msg":"Webhook Callback Server started at port 34091"}
{"level":20,"time":1629754845730,"pid":5903,"hostname":"fv-az39-461","name":"@waytrade/microservice-core","msg":"HTTP post /subscribe -> 201 (0ms)"}
{"level":20,"time":1629754845733,"pid":5903,"hostname":"fv-az39-461","name":"@waytrade/microservice-core","msg":"HTTP Server on port 37141 stopped"}
{"level":20,"time":1629754845733,"pid":5903,"hostname":"fv-az39-461","name":"@waytrade/microservice-core","msg":"HTTP Server on port 34091 stopped"}
{"level":30,"time":1629754845733,"pid":5903,"hostname":"fv-az39-461","name":"@waytrade/microservice-core","msg":"App stopped."}
{"level":20,"time":1629754845733,"pid":5903,"hostname":"fv-az39-461","name":"@waytrade/microservice-core","msg":"HTTP post /callback -> 200 (0ms)"}
{"level":30,"time":1629754845735,"pid":5903,"hostname":"fv-az39-461","name":"@waytrade/microservice-core","msg":"Starting App..."}
{"level":20,"time":1629754845735,"pid":5903,"hostname":"fv-az39-461","name":"@waytrade/microservice-core","msg":"Starting HTTP Server on port 0"}
{"level":20,"time":1629754845735,"pid":5903,"hostname":"fv-az39-461","name":"@waytrade/microservice-core","msg":"HTTP Server listening on port 43769"}
{"level":20,"time":1629754845735,"pid":5903,"hostname":"fv-az39-461","name":"@waytrade/microservice-core","msg":"Starting HTTP Server on port 0"}
{"level":20,"time":1629754845735,"pid":5903,"hostname":"fv-az39-461","name":"@waytrade/microservice-core","msg":"HTTP Server listening on port 34295"}
{"level":30,"time":1629754845735,"pid":5903,"hostname":"fv-az39-461","name":"@waytrade/microservice-core","msg":"API Server started at port 43769"}
{"level":30,"time":1629754845735,"pid":5903,"hostname":"fv-az39-461","name":"@waytrade/microservice-core","msg":"Webhook Callback Server started at port 34295"}
{"level":20,"time":1629754845737,"pid":5903,"hostname":"fv-az39-461","name":"@waytrade/microservice-core","msg":"HTTP post /subscribe -> 201 (0ms)"}
{"level":20,"time":1629754845741,"pid":5903,"hostname":"fv-az39-461","name":"@waytrade/microservice-core","msg":"HTTP post /callback -> 418 (1ms)"}
{"level":20,"time":1629754845742,"pid":5903,"hostname":"fv-az39-461","name":"@waytrade/microservice-core","msg":"HTTP post /subscribe -> 201 (0ms)"}
{"level":20,"time":1629754845743,"pid":5903,"hostname":"fv-az39-461","name":"@waytrade/microservice-core","msg":"HTTP Server on port 43769 stopped"}
{"level":20,"time":1629754845743,"pid":5903,"hostname":"fv-az39-461","name":"@waytrade/microservice-core","msg":"HTTP Server on port 34295 stopped"}
{"level":30,"time":1629754845743,"pid":5903,"hostname":"fv-az39-461","name":"@waytrade/microservice-core","msg":"App stopped."}
{"level":30,"time":1629754845744,"pid":5903,"hostname":"fv-az39-461","name":"@waytrade/microservice-core","msg":"Starting App..."}
{"level":20,"time":1629754845744,"pid":5903,"hostname":"fv-az39-461","name":"@waytrade/microservice-core","msg":"Starting HTTP Server on port 0"}
{"level":20,"time":1629754845744,"pid":5903,"hostname":"fv-az39-461","name":"@waytrade/microservice-core","msg":"HTTP Server listening on port 36195"}
{"level":20,"time":1629754845745,"pid":5903,"hostname":"fv-az39-461","name":"@waytrade/microservice-core","msg":"Starting HTTP Server on port 0"}
{"level":20,"time":1629754845745,"pid":5903,"hostname":"fv-az39-461","name":"@waytrade/microservice-core","msg":"HTTP Server listening on port 48983"}
{"level":30,"time":1629754845745,"pid":5903,"hostname":"fv-az39-461","name":"@waytrade/microservice-core","msg":"API Server started at port 36195"}
{"level":30,"time":1629754845745,"pid":5903,"hostname":"fv-az39-461","name":"@waytrade/microservice-core","msg":"Webhook Callback Server started at port 48983"}
{"level":20,"time":1629754845746,"pid":5903,"hostname":"fv-az39-461","name":"@waytrade/microservice-core","msg":"HTTP post /subscribe -> 201 (0ms)"}
{"level":20,"time":1629754845749,"pid":5903,"hostname":"fv-az39-461","name":"@waytrade/microservice-core","msg":"HTTP post /subscribe -> 201 (1ms)"}
{"level":20,"time":1629754845750,"pid":5903,"hostname":"fv-az39-461","name":"@waytrade/microservice-core","msg":"HTTP Server on port 36195 stopped"}
{"level":20,"time":1629754845750,"pid":5903,"hostname":"fv-az39-461","name":"@waytrade/microservice-core","msg":"HTTP Server on port 48983 stopped"}
{"level":30,"time":1629754845750,"pid":5903,"hostname":"fv-az39-461","name":"@waytrade/microservice-core","msg":"App stopped."}
{"level":20,"time":1629754846304,"pid":5903,"hostname":"fv-az39-461","name":"@waytrade/microservice-core","msg":"Starting HTTP Server on port 0"}
{"level":20,"time":1629754846305,"pid":5903,"hostname":"fv-az39-461","name":"@waytrade/microservice-core","msg":"HTTP Server listening on port 44687"}
{"level":20,"time":1629754846308,"pid":5903,"hostname":"fv-az39-461","name":"@waytrade/microservice-core","msg":"HTTP get /api/test/ -> 200 (0ms)"}
{"level":20,"time":1629754846309,"pid":5903,"hostname":"fv-az39-461","name":"@waytrade/microservice-core","msg":"HTTP Server on port 44687 stopped"}
{"level":20,"time":1629754846310,"pid":5903,"hostname":"fv-az39-461","name":"@waytrade/microservice-core","msg":"Starting HTTP Server on port 0"}
{"level":20,"time":1629754846310,"pid":5903,"hostname":"fv-az39-461","name":"@waytrade/microservice-core","msg":"HTTP Server listening on port 56283"}
{"level":20,"time":1629754846311,"pid":5903,"hostname":"fv-az39-461","name":"@waytrade/microservice-core","msg":"HTTP get /api/test/error -> 418 (0ms)"}
{"level":20,"time":1629754846312,"pid":5903,"hostname":"fv-az39-461","name":"@waytrade/microservice-core","msg":"HTTP Server on port 56283 stopped"}
{"level":20,"time":1629754846312,"pid":5903,"hostname":"fv-az39-461","name":"@waytrade/microservice-core","msg":"Starting HTTP Server on port 0"}
{"level":20,"time":1629754846312,"pid":5903,"hostname":"fv-az39-461","name":"@waytrade/microservice-core","msg":"HTTP Server listening on port 54639"}
{"level":20,"time":1629754846368,"pid":5903,"hostname":"fv-az39-461","name":"@waytrade/microservice-core","msg":"HTTP get /api/test/serverError -> 500 (47ms)"}
{"level":20,"time":1629754846368,"pid":5903,"hostname":"fv-az39-461","name":"@waytrade/microservice-core","msg":"HTTP Server on port 54639 stopped"}
{"level":20,"time":1629754846369,"pid":5903,"hostname":"fv-az39-461","name":"@waytrade/microservice-core","msg":"Starting HTTP Server on port 0"}
{"level":20,"time":1629754846369,"pid":5903,"hostname":"fv-az39-461","name":"@waytrade/microservice-core","msg":"HTTP Server listening on port 41283"}
{"level":20,"time":1629754846371,"pid":5903,"hostname":"fv-az39-461","name":"@waytrade/microservice-core","msg":"HTTP put /api/test/ -> 200 (0ms)"}
{"level":20,"time":1629754846372,"pid":5903,"hostname":"fv-az39-461","name":"@waytrade/microservice-core","msg":"HTTP Server on port 41283 stopped"}
{"level":20,"time":1629754846373,"pid":5903,"hostname":"fv-az39-461","name":"@waytrade/microservice-core","msg":"Starting HTTP Server on port 0"}
{"level":20,"time":1629754846373,"pid":5903,"hostname":"fv-az39-461","name":"@waytrade/microservice-core","msg":"HTTP Server listening on port 60359"}
{"level":20,"time":1629754846374,"pid":5903,"hostname":"fv-az39-461","name":"@waytrade/microservice-core","msg":"HTTP put /api/test/error -> 418 (0ms)"}
{"level":20,"time":1629754846375,"pid":5903,"hostname":"fv-az39-461","name":"@waytrade/microservice-core","msg":"HTTP Server on port 60359 stopped"}
{"level":20,"time":1629754846375,"pid":5903,"hostname":"fv-az39-461","name":"@waytrade/microservice-core","msg":"Starting HTTP Server on port 0"}
{"level":20,"time":1629754846375,"pid":5903,"hostname":"fv-az39-461","name":"@waytrade/microservice-core","msg":"HTTP Server listening on port 46313"}
{"level":20,"time":1629754846377,"pid":5903,"hostname":"fv-az39-461","name":"@waytrade/microservice-core","msg":"HTTP post /api/test/ -> 200 (1ms)"}
{"level":20,"time":1629754846377,"pid":5903,"hostname":"fv-az39-461","name":"@waytrade/microservice-core","msg":"HTTP Server on port 46313 stopped"}
{"level":20,"time":1629754846378,"pid":5903,"hostname":"fv-az39-461","name":"@waytrade/microservice-core","msg":"Starting HTTP Server on port 0"}
{"level":20,"time":1629754846378,"pid":5903,"hostname":"fv-az39-461","name":"@waytrade/microservice-core","msg":"HTTP Server listening on port 42637"}
{"level":20,"time":1629754846379,"pid":5903,"hostname":"fv-az39-461","name":"@waytrade/microservice-core","msg":"HTTP post /api/test/error -> 418 (0ms)"}
{"level":20,"time":1629754846380,"pid":5903,"hostname":"fv-az39-461","name":"@waytrade/microservice-core","msg":"HTTP Server on port 42637 stopped"}
{"level":20,"time":1629754846380,"pid":5903,"hostname":"fv-az39-461","name":"@waytrade/microservice-core","msg":"Starting HTTP Server on port 0"}
{"level":20,"time":1629754846380,"pid":5903,"hostname":"fv-az39-461","name":"@waytrade/microservice-core","msg":"HTTP Server listening on port 33855"}
{"level":20,"time":1629754846382,"pid":5903,"hostname":"fv-az39-461","name":"@waytrade/microservice-core","msg":"HTTP patch /api/test/ -> 200 (1ms)"}
{"level":20,"time":1629754846382,"pid":5903,"hostname":"fv-az39-461","name":"@waytrade/microservice-core","msg":"HTTP Server on port 33855 stopped"}
{"level":20,"time":1629754846383,"pid":5903,"hostname":"fv-az39-461","name":"@waytrade/microservice-core","msg":"Starting HTTP Server on port 0"}
{"level":20,"time":1629754846383,"pid":5903,"hostname":"fv-az39-461","name":"@waytrade/microservice-core","msg":"HTTP Server listening on port 49701"}
{"level":20,"time":1629754846384,"pid":5903,"hostname":"fv-az39-461","name":"@waytrade/microservice-core","msg":"HTTP patch /api/test/error -> 418 (0ms)"}
{"level":20,"time":1629754846384,"pid":5903,"hostname":"fv-az39-461","name":"@waytrade/microservice-core","msg":"HTTP Server on port 49701 stopped"}
{"level":20,"time":1629754846385,"pid":5903,"hostname":"fv-az39-461","name":"@waytrade/microservice-core","msg":"Starting HTTP Server on port 0"}
{"level":20,"time":1629754846385,"pid":5903,"hostname":"fv-az39-461","name":"@waytrade/microservice-core","msg":"HTTP Server listening on port 51825"}
{"level":20,"time":1629754846386,"pid":5903,"hostname":"fv-az39-461","name":"@waytrade/microservice-core","msg":"HTTP delete /api/test/ -> 200 (0ms)"}
{"level":20,"time":1629754846388,"pid":5903,"hostname":"fv-az39-461","name":"@waytrade/microservice-core","msg":"HTTP Server on port 51825 stopped"}
{"level":20,"time":1629754846388,"pid":5903,"hostname":"fv-az39-461","name":"@waytrade/microservice-core","msg":"Starting HTTP Server on port 0"}
{"level":20,"time":1629754846388,"pid":5903,"hostname":"fv-az39-461","name":"@waytrade/microservice-core","msg":"HTTP Server listening on port 56403"}
{"level":20,"time":1629754846389,"pid":5903,"hostname":"fv-az39-461","name":"@waytrade/microservice-core","msg":"HTTP delete /api/test/error -> 418 (0ms)"}
{"level":20,"time":1629754846390,"pid":5903,"hostname":"fv-az39-461","name":"@waytrade/microservice-core","msg":"HTTP Server on port 56403 stopped"}
{"level":20,"time":1629754846793,"pid":5903,"hostname":"fv-az39-461","name":"@waytrade/microservice-core","msg":"Starting HTTP Server on port 0"}
{"level":20,"time":1629754846793,"pid":5903,"hostname":"fv-az39-461","name":"@waytrade/microservice-core","msg":"HTTP Server listening on port 54887"}
{"level":20,"time":1629754846796,"pid":5903,"hostname":"fv-az39-461","name":"@waytrade/microservice-core","msg":"HTTP get /api/test/ -> 200 (0ms)"}
{"level":20,"time":1629754846797,"pid":5903,"hostname":"fv-az39-461","name":"@waytrade/microservice-core","msg":"HTTP Server on port 54887 stopped"}
{"level":20,"time":1629754846798,"pid":5903,"hostname":"fv-az39-461","name":"@waytrade/microservice-core","msg":"Starting HTTP Server on port 0"}
{"level":20,"time":1629754846798,"pid":5903,"hostname":"fv-az39-461","name":"@waytrade/microservice-core","msg":"HTTP Server listening on port 60301"}
{"level":20,"time":1629754846799,"pid":5903,"hostname":"fv-az39-461","name":"@waytrade/microservice-core","msg":"HTTP get /api/test/notImplemented -> 501 (0ms)"}
{"level":20,"time":1629754846800,"pid":5903,"hostname":"fv-az39-461","name":"@waytrade/microservice-core","msg":"HTTP Server on port 60301 stopped"}
{"level":20,"time":1629754846800,"pid":5903,"hostname":"fv-az39-461","name":"@waytrade/microservice-core","msg":"Starting HTTP Server on port 0"}
{"level":20,"time":1629754846801,"pid":5903,"hostname":"fv-az39-461","name":"@waytrade/microservice-core","msg":"HTTP Server listening on port 56219"}
{"level":20,"time":1629754846802,"pid":5903,"hostname":"fv-az39-461","name":"@waytrade/microservice-core","msg":"HTTP put /api/test/ -> 200 (0ms)"}
{"level":20,"time":1629754846803,"pid":5903,"hostname":"fv-az39-461","name":"@waytrade/microservice-core","msg":"HTTP Server on port 56219 stopped"}
{"level":20,"time":1629754846803,"pid":5903,"hostname":"fv-az39-461","name":"@waytrade/microservice-core","msg":"Starting HTTP Server on port 0"}
{"level":20,"time":1629754846804,"pid":5903,"hostname":"fv-az39-461","name":"@waytrade/microservice-core","msg":"HTTP Server listening on port 36747"}
{"level":20,"time":1629754846805,"pid":5903,"hostname":"fv-az39-461","name":"@waytrade/microservice-core","msg":"HTTP put /api/test/notImplemented -> 501 (0ms)"}
{"level":20,"time":1629754846805,"pid":5903,"hostname":"fv-az39-461","name":"@waytrade/microservice-core","msg":"HTTP Server on port 36747 stopped"}
{"level":20,"time":1629754846806,"pid":5903,"hostname":"fv-az39-461","name":"@waytrade/microservice-core","msg":"Starting HTTP Server on port 0"}
{"level":20,"time":1629754846806,"pid":5903,"hostname":"fv-az39-461","name":"@waytrade/microservice-core","msg":"HTTP Server listening on port 53003"}
{"level":20,"time":1629754846807,"pid":5903,"hostname":"fv-az39-461","name":"@waytrade/microservice-core","msg":"HTTP post /api/test/ -> 200 (0ms)"}
{"level":20,"time":1629754846808,"pid":5903,"hostname":"fv-az39-461","name":"@waytrade/microservice-core","msg":"HTTP Server on port 53003 stopped"}
{"level":20,"time":1629754846809,"pid":5903,"hostname":"fv-az39-461","name":"@waytrade/microservice-core","msg":"Starting HTTP Server on port 0"}
{"level":20,"time":1629754846809,"pid":5903,"hostname":"fv-az39-461","name":"@waytrade/microservice-core","msg":"HTTP Server listening on port 42119"}
{"level":20,"time":1629754846810,"pid":5903,"hostname":"fv-az39-461","name":"@waytrade/microservice-core","msg":"HTTP post /api/test/notImplemented -> 501 (0ms)"}
{"level":20,"time":1629754846810,"pid":5903,"hostname":"fv-az39-461","name":"@waytrade/microservice-core","msg":"HTTP Server on port 42119 stopped"}
{"level":20,"time":1629754846811,"pid":5903,"hostname":"fv-az39-461","name":"@waytrade/microservice-core","msg":"Starting HTTP Server on port 0"}
{"level":20,"time":1629754846811,"pid":5903,"hostname":"fv-az39-461","name":"@waytrade/microservice-core","msg":"HTTP Server listening on port 50777"}
{"level":20,"time":1629754846812,"pid":5903,"hostname":"fv-az39-461","name":"@waytrade/microservice-core","msg":"HTTP patch /api/test/ -> 200 (0ms)"}
{"level":20,"time":1629754846813,"pid":5903,"hostname":"fv-az39-461","name":"@waytrade/microservice-core","msg":"HTTP Server on port 50777 stopped"}
{"level":20,"time":1629754846814,"pid":5903,"hostname":"fv-az39-461","name":"@waytrade/microservice-core","msg":"Starting HTTP Server on port 0"}
{"level":20,"time":1629754846814,"pid":5903,"hostname":"fv-az39-461","name":"@waytrade/microservice-core","msg":"HTTP Server listening on port 53281"}
{"level":20,"time":1629754846815,"pid":5903,"hostname":"fv-az39-461","name":"@waytrade/microservice-core","msg":"HTTP post /api/test/notImplemented -> 501 (0ms)"}
{"level":20,"time":1629754846815,"pid":5903,"hostname":"fv-az39-461","name":"@waytrade/microservice-core","msg":"HTTP Server on port 53281 stopped"}
{"level":20,"time":1629754846816,"pid":5903,"hostname":"fv-az39-461","name":"@waytrade/microservice-core","msg":"Starting HTTP Server on port 0"}
{"level":20,"time":1629754846816,"pid":5903,"hostname":"fv-az39-461","name":"@waytrade/microservice-core","msg":"HTTP Server listening on port 47025"}
{"level":20,"time":1629754846817,"pid":5903,"hostname":"fv-az39-461","name":"@waytrade/microservice-core","msg":"HTTP delete /api/test/ -> 200 (0ms)"}
{"level":20,"time":1629754846818,"pid":5903,"hostname":"fv-az39-461","name":"@waytrade/microservice-core","msg":"HTTP Server on port 47025 stopped"}
{"level":20,"time":1629754846819,"pid":5903,"hostname":"fv-az39-461","name":"@waytrade/microservice-core","msg":"Starting HTTP Server on port 0"}
{"level":20,"time":1629754846819,"pid":5903,"hostname":"fv-az39-461","name":"@waytrade/microservice-core","msg":"HTTP Server listening on port 58075"}
{"level":20,"time":1629754846820,"pid":5903,"hostname":"fv-az39-461","name":"@waytrade/microservice-core","msg":"HTTP post /api/test/notImplemented -> 501 (0ms)"}
{"level":20,"time":1629754846820,"pid":5903,"hostname":"fv-az39-461","name":"@waytrade/microservice-core","msg":"HTTP Server on port 58075 stopped"}
{"level":20,"time":1629754847220,"pid":5903,"hostname":"fv-az39-461","name":"@waytrade/microservice-core","msg":"Debug message"}
{"level":30,"time":1629754847220,"pid":5903,"hostname":"fv-az39-461","name":"@waytrade/microservice-core","msg":"Info message"}
{"level":40,"time":1629754847220,"pid":5903,"hostname":"fv-az39-461","name":"@waytrade/microservice-core","msg":"Warning message"}
{"level":50,"time":1629754847220,"pid":5903,"hostname":"fv-az39-461","name":"@waytrade/microservice-core","msg":"Error message"}
{"level":30,"time":1629754847221,"pid":5903,"hostname":"fv-az39-461","name":"@waytrade/microservice-core","msg":"Info message"}
{"level":40,"time":1629754847222,"pid":5903,"hostname":"fv-az39-461","name":"@waytrade/microservice-core","msg":"Warning message"}
{"level":50,"time":1629754847222,"pid":5903,"hostname":"fv-az39-461","name":"@waytrade/microservice-core","msg":"Error message"}
{"level":40,"time":1629754847223,"pid":5903,"hostname":"fv-az39-461","name":"@waytrade/microservice-core","msg":"Warning message"}
{"level":50,"time":1629754847223,"pid":5903,"hostname":"fv-az39-461","name":"@waytrade/microservice-core","msg":"Error message"}
{"level":50,"time":1629754847224,"pid":5903,"hostname":"fv-az39-461","name":"@waytrade/microservice-core","msg":"Error message"}
{"level":20,"time":1629754847231,"pid":5903,"hostname":"fv-az39-461","name":"@waytrade/microservice-core","msg":"Debug message"}
{"level":30,"time":1629754847232,"pid":5903,"hostname":"fv-az39-461","name":"@waytrade/microservice-core","msg":"Info message"}
{"level":40,"time":1629754847232,"pid":5903,"hostname":"fv-az39-461","name":"@waytrade/microservice-core","msg":"Warning message"}
{"level":50,"time":1629754847232,"pid":5903,"hostname":"fv-az39-461","name":"@waytrade/microservice-core","msg":"Error message"}
{"level":20,"time":1629754847929,"pid":5903,"hostname":"fv-az39-461","name":"@waytrade/microservice-core","msg":"Starting HTTP Server on port 0"}
{"level":20,"time":1629754847929,"pid":5903,"hostname":"fv-az39-461","name":"@waytrade/microservice-core","msg":"HTTP Server listening on port 58511"}
{"level":20,"time":1629754847932,"pid":5903,"hostname":"fv-az39-461","name":"@waytrade/microservice-core","msg":"HTTP Server on port 58511 stopped"}
{"level":20,"time":1629754847933,"pid":5903,"hostname":"fv-az39-461","name":"@waytrade/microservice-core","msg":"Starting HTTP Server on port 0"}
{"level":20,"time":1629754847933,"pid":5903,"hostname":"fv-az39-461","name":"@waytrade/microservice-core","msg":"HTTP Server listening on port 36385"}
{"level":20,"time":1629754847936,"pid":5903,"hostname":"fv-az39-461","name":"@waytrade/microservice-core","msg":"HTTP Server on port 36385 stopped"}
{"level":20,"time":1629754847937,"pid":5903,"hostname":"fv-az39-461","name":"@waytrade/microservice-core","msg":"Starting HTTP Server on port 0"}
{"level":20,"time":1629754847937,"pid":5903,"hostname":"fv-az39-461","name":"@waytrade/microservice-core","msg":"HTTP Server listening on port 36489"}
{"level":50,"time":1629754847946,"pid":5903,"hostname":"fv-az39-461","name":"@waytrade/microservice-core","msg":"Binary data on websocket not supported."}
{"level":20,"time":1629754848938,"pid":5903,"hostname":"fv-az39-461","name":"@waytrade/microservice-core","msg":"HTTP Server on port 36489 stopped"}
{"level":20,"time":1629754848938,"pid":5903,"hostname":"fv-az39-461","name":"@waytrade/microservice-core","msg":"Starting HTTP Server on port 0"}
{"level":20,"time":1629754848939,"pid":5903,"hostname":"fv-az39-461","name":"@waytrade/microservice-core","msg":"HTTP Server listening on port 60405"}
{"level":20,"time":1629754848942,"pid":5903,"hostname":"fv-az39-461","name":"@waytrade/microservice-core","msg":"HTTP Server on port 60405 stopped"}
{"level":20,"time":1629754848943,"pid":5903,"hostname":"fv-az39-461","name":"@waytrade/microservice-core","msg":"Starting HTTP Server on port 0"}
{"level":20,"time":1629754848943,"pid":5903,"hostname":"fv-az39-461","name":"@waytrade/microservice-core","msg":"HTTP Server listening on port 60763"}
{"level":20,"time":1629754849947,"pid":5903,"hostname":"fv-az39-461","name":"@waytrade/microservice-core","msg":"HTTP Server on port 60763 stopped"}
{"level":20,"time":1629754849948,"pid":5903,"hostname":"fv-az39-461","name":"@waytrade/microservice-core","msg":"Starting HTTP Server on port 0"}
{"level":20,"time":1629754849948,"pid":5903,"hostname":"fv-az39-461","name":"@waytrade/microservice-core","msg":"HTTP Server listening on port 55215"}
{"level":20,"time":1629754850109,"pid":5903,"hostname":"fv-az39-461","name":"@waytrade/microservice-core","msg":"HTTP Server on port 55215 stopped"}
{"level":20,"time":1629754850110,"pid":5903,"hostname":"fv-az39-461","name":"@waytrade/microservice-core","msg":"Starting HTTP Server on port 0"}
{"level":20,"time":1629754850110,"pid":5903,"hostname":"fv-az39-461","name":"@waytrade/microservice-core","msg":"HTTP Server listening on port 60979"}
{"level":20,"time":1629754850320,"pid":5903,"hostname":"fv-az39-461","name":"@waytrade/microservice-core","msg":"HTTP Server on port 60979 stopped"}
{"level":30,"time":1629754850594,"pid":5903,"hostname":"fv-az39-461","name":"@waytrade/microservice-core","msg":"Starting App..."}
{"level":20,"time":1629754850594,"pid":5903,"hostname":"fv-az39-461","name":"@waytrade/microservice-core","msg":"Starting HTTP Server on port 0"}
{"level":20,"time":1629754850594,"pid":5903,"hostname":"fv-az39-461","name":"@waytrade/microservice-core","msg":"HTTP Server listening on port 50897"}
{"level":30,"time":1629754850594,"pid":5903,"hostname":"fv-az39-461","name":"@waytrade/microservice-core","msg":"API Server started at port 50897"}
{"level":20,"time":1629754850595,"pid":5903,"hostname":"fv-az39-461","name":"@waytrade/microservice-core","msg":"HTTP Server on port 50897 stopped"}
{"level":30,"time":1629754850595,"pid":5903,"hostname":"fv-az39-461","name":"@waytrade/microservice-core","msg":"App stopped."}
{"level":30,"time":1629754850596,"pid":5903,"hostname":"fv-az39-461","name":"@waytrade/microservice-core","msg":"Starting App..."}
{"level":20,"time":1629754850596,"pid":5903,"hostname":"fv-az39-461","name":"@waytrade/microservice-core","msg":"Starting HTTP Server on port 0"}
{"level":20,"time":1629754850596,"pid":5903,"hostname":"fv-az39-461","name":"@waytrade/microservice-core","msg":"HTTP Server listening on port 56863"}
{"level":30,"time":1629754850596,"pid":5903,"hostname":"fv-az39-461","name":"@waytrade/microservice-core","msg":"API Server started at port 56863"}
{"level":20,"time":1629754850597,"pid":5903,"hostname":"fv-az39-461","name":"@waytrade/microservice-core","msg":"HTTP Server on port 56863 stopped"}
{"level":30,"time":1629754850597,"pid":5903,"hostname":"fv-az39-461","name":"@waytrade/microservice-core","msg":"App stopped."}
{"level":30,"time":1629754850598,"pid":5903,"hostname":"fv-az39-461","name":"@waytrade/microservice-core","msg":"Starting App..."}
{"level":20,"time":1629754850598,"pid":5903,"hostname":"fv-az39-461","name":"@waytrade/microservice-core","msg":"Starting HTTP Server on port 0"}
{"level":20,"time":1629754850598,"pid":5903,"hostname":"fv-az39-461","name":"@waytrade/microservice-core","msg":"HTTP Server listening on port 46405"}
{"level":30,"time":1629754850598,"pid":5903,"hostname":"fv-az39-461","name":"@waytrade/microservice-core","msg":"API Server started at port 46405"}
{"level":50,"time":1629754850598,"pid":5903,"hostname":"fv-az39-461","name":"@waytrade/microservice-core","msg":"App start failed: App is running already."}
{"level":20,"time":1629754850598,"pid":5903,"hostname":"fv-az39-461","name":"@waytrade/microservice-core","msg":"HTTP Server on port 46405 stopped"}
{"level":30,"time":1629754850598,"pid":5903,"hostname":"fv-az39-461","name":"@waytrade/microservice-core","msg":"App stopped."}
{"level":30,"time":1629754850599,"pid":5903,"hostname":"fv-az39-461","name":"@waytrade/microservice-core","msg":"Starting App..."}
{"level":20,"time":1629754850599,"pid":5903,"hostname":"fv-az39-461","name":"@waytrade/microservice-core","msg":"Starting HTTP Server on port 0"}
{"level":20,"time":1629754850599,"pid":5903,"hostname":"fv-az39-461","name":"@waytrade/microservice-core","msg":"HTTP Server listening on port 40407"}
{"level":30,"time":1629754850599,"pid":5903,"hostname":"fv-az39-461","name":"@waytrade/microservice-core","msg":"API Server started at port 40407"}
{"level":20,"time":1629754850600,"pid":5903,"hostname":"fv-az39-461","name":"@waytrade/microservice-core","msg":"HTTP Server on port 40407 stopped"}
{"level":30,"time":1629754850600,"pid":5903,"hostname":"fv-az39-461","name":"@waytrade/microservice-core","msg":"App stopped."}
{"level":30,"time":1629754850601,"pid":5903,"hostname":"fv-az39-461","name":"@waytrade/microservice-core","msg":"Starting App..."}
{"level":20,"time":1629754850601,"pid":5903,"hostname":"fv-az39-461","name":"@waytrade/microservice-core","msg":"Starting HTTP Server on port 0"}
{"level":20,"time":1629754850601,"pid":5903,"hostname":"fv-az39-461","name":"@waytrade/microservice-core","msg":"HTTP Server listening on port 60227"}
{"level":30,"time":1629754850602,"pid":5903,"hostname":"fv-az39-461","name":"@waytrade/microservice-core","msg":"API Server started at port 60227"}
{"level":20,"time":1629754850602,"pid":5903,"hostname":"fv-az39-461","name":"@waytrade/microservice-core","msg":"HTTP Server on port 60227 stopped"}
{"level":30,"time":1629754850602,"pid":5903,"hostname":"fv-az39-461","name":"@waytrade/microservice-core","msg":"App stopped."}
{"level":30,"time":1629754850604,"pid":5903,"hostname":"fv-az39-461","name":"@waytrade/microservice-core","msg":"Starting App..."}
{"level":20,"time":1629754850604,"pid":5903,"hostname":"fv-az39-461","name":"@waytrade/microservice-core","msg":"Starting HTTP Server on port 0"}
{"level":20,"time":1629754850604,"pid":5903,"hostname":"fv-az39-461","name":"@waytrade/microservice-core","msg":"HTTP Server listening on port 35871"}
{"level":30,"time":1629754850604,"pid":5903,"hostname":"fv-az39-461","name":"@waytrade/microservice-core","msg":"API Server started at port 35871"}
{"level":20,"time":1629754850607,"pid":5903,"hostname":"fv-az39-461","name":"@waytrade/microservice-core","msg":"HTTP get /test/get/ -> 200 (0ms)"}
{"level":20,"time":1629754850608,"pid":5903,"hostname":"fv-az39-461","name":"@waytrade/microservice-core","msg":"HTTP Server on port 35871 stopped"}
{"level":30,"time":1629754850608,"pid":5903,"hostname":"fv-az39-461","name":"@waytrade/microservice-core","msg":"App stopped."}
{"level":30,"time":1629754850609,"pid":5903,"hostname":"fv-az39-461","name":"@waytrade/microservice-core","msg":"Starting App..."}
{"level":20,"time":1629754850609,"pid":5903,"hostname":"fv-az39-461","name":"@waytrade/microservice-core","msg":"Starting HTTP Server on port 0"}
{"level":20,"time":1629754850609,"pid":5903,"hostname":"fv-az39-461","name":"@waytrade/microservice-core","msg":"HTTP Server listening on port 51739"}
{"level":30,"time":1629754850609,"pid":5903,"hostname":"fv-az39-461","name":"@waytrade/microservice-core","msg":"API Server started at port 51739"}
{"level":20,"time":1629754850609,"pid":5903,"hostname":"fv-az39-461","name":"@waytrade/microservice-core","msg":"Debug message"}
{"level":30,"time":1629754850609,"pid":5903,"hostname":"fv-az39-461","name":"@waytrade/microservice-core","msg":"Info message"}
{"level":40,"time":1629754850610,"pid":5903,"hostname":"fv-az39-461","name":"@waytrade/microservice-core","msg":"Warning message"}
{"level":50,"time":1629754850610,"pid":5903,"hostname":"fv-az39-461","name":"@waytrade/microservice-core","msg":"Error message"}
{"level":20,"time":1629754850610,"pid":5903,"hostname":"fv-az39-461","name":"@waytrade/microservice-core","msg":"HTTP Server on port 51739 stopped"}
{"level":30,"time":1629754850610,"pid":5903,"hostname":"fv-az39-461","name":"@waytrade/microservice-core","msg":"App stopped."}
{"level":30,"time":1629754850877,"pid":5903,"hostname":"fv-az39-461","name":"@waytrade/microservice-core","msg":"Starting App..."}
{"level":20,"time":1629754850877,"pid":5903,"hostname":"fv-az39-461","name":"@waytrade/microservice-core","msg":"Starting HTTP Server on port 0"}
{"level":20,"time":1629754850877,"pid":5903,"hostname":"fv-az39-461","name":"@waytrade/microservice-core","msg":"HTTP Server listening on port 54819"}
{"level":20,"time":1629754850878,"pid":5903,"hostname":"fv-az39-461","name":"@waytrade/microservice-core","msg":"Starting HTTP Server on port 0"}
{"level":20,"time":1629754850878,"pid":5903,"hostname":"fv-az39-461","name":"@waytrade/microservice-core","msg":"HTTP Server listening on port 56291"}
{"level":30,"time":1629754850878,"pid":5903,"hostname":"fv-az39-461","name":"@waytrade/microservice-core","msg":"API Server started at port 54819"}
{"level":30,"time":1629754850878,"pid":5903,"hostname":"fv-az39-461","name":"@waytrade/microservice-core","msg":"Webhook Callback Server started at port 56291"}
{"level":20,"time":1629754850885,"pid":5903,"hostname":"fv-az39-461","name":"@waytrade/microservice-core","msg":"HTTP Server on port 54819 stopped"}
{"level":20,"time":1629754850885,"pid":5903,"hostname":"fv-az39-461","name":"@waytrade/microservice-core","msg":"HTTP Server on port 56291 stopped"}
{"level":30,"time":1629754850886,"pid":5903,"hostname":"fv-az39-461","name":"@waytrade/microservice-core","msg":"App stopped."}
{"level":30,"time":1629754850887,"pid":5903,"hostname":"fv-az39-461","name":"@waytrade/microservice-core","msg":"Starting App..."}
{"level":20,"time":1629754850887,"pid":5903,"hostname":"fv-az39-461","name":"@waytrade/microservice-core","msg":"Starting HTTP Server on port 0"}
{"level":20,"time":1629754850888,"pid":5903,"hostname":"fv-az39-461","name":"@waytrade/microservice-core","msg":"HTTP Server listening on port 55503"}
{"level":20,"time":1629754850888,"pid":5903,"hostname":"fv-az39-461","name":"@waytrade/microservice-core","msg":"Starting HTTP Server on port 0"}
{"level":20,"time":1629754850888,"pid":5903,"hostname":"fv-az39-461","name":"@waytrade/microservice-core","msg":"HTTP Server listening on port 34555"}
{"level":30,"time":1629754850888,"pid":5903,"hostname":"fv-az39-461","name":"@waytrade/microservice-core","msg":"API Server started at port 55503"}
{"level":30,"time":1629754850888,"pid":5903,"hostname":"fv-az39-461","name":"@waytrade/microservice-core","msg":"Webhook Callback Server started at port 34555"}
{"level":20,"time":1629754850889,"pid":5903,"hostname":"fv-az39-461","name":"@waytrade/microservice-core","msg":"HTTP Server on port 55503 stopped"}
{"level":20,"time":1629754850889,"pid":5903,"hostname":"fv-az39-461","name":"@waytrade/microservice-core","msg":"HTTP Server on port 34555 stopped"}
{"level":30,"time":1629754850889,"pid":5903,"hostname":"fv-az39-461","name":"@waytrade/microservice-core","msg":"App stopped."}
{"level":30,"time":1629754850890,"pid":5903,"hostname":"fv-az39-461","name":"@waytrade/microservice-core","msg":"Starting App..."}
{"level":20,"time":1629754850890,"pid":5903,"hostname":"fv-az39-461","name":"@waytrade/microservice-core","msg":"Starting HTTP Server on port 0"}
{"level":20,"time":1629754850890,"pid":5903,"hostname":"fv-az39-461","name":"@waytrade/microservice-core","msg":"HTTP Server listening on port 47561"}
{"level":20,"time":1629754850891,"pid":5903,"hostname":"fv-az39-461","name":"@waytrade/microservice-core","msg":"Starting HTTP Server on port 0"}
{"level":20,"time":1629754850891,"pid":5903,"hostname":"fv-az39-461","name":"@waytrade/microservice-core","msg":"HTTP Server listening on port 33789"}
{"level":50,"time":1629754850891,"pid":5903,"hostname":"fv-az39-461","name":"@waytrade/microservice-core","msg":"App start failed: Controller booth failed"}
{"level":20,"time":1629754850891,"pid":5903,"hostname":"fv-az39-461","name":"@waytrade/microservice-core","msg":"HTTP Server on port 47561 stopped"}
{"level":20,"time":1629754850891,"pid":5903,"hostname":"fv-az39-461","name":"@waytrade/microservice-core","msg":"HTTP Server on port 33789 stopped"}
{"level":30,"time":1629754850891,"pid":5903,"hostname":"fv-az39-461","name":"@waytrade/microservice-core","msg":"App stopped."}
{"level":30,"time":1629754850892,"pid":5903,"hostname":"fv-az39-461","name":"@waytrade/microservice-core","msg":"Starting App..."}
{"level":20,"time":1629754850892,"pid":5903,"hostname":"fv-az39-461","name":"@waytrade/microservice-core","msg":"Starting HTTP Server on port 0"}
{"level":20,"time":1629754850892,"pid":5903,"hostname":"fv-az39-461","name":"@waytrade/microservice-core","msg":"HTTP Server listening on port 49053"}
{"level":20,"time":1629754850892,"pid":5903,"hostname":"fv-az39-461","name":"@waytrade/microservice-core","msg":"Starting HTTP Server on port 0"}
{"level":20,"time":1629754850893,"pid":5903,"hostname":"fv-az39-461","name":"@waytrade/microservice-core","msg":"HTTP Server listening on port 54323"}
{"level":50,"time":1629754850893,"pid":5903,"hostname":"fv-az39-461","name":"@waytrade/microservice-core","msg":"App start failed: Controller booth failed"}
{"level":20,"time":1629754850893,"pid":5903,"hostname":"fv-az39-461","name":"@waytrade/microservice-core","msg":"HTTP Server on port 49053 stopped"}
{"level":20,"time":1629754850893,"pid":5903,"hostname":"fv-az39-461","name":"@waytrade/microservice-core","msg":"HTTP Server on port 54323 stopped"}
{"level":30,"time":1629754850893,"pid":5903,"hostname":"fv-az39-461","name":"@waytrade/microservice-core","msg":"App stopped."}
{"level":30,"time":1629754850894,"pid":5903,"hostname":"fv-az39-461","name":"@waytrade/microservice-core","msg":"Starting App..."}
{"level":20,"time":1629754850894,"pid":5903,"hostname":"fv-az39-461","name":"@waytrade/microservice-core","msg":"Starting HTTP Server on port 0"}
{"level":20,"time":1629754850894,"pid":5903,"hostname":"fv-az39-461","name":"@waytrade/microservice-core","msg":"HTTP Server listening on port 52317"}
{"level":20,"time":1629754850894,"pid":5903,"hostname":"fv-az39-461","name":"@waytrade/microservice-core","msg":"Starting HTTP Server on port 0"}
{"level":20,"time":1629754850894,"pid":5903,"hostname":"fv-az39-461","name":"@waytrade/microservice-core","msg":"HTTP Server listening on port 49255"}
{"level":50,"time":1629754850894,"pid":5903,"hostname":"fv-az39-461","name":"@waytrade/microservice-core","msg":"App start failed: Controller booth failed"}
{"level":20,"time":1629754850895,"pid":5903,"hostname":"fv-az39-461","name":"@waytrade/microservice-core","msg":"HTTP Server on port 52317 stopped"}
{"level":20,"time":1629754850895,"pid":5903,"hostname":"fv-az39-461","name":"@waytrade/microservice-core","msg":"HTTP Server on port 49255 stopped"}
{"level":30,"time":1629754850895,"pid":5903,"hostname":"fv-az39-461","name":"@waytrade/microservice-core","msg":"App stopped."}
{"level":30,"time":1629754850896,"pid":5903,"hostname":"fv-az39-461","name":"@waytrade/microservice-core","msg":"Starting App..."}
{"level":20,"time":1629754850896,"pid":5903,"hostname":"fv-az39-461","name":"@waytrade/microservice-core","msg":"Starting HTTP Server on port 0"}
{"level":20,"time":1629754850896,"pid":5903,"hostname":"fv-az39-461","name":"@waytrade/microservice-core","msg":"HTTP Server listening on port 46339"}
{"level":20,"time":1629754850896,"pid":5903,"hostname":"fv-az39-461","name":"@waytrade/microservice-core","msg":"Starting HTTP Server on port 0"}
{"level":20,"time":1629754850896,"pid":5903,"hostname":"fv-az39-461","name":"@waytrade/microservice-core","msg":"HTTP Server listening on port 43091"}
{"level":50,"time":1629754850896,"pid":5903,"hostname":"fv-az39-461","name":"@waytrade/microservice-core","msg":"App start failed: Controller booth failed"}
{"level":20,"time":1629754850896,"pid":5903,"hostname":"fv-az39-461","name":"@waytrade/microservice-core","msg":"HTTP Server on port 46339 stopped"}
{"level":20,"time":1629754850896,"pid":5903,"hostname":"fv-az39-461","name":"@waytrade/microservice-core","msg":"HTTP Server on port 43091 stopped"}
{"level":30,"time":1629754850896,"pid":5903,"hostname":"fv-az39-461","name":"@waytrade/microservice-core","msg":"App stopped."}
{"level":30,"time":1629754851153,"pid":5903,"hostname":"fv-az39-461","name":"@waytrade/microservice-core","msg":"Starting App..."}
{"level":20,"time":1629754851154,"pid":5903,"hostname":"fv-az39-461","name":"@waytrade/microservice-core","msg":"Starting HTTP Server on port 0"}
{"level":20,"time":1629754851154,"pid":5903,"hostname":"fv-az39-461","name":"@waytrade/microservice-core","msg":"HTTP Server listening on port 38191"}
{"level":30,"time":1629754851154,"pid":5903,"hostname":"fv-az39-461","name":"@waytrade/microservice-core","msg":"API Server started at port 38191"}
{"level":20,"time":1629754851155,"pid":5903,"hostname":"fv-az39-461","name":"@waytrade/microservice-core","msg":"HTTP Server on port 38191 stopped"}
{"level":30,"time":1629754851155,"pid":5903,"hostname":"fv-az39-461","name":"@waytrade/microservice-core","msg":"App stopped."}
{"level":30,"time":1629754851156,"pid":5903,"hostname":"fv-az39-461","name":"@waytrade/microservice-core","msg":"Starting App..."}
{"level":20,"time":1629754851157,"pid":5903,"hostname":"fv-az39-461","name":"@waytrade/microservice-core","msg":"Starting HTTP Server on port 0"}
{"level":20,"time":1629754851157,"pid":5903,"hostname":"fv-az39-461","name":"@waytrade/microservice-core","msg":"HTTP Server listening on port 55407"}
{"level":30,"time":1629754851157,"pid":5903,"hostname":"fv-az39-461","name":"@waytrade/microservice-core","msg":"API Server started at port 55407"}
{"level":20,"time":1629754851158,"pid":5903,"hostname":"fv-az39-461","name":"@waytrade/microservice-core","msg":"HTTP Server on port 55407 stopped"}
{"level":30,"time":1629754851158,"pid":5903,"hostname":"fv-az39-461","name":"@waytrade/microservice-core","msg":"App stopped."}
{"level":30,"time":1629754851159,"pid":5903,"hostname":"fv-az39-461","name":"@waytrade/microservice-core","msg":"Starting App..."}
{"level":20,"time":1629754851159,"pid":5903,"hostname":"fv-az39-461","name":"@waytrade/microservice-core","msg":"Starting HTTP Server on port 0"}
{"level":20,"time":1629754851160,"pid":5903,"hostname":"fv-az39-461","name":"@waytrade/microservice-core","msg":"HTTP Server listening on port 34939"}
{"level":50,"time":1629754851160,"pid":5903,"hostname":"fv-az39-461","name":"@waytrade/microservice-core","msg":"App start failed: Controller booth failed"}
{"level":20,"time":1629754851160,"pid":5903,"hostname":"fv-az39-461","name":"@waytrade/microservice-core","msg":"HTTP Server on port 34939 stopped"}
{"level":30,"time":1629754851160,"pid":5903,"hostname":"fv-az39-461","name":"@waytrade/microservice-core","msg":"App stopped."}
{"level":30,"time":1629754851161,"pid":5903,"hostname":"fv-az39-461","name":"@waytrade/microservice-core","msg":"Starting App..."}
{"level":20,"time":1629754851161,"pid":5903,"hostname":"fv-az39-461","name":"@waytrade/microservice-core","msg":"Starting HTTP Server on port 0"}
{"level":20,"time":1629754851161,"pid":5903,"hostname":"fv-az39-461","name":"@waytrade/microservice-core","msg":"HTTP Server listening on port 46605"}
{"level":50,"time":1629754851161,"pid":5903,"hostname":"fv-az39-461","name":"@waytrade/microservice-core","msg":"App start failed: Controller booth failed"}
{"level":20,"time":1629754851162,"pid":5903,"hostname":"fv-az39-461","name":"@waytrade/microservice-core","msg":"HTTP Server on port 46605 stopped"}
{"level":30,"time":1629754851162,"pid":5903,"hostname":"fv-az39-461","name":"@waytrade/microservice-core","msg":"App stopped."}
{"level":30,"time":1629754851163,"pid":5903,"hostname":"fv-az39-461","name":"@waytrade/microservice-core","msg":"Starting App..."}
{"level":20,"time":1629754851163,"pid":5903,"hostname":"fv-az39-461","name":"@waytrade/microservice-core","msg":"Starting HTTP Server on port 0"}
{"level":20,"time":1629754851163,"pid":5903,"hostname":"fv-az39-461","name":"@waytrade/microservice-core","msg":"HTTP Server listening on port 55031"}
{"level":50,"time":1629754851163,"pid":5903,"hostname":"fv-az39-461","name":"@waytrade/microservice-core","msg":"App start failed: Controller booth failed"}
{"level":20,"time":1629754851163,"pid":5903,"hostname":"fv-az39-461","name":"@waytrade/microservice-core","msg":"HTTP Server on port 55031 stopped"}
{"level":30,"time":1629754851163,"pid":5903,"hostname":"fv-az39-461","name":"@waytrade/microservice-core","msg":"App stopped."}
{"level":30,"time":1629754851164,"pid":5903,"hostname":"fv-az39-461","name":"@waytrade/microservice-core","msg":"Starting App..."}
{"level":20,"time":1629754851164,"pid":5903,"hostname":"fv-az39-461","name":"@waytrade/microservice-core","msg":"Starting HTTP Server on port 0"}
{"level":20,"time":1629754851164,"pid":5903,"hostname":"fv-az39-461","name":"@waytrade/microservice-core","msg":"HTTP Server listening on port 33679"}
{"level":50,"time":1629754851164,"pid":5903,"hostname":"fv-az39-461","name":"@waytrade/microservice-core","msg":"App start failed: Controller booth failed"}
{"level":20,"time":1629754851165,"pid":5903,"hostname":"fv-az39-461","name":"@waytrade/microservice-core","msg":"HTTP Server on port 33679 stopped"}
{"level":30,"time":1629754851165,"pid":5903,"hostname":"fv-az39-461","name":"@waytrade/microservice-core","msg":"App stopped."}
{"level":30,"time":1629754851438,"pid":5903,"hostname":"fv-az39-461","name":"@waytrade/microservice-core","msg":"Starting App..."}
{"level":20,"time":1629754851439,"pid":5903,"hostname":"fv-az39-461","name":"@waytrade/microservice-core","msg":"Starting HTTP Server on port 0"}
{"level":20,"time":1629754851439,"pid":5903,"hostname":"fv-az39-461","name":"@waytrade/microservice-core","msg":"HTTP Server listening on port 54071"}
{"level":30,"time":1629754851439,"pid":5903,"hostname":"fv-az39-461","name":"@waytrade/microservice-core","msg":"API Server started at port 54071"}
{"level":20,"time":1629754851440,"pid":5903,"hostname":"fv-az39-461","name":"@waytrade/microservice-core","msg":"HTTP Server on port 54071 stopped"}
{"level":30,"time":1629754851440,"pid":5903,"hostname":"fv-az39-461","name":"@waytrade/microservice-core","msg":"App stopped."}
{"level":30,"time":1629754851441,"pid":5903,"hostname":"fv-az39-461","name":"@waytrade/microservice-core","msg":"Starting App..."}
{"level":20,"time":1629754851441,"pid":5903,"hostname":"fv-az39-461","name":"@waytrade/microservice-core","msg":"Starting HTTP Server on port 0"}
{"level":20,"time":1629754851442,"pid":5903,"hostname":"fv-az39-461","name":"@waytrade/microservice-core","msg":"HTTP Server listening on port 55531"}
{"level":30,"time":1629754851442,"pid":5903,"hostname":"fv-az39-461","name":"@waytrade/microservice-core","msg":"API Server started at port 55531"}
{"level":20,"time":1629754851443,"pid":5903,"hostname":"fv-az39-461","name":"@waytrade/microservice-core","msg":"HTTP Server on port 55531 stopped"}
{"level":30,"time":1629754851443,"pid":5903,"hostname":"fv-az39-461","name":"@waytrade/microservice-core","msg":"App stopped."}
{"level":30,"time":1629754851444,"pid":5903,"hostname":"fv-az39-461","name":"@waytrade/microservice-core","msg":"Starting App..."}
{"level":50,"time":1629754851444,"pid":5903,"hostname":"fv-az39-461","name":"@waytrade/microservice-core","msg":"App start failed: Controller booth failed"}
{"level":30,"time":1629754851444,"pid":5903,"hostname":"fv-az39-461","name":"@waytrade/microservice-core","msg":"App stopped."}
{"level":30,"time":1629754851445,"pid":5903,"hostname":"fv-az39-461","name":"@waytrade/microservice-core","msg":"Starting App..."}
{"level":50,"time":1629754851446,"pid":5903,"hostname":"fv-az39-461","name":"@waytrade/microservice-core","msg":"App start failed: Controller booth failed"}
{"level":30,"time":1629754851446,"pid":5903,"hostname":"fv-az39-461","name":"@waytrade/microservice-core","msg":"App stopped."}
{"level":30,"time":1629754851447,"pid":5903,"hostname":"fv-az39-461","name":"@waytrade/microservice-core","msg":"Starting App..."}
{"level":50,"time":1629754851447,"pid":5903,"hostname":"fv-az39-461","name":"@waytrade/microservice-core","msg":"App start failed: Controller booth failed"}
{"level":30,"time":1629754851447,"pid":5903,"hostname":"fv-az39-461","name":"@waytrade/microservice-core","msg":"App stopped."}
{"level":30,"time":1629754851468,"pid":5903,"hostname":"fv-az39-461","name":"@waytrade/microservice-core","msg":"Starting App..."}
{"level":50,"time":1629754851468,"pid":5903,"hostname":"fv-az39-461","name":"@waytrade/microservice-core","msg":"App start failed: Controller booth failed"}
{"level":30,"time":1629754851468,"pid":5903,"hostname":"fv-az39-461","name":"@waytrade/microservice-core","msg":"App stopped."}
{"level":20,"time":1629754851740,"pid":5903,"hostname":"fv-az39-461","name":"@waytrade/microservice-core","msg":"Starting HTTP Server on port 0"}
{"level":20,"time":1629754851740,"pid":5903,"hostname":"fv-az39-461","name":"@waytrade/microservice-core","msg":"HTTP Server listening on port 55663"}
{"level":20,"time":1629754851740,"pid":5903,"hostname":"fv-az39-461","name":"@waytrade/microservice-core","msg":"HTTP Server on port 55663 stopped"}
{"level":20,"time":1629754851741,"pid":5903,"hostname":"fv-az39-461","name":"@waytrade/microservice-core","msg":"Starting HTTP Server on port 3999"}
{"level":20,"time":1629754851741,"pid":5903,"hostname":"fv-az39-461","name":"@waytrade/microservice-core","msg":"HTTP Server listening on port 3999"}
{"level":20,"time":1629754851741,"pid":5903,"hostname":"fv-az39-461","name":"@waytrade/microservice-core","msg":"HTTP Server on port 3999 stopped"}
{"level":20,"time":1629754851742,"pid":5903,"hostname":"fv-az39-461","name":"@waytrade/microservice-core","msg":"Starting HTTP Server on port 0"}
{"level":20,"time":1629754851742,"pid":5903,"hostname":"fv-az39-461","name":"@waytrade/microservice-core","msg":"HTTP Server listening on port 34509"}
{"level":20,"time":1629754851744,"pid":5903,"hostname":"fv-az39-461","name":"@waytrade/microservice-core","msg":"/some/invalid/path not found."}
{"level":20,"time":1629754851745,"pid":5903,"hostname":"fv-az39-461","name":"@waytrade/microservice-core","msg":"HTTP Server on port 34509 stopped"}
{"level":20,"time":1629754851746,"pid":5903,"hostname":"fv-az39-461","name":"@waytrade/microservice-core","msg":"Starting HTTP Server on port 0"}
{"level":20,"time":1629754851746,"pid":5903,"hostname":"fv-az39-461","name":"@waytrade/microservice-core","msg":"HTTP Server listening on port 34893"}
{"level":20,"time":1629754851748,"pid":5903,"hostname":"fv-az39-461","name":"@waytrade/microservice-core","msg":"HTTP Server on port 34893 stopped"}
{"level":20,"time":1629754851748,"pid":5903,"hostname":"fv-az39-461","name":"@waytrade/microservice-core","msg":"Starting HTTP Server on port 0"}
{"level":20,"time":1629754851748,"pid":5903,"hostname":"fv-az39-461","name":"@waytrade/microservice-core","msg":"HTTP Server listening on port 48599"}
{"level":20,"time":1629754851750,"pid":5903,"hostname":"fv-az39-461","name":"@waytrade/microservice-core","msg":"HTTP Server on port 48599 stopped"}
{"level":20,"time":1629754851750,"pid":5903,"hostname":"fv-az39-461","name":"@waytrade/microservice-core","msg":"Starting HTTP Server on port 0"}
{"level":20,"time":1629754851751,"pid":5903,"hostname":"fv-az39-461","name":"@waytrade/microservice-core","msg":"HTTP Server listening on port 47129"}
{"level":20,"time":1629754851752,"pid":5903,"hostname":"fv-az39-461","name":"@waytrade/microservice-core","msg":"HTTP get /api/dummy/customResponseHeader -> 200 (1ms)"}
{"level":20,"time":1629754851752,"pid":5903,"hostname":"fv-az39-461","name":"@waytrade/microservice-core","msg":"HTTP Server on port 47129 stopped"}
{"level":30,"time":1629754852027,"pid":5903,"hostname":"fv-az39-461","name":"@waytrade/microservice-core","msg":"Starting App..."}
{"level":20,"time":1629754852027,"pid":5903,"hostname":"fv-az39-461","name":"@waytrade/microservice-core","msg":"Starting HTTP Server on port 0"}
{"level":20,"time":1629754852027,"pid":5903,"hostname":"fv-az39-461","name":"@waytrade/microservice-core","msg":"HTTP Server listening on port 50221"}
{"level":20,"time":1629754852027,"pid":5903,"hostname":"fv-az39-461","name":"@waytrade/microservice-core","msg":"Starting HTTP Server on port 0"}
{"level":20,"time":1629754852027,"pid":5903,"hostname":"fv-az39-461","name":"@waytrade/microservice-core","msg":"HTTP Server listening on port 59089"}
{"level":30,"time":1629754852027,"pid":5903,"hostname":"fv-az39-461","name":"@waytrade/microservice-core","msg":"API Server started at port 50221"}
{"level":30,"time":1629754852027,"pid":5903,"hostname":"fv-az39-461","name":"@waytrade/microservice-core","msg":"Webhook Callback Server started at port 59089"}
{"level":20,"time":1629754852043,"pid":5903,"hostname":"fv-az39-461","name":"@waytrade/microservice-core","msg":"HTTP get /api/ -> 200 (0ms)"}
{"level":20,"time":1629754852044,"pid":5903,"hostname":"fv-az39-461","name":"@waytrade/microservice-core","msg":"HTTP Server on port 50221 stopped"}
{"level":20,"time":1629754852044,"pid":5903,"hostname":"fv-az39-461","name":"@waytrade/microservice-core","msg":"HTTP Server on port 59089 stopped"}
{"level":30,"time":1629754852045,"pid":5903,"hostname":"fv-az39-461","name":"@waytrade/microservice-core","msg":"App stopped."}
{"level":30,"time":1629754852046,"pid":5903,"hostname":"fv-az39-461","name":"@waytrade/microservice-core","msg":"Starting App..."}
{"level":20,"time":1629754852047,"pid":5903,"hostname":"fv-az39-461","name":"@waytrade/microservice-core","msg":"Starting HTTP Server on port 0"}
{"level":20,"time":1629754852047,"pid":5903,"hostname":"fv-az39-461","name":"@waytrade/microservice-core","msg":"HTTP Server listening on port 57715"}
{"level":20,"time":1629754852047,"pid":5903,"hostname":"fv-az39-461","name":"@waytrade/microservice-core","msg":"Starting HTTP Server on port 0"}
{"level":20,"time":1629754852047,"pid":5903,"hostname":"fv-az39-461","name":"@waytrade/microservice-core","msg":"HTTP Server listening on port 60081"}
{"level":30,"time":1629754852047,"pid":5903,"hostname":"fv-az39-461","name":"@waytrade/microservice-core","msg":"API Server started at port 57715"}
{"level":30,"time":1629754852047,"pid":5903,"hostname":"fv-az39-461","name":"@waytrade/microservice-core","msg":"Webhook Callback Server started at port 60081"}
{"level":20,"time":1629754852048,"pid":5903,"hostname":"fv-az39-461","name":"@waytrade/microservice-core","msg":"HTTP get / -> 200 (0ms)"}
{"level":20,"time":1629754852049,"pid":5903,"hostname":"fv-az39-461","name":"@waytrade/microservice-core","msg":"HTTP Server on port 57715 stopped"}
{"level":20,"time":1629754852049,"pid":5903,"hostname":"fv-az39-461","name":"@waytrade/microservice-core","msg":"HTTP Server on port 60081 stopped"}
{"level":30,"time":1629754852049,"pid":5903,"hostname":"fv-az39-461","name":"@waytrade/microservice-core","msg":"App stopped."}
{"level":30,"time":1629754852050,"pid":5903,"hostname":"fv-az39-461","name":"@waytrade/microservice-core","msg":"Starting App..."}
{"level":20,"time":1629754852050,"pid":5903,"hostname":"fv-az39-461","name":"@waytrade/microservice-core","msg":"Starting HTTP Server on port 0"}
{"level":20,"time":1629754852050,"pid":5903,"hostname":"fv-az39-461","name":"@waytrade/microservice-core","msg":"HTTP Server listening on port 60707"}
{"level":20,"time":1629754852050,"pid":5903,"hostname":"fv-az39-461","name":"@waytrade/microservice-core","msg":"Starting HTTP Server on port 0"}
{"level":20,"time":1629754852050,"pid":5903,"hostname":"fv-az39-461","name":"@waytrade/microservice-core","msg":"HTTP Server listening on port 49575"}
{"level":30,"time":1629754852050,"pid":5903,"hostname":"fv-az39-461","name":"@waytrade/microservice-core","msg":"API Server started at port 60707"}
{"level":30,"time":1629754852050,"pid":5903,"hostname":"fv-az39-461","name":"@waytrade/microservice-core","msg":"Webhook Callback Server started at port 49575"}
{"level":20,"time":1629754852051,"pid":5903,"hostname":"fv-az39-461","name":"@waytrade/microservice-core","msg":"HTTP get /api/ -> 200 (0ms)"}
{"level":20,"time":1629754852052,"pid":5903,"hostname":"fv-az39-461","name":"@waytrade/microservice-core","msg":"HTTP Server on port 60707 stopped"}
{"level":20,"time":1629754852052,"pid":5903,"hostname":"fv-az39-461","name":"@waytrade/microservice-core","msg":"HTTP Server on port 49575 stopped"}
{"level":30,"time":1629754852052,"pid":5903,"hostname":"fv-az39-461","name":"@waytrade/microservice-core","msg":"App stopped."}
{"level":30,"time":1629754852053,"pid":5903,"hostname":"fv-az39-461","name":"@waytrade/microservice-core","msg":"Starting App..."}
{"level":20,"time":1629754852053,"pid":5903,"hostname":"fv-az39-461","name":"@waytrade/microservice-core","msg":"Starting HTTP Server on port 0"}
{"level":20,"time":1629754852053,"pid":5903,"hostname":"fv-az39-461","name":"@waytrade/microservice-core","msg":"HTTP Server listening on port 54549"}
{"level":20,"time":1629754852053,"pid":5903,"hostname":"fv-az39-461","name":"@waytrade/microservice-core","msg":"Starting HTTP Server on port 0"}
{"level":20,"time":1629754852054,"pid":5903,"hostname":"fv-az39-461","name":"@waytrade/microservice-core","msg":"HTTP Server listening on port 35505"}
{"level":30,"time":1629754852054,"pid":5903,"hostname":"fv-az39-461","name":"@waytrade/microservice-core","msg":"API Server started at port 54549"}
{"level":30,"time":1629754852054,"pid":5903,"hostname":"fv-az39-461","name":"@waytrade/microservice-core","msg":"Webhook Callback Server started at port 35505"}
{"level":20,"time":1629754852055,"pid":5903,"hostname":"fv-az39-461","name":"@waytrade/microservice-core","msg":"HTTP Server on port 54549 stopped"}
{"level":20,"time":1629754852055,"pid":5903,"hostname":"fv-az39-461","name":"@waytrade/microservice-core","msg":"HTTP Server on port 35505 stopped"}
{"level":30,"time":1629754852055,"pid":5903,"hostname":"fv-az39-461","name":"@waytrade/microservice-core","msg":"App stopped."}
{"level":30,"time":1629754852305,"pid":5903,"hostname":"fv-az39-461","name":"@waytrade/microservice-core","msg":"Starting App..."}
{"level":20,"time":1629754852305,"pid":5903,"hostname":"fv-az39-461","name":"@waytrade/microservice-core","msg":"Starting HTTP Server on port 0"}
{"level":20,"time":1629754852305,"pid":5903,"hostname":"fv-az39-461","name":"@waytrade/microservice-core","msg":"HTTP Server listening on port 58447"}
{"level":20,"time":1629754852306,"pid":5903,"hostname":"fv-az39-461","name":"@waytrade/microservice-core","msg":"Starting HTTP Server on port 0"}
{"level":20,"time":1629754852306,"pid":5903,"hostname":"fv-az39-461","name":"@waytrade/microservice-core","msg":"HTTP Server listening on port 33559"}
{"level":30,"time":1629754852306,"pid":5903,"hostname":"fv-az39-461","name":"@waytrade/microservice-core","msg":"API Server started at port 58447"}
{"level":30,"time":1629754852306,"pid":5903,"hostname":"fv-az39-461","name":"@waytrade/microservice-core","msg":"Webhook Callback Server started at port 33559"}
{"level":20,"time":1629754852306,"pid":5903,"hostname":"fv-az39-461","name":"@waytrade/microservice-core","msg":"HTTP Server on port 58447 stopped"}
{"level":20,"time":1629754852306,"pid":5903,"hostname":"fv-az39-461","name":"@waytrade/microservice-core","msg":"HTTP Server on port 33559 stopped"}
{"level":30,"time":1629754852306,"pid":5903,"hostname":"fv-az39-461","name":"@waytrade/microservice-core","msg":"App stopped."}
{"level":30,"time":1629754852308,"pid":5903,"hostname":"fv-az39-461","name":"@waytrade/microservice-core","msg":"Starting App..."}
{"level":20,"time":1629754852308,"pid":5903,"hostname":"fv-az39-461","name":"@waytrade/microservice-core","msg":"Starting HTTP Server on port 0"}
{"level":20,"time":1629754852308,"pid":5903,"hostname":"fv-az39-461","name":"@waytrade/microservice-core","msg":"HTTP Server listening on port 53255"}
{"level":20,"time":1629754852308,"pid":5903,"hostname":"fv-az39-461","name":"@waytrade/microservice-core","msg":"Starting HTTP Server on port 0"}
{"level":20,"time":1629754852308,"pid":5903,"hostname":"fv-az39-461","name":"@waytrade/microservice-core","msg":"HTTP Server listening on port 39477"}
{"level":30,"time":1629754852308,"pid":5903,"hostname":"fv-az39-461","name":"@waytrade/microservice-core","msg":"API Server started at port 53255"}
{"level":30,"time":1629754852308,"pid":5903,"hostname":"fv-az39-461","name":"@waytrade/microservice-core","msg":"Webhook Callback Server started at port 39477"}
{"level":20,"time":1629754852309,"pid":5903,"hostname":"fv-az39-461","name":"@waytrade/microservice-core","msg":"HTTP Server on port 53255 stopped"}
{"level":20,"time":1629754852309,"pid":5903,"hostname":"fv-az39-461","name":"@waytrade/microservice-core","msg":"HTTP Server on port 39477 stopped"}
{"level":30,"time":1629754852309,"pid":5903,"hostname":"fv-az39-461","name":"@waytrade/microservice-core","msg":"App stopped."}
{"level":30,"time":1629754852310,"pid":5903,"hostname":"fv-az39-461","name":"@waytrade/microservice-core","msg":"Starting App..."}
{"level":20,"time":1629754852310,"pid":5903,"hostname":"fv-az39-461","name":"@waytrade/microservice-core","msg":"Starting HTTP Server on port 0"}
{"level":20,"time":1629754852310,"pid":5903,"hostname":"fv-az39-461","name":"@waytrade/microservice-core","msg":"HTTP Server listening on port 47735"}
{"level":20,"time":1629754852310,"pid":5903,"hostname":"fv-az39-461","name":"@waytrade/microservice-core","msg":"Starting HTTP Server on port 0"}
{"level":20,"time":1629754852310,"pid":5903,"hostname":"fv-az39-461","name":"@waytrade/microservice-core","msg":"HTTP Server listening on port 45005"}
{"level":30,"time":1629754852310,"pid":5903,"hostname":"fv-az39-461","name":"@waytrade/microservice-core","msg":"API Server started at port 47735"}
{"level":30,"time":1629754852310,"pid":5903,"hostname":"fv-az39-461","name":"@waytrade/microservice-core","msg":"Webhook Callback Server started at port 45005"}
{"level":20,"time":1629754852311,"pid":5903,"hostname":"fv-az39-461","name":"@waytrade/microservice-core","msg":"HTTP Server on port 47735 stopped"}
{"level":20,"time":1629754852311,"pid":5903,"hostname":"fv-az39-461","name":"@waytrade/microservice-core","msg":"HTTP Server on port 45005 stopped"}
{"level":30,"time":1629754852311,"pid":5903,"hostname":"fv-az39-461","name":"@waytrade/microservice-core","msg":"App stopped."}
{"level":30,"time":1629754852312,"pid":5903,"hostname":"fv-az39-461","name":"@waytrade/microservice-core","msg":"Starting App..."}
{"level":20,"time":1629754852312,"pid":5903,"hostname":"fv-az39-461","name":"@waytrade/microservice-core","msg":"Starting HTTP Server on port 0"}
{"level":20,"time":1629754852312,"pid":5903,"hostname":"fv-az39-461","name":"@waytrade/microservice-core","msg":"HTTP Server listening on port 40913"}
{"level":20,"time":1629754852312,"pid":5903,"hostname":"fv-az39-461","name":"@waytrade/microservice-core","msg":"Starting HTTP Server on port 0"}
{"level":20,"time":1629754852312,"pid":5903,"hostname":"fv-az39-461","name":"@waytrade/microservice-core","msg":"HTTP Server listening on port 54741"}
{"level":30,"time":1629754852312,"pid":5903,"hostname":"fv-az39-461","name":"@waytrade/microservice-core","msg":"API Server started at port 40913"}
{"level":30,"time":1629754852312,"pid":5903,"hostname":"fv-az39-461","name":"@waytrade/microservice-core","msg":"Webhook Callback Server started at port 54741"}
{"level":20,"time":1629754852313,"pid":5903,"hostname":"fv-az39-461","name":"@waytrade/microservice-core","msg":"HTTP Server on port 40913 stopped"}
{"level":20,"time":1629754852313,"pid":5903,"hostname":"fv-az39-461","name":"@waytrade/microservice-core","msg":"HTTP Server on port 54741 stopped"}
{"level":30,"time":1629754852313,"pid":5903,"hostname":"fv-az39-461","name":"@waytrade/microservice-core","msg":"App stopped."}
{"level":30,"time":1629754852578,"pid":5903,"hostname":"fv-az39-461","name":"@waytrade/microservice-core","msg":"Starting App..."}
{"level":20,"time":1629754852579,"pid":5903,"hostname":"fv-az39-461","name":"@waytrade/microservice-core","msg":"Starting HTTP Server on port 0"}
{"level":20,"time":1629754852579,"pid":5903,"hostname":"fv-az39-461","name":"@waytrade/microservice-core","msg":"HTTP Server listening on port 56165"}
{"level":30,"time":1629754852579,"pid":5903,"hostname":"fv-az39-461","name":"@waytrade/microservice-core","msg":"API Server started at port 56165"}
{"level":20,"time":1629754852579,"pid":5903,"hostname":"fv-az39-461","name":"@waytrade/microservice-core","msg":"HTTP Server on port 56165 stopped"}
{"level":30,"time":1629754852579,"pid":5903,"hostname":"fv-az39-461","name":"@waytrade/microservice-core","msg":"App stopped."}
{"level":30,"time":1629754852580,"pid":5903,"hostname":"fv-az39-461","name":"@waytrade/microservice-core","msg":"Starting App..."}
{"level":20,"time":1629754852581,"pid":5903,"hostname":"fv-az39-461","name":"@waytrade/microservice-core","msg":"Starting HTTP Server on port 0"}
{"level":20,"time":1629754852581,"pid":5903,"hostname":"fv-az39-461","name":"@waytrade/microservice-core","msg":"HTTP Server listening on port 54771"}
{"level":30,"time":1629754852581,"pid":5903,"hostname":"fv-az39-461","name":"@waytrade/microservice-core","msg":"API Server started at port 54771"}
{"level":20,"time":1629754852581,"pid":5903,"hostname":"fv-az39-461","name":"@waytrade/microservice-core","msg":"HTTP Server on port 54771 stopped"}
{"level":30,"time":1629754852581,"pid":5903,"hostname":"fv-az39-461","name":"@waytrade/microservice-core","msg":"App stopped."}
{"level":30,"time":1629754852582,"pid":5903,"hostname":"fv-az39-461","name":"@waytrade/microservice-core","msg":"Starting App..."}
{"level":20,"time":1629754852583,"pid":5903,"hostname":"fv-az39-461","name":"@waytrade/microservice-core","msg":"Starting HTTP Server on port 0"}
{"level":20,"time":1629754852583,"pid":5903,"hostname":"fv-az39-461","name":"@waytrade/microservice-core","msg":"HTTP Server listening on port 54657"}
{"level":30,"time":1629754852583,"pid":5903,"hostname":"fv-az39-461","name":"@waytrade/microservice-core","msg":"API Server started at port 54657"}
{"level":20,"time":1629754852583,"pid":5903,"hostname":"fv-az39-461","name":"@waytrade/microservice-core","msg":"HTTP Server on port 54657 stopped"}
{"level":30,"time":1629754852583,"pid":5903,"hostname":"fv-az39-461","name":"@waytrade/microservice-core","msg":"App stopped."}
{"level":30,"time":1629754852584,"pid":5903,"hostname":"fv-az39-461","name":"@waytrade/microservice-core","msg":"Starting App..."}
{"level":20,"time":1629754852584,"pid":5903,"hostname":"fv-az39-461","name":"@waytrade/microservice-core","msg":"Starting HTTP Server on port 0"}
{"level":20,"time":1629754852585,"pid":5903,"hostname":"fv-az39-461","name":"@waytrade/microservice-core","msg":"HTTP Server listening on port 52935"}
{"level":30,"time":1629754852585,"pid":5903,"hostname":"fv-az39-461","name":"@waytrade/microservice-core","msg":"API Server started at port 52935"}
{"level":20,"time":1629754852585,"pid":5903,"hostname":"fv-az39-461","name":"@waytrade/microservice-core","msg":"HTTP Server on port 52935 stopped"}
{"level":30,"time":1629754852585,"pid":5903,"hostname":"fv-az39-461","name":"@waytrade/microservice-core","msg":"App stopped."}
{"level":30,"time":1629754852827,"pid":5903,"hostname":"fv-az39-461","name":"@waytrade/microservice-core","msg":"Starting App..."}
{"level":20,"time":1629754852827,"pid":5903,"hostname":"fv-az39-461","name":"@waytrade/microservice-core","msg":"Starting HTTP Server on port 0"}
{"level":20,"time":1629754852827,"pid":5903,"hostname":"fv-az39-461","name":"@waytrade/microservice-core","msg":"HTTP Server listening on port 50821"}
{"level":30,"time":1629754852827,"pid":5903,"hostname":"fv-az39-461","name":"@waytrade/microservice-core","msg":"API Server started at port 50821"}
{"level":20,"time":1629754852828,"pid":5903,"hostname":"fv-az39-461","name":"@waytrade/microservice-core","msg":"HTTP Server on port 50821 stopped"}
{"level":30,"time":1629754852828,"pid":5903,"hostname":"fv-az39-461","name":"@waytrade/microservice-core","msg":"App stopped."}
{"level":30,"time":1629754852829,"pid":5903,"hostname":"fv-az39-461","name":"@waytrade/microservice-core","msg":"Starting App..."}
{"level":20,"time":1629754852829,"pid":5903,"hostname":"fv-az39-461","name":"@waytrade/microservice-core","msg":"Starting HTTP Server on port 0"}
{"level":20,"time":1629754852829,"pid":5903,"hostname":"fv-az39-461","name":"@waytrade/microservice-core","msg":"HTTP Server listening on port 33095"}
{"level":30,"time":1629754852830,"pid":5903,"hostname":"fv-az39-461","name":"@waytrade/microservice-core","msg":"API Server started at port 33095"}
{"level":20,"time":1629754852830,"pid":5903,"hostname":"fv-az39-461","name":"@waytrade/microservice-core","msg":"HTTP Server on port 33095 stopped"}
{"level":30,"time":1629754852830,"pid":5903,"hostname":"fv-az39-461","name":"@waytrade/microservice-core","msg":"App stopped."}
{"level":30,"time":1629754852831,"pid":5903,"hostname":"fv-az39-461","name":"@waytrade/microservice-core","msg":"Starting App..."}
{"level":20,"time":1629754852831,"pid":5903,"hostname":"fv-az39-461","name":"@waytrade/microservice-core","msg":"Starting HTTP Server on port 0"}
{"level":20,"time":1629754852831,"pid":5903,"hostname":"fv-az39-461","name":"@waytrade/microservice-core","msg":"HTTP Server listening on port 58581"}
{"level":30,"time":1629754852831,"pid":5903,"hostname":"fv-az39-461","name":"@waytrade/microservice-core","msg":"API Server started at port 58581"}
{"level":20,"time":1629754852832,"pid":5903,"hostname":"fv-az39-461","name":"@waytrade/microservice-core","msg":"HTTP Server on port 58581 stopped"}
{"level":30,"time":1629754852832,"pid":5903,"hostname":"fv-az39-461","name":"@waytrade/microservice-core","msg":"App stopped."}
{"level":30,"time":1629754852833,"pid":5903,"hostname":"fv-az39-461","name":"@waytrade/microservice-core","msg":"Starting App..."}
{"level":20,"time":1629754852833,"pid":5903,"hostname":"fv-az39-461","name":"@waytrade/microservice-core","msg":"Starting HTTP Server on port 0"}
{"level":20,"time":1629754852833,"pid":5903,"hostname":"fv-az39-461","name":"@waytrade/microservice-core","msg":"HTTP Server listening on port 41825"}
{"level":30,"time":1629754852833,"pid":5903,"hostname":"fv-az39-461","name":"@waytrade/microservice-core","msg":"API Server started at port 41825"}
{"level":20,"time":1629754852833,"pid":5903,"hostname":"fv-az39-461","name":"@waytrade/microservice-core","msg":"HTTP Server on port 41825 stopped"}
{"level":30,"time":1629754852833,"pid":5903,"hostname":"fv-az39-461","name":"@waytrade/microservice-core","msg":"App stopped."}
{"level":30,"time":1629754853311,"pid":5903,"hostname":"fv-az39-461","name":"@waytrade/microservice-core","msg":"Starting App..."}
{"level":20,"time":1629754853311,"pid":5903,"hostname":"fv-az39-461","name":"@waytrade/microservice-core","msg":"Starting HTTP Server on port 0"}
{"level":20,"time":1629754853311,"pid":5903,"hostname":"fv-az39-461","name":"@waytrade/microservice-core","msg":"HTTP Server listening on port 48083"}
{"level":30,"time":1629754853311,"pid":5903,"hostname":"fv-az39-461","name":"@waytrade/microservice-core","msg":"API Server started at port 48083"}
{"level":20,"time":1629754853312,"pid":5903,"hostname":"fv-az39-461","name":"@waytrade/microservice-core","msg":"HTTP Server on port 48083 stopped"}
{"level":30,"time":1629754853312,"pid":5903,"hostname":"fv-az39-461","name":"@waytrade/microservice-core","msg":"App stopped."}
{"level":30,"time":1629754853314,"pid":5903,"hostname":"fv-az39-461","name":"@waytrade/microservice-core","msg":"Starting App..."}
{"level":20,"time":1629754853314,"pid":5903,"hostname":"fv-az39-461","name":"@waytrade/microservice-core","msg":"Starting HTTP Server on port 0"}
{"level":20,"time":1629754853314,"pid":5903,"hostname":"fv-az39-461","name":"@waytrade/microservice-core","msg":"HTTP Server listening on port 46429"}
{"level":50,"time":1629754853314,"pid":5903,"hostname":"fv-az39-461","name":"@waytrade/microservice-core","msg":"App start failed: Controller booth failed"}
{"level":20,"time":1629754853315,"pid":5903,"hostname":"fv-az39-461","name":"@waytrade/microservice-core","msg":"HTTP Server on port 46429 stopped"}
{"level":30,"time":1629754853315,"pid":5903,"hostname":"fv-az39-461","name":"@waytrade/microservice-core","msg":"App stopped."}
{"level":30,"time":1629754853316,"pid":5903,"hostname":"fv-az39-461","name":"@waytrade/microservice-core","msg":"Starting App..."}
{"level":20,"time":1629754853316,"pid":5903,"hostname":"fv-az39-461","name":"@waytrade/microservice-core","msg":"Starting HTTP Server on port 0"}
{"level":20,"time":1629754853316,"pid":5903,"hostname":"fv-az39-461","name":"@waytrade/microservice-core","msg":"HTTP Server listening on port 46761"}
{"level":50,"time":1629754853316,"pid":5903,"hostname":"fv-az39-461","name":"@waytrade/microservice-core","msg":"App start failed: Controller booth failed"}
{"level":20,"time":1629754853316,"pid":5903,"hostname":"fv-az39-461","name":"@waytrade/microservice-core","msg":"HTTP Server on port 46761 stopped"}
{"level":30,"time":1629754853316,"pid":5903,"hostname":"fv-az39-461","name":"@waytrade/microservice-core","msg":"App stopped."}
{"level":20,"time":1629754853550,"pid":5903,"hostname":"fv-az39-461","name":"@waytrade/microservice-core","msg":"Starting HTTP Server on port 0"}
{"level":20,"time":1629754853550,"pid":5903,"hostname":"fv-az39-461","name":"@waytrade/microservice-core","msg":"HTTP Server listening on port 33523"}
{"level":20,"time":1629754853552,"pid":5903,"hostname":"fv-az39-461","name":"@waytrade/microservice-core","msg":"HTTP get /api/dummy/ -> 200 (0ms)"}
{"level":20,"time":1629754853554,"pid":5903,"hostname":"fv-az39-461","name":"@waytrade/microservice-core","msg":"HTTP Server on port 33523 stopped"}
