{"level":20,"time":1627245559691,"pid":5957,"hostname":"fv-az39-289","name":"@waytrade/microservice-core","msg":"HTTP Server listening on port 34199"}
{"level":20,"time":1627245559716,"pid":5957,"hostname":"fv-az39-289","name":"@waytrade/microservice-core","msg":"HTTP get /openapi.json -> 200 (3ms)"}
{"level":20,"time":1627245559721,"pid":5957,"hostname":"fv-az39-289","name":"@waytrade/microservice-core","msg":"HTTP Server on port 34199 stopped"}
{"level":20,"time":1627245559724,"pid":5957,"hostname":"fv-az39-289","name":"@waytrade/microservice-core","msg":"HTTP Server listening on port 54063"}
{"level":20,"time":1627245559729,"pid":5957,"hostname":"fv-az39-289","name":"@waytrade/microservice-core","msg":"HTTP get /openapi.json -> 200 (1ms)"}
{"level":20,"time":1627245559751,"pid":5957,"hostname":"fv-az39-289","name":"@waytrade/microservice-core","msg":"HTTP Server on port 54063 stopped"}
{"level":20,"time":1627245559758,"pid":5957,"hostname":"fv-az39-289","name":"@waytrade/microservice-core","msg":"HTTP Server listening on port 60127"}
{"level":20,"time":1627245559762,"pid":5957,"hostname":"fv-az39-289","name":"@waytrade/microservice-core","msg":"HTTP Server listening on port 54005"}
{"level":20,"time":1627245559767,"pid":5957,"hostname":"fv-az39-289","name":"@waytrade/microservice-core","msg":"HTTP get /openapi.json -> 200 (1ms)"}
{"level":20,"time":1627245559767,"pid":5957,"hostname":"fv-az39-289","name":"@waytrade/microservice-core","msg":"HTTP get / -> 200 (0ms)"}
{"level":20,"time":1627245559775,"pid":5957,"hostname":"fv-az39-289","name":"@waytrade/microservice-core","msg":"HTTP Server on port 60127 stopped"}
{"level":20,"time":1627245559777,"pid":5957,"hostname":"fv-az39-289","name":"@waytrade/microservice-core","msg":"HTTP Server on port 54005 stopped"}
{"level":20,"time":1627245559779,"pid":5957,"hostname":"fv-az39-289","name":"@waytrade/microservice-core","msg":"HTTP Server listening on port 59493"}
{"level":20,"time":1627245559791,"pid":5957,"hostname":"fv-az39-289","name":"@waytrade/microservice-core","msg":"HTTP get /swagger-ui.css -> 200 (3ms)"}
{"level":20,"time":1627245559795,"pid":5957,"hostname":"fv-az39-289","name":"@waytrade/microservice-core","msg":"HTTP Server on port 59493 stopped"}
{"level":20,"time":1627245559796,"pid":5957,"hostname":"fv-az39-289","name":"@waytrade/microservice-core","msg":"HTTP Server listening on port 35529"}
{"level":20,"time":1627245559815,"pid":5957,"hostname":"fv-az39-289","name":"@waytrade/microservice-core","msg":"HTTP get /swagger-ui-bundle.js -> 200 (16ms)"}
{"level":20,"time":1627245559833,"pid":5957,"hostname":"fv-az39-289","name":"@waytrade/microservice-core","msg":"HTTP Server on port 35529 stopped"}
{"level":20,"time":1627245559835,"pid":5957,"hostname":"fv-az39-289","name":"@waytrade/microservice-core","msg":"HTTP Server listening on port 41921"}
{"level":20,"time":1627245559843,"pid":5957,"hostname":"fv-az39-289","name":"@waytrade/microservice-core","msg":"HTTP get /swagger-ui-standalone-preset.js -> 200 (5ms)"}
{"level":20,"time":1627245559849,"pid":5957,"hostname":"fv-az39-289","name":"@waytrade/microservice-core","msg":"HTTP Server on port 41921 stopped"}
{"level":20,"time":1627245561288,"pid":5957,"hostname":"fv-az39-289","name":"@waytrade/microservice-core","msg":"HTTP Server listening on port 41575"}
{"level":20,"time":1627245561289,"pid":5957,"hostname":"fv-az39-289","name":"@waytrade/microservice-core","msg":"HTTP Server listening on port 46101"}
{"level":30,"time":1627245561289,"pid":5957,"hostname":"fv-az39-289","name":"@waytrade/microservice-core","msg":"API Server started at port 41575"}
{"level":30,"time":1627245561289,"pid":5957,"hostname":"fv-az39-289","name":"@waytrade/microservice-core","msg":"Webhook Callback Server started at port 46101"}
{"level":20,"time":1627245561323,"pid":5957,"hostname":"fv-az39-289","name":"@waytrade/microservice-core","msg":"HTTP post /subscribe -> 400 (1ms)"}
{"level":20,"time":1627245561339,"pid":5957,"hostname":"fv-az39-289","name":"@waytrade/microservice-core","msg":"HTTP Server on port 41575 stopped"}
{"level":20,"time":1627245561340,"pid":5957,"hostname":"fv-az39-289","name":"@waytrade/microservice-core","msg":"HTTP Server on port 46101 stopped"}
{"level":30,"time":1627245561340,"pid":5957,"hostname":"fv-az39-289","name":"@waytrade/microservice-core","msg":"App stopped."}
{"level":20,"time":1627245561367,"pid":5957,"hostname":"fv-az39-289","name":"@waytrade/microservice-core","msg":"HTTP Server listening on port 57069"}
{"level":20,"time":1627245561376,"pid":5957,"hostname":"fv-az39-289","name":"@waytrade/microservice-core","msg":"HTTP Server listening on port 44247"}
{"level":30,"time":1627245561376,"pid":5957,"hostname":"fv-az39-289","name":"@waytrade/microservice-core","msg":"API Server started at port 57069"}
{"level":30,"time":1627245561376,"pid":5957,"hostname":"fv-az39-289","name":"@waytrade/microservice-core","msg":"Webhook Callback Server started at port 44247"}
{"level":20,"time":1627245561401,"pid":5957,"hostname":"fv-az39-289","name":"@waytrade/microservice-core","msg":"HTTP post /subscribe -> 201 (1ms)"}
{"level":20,"time":1627245561433,"pid":5957,"hostname":"fv-az39-289","name":"@waytrade/microservice-core","msg":"HTTP post /subscribe -> 204 (0ms)"}
{"level":20,"time":1627245561442,"pid":5957,"hostname":"fv-az39-289","name":"@waytrade/microservice-core","msg":"HTTP Server on port 57069 stopped"}
{"level":20,"time":1627245561442,"pid":5957,"hostname":"fv-az39-289","name":"@waytrade/microservice-core","msg":"HTTP Server on port 44247 stopped"}
{"level":30,"time":1627245561442,"pid":5957,"hostname":"fv-az39-289","name":"@waytrade/microservice-core","msg":"App stopped."}
{"level":20,"time":1627245561445,"pid":5957,"hostname":"fv-az39-289","name":"@waytrade/microservice-core","msg":"HTTP Server listening on port 40053"}
{"level":20,"time":1627245561446,"pid":5957,"hostname":"fv-az39-289","name":"@waytrade/microservice-core","msg":"HTTP Server listening on port 52839"}
{"level":30,"time":1627245561446,"pid":5957,"hostname":"fv-az39-289","name":"@waytrade/microservice-core","msg":"API Server started at port 40053"}
{"level":30,"time":1627245561446,"pid":5957,"hostname":"fv-az39-289","name":"@waytrade/microservice-core","msg":"Webhook Callback Server started at port 52839"}
{"level":20,"time":1627245561467,"pid":5957,"hostname":"fv-az39-289","name":"@waytrade/microservice-core","msg":"HTTP post /subscribe -> 201 (1ms)"}
{"level":20,"time":1627245561500,"pid":5957,"hostname":"fv-az39-289","name":"@waytrade/microservice-core","msg":"HTTP post /subscribe -> 201 (1ms)"}
{"level":20,"time":1627245561506,"pid":5957,"hostname":"fv-az39-289","name":"@waytrade/microservice-core","msg":"HTTP Server on port 40053 stopped"}
{"level":20,"time":1627245561506,"pid":5957,"hostname":"fv-az39-289","name":"@waytrade/microservice-core","msg":"HTTP Server on port 52839 stopped"}
{"level":30,"time":1627245561506,"pid":5957,"hostname":"fv-az39-289","name":"@waytrade/microservice-core","msg":"App stopped."}
{"level":20,"time":1627245561509,"pid":5957,"hostname":"fv-az39-289","name":"@waytrade/microservice-core","msg":"HTTP Server listening on port 44203"}
{"level":20,"time":1627245561510,"pid":5957,"hostname":"fv-az39-289","name":"@waytrade/microservice-core","msg":"HTTP Server listening on port 59427"}
{"level":30,"time":1627245561510,"pid":5957,"hostname":"fv-az39-289","name":"@waytrade/microservice-core","msg":"API Server started at port 44203"}
{"level":30,"time":1627245561510,"pid":5957,"hostname":"fv-az39-289","name":"@waytrade/microservice-core","msg":"Webhook Callback Server started at port 59427"}
{"level":20,"time":1627245561514,"pid":5957,"hostname":"fv-az39-289","name":"@waytrade/microservice-core","msg":"HTTP post /subscribe -> 201 (0ms)"}
{"level":20,"time":1627245561520,"pid":5957,"hostname":"fv-az39-289","name":"@waytrade/microservice-core","msg":"HTTP post /unsubscribe -> 200 (0ms)"}
{"level":20,"time":1627245561522,"pid":5957,"hostname":"fv-az39-289","name":"@waytrade/microservice-core","msg":"HTTP Server on port 44203 stopped"}
{"level":20,"time":1627245561522,"pid":5957,"hostname":"fv-az39-289","name":"@waytrade/microservice-core","msg":"HTTP Server on port 59427 stopped"}
{"level":30,"time":1627245561522,"pid":5957,"hostname":"fv-az39-289","name":"@waytrade/microservice-core","msg":"App stopped."}
{"level":20,"time":1627245561525,"pid":5957,"hostname":"fv-az39-289","name":"@waytrade/microservice-core","msg":"HTTP Server listening on port 49247"}
{"level":20,"time":1627245561525,"pid":5957,"hostname":"fv-az39-289","name":"@waytrade/microservice-core","msg":"HTTP Server listening on port 42693"}
{"level":30,"time":1627245561525,"pid":5957,"hostname":"fv-az39-289","name":"@waytrade/microservice-core","msg":"API Server started at port 49247"}
{"level":30,"time":1627245561525,"pid":5957,"hostname":"fv-az39-289","name":"@waytrade/microservice-core","msg":"Webhook Callback Server started at port 42693"}
{"level":20,"time":1627245561529,"pid":5957,"hostname":"fv-az39-289","name":"@waytrade/microservice-core","msg":"HTTP post /unsubscribe -> 400 (0ms)"}
{"level":20,"time":1627245561531,"pid":5957,"hostname":"fv-az39-289","name":"@waytrade/microservice-core","msg":"HTTP Server on port 49247 stopped"}
{"level":20,"time":1627245561531,"pid":5957,"hostname":"fv-az39-289","name":"@waytrade/microservice-core","msg":"HTTP Server on port 42693 stopped"}
{"level":30,"time":1627245561531,"pid":5957,"hostname":"fv-az39-289","name":"@waytrade/microservice-core","msg":"App stopped."}
{"level":20,"time":1627245561534,"pid":5957,"hostname":"fv-az39-289","name":"@waytrade/microservice-core","msg":"HTTP Server listening on port 60087"}
{"level":20,"time":1627245561534,"pid":5957,"hostname":"fv-az39-289","name":"@waytrade/microservice-core","msg":"HTTP Server listening on port 60991"}
{"level":30,"time":1627245561535,"pid":5957,"hostname":"fv-az39-289","name":"@waytrade/microservice-core","msg":"API Server started at port 60087"}
{"level":30,"time":1627245561535,"pid":5957,"hostname":"fv-az39-289","name":"@waytrade/microservice-core","msg":"Webhook Callback Server started at port 60991"}
{"level":20,"time":1627245561538,"pid":5957,"hostname":"fv-az39-289","name":"@waytrade/microservice-core","msg":"HTTP post /unsubscribe -> 404 (0ms)"}
{"level":20,"time":1627245561540,"pid":5957,"hostname":"fv-az39-289","name":"@waytrade/microservice-core","msg":"HTTP Server on port 60087 stopped"}
{"level":20,"time":1627245561540,"pid":5957,"hostname":"fv-az39-289","name":"@waytrade/microservice-core","msg":"HTTP Server on port 60991 stopped"}
{"level":30,"time":1627245561540,"pid":5957,"hostname":"fv-az39-289","name":"@waytrade/microservice-core","msg":"App stopped."}
{"level":20,"time":1627245561543,"pid":5957,"hostname":"fv-az39-289","name":"@waytrade/microservice-core","msg":"HTTP Server listening on port 56099"}
{"level":20,"time":1627245561543,"pid":5957,"hostname":"fv-az39-289","name":"@waytrade/microservice-core","msg":"HTTP Server listening on port 44459"}
{"level":30,"time":1627245561543,"pid":5957,"hostname":"fv-az39-289","name":"@waytrade/microservice-core","msg":"API Server started at port 56099"}
{"level":30,"time":1627245561544,"pid":5957,"hostname":"fv-az39-289","name":"@waytrade/microservice-core","msg":"Webhook Callback Server started at port 44459"}
{"level":20,"time":1627245561549,"pid":5957,"hostname":"fv-az39-289","name":"@waytrade/microservice-core","msg":"HTTP post /subscribe -> 201 (0ms)"}
{"level":20,"time":1627245561560,"pid":5957,"hostname":"fv-az39-289","name":"@waytrade/microservice-core","msg":"HTTP Server on port 56099 stopped"}
{"level":20,"time":1627245561560,"pid":5957,"hostname":"fv-az39-289","name":"@waytrade/microservice-core","msg":"HTTP Server on port 44459 stopped"}
{"level":30,"time":1627245561560,"pid":5957,"hostname":"fv-az39-289","name":"@waytrade/microservice-core","msg":"App stopped."}
{"level":20,"time":1627245561560,"pid":5957,"hostname":"fv-az39-289","name":"@waytrade/microservice-core","msg":"HTTP post /callback -> 200 (1ms)"}
{"level":20,"time":1627245561562,"pid":5957,"hostname":"fv-az39-289","name":"@waytrade/microservice-core","msg":"HTTP Server listening on port 32869"}
{"level":20,"time":1627245561563,"pid":5957,"hostname":"fv-az39-289","name":"@waytrade/microservice-core","msg":"HTTP Server listening on port 41651"}
{"level":30,"time":1627245561563,"pid":5957,"hostname":"fv-az39-289","name":"@waytrade/microservice-core","msg":"API Server started at port 32869"}
{"level":30,"time":1627245561563,"pid":5957,"hostname":"fv-az39-289","name":"@waytrade/microservice-core","msg":"Webhook Callback Server started at port 41651"}
{"level":20,"time":1627245561568,"pid":5957,"hostname":"fv-az39-289","name":"@waytrade/microservice-core","msg":"HTTP post /subscribe -> 201 (0ms)"}
{"level":20,"time":1627245561576,"pid":5957,"hostname":"fv-az39-289","name":"@waytrade/microservice-core","msg":"HTTP Server on port 32869 stopped"}
{"level":20,"time":1627245561576,"pid":5957,"hostname":"fv-az39-289","name":"@waytrade/microservice-core","msg":"HTTP Server on port 41651 stopped"}
{"level":30,"time":1627245561576,"pid":5957,"hostname":"fv-az39-289","name":"@waytrade/microservice-core","msg":"App stopped."}
{"level":20,"time":1627245561576,"pid":5957,"hostname":"fv-az39-289","name":"@waytrade/microservice-core","msg":"HTTP post /callback -> 200 (0ms)"}
{"level":20,"time":1627245561578,"pid":5957,"hostname":"fv-az39-289","name":"@waytrade/microservice-core","msg":"HTTP Server listening on port 50039"}
{"level":20,"time":1627245561579,"pid":5957,"hostname":"fv-az39-289","name":"@waytrade/microservice-core","msg":"HTTP Server listening on port 59673"}
{"level":30,"time":1627245561579,"pid":5957,"hostname":"fv-az39-289","name":"@waytrade/microservice-core","msg":"API Server started at port 50039"}
{"level":30,"time":1627245561579,"pid":5957,"hostname":"fv-az39-289","name":"@waytrade/microservice-core","msg":"Webhook Callback Server started at port 59673"}
{"level":20,"time":1627245561584,"pid":5957,"hostname":"fv-az39-289","name":"@waytrade/microservice-core","msg":"HTTP post /subscribe -> 201 (0ms)"}
{"level":20,"time":1627245561595,"pid":5957,"hostname":"fv-az39-289","name":"@waytrade/microservice-core","msg":"HTTP post /callback -> 418 (1ms)"}
{"level":20,"time":1627245561599,"pid":5957,"hostname":"fv-az39-289","name":"@waytrade/microservice-core","msg":"HTTP post /subscribe -> 201 (0ms)"}
{"level":20,"time":1627245561601,"pid":5957,"hostname":"fv-az39-289","name":"@waytrade/microservice-core","msg":"HTTP Server on port 50039 stopped"}
{"level":20,"time":1627245561601,"pid":5957,"hostname":"fv-az39-289","name":"@waytrade/microservice-core","msg":"HTTP Server on port 59673 stopped"}
{"level":30,"time":1627245561601,"pid":5957,"hostname":"fv-az39-289","name":"@waytrade/microservice-core","msg":"App stopped."}
{"level":20,"time":1627245561604,"pid":5957,"hostname":"fv-az39-289","name":"@waytrade/microservice-core","msg":"HTTP Server listening on port 53967"}
{"level":20,"time":1627245561604,"pid":5957,"hostname":"fv-az39-289","name":"@waytrade/microservice-core","msg":"HTTP Server listening on port 34843"}
{"level":30,"time":1627245561604,"pid":5957,"hostname":"fv-az39-289","name":"@waytrade/microservice-core","msg":"API Server started at port 53967"}
{"level":30,"time":1627245561604,"pid":5957,"hostname":"fv-az39-289","name":"@waytrade/microservice-core","msg":"Webhook Callback Server started at port 34843"}
{"level":20,"time":1627245561608,"pid":5957,"hostname":"fv-az39-289","name":"@waytrade/microservice-core","msg":"HTTP post /subscribe -> 201 (0ms)"}
{"level":20,"time":1627245561614,"pid":5957,"hostname":"fv-az39-289","name":"@waytrade/microservice-core","msg":"HTTP post /subscribe -> 201 (1ms)"}
{"level":20,"time":1627245561621,"pid":5957,"hostname":"fv-az39-289","name":"@waytrade/microservice-core","msg":"HTTP Server on port 53967 stopped"}
{"level":20,"time":1627245561621,"pid":5957,"hostname":"fv-az39-289","name":"@waytrade/microservice-core","msg":"HTTP Server on port 34843 stopped"}
{"level":30,"time":1627245561621,"pid":5957,"hostname":"fv-az39-289","name":"@waytrade/microservice-core","msg":"App stopped."}
{"level":20,"time":1627245562154,"pid":5957,"hostname":"fv-az39-289","name":"@waytrade/microservice-core","msg":"HTTP Server listening on port 40721"}
{"level":20,"time":1627245562160,"pid":5957,"hostname":"fv-az39-289","name":"@waytrade/microservice-core","msg":"HTTP get /api/test/ -> 200 (0ms)"}
{"level":20,"time":1627245562162,"pid":5957,"hostname":"fv-az39-289","name":"@waytrade/microservice-core","msg":"HTTP Server on port 40721 stopped"}
{"level":20,"time":1627245562164,"pid":5957,"hostname":"fv-az39-289","name":"@waytrade/microservice-core","msg":"HTTP Server listening on port 45191"}
{"level":20,"time":1627245562173,"pid":5957,"hostname":"fv-az39-289","name":"@waytrade/microservice-core","msg":"HTTP get /api/test/error -> 418 (0ms)"}
{"level":20,"time":1627245562176,"pid":5957,"hostname":"fv-az39-289","name":"@waytrade/microservice-core","msg":"HTTP Server on port 45191 stopped"}
{"level":20,"time":1627245562177,"pid":5957,"hostname":"fv-az39-289","name":"@waytrade/microservice-core","msg":"HTTP Server listening on port 41839"}
{"level":20,"time":1627245562229,"pid":5957,"hostname":"fv-az39-289","name":"@waytrade/microservice-core","msg":"HTTP get /api/test/serverError -> 500 (49ms)"}
{"level":20,"time":1627245562231,"pid":5957,"hostname":"fv-az39-289","name":"@waytrade/microservice-core","msg":"HTTP Server on port 41839 stopped"}
{"level":20,"time":1627245562233,"pid":5957,"hostname":"fv-az39-289","name":"@waytrade/microservice-core","msg":"HTTP Server listening on port 36229"}
{"level":20,"time":1627245562237,"pid":5957,"hostname":"fv-az39-289","name":"@waytrade/microservice-core","msg":"HTTP put /api/test/ -> 200 (0ms)"}
{"level":20,"time":1627245562240,"pid":5957,"hostname":"fv-az39-289","name":"@waytrade/microservice-core","msg":"HTTP Server on port 36229 stopped"}
{"level":20,"time":1627245562241,"pid":5957,"hostname":"fv-az39-289","name":"@waytrade/microservice-core","msg":"HTTP Server listening on port 47289"}
{"level":20,"time":1627245562249,"pid":5957,"hostname":"fv-az39-289","name":"@waytrade/microservice-core","msg":"HTTP put /api/test/error -> 418 (0ms)"}
{"level":20,"time":1627245562252,"pid":5957,"hostname":"fv-az39-289","name":"@waytrade/microservice-core","msg":"HTTP Server on port 47289 stopped"}
{"level":20,"time":1627245562254,"pid":5957,"hostname":"fv-az39-289","name":"@waytrade/microservice-core","msg":"HTTP Server listening on port 42881"}
{"level":20,"time":1627245562258,"pid":5957,"hostname":"fv-az39-289","name":"@waytrade/microservice-core","msg":"HTTP post /api/test/ -> 200 (1ms)"}
{"level":20,"time":1627245562260,"pid":5957,"hostname":"fv-az39-289","name":"@waytrade/microservice-core","msg":"HTTP Server on port 42881 stopped"}
{"level":20,"time":1627245562262,"pid":5957,"hostname":"fv-az39-289","name":"@waytrade/microservice-core","msg":"HTTP Server listening on port 38363"}
{"level":20,"time":1627245562265,"pid":5957,"hostname":"fv-az39-289","name":"@waytrade/microservice-core","msg":"HTTP post /api/test/error -> 418 (0ms)"}
{"level":20,"time":1627245562267,"pid":5957,"hostname":"fv-az39-289","name":"@waytrade/microservice-core","msg":"HTTP Server on port 38363 stopped"}
{"level":20,"time":1627245562269,"pid":5957,"hostname":"fv-az39-289","name":"@waytrade/microservice-core","msg":"HTTP Server listening on port 58875"}
{"level":20,"time":1627245562272,"pid":5957,"hostname":"fv-az39-289","name":"@waytrade/microservice-core","msg":"HTTP patch /api/test/ -> 200 (0ms)"}
{"level":20,"time":1627245562275,"pid":5957,"hostname":"fv-az39-289","name":"@waytrade/microservice-core","msg":"HTTP Server on port 58875 stopped"}
{"level":20,"time":1627245562276,"pid":5957,"hostname":"fv-az39-289","name":"@waytrade/microservice-core","msg":"HTTP Server listening on port 39547"}
{"level":20,"time":1627245562279,"pid":5957,"hostname":"fv-az39-289","name":"@waytrade/microservice-core","msg":"HTTP patch /api/test/error -> 418 (0ms)"}
{"level":20,"time":1627245562281,"pid":5957,"hostname":"fv-az39-289","name":"@waytrade/microservice-core","msg":"HTTP Server on port 39547 stopped"}
{"level":20,"time":1627245562283,"pid":5957,"hostname":"fv-az39-289","name":"@waytrade/microservice-core","msg":"HTTP Server listening on port 38847"}
{"level":20,"time":1627245562286,"pid":5957,"hostname":"fv-az39-289","name":"@waytrade/microservice-core","msg":"HTTP delete /api/test/ -> 200 (0ms)"}
{"level":20,"time":1627245562289,"pid":5957,"hostname":"fv-az39-289","name":"@waytrade/microservice-core","msg":"HTTP Server on port 38847 stopped"}
{"level":20,"time":1627245562290,"pid":5957,"hostname":"fv-az39-289","name":"@waytrade/microservice-core","msg":"HTTP Server listening on port 53203"}
{"level":20,"time":1627245562296,"pid":5957,"hostname":"fv-az39-289","name":"@waytrade/microservice-core","msg":"HTTP delete /api/test/error -> 418 (0ms)"}
{"level":20,"time":1627245562312,"pid":5957,"hostname":"fv-az39-289","name":"@waytrade/microservice-core","msg":"HTTP Server on port 53203 stopped"}
{"level":20,"time":1627245562834,"pid":5957,"hostname":"fv-az39-289","name":"@waytrade/microservice-core","msg":"HTTP Server listening on port 46275"}
{"level":20,"time":1627245562840,"pid":5957,"hostname":"fv-az39-289","name":"@waytrade/microservice-core","msg":"HTTP get /api/test/ -> 200 (0ms)"}
{"level":20,"time":1627245562843,"pid":5957,"hostname":"fv-az39-289","name":"@waytrade/microservice-core","msg":"HTTP Server on port 46275 stopped"}
{"level":20,"time":1627245562844,"pid":5957,"hostname":"fv-az39-289","name":"@waytrade/microservice-core","msg":"HTTP Server listening on port 51949"}
{"level":20,"time":1627245562847,"pid":5957,"hostname":"fv-az39-289","name":"@waytrade/microservice-core","msg":"HTTP get /api/test/notImplemented -> 501 (0ms)"}
{"level":20,"time":1627245562849,"pid":5957,"hostname":"fv-az39-289","name":"@waytrade/microservice-core","msg":"HTTP Server on port 51949 stopped"}
{"level":20,"time":1627245562851,"pid":5957,"hostname":"fv-az39-289","name":"@waytrade/microservice-core","msg":"HTTP Server listening on port 57861"}
{"level":20,"time":1627245562855,"pid":5957,"hostname":"fv-az39-289","name":"@waytrade/microservice-core","msg":"HTTP put /api/test/ -> 200 (1ms)"}
{"level":20,"time":1627245562857,"pid":5957,"hostname":"fv-az39-289","name":"@waytrade/microservice-core","msg":"HTTP Server on port 57861 stopped"}
{"level":20,"time":1627245562858,"pid":5957,"hostname":"fv-az39-289","name":"@waytrade/microservice-core","msg":"HTTP Server listening on port 38717"}
{"level":20,"time":1627245562869,"pid":5957,"hostname":"fv-az39-289","name":"@waytrade/microservice-core","msg":"HTTP put /api/test/notImplemented -> 501 (0ms)"}
{"level":20,"time":1627245562871,"pid":5957,"hostname":"fv-az39-289","name":"@waytrade/microservice-core","msg":"HTTP Server on port 38717 stopped"}
{"level":20,"time":1627245562873,"pid":5957,"hostname":"fv-az39-289","name":"@waytrade/microservice-core","msg":"HTTP Server listening on port 48081"}
{"level":20,"time":1627245562877,"pid":5957,"hostname":"fv-az39-289","name":"@waytrade/microservice-core","msg":"HTTP post /api/test/ -> 200 (0ms)"}
{"level":20,"time":1627245562880,"pid":5957,"hostname":"fv-az39-289","name":"@waytrade/microservice-core","msg":"HTTP Server on port 48081 stopped"}
{"level":20,"time":1627245562881,"pid":5957,"hostname":"fv-az39-289","name":"@waytrade/microservice-core","msg":"HTTP Server listening on port 45295"}
{"level":20,"time":1627245562884,"pid":5957,"hostname":"fv-az39-289","name":"@waytrade/microservice-core","msg":"HTTP post /api/test/notImplemented -> 501 (0ms)"}
{"level":20,"time":1627245562886,"pid":5957,"hostname":"fv-az39-289","name":"@waytrade/microservice-core","msg":"HTTP Server on port 45295 stopped"}
{"level":20,"time":1627245562888,"pid":5957,"hostname":"fv-az39-289","name":"@waytrade/microservice-core","msg":"HTTP Server listening on port 60693"}
{"level":20,"time":1627245562891,"pid":5957,"hostname":"fv-az39-289","name":"@waytrade/microservice-core","msg":"HTTP patch /api/test/ -> 200 (0ms)"}
{"level":20,"time":1627245562894,"pid":5957,"hostname":"fv-az39-289","name":"@waytrade/microservice-core","msg":"HTTP Server on port 60693 stopped"}
{"level":20,"time":1627245562895,"pid":5957,"hostname":"fv-az39-289","name":"@waytrade/microservice-core","msg":"HTTP Server listening on port 41343"}
{"level":20,"time":1627245562898,"pid":5957,"hostname":"fv-az39-289","name":"@waytrade/microservice-core","msg":"HTTP post /api/test/notImplemented -> 501 (0ms)"}
{"level":20,"time":1627245562900,"pid":5957,"hostname":"fv-az39-289","name":"@waytrade/microservice-core","msg":"HTTP Server on port 41343 stopped"}
{"level":20,"time":1627245562901,"pid":5957,"hostname":"fv-az39-289","name":"@waytrade/microservice-core","msg":"HTTP Server listening on port 38567"}
{"level":20,"time":1627245562910,"pid":5957,"hostname":"fv-az39-289","name":"@waytrade/microservice-core","msg":"HTTP delete /api/test/ -> 200 (1ms)"}
{"level":20,"time":1627245562912,"pid":5957,"hostname":"fv-az39-289","name":"@waytrade/microservice-core","msg":"HTTP Server on port 38567 stopped"}
{"level":20,"time":1627245562913,"pid":5957,"hostname":"fv-az39-289","name":"@waytrade/microservice-core","msg":"HTTP Server listening on port 35521"}
{"level":20,"time":1627245562919,"pid":5957,"hostname":"fv-az39-289","name":"@waytrade/microservice-core","msg":"HTTP post /api/test/notImplemented -> 501 (0ms)"}
{"level":20,"time":1627245562921,"pid":5957,"hostname":"fv-az39-289","name":"@waytrade/microservice-core","msg":"HTTP Server on port 35521 stopped"}
{"level":20,"time":1627245563388,"pid":5957,"hostname":"fv-az39-289","name":"@waytrade/microservice-core","msg":"Debug message"}
{"level":30,"time":1627245563402,"pid":5957,"hostname":"fv-az39-289","name":"@waytrade/microservice-core","msg":"Info message"}
{"level":40,"time":1627245563402,"pid":5957,"hostname":"fv-az39-289","name":"@waytrade/microservice-core","msg":"Warning message"}
{"level":50,"time":1627245563403,"pid":5957,"hostname":"fv-az39-289","name":"@waytrade/microservice-core","msg":"Error message"}
{"level":30,"time":1627245563405,"pid":5957,"hostname":"fv-az39-289","name":"@waytrade/microservice-core","msg":"Info message"}
{"level":40,"time":1627245563405,"pid":5957,"hostname":"fv-az39-289","name":"@waytrade/microservice-core","msg":"Warning message"}
{"level":50,"time":1627245563405,"pid":5957,"hostname":"fv-az39-289","name":"@waytrade/microservice-core","msg":"Error message"}
{"level":40,"time":1627245563407,"pid":5957,"hostname":"fv-az39-289","name":"@waytrade/microservice-core","msg":"Warning message"}
{"level":50,"time":1627245563408,"pid":5957,"hostname":"fv-az39-289","name":"@waytrade/microservice-core","msg":"Error message"}
{"level":50,"time":1627245563410,"pid":5957,"hostname":"fv-az39-289","name":"@waytrade/microservice-core","msg":"Error message"}
{"level":20,"time":1627245563418,"pid":5957,"hostname":"fv-az39-289","name":"@waytrade/microservice-core","msg":"Debug message"}
{"level":30,"time":1627245563418,"pid":5957,"hostname":"fv-az39-289","name":"@waytrade/microservice-core","msg":"Info message"}
{"level":40,"time":1627245563419,"pid":5957,"hostname":"fv-az39-289","name":"@waytrade/microservice-core","msg":"Warning message"}
{"level":50,"time":1627245563419,"pid":5957,"hostname":"fv-az39-289","name":"@waytrade/microservice-core","msg":"Error message"}
{"level":20,"time":1627245563749,"pid":5957,"hostname":"fv-az39-289","name":"@waytrade/microservice-core","msg":"HTTP Server listening on port 46975"}
{"level":30,"time":1627245563749,"pid":5957,"hostname":"fv-az39-289","name":"@waytrade/microservice-core","msg":"API Server started at port 46975"}
{"level":20,"time":1627245563750,"pid":5957,"hostname":"fv-az39-289","name":"@waytrade/microservice-core","msg":"HTTP Server on port 46975 stopped"}
{"level":30,"time":1627245563750,"pid":5957,"hostname":"fv-az39-289","name":"@waytrade/microservice-core","msg":"App stopped."}
{"level":30,"time":1627245563752,"pid":5957,"hostname":"fv-az39-289","name":"@waytrade/microservice-core","msg":"Starting App..."}
{"level":20,"time":1627245563754,"pid":5957,"hostname":"fv-az39-289","name":"@waytrade/microservice-core","msg":"HTTP Server listening on port 42295"}
{"level":30,"time":1627245563754,"pid":5957,"hostname":"fv-az39-289","name":"@waytrade/microservice-core","msg":"API Server started at port 42295"}
{"level":20,"time":1627245563754,"pid":5957,"hostname":"fv-az39-289","name":"@waytrade/microservice-core","msg":"HTTP Server on port 42295 stopped"}
{"level":30,"time":1627245563754,"pid":5957,"hostname":"fv-az39-289","name":"@waytrade/microservice-core","msg":"App stopped."}
{"level":20,"time":1627245563757,"pid":5957,"hostname":"fv-az39-289","name":"@waytrade/microservice-core","msg":"HTTP Server listening on port 55107"}
{"level":30,"time":1627245563757,"pid":5957,"hostname":"fv-az39-289","name":"@waytrade/microservice-core","msg":"API Server started at port 55107"}
{"level":20,"time":1627245563757,"pid":5957,"hostname":"fv-az39-289","name":"@waytrade/microservice-core","msg":"HTTP Server on port 55107 stopped"}
{"level":30,"time":1627245563757,"pid":5957,"hostname":"fv-az39-289","name":"@waytrade/microservice-core","msg":"App stopped."}
{"level":20,"time":1627245563759,"pid":5957,"hostname":"fv-az39-289","name":"@waytrade/microservice-core","msg":"HTTP Server listening on port 42989"}
{"level":30,"time":1627245563760,"pid":5957,"hostname":"fv-az39-289","name":"@waytrade/microservice-core","msg":"API Server started at port 42989"}
{"level":20,"time":1627245563760,"pid":5957,"hostname":"fv-az39-289","name":"@waytrade/microservice-core","msg":"HTTP Server on port 42989 stopped"}
{"level":30,"time":1627245563760,"pid":5957,"hostname":"fv-az39-289","name":"@waytrade/microservice-core","msg":"App stopped."}
{"level":20,"time":1627245563763,"pid":5957,"hostname":"fv-az39-289","name":"@waytrade/microservice-core","msg":"HTTP Server listening on port 38493"}
{"level":30,"time":1627245563763,"pid":5957,"hostname":"fv-az39-289","name":"@waytrade/microservice-core","msg":"API Server started at port 38493"}
{"level":20,"time":1627245563764,"pid":5957,"hostname":"fv-az39-289","name":"@waytrade/microservice-core","msg":"HTTP Server on port 38493 stopped"}
{"level":30,"time":1627245563764,"pid":5957,"hostname":"fv-az39-289","name":"@waytrade/microservice-core","msg":"App stopped."}
{"level":20,"time":1627245563766,"pid":5957,"hostname":"fv-az39-289","name":"@waytrade/microservice-core","msg":"HTTP Server listening on port 33199"}
{"level":30,"time":1627245563767,"pid":5957,"hostname":"fv-az39-289","name":"@waytrade/microservice-core","msg":"API Server started at port 33199"}
{"level":20,"time":1627245563771,"pid":5957,"hostname":"fv-az39-289","name":"@waytrade/microservice-core","msg":"HTTP get /test/get/ -> 200 (0ms)"}
{"level":20,"time":1627245563774,"pid":5957,"hostname":"fv-az39-289","name":"@waytrade/microservice-core","msg":"HTTP Server on port 33199 stopped"}
{"level":30,"time":1627245563774,"pid":5957,"hostname":"fv-az39-289","name":"@waytrade/microservice-core","msg":"App stopped."}
{"level":30,"time":1627245563776,"pid":5957,"hostname":"fv-az39-289","name":"@waytrade/microservice-core","msg":"Starting App..."}
{"level":20,"time":1627245563777,"pid":5957,"hostname":"fv-az39-289","name":"@waytrade/microservice-core","msg":"HTTP Server listening on port 53993"}
{"level":30,"time":1627245563777,"pid":5957,"hostname":"fv-az39-289","name":"@waytrade/microservice-core","msg":"API Server started at port 53993"}
{"level":20,"time":1627245563777,"pid":5957,"hostname":"fv-az39-289","name":"@waytrade/microservice-core","msg":"Debug message"}
{"level":30,"time":1627245563777,"pid":5957,"hostname":"fv-az39-289","name":"@waytrade/microservice-core","msg":"Info message"}
{"level":40,"time":1627245563777,"pid":5957,"hostname":"fv-az39-289","name":"@waytrade/microservice-core","msg":"Warning message"}
{"level":50,"time":1627245563777,"pid":5957,"hostname":"fv-az39-289","name":"@waytrade/microservice-core","msg":"Error message"}
{"level":20,"time":1627245563777,"pid":5957,"hostname":"fv-az39-289","name":"@waytrade/microservice-core","msg":"HTTP Server on port 53993 stopped"}
{"level":30,"time":1627245563778,"pid":5957,"hostname":"fv-az39-289","name":"@waytrade/microservice-core","msg":"App stopped."}
{"level":20,"time":1627245564147,"pid":5957,"hostname":"fv-az39-289","name":"@waytrade/microservice-core","msg":"HTTP Server listening on port 45637"}
{"level":20,"time":1627245564147,"pid":5957,"hostname":"fv-az39-289","name":"@waytrade/microservice-core","msg":"HTTP Server listening on port 57883"}
{"level":30,"time":1627245564148,"pid":5957,"hostname":"fv-az39-289","name":"@waytrade/microservice-core","msg":"API Server started at port 45637"}
{"level":30,"time":1627245564148,"pid":5957,"hostname":"fv-az39-289","name":"@waytrade/microservice-core","msg":"Webhook Callback Server started at port 57883"}
{"level":20,"time":1627245564149,"pid":5957,"hostname":"fv-az39-289","name":"@waytrade/microservice-core","msg":"HTTP Server on port 45637 stopped"}
{"level":20,"time":1627245564149,"pid":5957,"hostname":"fv-az39-289","name":"@waytrade/microservice-core","msg":"HTTP Server on port 57883 stopped"}
{"level":30,"time":1627245564149,"pid":5957,"hostname":"fv-az39-289","name":"@waytrade/microservice-core","msg":"App stopped."}
{"level":20,"time":1627245564151,"pid":5957,"hostname":"fv-az39-289","name":"@waytrade/microservice-core","msg":"HTTP Server listening on port 54611"}
{"level":20,"time":1627245564152,"pid":5957,"hostname":"fv-az39-289","name":"@waytrade/microservice-core","msg":"HTTP Server listening on port 52021"}
{"level":30,"time":1627245564152,"pid":5957,"hostname":"fv-az39-289","name":"@waytrade/microservice-core","msg":"API Server started at port 54611"}
{"level":30,"time":1627245564152,"pid":5957,"hostname":"fv-az39-289","name":"@waytrade/microservice-core","msg":"Webhook Callback Server started at port 52021"}
{"level":20,"time":1627245564153,"pid":5957,"hostname":"fv-az39-289","name":"@waytrade/microservice-core","msg":"HTTP Server on port 54611 stopped"}
{"level":20,"time":1627245564153,"pid":5957,"hostname":"fv-az39-289","name":"@waytrade/microservice-core","msg":"HTTP Server on port 52021 stopped"}
{"level":30,"time":1627245564153,"pid":5957,"hostname":"fv-az39-289","name":"@waytrade/microservice-core","msg":"App stopped."}
{"level":20,"time":1627245564156,"pid":5957,"hostname":"fv-az39-289","name":"@waytrade/microservice-core","msg":"HTTP Server listening on port 40639"}
{"level":20,"time":1627245564156,"pid":5957,"hostname":"fv-az39-289","name":"@waytrade/microservice-core","msg":"HTTP Server listening on port 41555"}
{"level":20,"time":1627245564157,"pid":5957,"hostname":"fv-az39-289","name":"@waytrade/microservice-core","msg":"HTTP Server on port 40639 stopped"}
{"level":20,"time":1627245564157,"pid":5957,"hostname":"fv-az39-289","name":"@waytrade/microservice-core","msg":"HTTP Server on port 41555 stopped"}
{"level":30,"time":1627245564157,"pid":5957,"hostname":"fv-az39-289","name":"@waytrade/microservice-core","msg":"App stopped."}
{"level":20,"time":1627245564159,"pid":5957,"hostname":"fv-az39-289","name":"@waytrade/microservice-core","msg":"HTTP Server listening on port 59967"}
{"level":20,"time":1627245564159,"pid":5957,"hostname":"fv-az39-289","name":"@waytrade/microservice-core","msg":"HTTP Server listening on port 52117"}
{"level":20,"time":1627245564160,"pid":5957,"hostname":"fv-az39-289","name":"@waytrade/microservice-core","msg":"HTTP Server on port 59967 stopped"}
{"level":20,"time":1627245564160,"pid":5957,"hostname":"fv-az39-289","name":"@waytrade/microservice-core","msg":"HTTP Server on port 52117 stopped"}
{"level":30,"time":1627245564160,"pid":5957,"hostname":"fv-az39-289","name":"@waytrade/microservice-core","msg":"App stopped."}
{"level":20,"time":1627245564162,"pid":5957,"hostname":"fv-az39-289","name":"@waytrade/microservice-core","msg":"HTTP Server listening on port 48375"}
{"level":20,"time":1627245564162,"pid":5957,"hostname":"fv-az39-289","name":"@waytrade/microservice-core","msg":"HTTP Server listening on port 40413"}
{"level":20,"time":1627245564163,"pid":5957,"hostname":"fv-az39-289","name":"@waytrade/microservice-core","msg":"HTTP Server on port 48375 stopped"}
{"level":20,"time":1627245564163,"pid":5957,"hostname":"fv-az39-289","name":"@waytrade/microservice-core","msg":"HTTP Server on port 40413 stopped"}
{"level":30,"time":1627245564163,"pid":5957,"hostname":"fv-az39-289","name":"@waytrade/microservice-core","msg":"App stopped."}
{"level":20,"time":1627245564165,"pid":5957,"hostname":"fv-az39-289","name":"@waytrade/microservice-core","msg":"HTTP Server listening on port 44141"}
{"level":20,"time":1627245564165,"pid":5957,"hostname":"fv-az39-289","name":"@waytrade/microservice-core","msg":"HTTP Server listening on port 43127"}
{"level":20,"time":1627245564166,"pid":5957,"hostname":"fv-az39-289","name":"@waytrade/microservice-core","msg":"HTTP Server on port 44141 stopped"}
{"level":20,"time":1627245564166,"pid":5957,"hostname":"fv-az39-289","name":"@waytrade/microservice-core","msg":"HTTP Server on port 43127 stopped"}
{"level":30,"time":1627245564166,"pid":5957,"hostname":"fv-az39-289","name":"@waytrade/microservice-core","msg":"App stopped."}
{"level":20,"time":1627245564483,"pid":5957,"hostname":"fv-az39-289","name":"@waytrade/microservice-core","msg":"HTTP Server listening on port 37933"}
{"level":30,"time":1627245564484,"pid":5957,"hostname":"fv-az39-289","name":"@waytrade/microservice-core","msg":"API Server started at port 37933"}
{"level":20,"time":1627245564485,"pid":5957,"hostname":"fv-az39-289","name":"@waytrade/microservice-core","msg":"HTTP Server on port 37933 stopped"}
{"level":30,"time":1627245564485,"pid":5957,"hostname":"fv-az39-289","name":"@waytrade/microservice-core","msg":"App stopped."}
{"level":20,"time":1627245564488,"pid":5957,"hostname":"fv-az39-289","name":"@waytrade/microservice-core","msg":"HTTP Server listening on port 48999"}
{"level":30,"time":1627245564488,"pid":5957,"hostname":"fv-az39-289","name":"@waytrade/microservice-core","msg":"API Server started at port 48999"}
{"level":20,"time":1627245564489,"pid":5957,"hostname":"fv-az39-289","name":"@waytrade/microservice-core","msg":"HTTP Server on port 48999 stopped"}
{"level":30,"time":1627245564489,"pid":5957,"hostname":"fv-az39-289","name":"@waytrade/microservice-core","msg":"App stopped."}
{"level":20,"time":1627245564492,"pid":5957,"hostname":"fv-az39-289","name":"@waytrade/microservice-core","msg":"HTTP Server listening on port 37073"}
{"level":20,"time":1627245564493,"pid":5957,"hostname":"fv-az39-289","name":"@waytrade/microservice-core","msg":"HTTP Server on port 37073 stopped"}
{"level":30,"time":1627245564493,"pid":5957,"hostname":"fv-az39-289","name":"@waytrade/microservice-core","msg":"App stopped."}
{"level":20,"time":1627245564495,"pid":5957,"hostname":"fv-az39-289","name":"@waytrade/microservice-core","msg":"HTTP Server listening on port 51083"}
{"level":20,"time":1627245564495,"pid":5957,"hostname":"fv-az39-289","name":"@waytrade/microservice-core","msg":"HTTP Server on port 51083 stopped"}
{"level":30,"time":1627245564496,"pid":5957,"hostname":"fv-az39-289","name":"@waytrade/microservice-core","msg":"App stopped."}
{"level":20,"time":1627245564498,"pid":5957,"hostname":"fv-az39-289","name":"@waytrade/microservice-core","msg":"HTTP Server listening on port 45297"}
{"level":20,"time":1627245564498,"pid":5957,"hostname":"fv-az39-289","name":"@waytrade/microservice-core","msg":"HTTP Server on port 45297 stopped"}
{"level":30,"time":1627245564498,"pid":5957,"hostname":"fv-az39-289","name":"@waytrade/microservice-core","msg":"App stopped."}
{"level":20,"time":1627245564501,"pid":5957,"hostname":"fv-az39-289","name":"@waytrade/microservice-core","msg":"HTTP Server listening on port 51951"}
{"level":20,"time":1627245564501,"pid":5957,"hostname":"fv-az39-289","name":"@waytrade/microservice-core","msg":"HTTP Server on port 51951 stopped"}
{"level":30,"time":1627245564501,"pid":5957,"hostname":"fv-az39-289","name":"@waytrade/microservice-core","msg":"App stopped."}
{"level":20,"time":1627245564826,"pid":5957,"hostname":"fv-az39-289","name":"@waytrade/microservice-core","msg":"HTTP Server listening on port 38943"}
{"level":20,"time":1627245564837,"pid":5957,"hostname":"fv-az39-289","name":"@waytrade/microservice-core","msg":"HTTP Server on port 38943 stopped"}
{"level":20,"time":1627245564839,"pid":5957,"hostname":"fv-az39-289","name":"@waytrade/microservice-core","msg":"HTTP Server listening on port 33761"}
{"level":50,"time":1627245564846,"pid":5957,"hostname":"fv-az39-289","name":"@waytrade/microservice-core","msg":"Binary data on websocket not supported."}
{"level":20,"time":1627245564848,"pid":5957,"hostname":"fv-az39-289","name":"@waytrade/microservice-core","msg":"HTTP Server on port 33761 stopped"}
{"level":20,"time":1627245564849,"pid":5957,"hostname":"fv-az39-289","name":"@waytrade/microservice-core","msg":"HTTP Server listening on port 42517"}
{"level":20,"time":1627245564859,"pid":5957,"hostname":"fv-az39-289","name":"@waytrade/microservice-core","msg":"HTTP Server on port 42517 stopped"}
{"level":20,"time":1627245564859,"pid":5957,"hostname":"fv-az39-289","name":"@waytrade/microservice-core","msg":"HTTP Server on port -1 stopped"}
{"level":20,"time":1627245564861,"pid":5957,"hostname":"fv-az39-289","name":"@waytrade/microservice-core","msg":"HTTP Server listening on port 51671"}
{"level":20,"time":1627245565866,"pid":5957,"hostname":"fv-az39-289","name":"@waytrade/microservice-core","msg":"HTTP Server on port 51671 stopped"}
{"level":20,"time":1627245565868,"pid":5957,"hostname":"fv-az39-289","name":"@waytrade/microservice-core","msg":"HTTP Server listening on port 49039"}
{"level":20,"time":1627245566017,"pid":5957,"hostname":"fv-az39-289","name":"@waytrade/microservice-core","msg":"HTTP Server on port 49039 stopped"}
{"level":20,"time":1627245566019,"pid":5957,"hostname":"fv-az39-289","name":"@waytrade/microservice-core","msg":"HTTP Server listening on port 38945"}
{"level":20,"time":1627245566299,"pid":5957,"hostname":"fv-az39-289","name":"@waytrade/microservice-core","msg":"HTTP Server on port 38945 stopped"}
{"level":20,"time":1627245566561,"pid":5957,"hostname":"fv-az39-289","name":"@waytrade/microservice-core","msg":"HTTP Server listening on port 50275"}
{"level":30,"time":1627245566562,"pid":5957,"hostname":"fv-az39-289","name":"@waytrade/microservice-core","msg":"API Server started at port 50275"}
{"level":20,"time":1627245566563,"pid":5957,"hostname":"fv-az39-289","name":"@waytrade/microservice-core","msg":"HTTP Server on port 50275 stopped"}
{"level":30,"time":1627245566563,"pid":5957,"hostname":"fv-az39-289","name":"@waytrade/microservice-core","msg":"App stopped."}
{"level":20,"time":1627245566566,"pid":5957,"hostname":"fv-az39-289","name":"@waytrade/microservice-core","msg":"HTTP Server listening on port 44395"}
{"level":30,"time":1627245566566,"pid":5957,"hostname":"fv-az39-289","name":"@waytrade/microservice-core","msg":"API Server started at port 44395"}
{"level":20,"time":1627245566567,"pid":5957,"hostname":"fv-az39-289","name":"@waytrade/microservice-core","msg":"HTTP Server on port 44395 stopped"}
{"level":30,"time":1627245566567,"pid":5957,"hostname":"fv-az39-289","name":"@waytrade/microservice-core","msg":"App stopped."}
{"level":30,"time":1627245566570,"pid":5957,"hostname":"fv-az39-289","name":"@waytrade/microservice-core","msg":"App stopped."}
{"level":30,"time":1627245566574,"pid":5957,"hostname":"fv-az39-289","name":"@waytrade/microservice-core","msg":"App stopped."}
{"level":30,"time":1627245566589,"pid":5957,"hostname":"fv-az39-289","name":"@waytrade/microservice-core","msg":"App stopped."}
{"level":30,"time":1627245566592,"pid":5957,"hostname":"fv-az39-289","name":"@waytrade/microservice-core","msg":"App stopped."}
{"level":20,"time":1627245566877,"pid":5957,"hostname":"fv-az39-289","name":"@waytrade/microservice-core","msg":"HTTP Server listening on port 33687"}
{"level":20,"time":1627245566878,"pid":5957,"hostname":"fv-az39-289","name":"@waytrade/microservice-core","msg":"HTTP Server on port 33687 stopped"}
{"level":20,"time":1627245566880,"pid":5957,"hostname":"fv-az39-289","name":"@waytrade/microservice-core","msg":"HTTP Server listening on port 3999"}
{"level":20,"time":1627245566880,"pid":5957,"hostname":"fv-az39-289","name":"@waytrade/microservice-core","msg":"HTTP Server on port 3999 stopped"}
{"level":20,"time":1627245566881,"pid":5957,"hostname":"fv-az39-289","name":"@waytrade/microservice-core","msg":"HTTP Server listening on port 46449"}
{"level":20,"time":1627245566894,"pid":5957,"hostname":"fv-az39-289","name":"@waytrade/microservice-core","msg":"/some/invalid/path not found."}
{"level":20,"time":1627245566896,"pid":5957,"hostname":"fv-az39-289","name":"@waytrade/microservice-core","msg":"HTTP Server on port 46449 stopped"}
{"level":20,"time":1627245566898,"pid":5957,"hostname":"fv-az39-289","name":"@waytrade/microservice-core","msg":"HTTP Server listening on port 52451"}
{"level":20,"time":1627245566903,"pid":5957,"hostname":"fv-az39-289","name":"@waytrade/microservice-core","msg":"HTTP Server on port 52451 stopped"}
{"level":20,"time":1627245566905,"pid":5957,"hostname":"fv-az39-289","name":"@waytrade/microservice-core","msg":"HTTP Server listening on port 52441"}
{"level":20,"time":1627245566910,"pid":5957,"hostname":"fv-az39-289","name":"@waytrade/microservice-core","msg":"HTTP Server on port 52441 stopped"}
{"level":20,"time":1627245566912,"pid":5957,"hostname":"fv-az39-289","name":"@waytrade/microservice-core","msg":"HTTP Server listening on port 57413"}
{"level":20,"time":1627245566915,"pid":5957,"hostname":"fv-az39-289","name":"@waytrade/microservice-core","msg":"HTTP get /api/dummy/customResponseHeader -> 200 (0ms)"}
{"level":20,"time":1627245566917,"pid":5957,"hostname":"fv-az39-289","name":"@waytrade/microservice-core","msg":"HTTP Server on port 57413 stopped"}
{"level":20,"time":1627245567178,"pid":5957,"hostname":"fv-az39-289","name":"@waytrade/microservice-core","msg":"HTTP Server listening on port 51037"}
{"level":20,"time":1627245567178,"pid":5957,"hostname":"fv-az39-289","name":"@waytrade/microservice-core","msg":"HTTP Server listening on port 39067"}
{"level":30,"time":1627245567178,"pid":5957,"hostname":"fv-az39-289","name":"@waytrade/microservice-core","msg":"API Server started at port 51037"}
{"level":30,"time":1627245567178,"pid":5957,"hostname":"fv-az39-289","name":"@waytrade/microservice-core","msg":"Webhook Callback Server started at port 39067"}
{"level":20,"time":1627245567183,"pid":5957,"hostname":"fv-az39-289","name":"@waytrade/microservice-core","msg":"HTTP get /api/ -> 200 (0ms)"}
{"level":20,"time":1627245567185,"pid":5957,"hostname":"fv-az39-289","name":"@waytrade/microservice-core","msg":"HTTP Server on port 51037 stopped"}
{"level":20,"time":1627245567185,"pid":5957,"hostname":"fv-az39-289","name":"@waytrade/microservice-core","msg":"HTTP Server on port 39067 stopped"}
{"level":30,"time":1627245567186,"pid":5957,"hostname":"fv-az39-289","name":"@waytrade/microservice-core","msg":"App stopped."}
{"level":20,"time":1627245567188,"pid":5957,"hostname":"fv-az39-289","name":"@waytrade/microservice-core","msg":"HTTP Server listening on port 40243"}
{"level":20,"time":1627245567189,"pid":5957,"hostname":"fv-az39-289","name":"@waytrade/microservice-core","msg":"HTTP Server listening on port 36875"}
{"level":30,"time":1627245567189,"pid":5957,"hostname":"fv-az39-289","name":"@waytrade/microservice-core","msg":"API Server started at port 40243"}
{"level":30,"time":1627245567189,"pid":5957,"hostname":"fv-az39-289","name":"@waytrade/microservice-core","msg":"Webhook Callback Server started at port 36875"}
{"level":20,"time":1627245567192,"pid":5957,"hostname":"fv-az39-289","name":"@waytrade/microservice-core","msg":"HTTP get / -> 200 (0ms)"}
{"level":20,"time":1627245567194,"pid":5957,"hostname":"fv-az39-289","name":"@waytrade/microservice-core","msg":"HTTP Server on port 40243 stopped"}
{"level":20,"time":1627245567194,"pid":5957,"hostname":"fv-az39-289","name":"@waytrade/microservice-core","msg":"HTTP Server on port 36875 stopped"}
{"level":30,"time":1627245567194,"pid":5957,"hostname":"fv-az39-289","name":"@waytrade/microservice-core","msg":"App stopped."}
{"level":20,"time":1627245567197,"pid":5957,"hostname":"fv-az39-289","name":"@waytrade/microservice-core","msg":"HTTP Server listening on port 40283"}
{"level":20,"time":1627245567197,"pid":5957,"hostname":"fv-az39-289","name":"@waytrade/microservice-core","msg":"HTTP Server listening on port 39831"}
{"level":30,"time":1627245567197,"pid":5957,"hostname":"fv-az39-289","name":"@waytrade/microservice-core","msg":"API Server started at port 40283"}
{"level":30,"time":1627245567197,"pid":5957,"hostname":"fv-az39-289","name":"@waytrade/microservice-core","msg":"Webhook Callback Server started at port 39831"}
{"level":20,"time":1627245567200,"pid":5957,"hostname":"fv-az39-289","name":"@waytrade/microservice-core","msg":"HTTP get /api/ -> 200 (0ms)"}
{"level":20,"time":1627245567203,"pid":5957,"hostname":"fv-az39-289","name":"@waytrade/microservice-core","msg":"HTTP Server on port 40283 stopped"}
{"level":20,"time":1627245567203,"pid":5957,"hostname":"fv-az39-289","name":"@waytrade/microservice-core","msg":"HTTP Server on port 39831 stopped"}
{"level":30,"time":1627245567203,"pid":5957,"hostname":"fv-az39-289","name":"@waytrade/microservice-core","msg":"App stopped."}
{"level":20,"time":1627245567205,"pid":5957,"hostname":"fv-az39-289","name":"@waytrade/microservice-core","msg":"HTTP Server listening on port 46897"}
{"level":20,"time":1627245567206,"pid":5957,"hostname":"fv-az39-289","name":"@waytrade/microservice-core","msg":"HTTP Server listening on port 43673"}
{"level":30,"time":1627245567206,"pid":5957,"hostname":"fv-az39-289","name":"@waytrade/microservice-core","msg":"API Server started at port 46897"}
{"level":30,"time":1627245567206,"pid":5957,"hostname":"fv-az39-289","name":"@waytrade/microservice-core","msg":"Webhook Callback Server started at port 43673"}
{"level":20,"time":1627245567208,"pid":5957,"hostname":"fv-az39-289","name":"@waytrade/microservice-core","msg":"HTTP Server on port 46897 stopped"}
{"level":20,"time":1627245567208,"pid":5957,"hostname":"fv-az39-289","name":"@waytrade/microservice-core","msg":"HTTP Server on port 43673 stopped"}
{"level":30,"time":1627245567208,"pid":5957,"hostname":"fv-az39-289","name":"@waytrade/microservice-core","msg":"App stopped."}
{"level":20,"time":1627245567447,"pid":5957,"hostname":"fv-az39-289","name":"@waytrade/microservice-core","msg":"HTTP Server listening on port 36287"}
{"level":20,"time":1627245567447,"pid":5957,"hostname":"fv-az39-289","name":"@waytrade/microservice-core","msg":"HTTP Server listening on port 59647"}
{"level":30,"time":1627245567447,"pid":5957,"hostname":"fv-az39-289","name":"@waytrade/microservice-core","msg":"API Server started at port 36287"}
{"level":30,"time":1627245567447,"pid":5957,"hostname":"fv-az39-289","name":"@waytrade/microservice-core","msg":"Webhook Callback Server started at port 59647"}
{"level":20,"time":1627245567448,"pid":5957,"hostname":"fv-az39-289","name":"@waytrade/microservice-core","msg":"HTTP Server on port 36287 stopped"}
{"level":20,"time":1627245567448,"pid":5957,"hostname":"fv-az39-289","name":"@waytrade/microservice-core","msg":"HTTP Server on port 59647 stopped"}
{"level":30,"time":1627245567448,"pid":5957,"hostname":"fv-az39-289","name":"@waytrade/microservice-core","msg":"App stopped."}
{"level":20,"time":1627245567450,"pid":5957,"hostname":"fv-az39-289","name":"@waytrade/microservice-core","msg":"HTTP Server listening on port 49023"}
{"level":20,"time":1627245567451,"pid":5957,"hostname":"fv-az39-289","name":"@waytrade/microservice-core","msg":"HTTP Server listening on port 49385"}
{"level":30,"time":1627245567451,"pid":5957,"hostname":"fv-az39-289","name":"@waytrade/microservice-core","msg":"API Server started at port 49023"}
{"level":30,"time":1627245567451,"pid":5957,"hostname":"fv-az39-289","name":"@waytrade/microservice-core","msg":"Webhook Callback Server started at port 49385"}
{"level":20,"time":1627245567452,"pid":5957,"hostname":"fv-az39-289","name":"@waytrade/microservice-core","msg":"HTTP Server on port 49023 stopped"}
{"level":20,"time":1627245567452,"pid":5957,"hostname":"fv-az39-289","name":"@waytrade/microservice-core","msg":"HTTP Server on port 49385 stopped"}
{"level":30,"time":1627245567452,"pid":5957,"hostname":"fv-az39-289","name":"@waytrade/microservice-core","msg":"App stopped."}
{"level":20,"time":1627245567454,"pid":5957,"hostname":"fv-az39-289","name":"@waytrade/microservice-core","msg":"HTTP Server listening on port 53653"}
{"level":20,"time":1627245567455,"pid":5957,"hostname":"fv-az39-289","name":"@waytrade/microservice-core","msg":"HTTP Server listening on port 37659"}
{"level":30,"time":1627245567455,"pid":5957,"hostname":"fv-az39-289","name":"@waytrade/microservice-core","msg":"API Server started at port 53653"}
{"level":30,"time":1627245567455,"pid":5957,"hostname":"fv-az39-289","name":"@waytrade/microservice-core","msg":"Webhook Callback Server started at port 37659"}
{"level":20,"time":1627245567455,"pid":5957,"hostname":"fv-az39-289","name":"@waytrade/microservice-core","msg":"HTTP Server on port 53653 stopped"}
{"level":20,"time":1627245567455,"pid":5957,"hostname":"fv-az39-289","name":"@waytrade/microservice-core","msg":"HTTP Server on port 37659 stopped"}
{"level":30,"time":1627245567455,"pid":5957,"hostname":"fv-az39-289","name":"@waytrade/microservice-core","msg":"App stopped."}
{"level":20,"time":1627245567457,"pid":5957,"hostname":"fv-az39-289","name":"@waytrade/microservice-core","msg":"HTTP Server listening on port 47263"}
{"level":20,"time":1627245567458,"pid":5957,"hostname":"fv-az39-289","name":"@waytrade/microservice-core","msg":"HTTP Server listening on port 51947"}
{"level":30,"time":1627245567458,"pid":5957,"hostname":"fv-az39-289","name":"@waytrade/microservice-core","msg":"API Server started at port 47263"}
{"level":30,"time":1627245567458,"pid":5957,"hostname":"fv-az39-289","name":"@waytrade/microservice-core","msg":"Webhook Callback Server started at port 51947"}
{"level":20,"time":1627245567458,"pid":5957,"hostname":"fv-az39-289","name":"@waytrade/microservice-core","msg":"HTTP Server on port 47263 stopped"}
{"level":20,"time":1627245567459,"pid":5957,"hostname":"fv-az39-289","name":"@waytrade/microservice-core","msg":"HTTP Server on port 51947 stopped"}
{"level":30,"time":1627245567459,"pid":5957,"hostname":"fv-az39-289","name":"@waytrade/microservice-core","msg":"App stopped."}
{"level":20,"time":1627245567707,"pid":5957,"hostname":"fv-az39-289","name":"@waytrade/microservice-core","msg":"HTTP Server listening on port 52001"}
{"level":30,"time":1627245567708,"pid":5957,"hostname":"fv-az39-289","name":"@waytrade/microservice-core","msg":"API Server started at port 52001"}
{"level":20,"time":1627245567709,"pid":5957,"hostname":"fv-az39-289","name":"@waytrade/microservice-core","msg":"HTTP Server on port 52001 stopped"}
{"level":30,"time":1627245567709,"pid":5957,"hostname":"fv-az39-289","name":"@waytrade/microservice-core","msg":"App stopped."}
{"level":20,"time":1627245567711,"pid":5957,"hostname":"fv-az39-289","name":"@waytrade/microservice-core","msg":"HTTP Server listening on port 40253"}
{"level":30,"time":1627245567711,"pid":5957,"hostname":"fv-az39-289","name":"@waytrade/microservice-core","msg":"API Server started at port 40253"}
{"level":20,"time":1627245567712,"pid":5957,"hostname":"fv-az39-289","name":"@waytrade/microservice-core","msg":"HTTP Server on port 40253 stopped"}
{"level":30,"time":1627245567712,"pid":5957,"hostname":"fv-az39-289","name":"@waytrade/microservice-core","msg":"App stopped."}
{"level":20,"time":1627245567714,"pid":5957,"hostname":"fv-az39-289","name":"@waytrade/microservice-core","msg":"HTTP Server listening on port 43549"}
{"level":30,"time":1627245567715,"pid":5957,"hostname":"fv-az39-289","name":"@waytrade/microservice-core","msg":"API Server started at port 43549"}
{"level":20,"time":1627245567715,"pid":5957,"hostname":"fv-az39-289","name":"@waytrade/microservice-core","msg":"HTTP Server on port 43549 stopped"}
{"level":30,"time":1627245567715,"pid":5957,"hostname":"fv-az39-289","name":"@waytrade/microservice-core","msg":"App stopped."}
{"level":20,"time":1627245567717,"pid":5957,"hostname":"fv-az39-289","name":"@waytrade/microservice-core","msg":"HTTP Server listening on port 40715"}
{"level":30,"time":1627245567718,"pid":5957,"hostname":"fv-az39-289","name":"@waytrade/microservice-core","msg":"API Server started at port 40715"}
{"level":20,"time":1627245567718,"pid":5957,"hostname":"fv-az39-289","name":"@waytrade/microservice-core","msg":"HTTP Server on port 40715 stopped"}
{"level":30,"time":1627245567718,"pid":5957,"hostname":"fv-az39-289","name":"@waytrade/microservice-core","msg":"App stopped."}
{"level":20,"time":1627245567967,"pid":5957,"hostname":"fv-az39-289","name":"@waytrade/microservice-core","msg":"HTTP Server listening on port 54537"}
{"level":30,"time":1627245567968,"pid":5957,"hostname":"fv-az39-289","name":"@waytrade/microservice-core","msg":"API Server started at port 54537"}
{"level":20,"time":1627245567968,"pid":5957,"hostname":"fv-az39-289","name":"@waytrade/microservice-core","msg":"HTTP Server on port 54537 stopped"}
{"level":30,"time":1627245567968,"pid":5957,"hostname":"fv-az39-289","name":"@waytrade/microservice-core","msg":"App stopped."}
{"level":20,"time":1627245567971,"pid":5957,"hostname":"fv-az39-289","name":"@waytrade/microservice-core","msg":"HTTP Server listening on port 36261"}
{"level":30,"time":1627245567971,"pid":5957,"hostname":"fv-az39-289","name":"@waytrade/microservice-core","msg":"API Server started at port 36261"}
{"level":20,"time":1627245567972,"pid":5957,"hostname":"fv-az39-289","name":"@waytrade/microservice-core","msg":"HTTP Server on port 36261 stopped"}
{"level":30,"time":1627245567972,"pid":5957,"hostname":"fv-az39-289","name":"@waytrade/microservice-core","msg":"App stopped."}
{"level":20,"time":1627245567974,"pid":5957,"hostname":"fv-az39-289","name":"@waytrade/microservice-core","msg":"HTTP Server listening on port 54243"}
{"level":30,"time":1627245567975,"pid":5957,"hostname":"fv-az39-289","name":"@waytrade/microservice-core","msg":"API Server started at port 54243"}
{"level":20,"time":1627245567975,"pid":5957,"hostname":"fv-az39-289","name":"@waytrade/microservice-core","msg":"HTTP Server on port 54243 stopped"}
{"level":30,"time":1627245567975,"pid":5957,"hostname":"fv-az39-289","name":"@waytrade/microservice-core","msg":"App stopped."}
{"level":20,"time":1627245567978,"pid":5957,"hostname":"fv-az39-289","name":"@waytrade/microservice-core","msg":"HTTP Server listening on port 33477"}
{"level":30,"time":1627245567978,"pid":5957,"hostname":"fv-az39-289","name":"@waytrade/microservice-core","msg":"API Server started at port 33477"}
{"level":20,"time":1627245567978,"pid":5957,"hostname":"fv-az39-289","name":"@waytrade/microservice-core","msg":"HTTP Server on port 33477 stopped"}
{"level":30,"time":1627245567978,"pid":5957,"hostname":"fv-az39-289","name":"@waytrade/microservice-core","msg":"App stopped."}
{"level":20,"time":1627245568476,"pid":5957,"hostname":"fv-az39-289","name":"@waytrade/microservice-core","msg":"HTTP Server listening on port 55459"}
{"level":30,"time":1627245568476,"pid":5957,"hostname":"fv-az39-289","name":"@waytrade/microservice-core","msg":"API Server started at port 55459"}
{"level":20,"time":1627245568477,"pid":5957,"hostname":"fv-az39-289","name":"@waytrade/microservice-core","msg":"HTTP Server on port 55459 stopped"}
{"level":30,"time":1627245568477,"pid":5957,"hostname":"fv-az39-289","name":"@waytrade/microservice-core","msg":"App stopped."}
{"level":20,"time":1627245568480,"pid":5957,"hostname":"fv-az39-289","name":"@waytrade/microservice-core","msg":"HTTP Server listening on port 46343"}
{"level":20,"time":1627245568481,"pid":5957,"hostname":"fv-az39-289","name":"@waytrade/microservice-core","msg":"HTTP Server on port 46343 stopped"}
{"level":30,"time":1627245568481,"pid":5957,"hostname":"fv-az39-289","name":"@waytrade/microservice-core","msg":"App stopped."}
{"level":20,"time":1627245568483,"pid":5957,"hostname":"fv-az39-289","name":"@waytrade/microservice-core","msg":"HTTP Server listening on port 49757"}
{"level":20,"time":1627245568484,"pid":5957,"hostname":"fv-az39-289","name":"@waytrade/microservice-core","msg":"HTTP Server on port 49757 stopped"}
{"level":30,"time":1627245568484,"pid":5957,"hostname":"fv-az39-289","name":"@waytrade/microservice-core","msg":"App stopped."}
