{"level":20,"time":1629836045854,"pid":6085,"hostname":"fv-az77-272","name":"@waytrade/microservice-core","msg":"Starting HTTP Server on port 0"}
{"level":20,"time":1629836045855,"pid":6085,"hostname":"fv-az77-272","name":"@waytrade/microservice-core","msg":"HTTP Server listening on port 36963"}
{"level":20,"time":1629836045878,"pid":6085,"hostname":"fv-az77-272","name":"@waytrade/microservice-core","msg":"HTTP get /openapi.json -> 200 (5ms)"}
{"level":20,"time":1629836045881,"pid":6085,"hostname":"fv-az77-272","name":"@waytrade/microservice-core","msg":"HTTP Server on port 36963 stopped"}
{"level":20,"time":1629836045883,"pid":6085,"hostname":"fv-az77-272","name":"@waytrade/microservice-core","msg":"Starting HTTP Server on port 0"}
{"level":20,"time":1629836045883,"pid":6085,"hostname":"fv-az77-272","name":"@waytrade/microservice-core","msg":"HTTP Server listening on port 35805"}
{"level":20,"time":1629836045886,"pid":6085,"hostname":"fv-az77-272","name":"@waytrade/microservice-core","msg":"HTTP get /openapi.json -> 200 (1ms)"}
{"level":20,"time":1629836045910,"pid":6085,"hostname":"fv-az77-272","name":"@waytrade/microservice-core","msg":"HTTP Server on port 35805 stopped"}
{"level":20,"time":1629836045911,"pid":6085,"hostname":"fv-az77-272","name":"@waytrade/microservice-core","msg":"Starting HTTP Server on port 0"}
{"level":20,"time":1629836045911,"pid":6085,"hostname":"fv-az77-272","name":"@waytrade/microservice-core","msg":"HTTP Server listening on port 45895"}
{"level":20,"time":1629836045913,"pid":6085,"hostname":"fv-az77-272","name":"@waytrade/microservice-core","msg":"Starting HTTP Server on port 0"}
{"level":20,"time":1629836045913,"pid":6085,"hostname":"fv-az77-272","name":"@waytrade/microservice-core","msg":"HTTP Server listening on port 40921"}
{"level":20,"time":1629836045915,"pid":6085,"hostname":"fv-az77-272","name":"@waytrade/microservice-core","msg":"HTTP get /openapi.json -> 200 (1ms)"}
{"level":20,"time":1629836045915,"pid":6085,"hostname":"fv-az77-272","name":"@waytrade/microservice-core","msg":"HTTP get / -> 200 (0ms)"}
{"level":20,"time":1629836045924,"pid":6085,"hostname":"fv-az77-272","name":"@waytrade/microservice-core","msg":"HTTP Server on port 45895 stopped"}
{"level":20,"time":1629836045925,"pid":6085,"hostname":"fv-az77-272","name":"@waytrade/microservice-core","msg":"HTTP Server on port 40921 stopped"}
{"level":20,"time":1629836045926,"pid":6085,"hostname":"fv-az77-272","name":"@waytrade/microservice-core","msg":"Starting HTTP Server on port 0"}
{"level":20,"time":1629836045926,"pid":6085,"hostname":"fv-az77-272","name":"@waytrade/microservice-core","msg":"HTTP Server listening on port 41077"}
{"level":20,"time":1629836045929,"pid":6085,"hostname":"fv-az77-272","name":"@waytrade/microservice-core","msg":"HTTP get /swagger-ui.css -> 200 (2ms)"}
{"level":20,"time":1629836045931,"pid":6085,"hostname":"fv-az77-272","name":"@waytrade/microservice-core","msg":"HTTP Server on port 41077 stopped"}
{"level":20,"time":1629836045931,"pid":6085,"hostname":"fv-az77-272","name":"@waytrade/microservice-core","msg":"Starting HTTP Server on port 0"}
{"level":20,"time":1629836045932,"pid":6085,"hostname":"fv-az77-272","name":"@waytrade/microservice-core","msg":"HTTP Server listening on port 53031"}
{"level":20,"time":1629836045945,"pid":6085,"hostname":"fv-az77-272","name":"@waytrade/microservice-core","msg":"HTTP get /swagger-ui-bundle.js -> 200 (11ms)"}
{"level":20,"time":1629836045951,"pid":6085,"hostname":"fv-az77-272","name":"@waytrade/microservice-core","msg":"HTTP Server on port 53031 stopped"}
{"level":20,"time":1629836045952,"pid":6085,"hostname":"fv-az77-272","name":"@waytrade/microservice-core","msg":"Starting HTTP Server on port 0"}
{"level":20,"time":1629836045952,"pid":6085,"hostname":"fv-az77-272","name":"@waytrade/microservice-core","msg":"HTTP Server listening on port 57097"}
{"level":20,"time":1629836045956,"pid":6085,"hostname":"fv-az77-272","name":"@waytrade/microservice-core","msg":"HTTP get /swagger-ui-standalone-preset.js -> 200 (3ms)"}
{"level":20,"time":1629836045959,"pid":6085,"hostname":"fv-az77-272","name":"@waytrade/microservice-core","msg":"HTTP Server on port 57097 stopped"}
{"level":20,"time":1629836046547,"pid":6085,"hostname":"fv-az77-272","name":"@waytrade/microservice-core","msg":"Starting HTTP Server on port 0"}
{"level":20,"time":1629836046547,"pid":6085,"hostname":"fv-az77-272","name":"@waytrade/microservice-core","msg":"HTTP Server listening on port 47079"}
{"level":20,"time":1629836046595,"pid":6085,"hostname":"fv-az77-272","name":"@waytrade/microservice-core","msg":"HTTP Server on port 47079 stopped"}
{"level":20,"time":1629836046596,"pid":6085,"hostname":"fv-az77-272","name":"@waytrade/microservice-core","msg":"Starting HTTP Server on port 0"}
{"level":20,"time":1629836046596,"pid":6085,"hostname":"fv-az77-272","name":"@waytrade/microservice-core","msg":"HTTP Server listening on port 42533"}
{"level":20,"time":1629836046599,"pid":6085,"hostname":"fv-az77-272","name":"@waytrade/microservice-core","msg":"HTTP Server on port 42533 stopped"}
{"level":20,"time":1629836046600,"pid":6085,"hostname":"fv-az77-272","name":"@waytrade/microservice-core","msg":"Starting HTTP Server on port 0"}
{"level":20,"time":1629836046600,"pid":6085,"hostname":"fv-az77-272","name":"@waytrade/microservice-core","msg":"HTTP Server listening on port 34165"}
{"level":20,"time":1629836046608,"pid":6085,"hostname":"fv-az77-272","name":"@waytrade/microservice-core","msg":"HTTP Server on port 34165 stopped"}
{"level":20,"time":1629836046609,"pid":6085,"hostname":"fv-az77-272","name":"@waytrade/microservice-core","msg":"Starting HTTP Server on port 0"}
{"level":20,"time":1629836046609,"pid":6085,"hostname":"fv-az77-272","name":"@waytrade/microservice-core","msg":"HTTP Server listening on port 44255"}
{"level":20,"time":1629836056614,"pid":6085,"hostname":"fv-az77-272","name":"@waytrade/microservice-core","msg":"HTTP Server on port 44255 stopped"}
{"level":20,"time":1629836056614,"pid":6085,"hostname":"fv-az77-272","name":"@waytrade/microservice-core","msg":"Starting HTTP Server on port 0"}
{"level":20,"time":1629836056615,"pid":6085,"hostname":"fv-az77-272","name":"@waytrade/microservice-core","msg":"HTTP Server listening on port 57703"}
{"level":20,"time":1629836056616,"pid":6085,"hostname":"fv-az77-272","name":"@waytrade/microservice-core","msg":"HTTP Server on port 57703 stopped"}
{"level":20,"time":1629836056619,"pid":6085,"hostname":"fv-az77-272","name":"@waytrade/microservice-core","msg":"Starting HTTP Server on port 0"}
{"level":20,"time":1629836056620,"pid":6085,"hostname":"fv-az77-272","name":"@waytrade/microservice-core","msg":"HTTP Server listening on port 54057"}
{"level":20,"time":1629836056622,"pid":6085,"hostname":"fv-az77-272","name":"@waytrade/microservice-core","msg":"HTTP Server on port 54057 stopped"}
{"level":20,"time":1629836058624,"pid":6085,"hostname":"fv-az77-272","name":"@waytrade/microservice-core","msg":"Starting HTTP Server on port 0"}
{"level":20,"time":1629836058624,"pid":6085,"hostname":"fv-az77-272","name":"@waytrade/microservice-core","msg":"HTTP Server listening on port 47657"}
{"level":20,"time":1629836058631,"pid":6085,"hostname":"fv-az77-272","name":"@waytrade/microservice-core","msg":"HTTP Server on port 47657 stopped"}
{"level":20,"time":1629836058632,"pid":6085,"hostname":"fv-az77-272","name":"@waytrade/microservice-core","msg":"Starting HTTP Server on port 0"}
{"level":20,"time":1629836058632,"pid":6085,"hostname":"fv-az77-272","name":"@waytrade/microservice-core","msg":"HTTP Server listening on port 34423"}
{"level":20,"time":1629836058635,"pid":6085,"hostname":"fv-az77-272","name":"@waytrade/microservice-core","msg":"HTTP Server on port 34423 stopped"}
{"level":20,"time":1629836058635,"pid":6085,"hostname":"fv-az77-272","name":"@waytrade/microservice-core","msg":"Starting HTTP Server on port 0"}
{"level":20,"time":1629836058636,"pid":6085,"hostname":"fv-az77-272","name":"@waytrade/microservice-core","msg":"HTTP Server listening on port 41807"}
{"level":20,"time":1629836058639,"pid":6085,"hostname":"fv-az77-272","name":"@waytrade/microservice-core","msg":"HTTP Server on port 41807 stopped"}
{"level":20,"time":1629836058640,"pid":6085,"hostname":"fv-az77-272","name":"@waytrade/microservice-core","msg":"Starting HTTP Server on port 0"}
{"level":20,"time":1629836058640,"pid":6085,"hostname":"fv-az77-272","name":"@waytrade/microservice-core","msg":"HTTP Server listening on port 37767"}
{"level":20,"time":1629836060643,"pid":6085,"hostname":"fv-az77-272","name":"@waytrade/microservice-core","msg":"HTTP Server on port 37767 stopped"}
{"level":20,"time":1629836060644,"pid":6085,"hostname":"fv-az77-272","name":"@waytrade/microservice-core","msg":"Starting HTTP Server on port 0"}
{"level":20,"time":1629836060645,"pid":6085,"hostname":"fv-az77-272","name":"@waytrade/microservice-core","msg":"HTTP Server listening on port 48111"}
{"level":20,"time":1629836060649,"pid":6085,"hostname":"fv-az77-272","name":"@waytrade/microservice-core","msg":"HTTP Server on port 48111 stopped"}
{"level":20,"time":1629836060650,"pid":6085,"hostname":"fv-az77-272","name":"@waytrade/microservice-core","msg":"Starting HTTP Server on port 0"}
{"level":20,"time":1629836060650,"pid":6085,"hostname":"fv-az77-272","name":"@waytrade/microservice-core","msg":"HTTP Server listening on port 37787"}
{"level":20,"time":1629836060652,"pid":6085,"hostname":"fv-az77-272","name":"@waytrade/microservice-core","msg":"HTTP Server on port 37787 stopped"}
{"level":20,"time":1629836060653,"pid":6085,"hostname":"fv-az77-272","name":"@waytrade/microservice-core","msg":"Starting HTTP Server on port 0"}
{"level":20,"time":1629836060653,"pid":6085,"hostname":"fv-az77-272","name":"@waytrade/microservice-core","msg":"HTTP Server listening on port 37293"}
{"level":20,"time":1629836060655,"pid":6085,"hostname":"fv-az77-272","name":"@waytrade/microservice-core","msg":"HTTP Server on port 37293 stopped"}
{"level":20,"time":1629836062656,"pid":6085,"hostname":"fv-az77-272","name":"@waytrade/microservice-core","msg":"Starting HTTP Server on port 0"}
{"level":20,"time":1629836062657,"pid":6085,"hostname":"fv-az77-272","name":"@waytrade/microservice-core","msg":"HTTP Server listening on port 55641"}
{"level":20,"time":1629836062660,"pid":6085,"hostname":"fv-az77-272","name":"@waytrade/microservice-core","msg":"HTTP Server on port 55641 stopped"}
{"level":30,"time":1629836063802,"pid":6085,"hostname":"fv-az77-272","name":"@waytrade/microservice-core","msg":"Starting App..."}
{"level":20,"time":1629836063803,"pid":6085,"hostname":"fv-az77-272","name":"@waytrade/microservice-core","msg":"Starting HTTP Server on port 0"}
{"level":20,"time":1629836063803,"pid":6085,"hostname":"fv-az77-272","name":"@waytrade/microservice-core","msg":"HTTP Server listening on port 33183"}
{"level":20,"time":1629836063803,"pid":6085,"hostname":"fv-az77-272","name":"@waytrade/microservice-core","msg":"Starting HTTP Server on port 0"}
{"level":20,"time":1629836063803,"pid":6085,"hostname":"fv-az77-272","name":"@waytrade/microservice-core","msg":"HTTP Server listening on port 45533"}
{"level":30,"time":1629836063803,"pid":6085,"hostname":"fv-az77-272","name":"@waytrade/microservice-core","msg":"API Server started at port 33183"}
{"level":30,"time":1629836063803,"pid":6085,"hostname":"fv-az77-272","name":"@waytrade/microservice-core","msg":"Webhook Callback Server started at port 45533"}
{"level":20,"time":1629836063808,"pid":6085,"hostname":"fv-az77-272","name":"@waytrade/microservice-core","msg":"HTTP post /subscribe -> 400 (0ms)"}
{"level":20,"time":1629836063809,"pid":6085,"hostname":"fv-az77-272","name":"@waytrade/microservice-core","msg":"HTTP Server on port 33183 stopped"}
{"level":20,"time":1629836063810,"pid":6085,"hostname":"fv-az77-272","name":"@waytrade/microservice-core","msg":"HTTP Server on port 45533 stopped"}
{"level":30,"time":1629836063810,"pid":6085,"hostname":"fv-az77-272","name":"@waytrade/microservice-core","msg":"App stopped."}
{"level":30,"time":1629836063811,"pid":6085,"hostname":"fv-az77-272","name":"@waytrade/microservice-core","msg":"Starting App..."}
{"level":20,"time":1629836063811,"pid":6085,"hostname":"fv-az77-272","name":"@waytrade/microservice-core","msg":"Starting HTTP Server on port 0"}
{"level":20,"time":1629836063811,"pid":6085,"hostname":"fv-az77-272","name":"@waytrade/microservice-core","msg":"HTTP Server listening on port 53011"}
{"level":20,"time":1629836063812,"pid":6085,"hostname":"fv-az77-272","name":"@waytrade/microservice-core","msg":"Starting HTTP Server on port 0"}
{"level":20,"time":1629836063812,"pid":6085,"hostname":"fv-az77-272","name":"@waytrade/microservice-core","msg":"HTTP Server listening on port 42783"}
{"level":30,"time":1629836063812,"pid":6085,"hostname":"fv-az77-272","name":"@waytrade/microservice-core","msg":"API Server started at port 53011"}
{"level":30,"time":1629836063812,"pid":6085,"hostname":"fv-az77-272","name":"@waytrade/microservice-core","msg":"Webhook Callback Server started at port 42783"}
{"level":20,"time":1629836063814,"pid":6085,"hostname":"fv-az77-272","name":"@waytrade/microservice-core","msg":"HTTP post /subscribe -> 201 (1ms)"}
{"level":20,"time":1629836063816,"pid":6085,"hostname":"fv-az77-272","name":"@waytrade/microservice-core","msg":"HTTP post /subscribe -> 204 (0ms)"}
{"level":20,"time":1629836063817,"pid":6085,"hostname":"fv-az77-272","name":"@waytrade/microservice-core","msg":"HTTP Server on port 53011 stopped"}
{"level":20,"time":1629836063817,"pid":6085,"hostname":"fv-az77-272","name":"@waytrade/microservice-core","msg":"HTTP Server on port 42783 stopped"}
{"level":30,"time":1629836063817,"pid":6085,"hostname":"fv-az77-272","name":"@waytrade/microservice-core","msg":"App stopped."}
{"level":30,"time":1629836063818,"pid":6085,"hostname":"fv-az77-272","name":"@waytrade/microservice-core","msg":"Starting App..."}
{"level":20,"time":1629836063819,"pid":6085,"hostname":"fv-az77-272","name":"@waytrade/microservice-core","msg":"Starting HTTP Server on port 0"}
{"level":20,"time":1629836063819,"pid":6085,"hostname":"fv-az77-272","name":"@waytrade/microservice-core","msg":"HTTP Server listening on port 39063"}
{"level":20,"time":1629836063819,"pid":6085,"hostname":"fv-az77-272","name":"@waytrade/microservice-core","msg":"Starting HTTP Server on port 0"}
{"level":20,"time":1629836063819,"pid":6085,"hostname":"fv-az77-272","name":"@waytrade/microservice-core","msg":"HTTP Server listening on port 55013"}
{"level":30,"time":1629836063819,"pid":6085,"hostname":"fv-az77-272","name":"@waytrade/microservice-core","msg":"API Server started at port 39063"}
{"level":30,"time":1629836063820,"pid":6085,"hostname":"fv-az77-272","name":"@waytrade/microservice-core","msg":"Webhook Callback Server started at port 55013"}
{"level":20,"time":1629836063821,"pid":6085,"hostname":"fv-az77-272","name":"@waytrade/microservice-core","msg":"HTTP post /subscribe -> 201 (0ms)"}
{"level":20,"time":1629836063823,"pid":6085,"hostname":"fv-az77-272","name":"@waytrade/microservice-core","msg":"HTTP post /subscribe -> 201 (0ms)"}
{"level":20,"time":1629836063824,"pid":6085,"hostname":"fv-az77-272","name":"@waytrade/microservice-core","msg":"HTTP Server on port 39063 stopped"}
{"level":20,"time":1629836063824,"pid":6085,"hostname":"fv-az77-272","name":"@waytrade/microservice-core","msg":"HTTP Server on port 55013 stopped"}
{"level":30,"time":1629836063824,"pid":6085,"hostname":"fv-az77-272","name":"@waytrade/microservice-core","msg":"App stopped."}
{"level":30,"time":1629836063825,"pid":6085,"hostname":"fv-az77-272","name":"@waytrade/microservice-core","msg":"Starting App..."}
{"level":20,"time":1629836063825,"pid":6085,"hostname":"fv-az77-272","name":"@waytrade/microservice-core","msg":"Starting HTTP Server on port 0"}
{"level":20,"time":1629836063826,"pid":6085,"hostname":"fv-az77-272","name":"@waytrade/microservice-core","msg":"HTTP Server listening on port 53019"}
{"level":20,"time":1629836063826,"pid":6085,"hostname":"fv-az77-272","name":"@waytrade/microservice-core","msg":"Starting HTTP Server on port 0"}
{"level":20,"time":1629836063826,"pid":6085,"hostname":"fv-az77-272","name":"@waytrade/microservice-core","msg":"HTTP Server listening on port 34357"}
{"level":30,"time":1629836063826,"pid":6085,"hostname":"fv-az77-272","name":"@waytrade/microservice-core","msg":"API Server started at port 53019"}
{"level":30,"time":1629836063826,"pid":6085,"hostname":"fv-az77-272","name":"@waytrade/microservice-core","msg":"Webhook Callback Server started at port 34357"}
{"level":20,"time":1629836063828,"pid":6085,"hostname":"fv-az77-272","name":"@waytrade/microservice-core","msg":"HTTP post /subscribe -> 201 (1ms)"}
{"level":20,"time":1629836063829,"pid":6085,"hostname":"fv-az77-272","name":"@waytrade/microservice-core","msg":"HTTP post /unsubscribe -> 200 (0ms)"}
{"level":20,"time":1629836063830,"pid":6085,"hostname":"fv-az77-272","name":"@waytrade/microservice-core","msg":"HTTP Server on port 53019 stopped"}
{"level":20,"time":1629836063830,"pid":6085,"hostname":"fv-az77-272","name":"@waytrade/microservice-core","msg":"HTTP Server on port 34357 stopped"}
{"level":30,"time":1629836063830,"pid":6085,"hostname":"fv-az77-272","name":"@waytrade/microservice-core","msg":"App stopped."}
{"level":30,"time":1629836063831,"pid":6085,"hostname":"fv-az77-272","name":"@waytrade/microservice-core","msg":"Starting App..."}
{"level":20,"time":1629836063831,"pid":6085,"hostname":"fv-az77-272","name":"@waytrade/microservice-core","msg":"Starting HTTP Server on port 0"}
{"level":20,"time":1629836063832,"pid":6085,"hostname":"fv-az77-272","name":"@waytrade/microservice-core","msg":"HTTP Server listening on port 39447"}
{"level":20,"time":1629836063832,"pid":6085,"hostname":"fv-az77-272","name":"@waytrade/microservice-core","msg":"Starting HTTP Server on port 0"}
{"level":20,"time":1629836063832,"pid":6085,"hostname":"fv-az77-272","name":"@waytrade/microservice-core","msg":"HTTP Server listening on port 40977"}
{"level":30,"time":1629836063832,"pid":6085,"hostname":"fv-az77-272","name":"@waytrade/microservice-core","msg":"API Server started at port 39447"}
{"level":30,"time":1629836063832,"pid":6085,"hostname":"fv-az77-272","name":"@waytrade/microservice-core","msg":"Webhook Callback Server started at port 40977"}
{"level":20,"time":1629836063833,"pid":6085,"hostname":"fv-az77-272","name":"@waytrade/microservice-core","msg":"HTTP post /unsubscribe -> 400 (0ms)"}
{"level":20,"time":1629836063834,"pid":6085,"hostname":"fv-az77-272","name":"@waytrade/microservice-core","msg":"HTTP Server on port 39447 stopped"}
{"level":20,"time":1629836063834,"pid":6085,"hostname":"fv-az77-272","name":"@waytrade/microservice-core","msg":"HTTP Server on port 40977 stopped"}
{"level":30,"time":1629836063834,"pid":6085,"hostname":"fv-az77-272","name":"@waytrade/microservice-core","msg":"App stopped."}
{"level":30,"time":1629836063835,"pid":6085,"hostname":"fv-az77-272","name":"@waytrade/microservice-core","msg":"Starting App..."}
{"level":20,"time":1629836063835,"pid":6085,"hostname":"fv-az77-272","name":"@waytrade/microservice-core","msg":"Starting HTTP Server on port 0"}
{"level":20,"time":1629836063836,"pid":6085,"hostname":"fv-az77-272","name":"@waytrade/microservice-core","msg":"HTTP Server listening on port 33067"}
{"level":20,"time":1629836063836,"pid":6085,"hostname":"fv-az77-272","name":"@waytrade/microservice-core","msg":"Starting HTTP Server on port 0"}
{"level":20,"time":1629836063836,"pid":6085,"hostname":"fv-az77-272","name":"@waytrade/microservice-core","msg":"HTTP Server listening on port 52545"}
{"level":30,"time":1629836063836,"pid":6085,"hostname":"fv-az77-272","name":"@waytrade/microservice-core","msg":"API Server started at port 33067"}
{"level":30,"time":1629836063836,"pid":6085,"hostname":"fv-az77-272","name":"@waytrade/microservice-core","msg":"Webhook Callback Server started at port 52545"}
{"level":20,"time":1629836063838,"pid":6085,"hostname":"fv-az77-272","name":"@waytrade/microservice-core","msg":"HTTP post /unsubscribe -> 404 (1ms)"}
{"level":20,"time":1629836063838,"pid":6085,"hostname":"fv-az77-272","name":"@waytrade/microservice-core","msg":"HTTP Server on port 33067 stopped"}
{"level":20,"time":1629836063838,"pid":6085,"hostname":"fv-az77-272","name":"@waytrade/microservice-core","msg":"HTTP Server on port 52545 stopped"}
{"level":30,"time":1629836063838,"pid":6085,"hostname":"fv-az77-272","name":"@waytrade/microservice-core","msg":"App stopped."}
{"level":30,"time":1629836063840,"pid":6085,"hostname":"fv-az77-272","name":"@waytrade/microservice-core","msg":"Starting App..."}
{"level":20,"time":1629836063840,"pid":6085,"hostname":"fv-az77-272","name":"@waytrade/microservice-core","msg":"Starting HTTP Server on port 0"}
{"level":20,"time":1629836063840,"pid":6085,"hostname":"fv-az77-272","name":"@waytrade/microservice-core","msg":"HTTP Server listening on port 49265"}
{"level":20,"time":1629836063840,"pid":6085,"hostname":"fv-az77-272","name":"@waytrade/microservice-core","msg":"Starting HTTP Server on port 0"}
{"level":20,"time":1629836063840,"pid":6085,"hostname":"fv-az77-272","name":"@waytrade/microservice-core","msg":"HTTP Server listening on port 57597"}
{"level":30,"time":1629836063840,"pid":6085,"hostname":"fv-az77-272","name":"@waytrade/microservice-core","msg":"API Server started at port 49265"}
{"level":30,"time":1629836063840,"pid":6085,"hostname":"fv-az77-272","name":"@waytrade/microservice-core","msg":"Webhook Callback Server started at port 57597"}
{"level":20,"time":1629836063842,"pid":6085,"hostname":"fv-az77-272","name":"@waytrade/microservice-core","msg":"HTTP post /subscribe -> 201 (0ms)"}
{"level":20,"time":1629836063846,"pid":6085,"hostname":"fv-az77-272","name":"@waytrade/microservice-core","msg":"HTTP Server on port 49265 stopped"}
{"level":20,"time":1629836063846,"pid":6085,"hostname":"fv-az77-272","name":"@waytrade/microservice-core","msg":"HTTP Server on port 57597 stopped"}
{"level":30,"time":1629836063846,"pid":6085,"hostname":"fv-az77-272","name":"@waytrade/microservice-core","msg":"App stopped."}
{"level":20,"time":1629836063846,"pid":6085,"hostname":"fv-az77-272","name":"@waytrade/microservice-core","msg":"HTTP post /callback -> 200 (0ms)"}
{"level":30,"time":1629836063847,"pid":6085,"hostname":"fv-az77-272","name":"@waytrade/microservice-core","msg":"Starting App..."}
{"level":20,"time":1629836063847,"pid":6085,"hostname":"fv-az77-272","name":"@waytrade/microservice-core","msg":"Starting HTTP Server on port 0"}
{"level":20,"time":1629836063848,"pid":6085,"hostname":"fv-az77-272","name":"@waytrade/microservice-core","msg":"HTTP Server listening on port 42979"}
{"level":20,"time":1629836063848,"pid":6085,"hostname":"fv-az77-272","name":"@waytrade/microservice-core","msg":"Starting HTTP Server on port 0"}
{"level":20,"time":1629836063848,"pid":6085,"hostname":"fv-az77-272","name":"@waytrade/microservice-core","msg":"HTTP Server listening on port 41413"}
{"level":30,"time":1629836063848,"pid":6085,"hostname":"fv-az77-272","name":"@waytrade/microservice-core","msg":"API Server started at port 42979"}
{"level":30,"time":1629836063848,"pid":6085,"hostname":"fv-az77-272","name":"@waytrade/microservice-core","msg":"Webhook Callback Server started at port 41413"}
{"level":20,"time":1629836063850,"pid":6085,"hostname":"fv-az77-272","name":"@waytrade/microservice-core","msg":"HTTP post /subscribe -> 201 (0ms)"}
{"level":20,"time":1629836063852,"pid":6085,"hostname":"fv-az77-272","name":"@waytrade/microservice-core","msg":"HTTP Server on port 42979 stopped"}
{"level":20,"time":1629836063853,"pid":6085,"hostname":"fv-az77-272","name":"@waytrade/microservice-core","msg":"HTTP Server on port 41413 stopped"}
{"level":30,"time":1629836063853,"pid":6085,"hostname":"fv-az77-272","name":"@waytrade/microservice-core","msg":"App stopped."}
{"level":20,"time":1629836063853,"pid":6085,"hostname":"fv-az77-272","name":"@waytrade/microservice-core","msg":"HTTP post /callback -> 200 (1ms)"}
{"level":30,"time":1629836063854,"pid":6085,"hostname":"fv-az77-272","name":"@waytrade/microservice-core","msg":"Starting App..."}
{"level":20,"time":1629836063854,"pid":6085,"hostname":"fv-az77-272","name":"@waytrade/microservice-core","msg":"Starting HTTP Server on port 0"}
{"level":20,"time":1629836063854,"pid":6085,"hostname":"fv-az77-272","name":"@waytrade/microservice-core","msg":"HTTP Server listening on port 47161"}
{"level":20,"time":1629836063854,"pid":6085,"hostname":"fv-az77-272","name":"@waytrade/microservice-core","msg":"Starting HTTP Server on port 0"}
{"level":20,"time":1629836063854,"pid":6085,"hostname":"fv-az77-272","name":"@waytrade/microservice-core","msg":"HTTP Server listening on port 38387"}
{"level":30,"time":1629836063854,"pid":6085,"hostname":"fv-az77-272","name":"@waytrade/microservice-core","msg":"API Server started at port 47161"}
{"level":30,"time":1629836063854,"pid":6085,"hostname":"fv-az77-272","name":"@waytrade/microservice-core","msg":"Webhook Callback Server started at port 38387"}
{"level":20,"time":1629836063856,"pid":6085,"hostname":"fv-az77-272","name":"@waytrade/microservice-core","msg":"HTTP post /subscribe -> 201 (0ms)"}
{"level":20,"time":1629836063859,"pid":6085,"hostname":"fv-az77-272","name":"@waytrade/microservice-core","msg":"HTTP post /callback -> 418 (1ms)"}
{"level":20,"time":1629836063860,"pid":6085,"hostname":"fv-az77-272","name":"@waytrade/microservice-core","msg":"HTTP post /subscribe -> 201 (0ms)"}
{"level":20,"time":1629836063861,"pid":6085,"hostname":"fv-az77-272","name":"@waytrade/microservice-core","msg":"HTTP Server on port 47161 stopped"}
{"level":20,"time":1629836063861,"pid":6085,"hostname":"fv-az77-272","name":"@waytrade/microservice-core","msg":"HTTP Server on port 38387 stopped"}
{"level":30,"time":1629836063861,"pid":6085,"hostname":"fv-az77-272","name":"@waytrade/microservice-core","msg":"App stopped."}
{"level":30,"time":1629836063862,"pid":6085,"hostname":"fv-az77-272","name":"@waytrade/microservice-core","msg":"Starting App..."}
{"level":20,"time":1629836063862,"pid":6085,"hostname":"fv-az77-272","name":"@waytrade/microservice-core","msg":"Starting HTTP Server on port 0"}
{"level":20,"time":1629836063862,"pid":6085,"hostname":"fv-az77-272","name":"@waytrade/microservice-core","msg":"HTTP Server listening on port 35417"}
{"level":20,"time":1629836063863,"pid":6085,"hostname":"fv-az77-272","name":"@waytrade/microservice-core","msg":"Starting HTTP Server on port 0"}
{"level":20,"time":1629836063863,"pid":6085,"hostname":"fv-az77-272","name":"@waytrade/microservice-core","msg":"HTTP Server listening on port 41783"}
{"level":30,"time":1629836063863,"pid":6085,"hostname":"fv-az77-272","name":"@waytrade/microservice-core","msg":"API Server started at port 35417"}
{"level":30,"time":1629836063863,"pid":6085,"hostname":"fv-az77-272","name":"@waytrade/microservice-core","msg":"Webhook Callback Server started at port 41783"}
{"level":20,"time":1629836063864,"pid":6085,"hostname":"fv-az77-272","name":"@waytrade/microservice-core","msg":"HTTP post /subscribe -> 201 (0ms)"}
{"level":20,"time":1629836063866,"pid":6085,"hostname":"fv-az77-272","name":"@waytrade/microservice-core","msg":"HTTP post /subscribe -> 201 (0ms)"}
{"level":20,"time":1629836063867,"pid":6085,"hostname":"fv-az77-272","name":"@waytrade/microservice-core","msg":"HTTP Server on port 35417 stopped"}
{"level":20,"time":1629836063867,"pid":6085,"hostname":"fv-az77-272","name":"@waytrade/microservice-core","msg":"HTTP Server on port 41783 stopped"}
{"level":30,"time":1629836063867,"pid":6085,"hostname":"fv-az77-272","name":"@waytrade/microservice-core","msg":"App stopped."}
{"level":20,"time":1629836064344,"pid":6085,"hostname":"fv-az77-272","name":"@waytrade/microservice-core","msg":"Starting HTTP Server on port 0"}
{"level":20,"time":1629836064345,"pid":6085,"hostname":"fv-az77-272","name":"@waytrade/microservice-core","msg":"HTTP Server listening on port 51079"}
{"level":20,"time":1629836064348,"pid":6085,"hostname":"fv-az77-272","name":"@waytrade/microservice-core","msg":"HTTP get /api/test/ -> 200 (0ms)"}
{"level":20,"time":1629836064350,"pid":6085,"hostname":"fv-az77-272","name":"@waytrade/microservice-core","msg":"HTTP Server on port 51079 stopped"}
{"level":20,"time":1629836064350,"pid":6085,"hostname":"fv-az77-272","name":"@waytrade/microservice-core","msg":"Starting HTTP Server on port 0"}
{"level":20,"time":1629836064350,"pid":6085,"hostname":"fv-az77-272","name":"@waytrade/microservice-core","msg":"HTTP Server listening on port 38617"}
{"level":20,"time":1629836064352,"pid":6085,"hostname":"fv-az77-272","name":"@waytrade/microservice-core","msg":"HTTP get /api/test/error -> 418 (1ms)"}
{"level":20,"time":1629836064352,"pid":6085,"hostname":"fv-az77-272","name":"@waytrade/microservice-core","msg":"HTTP Server on port 38617 stopped"}
{"level":20,"time":1629836064353,"pid":6085,"hostname":"fv-az77-272","name":"@waytrade/microservice-core","msg":"Starting HTTP Server on port 0"}
{"level":20,"time":1629836064353,"pid":6085,"hostname":"fv-az77-272","name":"@waytrade/microservice-core","msg":"HTTP Server listening on port 47371"}
{"level":20,"time":1629836064407,"pid":6085,"hostname":"fv-az77-272","name":"@waytrade/microservice-core","msg":"HTTP get /api/test/serverError -> 500 (53ms)"}
{"level":20,"time":1629836064408,"pid":6085,"hostname":"fv-az77-272","name":"@waytrade/microservice-core","msg":"HTTP Server on port 47371 stopped"}
{"level":20,"time":1629836064409,"pid":6085,"hostname":"fv-az77-272","name":"@waytrade/microservice-core","msg":"Starting HTTP Server on port 0"}
{"level":20,"time":1629836064409,"pid":6085,"hostname":"fv-az77-272","name":"@waytrade/microservice-core","msg":"HTTP Server listening on port 50227"}
{"level":20,"time":1629836064411,"pid":6085,"hostname":"fv-az77-272","name":"@waytrade/microservice-core","msg":"HTTP put /api/test/ -> 200 (1ms)"}
{"level":20,"time":1629836064412,"pid":6085,"hostname":"fv-az77-272","name":"@waytrade/microservice-core","msg":"HTTP Server on port 50227 stopped"}
{"level":20,"time":1629836064413,"pid":6085,"hostname":"fv-az77-272","name":"@waytrade/microservice-core","msg":"Starting HTTP Server on port 0"}
{"level":20,"time":1629836064413,"pid":6085,"hostname":"fv-az77-272","name":"@waytrade/microservice-core","msg":"HTTP Server listening on port 46369"}
{"level":20,"time":1629836064422,"pid":6085,"hostname":"fv-az77-272","name":"@waytrade/microservice-core","msg":"HTTP put /api/test/error -> 418 (1ms)"}
{"level":20,"time":1629836064422,"pid":6085,"hostname":"fv-az77-272","name":"@waytrade/microservice-core","msg":"HTTP Server on port 46369 stopped"}
{"level":20,"time":1629836064423,"pid":6085,"hostname":"fv-az77-272","name":"@waytrade/microservice-core","msg":"Starting HTTP Server on port 0"}
{"level":20,"time":1629836064424,"pid":6085,"hostname":"fv-az77-272","name":"@waytrade/microservice-core","msg":"HTTP Server listening on port 34933"}
{"level":20,"time":1629836064425,"pid":6085,"hostname":"fv-az77-272","name":"@waytrade/microservice-core","msg":"HTTP post /api/test/ -> 200 (0ms)"}
{"level":20,"time":1629836064426,"pid":6085,"hostname":"fv-az77-272","name":"@waytrade/microservice-core","msg":"HTTP Server on port 34933 stopped"}
{"level":20,"time":1629836064427,"pid":6085,"hostname":"fv-az77-272","name":"@waytrade/microservice-core","msg":"Starting HTTP Server on port 0"}
{"level":20,"time":1629836064427,"pid":6085,"hostname":"fv-az77-272","name":"@waytrade/microservice-core","msg":"HTTP Server listening on port 39487"}
{"level":20,"time":1629836064428,"pid":6085,"hostname":"fv-az77-272","name":"@waytrade/microservice-core","msg":"HTTP post /api/test/error -> 418 (0ms)"}
{"level":20,"time":1629836064429,"pid":6085,"hostname":"fv-az77-272","name":"@waytrade/microservice-core","msg":"HTTP Server on port 39487 stopped"}
{"level":20,"time":1629836064430,"pid":6085,"hostname":"fv-az77-272","name":"@waytrade/microservice-core","msg":"Starting HTTP Server on port 0"}
{"level":20,"time":1629836064430,"pid":6085,"hostname":"fv-az77-272","name":"@waytrade/microservice-core","msg":"HTTP Server listening on port 38113"}
{"level":20,"time":1629836064432,"pid":6085,"hostname":"fv-az77-272","name":"@waytrade/microservice-core","msg":"HTTP patch /api/test/ -> 200 (1ms)"}
{"level":20,"time":1629836064432,"pid":6085,"hostname":"fv-az77-272","name":"@waytrade/microservice-core","msg":"HTTP Server on port 38113 stopped"}
{"level":20,"time":1629836064433,"pid":6085,"hostname":"fv-az77-272","name":"@waytrade/microservice-core","msg":"Starting HTTP Server on port 0"}
{"level":20,"time":1629836064433,"pid":6085,"hostname":"fv-az77-272","name":"@waytrade/microservice-core","msg":"HTTP Server listening on port 59045"}
{"level":20,"time":1629836064434,"pid":6085,"hostname":"fv-az77-272","name":"@waytrade/microservice-core","msg":"HTTP patch /api/test/error -> 418 (0ms)"}
{"level":20,"time":1629836064435,"pid":6085,"hostname":"fv-az77-272","name":"@waytrade/microservice-core","msg":"HTTP Server on port 59045 stopped"}
{"level":20,"time":1629836064435,"pid":6085,"hostname":"fv-az77-272","name":"@waytrade/microservice-core","msg":"Starting HTTP Server on port 0"}
{"level":20,"time":1629836064436,"pid":6085,"hostname":"fv-az77-272","name":"@waytrade/microservice-core","msg":"HTTP Server listening on port 36947"}
{"level":20,"time":1629836064437,"pid":6085,"hostname":"fv-az77-272","name":"@waytrade/microservice-core","msg":"HTTP delete /api/test/ -> 200 (0ms)"}
{"level":20,"time":1629836064439,"pid":6085,"hostname":"fv-az77-272","name":"@waytrade/microservice-core","msg":"HTTP Server on port 36947 stopped"}
{"level":20,"time":1629836064439,"pid":6085,"hostname":"fv-az77-272","name":"@waytrade/microservice-core","msg":"Starting HTTP Server on port 0"}
{"level":20,"time":1629836064439,"pid":6085,"hostname":"fv-az77-272","name":"@waytrade/microservice-core","msg":"HTTP Server listening on port 38537"}
{"level":20,"time":1629836064440,"pid":6085,"hostname":"fv-az77-272","name":"@waytrade/microservice-core","msg":"HTTP delete /api/test/error -> 418 (0ms)"}
{"level":20,"time":1629836064441,"pid":6085,"hostname":"fv-az77-272","name":"@waytrade/microservice-core","msg":"HTTP Server on port 38537 stopped"}
{"level":20,"time":1629836064897,"pid":6085,"hostname":"fv-az77-272","name":"@waytrade/microservice-core","msg":"Starting HTTP Server on port 0"}
{"level":20,"time":1629836064897,"pid":6085,"hostname":"fv-az77-272","name":"@waytrade/microservice-core","msg":"HTTP Server listening on port 52011"}
{"level":20,"time":1629836064900,"pid":6085,"hostname":"fv-az77-272","name":"@waytrade/microservice-core","msg":"HTTP get /api/test/ -> 200 (0ms)"}
{"level":20,"time":1629836064901,"pid":6085,"hostname":"fv-az77-272","name":"@waytrade/microservice-core","msg":"HTTP Server on port 52011 stopped"}
{"level":20,"time":1629836064902,"pid":6085,"hostname":"fv-az77-272","name":"@waytrade/microservice-core","msg":"Starting HTTP Server on port 0"}
{"level":20,"time":1629836064902,"pid":6085,"hostname":"fv-az77-272","name":"@waytrade/microservice-core","msg":"HTTP Server listening on port 36465"}
{"level":20,"time":1629836064904,"pid":6085,"hostname":"fv-az77-272","name":"@waytrade/microservice-core","msg":"HTTP get /api/test/notImplemented -> 501 (0ms)"}
{"level":20,"time":1629836064904,"pid":6085,"hostname":"fv-az77-272","name":"@waytrade/microservice-core","msg":"HTTP Server on port 36465 stopped"}
{"level":20,"time":1629836064905,"pid":6085,"hostname":"fv-az77-272","name":"@waytrade/microservice-core","msg":"Starting HTTP Server on port 0"}
{"level":20,"time":1629836064905,"pid":6085,"hostname":"fv-az77-272","name":"@waytrade/microservice-core","msg":"HTTP Server listening on port 57267"}
{"level":20,"time":1629836064907,"pid":6085,"hostname":"fv-az77-272","name":"@waytrade/microservice-core","msg":"HTTP put /api/test/ -> 200 (0ms)"}
{"level":20,"time":1629836064908,"pid":6085,"hostname":"fv-az77-272","name":"@waytrade/microservice-core","msg":"HTTP Server on port 57267 stopped"}
{"level":20,"time":1629836064909,"pid":6085,"hostname":"fv-az77-272","name":"@waytrade/microservice-core","msg":"Starting HTTP Server on port 0"}
{"level":20,"time":1629836064909,"pid":6085,"hostname":"fv-az77-272","name":"@waytrade/microservice-core","msg":"HTTP Server listening on port 58321"}
{"level":20,"time":1629836064911,"pid":6085,"hostname":"fv-az77-272","name":"@waytrade/microservice-core","msg":"HTTP put /api/test/notImplemented -> 501 (1ms)"}
{"level":20,"time":1629836064911,"pid":6085,"hostname":"fv-az77-272","name":"@waytrade/microservice-core","msg":"HTTP Server on port 58321 stopped"}
{"level":20,"time":1629836064912,"pid":6085,"hostname":"fv-az77-272","name":"@waytrade/microservice-core","msg":"Starting HTTP Server on port 0"}
{"level":20,"time":1629836064912,"pid":6085,"hostname":"fv-az77-272","name":"@waytrade/microservice-core","msg":"HTTP Server listening on port 37805"}
{"level":20,"time":1629836064914,"pid":6085,"hostname":"fv-az77-272","name":"@waytrade/microservice-core","msg":"HTTP post /api/test/ -> 200 (0ms)"}
{"level":20,"time":1629836064915,"pid":6085,"hostname":"fv-az77-272","name":"@waytrade/microservice-core","msg":"HTTP Server on port 37805 stopped"}
{"level":20,"time":1629836064916,"pid":6085,"hostname":"fv-az77-272","name":"@waytrade/microservice-core","msg":"Starting HTTP Server on port 0"}
{"level":20,"time":1629836064916,"pid":6085,"hostname":"fv-az77-272","name":"@waytrade/microservice-core","msg":"HTTP Server listening on port 54931"}
{"level":20,"time":1629836064917,"pid":6085,"hostname":"fv-az77-272","name":"@waytrade/microservice-core","msg":"HTTP post /api/test/notImplemented -> 501 (0ms)"}
{"level":20,"time":1629836064918,"pid":6085,"hostname":"fv-az77-272","name":"@waytrade/microservice-core","msg":"HTTP Server on port 54931 stopped"}
{"level":20,"time":1629836064918,"pid":6085,"hostname":"fv-az77-272","name":"@waytrade/microservice-core","msg":"Starting HTTP Server on port 0"}
{"level":20,"time":1629836064918,"pid":6085,"hostname":"fv-az77-272","name":"@waytrade/microservice-core","msg":"HTTP Server listening on port 45023"}
{"level":20,"time":1629836064920,"pid":6085,"hostname":"fv-az77-272","name":"@waytrade/microservice-core","msg":"HTTP patch /api/test/ -> 200 (0ms)"}
{"level":20,"time":1629836064921,"pid":6085,"hostname":"fv-az77-272","name":"@waytrade/microservice-core","msg":"HTTP Server on port 45023 stopped"}
{"level":20,"time":1629836064921,"pid":6085,"hostname":"fv-az77-272","name":"@waytrade/microservice-core","msg":"Starting HTTP Server on port 0"}
{"level":20,"time":1629836064921,"pid":6085,"hostname":"fv-az77-272","name":"@waytrade/microservice-core","msg":"HTTP Server listening on port 56249"}
{"level":20,"time":1629836064923,"pid":6085,"hostname":"fv-az77-272","name":"@waytrade/microservice-core","msg":"HTTP post /api/test/notImplemented -> 501 (0ms)"}
{"level":20,"time":1629836064923,"pid":6085,"hostname":"fv-az77-272","name":"@waytrade/microservice-core","msg":"HTTP Server on port 56249 stopped"}
{"level":20,"time":1629836064924,"pid":6085,"hostname":"fv-az77-272","name":"@waytrade/microservice-core","msg":"Starting HTTP Server on port 0"}
{"level":20,"time":1629836064924,"pid":6085,"hostname":"fv-az77-272","name":"@waytrade/microservice-core","msg":"HTTP Server listening on port 60729"}
{"level":20,"time":1629836064927,"pid":6085,"hostname":"fv-az77-272","name":"@waytrade/microservice-core","msg":"HTTP delete /api/test/ -> 200 (1ms)"}
{"level":20,"time":1629836064928,"pid":6085,"hostname":"fv-az77-272","name":"@waytrade/microservice-core","msg":"HTTP Server on port 60729 stopped"}
{"level":20,"time":1629836064928,"pid":6085,"hostname":"fv-az77-272","name":"@waytrade/microservice-core","msg":"Starting HTTP Server on port 0"}
{"level":20,"time":1629836064929,"pid":6085,"hostname":"fv-az77-272","name":"@waytrade/microservice-core","msg":"HTTP Server listening on port 40779"}
{"level":20,"time":1629836064930,"pid":6085,"hostname":"fv-az77-272","name":"@waytrade/microservice-core","msg":"HTTP post /api/test/notImplemented -> 501 (0ms)"}
{"level":20,"time":1629836064931,"pid":6085,"hostname":"fv-az77-272","name":"@waytrade/microservice-core","msg":"HTTP Server on port 40779 stopped"}
{"level":20,"time":1629836065396,"pid":6085,"hostname":"fv-az77-272","name":"@waytrade/microservice-core","msg":"Debug message"}
{"level":30,"time":1629836065396,"pid":6085,"hostname":"fv-az77-272","name":"@waytrade/microservice-core","msg":"Info message"}
{"level":40,"time":1629836065396,"pid":6085,"hostname":"fv-az77-272","name":"@waytrade/microservice-core","msg":"Warning message"}
{"level":50,"time":1629836065397,"pid":6085,"hostname":"fv-az77-272","name":"@waytrade/microservice-core","msg":"Error message"}
{"level":30,"time":1629836065398,"pid":6085,"hostname":"fv-az77-272","name":"@waytrade/microservice-core","msg":"Info message"}
{"level":40,"time":1629836065398,"pid":6085,"hostname":"fv-az77-272","name":"@waytrade/microservice-core","msg":"Warning message"}
{"level":50,"time":1629836065398,"pid":6085,"hostname":"fv-az77-272","name":"@waytrade/microservice-core","msg":"Error message"}
{"level":40,"time":1629836065401,"pid":6085,"hostname":"fv-az77-272","name":"@waytrade/microservice-core","msg":"Warning message"}
{"level":50,"time":1629836065401,"pid":6085,"hostname":"fv-az77-272","name":"@waytrade/microservice-core","msg":"Error message"}
{"level":50,"time":1629836065403,"pid":6085,"hostname":"fv-az77-272","name":"@waytrade/microservice-core","msg":"Error message"}
{"level":20,"time":1629836065409,"pid":6085,"hostname":"fv-az77-272","name":"@waytrade/microservice-core","msg":"Debug message"}
{"level":30,"time":1629836065410,"pid":6085,"hostname":"fv-az77-272","name":"@waytrade/microservice-core","msg":"Info message"}
{"level":40,"time":1629836065410,"pid":6085,"hostname":"fv-az77-272","name":"@waytrade/microservice-core","msg":"Warning message"}
{"level":50,"time":1629836065411,"pid":6085,"hostname":"fv-az77-272","name":"@waytrade/microservice-core","msg":"Error message"}
{"level":20,"time":1629836066480,"pid":6085,"hostname":"fv-az77-272","name":"@waytrade/microservice-core","msg":"Starting HTTP Server on port 0"}
{"level":20,"time":1629836066481,"pid":6085,"hostname":"fv-az77-272","name":"@waytrade/microservice-core","msg":"HTTP Server listening on port 60699"}
{"level":20,"time":1629836066484,"pid":6085,"hostname":"fv-az77-272","name":"@waytrade/microservice-core","msg":"HTTP Server on port 60699 stopped"}
{"level":20,"time":1629836066485,"pid":6085,"hostname":"fv-az77-272","name":"@waytrade/microservice-core","msg":"Starting HTTP Server on port 0"}
{"level":20,"time":1629836066485,"pid":6085,"hostname":"fv-az77-272","name":"@waytrade/microservice-core","msg":"HTTP Server listening on port 36055"}
{"level":20,"time":1629836066488,"pid":6085,"hostname":"fv-az77-272","name":"@waytrade/microservice-core","msg":"HTTP Server on port 36055 stopped"}
{"level":20,"time":1629836066489,"pid":6085,"hostname":"fv-az77-272","name":"@waytrade/microservice-core","msg":"Starting HTTP Server on port 0"}
{"level":20,"time":1629836066490,"pid":6085,"hostname":"fv-az77-272","name":"@waytrade/microservice-core","msg":"HTTP Server listening on port 43217"}
{"level":50,"time":1629836066491,"pid":6085,"hostname":"fv-az77-272","name":"@waytrade/microservice-core","msg":"Binary data on websocket not supported."}
{"level":20,"time":1629836067490,"pid":6085,"hostname":"fv-az77-272","name":"@waytrade/microservice-core","msg":"HTTP Server on port 43217 stopped"}
{"level":20,"time":1629836067491,"pid":6085,"hostname":"fv-az77-272","name":"@waytrade/microservice-core","msg":"Starting HTTP Server on port 0"}
{"level":20,"time":1629836067491,"pid":6085,"hostname":"fv-az77-272","name":"@waytrade/microservice-core","msg":"HTTP Server listening on port 49667"}
{"level":20,"time":1629836067495,"pid":6085,"hostname":"fv-az77-272","name":"@waytrade/microservice-core","msg":"HTTP Server on port 49667 stopped"}
{"level":20,"time":1629836067496,"pid":6085,"hostname":"fv-az77-272","name":"@waytrade/microservice-core","msg":"Starting HTTP Server on port 0"}
{"level":20,"time":1629836067496,"pid":6085,"hostname":"fv-az77-272","name":"@waytrade/microservice-core","msg":"HTTP Server listening on port 49767"}
{"level":20,"time":1629836068499,"pid":6085,"hostname":"fv-az77-272","name":"@waytrade/microservice-core","msg":"HTTP Server on port 49767 stopped"}
{"level":20,"time":1629836068500,"pid":6085,"hostname":"fv-az77-272","name":"@waytrade/microservice-core","msg":"Starting HTTP Server on port 0"}
{"level":20,"time":1629836068501,"pid":6085,"hostname":"fv-az77-272","name":"@waytrade/microservice-core","msg":"HTTP Server listening on port 49747"}
{"level":20,"time":1629836068685,"pid":6085,"hostname":"fv-az77-272","name":"@waytrade/microservice-core","msg":"HTTP Server on port 49747 stopped"}
{"level":20,"time":1629836068686,"pid":6085,"hostname":"fv-az77-272","name":"@waytrade/microservice-core","msg":"Starting HTTP Server on port 0"}
{"level":20,"time":1629836068686,"pid":6085,"hostname":"fv-az77-272","name":"@waytrade/microservice-core","msg":"HTTP Server listening on port 50775"}
{"level":20,"time":1629836068927,"pid":6085,"hostname":"fv-az77-272","name":"@waytrade/microservice-core","msg":"HTTP Server on port 50775 stopped"}
{"level":30,"time":1629836069336,"pid":6085,"hostname":"fv-az77-272","name":"@waytrade/microservice-core","msg":"Starting App..."}
{"level":20,"time":1629836069336,"pid":6085,"hostname":"fv-az77-272","name":"@waytrade/microservice-core","msg":"Starting HTTP Server on port 0"}
{"level":20,"time":1629836069336,"pid":6085,"hostname":"fv-az77-272","name":"@waytrade/microservice-core","msg":"HTTP Server listening on port 38695"}
{"level":30,"time":1629836069336,"pid":6085,"hostname":"fv-az77-272","name":"@waytrade/microservice-core","msg":"API Server started at port 38695"}
{"level":20,"time":1629836069337,"pid":6085,"hostname":"fv-az77-272","name":"@waytrade/microservice-core","msg":"HTTP Server on port 38695 stopped"}
{"level":30,"time":1629836069337,"pid":6085,"hostname":"fv-az77-272","name":"@waytrade/microservice-core","msg":"App stopped."}
{"level":30,"time":1629836069340,"pid":6085,"hostname":"fv-az77-272","name":"@waytrade/microservice-core","msg":"Starting App..."}
{"level":20,"time":1629836069340,"pid":6085,"hostname":"fv-az77-272","name":"@waytrade/microservice-core","msg":"Starting HTTP Server on port 0"}
{"level":20,"time":1629836069340,"pid":6085,"hostname":"fv-az77-272","name":"@waytrade/microservice-core","msg":"HTTP Server listening on port 53787"}
{"level":30,"time":1629836069340,"pid":6085,"hostname":"fv-az77-272","name":"@waytrade/microservice-core","msg":"API Server started at port 53787"}
{"level":20,"time":1629836069341,"pid":6085,"hostname":"fv-az77-272","name":"@waytrade/microservice-core","msg":"HTTP Server on port 53787 stopped"}
{"level":30,"time":1629836069341,"pid":6085,"hostname":"fv-az77-272","name":"@waytrade/microservice-core","msg":"App stopped."}
{"level":30,"time":1629836069342,"pid":6085,"hostname":"fv-az77-272","name":"@waytrade/microservice-core","msg":"Starting App..."}
{"level":20,"time":1629836069342,"pid":6085,"hostname":"fv-az77-272","name":"@waytrade/microservice-core","msg":"Starting HTTP Server on port 0"}
{"level":20,"time":1629836069342,"pid":6085,"hostname":"fv-az77-272","name":"@waytrade/microservice-core","msg":"HTTP Server listening on port 57213"}
{"level":30,"time":1629836069342,"pid":6085,"hostname":"fv-az77-272","name":"@waytrade/microservice-core","msg":"API Server started at port 57213"}
{"level":50,"time":1629836069342,"pid":6085,"hostname":"fv-az77-272","name":"@waytrade/microservice-core","msg":"App start failed: App is running already."}
{"level":20,"time":1629836069342,"pid":6085,"hostname":"fv-az77-272","name":"@waytrade/microservice-core","msg":"HTTP Server on port 57213 stopped"}
{"level":30,"time":1629836069343,"pid":6085,"hostname":"fv-az77-272","name":"@waytrade/microservice-core","msg":"App stopped."}
{"level":30,"time":1629836069344,"pid":6085,"hostname":"fv-az77-272","name":"@waytrade/microservice-core","msg":"Starting App..."}
{"level":20,"time":1629836069344,"pid":6085,"hostname":"fv-az77-272","name":"@waytrade/microservice-core","msg":"Starting HTTP Server on port 0"}
{"level":20,"time":1629836069344,"pid":6085,"hostname":"fv-az77-272","name":"@waytrade/microservice-core","msg":"HTTP Server listening on port 52549"}
{"level":30,"time":1629836069344,"pid":6085,"hostname":"fv-az77-272","name":"@waytrade/microservice-core","msg":"API Server started at port 52549"}
{"level":20,"time":1629836069344,"pid":6085,"hostname":"fv-az77-272","name":"@waytrade/microservice-core","msg":"HTTP Server on port 52549 stopped"}
{"level":30,"time":1629836069344,"pid":6085,"hostname":"fv-az77-272","name":"@waytrade/microservice-core","msg":"App stopped."}
{"level":30,"time":1629836069346,"pid":6085,"hostname":"fv-az77-272","name":"@waytrade/microservice-core","msg":"Starting App..."}
{"level":20,"time":1629836069346,"pid":6085,"hostname":"fv-az77-272","name":"@waytrade/microservice-core","msg":"Starting HTTP Server on port 0"}
{"level":20,"time":1629836069347,"pid":6085,"hostname":"fv-az77-272","name":"@waytrade/microservice-core","msg":"HTTP Server listening on port 50145"}
{"level":30,"time":1629836069347,"pid":6085,"hostname":"fv-az77-272","name":"@waytrade/microservice-core","msg":"API Server started at port 50145"}
{"level":20,"time":1629836069347,"pid":6085,"hostname":"fv-az77-272","name":"@waytrade/microservice-core","msg":"HTTP Server on port 50145 stopped"}
{"level":30,"time":1629836069347,"pid":6085,"hostname":"fv-az77-272","name":"@waytrade/microservice-core","msg":"App stopped."}
{"level":30,"time":1629836069349,"pid":6085,"hostname":"fv-az77-272","name":"@waytrade/microservice-core","msg":"Starting App..."}
{"level":20,"time":1629836069349,"pid":6085,"hostname":"fv-az77-272","name":"@waytrade/microservice-core","msg":"Starting HTTP Server on port 0"}
{"level":20,"time":1629836069350,"pid":6085,"hostname":"fv-az77-272","name":"@waytrade/microservice-core","msg":"HTTP Server listening on port 60483"}
{"level":30,"time":1629836069350,"pid":6085,"hostname":"fv-az77-272","name":"@waytrade/microservice-core","msg":"API Server started at port 60483"}
{"level":20,"time":1629836069361,"pid":6085,"hostname":"fv-az77-272","name":"@waytrade/microservice-core","msg":"HTTP get /test/get/ -> 200 (0ms)"}
{"level":20,"time":1629836069362,"pid":6085,"hostname":"fv-az77-272","name":"@waytrade/microservice-core","msg":"HTTP Server on port 60483 stopped"}
{"level":30,"time":1629836069362,"pid":6085,"hostname":"fv-az77-272","name":"@waytrade/microservice-core","msg":"App stopped."}
{"level":30,"time":1629836069363,"pid":6085,"hostname":"fv-az77-272","name":"@waytrade/microservice-core","msg":"Starting App..."}
{"level":20,"time":1629836069364,"pid":6085,"hostname":"fv-az77-272","name":"@waytrade/microservice-core","msg":"Starting HTTP Server on port 0"}
{"level":20,"time":1629836069364,"pid":6085,"hostname":"fv-az77-272","name":"@waytrade/microservice-core","msg":"HTTP Server listening on port 41535"}
{"level":30,"time":1629836069364,"pid":6085,"hostname":"fv-az77-272","name":"@waytrade/microservice-core","msg":"API Server started at port 41535"}
{"level":20,"time":1629836069364,"pid":6085,"hostname":"fv-az77-272","name":"@waytrade/microservice-core","msg":"Debug message"}
{"level":30,"time":1629836069364,"pid":6085,"hostname":"fv-az77-272","name":"@waytrade/microservice-core","msg":"Info message"}
{"level":40,"time":1629836069364,"pid":6085,"hostname":"fv-az77-272","name":"@waytrade/microservice-core","msg":"Warning message"}
{"level":50,"time":1629836069364,"pid":6085,"hostname":"fv-az77-272","name":"@waytrade/microservice-core","msg":"Error message"}
{"level":20,"time":1629836069364,"pid":6085,"hostname":"fv-az77-272","name":"@waytrade/microservice-core","msg":"HTTP Server on port 41535 stopped"}
{"level":30,"time":1629836069364,"pid":6085,"hostname":"fv-az77-272","name":"@waytrade/microservice-core","msg":"App stopped."}
{"level":30,"time":1629836069711,"pid":6085,"hostname":"fv-az77-272","name":"@waytrade/microservice-core","msg":"Starting App..."}
{"level":20,"time":1629836069711,"pid":6085,"hostname":"fv-az77-272","name":"@waytrade/microservice-core","msg":"Starting HTTP Server on port 0"}
{"level":20,"time":1629836069712,"pid":6085,"hostname":"fv-az77-272","name":"@waytrade/microservice-core","msg":"HTTP Server listening on port 54065"}
{"level":20,"time":1629836069712,"pid":6085,"hostname":"fv-az77-272","name":"@waytrade/microservice-core","msg":"Starting HTTP Server on port 0"}
{"level":20,"time":1629836069712,"pid":6085,"hostname":"fv-az77-272","name":"@waytrade/microservice-core","msg":"HTTP Server listening on port 42811"}
{"level":30,"time":1629836069712,"pid":6085,"hostname":"fv-az77-272","name":"@waytrade/microservice-core","msg":"API Server started at port 54065"}
{"level":30,"time":1629836069712,"pid":6085,"hostname":"fv-az77-272","name":"@waytrade/microservice-core","msg":"Webhook Callback Server started at port 42811"}
{"level":20,"time":1629836069713,"pid":6085,"hostname":"fv-az77-272","name":"@waytrade/microservice-core","msg":"HTTP Server on port 54065 stopped"}
{"level":20,"time":1629836069713,"pid":6085,"hostname":"fv-az77-272","name":"@waytrade/microservice-core","msg":"HTTP Server on port 42811 stopped"}
{"level":30,"time":1629836069713,"pid":6085,"hostname":"fv-az77-272","name":"@waytrade/microservice-core","msg":"App stopped."}
{"level":30,"time":1629836069715,"pid":6085,"hostname":"fv-az77-272","name":"@waytrade/microservice-core","msg":"Starting App..."}
{"level":20,"time":1629836069716,"pid":6085,"hostname":"fv-az77-272","name":"@waytrade/microservice-core","msg":"Starting HTTP Server on port 0"}
{"level":20,"time":1629836069716,"pid":6085,"hostname":"fv-az77-272","name":"@waytrade/microservice-core","msg":"HTTP Server listening on port 39077"}
{"level":20,"time":1629836069716,"pid":6085,"hostname":"fv-az77-272","name":"@waytrade/microservice-core","msg":"Starting HTTP Server on port 0"}
{"level":20,"time":1629836069716,"pid":6085,"hostname":"fv-az77-272","name":"@waytrade/microservice-core","msg":"HTTP Server listening on port 38715"}
{"level":30,"time":1629836069716,"pid":6085,"hostname":"fv-az77-272","name":"@waytrade/microservice-core","msg":"API Server started at port 39077"}
{"level":30,"time":1629836069716,"pid":6085,"hostname":"fv-az77-272","name":"@waytrade/microservice-core","msg":"Webhook Callback Server started at port 38715"}
{"level":20,"time":1629836069717,"pid":6085,"hostname":"fv-az77-272","name":"@waytrade/microservice-core","msg":"HTTP Server on port 39077 stopped"}
{"level":20,"time":1629836069717,"pid":6085,"hostname":"fv-az77-272","name":"@waytrade/microservice-core","msg":"HTTP Server on port 38715 stopped"}
{"level":30,"time":1629836069717,"pid":6085,"hostname":"fv-az77-272","name":"@waytrade/microservice-core","msg":"App stopped."}
{"level":30,"time":1629836069719,"pid":6085,"hostname":"fv-az77-272","name":"@waytrade/microservice-core","msg":"Starting App..."}
{"level":20,"time":1629836069719,"pid":6085,"hostname":"fv-az77-272","name":"@waytrade/microservice-core","msg":"Starting HTTP Server on port 0"}
{"level":20,"time":1629836069719,"pid":6085,"hostname":"fv-az77-272","name":"@waytrade/microservice-core","msg":"HTTP Server listening on port 42075"}
{"level":20,"time":1629836069720,"pid":6085,"hostname":"fv-az77-272","name":"@waytrade/microservice-core","msg":"Starting HTTP Server on port 0"}
{"level":20,"time":1629836069720,"pid":6085,"hostname":"fv-az77-272","name":"@waytrade/microservice-core","msg":"HTTP Server listening on port 49815"}
{"level":50,"time":1629836069720,"pid":6085,"hostname":"fv-az77-272","name":"@waytrade/microservice-core","msg":"App start failed: Controller booth failed"}
{"level":20,"time":1629836069720,"pid":6085,"hostname":"fv-az77-272","name":"@waytrade/microservice-core","msg":"HTTP Server on port 42075 stopped"}
{"level":20,"time":1629836069720,"pid":6085,"hostname":"fv-az77-272","name":"@waytrade/microservice-core","msg":"HTTP Server on port 49815 stopped"}
{"level":30,"time":1629836069720,"pid":6085,"hostname":"fv-az77-272","name":"@waytrade/microservice-core","msg":"App stopped."}
{"level":30,"time":1629836069722,"pid":6085,"hostname":"fv-az77-272","name":"@waytrade/microservice-core","msg":"Starting App..."}
{"level":20,"time":1629836069722,"pid":6085,"hostname":"fv-az77-272","name":"@waytrade/microservice-core","msg":"Starting HTTP Server on port 0"}
{"level":20,"time":1629836069722,"pid":6085,"hostname":"fv-az77-272","name":"@waytrade/microservice-core","msg":"HTTP Server listening on port 55675"}
{"level":20,"time":1629836069722,"pid":6085,"hostname":"fv-az77-272","name":"@waytrade/microservice-core","msg":"Starting HTTP Server on port 0"}
{"level":20,"time":1629836069722,"pid":6085,"hostname":"fv-az77-272","name":"@waytrade/microservice-core","msg":"HTTP Server listening on port 41835"}
{"level":50,"time":1629836069722,"pid":6085,"hostname":"fv-az77-272","name":"@waytrade/microservice-core","msg":"App start failed: Controller booth failed"}
{"level":20,"time":1629836069723,"pid":6085,"hostname":"fv-az77-272","name":"@waytrade/microservice-core","msg":"HTTP Server on port 55675 stopped"}
{"level":20,"time":1629836069723,"pid":6085,"hostname":"fv-az77-272","name":"@waytrade/microservice-core","msg":"HTTP Server on port 41835 stopped"}
{"level":30,"time":1629836069723,"pid":6085,"hostname":"fv-az77-272","name":"@waytrade/microservice-core","msg":"App stopped."}
{"level":30,"time":1629836069724,"pid":6085,"hostname":"fv-az77-272","name":"@waytrade/microservice-core","msg":"Starting App..."}
{"level":20,"time":1629836069724,"pid":6085,"hostname":"fv-az77-272","name":"@waytrade/microservice-core","msg":"Starting HTTP Server on port 0"}
{"level":20,"time":1629836069724,"pid":6085,"hostname":"fv-az77-272","name":"@waytrade/microservice-core","msg":"HTTP Server listening on port 52837"}
{"level":20,"time":1629836069724,"pid":6085,"hostname":"fv-az77-272","name":"@waytrade/microservice-core","msg":"Starting HTTP Server on port 0"}
{"level":20,"time":1629836069725,"pid":6085,"hostname":"fv-az77-272","name":"@waytrade/microservice-core","msg":"HTTP Server listening on port 56233"}
{"level":50,"time":1629836069725,"pid":6085,"hostname":"fv-az77-272","name":"@waytrade/microservice-core","msg":"App start failed: Controller booth failed"}
{"level":20,"time":1629836069725,"pid":6085,"hostname":"fv-az77-272","name":"@waytrade/microservice-core","msg":"HTTP Server on port 52837 stopped"}
{"level":20,"time":1629836069725,"pid":6085,"hostname":"fv-az77-272","name":"@waytrade/microservice-core","msg":"HTTP Server on port 56233 stopped"}
{"level":30,"time":1629836069725,"pid":6085,"hostname":"fv-az77-272","name":"@waytrade/microservice-core","msg":"App stopped."}
{"level":30,"time":1629836069726,"pid":6085,"hostname":"fv-az77-272","name":"@waytrade/microservice-core","msg":"Starting App..."}
{"level":20,"time":1629836069726,"pid":6085,"hostname":"fv-az77-272","name":"@waytrade/microservice-core","msg":"Starting HTTP Server on port 0"}
{"level":20,"time":1629836069727,"pid":6085,"hostname":"fv-az77-272","name":"@waytrade/microservice-core","msg":"HTTP Server listening on port 56945"}
{"level":20,"time":1629836069727,"pid":6085,"hostname":"fv-az77-272","name":"@waytrade/microservice-core","msg":"Starting HTTP Server on port 0"}
{"level":20,"time":1629836069727,"pid":6085,"hostname":"fv-az77-272","name":"@waytrade/microservice-core","msg":"HTTP Server listening on port 32955"}
{"level":50,"time":1629836069727,"pid":6085,"hostname":"fv-az77-272","name":"@waytrade/microservice-core","msg":"App start failed: Controller booth failed"}
{"level":20,"time":1629836069727,"pid":6085,"hostname":"fv-az77-272","name":"@waytrade/microservice-core","msg":"HTTP Server on port 56945 stopped"}
{"level":20,"time":1629836069727,"pid":6085,"hostname":"fv-az77-272","name":"@waytrade/microservice-core","msg":"HTTP Server on port 32955 stopped"}
{"level":30,"time":1629836069727,"pid":6085,"hostname":"fv-az77-272","name":"@waytrade/microservice-core","msg":"App stopped."}
{"level":30,"time":1629836070045,"pid":6085,"hostname":"fv-az77-272","name":"@waytrade/microservice-core","msg":"Starting App..."}
{"level":20,"time":1629836070045,"pid":6085,"hostname":"fv-az77-272","name":"@waytrade/microservice-core","msg":"Starting HTTP Server on port 0"}
{"level":20,"time":1629836070046,"pid":6085,"hostname":"fv-az77-272","name":"@waytrade/microservice-core","msg":"HTTP Server listening on port 53707"}
{"level":30,"time":1629836070046,"pid":6085,"hostname":"fv-az77-272","name":"@waytrade/microservice-core","msg":"API Server started at port 53707"}
{"level":20,"time":1629836070047,"pid":6085,"hostname":"fv-az77-272","name":"@waytrade/microservice-core","msg":"HTTP Server on port 53707 stopped"}
{"level":30,"time":1629836070047,"pid":6085,"hostname":"fv-az77-272","name":"@waytrade/microservice-core","msg":"App stopped."}
{"level":30,"time":1629836070049,"pid":6085,"hostname":"fv-az77-272","name":"@waytrade/microservice-core","msg":"Starting App..."}
{"level":20,"time":1629836070049,"pid":6085,"hostname":"fv-az77-272","name":"@waytrade/microservice-core","msg":"Starting HTTP Server on port 0"}
{"level":20,"time":1629836070049,"pid":6085,"hostname":"fv-az77-272","name":"@waytrade/microservice-core","msg":"HTTP Server listening on port 51413"}
{"level":30,"time":1629836070050,"pid":6085,"hostname":"fv-az77-272","name":"@waytrade/microservice-core","msg":"API Server started at port 51413"}
{"level":20,"time":1629836070051,"pid":6085,"hostname":"fv-az77-272","name":"@waytrade/microservice-core","msg":"HTTP Server on port 51413 stopped"}
{"level":30,"time":1629836070051,"pid":6085,"hostname":"fv-az77-272","name":"@waytrade/microservice-core","msg":"App stopped."}
{"level":30,"time":1629836070053,"pid":6085,"hostname":"fv-az77-272","name":"@waytrade/microservice-core","msg":"Starting App..."}
{"level":20,"time":1629836070053,"pid":6085,"hostname":"fv-az77-272","name":"@waytrade/microservice-core","msg":"Starting HTTP Server on port 0"}
{"level":20,"time":1629836070053,"pid":6085,"hostname":"fv-az77-272","name":"@waytrade/microservice-core","msg":"HTTP Server listening on port 36111"}
{"level":50,"time":1629836070053,"pid":6085,"hostname":"fv-az77-272","name":"@waytrade/microservice-core","msg":"App start failed: Controller booth failed"}
{"level":20,"time":1629836070054,"pid":6085,"hostname":"fv-az77-272","name":"@waytrade/microservice-core","msg":"HTTP Server on port 36111 stopped"}
{"level":30,"time":1629836070054,"pid":6085,"hostname":"fv-az77-272","name":"@waytrade/microservice-core","msg":"App stopped."}
{"level":30,"time":1629836070055,"pid":6085,"hostname":"fv-az77-272","name":"@waytrade/microservice-core","msg":"Starting App..."}
{"level":20,"time":1629836070055,"pid":6085,"hostname":"fv-az77-272","name":"@waytrade/microservice-core","msg":"Starting HTTP Server on port 0"}
{"level":20,"time":1629836070055,"pid":6085,"hostname":"fv-az77-272","name":"@waytrade/microservice-core","msg":"HTTP Server listening on port 54673"}
{"level":50,"time":1629836070055,"pid":6085,"hostname":"fv-az77-272","name":"@waytrade/microservice-core","msg":"App start failed: Controller booth failed"}
{"level":20,"time":1629836070056,"pid":6085,"hostname":"fv-az77-272","name":"@waytrade/microservice-core","msg":"HTTP Server on port 54673 stopped"}
{"level":30,"time":1629836070056,"pid":6085,"hostname":"fv-az77-272","name":"@waytrade/microservice-core","msg":"App stopped."}
{"level":30,"time":1629836070057,"pid":6085,"hostname":"fv-az77-272","name":"@waytrade/microservice-core","msg":"Starting App..."}
{"level":20,"time":1629836070057,"pid":6085,"hostname":"fv-az77-272","name":"@waytrade/microservice-core","msg":"Starting HTTP Server on port 0"}
{"level":20,"time":1629836070057,"pid":6085,"hostname":"fv-az77-272","name":"@waytrade/microservice-core","msg":"HTTP Server listening on port 49105"}
{"level":50,"time":1629836070058,"pid":6085,"hostname":"fv-az77-272","name":"@waytrade/microservice-core","msg":"App start failed: Controller booth failed"}
{"level":20,"time":1629836070058,"pid":6085,"hostname":"fv-az77-272","name":"@waytrade/microservice-core","msg":"HTTP Server on port 49105 stopped"}
{"level":30,"time":1629836070058,"pid":6085,"hostname":"fv-az77-272","name":"@waytrade/microservice-core","msg":"App stopped."}
{"level":30,"time":1629836070059,"pid":6085,"hostname":"fv-az77-272","name":"@waytrade/microservice-core","msg":"Starting App..."}
{"level":20,"time":1629836070059,"pid":6085,"hostname":"fv-az77-272","name":"@waytrade/microservice-core","msg":"Starting HTTP Server on port 0"}
{"level":20,"time":1629836070059,"pid":6085,"hostname":"fv-az77-272","name":"@waytrade/microservice-core","msg":"HTTP Server listening on port 33917"}
{"level":50,"time":1629836070060,"pid":6085,"hostname":"fv-az77-272","name":"@waytrade/microservice-core","msg":"App start failed: Controller booth failed"}
{"level":20,"time":1629836070060,"pid":6085,"hostname":"fv-az77-272","name":"@waytrade/microservice-core","msg":"HTTP Server on port 33917 stopped"}
{"level":30,"time":1629836070060,"pid":6085,"hostname":"fv-az77-272","name":"@waytrade/microservice-core","msg":"App stopped."}
{"level":30,"time":1629836070396,"pid":6085,"hostname":"fv-az77-272","name":"@waytrade/microservice-core","msg":"Starting App..."}
{"level":20,"time":1629836070397,"pid":6085,"hostname":"fv-az77-272","name":"@waytrade/microservice-core","msg":"Starting HTTP Server on port 0"}
{"level":20,"time":1629836070397,"pid":6085,"hostname":"fv-az77-272","name":"@waytrade/microservice-core","msg":"HTTP Server listening on port 58701"}
{"level":30,"time":1629836070398,"pid":6085,"hostname":"fv-az77-272","name":"@waytrade/microservice-core","msg":"API Server started at port 58701"}
{"level":20,"time":1629836070406,"pid":6085,"hostname":"fv-az77-272","name":"@waytrade/microservice-core","msg":"HTTP Server on port 58701 stopped"}
{"level":30,"time":1629836070407,"pid":6085,"hostname":"fv-az77-272","name":"@waytrade/microservice-core","msg":"App stopped."}
{"level":30,"time":1629836070408,"pid":6085,"hostname":"fv-az77-272","name":"@waytrade/microservice-core","msg":"Starting App..."}
{"level":20,"time":1629836070409,"pid":6085,"hostname":"fv-az77-272","name":"@waytrade/microservice-core","msg":"Starting HTTP Server on port 0"}
{"level":20,"time":1629836070409,"pid":6085,"hostname":"fv-az77-272","name":"@waytrade/microservice-core","msg":"HTTP Server listening on port 56195"}
{"level":30,"time":1629836070409,"pid":6085,"hostname":"fv-az77-272","name":"@waytrade/microservice-core","msg":"API Server started at port 56195"}
{"level":20,"time":1629836070411,"pid":6085,"hostname":"fv-az77-272","name":"@waytrade/microservice-core","msg":"HTTP Server on port 56195 stopped"}
{"level":30,"time":1629836070411,"pid":6085,"hostname":"fv-az77-272","name":"@waytrade/microservice-core","msg":"App stopped."}
{"level":30,"time":1629836070413,"pid":6085,"hostname":"fv-az77-272","name":"@waytrade/microservice-core","msg":"Starting App..."}
{"level":50,"time":1629836070413,"pid":6085,"hostname":"fv-az77-272","name":"@waytrade/microservice-core","msg":"App start failed: Controller booth failed"}
{"level":30,"time":1629836070413,"pid":6085,"hostname":"fv-az77-272","name":"@waytrade/microservice-core","msg":"App stopped."}
{"level":30,"time":1629836070415,"pid":6085,"hostname":"fv-az77-272","name":"@waytrade/microservice-core","msg":"Starting App..."}
{"level":50,"time":1629836070415,"pid":6085,"hostname":"fv-az77-272","name":"@waytrade/microservice-core","msg":"App start failed: Controller booth failed"}
{"level":30,"time":1629836070415,"pid":6085,"hostname":"fv-az77-272","name":"@waytrade/microservice-core","msg":"App stopped."}
{"level":30,"time":1629836070416,"pid":6085,"hostname":"fv-az77-272","name":"@waytrade/microservice-core","msg":"Starting App..."}
{"level":50,"time":1629836070417,"pid":6085,"hostname":"fv-az77-272","name":"@waytrade/microservice-core","msg":"App start failed: Controller booth failed"}
{"level":30,"time":1629836070417,"pid":6085,"hostname":"fv-az77-272","name":"@waytrade/microservice-core","msg":"App stopped."}
{"level":30,"time":1629836070437,"pid":6085,"hostname":"fv-az77-272","name":"@waytrade/microservice-core","msg":"Starting App..."}
{"level":50,"time":1629836070438,"pid":6085,"hostname":"fv-az77-272","name":"@waytrade/microservice-core","msg":"App start failed: Controller booth failed"}
{"level":30,"time":1629836070438,"pid":6085,"hostname":"fv-az77-272","name":"@waytrade/microservice-core","msg":"App stopped."}
{"level":20,"time":1629836070757,"pid":6085,"hostname":"fv-az77-272","name":"@waytrade/microservice-core","msg":"Starting HTTP Server on port 0"}
{"level":20,"time":1629836070757,"pid":6085,"hostname":"fv-az77-272","name":"@waytrade/microservice-core","msg":"HTTP Server listening on port 46297"}
{"level":20,"time":1629836070757,"pid":6085,"hostname":"fv-az77-272","name":"@waytrade/microservice-core","msg":"HTTP Server on port 46297 stopped"}
{"level":20,"time":1629836070758,"pid":6085,"hostname":"fv-az77-272","name":"@waytrade/microservice-core","msg":"Starting HTTP Server on port 3999"}
{"level":20,"time":1629836070758,"pid":6085,"hostname":"fv-az77-272","name":"@waytrade/microservice-core","msg":"HTTP Server listening on port 3999"}
{"level":20,"time":1629836070759,"pid":6085,"hostname":"fv-az77-272","name":"@waytrade/microservice-core","msg":"HTTP Server on port 3999 stopped"}
{"level":20,"time":1629836070759,"pid":6085,"hostname":"fv-az77-272","name":"@waytrade/microservice-core","msg":"Starting HTTP Server on port 0"}
{"level":20,"time":1629836070759,"pid":6085,"hostname":"fv-az77-272","name":"@waytrade/microservice-core","msg":"HTTP Server listening on port 56343"}
{"level":20,"time":1629836070769,"pid":6085,"hostname":"fv-az77-272","name":"@waytrade/microservice-core","msg":"/some/invalid/path not found."}
{"level":20,"time":1629836070770,"pid":6085,"hostname":"fv-az77-272","name":"@waytrade/microservice-core","msg":"HTTP Server on port 56343 stopped"}
{"level":20,"time":1629836070771,"pid":6085,"hostname":"fv-az77-272","name":"@waytrade/microservice-core","msg":"Starting HTTP Server on port 0"}
{"level":20,"time":1629836070771,"pid":6085,"hostname":"fv-az77-272","name":"@waytrade/microservice-core","msg":"HTTP Server listening on port 43339"}
{"level":20,"time":1629836070773,"pid":6085,"hostname":"fv-az77-272","name":"@waytrade/microservice-core","msg":"HTTP Server on port 43339 stopped"}
{"level":20,"time":1629836070773,"pid":6085,"hostname":"fv-az77-272","name":"@waytrade/microservice-core","msg":"Starting HTTP Server on port 0"}
{"level":20,"time":1629836070774,"pid":6085,"hostname":"fv-az77-272","name":"@waytrade/microservice-core","msg":"HTTP Server listening on port 57909"}
{"level":20,"time":1629836070776,"pid":6085,"hostname":"fv-az77-272","name":"@waytrade/microservice-core","msg":"HTTP Server on port 57909 stopped"}
{"level":20,"time":1629836070776,"pid":6085,"hostname":"fv-az77-272","name":"@waytrade/microservice-core","msg":"Starting HTTP Server on port 0"}
{"level":20,"time":1629836070777,"pid":6085,"hostname":"fv-az77-272","name":"@waytrade/microservice-core","msg":"HTTP Server listening on port 35643"}
{"level":20,"time":1629836070778,"pid":6085,"hostname":"fv-az77-272","name":"@waytrade/microservice-core","msg":"HTTP get /api/dummy/customResponseHeader -> 200 (0ms)"}
{"level":20,"time":1629836070779,"pid":6085,"hostname":"fv-az77-272","name":"@waytrade/microservice-core","msg":"HTTP Server on port 35643 stopped"}
{"level":30,"time":1629836071123,"pid":6085,"hostname":"fv-az77-272","name":"@waytrade/microservice-core","msg":"Starting App..."}
{"level":20,"time":1629836071123,"pid":6085,"hostname":"fv-az77-272","name":"@waytrade/microservice-core","msg":"Starting HTTP Server on port 0"}
{"level":20,"time":1629836071124,"pid":6085,"hostname":"fv-az77-272","name":"@waytrade/microservice-core","msg":"HTTP Server listening on port 53615"}
{"level":20,"time":1629836071124,"pid":6085,"hostname":"fv-az77-272","name":"@waytrade/microservice-core","msg":"Starting HTTP Server on port 0"}
{"level":20,"time":1629836071124,"pid":6085,"hostname":"fv-az77-272","name":"@waytrade/microservice-core","msg":"HTTP Server listening on port 58431"}
{"level":30,"time":1629836071124,"pid":6085,"hostname":"fv-az77-272","name":"@waytrade/microservice-core","msg":"API Server started at port 53615"}
{"level":30,"time":1629836071124,"pid":6085,"hostname":"fv-az77-272","name":"@waytrade/microservice-core","msg":"Webhook Callback Server started at port 58431"}
{"level":20,"time":1629836071127,"pid":6085,"hostname":"fv-az77-272","name":"@waytrade/microservice-core","msg":"HTTP get /api/ -> 200 (0ms)"}
{"level":20,"time":1629836071128,"pid":6085,"hostname":"fv-az77-272","name":"@waytrade/microservice-core","msg":"HTTP Server on port 53615 stopped"}
{"level":20,"time":1629836071128,"pid":6085,"hostname":"fv-az77-272","name":"@waytrade/microservice-core","msg":"HTTP Server on port 58431 stopped"}
{"level":30,"time":1629836071128,"pid":6085,"hostname":"fv-az77-272","name":"@waytrade/microservice-core","msg":"App stopped."}
{"level":30,"time":1629836071130,"pid":6085,"hostname":"fv-az77-272","name":"@waytrade/microservice-core","msg":"Starting App..."}
{"level":20,"time":1629836071130,"pid":6085,"hostname":"fv-az77-272","name":"@waytrade/microservice-core","msg":"Starting HTTP Server on port 0"}
{"level":20,"time":1629836071130,"pid":6085,"hostname":"fv-az77-272","name":"@waytrade/microservice-core","msg":"HTTP Server listening on port 48207"}
{"level":20,"time":1629836071130,"pid":6085,"hostname":"fv-az77-272","name":"@waytrade/microservice-core","msg":"Starting HTTP Server on port 0"}
{"level":20,"time":1629836071130,"pid":6085,"hostname":"fv-az77-272","name":"@waytrade/microservice-core","msg":"HTTP Server listening on port 40751"}
{"level":30,"time":1629836071131,"pid":6085,"hostname":"fv-az77-272","name":"@waytrade/microservice-core","msg":"API Server started at port 48207"}
{"level":30,"time":1629836071131,"pid":6085,"hostname":"fv-az77-272","name":"@waytrade/microservice-core","msg":"Webhook Callback Server started at port 40751"}
{"level":20,"time":1629836071132,"pid":6085,"hostname":"fv-az77-272","name":"@waytrade/microservice-core","msg":"HTTP get / -> 200 (1ms)"}
{"level":20,"time":1629836071132,"pid":6085,"hostname":"fv-az77-272","name":"@waytrade/microservice-core","msg":"HTTP Server on port 48207 stopped"}
{"level":20,"time":1629836071132,"pid":6085,"hostname":"fv-az77-272","name":"@waytrade/microservice-core","msg":"HTTP Server on port 40751 stopped"}
{"level":30,"time":1629836071133,"pid":6085,"hostname":"fv-az77-272","name":"@waytrade/microservice-core","msg":"App stopped."}
{"level":30,"time":1629836071134,"pid":6085,"hostname":"fv-az77-272","name":"@waytrade/microservice-core","msg":"Starting App..."}
{"level":20,"time":1629836071134,"pid":6085,"hostname":"fv-az77-272","name":"@waytrade/microservice-core","msg":"Starting HTTP Server on port 0"}
{"level":20,"time":1629836071134,"pid":6085,"hostname":"fv-az77-272","name":"@waytrade/microservice-core","msg":"HTTP Server listening on port 60435"}
{"level":20,"time":1629836071134,"pid":6085,"hostname":"fv-az77-272","name":"@waytrade/microservice-core","msg":"Starting HTTP Server on port 0"}
{"level":20,"time":1629836071134,"pid":6085,"hostname":"fv-az77-272","name":"@waytrade/microservice-core","msg":"HTTP Server listening on port 57985"}
{"level":30,"time":1629836071135,"pid":6085,"hostname":"fv-az77-272","name":"@waytrade/microservice-core","msg":"API Server started at port 60435"}
{"level":30,"time":1629836071135,"pid":6085,"hostname":"fv-az77-272","name":"@waytrade/microservice-core","msg":"Webhook Callback Server started at port 57985"}
{"level":20,"time":1629836071136,"pid":6085,"hostname":"fv-az77-272","name":"@waytrade/microservice-core","msg":"HTTP get /api/ -> 200 (0ms)"}
{"level":20,"time":1629836071137,"pid":6085,"hostname":"fv-az77-272","name":"@waytrade/microservice-core","msg":"HTTP Server on port 60435 stopped"}
{"level":20,"time":1629836071137,"pid":6085,"hostname":"fv-az77-272","name":"@waytrade/microservice-core","msg":"HTTP Server on port 57985 stopped"}
{"level":30,"time":1629836071137,"pid":6085,"hostname":"fv-az77-272","name":"@waytrade/microservice-core","msg":"App stopped."}
{"level":30,"time":1629836071138,"pid":6085,"hostname":"fv-az77-272","name":"@waytrade/microservice-core","msg":"Starting App..."}
{"level":20,"time":1629836071138,"pid":6085,"hostname":"fv-az77-272","name":"@waytrade/microservice-core","msg":"Starting HTTP Server on port 0"}
{"level":20,"time":1629836071138,"pid":6085,"hostname":"fv-az77-272","name":"@waytrade/microservice-core","msg":"HTTP Server listening on port 45421"}
{"level":20,"time":1629836071138,"pid":6085,"hostname":"fv-az77-272","name":"@waytrade/microservice-core","msg":"Starting HTTP Server on port 0"}
{"level":20,"time":1629836071139,"pid":6085,"hostname":"fv-az77-272","name":"@waytrade/microservice-core","msg":"HTTP Server listening on port 40437"}
{"level":30,"time":1629836071139,"pid":6085,"hostname":"fv-az77-272","name":"@waytrade/microservice-core","msg":"API Server started at port 45421"}
{"level":30,"time":1629836071139,"pid":6085,"hostname":"fv-az77-272","name":"@waytrade/microservice-core","msg":"Webhook Callback Server started at port 40437"}
{"level":20,"time":1629836071141,"pid":6085,"hostname":"fv-az77-272","name":"@waytrade/microservice-core","msg":"HTTP Server on port 45421 stopped"}
{"level":20,"time":1629836071141,"pid":6085,"hostname":"fv-az77-272","name":"@waytrade/microservice-core","msg":"HTTP Server on port 40437 stopped"}
{"level":30,"time":1629836071141,"pid":6085,"hostname":"fv-az77-272","name":"@waytrade/microservice-core","msg":"App stopped."}
{"level":30,"time":1629836071464,"pid":6085,"hostname":"fv-az77-272","name":"@waytrade/microservice-core","msg":"Starting App..."}
{"level":20,"time":1629836071465,"pid":6085,"hostname":"fv-az77-272","name":"@waytrade/microservice-core","msg":"Starting HTTP Server on port 0"}
{"level":20,"time":1629836071465,"pid":6085,"hostname":"fv-az77-272","name":"@waytrade/microservice-core","msg":"HTTP Server listening on port 36289"}
{"level":20,"time":1629836071465,"pid":6085,"hostname":"fv-az77-272","name":"@waytrade/microservice-core","msg":"Starting HTTP Server on port 0"}
{"level":20,"time":1629836071466,"pid":6085,"hostname":"fv-az77-272","name":"@waytrade/microservice-core","msg":"HTTP Server listening on port 38465"}
{"level":30,"time":1629836071466,"pid":6085,"hostname":"fv-az77-272","name":"@waytrade/microservice-core","msg":"API Server started at port 36289"}
{"level":30,"time":1629836071466,"pid":6085,"hostname":"fv-az77-272","name":"@waytrade/microservice-core","msg":"Webhook Callback Server started at port 38465"}
{"level":20,"time":1629836071466,"pid":6085,"hostname":"fv-az77-272","name":"@waytrade/microservice-core","msg":"HTTP Server on port 36289 stopped"}
{"level":20,"time":1629836071466,"pid":6085,"hostname":"fv-az77-272","name":"@waytrade/microservice-core","msg":"HTTP Server on port 38465 stopped"}
{"level":30,"time":1629836071467,"pid":6085,"hostname":"fv-az77-272","name":"@waytrade/microservice-core","msg":"App stopped."}
{"level":30,"time":1629836071468,"pid":6085,"hostname":"fv-az77-272","name":"@waytrade/microservice-core","msg":"Starting App..."}
{"level":20,"time":1629836071468,"pid":6085,"hostname":"fv-az77-272","name":"@waytrade/microservice-core","msg":"Starting HTTP Server on port 0"}
{"level":20,"time":1629836071468,"pid":6085,"hostname":"fv-az77-272","name":"@waytrade/microservice-core","msg":"HTTP Server listening on port 54663"}
{"level":20,"time":1629836071468,"pid":6085,"hostname":"fv-az77-272","name":"@waytrade/microservice-core","msg":"Starting HTTP Server on port 0"}
{"level":20,"time":1629836071469,"pid":6085,"hostname":"fv-az77-272","name":"@waytrade/microservice-core","msg":"HTTP Server listening on port 41941"}
{"level":30,"time":1629836071469,"pid":6085,"hostname":"fv-az77-272","name":"@waytrade/microservice-core","msg":"API Server started at port 54663"}
{"level":30,"time":1629836071469,"pid":6085,"hostname":"fv-az77-272","name":"@waytrade/microservice-core","msg":"Webhook Callback Server started at port 41941"}
{"level":20,"time":1629836071469,"pid":6085,"hostname":"fv-az77-272","name":"@waytrade/microservice-core","msg":"HTTP Server on port 54663 stopped"}
{"level":20,"time":1629836071469,"pid":6085,"hostname":"fv-az77-272","name":"@waytrade/microservice-core","msg":"HTTP Server on port 41941 stopped"}
{"level":30,"time":1629836071469,"pid":6085,"hostname":"fv-az77-272","name":"@waytrade/microservice-core","msg":"App stopped."}
{"level":30,"time":1629836071471,"pid":6085,"hostname":"fv-az77-272","name":"@waytrade/microservice-core","msg":"Starting App..."}
{"level":20,"time":1629836071471,"pid":6085,"hostname":"fv-az77-272","name":"@waytrade/microservice-core","msg":"Starting HTTP Server on port 0"}
{"level":20,"time":1629836071471,"pid":6085,"hostname":"fv-az77-272","name":"@waytrade/microservice-core","msg":"HTTP Server listening on port 41437"}
{"level":20,"time":1629836071471,"pid":6085,"hostname":"fv-az77-272","name":"@waytrade/microservice-core","msg":"Starting HTTP Server on port 0"}
{"level":20,"time":1629836071471,"pid":6085,"hostname":"fv-az77-272","name":"@waytrade/microservice-core","msg":"HTTP Server listening on port 50875"}
{"level":30,"time":1629836071471,"pid":6085,"hostname":"fv-az77-272","name":"@waytrade/microservice-core","msg":"API Server started at port 41437"}
{"level":30,"time":1629836071471,"pid":6085,"hostname":"fv-az77-272","name":"@waytrade/microservice-core","msg":"Webhook Callback Server started at port 50875"}
{"level":20,"time":1629836071472,"pid":6085,"hostname":"fv-az77-272","name":"@waytrade/microservice-core","msg":"HTTP Server on port 41437 stopped"}
{"level":20,"time":1629836071472,"pid":6085,"hostname":"fv-az77-272","name":"@waytrade/microservice-core","msg":"HTTP Server on port 50875 stopped"}
{"level":30,"time":1629836071472,"pid":6085,"hostname":"fv-az77-272","name":"@waytrade/microservice-core","msg":"App stopped."}
{"level":30,"time":1629836071473,"pid":6085,"hostname":"fv-az77-272","name":"@waytrade/microservice-core","msg":"Starting App..."}
{"level":20,"time":1629836071474,"pid":6085,"hostname":"fv-az77-272","name":"@waytrade/microservice-core","msg":"Starting HTTP Server on port 0"}
{"level":20,"time":1629836071474,"pid":6085,"hostname":"fv-az77-272","name":"@waytrade/microservice-core","msg":"HTTP Server listening on port 60573"}
{"level":20,"time":1629836071474,"pid":6085,"hostname":"fv-az77-272","name":"@waytrade/microservice-core","msg":"Starting HTTP Server on port 0"}
{"level":20,"time":1629836071474,"pid":6085,"hostname":"fv-az77-272","name":"@waytrade/microservice-core","msg":"HTTP Server listening on port 51429"}
{"level":30,"time":1629836071474,"pid":6085,"hostname":"fv-az77-272","name":"@waytrade/microservice-core","msg":"API Server started at port 60573"}
{"level":30,"time":1629836071474,"pid":6085,"hostname":"fv-az77-272","name":"@waytrade/microservice-core","msg":"Webhook Callback Server started at port 51429"}
{"level":20,"time":1629836071475,"pid":6085,"hostname":"fv-az77-272","name":"@waytrade/microservice-core","msg":"HTTP Server on port 60573 stopped"}
{"level":20,"time":1629836071475,"pid":6085,"hostname":"fv-az77-272","name":"@waytrade/microservice-core","msg":"HTTP Server on port 51429 stopped"}
{"level":30,"time":1629836071475,"pid":6085,"hostname":"fv-az77-272","name":"@waytrade/microservice-core","msg":"App stopped."}
{"level":30,"time":1629836071791,"pid":6085,"hostname":"fv-az77-272","name":"@waytrade/microservice-core","msg":"Starting App..."}
{"level":20,"time":1629836071792,"pid":6085,"hostname":"fv-az77-272","name":"@waytrade/microservice-core","msg":"Starting HTTP Server on port 0"}
{"level":20,"time":1629836071792,"pid":6085,"hostname":"fv-az77-272","name":"@waytrade/microservice-core","msg":"HTTP Server listening on port 33103"}
{"level":30,"time":1629836071792,"pid":6085,"hostname":"fv-az77-272","name":"@waytrade/microservice-core","msg":"API Server started at port 33103"}
{"level":20,"time":1629836071793,"pid":6085,"hostname":"fv-az77-272","name":"@waytrade/microservice-core","msg":"HTTP Server on port 33103 stopped"}
{"level":30,"time":1629836071793,"pid":6085,"hostname":"fv-az77-272","name":"@waytrade/microservice-core","msg":"App stopped."}
{"level":30,"time":1629836071794,"pid":6085,"hostname":"fv-az77-272","name":"@waytrade/microservice-core","msg":"Starting App..."}
{"level":20,"time":1629836071795,"pid":6085,"hostname":"fv-az77-272","name":"@waytrade/microservice-core","msg":"Starting HTTP Server on port 0"}
{"level":20,"time":1629836071795,"pid":6085,"hostname":"fv-az77-272","name":"@waytrade/microservice-core","msg":"HTTP Server listening on port 44835"}
{"level":30,"time":1629836071795,"pid":6085,"hostname":"fv-az77-272","name":"@waytrade/microservice-core","msg":"API Server started at port 44835"}
{"level":20,"time":1629836071795,"pid":6085,"hostname":"fv-az77-272","name":"@waytrade/microservice-core","msg":"HTTP Server on port 44835 stopped"}
{"level":30,"time":1629836071796,"pid":6085,"hostname":"fv-az77-272","name":"@waytrade/microservice-core","msg":"App stopped."}
{"level":30,"time":1629836071797,"pid":6085,"hostname":"fv-az77-272","name":"@waytrade/microservice-core","msg":"Starting App..."}
{"level":20,"time":1629836071797,"pid":6085,"hostname":"fv-az77-272","name":"@waytrade/microservice-core","msg":"Starting HTTP Server on port 0"}
{"level":20,"time":1629836071797,"pid":6085,"hostname":"fv-az77-272","name":"@waytrade/microservice-core","msg":"HTTP Server listening on port 60777"}
{"level":30,"time":1629836071797,"pid":6085,"hostname":"fv-az77-272","name":"@waytrade/microservice-core","msg":"API Server started at port 60777"}
{"level":20,"time":1629836071798,"pid":6085,"hostname":"fv-az77-272","name":"@waytrade/microservice-core","msg":"HTTP Server on port 60777 stopped"}
{"level":30,"time":1629836071798,"pid":6085,"hostname":"fv-az77-272","name":"@waytrade/microservice-core","msg":"App stopped."}
{"level":30,"time":1629836071799,"pid":6085,"hostname":"fv-az77-272","name":"@waytrade/microservice-core","msg":"Starting App..."}
{"level":20,"time":1629836071799,"pid":6085,"hostname":"fv-az77-272","name":"@waytrade/microservice-core","msg":"Starting HTTP Server on port 0"}
{"level":20,"time":1629836071799,"pid":6085,"hostname":"fv-az77-272","name":"@waytrade/microservice-core","msg":"HTTP Server listening on port 55125"}
{"level":30,"time":1629836071799,"pid":6085,"hostname":"fv-az77-272","name":"@waytrade/microservice-core","msg":"API Server started at port 55125"}
{"level":20,"time":1629836071800,"pid":6085,"hostname":"fv-az77-272","name":"@waytrade/microservice-core","msg":"HTTP Server on port 55125 stopped"}
{"level":30,"time":1629836071800,"pid":6085,"hostname":"fv-az77-272","name":"@waytrade/microservice-core","msg":"App stopped."}
{"level":30,"time":1629836072121,"pid":6085,"hostname":"fv-az77-272","name":"@waytrade/microservice-core","msg":"Starting App..."}
{"level":20,"time":1629836072121,"pid":6085,"hostname":"fv-az77-272","name":"@waytrade/microservice-core","msg":"Starting HTTP Server on port 0"}
{"level":20,"time":1629836072121,"pid":6085,"hostname":"fv-az77-272","name":"@waytrade/microservice-core","msg":"HTTP Server listening on port 47909"}
{"level":30,"time":1629836072121,"pid":6085,"hostname":"fv-az77-272","name":"@waytrade/microservice-core","msg":"API Server started at port 47909"}
{"level":20,"time":1629836072122,"pid":6085,"hostname":"fv-az77-272","name":"@waytrade/microservice-core","msg":"HTTP Server on port 47909 stopped"}
{"level":30,"time":1629836072122,"pid":6085,"hostname":"fv-az77-272","name":"@waytrade/microservice-core","msg":"App stopped."}
{"level":30,"time":1629836072123,"pid":6085,"hostname":"fv-az77-272","name":"@waytrade/microservice-core","msg":"Starting App..."}
{"level":20,"time":1629836072124,"pid":6085,"hostname":"fv-az77-272","name":"@waytrade/microservice-core","msg":"Starting HTTP Server on port 0"}
{"level":20,"time":1629836072124,"pid":6085,"hostname":"fv-az77-272","name":"@waytrade/microservice-core","msg":"HTTP Server listening on port 35207"}
{"level":30,"time":1629836072124,"pid":6085,"hostname":"fv-az77-272","name":"@waytrade/microservice-core","msg":"API Server started at port 35207"}
{"level":20,"time":1629836072124,"pid":6085,"hostname":"fv-az77-272","name":"@waytrade/microservice-core","msg":"HTTP Server on port 35207 stopped"}
{"level":30,"time":1629836072124,"pid":6085,"hostname":"fv-az77-272","name":"@waytrade/microservice-core","msg":"App stopped."}
{"level":30,"time":1629836072126,"pid":6085,"hostname":"fv-az77-272","name":"@waytrade/microservice-core","msg":"Starting App..."}
{"level":20,"time":1629836072126,"pid":6085,"hostname":"fv-az77-272","name":"@waytrade/microservice-core","msg":"Starting HTTP Server on port 0"}
{"level":20,"time":1629836072126,"pid":6085,"hostname":"fv-az77-272","name":"@waytrade/microservice-core","msg":"HTTP Server listening on port 49651"}
{"level":30,"time":1629836072126,"pid":6085,"hostname":"fv-az77-272","name":"@waytrade/microservice-core","msg":"API Server started at port 49651"}
{"level":20,"time":1629836072127,"pid":6085,"hostname":"fv-az77-272","name":"@waytrade/microservice-core","msg":"HTTP Server on port 49651 stopped"}
{"level":30,"time":1629836072127,"pid":6085,"hostname":"fv-az77-272","name":"@waytrade/microservice-core","msg":"App stopped."}
{"level":30,"time":1629836072128,"pid":6085,"hostname":"fv-az77-272","name":"@waytrade/microservice-core","msg":"Starting App..."}
{"level":20,"time":1629836072128,"pid":6085,"hostname":"fv-az77-272","name":"@waytrade/microservice-core","msg":"Starting HTTP Server on port 0"}
{"level":20,"time":1629836072128,"pid":6085,"hostname":"fv-az77-272","name":"@waytrade/microservice-core","msg":"HTTP Server listening on port 42661"}
{"level":30,"time":1629836072128,"pid":6085,"hostname":"fv-az77-272","name":"@waytrade/microservice-core","msg":"API Server started at port 42661"}
{"level":20,"time":1629836072129,"pid":6085,"hostname":"fv-az77-272","name":"@waytrade/microservice-core","msg":"HTTP Server on port 42661 stopped"}
{"level":30,"time":1629836072129,"pid":6085,"hostname":"fv-az77-272","name":"@waytrade/microservice-core","msg":"App stopped."}
{"level":30,"time":1629836072735,"pid":6085,"hostname":"fv-az77-272","name":"@waytrade/microservice-core","msg":"Starting App..."}
{"level":20,"time":1629836072735,"pid":6085,"hostname":"fv-az77-272","name":"@waytrade/microservice-core","msg":"Starting HTTP Server on port 0"}
{"level":20,"time":1629836072735,"pid":6085,"hostname":"fv-az77-272","name":"@waytrade/microservice-core","msg":"HTTP Server listening on port 55193"}
{"level":30,"time":1629836072735,"pid":6085,"hostname":"fv-az77-272","name":"@waytrade/microservice-core","msg":"API Server started at port 55193"}
{"level":20,"time":1629836072736,"pid":6085,"hostname":"fv-az77-272","name":"@waytrade/microservice-core","msg":"HTTP Server on port 55193 stopped"}
{"level":30,"time":1629836072737,"pid":6085,"hostname":"fv-az77-272","name":"@waytrade/microservice-core","msg":"App stopped."}
{"level":30,"time":1629836072738,"pid":6085,"hostname":"fv-az77-272","name":"@waytrade/microservice-core","msg":"Starting App..."}
{"level":20,"time":1629836072739,"pid":6085,"hostname":"fv-az77-272","name":"@waytrade/microservice-core","msg":"Starting HTTP Server on port 0"}
{"level":20,"time":1629836072739,"pid":6085,"hostname":"fv-az77-272","name":"@waytrade/microservice-core","msg":"HTTP Server listening on port 34075"}
{"level":50,"time":1629836072739,"pid":6085,"hostname":"fv-az77-272","name":"@waytrade/microservice-core","msg":"App start failed: Controller booth failed"}
{"level":20,"time":1629836072739,"pid":6085,"hostname":"fv-az77-272","name":"@waytrade/microservice-core","msg":"HTTP Server on port 34075 stopped"}
{"level":30,"time":1629836072739,"pid":6085,"hostname":"fv-az77-272","name":"@waytrade/microservice-core","msg":"App stopped."}
{"level":30,"time":1629836072740,"pid":6085,"hostname":"fv-az77-272","name":"@waytrade/microservice-core","msg":"Starting App..."}
{"level":20,"time":1629836072741,"pid":6085,"hostname":"fv-az77-272","name":"@waytrade/microservice-core","msg":"Starting HTTP Server on port 0"}
{"level":20,"time":1629836072741,"pid":6085,"hostname":"fv-az77-272","name":"@waytrade/microservice-core","msg":"HTTP Server listening on port 47551"}
{"level":50,"time":1629836072741,"pid":6085,"hostname":"fv-az77-272","name":"@waytrade/microservice-core","msg":"App start failed: Controller booth failed"}
{"level":20,"time":1629836072741,"pid":6085,"hostname":"fv-az77-272","name":"@waytrade/microservice-core","msg":"HTTP Server on port 47551 stopped"}
{"level":30,"time":1629836072741,"pid":6085,"hostname":"fv-az77-272","name":"@waytrade/microservice-core","msg":"App stopped."}
{"level":20,"time":1629836073051,"pid":6085,"hostname":"fv-az77-272","name":"@waytrade/microservice-core","msg":"Starting HTTP Server on port 0"}
{"level":20,"time":1629836073051,"pid":6085,"hostname":"fv-az77-272","name":"@waytrade/microservice-core","msg":"HTTP Server listening on port 40811"}
{"level":20,"time":1629836073054,"pid":6085,"hostname":"fv-az77-272","name":"@waytrade/microservice-core","msg":"HTTP get /api/dummy/ -> 200 (0ms)"}
{"level":20,"time":1629836073056,"pid":6085,"hostname":"fv-az77-272","name":"@waytrade/microservice-core","msg":"HTTP Server on port 40811 stopped"}
