{"level":20,"time":1640132859505,"pid":1665,"hostname":"fv-az39-819","name":"@waytrade/microservice-core","msg":"Starting HTTP Server on port 0"}
{"level":20,"time":1640132859507,"pid":1665,"hostname":"fv-az39-819","name":"@waytrade/microservice-core","msg":"HTTP Server listening on port 33009"}
{"level":20,"time":1640132859538,"pid":1665,"hostname":"fv-az39-819","name":"@waytrade/microservice-core","msg":"HTTP get /openapi.json -> 200 (4ms)"}
{"level":20,"time":1640132859542,"pid":1665,"hostname":"fv-az39-819","name":"@waytrade/microservice-core","msg":"HTTP Server on port 33009 stopped"}
{"level":20,"time":1640132859544,"pid":1665,"hostname":"fv-az39-819","name":"@waytrade/microservice-core","msg":"Starting HTTP Server on port 0"}
{"level":20,"time":1640132859544,"pid":1665,"hostname":"fv-az39-819","name":"@waytrade/microservice-core","msg":"HTTP Server listening on port 45213"}
{"level":20,"time":1640132859547,"pid":1665,"hostname":"fv-az39-819","name":"@waytrade/microservice-core","msg":"HTTP get /openapi.json -> 200 (1ms)"}
{"level":20,"time":1640132859565,"pid":1665,"hostname":"fv-az39-819","name":"@waytrade/microservice-core","msg":"HTTP Server on port 45213 stopped"}
{"level":20,"time":1640132859566,"pid":1665,"hostname":"fv-az39-819","name":"@waytrade/microservice-core","msg":"Starting HTTP Server on port 0"}
{"level":20,"time":1640132859566,"pid":1665,"hostname":"fv-az39-819","name":"@waytrade/microservice-core","msg":"HTTP Server listening on port 59943"}
{"level":20,"time":1640132859568,"pid":1665,"hostname":"fv-az39-819","name":"@waytrade/microservice-core","msg":"Starting HTTP Server on port 0"}
{"level":20,"time":1640132859568,"pid":1665,"hostname":"fv-az39-819","name":"@waytrade/microservice-core","msg":"HTTP Server listening on port 47041"}
{"level":20,"time":1640132859571,"pid":1665,"hostname":"fv-az39-819","name":"@waytrade/microservice-core","msg":"HTTP get /openapi.json -> 200 (1ms)"}
{"level":20,"time":1640132859571,"pid":1665,"hostname":"fv-az39-819","name":"@waytrade/microservice-core","msg":"HTTP get / -> 200 (0ms)"}
{"level":20,"time":1640132859575,"pid":1665,"hostname":"fv-az39-819","name":"@waytrade/microservice-core","msg":"HTTP Server on port 59943 stopped"}
{"level":20,"time":1640132859576,"pid":1665,"hostname":"fv-az39-819","name":"@waytrade/microservice-core","msg":"HTTP Server on port 47041 stopped"}
{"level":20,"time":1640132859576,"pid":1665,"hostname":"fv-az39-819","name":"@waytrade/microservice-core","msg":"Starting HTTP Server on port 0"}
{"level":20,"time":1640132859577,"pid":1665,"hostname":"fv-az39-819","name":"@waytrade/microservice-core","msg":"HTTP Server listening on port 53331"}
{"level":20,"time":1640132859579,"pid":1665,"hostname":"fv-az39-819","name":"@waytrade/microservice-core","msg":"HTTP get /swagger-ui.css -> 200 (1ms)"}
{"level":20,"time":1640132859586,"pid":1665,"hostname":"fv-az39-819","name":"@waytrade/microservice-core","msg":"HTTP Server on port 53331 stopped"}
{"level":20,"time":1640132859586,"pid":1665,"hostname":"fv-az39-819","name":"@waytrade/microservice-core","msg":"Starting HTTP Server on port 0"}
{"level":20,"time":1640132859587,"pid":1665,"hostname":"fv-az39-819","name":"@waytrade/microservice-core","msg":"HTTP Server listening on port 53191"}
{"level":20,"time":1640132859595,"pid":1665,"hostname":"fv-az39-819","name":"@waytrade/microservice-core","msg":"HTTP get /swagger-ui-bundle.js -> 200 (7ms)"}
{"level":20,"time":1640132859600,"pid":1665,"hostname":"fv-az39-819","name":"@waytrade/microservice-core","msg":"HTTP Server on port 53191 stopped"}
{"level":20,"time":1640132859601,"pid":1665,"hostname":"fv-az39-819","name":"@waytrade/microservice-core","msg":"Starting HTTP Server on port 0"}
{"level":20,"time":1640132859601,"pid":1665,"hostname":"fv-az39-819","name":"@waytrade/microservice-core","msg":"HTTP Server listening on port 57893"}
{"level":20,"time":1640132859605,"pid":1665,"hostname":"fv-az39-819","name":"@waytrade/microservice-core","msg":"HTTP get /swagger-ui-standalone-preset.js -> 200 (3ms)"}
{"level":20,"time":1640132859606,"pid":1665,"hostname":"fv-az39-819","name":"@waytrade/microservice-core","msg":"HTTP Server on port 57893 stopped"}
{"level":30,"time":1640132862554,"pid":1665,"hostname":"fv-az39-819","name":"@waytrade/microservice-core","msg":"Starting App..."}
{"level":20,"time":1640132862555,"pid":1665,"hostname":"fv-az39-819","name":"@waytrade/microservice-core","msg":"Starting HTTP Server on port 0"}
{"level":20,"time":1640132862556,"pid":1665,"hostname":"fv-az39-819","name":"@waytrade/microservice-core","msg":"HTTP Server listening on port 52861"}
{"level":20,"time":1640132862556,"pid":1665,"hostname":"fv-az39-819","name":"@waytrade/microservice-core","msg":"Starting HTTP Server on port 0"}
{"level":20,"time":1640132862556,"pid":1665,"hostname":"fv-az39-819","name":"@waytrade/microservice-core","msg":"HTTP Server listening on port 44383"}
{"level":30,"time":1640132862556,"pid":1665,"hostname":"fv-az39-819","name":"@waytrade/microservice-core","msg":"API Server started at port 52861"}
{"level":30,"time":1640132862556,"pid":1665,"hostname":"fv-az39-819","name":"@waytrade/microservice-core","msg":"Webhook Callback Server started at port 44383"}
{"level":20,"time":1640132862565,"pid":1665,"hostname":"fv-az39-819","name":"@waytrade/microservice-core","msg":"HTTP post /subscribe -> 400 (1ms)"}
{"level":20,"time":1640132862567,"pid":1665,"hostname":"fv-az39-819","name":"@waytrade/microservice-core","msg":"HTTP Server on port 52861 stopped"}
{"level":20,"time":1640132862567,"pid":1665,"hostname":"fv-az39-819","name":"@waytrade/microservice-core","msg":"HTTP Server on port 44383 stopped"}
{"level":30,"time":1640132862567,"pid":1665,"hostname":"fv-az39-819","name":"@waytrade/microservice-core","msg":"App stopped."}
{"level":30,"time":1640132862568,"pid":1665,"hostname":"fv-az39-819","name":"@waytrade/microservice-core","msg":"Starting App..."}
{"level":20,"time":1640132862569,"pid":1665,"hostname":"fv-az39-819","name":"@waytrade/microservice-core","msg":"Starting HTTP Server on port 0"}
{"level":20,"time":1640132862569,"pid":1665,"hostname":"fv-az39-819","name":"@waytrade/microservice-core","msg":"HTTP Server listening on port 53381"}
{"level":20,"time":1640132862569,"pid":1665,"hostname":"fv-az39-819","name":"@waytrade/microservice-core","msg":"Starting HTTP Server on port 0"}
{"level":20,"time":1640132862569,"pid":1665,"hostname":"fv-az39-819","name":"@waytrade/microservice-core","msg":"HTTP Server listening on port 40799"}
{"level":30,"time":1640132862569,"pid":1665,"hostname":"fv-az39-819","name":"@waytrade/microservice-core","msg":"API Server started at port 53381"}
{"level":30,"time":1640132862569,"pid":1665,"hostname":"fv-az39-819","name":"@waytrade/microservice-core","msg":"Webhook Callback Server started at port 40799"}
{"level":20,"time":1640132862572,"pid":1665,"hostname":"fv-az39-819","name":"@waytrade/microservice-core","msg":"HTTP post /subscribe -> 201 (1ms)"}
{"level":20,"time":1640132862574,"pid":1665,"hostname":"fv-az39-819","name":"@waytrade/microservice-core","msg":"HTTP post /subscribe -> 204 (0ms)"}
{"level":20,"time":1640132862574,"pid":1665,"hostname":"fv-az39-819","name":"@waytrade/microservice-core","msg":"HTTP Server on port 53381 stopped"}
{"level":20,"time":1640132862574,"pid":1665,"hostname":"fv-az39-819","name":"@waytrade/microservice-core","msg":"HTTP Server on port 40799 stopped"}
{"level":30,"time":1640132862574,"pid":1665,"hostname":"fv-az39-819","name":"@waytrade/microservice-core","msg":"App stopped."}
{"level":30,"time":1640132862576,"pid":1665,"hostname":"fv-az39-819","name":"@waytrade/microservice-core","msg":"Starting App..."}
{"level":20,"time":1640132862576,"pid":1665,"hostname":"fv-az39-819","name":"@waytrade/microservice-core","msg":"Starting HTTP Server on port 0"}
{"level":20,"time":1640132862576,"pid":1665,"hostname":"fv-az39-819","name":"@waytrade/microservice-core","msg":"HTTP Server listening on port 39825"}
{"level":20,"time":1640132862576,"pid":1665,"hostname":"fv-az39-819","name":"@waytrade/microservice-core","msg":"Starting HTTP Server on port 0"}
{"level":20,"time":1640132862576,"pid":1665,"hostname":"fv-az39-819","name":"@waytrade/microservice-core","msg":"HTTP Server listening on port 44601"}
{"level":30,"time":1640132862576,"pid":1665,"hostname":"fv-az39-819","name":"@waytrade/microservice-core","msg":"API Server started at port 39825"}
{"level":30,"time":1640132862576,"pid":1665,"hostname":"fv-az39-819","name":"@waytrade/microservice-core","msg":"Webhook Callback Server started at port 44601"}
{"level":20,"time":1640132862578,"pid":1665,"hostname":"fv-az39-819","name":"@waytrade/microservice-core","msg":"HTTP post /subscribe -> 201 (0ms)"}
{"level":20,"time":1640132862580,"pid":1665,"hostname":"fv-az39-819","name":"@waytrade/microservice-core","msg":"HTTP post /subscribe -> 201 (0ms)"}
{"level":20,"time":1640132862581,"pid":1665,"hostname":"fv-az39-819","name":"@waytrade/microservice-core","msg":"HTTP Server on port 39825 stopped"}
{"level":20,"time":1640132862581,"pid":1665,"hostname":"fv-az39-819","name":"@waytrade/microservice-core","msg":"HTTP Server on port 44601 stopped"}
{"level":30,"time":1640132862581,"pid":1665,"hostname":"fv-az39-819","name":"@waytrade/microservice-core","msg":"App stopped."}
{"level":30,"time":1640132862582,"pid":1665,"hostname":"fv-az39-819","name":"@waytrade/microservice-core","msg":"Starting App..."}
{"level":20,"time":1640132862582,"pid":1665,"hostname":"fv-az39-819","name":"@waytrade/microservice-core","msg":"Starting HTTP Server on port 0"}
{"level":20,"time":1640132862582,"pid":1665,"hostname":"fv-az39-819","name":"@waytrade/microservice-core","msg":"HTTP Server listening on port 57127"}
{"level":20,"time":1640132862582,"pid":1665,"hostname":"fv-az39-819","name":"@waytrade/microservice-core","msg":"Starting HTTP Server on port 0"}
{"level":20,"time":1640132862582,"pid":1665,"hostname":"fv-az39-819","name":"@waytrade/microservice-core","msg":"HTTP Server listening on port 39155"}
{"level":30,"time":1640132862583,"pid":1665,"hostname":"fv-az39-819","name":"@waytrade/microservice-core","msg":"API Server started at port 57127"}
{"level":30,"time":1640132862583,"pid":1665,"hostname":"fv-az39-819","name":"@waytrade/microservice-core","msg":"Webhook Callback Server started at port 39155"}
{"level":20,"time":1640132862584,"pid":1665,"hostname":"fv-az39-819","name":"@waytrade/microservice-core","msg":"HTTP post /subscribe -> 201 (0ms)"}
{"level":20,"time":1640132862586,"pid":1665,"hostname":"fv-az39-819","name":"@waytrade/microservice-core","msg":"HTTP post /unsubscribe -> 200 (1ms)"}
{"level":20,"time":1640132862586,"pid":1665,"hostname":"fv-az39-819","name":"@waytrade/microservice-core","msg":"HTTP Server on port 57127 stopped"}
{"level":20,"time":1640132862586,"pid":1665,"hostname":"fv-az39-819","name":"@waytrade/microservice-core","msg":"HTTP Server on port 39155 stopped"}
{"level":30,"time":1640132862586,"pid":1665,"hostname":"fv-az39-819","name":"@waytrade/microservice-core","msg":"App stopped."}
{"level":30,"time":1640132862587,"pid":1665,"hostname":"fv-az39-819","name":"@waytrade/microservice-core","msg":"Starting App..."}
{"level":20,"time":1640132862588,"pid":1665,"hostname":"fv-az39-819","name":"@waytrade/microservice-core","msg":"Starting HTTP Server on port 0"}
{"level":20,"time":1640132862588,"pid":1665,"hostname":"fv-az39-819","name":"@waytrade/microservice-core","msg":"HTTP Server listening on port 48193"}
{"level":20,"time":1640132862588,"pid":1665,"hostname":"fv-az39-819","name":"@waytrade/microservice-core","msg":"Starting HTTP Server on port 0"}
{"level":20,"time":1640132862588,"pid":1665,"hostname":"fv-az39-819","name":"@waytrade/microservice-core","msg":"HTTP Server listening on port 39577"}
{"level":30,"time":1640132862588,"pid":1665,"hostname":"fv-az39-819","name":"@waytrade/microservice-core","msg":"API Server started at port 48193"}
{"level":30,"time":1640132862588,"pid":1665,"hostname":"fv-az39-819","name":"@waytrade/microservice-core","msg":"Webhook Callback Server started at port 39577"}
{"level":20,"time":1640132862590,"pid":1665,"hostname":"fv-az39-819","name":"@waytrade/microservice-core","msg":"HTTP post /unsubscribe -> 400 (0ms)"}
{"level":20,"time":1640132862590,"pid":1665,"hostname":"fv-az39-819","name":"@waytrade/microservice-core","msg":"HTTP Server on port 48193 stopped"}
{"level":20,"time":1640132862590,"pid":1665,"hostname":"fv-az39-819","name":"@waytrade/microservice-core","msg":"HTTP Server on port 39577 stopped"}
{"level":30,"time":1640132862590,"pid":1665,"hostname":"fv-az39-819","name":"@waytrade/microservice-core","msg":"App stopped."}
{"level":30,"time":1640132862591,"pid":1665,"hostname":"fv-az39-819","name":"@waytrade/microservice-core","msg":"Starting App..."}
{"level":20,"time":1640132862592,"pid":1665,"hostname":"fv-az39-819","name":"@waytrade/microservice-core","msg":"Starting HTTP Server on port 0"}
{"level":20,"time":1640132862592,"pid":1665,"hostname":"fv-az39-819","name":"@waytrade/microservice-core","msg":"HTTP Server listening on port 53825"}
{"level":20,"time":1640132862592,"pid":1665,"hostname":"fv-az39-819","name":"@waytrade/microservice-core","msg":"Starting HTTP Server on port 0"}
{"level":20,"time":1640132862592,"pid":1665,"hostname":"fv-az39-819","name":"@waytrade/microservice-core","msg":"HTTP Server listening on port 58285"}
{"level":30,"time":1640132862592,"pid":1665,"hostname":"fv-az39-819","name":"@waytrade/microservice-core","msg":"API Server started at port 53825"}
{"level":30,"time":1640132862592,"pid":1665,"hostname":"fv-az39-819","name":"@waytrade/microservice-core","msg":"Webhook Callback Server started at port 58285"}
{"level":20,"time":1640132862594,"pid":1665,"hostname":"fv-az39-819","name":"@waytrade/microservice-core","msg":"HTTP post /unsubscribe -> 404 (1ms)"}
{"level":20,"time":1640132862594,"pid":1665,"hostname":"fv-az39-819","name":"@waytrade/microservice-core","msg":"HTTP Server on port 53825 stopped"}
{"level":20,"time":1640132862594,"pid":1665,"hostname":"fv-az39-819","name":"@waytrade/microservice-core","msg":"HTTP Server on port 58285 stopped"}
{"level":30,"time":1640132862594,"pid":1665,"hostname":"fv-az39-819","name":"@waytrade/microservice-core","msg":"App stopped."}
{"level":30,"time":1640132862595,"pid":1665,"hostname":"fv-az39-819","name":"@waytrade/microservice-core","msg":"Starting App..."}
{"level":20,"time":1640132862596,"pid":1665,"hostname":"fv-az39-819","name":"@waytrade/microservice-core","msg":"Starting HTTP Server on port 0"}
{"level":20,"time":1640132862596,"pid":1665,"hostname":"fv-az39-819","name":"@waytrade/microservice-core","msg":"HTTP Server listening on port 41593"}
{"level":20,"time":1640132862596,"pid":1665,"hostname":"fv-az39-819","name":"@waytrade/microservice-core","msg":"Starting HTTP Server on port 0"}
{"level":20,"time":1640132862596,"pid":1665,"hostname":"fv-az39-819","name":"@waytrade/microservice-core","msg":"HTTP Server listening on port 51997"}
{"level":30,"time":1640132862596,"pid":1665,"hostname":"fv-az39-819","name":"@waytrade/microservice-core","msg":"API Server started at port 41593"}
{"level":30,"time":1640132862596,"pid":1665,"hostname":"fv-az39-819","name":"@waytrade/microservice-core","msg":"Webhook Callback Server started at port 51997"}
{"level":20,"time":1640132862598,"pid":1665,"hostname":"fv-az39-819","name":"@waytrade/microservice-core","msg":"HTTP post /subscribe -> 201 (0ms)"}
{"level":20,"time":1640132862603,"pid":1665,"hostname":"fv-az39-819","name":"@waytrade/microservice-core","msg":"HTTP Server on port 41593 stopped"}
{"level":20,"time":1640132862603,"pid":1665,"hostname":"fv-az39-819","name":"@waytrade/microservice-core","msg":"HTTP Server on port 51997 stopped"}
{"level":30,"time":1640132862603,"pid":1665,"hostname":"fv-az39-819","name":"@waytrade/microservice-core","msg":"App stopped."}
{"level":20,"time":1640132862603,"pid":1665,"hostname":"fv-az39-819","name":"@waytrade/microservice-core","msg":"HTTP post /callback -> 200 (1ms)"}
{"level":30,"time":1640132862604,"pid":1665,"hostname":"fv-az39-819","name":"@waytrade/microservice-core","msg":"Starting App..."}
{"level":20,"time":1640132862604,"pid":1665,"hostname":"fv-az39-819","name":"@waytrade/microservice-core","msg":"Starting HTTP Server on port 0"}
{"level":20,"time":1640132862605,"pid":1665,"hostname":"fv-az39-819","name":"@waytrade/microservice-core","msg":"HTTP Server listening on port 43117"}
{"level":20,"time":1640132862605,"pid":1665,"hostname":"fv-az39-819","name":"@waytrade/microservice-core","msg":"Starting HTTP Server on port 0"}
{"level":20,"time":1640132862605,"pid":1665,"hostname":"fv-az39-819","name":"@waytrade/microservice-core","msg":"HTTP Server listening on port 41009"}
{"level":30,"time":1640132862605,"pid":1665,"hostname":"fv-az39-819","name":"@waytrade/microservice-core","msg":"API Server started at port 43117"}
{"level":30,"time":1640132862605,"pid":1665,"hostname":"fv-az39-819","name":"@waytrade/microservice-core","msg":"Webhook Callback Server started at port 41009"}
{"level":20,"time":1640132862606,"pid":1665,"hostname":"fv-az39-819","name":"@waytrade/microservice-core","msg":"HTTP post /subscribe -> 201 (0ms)"}
{"level":20,"time":1640132862609,"pid":1665,"hostname":"fv-az39-819","name":"@waytrade/microservice-core","msg":"HTTP Server on port 43117 stopped"}
{"level":20,"time":1640132862609,"pid":1665,"hostname":"fv-az39-819","name":"@waytrade/microservice-core","msg":"HTTP Server on port 41009 stopped"}
{"level":30,"time":1640132862609,"pid":1665,"hostname":"fv-az39-819","name":"@waytrade/microservice-core","msg":"App stopped."}
{"level":20,"time":1640132862609,"pid":1665,"hostname":"fv-az39-819","name":"@waytrade/microservice-core","msg":"HTTP post /callback -> 200 (1ms)"}
{"level":30,"time":1640132862610,"pid":1665,"hostname":"fv-az39-819","name":"@waytrade/microservice-core","msg":"Starting App..."}
{"level":20,"time":1640132862610,"pid":1665,"hostname":"fv-az39-819","name":"@waytrade/microservice-core","msg":"Starting HTTP Server on port 0"}
{"level":20,"time":1640132862611,"pid":1665,"hostname":"fv-az39-819","name":"@waytrade/microservice-core","msg":"HTTP Server listening on port 34951"}
{"level":20,"time":1640132862611,"pid":1665,"hostname":"fv-az39-819","name":"@waytrade/microservice-core","msg":"Starting HTTP Server on port 0"}
{"level":20,"time":1640132862611,"pid":1665,"hostname":"fv-az39-819","name":"@waytrade/microservice-core","msg":"HTTP Server listening on port 35615"}
{"level":30,"time":1640132862611,"pid":1665,"hostname":"fv-az39-819","name":"@waytrade/microservice-core","msg":"API Server started at port 34951"}
{"level":30,"time":1640132862611,"pid":1665,"hostname":"fv-az39-819","name":"@waytrade/microservice-core","msg":"Webhook Callback Server started at port 35615"}
{"level":20,"time":1640132862612,"pid":1665,"hostname":"fv-az39-819","name":"@waytrade/microservice-core","msg":"HTTP post /subscribe -> 201 (0ms)"}
{"level":20,"time":1640132862615,"pid":1665,"hostname":"fv-az39-819","name":"@waytrade/microservice-core","msg":"HTTP post /callback -> 418 (0ms)"}
{"level":20,"time":1640132862616,"pid":1665,"hostname":"fv-az39-819","name":"@waytrade/microservice-core","msg":"HTTP post /subscribe -> 201 (0ms)"}
{"level":20,"time":1640132862617,"pid":1665,"hostname":"fv-az39-819","name":"@waytrade/microservice-core","msg":"HTTP Server on port 34951 stopped"}
{"level":20,"time":1640132862617,"pid":1665,"hostname":"fv-az39-819","name":"@waytrade/microservice-core","msg":"HTTP Server on port 35615 stopped"}
{"level":30,"time":1640132862617,"pid":1665,"hostname":"fv-az39-819","name":"@waytrade/microservice-core","msg":"App stopped."}
{"level":30,"time":1640132862618,"pid":1665,"hostname":"fv-az39-819","name":"@waytrade/microservice-core","msg":"Starting App..."}
{"level":20,"time":1640132862618,"pid":1665,"hostname":"fv-az39-819","name":"@waytrade/microservice-core","msg":"Starting HTTP Server on port 0"}
{"level":20,"time":1640132862619,"pid":1665,"hostname":"fv-az39-819","name":"@waytrade/microservice-core","msg":"HTTP Server listening on port 57417"}
{"level":20,"time":1640132862619,"pid":1665,"hostname":"fv-az39-819","name":"@waytrade/microservice-core","msg":"Starting HTTP Server on port 0"}
{"level":20,"time":1640132862619,"pid":1665,"hostname":"fv-az39-819","name":"@waytrade/microservice-core","msg":"HTTP Server listening on port 55575"}
{"level":30,"time":1640132862619,"pid":1665,"hostname":"fv-az39-819","name":"@waytrade/microservice-core","msg":"API Server started at port 57417"}
{"level":30,"time":1640132862619,"pid":1665,"hostname":"fv-az39-819","name":"@waytrade/microservice-core","msg":"Webhook Callback Server started at port 55575"}
{"level":20,"time":1640132862620,"pid":1665,"hostname":"fv-az39-819","name":"@waytrade/microservice-core","msg":"HTTP post /subscribe -> 201 (0ms)"}
{"level":20,"time":1640132862622,"pid":1665,"hostname":"fv-az39-819","name":"@waytrade/microservice-core","msg":"HTTP post /subscribe -> 201 (0ms)"}
{"level":20,"time":1640132862622,"pid":1665,"hostname":"fv-az39-819","name":"@waytrade/microservice-core","msg":"HTTP Server on port 57417 stopped"}
{"level":20,"time":1640132862622,"pid":1665,"hostname":"fv-az39-819","name":"@waytrade/microservice-core","msg":"HTTP Server on port 55575 stopped"}
{"level":30,"time":1640132862622,"pid":1665,"hostname":"fv-az39-819","name":"@waytrade/microservice-core","msg":"App stopped."}
{"level":20,"time":1640132863740,"pid":1665,"hostname":"fv-az39-819","name":"@waytrade/microservice-core","msg":"Starting HTTP Server on port 0"}
{"level":20,"time":1640132863741,"pid":1665,"hostname":"fv-az39-819","name":"@waytrade/microservice-core","msg":"HTTP Server listening on port 49217"}
{"level":20,"time":1640132863749,"pid":1665,"hostname":"fv-az39-819","name":"@waytrade/microservice-core","msg":"HTTP get /api/test/ -> 200 (1ms)"}
{"level":20,"time":1640132863751,"pid":1665,"hostname":"fv-az39-819","name":"@waytrade/microservice-core","msg":"HTTP Server on port 49217 stopped"}
{"level":20,"time":1640132863752,"pid":1665,"hostname":"fv-az39-819","name":"@waytrade/microservice-core","msg":"Starting HTTP Server on port 0"}
{"level":20,"time":1640132863752,"pid":1665,"hostname":"fv-az39-819","name":"@waytrade/microservice-core","msg":"HTTP Server listening on port 43665"}
{"level":20,"time":1640132863753,"pid":1665,"hostname":"fv-az39-819","name":"@waytrade/microservice-core","msg":"HTTP get /api/test/error -> 418 (0ms)"}
{"level":20,"time":1640132863754,"pid":1665,"hostname":"fv-az39-819","name":"@waytrade/microservice-core","msg":"HTTP Server on port 43665 stopped"}
{"level":20,"time":1640132863754,"pid":1665,"hostname":"fv-az39-819","name":"@waytrade/microservice-core","msg":"Starting HTTP Server on port 0"}
{"level":20,"time":1640132863754,"pid":1665,"hostname":"fv-az39-819","name":"@waytrade/microservice-core","msg":"HTTP Server listening on port 60143"}
{"level":20,"time":1640132863785,"pid":1665,"hostname":"fv-az39-819","name":"@waytrade/microservice-core","msg":"HTTP get /api/test/serverError -> 500 (30ms)"}
{"level":20,"time":1640132863785,"pid":1665,"hostname":"fv-az39-819","name":"@waytrade/microservice-core","msg":"HTTP Server on port 60143 stopped"}
{"level":20,"time":1640132863786,"pid":1665,"hostname":"fv-az39-819","name":"@waytrade/microservice-core","msg":"Starting HTTP Server on port 0"}
{"level":20,"time":1640132863786,"pid":1665,"hostname":"fv-az39-819","name":"@waytrade/microservice-core","msg":"HTTP Server listening on port 46937"}
{"level":20,"time":1640132863788,"pid":1665,"hostname":"fv-az39-819","name":"@waytrade/microservice-core","msg":"HTTP put /api/test/ -> 200 (0ms)"}
{"level":20,"time":1640132863789,"pid":1665,"hostname":"fv-az39-819","name":"@waytrade/microservice-core","msg":"HTTP Server on port 46937 stopped"}
{"level":20,"time":1640132863789,"pid":1665,"hostname":"fv-az39-819","name":"@waytrade/microservice-core","msg":"Starting HTTP Server on port 0"}
{"level":20,"time":1640132863789,"pid":1665,"hostname":"fv-az39-819","name":"@waytrade/microservice-core","msg":"HTTP Server listening on port 41853"}
{"level":20,"time":1640132863790,"pid":1665,"hostname":"fv-az39-819","name":"@waytrade/microservice-core","msg":"HTTP put /api/test/error -> 418 (0ms)"}
{"level":20,"time":1640132863791,"pid":1665,"hostname":"fv-az39-819","name":"@waytrade/microservice-core","msg":"HTTP Server on port 41853 stopped"}
{"level":20,"time":1640132863791,"pid":1665,"hostname":"fv-az39-819","name":"@waytrade/microservice-core","msg":"Starting HTTP Server on port 0"}
{"level":20,"time":1640132863792,"pid":1665,"hostname":"fv-az39-819","name":"@waytrade/microservice-core","msg":"HTTP Server listening on port 54881"}
{"level":20,"time":1640132863793,"pid":1665,"hostname":"fv-az39-819","name":"@waytrade/microservice-core","msg":"HTTP post /api/test/ -> 200 (0ms)"}
{"level":20,"time":1640132863794,"pid":1665,"hostname":"fv-az39-819","name":"@waytrade/microservice-core","msg":"HTTP Server on port 54881 stopped"}
{"level":20,"time":1640132863794,"pid":1665,"hostname":"fv-az39-819","name":"@waytrade/microservice-core","msg":"Starting HTTP Server on port 0"}
{"level":20,"time":1640132863794,"pid":1665,"hostname":"fv-az39-819","name":"@waytrade/microservice-core","msg":"HTTP Server listening on port 50233"}
{"level":20,"time":1640132863795,"pid":1665,"hostname":"fv-az39-819","name":"@waytrade/microservice-core","msg":"HTTP post /api/test/error -> 418 (0ms)"}
{"level":20,"time":1640132863796,"pid":1665,"hostname":"fv-az39-819","name":"@waytrade/microservice-core","msg":"HTTP Server on port 50233 stopped"}
{"level":20,"time":1640132863796,"pid":1665,"hostname":"fv-az39-819","name":"@waytrade/microservice-core","msg":"Starting HTTP Server on port 0"}
{"level":20,"time":1640132863796,"pid":1665,"hostname":"fv-az39-819","name":"@waytrade/microservice-core","msg":"HTTP Server listening on port 43427"}
{"level":20,"time":1640132863797,"pid":1665,"hostname":"fv-az39-819","name":"@waytrade/microservice-core","msg":"HTTP patch /api/test/ -> 200 (0ms)"}
{"level":20,"time":1640132863798,"pid":1665,"hostname":"fv-az39-819","name":"@waytrade/microservice-core","msg":"HTTP Server on port 43427 stopped"}
{"level":20,"time":1640132863798,"pid":1665,"hostname":"fv-az39-819","name":"@waytrade/microservice-core","msg":"Starting HTTP Server on port 0"}
{"level":20,"time":1640132863799,"pid":1665,"hostname":"fv-az39-819","name":"@waytrade/microservice-core","msg":"HTTP Server listening on port 57549"}
{"level":20,"time":1640132863800,"pid":1665,"hostname":"fv-az39-819","name":"@waytrade/microservice-core","msg":"HTTP patch /api/test/error -> 418 (1ms)"}
{"level":20,"time":1640132863800,"pid":1665,"hostname":"fv-az39-819","name":"@waytrade/microservice-core","msg":"HTTP Server on port 57549 stopped"}
{"level":20,"time":1640132863801,"pid":1665,"hostname":"fv-az39-819","name":"@waytrade/microservice-core","msg":"Starting HTTP Server on port 0"}
{"level":20,"time":1640132863801,"pid":1665,"hostname":"fv-az39-819","name":"@waytrade/microservice-core","msg":"HTTP Server listening on port 33003"}
{"level":20,"time":1640132863802,"pid":1665,"hostname":"fv-az39-819","name":"@waytrade/microservice-core","msg":"HTTP delete /api/test/ -> 200 (0ms)"}
{"level":20,"time":1640132863803,"pid":1665,"hostname":"fv-az39-819","name":"@waytrade/microservice-core","msg":"HTTP Server on port 33003 stopped"}
{"level":20,"time":1640132863804,"pid":1665,"hostname":"fv-az39-819","name":"@waytrade/microservice-core","msg":"Starting HTTP Server on port 0"}
{"level":20,"time":1640132863804,"pid":1665,"hostname":"fv-az39-819","name":"@waytrade/microservice-core","msg":"HTTP Server listening on port 55205"}
{"level":20,"time":1640132863805,"pid":1665,"hostname":"fv-az39-819","name":"@waytrade/microservice-core","msg":"HTTP delete /api/test/error -> 418 (1ms)"}
{"level":20,"time":1640132863806,"pid":1665,"hostname":"fv-az39-819","name":"@waytrade/microservice-core","msg":"HTTP Server on port 55205 stopped"}
{"level":20,"time":1640132884430,"pid":1665,"hostname":"fv-az39-819","name":"@waytrade/microservice-core","msg":"Starting HTTP Server on port 0"}
{"level":20,"time":1640132884431,"pid":1665,"hostname":"fv-az39-819","name":"@waytrade/microservice-core","msg":"HTTP Server listening on port 51243"}
{"level":20,"time":1640132884439,"pid":1665,"hostname":"fv-az39-819","name":"@waytrade/microservice-core","msg":"HTTP get /api/test/ -> 200 (1ms)"}
{"level":20,"time":1640132884440,"pid":1665,"hostname":"fv-az39-819","name":"@waytrade/microservice-core","msg":"HTTP Server on port 51243 stopped"}
{"level":20,"time":1640132884441,"pid":1665,"hostname":"fv-az39-819","name":"@waytrade/microservice-core","msg":"Starting HTTP Server on port 0"}
{"level":20,"time":1640132884441,"pid":1665,"hostname":"fv-az39-819","name":"@waytrade/microservice-core","msg":"HTTP Server listening on port 35035"}
{"level":20,"time":1640132884443,"pid":1665,"hostname":"fv-az39-819","name":"@waytrade/microservice-core","msg":"HTTP get /api/test/notImplemented -> 501 (1ms)"}
{"level":20,"time":1640132884443,"pid":1665,"hostname":"fv-az39-819","name":"@waytrade/microservice-core","msg":"HTTP Server on port 35035 stopped"}
{"level":20,"time":1640132884444,"pid":1665,"hostname":"fv-az39-819","name":"@waytrade/microservice-core","msg":"Starting HTTP Server on port 0"}
{"level":20,"time":1640132884444,"pid":1665,"hostname":"fv-az39-819","name":"@waytrade/microservice-core","msg":"HTTP Server listening on port 49677"}
{"level":20,"time":1640132884445,"pid":1665,"hostname":"fv-az39-819","name":"@waytrade/microservice-core","msg":"HTTP put /api/test/ -> 200 (0ms)"}
{"level":20,"time":1640132884446,"pid":1665,"hostname":"fv-az39-819","name":"@waytrade/microservice-core","msg":"HTTP Server on port 49677 stopped"}
{"level":20,"time":1640132884447,"pid":1665,"hostname":"fv-az39-819","name":"@waytrade/microservice-core","msg":"Starting HTTP Server on port 0"}
{"level":20,"time":1640132884447,"pid":1665,"hostname":"fv-az39-819","name":"@waytrade/microservice-core","msg":"HTTP Server listening on port 57415"}
{"level":20,"time":1640132884448,"pid":1665,"hostname":"fv-az39-819","name":"@waytrade/microservice-core","msg":"HTTP put /api/test/notImplemented -> 501 (0ms)"}
{"level":20,"time":1640132884448,"pid":1665,"hostname":"fv-az39-819","name":"@waytrade/microservice-core","msg":"HTTP Server on port 57415 stopped"}
{"level":20,"time":1640132884449,"pid":1665,"hostname":"fv-az39-819","name":"@waytrade/microservice-core","msg":"Starting HTTP Server on port 0"}
{"level":20,"time":1640132884449,"pid":1665,"hostname":"fv-az39-819","name":"@waytrade/microservice-core","msg":"HTTP Server listening on port 33451"}
{"level":20,"time":1640132884451,"pid":1665,"hostname":"fv-az39-819","name":"@waytrade/microservice-core","msg":"HTTP post /api/test/ -> 200 (0ms)"}
{"level":20,"time":1640132884451,"pid":1665,"hostname":"fv-az39-819","name":"@waytrade/microservice-core","msg":"HTTP Server on port 33451 stopped"}
{"level":20,"time":1640132884452,"pid":1665,"hostname":"fv-az39-819","name":"@waytrade/microservice-core","msg":"Starting HTTP Server on port 0"}
{"level":20,"time":1640132884452,"pid":1665,"hostname":"fv-az39-819","name":"@waytrade/microservice-core","msg":"HTTP Server listening on port 57569"}
{"level":20,"time":1640132884453,"pid":1665,"hostname":"fv-az39-819","name":"@waytrade/microservice-core","msg":"HTTP post /api/test/notImplemented -> 501 (0ms)"}
{"level":20,"time":1640132884453,"pid":1665,"hostname":"fv-az39-819","name":"@waytrade/microservice-core","msg":"HTTP Server on port 57569 stopped"}
{"level":20,"time":1640132884454,"pid":1665,"hostname":"fv-az39-819","name":"@waytrade/microservice-core","msg":"Starting HTTP Server on port 0"}
{"level":20,"time":1640132884454,"pid":1665,"hostname":"fv-az39-819","name":"@waytrade/microservice-core","msg":"HTTP Server listening on port 49563"}
{"level":20,"time":1640132884455,"pid":1665,"hostname":"fv-az39-819","name":"@waytrade/microservice-core","msg":"HTTP patch /api/test/ -> 200 (0ms)"}
{"level":20,"time":1640132884456,"pid":1665,"hostname":"fv-az39-819","name":"@waytrade/microservice-core","msg":"HTTP Server on port 49563 stopped"}
{"level":20,"time":1640132884456,"pid":1665,"hostname":"fv-az39-819","name":"@waytrade/microservice-core","msg":"Starting HTTP Server on port 0"}
{"level":20,"time":1640132884457,"pid":1665,"hostname":"fv-az39-819","name":"@waytrade/microservice-core","msg":"HTTP Server listening on port 33251"}
{"level":20,"time":1640132884458,"pid":1665,"hostname":"fv-az39-819","name":"@waytrade/microservice-core","msg":"HTTP post /api/test/notImplemented -> 501 (1ms)"}
{"level":20,"time":1640132884458,"pid":1665,"hostname":"fv-az39-819","name":"@waytrade/microservice-core","msg":"HTTP Server on port 33251 stopped"}
{"level":20,"time":1640132884458,"pid":1665,"hostname":"fv-az39-819","name":"@waytrade/microservice-core","msg":"Starting HTTP Server on port 0"}
{"level":20,"time":1640132884459,"pid":1665,"hostname":"fv-az39-819","name":"@waytrade/microservice-core","msg":"HTTP Server listening on port 59969"}
{"level":20,"time":1640132884460,"pid":1665,"hostname":"fv-az39-819","name":"@waytrade/microservice-core","msg":"HTTP delete /api/test/ -> 200 (0ms)"}
{"level":20,"time":1640132884461,"pid":1665,"hostname":"fv-az39-819","name":"@waytrade/microservice-core","msg":"HTTP Server on port 59969 stopped"}
{"level":20,"time":1640132884462,"pid":1665,"hostname":"fv-az39-819","name":"@waytrade/microservice-core","msg":"Starting HTTP Server on port 0"}
{"level":20,"time":1640132884462,"pid":1665,"hostname":"fv-az39-819","name":"@waytrade/microservice-core","msg":"HTTP Server listening on port 41289"}
{"level":20,"time":1640132884463,"pid":1665,"hostname":"fv-az39-819","name":"@waytrade/microservice-core","msg":"HTTP post /api/test/notImplemented -> 501 (0ms)"}
{"level":20,"time":1640132884463,"pid":1665,"hostname":"fv-az39-819","name":"@waytrade/microservice-core","msg":"HTTP Server on port 41289 stopped"}
{"level":20,"time":1640132885866,"pid":1665,"hostname":"fv-az39-819","name":"@waytrade/microservice-core","msg":"Debug message"}
{"level":30,"time":1640132885867,"pid":1665,"hostname":"fv-az39-819","name":"@waytrade/microservice-core","msg":"Info message"}
{"level":40,"time":1640132885867,"pid":1665,"hostname":"fv-az39-819","name":"@waytrade/microservice-core","msg":"Warning message"}
{"level":50,"time":1640132885868,"pid":1665,"hostname":"fv-az39-819","name":"@waytrade/microservice-core","msg":"Error message"}
{"level":30,"time":1640132885886,"pid":1665,"hostname":"fv-az39-819","name":"@waytrade/microservice-core","msg":"Info message"}
{"level":40,"time":1640132885887,"pid":1665,"hostname":"fv-az39-819","name":"@waytrade/microservice-core","msg":"Warning message"}
{"level":50,"time":1640132885888,"pid":1665,"hostname":"fv-az39-819","name":"@waytrade/microservice-core","msg":"Error message"}
{"level":40,"time":1640132885893,"pid":1665,"hostname":"fv-az39-819","name":"@waytrade/microservice-core","msg":"Warning message"}
{"level":50,"time":1640132885893,"pid":1665,"hostname":"fv-az39-819","name":"@waytrade/microservice-core","msg":"Error message"}
{"level":50,"time":1640132885896,"pid":1665,"hostname":"fv-az39-819","name":"@waytrade/microservice-core","msg":"Error message"}
{"level":20,"time":1640132885907,"pid":1665,"hostname":"fv-az39-819","name":"@waytrade/microservice-core","msg":"Debug message"}
{"level":30,"time":1640132885908,"pid":1665,"hostname":"fv-az39-819","name":"@waytrade/microservice-core","msg":"Info message"}
{"level":40,"time":1640132885908,"pid":1665,"hostname":"fv-az39-819","name":"@waytrade/microservice-core","msg":"Warning message"}
{"level":50,"time":1640132885909,"pid":1665,"hostname":"fv-az39-819","name":"@waytrade/microservice-core","msg":"Error message"}
{"level":30,"time":1640132887317,"pid":1665,"hostname":"fv-az39-819","name":"@waytrade/microservice-core","msg":"Starting App..."}
{"level":20,"time":1640132887318,"pid":1665,"hostname":"fv-az39-819","name":"@waytrade/microservice-core","msg":"Starting HTTP Server on port 0"}
{"level":20,"time":1640132887318,"pid":1665,"hostname":"fv-az39-819","name":"@waytrade/microservice-core","msg":"HTTP Server listening on port 59911"}
{"level":30,"time":1640132887318,"pid":1665,"hostname":"fv-az39-819","name":"@waytrade/microservice-core","msg":"API Server started at port 59911"}
{"level":20,"time":1640132887320,"pid":1665,"hostname":"fv-az39-819","name":"@waytrade/microservice-core","msg":"HTTP Server on port 59911 stopped"}
{"level":30,"time":1640132887320,"pid":1665,"hostname":"fv-az39-819","name":"@waytrade/microservice-core","msg":"App stopped."}
{"level":30,"time":1640132887322,"pid":1665,"hostname":"fv-az39-819","name":"@waytrade/microservice-core","msg":"Starting App..."}
{"level":20,"time":1640132887322,"pid":1665,"hostname":"fv-az39-819","name":"@waytrade/microservice-core","msg":"Starting HTTP Server on port 0"}
{"level":20,"time":1640132887322,"pid":1665,"hostname":"fv-az39-819","name":"@waytrade/microservice-core","msg":"HTTP Server listening on port 49811"}
{"level":30,"time":1640132887322,"pid":1665,"hostname":"fv-az39-819","name":"@waytrade/microservice-core","msg":"API Server started at port 49811"}
{"level":20,"time":1640132887322,"pid":1665,"hostname":"fv-az39-819","name":"@waytrade/microservice-core","msg":"HTTP Server on port 49811 stopped"}
{"level":30,"time":1640132887323,"pid":1665,"hostname":"fv-az39-819","name":"@waytrade/microservice-core","msg":"App stopped."}
{"level":30,"time":1640132887324,"pid":1665,"hostname":"fv-az39-819","name":"@waytrade/microservice-core","msg":"Starting App..."}
{"level":20,"time":1640132887324,"pid":1665,"hostname":"fv-az39-819","name":"@waytrade/microservice-core","msg":"Starting HTTP Server on port 0"}
{"level":20,"time":1640132887324,"pid":1665,"hostname":"fv-az39-819","name":"@waytrade/microservice-core","msg":"HTTP Server listening on port 59853"}
{"level":30,"time":1640132887324,"pid":1665,"hostname":"fv-az39-819","name":"@waytrade/microservice-core","msg":"API Server started at port 59853"}
{"level":50,"time":1640132887324,"pid":1665,"hostname":"fv-az39-819","name":"@waytrade/microservice-core","msg":"App start failed: App is running already."}
{"level":20,"time":1640132887324,"pid":1665,"hostname":"fv-az39-819","name":"@waytrade/microservice-core","msg":"HTTP Server on port 59853 stopped"}
{"level":30,"time":1640132887324,"pid":1665,"hostname":"fv-az39-819","name":"@waytrade/microservice-core","msg":"App stopped."}
{"level":30,"time":1640132887325,"pid":1665,"hostname":"fv-az39-819","name":"@waytrade/microservice-core","msg":"Starting App..."}
{"level":20,"time":1640132887326,"pid":1665,"hostname":"fv-az39-819","name":"@waytrade/microservice-core","msg":"Starting HTTP Server on port 0"}
{"level":20,"time":1640132887326,"pid":1665,"hostname":"fv-az39-819","name":"@waytrade/microservice-core","msg":"HTTP Server listening on port 58655"}
{"level":30,"time":1640132887326,"pid":1665,"hostname":"fv-az39-819","name":"@waytrade/microservice-core","msg":"API Server started at port 58655"}
{"level":20,"time":1640132887326,"pid":1665,"hostname":"fv-az39-819","name":"@waytrade/microservice-core","msg":"HTTP Server on port 58655 stopped"}
{"level":30,"time":1640132887326,"pid":1665,"hostname":"fv-az39-819","name":"@waytrade/microservice-core","msg":"App stopped."}
{"level":30,"time":1640132887327,"pid":1665,"hostname":"fv-az39-819","name":"@waytrade/microservice-core","msg":"Starting App..."}
{"level":20,"time":1640132887328,"pid":1665,"hostname":"fv-az39-819","name":"@waytrade/microservice-core","msg":"Starting HTTP Server on port 0"}
{"level":20,"time":1640132887328,"pid":1665,"hostname":"fv-az39-819","name":"@waytrade/microservice-core","msg":"HTTP Server listening on port 55403"}
{"level":30,"time":1640132887328,"pid":1665,"hostname":"fv-az39-819","name":"@waytrade/microservice-core","msg":"API Server started at port 55403"}
{"level":20,"time":1640132887329,"pid":1665,"hostname":"fv-az39-819","name":"@waytrade/microservice-core","msg":"HTTP Server on port 55403 stopped"}
{"level":30,"time":1640132887329,"pid":1665,"hostname":"fv-az39-819","name":"@waytrade/microservice-core","msg":"App stopped."}
{"level":30,"time":1640132887331,"pid":1665,"hostname":"fv-az39-819","name":"@waytrade/microservice-core","msg":"Starting App..."}
{"level":20,"time":1640132887331,"pid":1665,"hostname":"fv-az39-819","name":"@waytrade/microservice-core","msg":"Starting HTTP Server on port 0"}
{"level":20,"time":1640132887344,"pid":1665,"hostname":"fv-az39-819","name":"@waytrade/microservice-core","msg":"HTTP Server listening on port 33281"}
{"level":30,"time":1640132887344,"pid":1665,"hostname":"fv-az39-819","name":"@waytrade/microservice-core","msg":"API Server started at port 33281"}
{"level":20,"time":1640132887351,"pid":1665,"hostname":"fv-az39-819","name":"@waytrade/microservice-core","msg":"HTTP get /test/get/ -> 200 (1ms)"}
{"level":20,"time":1640132887352,"pid":1665,"hostname":"fv-az39-819","name":"@waytrade/microservice-core","msg":"HTTP Server on port 33281 stopped"}
{"level":30,"time":1640132887352,"pid":1665,"hostname":"fv-az39-819","name":"@waytrade/microservice-core","msg":"App stopped."}
{"level":30,"time":1640132887353,"pid":1665,"hostname":"fv-az39-819","name":"@waytrade/microservice-core","msg":"Starting App..."}
{"level":20,"time":1640132887354,"pid":1665,"hostname":"fv-az39-819","name":"@waytrade/microservice-core","msg":"Starting HTTP Server on port 0"}
{"level":20,"time":1640132887354,"pid":1665,"hostname":"fv-az39-819","name":"@waytrade/microservice-core","msg":"HTTP Server listening on port 44571"}
{"level":30,"time":1640132887354,"pid":1665,"hostname":"fv-az39-819","name":"@waytrade/microservice-core","msg":"API Server started at port 44571"}
{"level":20,"time":1640132887354,"pid":1665,"hostname":"fv-az39-819","name":"@waytrade/microservice-core","msg":"Debug message"}
{"level":30,"time":1640132887354,"pid":1665,"hostname":"fv-az39-819","name":"@waytrade/microservice-core","msg":"Info message"}
{"level":40,"time":1640132887354,"pid":1665,"hostname":"fv-az39-819","name":"@waytrade/microservice-core","msg":"Warning message"}
{"level":50,"time":1640132887354,"pid":1665,"hostname":"fv-az39-819","name":"@waytrade/microservice-core","msg":"Error message"}
{"level":20,"time":1640132887354,"pid":1665,"hostname":"fv-az39-819","name":"@waytrade/microservice-core","msg":"HTTP Server on port 44571 stopped"}
{"level":30,"time":1640132887354,"pid":1665,"hostname":"fv-az39-819","name":"@waytrade/microservice-core","msg":"App stopped."}
{"level":20,"time":1640132888447,"pid":1665,"hostname":"fv-az39-819","name":"@waytrade/microservice-core","msg":"Starting HTTP Server on port 0"}
{"level":20,"time":1640132888448,"pid":1665,"hostname":"fv-az39-819","name":"@waytrade/microservice-core","msg":"HTTP Server listening on port 49581"}
{"level":20,"time":1640132888455,"pid":1665,"hostname":"fv-az39-819","name":"@waytrade/microservice-core","msg":"HTTP Server on port 49581 stopped"}
{"level":20,"time":1640132888457,"pid":1665,"hostname":"fv-az39-819","name":"@waytrade/microservice-core","msg":"Starting HTTP Server on port 0"}
{"level":20,"time":1640132888457,"pid":1665,"hostname":"fv-az39-819","name":"@waytrade/microservice-core","msg":"HTTP Server listening on port 56755"}
{"level":20,"time":1640132888460,"pid":1665,"hostname":"fv-az39-819","name":"@waytrade/microservice-core","msg":"HTTP Server on port 56755 stopped"}
{"level":20,"time":1640132888461,"pid":1665,"hostname":"fv-az39-819","name":"@waytrade/microservice-core","msg":"Starting HTTP Server on port 0"}
{"level":20,"time":1640132888461,"pid":1665,"hostname":"fv-az39-819","name":"@waytrade/microservice-core","msg":"HTTP Server listening on port 56231"}
{"level":50,"time":1640132888462,"pid":1665,"hostname":"fv-az39-819","name":"@waytrade/microservice-core","msg":"Binary data on websocket not supported."}
{"level":20,"time":1640132889461,"pid":1665,"hostname":"fv-az39-819","name":"@waytrade/microservice-core","msg":"HTTP Server on port 56231 stopped"}
{"level":20,"time":1640132889462,"pid":1665,"hostname":"fv-az39-819","name":"@waytrade/microservice-core","msg":"Starting HTTP Server on port 0"}
{"level":20,"time":1640132889462,"pid":1665,"hostname":"fv-az39-819","name":"@waytrade/microservice-core","msg":"HTTP Server listening on port 46269"}
{"level":20,"time":1640132889465,"pid":1665,"hostname":"fv-az39-819","name":"@waytrade/microservice-core","msg":"HTTP Server on port 46269 stopped"}
{"level":20,"time":1640132889466,"pid":1665,"hostname":"fv-az39-819","name":"@waytrade/microservice-core","msg":"Starting HTTP Server on port 0"}
{"level":20,"time":1640132889466,"pid":1665,"hostname":"fv-az39-819","name":"@waytrade/microservice-core","msg":"HTTP Server listening on port 60687"}
{"level":20,"time":1640132890472,"pid":1665,"hostname":"fv-az39-819","name":"@waytrade/microservice-core","msg":"HTTP Server on port 60687 stopped"}
{"level":20,"time":1640132890473,"pid":1665,"hostname":"fv-az39-819","name":"@waytrade/microservice-core","msg":"Starting HTTP Server on port 0"}
{"level":20,"time":1640132890473,"pid":1665,"hostname":"fv-az39-819","name":"@waytrade/microservice-core","msg":"HTTP Server listening on port 47829"}
{"level":20,"time":1640132890509,"pid":1665,"hostname":"fv-az39-819","name":"@waytrade/microservice-core","msg":"HTTP Server on port 47829 stopped"}
{"level":20,"time":1640132890510,"pid":1665,"hostname":"fv-az39-819","name":"@waytrade/microservice-core","msg":"Starting HTTP Server on port 0"}
{"level":20,"time":1640132890510,"pid":1665,"hostname":"fv-az39-819","name":"@waytrade/microservice-core","msg":"HTTP Server listening on port 34237"}
{"level":20,"time":1640132890715,"pid":1665,"hostname":"fv-az39-819","name":"@waytrade/microservice-core","msg":"HTTP Server on port 34237 stopped"}
{"level":30,"time":1640132891702,"pid":1665,"hostname":"fv-az39-819","name":"@waytrade/microservice-core","msg":"Starting App..."}
{"level":20,"time":1640132891703,"pid":1665,"hostname":"fv-az39-819","name":"@waytrade/microservice-core","msg":"Starting HTTP Server on port 0"}
{"level":20,"time":1640132891703,"pid":1665,"hostname":"fv-az39-819","name":"@waytrade/microservice-core","msg":"HTTP Server listening on port 54187"}
{"level":20,"time":1640132891703,"pid":1665,"hostname":"fv-az39-819","name":"@waytrade/microservice-core","msg":"Starting HTTP Server on port 0"}
{"level":20,"time":1640132891704,"pid":1665,"hostname":"fv-az39-819","name":"@waytrade/microservice-core","msg":"HTTP Server listening on port 52371"}
{"level":30,"time":1640132891704,"pid":1665,"hostname":"fv-az39-819","name":"@waytrade/microservice-core","msg":"API Server started at port 54187"}
{"level":30,"time":1640132891704,"pid":1665,"hostname":"fv-az39-819","name":"@waytrade/microservice-core","msg":"Webhook Callback Server started at port 52371"}
{"level":20,"time":1640132891705,"pid":1665,"hostname":"fv-az39-819","name":"@waytrade/microservice-core","msg":"HTTP Server on port 54187 stopped"}
{"level":20,"time":1640132891706,"pid":1665,"hostname":"fv-az39-819","name":"@waytrade/microservice-core","msg":"HTTP Server on port 52371 stopped"}
{"level":30,"time":1640132891706,"pid":1665,"hostname":"fv-az39-819","name":"@waytrade/microservice-core","msg":"App stopped."}
{"level":30,"time":1640132891707,"pid":1665,"hostname":"fv-az39-819","name":"@waytrade/microservice-core","msg":"Starting App..."}
{"level":20,"time":1640132891708,"pid":1665,"hostname":"fv-az39-819","name":"@waytrade/microservice-core","msg":"Starting HTTP Server on port 0"}
{"level":20,"time":1640132891708,"pid":1665,"hostname":"fv-az39-819","name":"@waytrade/microservice-core","msg":"HTTP Server listening on port 54767"}
{"level":20,"time":1640132891708,"pid":1665,"hostname":"fv-az39-819","name":"@waytrade/microservice-core","msg":"Starting HTTP Server on port 0"}
{"level":20,"time":1640132891708,"pid":1665,"hostname":"fv-az39-819","name":"@waytrade/microservice-core","msg":"HTTP Server listening on port 57897"}
{"level":30,"time":1640132891708,"pid":1665,"hostname":"fv-az39-819","name":"@waytrade/microservice-core","msg":"API Server started at port 54767"}
{"level":30,"time":1640132891708,"pid":1665,"hostname":"fv-az39-819","name":"@waytrade/microservice-core","msg":"Webhook Callback Server started at port 57897"}
{"level":20,"time":1640132891709,"pid":1665,"hostname":"fv-az39-819","name":"@waytrade/microservice-core","msg":"HTTP Server on port 54767 stopped"}
{"level":20,"time":1640132891709,"pid":1665,"hostname":"fv-az39-819","name":"@waytrade/microservice-core","msg":"HTTP Server on port 57897 stopped"}
{"level":30,"time":1640132891709,"pid":1665,"hostname":"fv-az39-819","name":"@waytrade/microservice-core","msg":"App stopped."}
{"level":30,"time":1640132891711,"pid":1665,"hostname":"fv-az39-819","name":"@waytrade/microservice-core","msg":"Starting App..."}
{"level":20,"time":1640132891711,"pid":1665,"hostname":"fv-az39-819","name":"@waytrade/microservice-core","msg":"Starting HTTP Server on port 0"}
{"level":20,"time":1640132891711,"pid":1665,"hostname":"fv-az39-819","name":"@waytrade/microservice-core","msg":"HTTP Server listening on port 57513"}
{"level":20,"time":1640132891711,"pid":1665,"hostname":"fv-az39-819","name":"@waytrade/microservice-core","msg":"Starting HTTP Server on port 0"}
{"level":20,"time":1640132891711,"pid":1665,"hostname":"fv-az39-819","name":"@waytrade/microservice-core","msg":"HTTP Server listening on port 47369"}
{"level":50,"time":1640132891711,"pid":1665,"hostname":"fv-az39-819","name":"@waytrade/microservice-core","msg":"App start failed: Controller booth failed"}
{"level":20,"time":1640132891712,"pid":1665,"hostname":"fv-az39-819","name":"@waytrade/microservice-core","msg":"HTTP Server on port 57513 stopped"}
{"level":20,"time":1640132891712,"pid":1665,"hostname":"fv-az39-819","name":"@waytrade/microservice-core","msg":"HTTP Server on port 47369 stopped"}
{"level":30,"time":1640132891712,"pid":1665,"hostname":"fv-az39-819","name":"@waytrade/microservice-core","msg":"App stopped."}
{"level":30,"time":1640132891713,"pid":1665,"hostname":"fv-az39-819","name":"@waytrade/microservice-core","msg":"Starting App..."}
{"level":20,"time":1640132891713,"pid":1665,"hostname":"fv-az39-819","name":"@waytrade/microservice-core","msg":"Starting HTTP Server on port 0"}
{"level":20,"time":1640132891713,"pid":1665,"hostname":"fv-az39-819","name":"@waytrade/microservice-core","msg":"HTTP Server listening on port 50957"}
{"level":20,"time":1640132891713,"pid":1665,"hostname":"fv-az39-819","name":"@waytrade/microservice-core","msg":"Starting HTTP Server on port 0"}
{"level":20,"time":1640132891714,"pid":1665,"hostname":"fv-az39-819","name":"@waytrade/microservice-core","msg":"HTTP Server listening on port 44809"}
{"level":50,"time":1640132891714,"pid":1665,"hostname":"fv-az39-819","name":"@waytrade/microservice-core","msg":"App start failed: Controller booth failed"}
{"level":20,"time":1640132891714,"pid":1665,"hostname":"fv-az39-819","name":"@waytrade/microservice-core","msg":"HTTP Server on port 50957 stopped"}
{"level":20,"time":1640132891714,"pid":1665,"hostname":"fv-az39-819","name":"@waytrade/microservice-core","msg":"HTTP Server on port 44809 stopped"}
{"level":30,"time":1640132891714,"pid":1665,"hostname":"fv-az39-819","name":"@waytrade/microservice-core","msg":"App stopped."}
{"level":30,"time":1640132891715,"pid":1665,"hostname":"fv-az39-819","name":"@waytrade/microservice-core","msg":"Starting App..."}
{"level":20,"time":1640132891715,"pid":1665,"hostname":"fv-az39-819","name":"@waytrade/microservice-core","msg":"Starting HTTP Server on port 0"}
{"level":20,"time":1640132891715,"pid":1665,"hostname":"fv-az39-819","name":"@waytrade/microservice-core","msg":"HTTP Server listening on port 52227"}
{"level":20,"time":1640132891715,"pid":1665,"hostname":"fv-az39-819","name":"@waytrade/microservice-core","msg":"Starting HTTP Server on port 0"}
{"level":20,"time":1640132891716,"pid":1665,"hostname":"fv-az39-819","name":"@waytrade/microservice-core","msg":"HTTP Server listening on port 38687"}
{"level":50,"time":1640132891716,"pid":1665,"hostname":"fv-az39-819","name":"@waytrade/microservice-core","msg":"App start failed: Controller booth failed"}
{"level":20,"time":1640132891716,"pid":1665,"hostname":"fv-az39-819","name":"@waytrade/microservice-core","msg":"HTTP Server on port 52227 stopped"}
{"level":20,"time":1640132891716,"pid":1665,"hostname":"fv-az39-819","name":"@waytrade/microservice-core","msg":"HTTP Server on port 38687 stopped"}
{"level":30,"time":1640132891716,"pid":1665,"hostname":"fv-az39-819","name":"@waytrade/microservice-core","msg":"App stopped."}
{"level":30,"time":1640132891717,"pid":1665,"hostname":"fv-az39-819","name":"@waytrade/microservice-core","msg":"Starting App..."}
{"level":20,"time":1640132891717,"pid":1665,"hostname":"fv-az39-819","name":"@waytrade/microservice-core","msg":"Starting HTTP Server on port 0"}
{"level":20,"time":1640132891717,"pid":1665,"hostname":"fv-az39-819","name":"@waytrade/microservice-core","msg":"HTTP Server listening on port 48807"}
{"level":20,"time":1640132891717,"pid":1665,"hostname":"fv-az39-819","name":"@waytrade/microservice-core","msg":"Starting HTTP Server on port 0"}
{"level":20,"time":1640132891717,"pid":1665,"hostname":"fv-az39-819","name":"@waytrade/microservice-core","msg":"HTTP Server listening on port 46369"}
{"level":50,"time":1640132891717,"pid":1665,"hostname":"fv-az39-819","name":"@waytrade/microservice-core","msg":"App start failed: Controller booth failed"}
{"level":20,"time":1640132891718,"pid":1665,"hostname":"fv-az39-819","name":"@waytrade/microservice-core","msg":"HTTP Server on port 48807 stopped"}
{"level":20,"time":1640132891718,"pid":1665,"hostname":"fv-az39-819","name":"@waytrade/microservice-core","msg":"HTTP Server on port 46369 stopped"}
{"level":30,"time":1640132891718,"pid":1665,"hostname":"fv-az39-819","name":"@waytrade/microservice-core","msg":"App stopped."}
{"level":30,"time":1640132892647,"pid":1665,"hostname":"fv-az39-819","name":"@waytrade/microservice-core","msg":"Starting App..."}
{"level":20,"time":1640132892649,"pid":1665,"hostname":"fv-az39-819","name":"@waytrade/microservice-core","msg":"Starting HTTP Server on port 0"}
{"level":20,"time":1640132892649,"pid":1665,"hostname":"fv-az39-819","name":"@waytrade/microservice-core","msg":"HTTP Server listening on port 51093"}
{"level":30,"time":1640132892649,"pid":1665,"hostname":"fv-az39-819","name":"@waytrade/microservice-core","msg":"API Server started at port 51093"}
{"level":20,"time":1640132892651,"pid":1665,"hostname":"fv-az39-819","name":"@waytrade/microservice-core","msg":"HTTP Server on port 51093 stopped"}
{"level":30,"time":1640132892651,"pid":1665,"hostname":"fv-az39-819","name":"@waytrade/microservice-core","msg":"App stopped."}
{"level":30,"time":1640132892653,"pid":1665,"hostname":"fv-az39-819","name":"@waytrade/microservice-core","msg":"Starting App..."}
{"level":20,"time":1640132892653,"pid":1665,"hostname":"fv-az39-819","name":"@waytrade/microservice-core","msg":"Starting HTTP Server on port 0"}
{"level":20,"time":1640132892653,"pid":1665,"hostname":"fv-az39-819","name":"@waytrade/microservice-core","msg":"HTTP Server listening on port 42103"}
{"level":30,"time":1640132892654,"pid":1665,"hostname":"fv-az39-819","name":"@waytrade/microservice-core","msg":"API Server started at port 42103"}
{"level":20,"time":1640132892654,"pid":1665,"hostname":"fv-az39-819","name":"@waytrade/microservice-core","msg":"HTTP Server on port 42103 stopped"}
{"level":30,"time":1640132892655,"pid":1665,"hostname":"fv-az39-819","name":"@waytrade/microservice-core","msg":"App stopped."}
{"level":30,"time":1640132892656,"pid":1665,"hostname":"fv-az39-819","name":"@waytrade/microservice-core","msg":"Starting App..."}
{"level":20,"time":1640132892656,"pid":1665,"hostname":"fv-az39-819","name":"@waytrade/microservice-core","msg":"Starting HTTP Server on port 0"}
{"level":20,"time":1640132892656,"pid":1665,"hostname":"fv-az39-819","name":"@waytrade/microservice-core","msg":"HTTP Server listening on port 43547"}
{"level":50,"time":1640132892657,"pid":1665,"hostname":"fv-az39-819","name":"@waytrade/microservice-core","msg":"App start failed: Controller booth failed"}
{"level":20,"time":1640132892657,"pid":1665,"hostname":"fv-az39-819","name":"@waytrade/microservice-core","msg":"HTTP Server on port 43547 stopped"}
{"level":30,"time":1640132892657,"pid":1665,"hostname":"fv-az39-819","name":"@waytrade/microservice-core","msg":"App stopped."}
{"level":30,"time":1640132892658,"pid":1665,"hostname":"fv-az39-819","name":"@waytrade/microservice-core","msg":"Starting App..."}
{"level":20,"time":1640132892658,"pid":1665,"hostname":"fv-az39-819","name":"@waytrade/microservice-core","msg":"Starting HTTP Server on port 0"}
{"level":20,"time":1640132892659,"pid":1665,"hostname":"fv-az39-819","name":"@waytrade/microservice-core","msg":"HTTP Server listening on port 55441"}
{"level":50,"time":1640132892659,"pid":1665,"hostname":"fv-az39-819","name":"@waytrade/microservice-core","msg":"App start failed: Controller booth failed"}
{"level":20,"time":1640132892659,"pid":1665,"hostname":"fv-az39-819","name":"@waytrade/microservice-core","msg":"HTTP Server on port 55441 stopped"}
{"level":30,"time":1640132892659,"pid":1665,"hostname":"fv-az39-819","name":"@waytrade/microservice-core","msg":"App stopped."}
{"level":30,"time":1640132892660,"pid":1665,"hostname":"fv-az39-819","name":"@waytrade/microservice-core","msg":"Starting App..."}
{"level":20,"time":1640132892661,"pid":1665,"hostname":"fv-az39-819","name":"@waytrade/microservice-core","msg":"Starting HTTP Server on port 0"}
{"level":20,"time":1640132892661,"pid":1665,"hostname":"fv-az39-819","name":"@waytrade/microservice-core","msg":"HTTP Server listening on port 36189"}
{"level":50,"time":1640132892661,"pid":1665,"hostname":"fv-az39-819","name":"@waytrade/microservice-core","msg":"App start failed: Controller booth failed"}
{"level":20,"time":1640132892661,"pid":1665,"hostname":"fv-az39-819","name":"@waytrade/microservice-core","msg":"HTTP Server on port 36189 stopped"}
{"level":30,"time":1640132892661,"pid":1665,"hostname":"fv-az39-819","name":"@waytrade/microservice-core","msg":"App stopped."}
{"level":30,"time":1640132892662,"pid":1665,"hostname":"fv-az39-819","name":"@waytrade/microservice-core","msg":"Starting App..."}
{"level":20,"time":1640132892662,"pid":1665,"hostname":"fv-az39-819","name":"@waytrade/microservice-core","msg":"Starting HTTP Server on port 0"}
{"level":20,"time":1640132892662,"pid":1665,"hostname":"fv-az39-819","name":"@waytrade/microservice-core","msg":"HTTP Server listening on port 53113"}
{"level":50,"time":1640132892662,"pid":1665,"hostname":"fv-az39-819","name":"@waytrade/microservice-core","msg":"App start failed: Controller booth failed"}
{"level":20,"time":1640132892663,"pid":1665,"hostname":"fv-az39-819","name":"@waytrade/microservice-core","msg":"HTTP Server on port 53113 stopped"}
{"level":30,"time":1640132892663,"pid":1665,"hostname":"fv-az39-819","name":"@waytrade/microservice-core","msg":"App stopped."}
{"level":30,"time":1640132893714,"pid":1665,"hostname":"fv-az39-819","name":"@waytrade/microservice-core","msg":"Starting App..."}
{"level":20,"time":1640132893715,"pid":1665,"hostname":"fv-az39-819","name":"@waytrade/microservice-core","msg":"Starting HTTP Server on port 0"}
{"level":20,"time":1640132893716,"pid":1665,"hostname":"fv-az39-819","name":"@waytrade/microservice-core","msg":"HTTP Server listening on port 43193"}
{"level":30,"time":1640132893716,"pid":1665,"hostname":"fv-az39-819","name":"@waytrade/microservice-core","msg":"API Server started at port 43193"}
{"level":20,"time":1640132893718,"pid":1665,"hostname":"fv-az39-819","name":"@waytrade/microservice-core","msg":"HTTP Server on port 43193 stopped"}
{"level":30,"time":1640132893718,"pid":1665,"hostname":"fv-az39-819","name":"@waytrade/microservice-core","msg":"App stopped."}
{"level":30,"time":1640132893719,"pid":1665,"hostname":"fv-az39-819","name":"@waytrade/microservice-core","msg":"Starting App..."}
{"level":20,"time":1640132893720,"pid":1665,"hostname":"fv-az39-819","name":"@waytrade/microservice-core","msg":"Starting HTTP Server on port 0"}
{"level":20,"time":1640132893720,"pid":1665,"hostname":"fv-az39-819","name":"@waytrade/microservice-core","msg":"HTTP Server listening on port 49997"}
{"level":30,"time":1640132893720,"pid":1665,"hostname":"fv-az39-819","name":"@waytrade/microservice-core","msg":"API Server started at port 49997"}
{"level":20,"time":1640132893721,"pid":1665,"hostname":"fv-az39-819","name":"@waytrade/microservice-core","msg":"HTTP Server on port 49997 stopped"}
{"level":30,"time":1640132893721,"pid":1665,"hostname":"fv-az39-819","name":"@waytrade/microservice-core","msg":"App stopped."}
{"level":30,"time":1640132893722,"pid":1665,"hostname":"fv-az39-819","name":"@waytrade/microservice-core","msg":"Starting App..."}
{"level":50,"time":1640132893723,"pid":1665,"hostname":"fv-az39-819","name":"@waytrade/microservice-core","msg":"App start failed: Controller booth failed"}
{"level":30,"time":1640132893723,"pid":1665,"hostname":"fv-az39-819","name":"@waytrade/microservice-core","msg":"App stopped."}
{"level":30,"time":1640132893724,"pid":1665,"hostname":"fv-az39-819","name":"@waytrade/microservice-core","msg":"Starting App..."}
{"level":50,"time":1640132893724,"pid":1665,"hostname":"fv-az39-819","name":"@waytrade/microservice-core","msg":"App start failed: Controller booth failed"}
{"level":30,"time":1640132893725,"pid":1665,"hostname":"fv-az39-819","name":"@waytrade/microservice-core","msg":"App stopped."}
{"level":30,"time":1640132893726,"pid":1665,"hostname":"fv-az39-819","name":"@waytrade/microservice-core","msg":"Starting App..."}
{"level":50,"time":1640132893726,"pid":1665,"hostname":"fv-az39-819","name":"@waytrade/microservice-core","msg":"App start failed: Controller booth failed"}
{"level":30,"time":1640132893726,"pid":1665,"hostname":"fv-az39-819","name":"@waytrade/microservice-core","msg":"App stopped."}
{"level":30,"time":1640132893727,"pid":1665,"hostname":"fv-az39-819","name":"@waytrade/microservice-core","msg":"Starting App..."}
{"level":50,"time":1640132893727,"pid":1665,"hostname":"fv-az39-819","name":"@waytrade/microservice-core","msg":"App start failed: Controller booth failed"}
{"level":30,"time":1640132893728,"pid":1665,"hostname":"fv-az39-819","name":"@waytrade/microservice-core","msg":"App stopped."}
{"level":20,"time":1640132895132,"pid":1665,"hostname":"fv-az39-819","name":"@waytrade/microservice-core","msg":"Starting HTTP Server on port 0"}
{"level":20,"time":1640132895135,"pid":1665,"hostname":"fv-az39-819","name":"@waytrade/microservice-core","msg":"HTTP Server listening on port 33637"}
{"level":20,"time":1640132895137,"pid":1665,"hostname":"fv-az39-819","name":"@waytrade/microservice-core","msg":"HTTP Server on port 33637 stopped"}
{"level":20,"time":1640132895140,"pid":1665,"hostname":"fv-az39-819","name":"@waytrade/microservice-core","msg":"Starting HTTP Server on port 3999"}
{"level":20,"time":1640132895140,"pid":1665,"hostname":"fv-az39-819","name":"@waytrade/microservice-core","msg":"HTTP Server listening on port 3999"}
{"level":20,"time":1640132895141,"pid":1665,"hostname":"fv-az39-819","name":"@waytrade/microservice-core","msg":"HTTP Server on port 3999 stopped"}
{"level":20,"time":1640132895143,"pid":1665,"hostname":"fv-az39-819","name":"@waytrade/microservice-core","msg":"Starting HTTP Server on port 0"}
{"level":20,"time":1640132895143,"pid":1665,"hostname":"fv-az39-819","name":"@waytrade/microservice-core","msg":"HTTP Server listening on port 54387"}
{"level":20,"time":1640132895159,"pid":1665,"hostname":"fv-az39-819","name":"@waytrade/microservice-core","msg":"/some/invalid/path not found."}
{"level":20,"time":1640132895163,"pid":1665,"hostname":"fv-az39-819","name":"@waytrade/microservice-core","msg":"HTTP Server on port 54387 stopped"}
{"level":20,"time":1640132895164,"pid":1665,"hostname":"fv-az39-819","name":"@waytrade/microservice-core","msg":"Starting HTTP Server on port 0"}
{"level":20,"time":1640132895165,"pid":1665,"hostname":"fv-az39-819","name":"@waytrade/microservice-core","msg":"HTTP Server listening on port 40363"}
{"level":20,"time":1640132895171,"pid":1665,"hostname":"fv-az39-819","name":"@waytrade/microservice-core","msg":"HTTP Server on port 40363 stopped"}
{"level":20,"time":1640132895172,"pid":1665,"hostname":"fv-az39-819","name":"@waytrade/microservice-core","msg":"Starting HTTP Server on port 0"}
{"level":20,"time":1640132895173,"pid":1665,"hostname":"fv-az39-819","name":"@waytrade/microservice-core","msg":"HTTP Server listening on port 45591"}
{"level":20,"time":1640132895178,"pid":1665,"hostname":"fv-az39-819","name":"@waytrade/microservice-core","msg":"HTTP Server on port 45591 stopped"}
{"level":20,"time":1640132895179,"pid":1665,"hostname":"fv-az39-819","name":"@waytrade/microservice-core","msg":"Starting HTTP Server on port 0"}
{"level":20,"time":1640132895180,"pid":1665,"hostname":"fv-az39-819","name":"@waytrade/microservice-core","msg":"HTTP Server listening on port 56865"}
{"level":20,"time":1640132895184,"pid":1665,"hostname":"fv-az39-819","name":"@waytrade/microservice-core","msg":"HTTP get /api/dummy/customResponseHeader -> 200 (2ms)"}
{"level":20,"time":1640132895185,"pid":1665,"hostname":"fv-az39-819","name":"@waytrade/microservice-core","msg":"HTTP Server on port 56865 stopped"}
{"level":30,"time":1640132896544,"pid":1665,"hostname":"fv-az39-819","name":"@waytrade/microservice-core","msg":"Starting App..."}
{"level":20,"time":1640132896545,"pid":1665,"hostname":"fv-az39-819","name":"@waytrade/microservice-core","msg":"Starting HTTP Server on port 0"}
{"level":20,"time":1640132896546,"pid":1665,"hostname":"fv-az39-819","name":"@waytrade/microservice-core","msg":"HTTP Server listening on port 48515"}
{"level":20,"time":1640132896546,"pid":1665,"hostname":"fv-az39-819","name":"@waytrade/microservice-core","msg":"Starting HTTP Server on port 0"}
{"level":20,"time":1640132896546,"pid":1665,"hostname":"fv-az39-819","name":"@waytrade/microservice-core","msg":"HTTP Server listening on port 48389"}
{"level":30,"time":1640132896546,"pid":1665,"hostname":"fv-az39-819","name":"@waytrade/microservice-core","msg":"API Server started at port 48515"}
{"level":30,"time":1640132896546,"pid":1665,"hostname":"fv-az39-819","name":"@waytrade/microservice-core","msg":"Webhook Callback Server started at port 48389"}
{"level":30,"time":1640132896547,"pid":1665,"hostname":"fv-az39-819","name":"@waytrade/microservice-core","msg":"Starting App..."}
{"level":20,"time":1640132896547,"pid":1665,"hostname":"fv-az39-819","name":"@waytrade/microservice-core","msg":"Starting HTTP Server on port 0"}
{"level":20,"time":1640132896547,"pid":1665,"hostname":"fv-az39-819","name":"@waytrade/microservice-core","msg":"HTTP Server listening on port 55769"}
{"level":20,"time":1640132896547,"pid":1665,"hostname":"fv-az39-819","name":"@waytrade/microservice-core","msg":"Starting HTTP Server on port 0"}
{"level":20,"time":1640132896547,"pid":1665,"hostname":"fv-az39-819","name":"@waytrade/microservice-core","msg":"HTTP Server listening on port 59151"}
{"level":30,"time":1640132896547,"pid":1665,"hostname":"fv-az39-819","name":"@waytrade/microservice-core","msg":"API Server started at port 55769"}
{"level":30,"time":1640132896548,"pid":1665,"hostname":"fv-az39-819","name":"@waytrade/microservice-core","msg":"Webhook Callback Server started at port 59151"}
{"level":20,"time":1640132896555,"pid":1665,"hostname":"fv-az39-819","name":"@waytrade/microservice-core","msg":"HTTP get /api/test/ -> 200 (1ms)"}
{"level":20,"time":1640132896559,"pid":1665,"hostname":"fv-az39-819","name":"@waytrade/microservice-core","msg":"HTTP get /api/test/ -> 200 (1ms)"}
{"level":50,"time":1640132896564,"pid":1665,"hostname":"fv-az39-819","name":"@waytrade/microservice-core","msg":"onVerifyBearerAuth not implement, rejecting request."}
{"level":20,"time":1640132896565,"pid":1665,"hostname":"fv-az39-819","name":"@waytrade/microservice-core","msg":"HTTP get /api/test/ -> 200 (0ms)"}
{"level":20,"time":1640132896569,"pid":1665,"hostname":"fv-az39-819","name":"@waytrade/microservice-core","msg":"HTTP get /api/test/ -> 200 (2ms)"}
{"level":50,"time":1640132896574,"pid":1665,"hostname":"fv-az39-819","name":"@waytrade/microservice-core","msg":"onVerifyBearerAuth not implement, rejecting request."}
{"level":20,"time":1640132896575,"pid":1665,"hostname":"fv-az39-819","name":"@waytrade/microservice-core","msg":"HTTP Server on port 48515 stopped"}
{"level":20,"time":1640132896575,"pid":1665,"hostname":"fv-az39-819","name":"@waytrade/microservice-core","msg":"HTTP Server on port 48389 stopped"}
{"level":30,"time":1640132896575,"pid":1665,"hostname":"fv-az39-819","name":"@waytrade/microservice-core","msg":"App stopped."}
{"level":20,"time":1640132896576,"pid":1665,"hostname":"fv-az39-819","name":"@waytrade/microservice-core","msg":"HTTP Server on port 55769 stopped"}
{"level":20,"time":1640132896576,"pid":1665,"hostname":"fv-az39-819","name":"@waytrade/microservice-core","msg":"HTTP Server on port 59151 stopped"}
{"level":30,"time":1640132896576,"pid":1665,"hostname":"fv-az39-819","name":"@waytrade/microservice-core","msg":"App stopped."}
{"level":30,"time":1640132898781,"pid":1665,"hostname":"fv-az39-819","name":"@waytrade/microservice-core","msg":"Starting App..."}
{"level":20,"time":1640132898782,"pid":1665,"hostname":"fv-az39-819","name":"@waytrade/microservice-core","msg":"Starting HTTP Server on port 0"}
{"level":20,"time":1640132898783,"pid":1665,"hostname":"fv-az39-819","name":"@waytrade/microservice-core","msg":"HTTP Server listening on port 36521"}
{"level":20,"time":1640132898783,"pid":1665,"hostname":"fv-az39-819","name":"@waytrade/microservice-core","msg":"Starting HTTP Server on port 0"}
{"level":20,"time":1640132898783,"pid":1665,"hostname":"fv-az39-819","name":"@waytrade/microservice-core","msg":"HTTP Server listening on port 37125"}
{"level":30,"time":1640132898783,"pid":1665,"hostname":"fv-az39-819","name":"@waytrade/microservice-core","msg":"API Server started at port 36521"}
{"level":30,"time":1640132898783,"pid":1665,"hostname":"fv-az39-819","name":"@waytrade/microservice-core","msg":"Webhook Callback Server started at port 37125"}
{"level":20,"time":1640132898790,"pid":1665,"hostname":"fv-az39-819","name":"@waytrade/microservice-core","msg":"HTTP get /api/ -> 200 (1ms)"}
{"level":20,"time":1640132898792,"pid":1665,"hostname":"fv-az39-819","name":"@waytrade/microservice-core","msg":"HTTP Server on port 36521 stopped"}
{"level":20,"time":1640132898792,"pid":1665,"hostname":"fv-az39-819","name":"@waytrade/microservice-core","msg":"HTTP Server on port 37125 stopped"}
{"level":30,"time":1640132898793,"pid":1665,"hostname":"fv-az39-819","name":"@waytrade/microservice-core","msg":"App stopped."}
{"level":30,"time":1640132898794,"pid":1665,"hostname":"fv-az39-819","name":"@waytrade/microservice-core","msg":"Starting App..."}
{"level":20,"time":1640132898794,"pid":1665,"hostname":"fv-az39-819","name":"@waytrade/microservice-core","msg":"Starting HTTP Server on port 0"}
{"level":20,"time":1640132898794,"pid":1665,"hostname":"fv-az39-819","name":"@waytrade/microservice-core","msg":"HTTP Server listening on port 45323"}
{"level":20,"time":1640132898795,"pid":1665,"hostname":"fv-az39-819","name":"@waytrade/microservice-core","msg":"Starting HTTP Server on port 0"}
{"level":20,"time":1640132898795,"pid":1665,"hostname":"fv-az39-819","name":"@waytrade/microservice-core","msg":"HTTP Server listening on port 40651"}
{"level":30,"time":1640132898795,"pid":1665,"hostname":"fv-az39-819","name":"@waytrade/microservice-core","msg":"API Server started at port 45323"}
{"level":30,"time":1640132898795,"pid":1665,"hostname":"fv-az39-819","name":"@waytrade/microservice-core","msg":"Webhook Callback Server started at port 40651"}
{"level":20,"time":1640132898796,"pid":1665,"hostname":"fv-az39-819","name":"@waytrade/microservice-core","msg":"HTTP get / -> 200 (0ms)"}
{"level":20,"time":1640132898797,"pid":1665,"hostname":"fv-az39-819","name":"@waytrade/microservice-core","msg":"HTTP Server on port 45323 stopped"}
{"level":20,"time":1640132898797,"pid":1665,"hostname":"fv-az39-819","name":"@waytrade/microservice-core","msg":"HTTP Server on port 40651 stopped"}
{"level":30,"time":1640132898797,"pid":1665,"hostname":"fv-az39-819","name":"@waytrade/microservice-core","msg":"App stopped."}
{"level":30,"time":1640132898798,"pid":1665,"hostname":"fv-az39-819","name":"@waytrade/microservice-core","msg":"Starting App..."}
{"level":20,"time":1640132898798,"pid":1665,"hostname":"fv-az39-819","name":"@waytrade/microservice-core","msg":"Starting HTTP Server on port 0"}
{"level":20,"time":1640132898798,"pid":1665,"hostname":"fv-az39-819","name":"@waytrade/microservice-core","msg":"HTTP Server listening on port 55343"}
{"level":20,"time":1640132898798,"pid":1665,"hostname":"fv-az39-819","name":"@waytrade/microservice-core","msg":"Starting HTTP Server on port 0"}
{"level":20,"time":1640132898798,"pid":1665,"hostname":"fv-az39-819","name":"@waytrade/microservice-core","msg":"HTTP Server listening on port 50843"}
{"level":30,"time":1640132898799,"pid":1665,"hostname":"fv-az39-819","name":"@waytrade/microservice-core","msg":"API Server started at port 55343"}
{"level":30,"time":1640132898799,"pid":1665,"hostname":"fv-az39-819","name":"@waytrade/microservice-core","msg":"Webhook Callback Server started at port 50843"}
{"level":20,"time":1640132898800,"pid":1665,"hostname":"fv-az39-819","name":"@waytrade/microservice-core","msg":"HTTP get /api/ -> 200 (1ms)"}
{"level":20,"time":1640132898800,"pid":1665,"hostname":"fv-az39-819","name":"@waytrade/microservice-core","msg":"HTTP Server on port 55343 stopped"}
{"level":20,"time":1640132898800,"pid":1665,"hostname":"fv-az39-819","name":"@waytrade/microservice-core","msg":"HTTP Server on port 50843 stopped"}
{"level":30,"time":1640132898800,"pid":1665,"hostname":"fv-az39-819","name":"@waytrade/microservice-core","msg":"App stopped."}
{"level":30,"time":1640132898801,"pid":1665,"hostname":"fv-az39-819","name":"@waytrade/microservice-core","msg":"Starting App..."}
{"level":20,"time":1640132898802,"pid":1665,"hostname":"fv-az39-819","name":"@waytrade/microservice-core","msg":"Starting HTTP Server on port 0"}
{"level":20,"time":1640132898802,"pid":1665,"hostname":"fv-az39-819","name":"@waytrade/microservice-core","msg":"HTTP Server listening on port 35215"}
{"level":20,"time":1640132898802,"pid":1665,"hostname":"fv-az39-819","name":"@waytrade/microservice-core","msg":"Starting HTTP Server on port 0"}
{"level":20,"time":1640132898802,"pid":1665,"hostname":"fv-az39-819","name":"@waytrade/microservice-core","msg":"HTTP Server listening on port 38207"}
{"level":30,"time":1640132898802,"pid":1665,"hostname":"fv-az39-819","name":"@waytrade/microservice-core","msg":"API Server started at port 35215"}
{"level":30,"time":1640132898802,"pid":1665,"hostname":"fv-az39-819","name":"@waytrade/microservice-core","msg":"Webhook Callback Server started at port 38207"}
{"level":20,"time":1640132898804,"pid":1665,"hostname":"fv-az39-819","name":"@waytrade/microservice-core","msg":"HTTP Server on port 35215 stopped"}
{"level":20,"time":1640132898804,"pid":1665,"hostname":"fv-az39-819","name":"@waytrade/microservice-core","msg":"HTTP Server on port 38207 stopped"}
{"level":30,"time":1640132898804,"pid":1665,"hostname":"fv-az39-819","name":"@waytrade/microservice-core","msg":"App stopped."}
{"level":30,"time":1640132900273,"pid":1665,"hostname":"fv-az39-819","name":"@waytrade/microservice-core","msg":"Starting App..."}
{"level":20,"time":1640132900275,"pid":1665,"hostname":"fv-az39-819","name":"@waytrade/microservice-core","msg":"Starting HTTP Server on port 0"}
{"level":20,"time":1640132900275,"pid":1665,"hostname":"fv-az39-819","name":"@waytrade/microservice-core","msg":"HTTP Server listening on port 42911"}
{"level":20,"time":1640132900276,"pid":1665,"hostname":"fv-az39-819","name":"@waytrade/microservice-core","msg":"Starting HTTP Server on port 0"}
{"level":20,"time":1640132900276,"pid":1665,"hostname":"fv-az39-819","name":"@waytrade/microservice-core","msg":"HTTP Server listening on port 48941"}
{"level":30,"time":1640132900276,"pid":1665,"hostname":"fv-az39-819","name":"@waytrade/microservice-core","msg":"API Server started at port 42911"}
{"level":30,"time":1640132900276,"pid":1665,"hostname":"fv-az39-819","name":"@waytrade/microservice-core","msg":"Webhook Callback Server started at port 48941"}
{"level":20,"time":1640132900278,"pid":1665,"hostname":"fv-az39-819","name":"@waytrade/microservice-core","msg":"HTTP Server on port 42911 stopped"}
{"level":20,"time":1640132900278,"pid":1665,"hostname":"fv-az39-819","name":"@waytrade/microservice-core","msg":"HTTP Server on port 48941 stopped"}
{"level":30,"time":1640132900278,"pid":1665,"hostname":"fv-az39-819","name":"@waytrade/microservice-core","msg":"App stopped."}
{"level":30,"time":1640132900280,"pid":1665,"hostname":"fv-az39-819","name":"@waytrade/microservice-core","msg":"Starting App..."}
{"level":20,"time":1640132900280,"pid":1665,"hostname":"fv-az39-819","name":"@waytrade/microservice-core","msg":"Starting HTTP Server on port 0"}
{"level":20,"time":1640132900281,"pid":1665,"hostname":"fv-az39-819","name":"@waytrade/microservice-core","msg":"HTTP Server listening on port 59699"}
{"level":20,"time":1640132900281,"pid":1665,"hostname":"fv-az39-819","name":"@waytrade/microservice-core","msg":"Starting HTTP Server on port 0"}
{"level":20,"time":1640132900281,"pid":1665,"hostname":"fv-az39-819","name":"@waytrade/microservice-core","msg":"HTTP Server listening on port 54137"}
{"level":30,"time":1640132900281,"pid":1665,"hostname":"fv-az39-819","name":"@waytrade/microservice-core","msg":"API Server started at port 59699"}
{"level":30,"time":1640132900281,"pid":1665,"hostname":"fv-az39-819","name":"@waytrade/microservice-core","msg":"Webhook Callback Server started at port 54137"}
{"level":20,"time":1640132900282,"pid":1665,"hostname":"fv-az39-819","name":"@waytrade/microservice-core","msg":"HTTP Server on port 59699 stopped"}
{"level":20,"time":1640132900282,"pid":1665,"hostname":"fv-az39-819","name":"@waytrade/microservice-core","msg":"HTTP Server on port 54137 stopped"}
{"level":30,"time":1640132900282,"pid":1665,"hostname":"fv-az39-819","name":"@waytrade/microservice-core","msg":"App stopped."}
{"level":30,"time":1640132900284,"pid":1665,"hostname":"fv-az39-819","name":"@waytrade/microservice-core","msg":"Starting App..."}
{"level":20,"time":1640132900284,"pid":1665,"hostname":"fv-az39-819","name":"@waytrade/microservice-core","msg":"Starting HTTP Server on port 0"}
{"level":20,"time":1640132900285,"pid":1665,"hostname":"fv-az39-819","name":"@waytrade/microservice-core","msg":"HTTP Server listening on port 48001"}
{"level":20,"time":1640132900285,"pid":1665,"hostname":"fv-az39-819","name":"@waytrade/microservice-core","msg":"Starting HTTP Server on port 0"}
{"level":20,"time":1640132900285,"pid":1665,"hostname":"fv-az39-819","name":"@waytrade/microservice-core","msg":"HTTP Server listening on port 54071"}
{"level":30,"time":1640132900285,"pid":1665,"hostname":"fv-az39-819","name":"@waytrade/microservice-core","msg":"API Server started at port 48001"}
{"level":30,"time":1640132900285,"pid":1665,"hostname":"fv-az39-819","name":"@waytrade/microservice-core","msg":"Webhook Callback Server started at port 54071"}
{"level":20,"time":1640132900286,"pid":1665,"hostname":"fv-az39-819","name":"@waytrade/microservice-core","msg":"HTTP Server on port 48001 stopped"}
{"level":20,"time":1640132900286,"pid":1665,"hostname":"fv-az39-819","name":"@waytrade/microservice-core","msg":"HTTP Server on port 54071 stopped"}
{"level":30,"time":1640132900286,"pid":1665,"hostname":"fv-az39-819","name":"@waytrade/microservice-core","msg":"App stopped."}
{"level":30,"time":1640132900287,"pid":1665,"hostname":"fv-az39-819","name":"@waytrade/microservice-core","msg":"Starting App..."}
{"level":20,"time":1640132900288,"pid":1665,"hostname":"fv-az39-819","name":"@waytrade/microservice-core","msg":"Starting HTTP Server on port 0"}
{"level":20,"time":1640132900288,"pid":1665,"hostname":"fv-az39-819","name":"@waytrade/microservice-core","msg":"HTTP Server listening on port 36707"}
{"level":20,"time":1640132900288,"pid":1665,"hostname":"fv-az39-819","name":"@waytrade/microservice-core","msg":"Starting HTTP Server on port 0"}
{"level":20,"time":1640132900288,"pid":1665,"hostname":"fv-az39-819","name":"@waytrade/microservice-core","msg":"HTTP Server listening on port 44685"}
{"level":30,"time":1640132900288,"pid":1665,"hostname":"fv-az39-819","name":"@waytrade/microservice-core","msg":"API Server started at port 36707"}
{"level":30,"time":1640132900288,"pid":1665,"hostname":"fv-az39-819","name":"@waytrade/microservice-core","msg":"Webhook Callback Server started at port 44685"}
{"level":20,"time":1640132900289,"pid":1665,"hostname":"fv-az39-819","name":"@waytrade/microservice-core","msg":"HTTP Server on port 36707 stopped"}
{"level":20,"time":1640132900289,"pid":1665,"hostname":"fv-az39-819","name":"@waytrade/microservice-core","msg":"HTTP Server on port 44685 stopped"}
{"level":30,"time":1640132900289,"pid":1665,"hostname":"fv-az39-819","name":"@waytrade/microservice-core","msg":"App stopped."}
{"level":30,"time":1640132901960,"pid":1665,"hostname":"fv-az39-819","name":"@waytrade/microservice-core","msg":"Starting App..."}
{"level":20,"time":1640132901961,"pid":1665,"hostname":"fv-az39-819","name":"@waytrade/microservice-core","msg":"Starting HTTP Server on port 0"}
{"level":20,"time":1640132901962,"pid":1665,"hostname":"fv-az39-819","name":"@waytrade/microservice-core","msg":"HTTP Server listening on port 60657"}
{"level":30,"time":1640132901962,"pid":1665,"hostname":"fv-az39-819","name":"@waytrade/microservice-core","msg":"API Server started at port 60657"}
{"level":20,"time":1640132901963,"pid":1665,"hostname":"fv-az39-819","name":"@waytrade/microservice-core","msg":"HTTP Server on port 60657 stopped"}
{"level":30,"time":1640132901964,"pid":1665,"hostname":"fv-az39-819","name":"@waytrade/microservice-core","msg":"App stopped."}
{"level":30,"time":1640132901965,"pid":1665,"hostname":"fv-az39-819","name":"@waytrade/microservice-core","msg":"Starting App..."}
{"level":20,"time":1640132901965,"pid":1665,"hostname":"fv-az39-819","name":"@waytrade/microservice-core","msg":"Starting HTTP Server on port 0"}
{"level":20,"time":1640132901966,"pid":1665,"hostname":"fv-az39-819","name":"@waytrade/microservice-core","msg":"HTTP Server listening on port 52749"}
{"level":30,"time":1640132901966,"pid":1665,"hostname":"fv-az39-819","name":"@waytrade/microservice-core","msg":"API Server started at port 52749"}
{"level":20,"time":1640132901966,"pid":1665,"hostname":"fv-az39-819","name":"@waytrade/microservice-core","msg":"HTTP Server on port 52749 stopped"}
{"level":30,"time":1640132901966,"pid":1665,"hostname":"fv-az39-819","name":"@waytrade/microservice-core","msg":"App stopped."}
{"level":30,"time":1640132901967,"pid":1665,"hostname":"fv-az39-819","name":"@waytrade/microservice-core","msg":"Starting App..."}
{"level":20,"time":1640132901967,"pid":1665,"hostname":"fv-az39-819","name":"@waytrade/microservice-core","msg":"Starting HTTP Server on port 0"}
{"level":20,"time":1640132901968,"pid":1665,"hostname":"fv-az39-819","name":"@waytrade/microservice-core","msg":"HTTP Server listening on port 38191"}
{"level":30,"time":1640132901968,"pid":1665,"hostname":"fv-az39-819","name":"@waytrade/microservice-core","msg":"API Server started at port 38191"}
{"level":20,"time":1640132901968,"pid":1665,"hostname":"fv-az39-819","name":"@waytrade/microservice-core","msg":"HTTP Server on port 38191 stopped"}
{"level":30,"time":1640132901968,"pid":1665,"hostname":"fv-az39-819","name":"@waytrade/microservice-core","msg":"App stopped."}
{"level":30,"time":1640132901969,"pid":1665,"hostname":"fv-az39-819","name":"@waytrade/microservice-core","msg":"Starting App..."}
{"level":20,"time":1640132901969,"pid":1665,"hostname":"fv-az39-819","name":"@waytrade/microservice-core","msg":"Starting HTTP Server on port 0"}
{"level":20,"time":1640132901970,"pid":1665,"hostname":"fv-az39-819","name":"@waytrade/microservice-core","msg":"HTTP Server listening on port 49915"}
{"level":30,"time":1640132901970,"pid":1665,"hostname":"fv-az39-819","name":"@waytrade/microservice-core","msg":"API Server started at port 49915"}
{"level":20,"time":1640132901970,"pid":1665,"hostname":"fv-az39-819","name":"@waytrade/microservice-core","msg":"HTTP Server on port 49915 stopped"}
{"level":30,"time":1640132901970,"pid":1665,"hostname":"fv-az39-819","name":"@waytrade/microservice-core","msg":"App stopped."}
{"level":30,"time":1640132903013,"pid":1665,"hostname":"fv-az39-819","name":"@waytrade/microservice-core","msg":"Starting App..."}
{"level":20,"time":1640132903015,"pid":1665,"hostname":"fv-az39-819","name":"@waytrade/microservice-core","msg":"Starting HTTP Server on port 0"}
{"level":20,"time":1640132903015,"pid":1665,"hostname":"fv-az39-819","name":"@waytrade/microservice-core","msg":"HTTP Server listening on port 46489"}
{"level":30,"time":1640132903015,"pid":1665,"hostname":"fv-az39-819","name":"@waytrade/microservice-core","msg":"API Server started at port 46489"}
{"level":20,"time":1640132903017,"pid":1665,"hostname":"fv-az39-819","name":"@waytrade/microservice-core","msg":"HTTP Server on port 46489 stopped"}
{"level":30,"time":1640132903017,"pid":1665,"hostname":"fv-az39-819","name":"@waytrade/microservice-core","msg":"App stopped."}
{"level":30,"time":1640132903019,"pid":1665,"hostname":"fv-az39-819","name":"@waytrade/microservice-core","msg":"Starting App..."}
{"level":20,"time":1640132903019,"pid":1665,"hostname":"fv-az39-819","name":"@waytrade/microservice-core","msg":"Starting HTTP Server on port 0"}
{"level":20,"time":1640132903019,"pid":1665,"hostname":"fv-az39-819","name":"@waytrade/microservice-core","msg":"HTTP Server listening on port 50765"}
{"level":30,"time":1640132903019,"pid":1665,"hostname":"fv-az39-819","name":"@waytrade/microservice-core","msg":"API Server started at port 50765"}
{"level":20,"time":1640132903020,"pid":1665,"hostname":"fv-az39-819","name":"@waytrade/microservice-core","msg":"HTTP Server on port 50765 stopped"}
{"level":30,"time":1640132903020,"pid":1665,"hostname":"fv-az39-819","name":"@waytrade/microservice-core","msg":"App stopped."}
{"level":30,"time":1640132903021,"pid":1665,"hostname":"fv-az39-819","name":"@waytrade/microservice-core","msg":"Starting App..."}
{"level":20,"time":1640132903021,"pid":1665,"hostname":"fv-az39-819","name":"@waytrade/microservice-core","msg":"Starting HTTP Server on port 0"}
{"level":20,"time":1640132903021,"pid":1665,"hostname":"fv-az39-819","name":"@waytrade/microservice-core","msg":"HTTP Server listening on port 41615"}
{"level":30,"time":1640132903021,"pid":1665,"hostname":"fv-az39-819","name":"@waytrade/microservice-core","msg":"API Server started at port 41615"}
{"level":20,"time":1640132903022,"pid":1665,"hostname":"fv-az39-819","name":"@waytrade/microservice-core","msg":"HTTP Server on port 41615 stopped"}
{"level":30,"time":1640132903022,"pid":1665,"hostname":"fv-az39-819","name":"@waytrade/microservice-core","msg":"App stopped."}
{"level":30,"time":1640132903023,"pid":1665,"hostname":"fv-az39-819","name":"@waytrade/microservice-core","msg":"Starting App..."}
{"level":20,"time":1640132903023,"pid":1665,"hostname":"fv-az39-819","name":"@waytrade/microservice-core","msg":"Starting HTTP Server on port 0"}
{"level":20,"time":1640132903023,"pid":1665,"hostname":"fv-az39-819","name":"@waytrade/microservice-core","msg":"HTTP Server listening on port 32859"}
{"level":30,"time":1640132903023,"pid":1665,"hostname":"fv-az39-819","name":"@waytrade/microservice-core","msg":"API Server started at port 32859"}
{"level":20,"time":1640132903024,"pid":1665,"hostname":"fv-az39-819","name":"@waytrade/microservice-core","msg":"HTTP Server on port 32859 stopped"}
{"level":30,"time":1640132903024,"pid":1665,"hostname":"fv-az39-819","name":"@waytrade/microservice-core","msg":"App stopped."}
{"level":30,"time":1640132904867,"pid":1665,"hostname":"fv-az39-819","name":"@waytrade/microservice-core","msg":"Starting App..."}
{"level":20,"time":1640132904868,"pid":1665,"hostname":"fv-az39-819","name":"@waytrade/microservice-core","msg":"Starting HTTP Server on port 0"}
{"level":20,"time":1640132904868,"pid":1665,"hostname":"fv-az39-819","name":"@waytrade/microservice-core","msg":"HTTP Server listening on port 42295"}
{"level":30,"time":1640132904869,"pid":1665,"hostname":"fv-az39-819","name":"@waytrade/microservice-core","msg":"API Server started at port 42295"}
{"level":20,"time":1640132904870,"pid":1665,"hostname":"fv-az39-819","name":"@waytrade/microservice-core","msg":"HTTP Server on port 42295 stopped"}
{"level":30,"time":1640132904870,"pid":1665,"hostname":"fv-az39-819","name":"@waytrade/microservice-core","msg":"App stopped."}
{"level":30,"time":1640132904872,"pid":1665,"hostname":"fv-az39-819","name":"@waytrade/microservice-core","msg":"Starting App..."}
{"level":20,"time":1640132904872,"pid":1665,"hostname":"fv-az39-819","name":"@waytrade/microservice-core","msg":"Starting HTTP Server on port 0"}
{"level":20,"time":1640132904872,"pid":1665,"hostname":"fv-az39-819","name":"@waytrade/microservice-core","msg":"HTTP Server listening on port 47937"}
{"level":50,"time":1640132904872,"pid":1665,"hostname":"fv-az39-819","name":"@waytrade/microservice-core","msg":"App start failed: Controller booth failed"}
{"level":20,"time":1640132904873,"pid":1665,"hostname":"fv-az39-819","name":"@waytrade/microservice-core","msg":"HTTP Server on port 47937 stopped"}
{"level":30,"time":1640132904873,"pid":1665,"hostname":"fv-az39-819","name":"@waytrade/microservice-core","msg":"App stopped."}
{"level":30,"time":1640132904874,"pid":1665,"hostname":"fv-az39-819","name":"@waytrade/microservice-core","msg":"Starting App..."}
{"level":20,"time":1640132904874,"pid":1665,"hostname":"fv-az39-819","name":"@waytrade/microservice-core","msg":"Starting HTTP Server on port 0"}
{"level":20,"time":1640132904874,"pid":1665,"hostname":"fv-az39-819","name":"@waytrade/microservice-core","msg":"HTTP Server listening on port 54849"}
{"level":50,"time":1640132904875,"pid":1665,"hostname":"fv-az39-819","name":"@waytrade/microservice-core","msg":"App start failed: Controller booth failed"}
{"level":20,"time":1640132904875,"pid":1665,"hostname":"fv-az39-819","name":"@waytrade/microservice-core","msg":"HTTP Server on port 54849 stopped"}
{"level":30,"time":1640132904875,"pid":1665,"hostname":"fv-az39-819","name":"@waytrade/microservice-core","msg":"App stopped."}
{"level":30,"time":1640132905968,"pid":1665,"hostname":"fv-az39-819","name":"@waytrade/microservice-core","msg":"Starting App..."}
{"level":20,"time":1640132905969,"pid":1665,"hostname":"fv-az39-819","name":"@waytrade/microservice-core","msg":"Starting HTTP Server on port 0"}
{"level":20,"time":1640132905970,"pid":1665,"hostname":"fv-az39-819","name":"@waytrade/microservice-core","msg":"HTTP Server listening on port 42107"}
{"level":30,"time":1640132905970,"pid":1665,"hostname":"fv-az39-819","name":"@waytrade/microservice-core","msg":"API Server started at port 42107"}
{"level":20,"time":1640132905981,"pid":1665,"hostname":"fv-az39-819","name":"@waytrade/microservice-core","msg":"HTTP get /openapi.json -> 200 (2ms)"}
{"level":20,"time":1640132905983,"pid":1665,"hostname":"fv-az39-819","name":"@waytrade/microservice-core","msg":"HTTP Server on port 42107 stopped"}
{"level":30,"time":1640132905983,"pid":1665,"hostname":"fv-az39-819","name":"@waytrade/microservice-core","msg":"App stopped."}
{"level":30,"time":1640132906976,"pid":1665,"hostname":"fv-az39-819","name":"@waytrade/microservice-core","msg":"Starting App..."}
{"level":20,"time":1640132906977,"pid":1665,"hostname":"fv-az39-819","name":"@waytrade/microservice-core","msg":"Starting HTTP Server on port 0"}
{"level":20,"time":1640132906977,"pid":1665,"hostname":"fv-az39-819","name":"@waytrade/microservice-core","msg":"HTTP Server listening on port 60199"}
{"level":20,"time":1640132906977,"pid":1665,"hostname":"fv-az39-819","name":"@waytrade/microservice-core","msg":"Starting HTTP Server on port 0"}
{"level":20,"time":1640132906978,"pid":1665,"hostname":"fv-az39-819","name":"@waytrade/microservice-core","msg":"HTTP Server listening on port 36855"}
{"level":30,"time":1640132906978,"pid":1665,"hostname":"fv-az39-819","name":"@waytrade/microservice-core","msg":"API Server started at port 60199"}
{"level":30,"time":1640132906978,"pid":1665,"hostname":"fv-az39-819","name":"@waytrade/microservice-core","msg":"Webhook Callback Server started at port 36855"}
{"level":20,"time":1640132906981,"pid":1665,"hostname":"fv-az39-819","name":"@waytrade/microservice-core","msg":"HTTP Server on port 60199 stopped"}
{"level":20,"time":1640132906981,"pid":1665,"hostname":"fv-az39-819","name":"@waytrade/microservice-core","msg":"HTTP Server on port 36855 stopped"}
{"level":30,"time":1640132906981,"pid":1665,"hostname":"fv-az39-819","name":"@waytrade/microservice-core","msg":"App stopped."}
{"level":20,"time":1640132908308,"pid":1665,"hostname":"fv-az39-819","name":"@waytrade/microservice-core","msg":"Starting HTTP Server on port 0"}
{"level":20,"time":1640132908309,"pid":1665,"hostname":"fv-az39-819","name":"@waytrade/microservice-core","msg":"HTTP Server listening on port 54071"}
{"level":20,"time":1640132908318,"pid":1665,"hostname":"fv-az39-819","name":"@waytrade/microservice-core","msg":"HTTP get /api/dummy/ -> 200 (1ms)"}
{"level":20,"time":1640132908349,"pid":1665,"hostname":"fv-az39-819","name":"@waytrade/microservice-core","msg":"HTTP Server on port 54071 stopped"}
{"level":30,"time":1640132911794,"pid":1665,"hostname":"fv-az39-819","name":"@waytrade/microservice-core","msg":"Starting App..."}
{"level":20,"time":1640132911796,"pid":1665,"hostname":"fv-az39-819","name":"@waytrade/microservice-core","msg":"Starting HTTP Server on port 0"}
{"level":20,"time":1640132911796,"pid":1665,"hostname":"fv-az39-819","name":"@waytrade/microservice-core","msg":"HTTP Server listening on port 49853"}
{"level":30,"time":1640132911796,"pid":1665,"hostname":"fv-az39-819","name":"@waytrade/microservice-core","msg":"API Server started at port 49853"}
{"level":20,"time":1640132911806,"pid":1665,"hostname":"fv-az39-819","name":"@waytrade/microservice-core","msg":"HTTP get /openapi.json -> 200 (2ms)"}
{"level":20,"time":1640132911809,"pid":1665,"hostname":"fv-az39-819","name":"@waytrade/microservice-core","msg":"HTTP Server on port 49853 stopped"}
{"level":30,"time":1640132911810,"pid":1665,"hostname":"fv-az39-819","name":"@waytrade/microservice-core","msg":"App stopped."}
