{"level":20,"time":1627425100808,"pid":6110,"hostname":"fv-az74-824","name":"@waytrade/microservice-core","msg":"HTTP Server listening on port 58033"}
{"level":20,"time":1627425100831,"pid":6110,"hostname":"fv-az74-824","name":"@waytrade/microservice-core","msg":"HTTP get /openapi.json -> 200 (2ms)"}
{"level":20,"time":1627425100836,"pid":6110,"hostname":"fv-az74-824","name":"@waytrade/microservice-core","msg":"HTTP Server on port 58033 stopped"}
{"level":20,"time":1627425100839,"pid":6110,"hostname":"fv-az74-824","name":"@waytrade/microservice-core","msg":"HTTP Server listening on port 39089"}
{"level":20,"time":1627425100843,"pid":6110,"hostname":"fv-az74-824","name":"@waytrade/microservice-core","msg":"HTTP get /openapi.json -> 200 (1ms)"}
{"level":20,"time":1627425100863,"pid":6110,"hostname":"fv-az74-824","name":"@waytrade/microservice-core","msg":"HTTP Server on port 39089 stopped"}
{"level":20,"time":1627425100870,"pid":6110,"hostname":"fv-az74-824","name":"@waytrade/microservice-core","msg":"HTTP Server listening on port 42671"}
{"level":20,"time":1627425100873,"pid":6110,"hostname":"fv-az74-824","name":"@waytrade/microservice-core","msg":"HTTP Server listening on port 42685"}
{"level":20,"time":1627425100877,"pid":6110,"hostname":"fv-az74-824","name":"@waytrade/microservice-core","msg":"HTTP get /openapi.json -> 200 (0ms)"}
{"level":20,"time":1627425100878,"pid":6110,"hostname":"fv-az74-824","name":"@waytrade/microservice-core","msg":"HTTP get / -> 200 (1ms)"}
{"level":20,"time":1627425100885,"pid":6110,"hostname":"fv-az74-824","name":"@waytrade/microservice-core","msg":"HTTP Server on port 42671 stopped"}
{"level":20,"time":1627425100889,"pid":6110,"hostname":"fv-az74-824","name":"@waytrade/microservice-core","msg":"HTTP Server on port 42685 stopped"}
{"level":20,"time":1627425100890,"pid":6110,"hostname":"fv-az74-824","name":"@waytrade/microservice-core","msg":"HTTP Server listening on port 50317"}
{"level":20,"time":1627425100897,"pid":6110,"hostname":"fv-az74-824","name":"@waytrade/microservice-core","msg":"HTTP get /swagger-ui.css -> 200 (3ms)"}
{"level":20,"time":1627425100901,"pid":6110,"hostname":"fv-az74-824","name":"@waytrade/microservice-core","msg":"HTTP Server on port 50317 stopped"}
{"level":20,"time":1627425100902,"pid":6110,"hostname":"fv-az74-824","name":"@waytrade/microservice-core","msg":"HTTP Server listening on port 34675"}
{"level":20,"time":1627425100929,"pid":6110,"hostname":"fv-az74-824","name":"@waytrade/microservice-core","msg":"HTTP get /swagger-ui-bundle.js -> 200 (24ms)"}
{"level":20,"time":1627425100941,"pid":6110,"hostname":"fv-az74-824","name":"@waytrade/microservice-core","msg":"HTTP Server on port 34675 stopped"}
{"level":20,"time":1627425100942,"pid":6110,"hostname":"fv-az74-824","name":"@waytrade/microservice-core","msg":"HTTP Server listening on port 50841"}
{"level":20,"time":1627425100950,"pid":6110,"hostname":"fv-az74-824","name":"@waytrade/microservice-core","msg":"HTTP get /swagger-ui-standalone-preset.js -> 200 (5ms)"}
{"level":20,"time":1627425100955,"pid":6110,"hostname":"fv-az74-824","name":"@waytrade/microservice-core","msg":"HTTP Server on port 50841 stopped"}
{"level":20,"time":1627425102259,"pid":6110,"hostname":"fv-az74-824","name":"@waytrade/microservice-core","msg":"HTTP Server listening on port 54059"}
{"level":20,"time":1627425102260,"pid":6110,"hostname":"fv-az74-824","name":"@waytrade/microservice-core","msg":"HTTP Server listening on port 32955"}
{"level":30,"time":1627425102260,"pid":6110,"hostname":"fv-az74-824","name":"@waytrade/microservice-core","msg":"API Server started at port 54059"}
{"level":30,"time":1627425102260,"pid":6110,"hostname":"fv-az74-824","name":"@waytrade/microservice-core","msg":"Webhook Callback Server started at port 32955"}
{"level":20,"time":1627425102266,"pid":6110,"hostname":"fv-az74-824","name":"@waytrade/microservice-core","msg":"HTTP post /subscribe -> 400 (1ms)"}
{"level":20,"time":1627425102268,"pid":6110,"hostname":"fv-az74-824","name":"@waytrade/microservice-core","msg":"HTTP Server on port 54059 stopped"}
{"level":20,"time":1627425102268,"pid":6110,"hostname":"fv-az74-824","name":"@waytrade/microservice-core","msg":"HTTP Server on port 32955 stopped"}
{"level":30,"time":1627425102268,"pid":6110,"hostname":"fv-az74-824","name":"@waytrade/microservice-core","msg":"App stopped."}
{"level":20,"time":1627425102271,"pid":6110,"hostname":"fv-az74-824","name":"@waytrade/microservice-core","msg":"HTTP Server listening on port 36395"}
{"level":20,"time":1627425102272,"pid":6110,"hostname":"fv-az74-824","name":"@waytrade/microservice-core","msg":"HTTP Server listening on port 40527"}
{"level":30,"time":1627425102272,"pid":6110,"hostname":"fv-az74-824","name":"@waytrade/microservice-core","msg":"API Server started at port 36395"}
{"level":30,"time":1627425102272,"pid":6110,"hostname":"fv-az74-824","name":"@waytrade/microservice-core","msg":"Webhook Callback Server started at port 40527"}
{"level":20,"time":1627425102276,"pid":6110,"hostname":"fv-az74-824","name":"@waytrade/microservice-core","msg":"HTTP post /subscribe -> 201 (1ms)"}
{"level":20,"time":1627425102291,"pid":6110,"hostname":"fv-az74-824","name":"@waytrade/microservice-core","msg":"HTTP post /subscribe -> 204 (0ms)"}
{"level":20,"time":1627425102293,"pid":6110,"hostname":"fv-az74-824","name":"@waytrade/microservice-core","msg":"HTTP Server on port 36395 stopped"}
{"level":20,"time":1627425102293,"pid":6110,"hostname":"fv-az74-824","name":"@waytrade/microservice-core","msg":"HTTP Server on port 40527 stopped"}
{"level":30,"time":1627425102293,"pid":6110,"hostname":"fv-az74-824","name":"@waytrade/microservice-core","msg":"App stopped."}
{"level":20,"time":1627425102296,"pid":6110,"hostname":"fv-az74-824","name":"@waytrade/microservice-core","msg":"HTTP Server listening on port 60539"}
{"level":20,"time":1627425102296,"pid":6110,"hostname":"fv-az74-824","name":"@waytrade/microservice-core","msg":"HTTP Server listening on port 43455"}
{"level":30,"time":1627425102296,"pid":6110,"hostname":"fv-az74-824","name":"@waytrade/microservice-core","msg":"API Server started at port 60539"}
{"level":30,"time":1627425102296,"pid":6110,"hostname":"fv-az74-824","name":"@waytrade/microservice-core","msg":"Webhook Callback Server started at port 43455"}
{"level":20,"time":1627425102300,"pid":6110,"hostname":"fv-az74-824","name":"@waytrade/microservice-core","msg":"HTTP post /subscribe -> 201 (0ms)"}
{"level":20,"time":1627425102306,"pid":6110,"hostname":"fv-az74-824","name":"@waytrade/microservice-core","msg":"HTTP post /subscribe -> 201 (1ms)"}
{"level":20,"time":1627425102308,"pid":6110,"hostname":"fv-az74-824","name":"@waytrade/microservice-core","msg":"HTTP Server on port 60539 stopped"}
{"level":20,"time":1627425102308,"pid":6110,"hostname":"fv-az74-824","name":"@waytrade/microservice-core","msg":"HTTP Server on port 43455 stopped"}
{"level":30,"time":1627425102308,"pid":6110,"hostname":"fv-az74-824","name":"@waytrade/microservice-core","msg":"App stopped."}
{"level":20,"time":1627425102310,"pid":6110,"hostname":"fv-az74-824","name":"@waytrade/microservice-core","msg":"HTTP Server listening on port 42615"}
{"level":20,"time":1627425102311,"pid":6110,"hostname":"fv-az74-824","name":"@waytrade/microservice-core","msg":"HTTP Server listening on port 36513"}
{"level":30,"time":1627425102311,"pid":6110,"hostname":"fv-az74-824","name":"@waytrade/microservice-core","msg":"API Server started at port 42615"}
{"level":30,"time":1627425102311,"pid":6110,"hostname":"fv-az74-824","name":"@waytrade/microservice-core","msg":"Webhook Callback Server started at port 36513"}
{"level":20,"time":1627425102314,"pid":6110,"hostname":"fv-az74-824","name":"@waytrade/microservice-core","msg":"HTTP post /subscribe -> 201 (0ms)"}
{"level":20,"time":1627425102320,"pid":6110,"hostname":"fv-az74-824","name":"@waytrade/microservice-core","msg":"HTTP post /unsubscribe -> 200 (1ms)"}
{"level":20,"time":1627425102322,"pid":6110,"hostname":"fv-az74-824","name":"@waytrade/microservice-core","msg":"HTTP Server on port 42615 stopped"}
{"level":20,"time":1627425102322,"pid":6110,"hostname":"fv-az74-824","name":"@waytrade/microservice-core","msg":"HTTP Server on port 36513 stopped"}
{"level":30,"time":1627425102322,"pid":6110,"hostname":"fv-az74-824","name":"@waytrade/microservice-core","msg":"App stopped."}
{"level":20,"time":1627425102324,"pid":6110,"hostname":"fv-az74-824","name":"@waytrade/microservice-core","msg":"HTTP Server listening on port 47279"}
{"level":20,"time":1627425102325,"pid":6110,"hostname":"fv-az74-824","name":"@waytrade/microservice-core","msg":"HTTP Server listening on port 53175"}
{"level":30,"time":1627425102325,"pid":6110,"hostname":"fv-az74-824","name":"@waytrade/microservice-core","msg":"API Server started at port 47279"}
{"level":30,"time":1627425102325,"pid":6110,"hostname":"fv-az74-824","name":"@waytrade/microservice-core","msg":"Webhook Callback Server started at port 53175"}
{"level":20,"time":1627425102328,"pid":6110,"hostname":"fv-az74-824","name":"@waytrade/microservice-core","msg":"HTTP post /unsubscribe -> 400 (0ms)"}
{"level":20,"time":1627425102330,"pid":6110,"hostname":"fv-az74-824","name":"@waytrade/microservice-core","msg":"HTTP Server on port 47279 stopped"}
{"level":20,"time":1627425102330,"pid":6110,"hostname":"fv-az74-824","name":"@waytrade/microservice-core","msg":"HTTP Server on port 53175 stopped"}
{"level":30,"time":1627425102330,"pid":6110,"hostname":"fv-az74-824","name":"@waytrade/microservice-core","msg":"App stopped."}
{"level":20,"time":1627425102332,"pid":6110,"hostname":"fv-az74-824","name":"@waytrade/microservice-core","msg":"HTTP Server listening on port 60571"}
{"level":20,"time":1627425102333,"pid":6110,"hostname":"fv-az74-824","name":"@waytrade/microservice-core","msg":"HTTP Server listening on port 54855"}
{"level":30,"time":1627425102333,"pid":6110,"hostname":"fv-az74-824","name":"@waytrade/microservice-core","msg":"API Server started at port 60571"}
{"level":30,"time":1627425102333,"pid":6110,"hostname":"fv-az74-824","name":"@waytrade/microservice-core","msg":"Webhook Callback Server started at port 54855"}
{"level":20,"time":1627425102339,"pid":6110,"hostname":"fv-az74-824","name":"@waytrade/microservice-core","msg":"HTTP post /unsubscribe -> 404 (0ms)"}
{"level":20,"time":1627425102341,"pid":6110,"hostname":"fv-az74-824","name":"@waytrade/microservice-core","msg":"HTTP Server on port 60571 stopped"}
{"level":20,"time":1627425102341,"pid":6110,"hostname":"fv-az74-824","name":"@waytrade/microservice-core","msg":"HTTP Server on port 54855 stopped"}
{"level":30,"time":1627425102341,"pid":6110,"hostname":"fv-az74-824","name":"@waytrade/microservice-core","msg":"App stopped."}
{"level":20,"time":1627425102343,"pid":6110,"hostname":"fv-az74-824","name":"@waytrade/microservice-core","msg":"HTTP Server listening on port 58665"}
{"level":20,"time":1627425102343,"pid":6110,"hostname":"fv-az74-824","name":"@waytrade/microservice-core","msg":"HTTP Server listening on port 57673"}
{"level":30,"time":1627425102344,"pid":6110,"hostname":"fv-az74-824","name":"@waytrade/microservice-core","msg":"API Server started at port 58665"}
{"level":30,"time":1627425102344,"pid":6110,"hostname":"fv-az74-824","name":"@waytrade/microservice-core","msg":"Webhook Callback Server started at port 57673"}
{"level":20,"time":1627425102347,"pid":6110,"hostname":"fv-az74-824","name":"@waytrade/microservice-core","msg":"HTTP post /subscribe -> 201 (0ms)"}
{"level":20,"time":1627425102356,"pid":6110,"hostname":"fv-az74-824","name":"@waytrade/microservice-core","msg":"HTTP Server on port 58665 stopped"}
{"level":20,"time":1627425102356,"pid":6110,"hostname":"fv-az74-824","name":"@waytrade/microservice-core","msg":"HTTP Server on port 57673 stopped"}
{"level":30,"time":1627425102356,"pid":6110,"hostname":"fv-az74-824","name":"@waytrade/microservice-core","msg":"App stopped."}
{"level":20,"time":1627425102356,"pid":6110,"hostname":"fv-az74-824","name":"@waytrade/microservice-core","msg":"HTTP post /callback -> 200 (0ms)"}
{"level":20,"time":1627425102358,"pid":6110,"hostname":"fv-az74-824","name":"@waytrade/microservice-core","msg":"HTTP Server listening on port 46303"}
{"level":20,"time":1627425102359,"pid":6110,"hostname":"fv-az74-824","name":"@waytrade/microservice-core","msg":"HTTP Server listening on port 43357"}
{"level":30,"time":1627425102359,"pid":6110,"hostname":"fv-az74-824","name":"@waytrade/microservice-core","msg":"API Server started at port 46303"}
{"level":30,"time":1627425102359,"pid":6110,"hostname":"fv-az74-824","name":"@waytrade/microservice-core","msg":"Webhook Callback Server started at port 43357"}
{"level":20,"time":1627425102364,"pid":6110,"hostname":"fv-az74-824","name":"@waytrade/microservice-core","msg":"HTTP post /subscribe -> 201 (0ms)"}
{"level":20,"time":1627425102371,"pid":6110,"hostname":"fv-az74-824","name":"@waytrade/microservice-core","msg":"HTTP Server on port 46303 stopped"}
{"level":20,"time":1627425102371,"pid":6110,"hostname":"fv-az74-824","name":"@waytrade/microservice-core","msg":"HTTP Server on port 43357 stopped"}
{"level":30,"time":1627425102371,"pid":6110,"hostname":"fv-az74-824","name":"@waytrade/microservice-core","msg":"App stopped."}
{"level":20,"time":1627425102371,"pid":6110,"hostname":"fv-az74-824","name":"@waytrade/microservice-core","msg":"HTTP post /callback -> 200 (0ms)"}
{"level":20,"time":1627425102373,"pid":6110,"hostname":"fv-az74-824","name":"@waytrade/microservice-core","msg":"HTTP Server listening on port 39739"}
{"level":20,"time":1627425102374,"pid":6110,"hostname":"fv-az74-824","name":"@waytrade/microservice-core","msg":"HTTP Server listening on port 38135"}
{"level":30,"time":1627425102374,"pid":6110,"hostname":"fv-az74-824","name":"@waytrade/microservice-core","msg":"API Server started at port 39739"}
{"level":30,"time":1627425102374,"pid":6110,"hostname":"fv-az74-824","name":"@waytrade/microservice-core","msg":"Webhook Callback Server started at port 38135"}
{"level":20,"time":1627425102380,"pid":6110,"hostname":"fv-az74-824","name":"@waytrade/microservice-core","msg":"HTTP post /subscribe -> 201 (0ms)"}
{"level":20,"time":1627425102388,"pid":6110,"hostname":"fv-az74-824","name":"@waytrade/microservice-core","msg":"HTTP post /callback -> 418 (1ms)"}
{"level":20,"time":1627425102392,"pid":6110,"hostname":"fv-az74-824","name":"@waytrade/microservice-core","msg":"HTTP post /subscribe -> 201 (0ms)"}
{"level":20,"time":1627425102394,"pid":6110,"hostname":"fv-az74-824","name":"@waytrade/microservice-core","msg":"HTTP Server on port 39739 stopped"}
{"level":20,"time":1627425102394,"pid":6110,"hostname":"fv-az74-824","name":"@waytrade/microservice-core","msg":"HTTP Server on port 38135 stopped"}
{"level":30,"time":1627425102394,"pid":6110,"hostname":"fv-az74-824","name":"@waytrade/microservice-core","msg":"App stopped."}
{"level":20,"time":1627425102396,"pid":6110,"hostname":"fv-az74-824","name":"@waytrade/microservice-core","msg":"HTTP Server listening on port 36729"}
{"level":20,"time":1627425102397,"pid":6110,"hostname":"fv-az74-824","name":"@waytrade/microservice-core","msg":"HTTP Server listening on port 42843"}
{"level":30,"time":1627425102397,"pid":6110,"hostname":"fv-az74-824","name":"@waytrade/microservice-core","msg":"API Server started at port 36729"}
{"level":30,"time":1627425102397,"pid":6110,"hostname":"fv-az74-824","name":"@waytrade/microservice-core","msg":"Webhook Callback Server started at port 42843"}
{"level":20,"time":1627425102400,"pid":6110,"hostname":"fv-az74-824","name":"@waytrade/microservice-core","msg":"HTTP post /subscribe -> 201 (0ms)"}
{"level":20,"time":1627425102405,"pid":6110,"hostname":"fv-az74-824","name":"@waytrade/microservice-core","msg":"HTTP post /subscribe -> 201 (0ms)"}
{"level":20,"time":1627425102412,"pid":6110,"hostname":"fv-az74-824","name":"@waytrade/microservice-core","msg":"HTTP Server on port 36729 stopped"}
{"level":20,"time":1627425102412,"pid":6110,"hostname":"fv-az74-824","name":"@waytrade/microservice-core","msg":"HTTP Server on port 42843 stopped"}
{"level":30,"time":1627425102412,"pid":6110,"hostname":"fv-az74-824","name":"@waytrade/microservice-core","msg":"App stopped."}
{"level":20,"time":1627425102873,"pid":6110,"hostname":"fv-az74-824","name":"@waytrade/microservice-core","msg":"HTTP Server listening on port 33705"}
{"level":20,"time":1627425102888,"pid":6110,"hostname":"fv-az74-824","name":"@waytrade/microservice-core","msg":"HTTP get /api/test/ -> 200 (0ms)"}
{"level":20,"time":1627425102891,"pid":6110,"hostname":"fv-az74-824","name":"@waytrade/microservice-core","msg":"HTTP Server on port 33705 stopped"}
{"level":20,"time":1627425102892,"pid":6110,"hostname":"fv-az74-824","name":"@waytrade/microservice-core","msg":"HTTP Server listening on port 41585"}
{"level":20,"time":1627425102895,"pid":6110,"hostname":"fv-az74-824","name":"@waytrade/microservice-core","msg":"HTTP get /api/test/error -> 418 (0ms)"}
{"level":20,"time":1627425102897,"pid":6110,"hostname":"fv-az74-824","name":"@waytrade/microservice-core","msg":"HTTP Server on port 41585 stopped"}
{"level":20,"time":1627425102899,"pid":6110,"hostname":"fv-az74-824","name":"@waytrade/microservice-core","msg":"HTTP Server listening on port 43411"}
{"level":20,"time":1627425102949,"pid":6110,"hostname":"fv-az74-824","name":"@waytrade/microservice-core","msg":"HTTP get /api/test/serverError -> 500 (48ms)"}
{"level":20,"time":1627425102952,"pid":6110,"hostname":"fv-az74-824","name":"@waytrade/microservice-core","msg":"HTTP Server on port 43411 stopped"}
{"level":20,"time":1627425102953,"pid":6110,"hostname":"fv-az74-824","name":"@waytrade/microservice-core","msg":"HTTP Server listening on port 44339"}
{"level":20,"time":1627425102966,"pid":6110,"hostname":"fv-az74-824","name":"@waytrade/microservice-core","msg":"HTTP put /api/test/ -> 200 (0ms)"}
{"level":20,"time":1627425102972,"pid":6110,"hostname":"fv-az74-824","name":"@waytrade/microservice-core","msg":"HTTP Server on port 44339 stopped"}
{"level":20,"time":1627425102990,"pid":6110,"hostname":"fv-az74-824","name":"@waytrade/microservice-core","msg":"HTTP Server listening on port 36783"}
{"level":20,"time":1627425102995,"pid":6110,"hostname":"fv-az74-824","name":"@waytrade/microservice-core","msg":"HTTP put /api/test/error -> 418 (0ms)"}
{"level":20,"time":1627425103015,"pid":6110,"hostname":"fv-az74-824","name":"@waytrade/microservice-core","msg":"HTTP Server on port 36783 stopped"}
{"level":20,"time":1627425103018,"pid":6110,"hostname":"fv-az74-824","name":"@waytrade/microservice-core","msg":"HTTP Server listening on port 50471"}
{"level":20,"time":1627425103057,"pid":6110,"hostname":"fv-az74-824","name":"@waytrade/microservice-core","msg":"HTTP post /api/test/ -> 200 (16ms)"}
{"level":20,"time":1627425103062,"pid":6110,"hostname":"fv-az74-824","name":"@waytrade/microservice-core","msg":"HTTP Server on port 50471 stopped"}
{"level":20,"time":1627425103065,"pid":6110,"hostname":"fv-az74-824","name":"@waytrade/microservice-core","msg":"HTTP Server listening on port 57877"}
{"level":20,"time":1627425103082,"pid":6110,"hostname":"fv-az74-824","name":"@waytrade/microservice-core","msg":"HTTP post /api/test/error -> 418 (0ms)"}
{"level":20,"time":1627425103099,"pid":6110,"hostname":"fv-az74-824","name":"@waytrade/microservice-core","msg":"HTTP Server on port 57877 stopped"}
{"level":20,"time":1627425103102,"pid":6110,"hostname":"fv-az74-824","name":"@waytrade/microservice-core","msg":"HTTP Server listening on port 46013"}
{"level":20,"time":1627425103119,"pid":6110,"hostname":"fv-az74-824","name":"@waytrade/microservice-core","msg":"HTTP patch /api/test/ -> 200 (0ms)"}
{"level":20,"time":1627425103122,"pid":6110,"hostname":"fv-az74-824","name":"@waytrade/microservice-core","msg":"HTTP Server on port 46013 stopped"}
{"level":20,"time":1627425103123,"pid":6110,"hostname":"fv-az74-824","name":"@waytrade/microservice-core","msg":"HTTP Server listening on port 36209"}
{"level":20,"time":1627425103142,"pid":6110,"hostname":"fv-az74-824","name":"@waytrade/microservice-core","msg":"HTTP patch /api/test/error -> 418 (0ms)"}
{"level":20,"time":1627425103145,"pid":6110,"hostname":"fv-az74-824","name":"@waytrade/microservice-core","msg":"HTTP Server on port 36209 stopped"}
{"level":20,"time":1627425103146,"pid":6110,"hostname":"fv-az74-824","name":"@waytrade/microservice-core","msg":"HTTP Server listening on port 36211"}
{"level":20,"time":1627425103157,"pid":6110,"hostname":"fv-az74-824","name":"@waytrade/microservice-core","msg":"HTTP delete /api/test/ -> 200 (0ms)"}
{"level":20,"time":1627425103166,"pid":6110,"hostname":"fv-az74-824","name":"@waytrade/microservice-core","msg":"HTTP Server on port 36211 stopped"}
{"level":20,"time":1627425103167,"pid":6110,"hostname":"fv-az74-824","name":"@waytrade/microservice-core","msg":"HTTP Server listening on port 60541"}
{"level":20,"time":1627425103170,"pid":6110,"hostname":"fv-az74-824","name":"@waytrade/microservice-core","msg":"HTTP delete /api/test/error -> 418 (0ms)"}
{"level":20,"time":1627425103172,"pid":6110,"hostname":"fv-az74-824","name":"@waytrade/microservice-core","msg":"HTTP Server on port 60541 stopped"}
{"level":20,"time":1627425103784,"pid":6110,"hostname":"fv-az74-824","name":"@waytrade/microservice-core","msg":"HTTP Server listening on port 57983"}
{"level":20,"time":1627425103790,"pid":6110,"hostname":"fv-az74-824","name":"@waytrade/microservice-core","msg":"HTTP get /api/test/ -> 200 (0ms)"}
{"level":20,"time":1627425103792,"pid":6110,"hostname":"fv-az74-824","name":"@waytrade/microservice-core","msg":"HTTP Server on port 57983 stopped"}
{"level":20,"time":1627425103794,"pid":6110,"hostname":"fv-az74-824","name":"@waytrade/microservice-core","msg":"HTTP Server listening on port 44251"}
{"level":20,"time":1627425103806,"pid":6110,"hostname":"fv-az74-824","name":"@waytrade/microservice-core","msg":"HTTP get /api/test/notImplemented -> 501 (0ms)"}
{"level":20,"time":1627425103808,"pid":6110,"hostname":"fv-az74-824","name":"@waytrade/microservice-core","msg":"HTTP Server on port 44251 stopped"}
{"level":20,"time":1627425103809,"pid":6110,"hostname":"fv-az74-824","name":"@waytrade/microservice-core","msg":"HTTP Server listening on port 47963"}
{"level":20,"time":1627425103813,"pid":6110,"hostname":"fv-az74-824","name":"@waytrade/microservice-core","msg":"HTTP put /api/test/ -> 200 (0ms)"}
{"level":20,"time":1627425103815,"pid":6110,"hostname":"fv-az74-824","name":"@waytrade/microservice-core","msg":"HTTP Server on port 47963 stopped"}
{"level":20,"time":1627425103817,"pid":6110,"hostname":"fv-az74-824","name":"@waytrade/microservice-core","msg":"HTTP Server listening on port 37957"}
{"level":20,"time":1627425103820,"pid":6110,"hostname":"fv-az74-824","name":"@waytrade/microservice-core","msg":"HTTP put /api/test/notImplemented -> 501 (0ms)"}
{"level":20,"time":1627425103822,"pid":6110,"hostname":"fv-az74-824","name":"@waytrade/microservice-core","msg":"HTTP Server on port 37957 stopped"}
{"level":20,"time":1627425103823,"pid":6110,"hostname":"fv-az74-824","name":"@waytrade/microservice-core","msg":"HTTP Server listening on port 47705"}
{"level":20,"time":1627425103827,"pid":6110,"hostname":"fv-az74-824","name":"@waytrade/microservice-core","msg":"HTTP post /api/test/ -> 200 (1ms)"}
{"level":20,"time":1627425103829,"pid":6110,"hostname":"fv-az74-824","name":"@waytrade/microservice-core","msg":"HTTP Server on port 47705 stopped"}
{"level":20,"time":1627425103830,"pid":6110,"hostname":"fv-az74-824","name":"@waytrade/microservice-core","msg":"HTTP Server listening on port 60385"}
{"level":20,"time":1627425103839,"pid":6110,"hostname":"fv-az74-824","name":"@waytrade/microservice-core","msg":"HTTP post /api/test/notImplemented -> 501 (0ms)"}
{"level":20,"time":1627425103841,"pid":6110,"hostname":"fv-az74-824","name":"@waytrade/microservice-core","msg":"HTTP Server on port 60385 stopped"}
{"level":20,"time":1627425103843,"pid":6110,"hostname":"fv-az74-824","name":"@waytrade/microservice-core","msg":"HTTP Server listening on port 43471"}
{"level":20,"time":1627425103846,"pid":6110,"hostname":"fv-az74-824","name":"@waytrade/microservice-core","msg":"HTTP patch /api/test/ -> 200 (0ms)"}
{"level":20,"time":1627425103848,"pid":6110,"hostname":"fv-az74-824","name":"@waytrade/microservice-core","msg":"HTTP Server on port 43471 stopped"}
{"level":20,"time":1627425103850,"pid":6110,"hostname":"fv-az74-824","name":"@waytrade/microservice-core","msg":"HTTP Server listening on port 32781"}
{"level":20,"time":1627425103853,"pid":6110,"hostname":"fv-az74-824","name":"@waytrade/microservice-core","msg":"HTTP post /api/test/notImplemented -> 501 (1ms)"}
{"level":20,"time":1627425103855,"pid":6110,"hostname":"fv-az74-824","name":"@waytrade/microservice-core","msg":"HTTP Server on port 32781 stopped"}
{"level":20,"time":1627425103856,"pid":6110,"hostname":"fv-az74-824","name":"@waytrade/microservice-core","msg":"HTTP Server listening on port 41715"}
{"level":20,"time":1627425103859,"pid":6110,"hostname":"fv-az74-824","name":"@waytrade/microservice-core","msg":"HTTP delete /api/test/ -> 200 (0ms)"}
{"level":20,"time":1627425103862,"pid":6110,"hostname":"fv-az74-824","name":"@waytrade/microservice-core","msg":"HTTP Server on port 41715 stopped"}
{"level":20,"time":1627425103863,"pid":6110,"hostname":"fv-az74-824","name":"@waytrade/microservice-core","msg":"HTTP Server listening on port 36443"}
{"level":20,"time":1627425103866,"pid":6110,"hostname":"fv-az74-824","name":"@waytrade/microservice-core","msg":"HTTP post /api/test/notImplemented -> 501 (0ms)"}
{"level":20,"time":1627425103868,"pid":6110,"hostname":"fv-az74-824","name":"@waytrade/microservice-core","msg":"HTTP Server on port 36443 stopped"}
{"level":20,"time":1627425104373,"pid":6110,"hostname":"fv-az74-824","name":"@waytrade/microservice-core","msg":"Debug message"}
{"level":30,"time":1627425104375,"pid":6110,"hostname":"fv-az74-824","name":"@waytrade/microservice-core","msg":"Info message"}
{"level":40,"time":1627425104376,"pid":6110,"hostname":"fv-az74-824","name":"@waytrade/microservice-core","msg":"Warning message"}
{"level":50,"time":1627425104376,"pid":6110,"hostname":"fv-az74-824","name":"@waytrade/microservice-core","msg":"Error message"}
{"level":30,"time":1627425104378,"pid":6110,"hostname":"fv-az74-824","name":"@waytrade/microservice-core","msg":"Info message"}
{"level":40,"time":1627425104379,"pid":6110,"hostname":"fv-az74-824","name":"@waytrade/microservice-core","msg":"Warning message"}
{"level":50,"time":1627425104379,"pid":6110,"hostname":"fv-az74-824","name":"@waytrade/microservice-core","msg":"Error message"}
{"level":40,"time":1627425104381,"pid":6110,"hostname":"fv-az74-824","name":"@waytrade/microservice-core","msg":"Warning message"}
{"level":50,"time":1627425104381,"pid":6110,"hostname":"fv-az74-824","name":"@waytrade/microservice-core","msg":"Error message"}
{"level":50,"time":1627425104383,"pid":6110,"hostname":"fv-az74-824","name":"@waytrade/microservice-core","msg":"Error message"}
{"level":20,"time":1627425104400,"pid":6110,"hostname":"fv-az74-824","name":"@waytrade/microservice-core","msg":"Debug message"}
{"level":30,"time":1627425104400,"pid":6110,"hostname":"fv-az74-824","name":"@waytrade/microservice-core","msg":"Info message"}
{"level":40,"time":1627425104401,"pid":6110,"hostname":"fv-az74-824","name":"@waytrade/microservice-core","msg":"Warning message"}
{"level":50,"time":1627425104401,"pid":6110,"hostname":"fv-az74-824","name":"@waytrade/microservice-core","msg":"Error message"}
{"level":20,"time":1627425104717,"pid":6110,"hostname":"fv-az74-824","name":"@waytrade/microservice-core","msg":"HTTP Server listening on port 46807"}
{"level":30,"time":1627425104718,"pid":6110,"hostname":"fv-az74-824","name":"@waytrade/microservice-core","msg":"API Server started at port 46807"}
{"level":20,"time":1627425104718,"pid":6110,"hostname":"fv-az74-824","name":"@waytrade/microservice-core","msg":"HTTP Server on port 46807 stopped"}
{"level":30,"time":1627425104718,"pid":6110,"hostname":"fv-az74-824","name":"@waytrade/microservice-core","msg":"App stopped."}
{"level":30,"time":1627425104720,"pid":6110,"hostname":"fv-az74-824","name":"@waytrade/microservice-core","msg":"Starting App..."}
{"level":20,"time":1627425104729,"pid":6110,"hostname":"fv-az74-824","name":"@waytrade/microservice-core","msg":"HTTP Server listening on port 42505"}
{"level":30,"time":1627425104729,"pid":6110,"hostname":"fv-az74-824","name":"@waytrade/microservice-core","msg":"API Server started at port 42505"}
{"level":20,"time":1627425104729,"pid":6110,"hostname":"fv-az74-824","name":"@waytrade/microservice-core","msg":"HTTP Server on port 42505 stopped"}
{"level":30,"time":1627425104729,"pid":6110,"hostname":"fv-az74-824","name":"@waytrade/microservice-core","msg":"App stopped."}
{"level":20,"time":1627425104731,"pid":6110,"hostname":"fv-az74-824","name":"@waytrade/microservice-core","msg":"HTTP Server listening on port 49729"}
{"level":30,"time":1627425104731,"pid":6110,"hostname":"fv-az74-824","name":"@waytrade/microservice-core","msg":"API Server started at port 49729"}
{"level":20,"time":1627425104732,"pid":6110,"hostname":"fv-az74-824","name":"@waytrade/microservice-core","msg":"HTTP Server on port 49729 stopped"}
{"level":30,"time":1627425104732,"pid":6110,"hostname":"fv-az74-824","name":"@waytrade/microservice-core","msg":"App stopped."}
{"level":20,"time":1627425104734,"pid":6110,"hostname":"fv-az74-824","name":"@waytrade/microservice-core","msg":"HTTP Server listening on port 57693"}
{"level":30,"time":1627425104734,"pid":6110,"hostname":"fv-az74-824","name":"@waytrade/microservice-core","msg":"API Server started at port 57693"}
{"level":20,"time":1627425104734,"pid":6110,"hostname":"fv-az74-824","name":"@waytrade/microservice-core","msg":"HTTP Server on port 57693 stopped"}
{"level":30,"time":1627425104734,"pid":6110,"hostname":"fv-az74-824","name":"@waytrade/microservice-core","msg":"App stopped."}
{"level":20,"time":1627425104737,"pid":6110,"hostname":"fv-az74-824","name":"@waytrade/microservice-core","msg":"HTTP Server listening on port 42389"}
{"level":30,"time":1627425104737,"pid":6110,"hostname":"fv-az74-824","name":"@waytrade/microservice-core","msg":"API Server started at port 42389"}
{"level":20,"time":1627425104738,"pid":6110,"hostname":"fv-az74-824","name":"@waytrade/microservice-core","msg":"HTTP Server on port 42389 stopped"}
{"level":30,"time":1627425104738,"pid":6110,"hostname":"fv-az74-824","name":"@waytrade/microservice-core","msg":"App stopped."}
{"level":20,"time":1627425104741,"pid":6110,"hostname":"fv-az74-824","name":"@waytrade/microservice-core","msg":"HTTP Server listening on port 34637"}
{"level":30,"time":1627425104741,"pid":6110,"hostname":"fv-az74-824","name":"@waytrade/microservice-core","msg":"API Server started at port 34637"}
{"level":20,"time":1627425104746,"pid":6110,"hostname":"fv-az74-824","name":"@waytrade/microservice-core","msg":"HTTP get /test/get/ -> 200 (0ms)"}
{"level":20,"time":1627425104748,"pid":6110,"hostname":"fv-az74-824","name":"@waytrade/microservice-core","msg":"HTTP Server on port 34637 stopped"}
{"level":30,"time":1627425104748,"pid":6110,"hostname":"fv-az74-824","name":"@waytrade/microservice-core","msg":"App stopped."}
{"level":30,"time":1627425104750,"pid":6110,"hostname":"fv-az74-824","name":"@waytrade/microservice-core","msg":"Starting App..."}
{"level":20,"time":1627425104751,"pid":6110,"hostname":"fv-az74-824","name":"@waytrade/microservice-core","msg":"HTTP Server listening on port 41957"}
{"level":30,"time":1627425104751,"pid":6110,"hostname":"fv-az74-824","name":"@waytrade/microservice-core","msg":"API Server started at port 41957"}
{"level":20,"time":1627425104751,"pid":6110,"hostname":"fv-az74-824","name":"@waytrade/microservice-core","msg":"Debug message"}
{"level":30,"time":1627425104751,"pid":6110,"hostname":"fv-az74-824","name":"@waytrade/microservice-core","msg":"Info message"}
{"level":40,"time":1627425104751,"pid":6110,"hostname":"fv-az74-824","name":"@waytrade/microservice-core","msg":"Warning message"}
{"level":50,"time":1627425104751,"pid":6110,"hostname":"fv-az74-824","name":"@waytrade/microservice-core","msg":"Error message"}
{"level":20,"time":1627425104751,"pid":6110,"hostname":"fv-az74-824","name":"@waytrade/microservice-core","msg":"HTTP Server on port 41957 stopped"}
{"level":30,"time":1627425104752,"pid":6110,"hostname":"fv-az74-824","name":"@waytrade/microservice-core","msg":"App stopped."}
{"level":20,"time":1627425105085,"pid":6110,"hostname":"fv-az74-824","name":"@waytrade/microservice-core","msg":"HTTP Server listening on port 42863"}
{"level":20,"time":1627425105086,"pid":6110,"hostname":"fv-az74-824","name":"@waytrade/microservice-core","msg":"HTTP Server listening on port 40037"}
{"level":30,"time":1627425105086,"pid":6110,"hostname":"fv-az74-824","name":"@waytrade/microservice-core","msg":"API Server started at port 42863"}
{"level":30,"time":1627425105086,"pid":6110,"hostname":"fv-az74-824","name":"@waytrade/microservice-core","msg":"Webhook Callback Server started at port 40037"}
{"level":20,"time":1627425105087,"pid":6110,"hostname":"fv-az74-824","name":"@waytrade/microservice-core","msg":"HTTP Server on port 42863 stopped"}
{"level":20,"time":1627425105087,"pid":6110,"hostname":"fv-az74-824","name":"@waytrade/microservice-core","msg":"HTTP Server on port 40037 stopped"}
{"level":30,"time":1627425105087,"pid":6110,"hostname":"fv-az74-824","name":"@waytrade/microservice-core","msg":"App stopped."}
{"level":20,"time":1627425105090,"pid":6110,"hostname":"fv-az74-824","name":"@waytrade/microservice-core","msg":"HTTP Server listening on port 45027"}
{"level":20,"time":1627425105090,"pid":6110,"hostname":"fv-az74-824","name":"@waytrade/microservice-core","msg":"HTTP Server listening on port 49335"}
{"level":30,"time":1627425105090,"pid":6110,"hostname":"fv-az74-824","name":"@waytrade/microservice-core","msg":"API Server started at port 45027"}
{"level":30,"time":1627425105091,"pid":6110,"hostname":"fv-az74-824","name":"@waytrade/microservice-core","msg":"Webhook Callback Server started at port 49335"}
{"level":20,"time":1627425105091,"pid":6110,"hostname":"fv-az74-824","name":"@waytrade/microservice-core","msg":"HTTP Server on port 45027 stopped"}
{"level":20,"time":1627425105091,"pid":6110,"hostname":"fv-az74-824","name":"@waytrade/microservice-core","msg":"HTTP Server on port 49335 stopped"}
{"level":30,"time":1627425105091,"pid":6110,"hostname":"fv-az74-824","name":"@waytrade/microservice-core","msg":"App stopped."}
{"level":20,"time":1627425105094,"pid":6110,"hostname":"fv-az74-824","name":"@waytrade/microservice-core","msg":"HTTP Server listening on port 57231"}
{"level":20,"time":1627425105095,"pid":6110,"hostname":"fv-az74-824","name":"@waytrade/microservice-core","msg":"HTTP Server listening on port 60867"}
{"level":20,"time":1627425105095,"pid":6110,"hostname":"fv-az74-824","name":"@waytrade/microservice-core","msg":"HTTP Server on port 57231 stopped"}
{"level":20,"time":1627425105095,"pid":6110,"hostname":"fv-az74-824","name":"@waytrade/microservice-core","msg":"HTTP Server on port 60867 stopped"}
{"level":30,"time":1627425105095,"pid":6110,"hostname":"fv-az74-824","name":"@waytrade/microservice-core","msg":"App stopped."}
{"level":20,"time":1627425105097,"pid":6110,"hostname":"fv-az74-824","name":"@waytrade/microservice-core","msg":"HTTP Server listening on port 41613"}
{"level":20,"time":1627425105098,"pid":6110,"hostname":"fv-az74-824","name":"@waytrade/microservice-core","msg":"HTTP Server listening on port 40037"}
{"level":20,"time":1627425105098,"pid":6110,"hostname":"fv-az74-824","name":"@waytrade/microservice-core","msg":"HTTP Server on port 41613 stopped"}
{"level":20,"time":1627425105098,"pid":6110,"hostname":"fv-az74-824","name":"@waytrade/microservice-core","msg":"HTTP Server on port 40037 stopped"}
{"level":30,"time":1627425105098,"pid":6110,"hostname":"fv-az74-824","name":"@waytrade/microservice-core","msg":"App stopped."}
{"level":20,"time":1627425105100,"pid":6110,"hostname":"fv-az74-824","name":"@waytrade/microservice-core","msg":"HTTP Server listening on port 42491"}
{"level":20,"time":1627425105100,"pid":6110,"hostname":"fv-az74-824","name":"@waytrade/microservice-core","msg":"HTTP Server listening on port 53289"}
{"level":20,"time":1627425105101,"pid":6110,"hostname":"fv-az74-824","name":"@waytrade/microservice-core","msg":"HTTP Server on port 42491 stopped"}
{"level":20,"time":1627425105101,"pid":6110,"hostname":"fv-az74-824","name":"@waytrade/microservice-core","msg":"HTTP Server on port 53289 stopped"}
{"level":30,"time":1627425105101,"pid":6110,"hostname":"fv-az74-824","name":"@waytrade/microservice-core","msg":"App stopped."}
{"level":20,"time":1627425105103,"pid":6110,"hostname":"fv-az74-824","name":"@waytrade/microservice-core","msg":"HTTP Server listening on port 40161"}
{"level":20,"time":1627425105103,"pid":6110,"hostname":"fv-az74-824","name":"@waytrade/microservice-core","msg":"HTTP Server listening on port 39025"}
{"level":20,"time":1627425105104,"pid":6110,"hostname":"fv-az74-824","name":"@waytrade/microservice-core","msg":"HTTP Server on port 40161 stopped"}
{"level":20,"time":1627425105104,"pid":6110,"hostname":"fv-az74-824","name":"@waytrade/microservice-core","msg":"HTTP Server on port 39025 stopped"}
{"level":30,"time":1627425105104,"pid":6110,"hostname":"fv-az74-824","name":"@waytrade/microservice-core","msg":"App stopped."}
{"level":20,"time":1627425105414,"pid":6110,"hostname":"fv-az74-824","name":"@waytrade/microservice-core","msg":"HTTP Server listening on port 57065"}
{"level":30,"time":1627425105415,"pid":6110,"hostname":"fv-az74-824","name":"@waytrade/microservice-core","msg":"API Server started at port 57065"}
{"level":20,"time":1627425105416,"pid":6110,"hostname":"fv-az74-824","name":"@waytrade/microservice-core","msg":"HTTP Server on port 57065 stopped"}
{"level":30,"time":1627425105416,"pid":6110,"hostname":"fv-az74-824","name":"@waytrade/microservice-core","msg":"App stopped."}
{"level":20,"time":1627425105419,"pid":6110,"hostname":"fv-az74-824","name":"@waytrade/microservice-core","msg":"HTTP Server listening on port 54565"}
{"level":30,"time":1627425105419,"pid":6110,"hostname":"fv-az74-824","name":"@waytrade/microservice-core","msg":"API Server started at port 54565"}
{"level":20,"time":1627425105420,"pid":6110,"hostname":"fv-az74-824","name":"@waytrade/microservice-core","msg":"HTTP Server on port 54565 stopped"}
{"level":30,"time":1627425105420,"pid":6110,"hostname":"fv-az74-824","name":"@waytrade/microservice-core","msg":"App stopped."}
{"level":20,"time":1627425105422,"pid":6110,"hostname":"fv-az74-824","name":"@waytrade/microservice-core","msg":"HTTP Server listening on port 41075"}
{"level":20,"time":1627425105423,"pid":6110,"hostname":"fv-az74-824","name":"@waytrade/microservice-core","msg":"HTTP Server on port 41075 stopped"}
{"level":30,"time":1627425105423,"pid":6110,"hostname":"fv-az74-824","name":"@waytrade/microservice-core","msg":"App stopped."}
{"level":20,"time":1627425105425,"pid":6110,"hostname":"fv-az74-824","name":"@waytrade/microservice-core","msg":"HTTP Server listening on port 33035"}
{"level":20,"time":1627425105426,"pid":6110,"hostname":"fv-az74-824","name":"@waytrade/microservice-core","msg":"HTTP Server on port 33035 stopped"}
{"level":30,"time":1627425105426,"pid":6110,"hostname":"fv-az74-824","name":"@waytrade/microservice-core","msg":"App stopped."}
{"level":20,"time":1627425105428,"pid":6110,"hostname":"fv-az74-824","name":"@waytrade/microservice-core","msg":"HTTP Server listening on port 57431"}
{"level":20,"time":1627425105429,"pid":6110,"hostname":"fv-az74-824","name":"@waytrade/microservice-core","msg":"HTTP Server on port 57431 stopped"}
{"level":30,"time":1627425105429,"pid":6110,"hostname":"fv-az74-824","name":"@waytrade/microservice-core","msg":"App stopped."}
{"level":20,"time":1627425105431,"pid":6110,"hostname":"fv-az74-824","name":"@waytrade/microservice-core","msg":"HTTP Server listening on port 41869"}
{"level":20,"time":1627425105431,"pid":6110,"hostname":"fv-az74-824","name":"@waytrade/microservice-core","msg":"HTTP Server on port 41869 stopped"}
{"level":30,"time":1627425105431,"pid":6110,"hostname":"fv-az74-824","name":"@waytrade/microservice-core","msg":"App stopped."}
{"level":20,"time":1627425105866,"pid":6110,"hostname":"fv-az74-824","name":"@waytrade/microservice-core","msg":"HTTP Server listening on port 49743"}
{"level":20,"time":1627425105886,"pid":6110,"hostname":"fv-az74-824","name":"@waytrade/microservice-core","msg":"HTTP Server on port 49743 stopped"}
{"level":20,"time":1627425105888,"pid":6110,"hostname":"fv-az74-824","name":"@waytrade/microservice-core","msg":"HTTP Server listening on port 42477"}
{"level":50,"time":1627425105895,"pid":6110,"hostname":"fv-az74-824","name":"@waytrade/microservice-core","msg":"Binary data on websocket not supported."}
{"level":20,"time":1627425105897,"pid":6110,"hostname":"fv-az74-824","name":"@waytrade/microservice-core","msg":"HTTP Server on port 42477 stopped"}
{"level":20,"time":1627425105898,"pid":6110,"hostname":"fv-az74-824","name":"@waytrade/microservice-core","msg":"HTTP Server listening on port 54075"}
{"level":20,"time":1627425105901,"pid":6110,"hostname":"fv-az74-824","name":"@waytrade/microservice-core","msg":"HTTP Server on port 54075 stopped"}
{"level":20,"time":1627425105901,"pid":6110,"hostname":"fv-az74-824","name":"@waytrade/microservice-core","msg":"HTTP Server on port -1 stopped"}
{"level":20,"time":1627425105903,"pid":6110,"hostname":"fv-az74-824","name":"@waytrade/microservice-core","msg":"HTTP Server listening on port 46121"}
{"level":20,"time":1627425106908,"pid":6110,"hostname":"fv-az74-824","name":"@waytrade/microservice-core","msg":"HTTP Server on port 46121 stopped"}
{"level":20,"time":1627425106910,"pid":6110,"hostname":"fv-az74-824","name":"@waytrade/microservice-core","msg":"HTTP Server listening on port 51811"}
{"level":20,"time":1627425107072,"pid":6110,"hostname":"fv-az74-824","name":"@waytrade/microservice-core","msg":"HTTP Server on port 51811 stopped"}
{"level":20,"time":1627425107073,"pid":6110,"hostname":"fv-az74-824","name":"@waytrade/microservice-core","msg":"HTTP Server listening on port 58453"}
{"level":20,"time":1627425107367,"pid":6110,"hostname":"fv-az74-824","name":"@waytrade/microservice-core","msg":"HTTP Server on port 58453 stopped"}
{"level":20,"time":1627425107690,"pid":6110,"hostname":"fv-az74-824","name":"@waytrade/microservice-core","msg":"HTTP Server listening on port 59723"}
{"level":30,"time":1627425107690,"pid":6110,"hostname":"fv-az74-824","name":"@waytrade/microservice-core","msg":"API Server started at port 59723"}
{"level":20,"time":1627425107691,"pid":6110,"hostname":"fv-az74-824","name":"@waytrade/microservice-core","msg":"HTTP Server on port 59723 stopped"}
{"level":30,"time":1627425107691,"pid":6110,"hostname":"fv-az74-824","name":"@waytrade/microservice-core","msg":"App stopped."}
{"level":20,"time":1627425107694,"pid":6110,"hostname":"fv-az74-824","name":"@waytrade/microservice-core","msg":"HTTP Server listening on port 37017"}
{"level":30,"time":1627425107694,"pid":6110,"hostname":"fv-az74-824","name":"@waytrade/microservice-core","msg":"API Server started at port 37017"}
{"level":20,"time":1627425107695,"pid":6110,"hostname":"fv-az74-824","name":"@waytrade/microservice-core","msg":"HTTP Server on port 37017 stopped"}
{"level":30,"time":1627425107695,"pid":6110,"hostname":"fv-az74-824","name":"@waytrade/microservice-core","msg":"App stopped."}
{"level":30,"time":1627425107698,"pid":6110,"hostname":"fv-az74-824","name":"@waytrade/microservice-core","msg":"App stopped."}
{"level":30,"time":1627425107701,"pid":6110,"hostname":"fv-az74-824","name":"@waytrade/microservice-core","msg":"App stopped."}
{"level":30,"time":1627425107722,"pid":6110,"hostname":"fv-az74-824","name":"@waytrade/microservice-core","msg":"App stopped."}
{"level":30,"time":1627425107726,"pid":6110,"hostname":"fv-az74-824","name":"@waytrade/microservice-core","msg":"App stopped."}
{"level":20,"time":1627425108071,"pid":6110,"hostname":"fv-az74-824","name":"@waytrade/microservice-core","msg":"HTTP Server listening on port 49929"}
{"level":20,"time":1627425108072,"pid":6110,"hostname":"fv-az74-824","name":"@waytrade/microservice-core","msg":"HTTP Server on port 49929 stopped"}
{"level":20,"time":1627425108073,"pid":6110,"hostname":"fv-az74-824","name":"@waytrade/microservice-core","msg":"HTTP Server listening on port 3999"}
{"level":20,"time":1627425108074,"pid":6110,"hostname":"fv-az74-824","name":"@waytrade/microservice-core","msg":"HTTP Server on port 3999 stopped"}
{"level":20,"time":1627425108075,"pid":6110,"hostname":"fv-az74-824","name":"@waytrade/microservice-core","msg":"HTTP Server listening on port 55419"}
{"level":20,"time":1627425108080,"pid":6110,"hostname":"fv-az74-824","name":"@waytrade/microservice-core","msg":"/some/invalid/path not found."}
{"level":20,"time":1627425108082,"pid":6110,"hostname":"fv-az74-824","name":"@waytrade/microservice-core","msg":"HTTP Server on port 55419 stopped"}
{"level":20,"time":1627425108083,"pid":6110,"hostname":"fv-az74-824","name":"@waytrade/microservice-core","msg":"HTTP Server listening on port 41317"}
{"level":20,"time":1627425108088,"pid":6110,"hostname":"fv-az74-824","name":"@waytrade/microservice-core","msg":"HTTP Server on port 41317 stopped"}
{"level":20,"time":1627425108090,"pid":6110,"hostname":"fv-az74-824","name":"@waytrade/microservice-core","msg":"HTTP Server listening on port 46227"}
{"level":20,"time":1627425108105,"pid":6110,"hostname":"fv-az74-824","name":"@waytrade/microservice-core","msg":"HTTP Server on port 46227 stopped"}
{"level":20,"time":1627425108106,"pid":6110,"hostname":"fv-az74-824","name":"@waytrade/microservice-core","msg":"HTTP Server listening on port 43921"}
{"level":20,"time":1627425108109,"pid":6110,"hostname":"fv-az74-824","name":"@waytrade/microservice-core","msg":"HTTP get /api/dummy/customResponseHeader -> 200 (0ms)"}
{"level":20,"time":1627425108111,"pid":6110,"hostname":"fv-az74-824","name":"@waytrade/microservice-core","msg":"HTTP Server on port 43921 stopped"}
{"level":20,"time":1627425108360,"pid":6110,"hostname":"fv-az74-824","name":"@waytrade/microservice-core","msg":"HTTP Server listening on port 32791"}
{"level":20,"time":1627425108361,"pid":6110,"hostname":"fv-az74-824","name":"@waytrade/microservice-core","msg":"HTTP Server listening on port 58283"}
{"level":30,"time":1627425108361,"pid":6110,"hostname":"fv-az74-824","name":"@waytrade/microservice-core","msg":"API Server started at port 32791"}
{"level":30,"time":1627425108361,"pid":6110,"hostname":"fv-az74-824","name":"@waytrade/microservice-core","msg":"Webhook Callback Server started at port 58283"}
{"level":20,"time":1627425108375,"pid":6110,"hostname":"fv-az74-824","name":"@waytrade/microservice-core","msg":"HTTP get /api/ -> 200 (0ms)"}
{"level":20,"time":1627425108377,"pid":6110,"hostname":"fv-az74-824","name":"@waytrade/microservice-core","msg":"HTTP Server on port 32791 stopped"}
{"level":20,"time":1627425108377,"pid":6110,"hostname":"fv-az74-824","name":"@waytrade/microservice-core","msg":"HTTP Server on port 58283 stopped"}
{"level":30,"time":1627425108378,"pid":6110,"hostname":"fv-az74-824","name":"@waytrade/microservice-core","msg":"App stopped."}
{"level":20,"time":1627425108380,"pid":6110,"hostname":"fv-az74-824","name":"@waytrade/microservice-core","msg":"HTTP Server listening on port 43953"}
{"level":20,"time":1627425108381,"pid":6110,"hostname":"fv-az74-824","name":"@waytrade/microservice-core","msg":"HTTP Server listening on port 51129"}
{"level":30,"time":1627425108381,"pid":6110,"hostname":"fv-az74-824","name":"@waytrade/microservice-core","msg":"API Server started at port 43953"}
{"level":30,"time":1627425108381,"pid":6110,"hostname":"fv-az74-824","name":"@waytrade/microservice-core","msg":"Webhook Callback Server started at port 51129"}
{"level":20,"time":1627425108384,"pid":6110,"hostname":"fv-az74-824","name":"@waytrade/microservice-core","msg":"HTTP get / -> 200 (0ms)"}
{"level":20,"time":1627425108386,"pid":6110,"hostname":"fv-az74-824","name":"@waytrade/microservice-core","msg":"HTTP Server on port 43953 stopped"}
{"level":20,"time":1627425108386,"pid":6110,"hostname":"fv-az74-824","name":"@waytrade/microservice-core","msg":"HTTP Server on port 51129 stopped"}
{"level":30,"time":1627425108386,"pid":6110,"hostname":"fv-az74-824","name":"@waytrade/microservice-core","msg":"App stopped."}
{"level":20,"time":1627425108388,"pid":6110,"hostname":"fv-az74-824","name":"@waytrade/microservice-core","msg":"HTTP Server listening on port 59993"}
{"level":20,"time":1627425108389,"pid":6110,"hostname":"fv-az74-824","name":"@waytrade/microservice-core","msg":"HTTP Server listening on port 58791"}
{"level":30,"time":1627425108389,"pid":6110,"hostname":"fv-az74-824","name":"@waytrade/microservice-core","msg":"API Server started at port 59993"}
{"level":30,"time":1627425108389,"pid":6110,"hostname":"fv-az74-824","name":"@waytrade/microservice-core","msg":"Webhook Callback Server started at port 58791"}
{"level":20,"time":1627425108391,"pid":6110,"hostname":"fv-az74-824","name":"@waytrade/microservice-core","msg":"HTTP get /api/ -> 200 (0ms)"}
{"level":20,"time":1627425108394,"pid":6110,"hostname":"fv-az74-824","name":"@waytrade/microservice-core","msg":"HTTP Server on port 59993 stopped"}
{"level":20,"time":1627425108394,"pid":6110,"hostname":"fv-az74-824","name":"@waytrade/microservice-core","msg":"HTTP Server on port 58791 stopped"}
{"level":30,"time":1627425108394,"pid":6110,"hostname":"fv-az74-824","name":"@waytrade/microservice-core","msg":"App stopped."}
{"level":20,"time":1627425108396,"pid":6110,"hostname":"fv-az74-824","name":"@waytrade/microservice-core","msg":"HTTP Server listening on port 50893"}
{"level":20,"time":1627425108397,"pid":6110,"hostname":"fv-az74-824","name":"@waytrade/microservice-core","msg":"HTTP Server listening on port 45021"}
{"level":30,"time":1627425108397,"pid":6110,"hostname":"fv-az74-824","name":"@waytrade/microservice-core","msg":"API Server started at port 50893"}
{"level":30,"time":1627425108397,"pid":6110,"hostname":"fv-az74-824","name":"@waytrade/microservice-core","msg":"Webhook Callback Server started at port 45021"}
{"level":20,"time":1627425108398,"pid":6110,"hostname":"fv-az74-824","name":"@waytrade/microservice-core","msg":"HTTP Server on port 50893 stopped"}
{"level":20,"time":1627425108398,"pid":6110,"hostname":"fv-az74-824","name":"@waytrade/microservice-core","msg":"HTTP Server on port 45021 stopped"}
{"level":30,"time":1627425108398,"pid":6110,"hostname":"fv-az74-824","name":"@waytrade/microservice-core","msg":"App stopped."}
{"level":20,"time":1627425108656,"pid":6110,"hostname":"fv-az74-824","name":"@waytrade/microservice-core","msg":"HTTP Server listening on port 58835"}
{"level":20,"time":1627425108657,"pid":6110,"hostname":"fv-az74-824","name":"@waytrade/microservice-core","msg":"HTTP Server listening on port 60777"}
{"level":30,"time":1627425108657,"pid":6110,"hostname":"fv-az74-824","name":"@waytrade/microservice-core","msg":"API Server started at port 58835"}
{"level":30,"time":1627425108657,"pid":6110,"hostname":"fv-az74-824","name":"@waytrade/microservice-core","msg":"Webhook Callback Server started at port 60777"}
{"level":20,"time":1627425108658,"pid":6110,"hostname":"fv-az74-824","name":"@waytrade/microservice-core","msg":"HTTP Server on port 58835 stopped"}
{"level":20,"time":1627425108658,"pid":6110,"hostname":"fv-az74-824","name":"@waytrade/microservice-core","msg":"HTTP Server on port 60777 stopped"}
{"level":30,"time":1627425108658,"pid":6110,"hostname":"fv-az74-824","name":"@waytrade/microservice-core","msg":"App stopped."}
{"level":20,"time":1627425108661,"pid":6110,"hostname":"fv-az74-824","name":"@waytrade/microservice-core","msg":"HTTP Server listening on port 40489"}
{"level":20,"time":1627425108662,"pid":6110,"hostname":"fv-az74-824","name":"@waytrade/microservice-core","msg":"HTTP Server listening on port 43093"}
{"level":30,"time":1627425108662,"pid":6110,"hostname":"fv-az74-824","name":"@waytrade/microservice-core","msg":"API Server started at port 40489"}
{"level":30,"time":1627425108662,"pid":6110,"hostname":"fv-az74-824","name":"@waytrade/microservice-core","msg":"Webhook Callback Server started at port 43093"}
{"level":20,"time":1627425108662,"pid":6110,"hostname":"fv-az74-824","name":"@waytrade/microservice-core","msg":"HTTP Server on port 40489 stopped"}
{"level":20,"time":1627425108662,"pid":6110,"hostname":"fv-az74-824","name":"@waytrade/microservice-core","msg":"HTTP Server on port 43093 stopped"}
{"level":30,"time":1627425108662,"pid":6110,"hostname":"fv-az74-824","name":"@waytrade/microservice-core","msg":"App stopped."}
{"level":20,"time":1627425108665,"pid":6110,"hostname":"fv-az74-824","name":"@waytrade/microservice-core","msg":"HTTP Server listening on port 58371"}
{"level":20,"time":1627425108665,"pid":6110,"hostname":"fv-az74-824","name":"@waytrade/microservice-core","msg":"HTTP Server listening on port 55171"}
{"level":30,"time":1627425108665,"pid":6110,"hostname":"fv-az74-824","name":"@waytrade/microservice-core","msg":"API Server started at port 58371"}
{"level":30,"time":1627425108665,"pid":6110,"hostname":"fv-az74-824","name":"@waytrade/microservice-core","msg":"Webhook Callback Server started at port 55171"}
{"level":20,"time":1627425108666,"pid":6110,"hostname":"fv-az74-824","name":"@waytrade/microservice-core","msg":"HTTP Server on port 58371 stopped"}
{"level":20,"time":1627425108666,"pid":6110,"hostname":"fv-az74-824","name":"@waytrade/microservice-core","msg":"HTTP Server on port 55171 stopped"}
{"level":30,"time":1627425108666,"pid":6110,"hostname":"fv-az74-824","name":"@waytrade/microservice-core","msg":"App stopped."}
{"level":20,"time":1627425108668,"pid":6110,"hostname":"fv-az74-824","name":"@waytrade/microservice-core","msg":"HTTP Server listening on port 42155"}
{"level":20,"time":1627425108669,"pid":6110,"hostname":"fv-az74-824","name":"@waytrade/microservice-core","msg":"HTTP Server listening on port 50613"}
{"level":30,"time":1627425108669,"pid":6110,"hostname":"fv-az74-824","name":"@waytrade/microservice-core","msg":"API Server started at port 42155"}
{"level":30,"time":1627425108669,"pid":6110,"hostname":"fv-az74-824","name":"@waytrade/microservice-core","msg":"Webhook Callback Server started at port 50613"}
{"level":20,"time":1627425108669,"pid":6110,"hostname":"fv-az74-824","name":"@waytrade/microservice-core","msg":"HTTP Server on port 42155 stopped"}
{"level":20,"time":1627425108669,"pid":6110,"hostname":"fv-az74-824","name":"@waytrade/microservice-core","msg":"HTTP Server on port 50613 stopped"}
{"level":30,"time":1627425108669,"pid":6110,"hostname":"fv-az74-824","name":"@waytrade/microservice-core","msg":"App stopped."}
{"level":20,"time":1627425108902,"pid":6110,"hostname":"fv-az74-824","name":"@waytrade/microservice-core","msg":"HTTP Server listening on port 41289"}
{"level":30,"time":1627425108902,"pid":6110,"hostname":"fv-az74-824","name":"@waytrade/microservice-core","msg":"API Server started at port 41289"}
{"level":20,"time":1627425108903,"pid":6110,"hostname":"fv-az74-824","name":"@waytrade/microservice-core","msg":"HTTP Server on port 41289 stopped"}
{"level":30,"time":1627425108903,"pid":6110,"hostname":"fv-az74-824","name":"@waytrade/microservice-core","msg":"App stopped."}
{"level":20,"time":1627425108912,"pid":6110,"hostname":"fv-az74-824","name":"@waytrade/microservice-core","msg":"HTTP Server listening on port 38039"}
{"level":30,"time":1627425108912,"pid":6110,"hostname":"fv-az74-824","name":"@waytrade/microservice-core","msg":"API Server started at port 38039"}
{"level":20,"time":1627425108913,"pid":6110,"hostname":"fv-az74-824","name":"@waytrade/microservice-core","msg":"HTTP Server on port 38039 stopped"}
{"level":30,"time":1627425108913,"pid":6110,"hostname":"fv-az74-824","name":"@waytrade/microservice-core","msg":"App stopped."}
{"level":20,"time":1627425108915,"pid":6110,"hostname":"fv-az74-824","name":"@waytrade/microservice-core","msg":"HTTP Server listening on port 35979"}
{"level":30,"time":1627425108915,"pid":6110,"hostname":"fv-az74-824","name":"@waytrade/microservice-core","msg":"API Server started at port 35979"}
{"level":20,"time":1627425108916,"pid":6110,"hostname":"fv-az74-824","name":"@waytrade/microservice-core","msg":"HTTP Server on port 35979 stopped"}
{"level":30,"time":1627425108916,"pid":6110,"hostname":"fv-az74-824","name":"@waytrade/microservice-core","msg":"App stopped."}
{"level":20,"time":1627425108918,"pid":6110,"hostname":"fv-az74-824","name":"@waytrade/microservice-core","msg":"HTTP Server listening on port 55179"}
{"level":30,"time":1627425108918,"pid":6110,"hostname":"fv-az74-824","name":"@waytrade/microservice-core","msg":"API Server started at port 55179"}
{"level":20,"time":1627425108919,"pid":6110,"hostname":"fv-az74-824","name":"@waytrade/microservice-core","msg":"HTTP Server on port 55179 stopped"}
{"level":30,"time":1627425108919,"pid":6110,"hostname":"fv-az74-824","name":"@waytrade/microservice-core","msg":"App stopped."}
{"level":20,"time":1627425109151,"pid":6110,"hostname":"fv-az74-824","name":"@waytrade/microservice-core","msg":"HTTP Server listening on port 44375"}
{"level":30,"time":1627425109152,"pid":6110,"hostname":"fv-az74-824","name":"@waytrade/microservice-core","msg":"API Server started at port 44375"}
{"level":20,"time":1627425109152,"pid":6110,"hostname":"fv-az74-824","name":"@waytrade/microservice-core","msg":"HTTP Server on port 44375 stopped"}
{"level":30,"time":1627425109153,"pid":6110,"hostname":"fv-az74-824","name":"@waytrade/microservice-core","msg":"App stopped."}
{"level":20,"time":1627425109155,"pid":6110,"hostname":"fv-az74-824","name":"@waytrade/microservice-core","msg":"HTTP Server listening on port 43513"}
{"level":30,"time":1627425109155,"pid":6110,"hostname":"fv-az74-824","name":"@waytrade/microservice-core","msg":"API Server started at port 43513"}
{"level":20,"time":1627425109156,"pid":6110,"hostname":"fv-az74-824","name":"@waytrade/microservice-core","msg":"HTTP Server on port 43513 stopped"}
{"level":30,"time":1627425109156,"pid":6110,"hostname":"fv-az74-824","name":"@waytrade/microservice-core","msg":"App stopped."}
{"level":20,"time":1627425109158,"pid":6110,"hostname":"fv-az74-824","name":"@waytrade/microservice-core","msg":"HTTP Server listening on port 43625"}
{"level":30,"time":1627425109158,"pid":6110,"hostname":"fv-az74-824","name":"@waytrade/microservice-core","msg":"API Server started at port 43625"}
{"level":20,"time":1627425109159,"pid":6110,"hostname":"fv-az74-824","name":"@waytrade/microservice-core","msg":"HTTP Server on port 43625 stopped"}
{"level":30,"time":1627425109159,"pid":6110,"hostname":"fv-az74-824","name":"@waytrade/microservice-core","msg":"App stopped."}
{"level":20,"time":1627425109161,"pid":6110,"hostname":"fv-az74-824","name":"@waytrade/microservice-core","msg":"HTTP Server listening on port 44237"}
{"level":30,"time":1627425109161,"pid":6110,"hostname":"fv-az74-824","name":"@waytrade/microservice-core","msg":"API Server started at port 44237"}
{"level":20,"time":1627425109162,"pid":6110,"hostname":"fv-az74-824","name":"@waytrade/microservice-core","msg":"HTTP Server on port 44237 stopped"}
{"level":30,"time":1627425109162,"pid":6110,"hostname":"fv-az74-824","name":"@waytrade/microservice-core","msg":"App stopped."}
{"level":20,"time":1627425109635,"pid":6110,"hostname":"fv-az74-824","name":"@waytrade/microservice-core","msg":"HTTP Server listening on port 57257"}
{"level":30,"time":1627425109636,"pid":6110,"hostname":"fv-az74-824","name":"@waytrade/microservice-core","msg":"API Server started at port 57257"}
{"level":20,"time":1627425109636,"pid":6110,"hostname":"fv-az74-824","name":"@waytrade/microservice-core","msg":"HTTP Server on port 57257 stopped"}
{"level":30,"time":1627425109636,"pid":6110,"hostname":"fv-az74-824","name":"@waytrade/microservice-core","msg":"App stopped."}
{"level":20,"time":1627425109639,"pid":6110,"hostname":"fv-az74-824","name":"@waytrade/microservice-core","msg":"HTTP Server listening on port 54571"}
{"level":20,"time":1627425109640,"pid":6110,"hostname":"fv-az74-824","name":"@waytrade/microservice-core","msg":"HTTP Server on port 54571 stopped"}
{"level":30,"time":1627425109640,"pid":6110,"hostname":"fv-az74-824","name":"@waytrade/microservice-core","msg":"App stopped."}
{"level":20,"time":1627425109642,"pid":6110,"hostname":"fv-az74-824","name":"@waytrade/microservice-core","msg":"HTTP Server listening on port 51141"}
{"level":20,"time":1627425109643,"pid":6110,"hostname":"fv-az74-824","name":"@waytrade/microservice-core","msg":"HTTP Server on port 51141 stopped"}
{"level":30,"time":1627425109643,"pid":6110,"hostname":"fv-az74-824","name":"@waytrade/microservice-core","msg":"App stopped."}
