{"level":20,"time":1640024095819,"pid":1655,"hostname":"fv-az121-81","name":"@waytrade/microservice-core","msg":"Starting HTTP Server on port 0"}
{"level":20,"time":1640024095821,"pid":1655,"hostname":"fv-az121-81","name":"@waytrade/microservice-core","msg":"HTTP Server listening on port 33981"}
{"level":20,"time":1640024095844,"pid":1655,"hostname":"fv-az121-81","name":"@waytrade/microservice-core","msg":"HTTP get /openapi.json -> 200 (4ms)"}
{"level":20,"time":1640024095848,"pid":1655,"hostname":"fv-az121-81","name":"@waytrade/microservice-core","msg":"HTTP Server on port 33981 stopped"}
{"level":20,"time":1640024095850,"pid":1655,"hostname":"fv-az121-81","name":"@waytrade/microservice-core","msg":"Starting HTTP Server on port 0"}
{"level":20,"time":1640024095850,"pid":1655,"hostname":"fv-az121-81","name":"@waytrade/microservice-core","msg":"HTTP Server listening on port 48459"}
{"level":20,"time":1640024095853,"pid":1655,"hostname":"fv-az121-81","name":"@waytrade/microservice-core","msg":"HTTP get /openapi.json -> 200 (1ms)"}
{"level":20,"time":1640024095872,"pid":1655,"hostname":"fv-az121-81","name":"@waytrade/microservice-core","msg":"HTTP Server on port 48459 stopped"}
{"level":20,"time":1640024095873,"pid":1655,"hostname":"fv-az121-81","name":"@waytrade/microservice-core","msg":"Starting HTTP Server on port 0"}
{"level":20,"time":1640024095873,"pid":1655,"hostname":"fv-az121-81","name":"@waytrade/microservice-core","msg":"HTTP Server listening on port 42945"}
{"level":20,"time":1640024095875,"pid":1655,"hostname":"fv-az121-81","name":"@waytrade/microservice-core","msg":"Starting HTTP Server on port 0"}
{"level":20,"time":1640024095875,"pid":1655,"hostname":"fv-az121-81","name":"@waytrade/microservice-core","msg":"HTTP Server listening on port 36347"}
{"level":20,"time":1640024095877,"pid":1655,"hostname":"fv-az121-81","name":"@waytrade/microservice-core","msg":"HTTP get /openapi.json -> 200 (1ms)"}
{"level":20,"time":1640024095877,"pid":1655,"hostname":"fv-az121-81","name":"@waytrade/microservice-core","msg":"HTTP get / -> 200 (0ms)"}
{"level":20,"time":1640024095881,"pid":1655,"hostname":"fv-az121-81","name":"@waytrade/microservice-core","msg":"HTTP Server on port 42945 stopped"}
{"level":20,"time":1640024095882,"pid":1655,"hostname":"fv-az121-81","name":"@waytrade/microservice-core","msg":"HTTP Server on port 36347 stopped"}
{"level":20,"time":1640024095882,"pid":1655,"hostname":"fv-az121-81","name":"@waytrade/microservice-core","msg":"Starting HTTP Server on port 0"}
{"level":20,"time":1640024095882,"pid":1655,"hostname":"fv-az121-81","name":"@waytrade/microservice-core","msg":"HTTP Server listening on port 38951"}
{"level":20,"time":1640024095885,"pid":1655,"hostname":"fv-az121-81","name":"@waytrade/microservice-core","msg":"HTTP get /swagger-ui.css -> 200 (1ms)"}
{"level":20,"time":1640024095886,"pid":1655,"hostname":"fv-az121-81","name":"@waytrade/microservice-core","msg":"HTTP Server on port 38951 stopped"}
{"level":20,"time":1640024095886,"pid":1655,"hostname":"fv-az121-81","name":"@waytrade/microservice-core","msg":"Starting HTTP Server on port 0"}
{"level":20,"time":1640024095887,"pid":1655,"hostname":"fv-az121-81","name":"@waytrade/microservice-core","msg":"HTTP Server listening on port 34149"}
{"level":20,"time":1640024095895,"pid":1655,"hostname":"fv-az121-81","name":"@waytrade/microservice-core","msg":"HTTP get /swagger-ui-bundle.js -> 200 (7ms)"}
{"level":20,"time":1640024095901,"pid":1655,"hostname":"fv-az121-81","name":"@waytrade/microservice-core","msg":"HTTP Server on port 34149 stopped"}
{"level":20,"time":1640024095902,"pid":1655,"hostname":"fv-az121-81","name":"@waytrade/microservice-core","msg":"Starting HTTP Server on port 0"}
{"level":20,"time":1640024095902,"pid":1655,"hostname":"fv-az121-81","name":"@waytrade/microservice-core","msg":"HTTP Server listening on port 53583"}
{"level":20,"time":1640024095906,"pid":1655,"hostname":"fv-az121-81","name":"@waytrade/microservice-core","msg":"HTTP get /swagger-ui-standalone-preset.js -> 200 (3ms)"}
{"level":20,"time":1640024095908,"pid":1655,"hostname":"fv-az121-81","name":"@waytrade/microservice-core","msg":"HTTP Server on port 53583 stopped"}
{"level":30,"time":1640024098810,"pid":1655,"hostname":"fv-az121-81","name":"@waytrade/microservice-core","msg":"Starting App..."}
{"level":20,"time":1640024098811,"pid":1655,"hostname":"fv-az121-81","name":"@waytrade/microservice-core","msg":"Starting HTTP Server on port 0"}
{"level":20,"time":1640024098812,"pid":1655,"hostname":"fv-az121-81","name":"@waytrade/microservice-core","msg":"HTTP Server listening on port 44647"}
{"level":20,"time":1640024098812,"pid":1655,"hostname":"fv-az121-81","name":"@waytrade/microservice-core","msg":"Starting HTTP Server on port 0"}
{"level":20,"time":1640024098812,"pid":1655,"hostname":"fv-az121-81","name":"@waytrade/microservice-core","msg":"HTTP Server listening on port 54257"}
{"level":30,"time":1640024098812,"pid":1655,"hostname":"fv-az121-81","name":"@waytrade/microservice-core","msg":"API Server started at port 44647"}
{"level":30,"time":1640024098812,"pid":1655,"hostname":"fv-az121-81","name":"@waytrade/microservice-core","msg":"Webhook Callback Server started at port 54257"}
{"level":20,"time":1640024098821,"pid":1655,"hostname":"fv-az121-81","name":"@waytrade/microservice-core","msg":"HTTP post /subscribe -> 400 (1ms)"}
{"level":20,"time":1640024098822,"pid":1655,"hostname":"fv-az121-81","name":"@waytrade/microservice-core","msg":"HTTP Server on port 44647 stopped"}
{"level":20,"time":1640024098823,"pid":1655,"hostname":"fv-az121-81","name":"@waytrade/microservice-core","msg":"HTTP Server on port 54257 stopped"}
{"level":30,"time":1640024098823,"pid":1655,"hostname":"fv-az121-81","name":"@waytrade/microservice-core","msg":"App stopped."}
{"level":30,"time":1640024098824,"pid":1655,"hostname":"fv-az121-81","name":"@waytrade/microservice-core","msg":"Starting App..."}
{"level":20,"time":1640024098824,"pid":1655,"hostname":"fv-az121-81","name":"@waytrade/microservice-core","msg":"Starting HTTP Server on port 0"}
{"level":20,"time":1640024098825,"pid":1655,"hostname":"fv-az121-81","name":"@waytrade/microservice-core","msg":"HTTP Server listening on port 36881"}
{"level":20,"time":1640024098825,"pid":1655,"hostname":"fv-az121-81","name":"@waytrade/microservice-core","msg":"Starting HTTP Server on port 0"}
{"level":20,"time":1640024098825,"pid":1655,"hostname":"fv-az121-81","name":"@waytrade/microservice-core","msg":"HTTP Server listening on port 39943"}
{"level":30,"time":1640024098825,"pid":1655,"hostname":"fv-az121-81","name":"@waytrade/microservice-core","msg":"API Server started at port 36881"}
{"level":30,"time":1640024098825,"pid":1655,"hostname":"fv-az121-81","name":"@waytrade/microservice-core","msg":"Webhook Callback Server started at port 39943"}
{"level":20,"time":1640024098828,"pid":1655,"hostname":"fv-az121-81","name":"@waytrade/microservice-core","msg":"HTTP post /subscribe -> 201 (1ms)"}
{"level":20,"time":1640024098830,"pid":1655,"hostname":"fv-az121-81","name":"@waytrade/microservice-core","msg":"HTTP post /subscribe -> 204 (0ms)"}
{"level":20,"time":1640024098830,"pid":1655,"hostname":"fv-az121-81","name":"@waytrade/microservice-core","msg":"HTTP Server on port 36881 stopped"}
{"level":20,"time":1640024098830,"pid":1655,"hostname":"fv-az121-81","name":"@waytrade/microservice-core","msg":"HTTP Server on port 39943 stopped"}
{"level":30,"time":1640024098830,"pid":1655,"hostname":"fv-az121-81","name":"@waytrade/microservice-core","msg":"App stopped."}
{"level":30,"time":1640024098832,"pid":1655,"hostname":"fv-az121-81","name":"@waytrade/microservice-core","msg":"Starting App..."}
{"level":20,"time":1640024098832,"pid":1655,"hostname":"fv-az121-81","name":"@waytrade/microservice-core","msg":"Starting HTTP Server on port 0"}
{"level":20,"time":1640024098832,"pid":1655,"hostname":"fv-az121-81","name":"@waytrade/microservice-core","msg":"HTTP Server listening on port 32787"}
{"level":20,"time":1640024098832,"pid":1655,"hostname":"fv-az121-81","name":"@waytrade/microservice-core","msg":"Starting HTTP Server on port 0"}
{"level":20,"time":1640024098832,"pid":1655,"hostname":"fv-az121-81","name":"@waytrade/microservice-core","msg":"HTTP Server listening on port 41189"}
{"level":30,"time":1640024098832,"pid":1655,"hostname":"fv-az121-81","name":"@waytrade/microservice-core","msg":"API Server started at port 32787"}
{"level":30,"time":1640024098832,"pid":1655,"hostname":"fv-az121-81","name":"@waytrade/microservice-core","msg":"Webhook Callback Server started at port 41189"}
{"level":20,"time":1640024098834,"pid":1655,"hostname":"fv-az121-81","name":"@waytrade/microservice-core","msg":"HTTP post /subscribe -> 201 (0ms)"}
{"level":20,"time":1640024098836,"pid":1655,"hostname":"fv-az121-81","name":"@waytrade/microservice-core","msg":"HTTP post /subscribe -> 201 (0ms)"}
{"level":20,"time":1640024098837,"pid":1655,"hostname":"fv-az121-81","name":"@waytrade/microservice-core","msg":"HTTP Server on port 32787 stopped"}
{"level":20,"time":1640024098837,"pid":1655,"hostname":"fv-az121-81","name":"@waytrade/microservice-core","msg":"HTTP Server on port 41189 stopped"}
{"level":30,"time":1640024098837,"pid":1655,"hostname":"fv-az121-81","name":"@waytrade/microservice-core","msg":"App stopped."}
{"level":30,"time":1640024098838,"pid":1655,"hostname":"fv-az121-81","name":"@waytrade/microservice-core","msg":"Starting App..."}
{"level":20,"time":1640024098838,"pid":1655,"hostname":"fv-az121-81","name":"@waytrade/microservice-core","msg":"Starting HTTP Server on port 0"}
{"level":20,"time":1640024098838,"pid":1655,"hostname":"fv-az121-81","name":"@waytrade/microservice-core","msg":"HTTP Server listening on port 36403"}
{"level":20,"time":1640024098838,"pid":1655,"hostname":"fv-az121-81","name":"@waytrade/microservice-core","msg":"Starting HTTP Server on port 0"}
{"level":20,"time":1640024098838,"pid":1655,"hostname":"fv-az121-81","name":"@waytrade/microservice-core","msg":"HTTP Server listening on port 47565"}
{"level":30,"time":1640024098838,"pid":1655,"hostname":"fv-az121-81","name":"@waytrade/microservice-core","msg":"API Server started at port 36403"}
{"level":30,"time":1640024098839,"pid":1655,"hostname":"fv-az121-81","name":"@waytrade/microservice-core","msg":"Webhook Callback Server started at port 47565"}
{"level":20,"time":1640024098840,"pid":1655,"hostname":"fv-az121-81","name":"@waytrade/microservice-core","msg":"HTTP post /subscribe -> 201 (0ms)"}
{"level":20,"time":1640024098842,"pid":1655,"hostname":"fv-az121-81","name":"@waytrade/microservice-core","msg":"HTTP post /unsubscribe -> 200 (1ms)"}
{"level":20,"time":1640024098842,"pid":1655,"hostname":"fv-az121-81","name":"@waytrade/microservice-core","msg":"HTTP Server on port 36403 stopped"}
{"level":20,"time":1640024098842,"pid":1655,"hostname":"fv-az121-81","name":"@waytrade/microservice-core","msg":"HTTP Server on port 47565 stopped"}
{"level":30,"time":1640024098842,"pid":1655,"hostname":"fv-az121-81","name":"@waytrade/microservice-core","msg":"App stopped."}
{"level":30,"time":1640024098843,"pid":1655,"hostname":"fv-az121-81","name":"@waytrade/microservice-core","msg":"Starting App..."}
{"level":20,"time":1640024098844,"pid":1655,"hostname":"fv-az121-81","name":"@waytrade/microservice-core","msg":"Starting HTTP Server on port 0"}
{"level":20,"time":1640024098844,"pid":1655,"hostname":"fv-az121-81","name":"@waytrade/microservice-core","msg":"HTTP Server listening on port 47541"}
{"level":20,"time":1640024098844,"pid":1655,"hostname":"fv-az121-81","name":"@waytrade/microservice-core","msg":"Starting HTTP Server on port 0"}
{"level":20,"time":1640024098844,"pid":1655,"hostname":"fv-az121-81","name":"@waytrade/microservice-core","msg":"HTTP Server listening on port 50315"}
{"level":30,"time":1640024098844,"pid":1655,"hostname":"fv-az121-81","name":"@waytrade/microservice-core","msg":"API Server started at port 47541"}
{"level":30,"time":1640024098844,"pid":1655,"hostname":"fv-az121-81","name":"@waytrade/microservice-core","msg":"Webhook Callback Server started at port 50315"}
{"level":20,"time":1640024098846,"pid":1655,"hostname":"fv-az121-81","name":"@waytrade/microservice-core","msg":"HTTP post /unsubscribe -> 400 (0ms)"}
{"level":20,"time":1640024098846,"pid":1655,"hostname":"fv-az121-81","name":"@waytrade/microservice-core","msg":"HTTP Server on port 47541 stopped"}
{"level":20,"time":1640024098847,"pid":1655,"hostname":"fv-az121-81","name":"@waytrade/microservice-core","msg":"HTTP Server on port 50315 stopped"}
{"level":30,"time":1640024098847,"pid":1655,"hostname":"fv-az121-81","name":"@waytrade/microservice-core","msg":"App stopped."}
{"level":30,"time":1640024098848,"pid":1655,"hostname":"fv-az121-81","name":"@waytrade/microservice-core","msg":"Starting App..."}
{"level":20,"time":1640024098848,"pid":1655,"hostname":"fv-az121-81","name":"@waytrade/microservice-core","msg":"Starting HTTP Server on port 0"}
{"level":20,"time":1640024098848,"pid":1655,"hostname":"fv-az121-81","name":"@waytrade/microservice-core","msg":"HTTP Server listening on port 38341"}
{"level":20,"time":1640024098848,"pid":1655,"hostname":"fv-az121-81","name":"@waytrade/microservice-core","msg":"Starting HTTP Server on port 0"}
{"level":20,"time":1640024098848,"pid":1655,"hostname":"fv-az121-81","name":"@waytrade/microservice-core","msg":"HTTP Server listening on port 44223"}
{"level":30,"time":1640024098848,"pid":1655,"hostname":"fv-az121-81","name":"@waytrade/microservice-core","msg":"API Server started at port 38341"}
{"level":30,"time":1640024098848,"pid":1655,"hostname":"fv-az121-81","name":"@waytrade/microservice-core","msg":"Webhook Callback Server started at port 44223"}
{"level":20,"time":1640024098850,"pid":1655,"hostname":"fv-az121-81","name":"@waytrade/microservice-core","msg":"HTTP post /unsubscribe -> 404 (1ms)"}
{"level":20,"time":1640024098850,"pid":1655,"hostname":"fv-az121-81","name":"@waytrade/microservice-core","msg":"HTTP Server on port 38341 stopped"}
{"level":20,"time":1640024098850,"pid":1655,"hostname":"fv-az121-81","name":"@waytrade/microservice-core","msg":"HTTP Server on port 44223 stopped"}
{"level":30,"time":1640024098850,"pid":1655,"hostname":"fv-az121-81","name":"@waytrade/microservice-core","msg":"App stopped."}
{"level":30,"time":1640024098851,"pid":1655,"hostname":"fv-az121-81","name":"@waytrade/microservice-core","msg":"Starting App..."}
{"level":20,"time":1640024098852,"pid":1655,"hostname":"fv-az121-81","name":"@waytrade/microservice-core","msg":"Starting HTTP Server on port 0"}
{"level":20,"time":1640024098852,"pid":1655,"hostname":"fv-az121-81","name":"@waytrade/microservice-core","msg":"HTTP Server listening on port 55467"}
{"level":20,"time":1640024098852,"pid":1655,"hostname":"fv-az121-81","name":"@waytrade/microservice-core","msg":"Starting HTTP Server on port 0"}
{"level":20,"time":1640024098852,"pid":1655,"hostname":"fv-az121-81","name":"@waytrade/microservice-core","msg":"HTTP Server listening on port 59245"}
{"level":30,"time":1640024098852,"pid":1655,"hostname":"fv-az121-81","name":"@waytrade/microservice-core","msg":"API Server started at port 55467"}
{"level":30,"time":1640024098852,"pid":1655,"hostname":"fv-az121-81","name":"@waytrade/microservice-core","msg":"Webhook Callback Server started at port 59245"}
{"level":20,"time":1640024098854,"pid":1655,"hostname":"fv-az121-81","name":"@waytrade/microservice-core","msg":"HTTP post /subscribe -> 201 (1ms)"}
{"level":20,"time":1640024098859,"pid":1655,"hostname":"fv-az121-81","name":"@waytrade/microservice-core","msg":"HTTP Server on port 55467 stopped"}
{"level":20,"time":1640024098859,"pid":1655,"hostname":"fv-az121-81","name":"@waytrade/microservice-core","msg":"HTTP Server on port 59245 stopped"}
{"level":30,"time":1640024098859,"pid":1655,"hostname":"fv-az121-81","name":"@waytrade/microservice-core","msg":"App stopped."}
{"level":20,"time":1640024098859,"pid":1655,"hostname":"fv-az121-81","name":"@waytrade/microservice-core","msg":"HTTP post /callback -> 200 (1ms)"}
{"level":30,"time":1640024098860,"pid":1655,"hostname":"fv-az121-81","name":"@waytrade/microservice-core","msg":"Starting App..."}
{"level":20,"time":1640024098861,"pid":1655,"hostname":"fv-az121-81","name":"@waytrade/microservice-core","msg":"Starting HTTP Server on port 0"}
{"level":20,"time":1640024098861,"pid":1655,"hostname":"fv-az121-81","name":"@waytrade/microservice-core","msg":"HTTP Server listening on port 57361"}
{"level":20,"time":1640024098861,"pid":1655,"hostname":"fv-az121-81","name":"@waytrade/microservice-core","msg":"Starting HTTP Server on port 0"}
{"level":20,"time":1640024098861,"pid":1655,"hostname":"fv-az121-81","name":"@waytrade/microservice-core","msg":"HTTP Server listening on port 54559"}
{"level":30,"time":1640024098861,"pid":1655,"hostname":"fv-az121-81","name":"@waytrade/microservice-core","msg":"API Server started at port 57361"}
{"level":30,"time":1640024098861,"pid":1655,"hostname":"fv-az121-81","name":"@waytrade/microservice-core","msg":"Webhook Callback Server started at port 54559"}
{"level":20,"time":1640024098863,"pid":1655,"hostname":"fv-az121-81","name":"@waytrade/microservice-core","msg":"HTTP post /subscribe -> 201 (1ms)"}
{"level":20,"time":1640024098865,"pid":1655,"hostname":"fv-az121-81","name":"@waytrade/microservice-core","msg":"HTTP Server on port 57361 stopped"}
{"level":20,"time":1640024098865,"pid":1655,"hostname":"fv-az121-81","name":"@waytrade/microservice-core","msg":"HTTP Server on port 54559 stopped"}
{"level":30,"time":1640024098865,"pid":1655,"hostname":"fv-az121-81","name":"@waytrade/microservice-core","msg":"App stopped."}
{"level":20,"time":1640024098865,"pid":1655,"hostname":"fv-az121-81","name":"@waytrade/microservice-core","msg":"HTTP post /callback -> 200 (0ms)"}
{"level":30,"time":1640024098866,"pid":1655,"hostname":"fv-az121-81","name":"@waytrade/microservice-core","msg":"Starting App..."}
{"level":20,"time":1640024098867,"pid":1655,"hostname":"fv-az121-81","name":"@waytrade/microservice-core","msg":"Starting HTTP Server on port 0"}
{"level":20,"time":1640024098867,"pid":1655,"hostname":"fv-az121-81","name":"@waytrade/microservice-core","msg":"HTTP Server listening on port 52837"}
{"level":20,"time":1640024098867,"pid":1655,"hostname":"fv-az121-81","name":"@waytrade/microservice-core","msg":"Starting HTTP Server on port 0"}
{"level":20,"time":1640024098867,"pid":1655,"hostname":"fv-az121-81","name":"@waytrade/microservice-core","msg":"HTTP Server listening on port 59243"}
{"level":30,"time":1640024098867,"pid":1655,"hostname":"fv-az121-81","name":"@waytrade/microservice-core","msg":"API Server started at port 52837"}
{"level":30,"time":1640024098867,"pid":1655,"hostname":"fv-az121-81","name":"@waytrade/microservice-core","msg":"Webhook Callback Server started at port 59243"}
{"level":20,"time":1640024098869,"pid":1655,"hostname":"fv-az121-81","name":"@waytrade/microservice-core","msg":"HTTP post /subscribe -> 201 (1ms)"}
{"level":20,"time":1640024098871,"pid":1655,"hostname":"fv-az121-81","name":"@waytrade/microservice-core","msg":"HTTP post /callback -> 418 (0ms)"}
{"level":20,"time":1640024098872,"pid":1655,"hostname":"fv-az121-81","name":"@waytrade/microservice-core","msg":"HTTP post /subscribe -> 201 (0ms)"}
{"level":20,"time":1640024098873,"pid":1655,"hostname":"fv-az121-81","name":"@waytrade/microservice-core","msg":"HTTP Server on port 52837 stopped"}
{"level":20,"time":1640024098873,"pid":1655,"hostname":"fv-az121-81","name":"@waytrade/microservice-core","msg":"HTTP Server on port 59243 stopped"}
{"level":30,"time":1640024098873,"pid":1655,"hostname":"fv-az121-81","name":"@waytrade/microservice-core","msg":"App stopped."}
{"level":30,"time":1640024098874,"pid":1655,"hostname":"fv-az121-81","name":"@waytrade/microservice-core","msg":"Starting App..."}
{"level":20,"time":1640024098874,"pid":1655,"hostname":"fv-az121-81","name":"@waytrade/microservice-core","msg":"Starting HTTP Server on port 0"}
{"level":20,"time":1640024098875,"pid":1655,"hostname":"fv-az121-81","name":"@waytrade/microservice-core","msg":"HTTP Server listening on port 52847"}
{"level":20,"time":1640024098875,"pid":1655,"hostname":"fv-az121-81","name":"@waytrade/microservice-core","msg":"Starting HTTP Server on port 0"}
{"level":20,"time":1640024098875,"pid":1655,"hostname":"fv-az121-81","name":"@waytrade/microservice-core","msg":"HTTP Server listening on port 59845"}
{"level":30,"time":1640024098875,"pid":1655,"hostname":"fv-az121-81","name":"@waytrade/microservice-core","msg":"API Server started at port 52847"}
{"level":30,"time":1640024098875,"pid":1655,"hostname":"fv-az121-81","name":"@waytrade/microservice-core","msg":"Webhook Callback Server started at port 59845"}
{"level":20,"time":1640024098876,"pid":1655,"hostname":"fv-az121-81","name":"@waytrade/microservice-core","msg":"HTTP post /subscribe -> 201 (0ms)"}
{"level":20,"time":1640024098878,"pid":1655,"hostname":"fv-az121-81","name":"@waytrade/microservice-core","msg":"HTTP post /subscribe -> 201 (0ms)"}
{"level":20,"time":1640024098878,"pid":1655,"hostname":"fv-az121-81","name":"@waytrade/microservice-core","msg":"HTTP Server on port 52847 stopped"}
{"level":20,"time":1640024098878,"pid":1655,"hostname":"fv-az121-81","name":"@waytrade/microservice-core","msg":"HTTP Server on port 59845 stopped"}
{"level":30,"time":1640024098878,"pid":1655,"hostname":"fv-az121-81","name":"@waytrade/microservice-core","msg":"App stopped."}
{"level":20,"time":1640024099986,"pid":1655,"hostname":"fv-az121-81","name":"@waytrade/microservice-core","msg":"Starting HTTP Server on port 0"}
{"level":20,"time":1640024099987,"pid":1655,"hostname":"fv-az121-81","name":"@waytrade/microservice-core","msg":"HTTP Server listening on port 52313"}
{"level":20,"time":1640024099996,"pid":1655,"hostname":"fv-az121-81","name":"@waytrade/microservice-core","msg":"HTTP get /api/test/ -> 200 (1ms)"}
{"level":20,"time":1640024099997,"pid":1655,"hostname":"fv-az121-81","name":"@waytrade/microservice-core","msg":"HTTP Server on port 52313 stopped"}
{"level":20,"time":1640024099998,"pid":1655,"hostname":"fv-az121-81","name":"@waytrade/microservice-core","msg":"Starting HTTP Server on port 0"}
{"level":20,"time":1640024099999,"pid":1655,"hostname":"fv-az121-81","name":"@waytrade/microservice-core","msg":"HTTP Server listening on port 54545"}
{"level":20,"time":1640024100000,"pid":1655,"hostname":"fv-az121-81","name":"@waytrade/microservice-core","msg":"HTTP get /api/test/error -> 418 (1ms)"}
{"level":20,"time":1640024100000,"pid":1655,"hostname":"fv-az121-81","name":"@waytrade/microservice-core","msg":"HTTP Server on port 54545 stopped"}
{"level":20,"time":1640024100001,"pid":1655,"hostname":"fv-az121-81","name":"@waytrade/microservice-core","msg":"Starting HTTP Server on port 0"}
{"level":20,"time":1640024100001,"pid":1655,"hostname":"fv-az121-81","name":"@waytrade/microservice-core","msg":"HTTP Server listening on port 54989"}
{"level":20,"time":1640024100036,"pid":1655,"hostname":"fv-az121-81","name":"@waytrade/microservice-core","msg":"HTTP get /api/test/serverError -> 500 (34ms)"}
{"level":20,"time":1640024100037,"pid":1655,"hostname":"fv-az121-81","name":"@waytrade/microservice-core","msg":"HTTP Server on port 54989 stopped"}
{"level":20,"time":1640024100037,"pid":1655,"hostname":"fv-az121-81","name":"@waytrade/microservice-core","msg":"Starting HTTP Server on port 0"}
{"level":20,"time":1640024100038,"pid":1655,"hostname":"fv-az121-81","name":"@waytrade/microservice-core","msg":"HTTP Server listening on port 33535"}
{"level":20,"time":1640024100040,"pid":1655,"hostname":"fv-az121-81","name":"@waytrade/microservice-core","msg":"HTTP put /api/test/ -> 200 (1ms)"}
{"level":20,"time":1640024100040,"pid":1655,"hostname":"fv-az121-81","name":"@waytrade/microservice-core","msg":"HTTP Server on port 33535 stopped"}
{"level":20,"time":1640024100041,"pid":1655,"hostname":"fv-az121-81","name":"@waytrade/microservice-core","msg":"Starting HTTP Server on port 0"}
{"level":20,"time":1640024100041,"pid":1655,"hostname":"fv-az121-81","name":"@waytrade/microservice-core","msg":"HTTP Server listening on port 57021"}
{"level":20,"time":1640024100042,"pid":1655,"hostname":"fv-az121-81","name":"@waytrade/microservice-core","msg":"HTTP put /api/test/error -> 418 (0ms)"}
{"level":20,"time":1640024100043,"pid":1655,"hostname":"fv-az121-81","name":"@waytrade/microservice-core","msg":"HTTP Server on port 57021 stopped"}
{"level":20,"time":1640024100043,"pid":1655,"hostname":"fv-az121-81","name":"@waytrade/microservice-core","msg":"Starting HTTP Server on port 0"}
{"level":20,"time":1640024100044,"pid":1655,"hostname":"fv-az121-81","name":"@waytrade/microservice-core","msg":"HTTP Server listening on port 46859"}
{"level":20,"time":1640024100045,"pid":1655,"hostname":"fv-az121-81","name":"@waytrade/microservice-core","msg":"HTTP post /api/test/ -> 200 (0ms)"}
{"level":20,"time":1640024100046,"pid":1655,"hostname":"fv-az121-81","name":"@waytrade/microservice-core","msg":"HTTP Server on port 46859 stopped"}
{"level":20,"time":1640024100046,"pid":1655,"hostname":"fv-az121-81","name":"@waytrade/microservice-core","msg":"Starting HTTP Server on port 0"}
{"level":20,"time":1640024100047,"pid":1655,"hostname":"fv-az121-81","name":"@waytrade/microservice-core","msg":"HTTP Server listening on port 33293"}
{"level":20,"time":1640024100048,"pid":1655,"hostname":"fv-az121-81","name":"@waytrade/microservice-core","msg":"HTTP post /api/test/error -> 418 (1ms)"}
{"level":20,"time":1640024100048,"pid":1655,"hostname":"fv-az121-81","name":"@waytrade/microservice-core","msg":"HTTP Server on port 33293 stopped"}
{"level":20,"time":1640024100048,"pid":1655,"hostname":"fv-az121-81","name":"@waytrade/microservice-core","msg":"Starting HTTP Server on port 0"}
{"level":20,"time":1640024100049,"pid":1655,"hostname":"fv-az121-81","name":"@waytrade/microservice-core","msg":"HTTP Server listening on port 34583"}
{"level":20,"time":1640024100050,"pid":1655,"hostname":"fv-az121-81","name":"@waytrade/microservice-core","msg":"HTTP patch /api/test/ -> 200 (0ms)"}
{"level":20,"time":1640024100051,"pid":1655,"hostname":"fv-az121-81","name":"@waytrade/microservice-core","msg":"HTTP Server on port 34583 stopped"}
{"level":20,"time":1640024100051,"pid":1655,"hostname":"fv-az121-81","name":"@waytrade/microservice-core","msg":"Starting HTTP Server on port 0"}
{"level":20,"time":1640024100051,"pid":1655,"hostname":"fv-az121-81","name":"@waytrade/microservice-core","msg":"HTTP Server listening on port 45383"}
{"level":20,"time":1640024100052,"pid":1655,"hostname":"fv-az121-81","name":"@waytrade/microservice-core","msg":"HTTP patch /api/test/error -> 418 (0ms)"}
{"level":20,"time":1640024100053,"pid":1655,"hostname":"fv-az121-81","name":"@waytrade/microservice-core","msg":"HTTP Server on port 45383 stopped"}
{"level":20,"time":1640024100053,"pid":1655,"hostname":"fv-az121-81","name":"@waytrade/microservice-core","msg":"Starting HTTP Server on port 0"}
{"level":20,"time":1640024100054,"pid":1655,"hostname":"fv-az121-81","name":"@waytrade/microservice-core","msg":"HTTP Server listening on port 44235"}
{"level":20,"time":1640024100055,"pid":1655,"hostname":"fv-az121-81","name":"@waytrade/microservice-core","msg":"HTTP delete /api/test/ -> 200 (0ms)"}
{"level":20,"time":1640024100056,"pid":1655,"hostname":"fv-az121-81","name":"@waytrade/microservice-core","msg":"HTTP Server on port 44235 stopped"}
{"level":20,"time":1640024100056,"pid":1655,"hostname":"fv-az121-81","name":"@waytrade/microservice-core","msg":"Starting HTTP Server on port 0"}
{"level":20,"time":1640024100057,"pid":1655,"hostname":"fv-az121-81","name":"@waytrade/microservice-core","msg":"HTTP Server listening on port 52799"}
{"level":20,"time":1640024100057,"pid":1655,"hostname":"fv-az121-81","name":"@waytrade/microservice-core","msg":"HTTP delete /api/test/error -> 418 (0ms)"}
{"level":20,"time":1640024100058,"pid":1655,"hostname":"fv-az121-81","name":"@waytrade/microservice-core","msg":"HTTP Server on port 52799 stopped"}
{"level":20,"time":1640024120941,"pid":1655,"hostname":"fv-az121-81","name":"@waytrade/microservice-core","msg":"Starting HTTP Server on port 0"}
{"level":20,"time":1640024120942,"pid":1655,"hostname":"fv-az121-81","name":"@waytrade/microservice-core","msg":"HTTP Server listening on port 47461"}
{"level":20,"time":1640024120955,"pid":1655,"hostname":"fv-az121-81","name":"@waytrade/microservice-core","msg":"HTTP get /api/test/ -> 200 (1ms)"}
{"level":20,"time":1640024120972,"pid":1655,"hostname":"fv-az121-81","name":"@waytrade/microservice-core","msg":"HTTP Server on port 47461 stopped"}
{"level":20,"time":1640024120977,"pid":1655,"hostname":"fv-az121-81","name":"@waytrade/microservice-core","msg":"Starting HTTP Server on port 0"}
{"level":20,"time":1640024120978,"pid":1655,"hostname":"fv-az121-81","name":"@waytrade/microservice-core","msg":"HTTP Server listening on port 48441"}
{"level":20,"time":1640024120987,"pid":1655,"hostname":"fv-az121-81","name":"@waytrade/microservice-core","msg":"HTTP get /api/test/notImplemented -> 501 (0ms)"}
{"level":20,"time":1640024120994,"pid":1655,"hostname":"fv-az121-81","name":"@waytrade/microservice-core","msg":"HTTP Server on port 48441 stopped"}
{"level":20,"time":1640024120999,"pid":1655,"hostname":"fv-az121-81","name":"@waytrade/microservice-core","msg":"Starting HTTP Server on port 0"}
{"level":20,"time":1640024120999,"pid":1655,"hostname":"fv-az121-81","name":"@waytrade/microservice-core","msg":"HTTP Server listening on port 39887"}
{"level":20,"time":1640024121011,"pid":1655,"hostname":"fv-az121-81","name":"@waytrade/microservice-core","msg":"HTTP put /api/test/ -> 200 (1ms)"}
{"level":20,"time":1640024121025,"pid":1655,"hostname":"fv-az121-81","name":"@waytrade/microservice-core","msg":"HTTP Server on port 39887 stopped"}
{"level":20,"time":1640024121033,"pid":1655,"hostname":"fv-az121-81","name":"@waytrade/microservice-core","msg":"Starting HTTP Server on port 0"}
{"level":20,"time":1640024121034,"pid":1655,"hostname":"fv-az121-81","name":"@waytrade/microservice-core","msg":"HTTP Server listening on port 43319"}
{"level":20,"time":1640024121052,"pid":1655,"hostname":"fv-az121-81","name":"@waytrade/microservice-core","msg":"HTTP put /api/test/notImplemented -> 501 (1ms)"}
{"level":20,"time":1640024121061,"pid":1655,"hostname":"fv-az121-81","name":"@waytrade/microservice-core","msg":"HTTP Server on port 43319 stopped"}
{"level":20,"time":1640024121061,"pid":1655,"hostname":"fv-az121-81","name":"@waytrade/microservice-core","msg":"Starting HTTP Server on port 0"}
{"level":20,"time":1640024121069,"pid":1655,"hostname":"fv-az121-81","name":"@waytrade/microservice-core","msg":"HTTP Server listening on port 38687"}
{"level":20,"time":1640024121088,"pid":1655,"hostname":"fv-az121-81","name":"@waytrade/microservice-core","msg":"HTTP post /api/test/ -> 200 (7ms)"}
{"level":20,"time":1640024121103,"pid":1655,"hostname":"fv-az121-81","name":"@waytrade/microservice-core","msg":"HTTP Server on port 38687 stopped"}
{"level":20,"time":1640024121108,"pid":1655,"hostname":"fv-az121-81","name":"@waytrade/microservice-core","msg":"Starting HTTP Server on port 0"}
{"level":20,"time":1640024121109,"pid":1655,"hostname":"fv-az121-81","name":"@waytrade/microservice-core","msg":"HTTP Server listening on port 37517"}
{"level":20,"time":1640024121114,"pid":1655,"hostname":"fv-az121-81","name":"@waytrade/microservice-core","msg":"HTTP post /api/test/notImplemented -> 501 (0ms)"}
{"level":20,"time":1640024121121,"pid":1655,"hostname":"fv-az121-81","name":"@waytrade/microservice-core","msg":"HTTP Server on port 37517 stopped"}
{"level":20,"time":1640024121122,"pid":1655,"hostname":"fv-az121-81","name":"@waytrade/microservice-core","msg":"Starting HTTP Server on port 0"}
{"level":20,"time":1640024121126,"pid":1655,"hostname":"fv-az121-81","name":"@waytrade/microservice-core","msg":"HTTP Server listening on port 56437"}
{"level":20,"time":1640024121134,"pid":1655,"hostname":"fv-az121-81","name":"@waytrade/microservice-core","msg":"HTTP patch /api/test/ -> 200 (2ms)"}
{"level":20,"time":1640024121149,"pid":1655,"hostname":"fv-az121-81","name":"@waytrade/microservice-core","msg":"HTTP Server on port 56437 stopped"}
{"level":20,"time":1640024121153,"pid":1655,"hostname":"fv-az121-81","name":"@waytrade/microservice-core","msg":"Starting HTTP Server on port 0"}
{"level":20,"time":1640024121153,"pid":1655,"hostname":"fv-az121-81","name":"@waytrade/microservice-core","msg":"HTTP Server listening on port 45535"}
{"level":20,"time":1640024121161,"pid":1655,"hostname":"fv-az121-81","name":"@waytrade/microservice-core","msg":"HTTP post /api/test/notImplemented -> 501 (0ms)"}
{"level":20,"time":1640024121169,"pid":1655,"hostname":"fv-az121-81","name":"@waytrade/microservice-core","msg":"HTTP Server on port 45535 stopped"}
{"level":20,"time":1640024121169,"pid":1655,"hostname":"fv-az121-81","name":"@waytrade/microservice-core","msg":"Starting HTTP Server on port 0"}
{"level":20,"time":1640024121175,"pid":1655,"hostname":"fv-az121-81","name":"@waytrade/microservice-core","msg":"HTTP Server listening on port 43947"}
{"level":20,"time":1640024121182,"pid":1655,"hostname":"fv-az121-81","name":"@waytrade/microservice-core","msg":"HTTP delete /api/test/ -> 200 (1ms)"}
{"level":20,"time":1640024121195,"pid":1655,"hostname":"fv-az121-81","name":"@waytrade/microservice-core","msg":"HTTP Server on port 43947 stopped"}
{"level":20,"time":1640024121200,"pid":1655,"hostname":"fv-az121-81","name":"@waytrade/microservice-core","msg":"Starting HTTP Server on port 0"}
{"level":20,"time":1640024121201,"pid":1655,"hostname":"fv-az121-81","name":"@waytrade/microservice-core","msg":"HTTP Server listening on port 39693"}
{"level":20,"time":1640024121224,"pid":1655,"hostname":"fv-az121-81","name":"@waytrade/microservice-core","msg":"HTTP post /api/test/notImplemented -> 501 (0ms)"}
{"level":20,"time":1640024121225,"pid":1655,"hostname":"fv-az121-81","name":"@waytrade/microservice-core","msg":"HTTP Server on port 39693 stopped"}
{"level":20,"time":1640024122380,"pid":1655,"hostname":"fv-az121-81","name":"@waytrade/microservice-core","msg":"Debug message"}
{"level":30,"time":1640024122381,"pid":1655,"hostname":"fv-az121-81","name":"@waytrade/microservice-core","msg":"Info message"}
{"level":40,"time":1640024122382,"pid":1655,"hostname":"fv-az121-81","name":"@waytrade/microservice-core","msg":"Warning message"}
{"level":50,"time":1640024122382,"pid":1655,"hostname":"fv-az121-81","name":"@waytrade/microservice-core","msg":"Error message"}
{"level":30,"time":1640024122383,"pid":1655,"hostname":"fv-az121-81","name":"@waytrade/microservice-core","msg":"Info message"}
{"level":40,"time":1640024122383,"pid":1655,"hostname":"fv-az121-81","name":"@waytrade/microservice-core","msg":"Warning message"}
{"level":50,"time":1640024122384,"pid":1655,"hostname":"fv-az121-81","name":"@waytrade/microservice-core","msg":"Error message"}
{"level":40,"time":1640024122392,"pid":1655,"hostname":"fv-az121-81","name":"@waytrade/microservice-core","msg":"Warning message"}
{"level":50,"time":1640024122392,"pid":1655,"hostname":"fv-az121-81","name":"@waytrade/microservice-core","msg":"Error message"}
{"level":50,"time":1640024122393,"pid":1655,"hostname":"fv-az121-81","name":"@waytrade/microservice-core","msg":"Error message"}
{"level":20,"time":1640024122398,"pid":1655,"hostname":"fv-az121-81","name":"@waytrade/microservice-core","msg":"Debug message"}
{"level":30,"time":1640024122398,"pid":1655,"hostname":"fv-az121-81","name":"@waytrade/microservice-core","msg":"Info message"}
{"level":40,"time":1640024122399,"pid":1655,"hostname":"fv-az121-81","name":"@waytrade/microservice-core","msg":"Warning message"}
{"level":50,"time":1640024122399,"pid":1655,"hostname":"fv-az121-81","name":"@waytrade/microservice-core","msg":"Error message"}
{"level":30,"time":1640024123510,"pid":1655,"hostname":"fv-az121-81","name":"@waytrade/microservice-core","msg":"Starting App..."}
{"level":20,"time":1640024123511,"pid":1655,"hostname":"fv-az121-81","name":"@waytrade/microservice-core","msg":"Starting HTTP Server on port 0"}
{"level":20,"time":1640024123511,"pid":1655,"hostname":"fv-az121-81","name":"@waytrade/microservice-core","msg":"HTTP Server listening on port 45549"}
{"level":30,"time":1640024123511,"pid":1655,"hostname":"fv-az121-81","name":"@waytrade/microservice-core","msg":"API Server started at port 45549"}
{"level":20,"time":1640024123513,"pid":1655,"hostname":"fv-az121-81","name":"@waytrade/microservice-core","msg":"HTTP Server on port 45549 stopped"}
{"level":30,"time":1640024123513,"pid":1655,"hostname":"fv-az121-81","name":"@waytrade/microservice-core","msg":"App stopped."}
{"level":30,"time":1640024123515,"pid":1655,"hostname":"fv-az121-81","name":"@waytrade/microservice-core","msg":"Starting App..."}
{"level":20,"time":1640024123515,"pid":1655,"hostname":"fv-az121-81","name":"@waytrade/microservice-core","msg":"Starting HTTP Server on port 0"}
{"level":20,"time":1640024123515,"pid":1655,"hostname":"fv-az121-81","name":"@waytrade/microservice-core","msg":"HTTP Server listening on port 34245"}
{"level":30,"time":1640024123515,"pid":1655,"hostname":"fv-az121-81","name":"@waytrade/microservice-core","msg":"API Server started at port 34245"}
{"level":20,"time":1640024123515,"pid":1655,"hostname":"fv-az121-81","name":"@waytrade/microservice-core","msg":"HTTP Server on port 34245 stopped"}
{"level":30,"time":1640024123515,"pid":1655,"hostname":"fv-az121-81","name":"@waytrade/microservice-core","msg":"App stopped."}
{"level":30,"time":1640024123516,"pid":1655,"hostname":"fv-az121-81","name":"@waytrade/microservice-core","msg":"Starting App..."}
{"level":20,"time":1640024123517,"pid":1655,"hostname":"fv-az121-81","name":"@waytrade/microservice-core","msg":"Starting HTTP Server on port 0"}
{"level":20,"time":1640024123517,"pid":1655,"hostname":"fv-az121-81","name":"@waytrade/microservice-core","msg":"HTTP Server listening on port 51739"}
{"level":30,"time":1640024123517,"pid":1655,"hostname":"fv-az121-81","name":"@waytrade/microservice-core","msg":"API Server started at port 51739"}
{"level":50,"time":1640024123517,"pid":1655,"hostname":"fv-az121-81","name":"@waytrade/microservice-core","msg":"App start failed: App is running already."}
{"level":20,"time":1640024123517,"pid":1655,"hostname":"fv-az121-81","name":"@waytrade/microservice-core","msg":"HTTP Server on port 51739 stopped"}
{"level":30,"time":1640024123517,"pid":1655,"hostname":"fv-az121-81","name":"@waytrade/microservice-core","msg":"App stopped."}
{"level":30,"time":1640024123518,"pid":1655,"hostname":"fv-az121-81","name":"@waytrade/microservice-core","msg":"Starting App..."}
{"level":20,"time":1640024123518,"pid":1655,"hostname":"fv-az121-81","name":"@waytrade/microservice-core","msg":"Starting HTTP Server on port 0"}
{"level":20,"time":1640024123519,"pid":1655,"hostname":"fv-az121-81","name":"@waytrade/microservice-core","msg":"HTTP Server listening on port 35843"}
{"level":30,"time":1640024123519,"pid":1655,"hostname":"fv-az121-81","name":"@waytrade/microservice-core","msg":"API Server started at port 35843"}
{"level":20,"time":1640024123519,"pid":1655,"hostname":"fv-az121-81","name":"@waytrade/microservice-core","msg":"HTTP Server on port 35843 stopped"}
{"level":30,"time":1640024123519,"pid":1655,"hostname":"fv-az121-81","name":"@waytrade/microservice-core","msg":"App stopped."}
{"level":30,"time":1640024123520,"pid":1655,"hostname":"fv-az121-81","name":"@waytrade/microservice-core","msg":"Starting App..."}
{"level":20,"time":1640024123521,"pid":1655,"hostname":"fv-az121-81","name":"@waytrade/microservice-core","msg":"Starting HTTP Server on port 0"}
{"level":20,"time":1640024123521,"pid":1655,"hostname":"fv-az121-81","name":"@waytrade/microservice-core","msg":"HTTP Server listening on port 37923"}
{"level":30,"time":1640024123521,"pid":1655,"hostname":"fv-az121-81","name":"@waytrade/microservice-core","msg":"API Server started at port 37923"}
{"level":20,"time":1640024123522,"pid":1655,"hostname":"fv-az121-81","name":"@waytrade/microservice-core","msg":"HTTP Server on port 37923 stopped"}
{"level":30,"time":1640024123522,"pid":1655,"hostname":"fv-az121-81","name":"@waytrade/microservice-core","msg":"App stopped."}
{"level":30,"time":1640024123523,"pid":1655,"hostname":"fv-az121-81","name":"@waytrade/microservice-core","msg":"Starting App..."}
{"level":20,"time":1640024123523,"pid":1655,"hostname":"fv-az121-81","name":"@waytrade/microservice-core","msg":"Starting HTTP Server on port 0"}
{"level":20,"time":1640024123536,"pid":1655,"hostname":"fv-az121-81","name":"@waytrade/microservice-core","msg":"HTTP Server listening on port 46635"}
{"level":30,"time":1640024123536,"pid":1655,"hostname":"fv-az121-81","name":"@waytrade/microservice-core","msg":"API Server started at port 46635"}
{"level":20,"time":1640024123543,"pid":1655,"hostname":"fv-az121-81","name":"@waytrade/microservice-core","msg":"HTTP get /test/get/ -> 200 (1ms)"}
{"level":20,"time":1640024123544,"pid":1655,"hostname":"fv-az121-81","name":"@waytrade/microservice-core","msg":"HTTP Server on port 46635 stopped"}
{"level":30,"time":1640024123544,"pid":1655,"hostname":"fv-az121-81","name":"@waytrade/microservice-core","msg":"App stopped."}
{"level":30,"time":1640024123545,"pid":1655,"hostname":"fv-az121-81","name":"@waytrade/microservice-core","msg":"Starting App..."}
{"level":20,"time":1640024123545,"pid":1655,"hostname":"fv-az121-81","name":"@waytrade/microservice-core","msg":"Starting HTTP Server on port 0"}
{"level":20,"time":1640024123546,"pid":1655,"hostname":"fv-az121-81","name":"@waytrade/microservice-core","msg":"HTTP Server listening on port 44593"}
{"level":30,"time":1640024123546,"pid":1655,"hostname":"fv-az121-81","name":"@waytrade/microservice-core","msg":"API Server started at port 44593"}
{"level":20,"time":1640024123546,"pid":1655,"hostname":"fv-az121-81","name":"@waytrade/microservice-core","msg":"Debug message"}
{"level":30,"time":1640024123546,"pid":1655,"hostname":"fv-az121-81","name":"@waytrade/microservice-core","msg":"Info message"}
{"level":40,"time":1640024123546,"pid":1655,"hostname":"fv-az121-81","name":"@waytrade/microservice-core","msg":"Warning message"}
{"level":50,"time":1640024123546,"pid":1655,"hostname":"fv-az121-81","name":"@waytrade/microservice-core","msg":"Error message"}
{"level":20,"time":1640024123546,"pid":1655,"hostname":"fv-az121-81","name":"@waytrade/microservice-core","msg":"HTTP Server on port 44593 stopped"}
{"level":30,"time":1640024123546,"pid":1655,"hostname":"fv-az121-81","name":"@waytrade/microservice-core","msg":"App stopped."}
{"level":20,"time":1640024124594,"pid":1655,"hostname":"fv-az121-81","name":"@waytrade/microservice-core","msg":"Starting HTTP Server on port 0"}
{"level":20,"time":1640024124595,"pid":1655,"hostname":"fv-az121-81","name":"@waytrade/microservice-core","msg":"HTTP Server listening on port 44145"}
{"level":20,"time":1640024124602,"pid":1655,"hostname":"fv-az121-81","name":"@waytrade/microservice-core","msg":"HTTP Server on port 44145 stopped"}
{"level":20,"time":1640024124603,"pid":1655,"hostname":"fv-az121-81","name":"@waytrade/microservice-core","msg":"Starting HTTP Server on port 0"}
{"level":20,"time":1640024124603,"pid":1655,"hostname":"fv-az121-81","name":"@waytrade/microservice-core","msg":"HTTP Server listening on port 58917"}
{"level":20,"time":1640024124606,"pid":1655,"hostname":"fv-az121-81","name":"@waytrade/microservice-core","msg":"HTTP Server on port 58917 stopped"}
{"level":20,"time":1640024124607,"pid":1655,"hostname":"fv-az121-81","name":"@waytrade/microservice-core","msg":"Starting HTTP Server on port 0"}
{"level":20,"time":1640024124607,"pid":1655,"hostname":"fv-az121-81","name":"@waytrade/microservice-core","msg":"HTTP Server listening on port 38249"}
{"level":50,"time":1640024124608,"pid":1655,"hostname":"fv-az121-81","name":"@waytrade/microservice-core","msg":"Binary data on websocket not supported."}
{"level":20,"time":1640024125608,"pid":1655,"hostname":"fv-az121-81","name":"@waytrade/microservice-core","msg":"HTTP Server on port 38249 stopped"}
{"level":20,"time":1640024125608,"pid":1655,"hostname":"fv-az121-81","name":"@waytrade/microservice-core","msg":"Starting HTTP Server on port 0"}
{"level":20,"time":1640024125609,"pid":1655,"hostname":"fv-az121-81","name":"@waytrade/microservice-core","msg":"HTTP Server listening on port 34659"}
{"level":20,"time":1640024125611,"pid":1655,"hostname":"fv-az121-81","name":"@waytrade/microservice-core","msg":"HTTP Server on port 34659 stopped"}
{"level":20,"time":1640024125612,"pid":1655,"hostname":"fv-az121-81","name":"@waytrade/microservice-core","msg":"Starting HTTP Server on port 0"}
{"level":20,"time":1640024125612,"pid":1655,"hostname":"fv-az121-81","name":"@waytrade/microservice-core","msg":"HTTP Server listening on port 43303"}
{"level":20,"time":1640024126616,"pid":1655,"hostname":"fv-az121-81","name":"@waytrade/microservice-core","msg":"HTTP Server on port 43303 stopped"}
{"level":20,"time":1640024126616,"pid":1655,"hostname":"fv-az121-81","name":"@waytrade/microservice-core","msg":"Starting HTTP Server on port 0"}
{"level":20,"time":1640024126617,"pid":1655,"hostname":"fv-az121-81","name":"@waytrade/microservice-core","msg":"HTTP Server listening on port 57939"}
{"level":20,"time":1640024126651,"pid":1655,"hostname":"fv-az121-81","name":"@waytrade/microservice-core","msg":"HTTP Server on port 57939 stopped"}
{"level":20,"time":1640024126652,"pid":1655,"hostname":"fv-az121-81","name":"@waytrade/microservice-core","msg":"Starting HTTP Server on port 0"}
{"level":20,"time":1640024126652,"pid":1655,"hostname":"fv-az121-81","name":"@waytrade/microservice-core","msg":"HTTP Server listening on port 37847"}
{"level":20,"time":1640024126858,"pid":1655,"hostname":"fv-az121-81","name":"@waytrade/microservice-core","msg":"HTTP Server on port 37847 stopped"}
{"level":30,"time":1640024128196,"pid":1655,"hostname":"fv-az121-81","name":"@waytrade/microservice-core","msg":"Starting App..."}
{"level":20,"time":1640024128197,"pid":1655,"hostname":"fv-az121-81","name":"@waytrade/microservice-core","msg":"Starting HTTP Server on port 0"}
{"level":20,"time":1640024128198,"pid":1655,"hostname":"fv-az121-81","name":"@waytrade/microservice-core","msg":"HTTP Server listening on port 48577"}
{"level":20,"time":1640024128198,"pid":1655,"hostname":"fv-az121-81","name":"@waytrade/microservice-core","msg":"Starting HTTP Server on port 0"}
{"level":20,"time":1640024128198,"pid":1655,"hostname":"fv-az121-81","name":"@waytrade/microservice-core","msg":"HTTP Server listening on port 58721"}
{"level":30,"time":1640024128198,"pid":1655,"hostname":"fv-az121-81","name":"@waytrade/microservice-core","msg":"API Server started at port 48577"}
{"level":30,"time":1640024128198,"pid":1655,"hostname":"fv-az121-81","name":"@waytrade/microservice-core","msg":"Webhook Callback Server started at port 58721"}
{"level":20,"time":1640024128200,"pid":1655,"hostname":"fv-az121-81","name":"@waytrade/microservice-core","msg":"HTTP Server on port 48577 stopped"}
{"level":20,"time":1640024128200,"pid":1655,"hostname":"fv-az121-81","name":"@waytrade/microservice-core","msg":"HTTP Server on port 58721 stopped"}
{"level":30,"time":1640024128200,"pid":1655,"hostname":"fv-az121-81","name":"@waytrade/microservice-core","msg":"App stopped."}
{"level":30,"time":1640024128202,"pid":1655,"hostname":"fv-az121-81","name":"@waytrade/microservice-core","msg":"Starting App..."}
{"level":20,"time":1640024128202,"pid":1655,"hostname":"fv-az121-81","name":"@waytrade/microservice-core","msg":"Starting HTTP Server on port 0"}
{"level":20,"time":1640024128202,"pid":1655,"hostname":"fv-az121-81","name":"@waytrade/microservice-core","msg":"HTTP Server listening on port 42303"}
{"level":20,"time":1640024128203,"pid":1655,"hostname":"fv-az121-81","name":"@waytrade/microservice-core","msg":"Starting HTTP Server on port 0"}
{"level":20,"time":1640024128203,"pid":1655,"hostname":"fv-az121-81","name":"@waytrade/microservice-core","msg":"HTTP Server listening on port 44861"}
{"level":30,"time":1640024128203,"pid":1655,"hostname":"fv-az121-81","name":"@waytrade/microservice-core","msg":"API Server started at port 42303"}
{"level":30,"time":1640024128203,"pid":1655,"hostname":"fv-az121-81","name":"@waytrade/microservice-core","msg":"Webhook Callback Server started at port 44861"}
{"level":20,"time":1640024128204,"pid":1655,"hostname":"fv-az121-81","name":"@waytrade/microservice-core","msg":"HTTP Server on port 42303 stopped"}
{"level":20,"time":1640024128204,"pid":1655,"hostname":"fv-az121-81","name":"@waytrade/microservice-core","msg":"HTTP Server on port 44861 stopped"}
{"level":30,"time":1640024128204,"pid":1655,"hostname":"fv-az121-81","name":"@waytrade/microservice-core","msg":"App stopped."}
{"level":30,"time":1640024128205,"pid":1655,"hostname":"fv-az121-81","name":"@waytrade/microservice-core","msg":"Starting App..."}
{"level":20,"time":1640024128205,"pid":1655,"hostname":"fv-az121-81","name":"@waytrade/microservice-core","msg":"Starting HTTP Server on port 0"}
{"level":20,"time":1640024128206,"pid":1655,"hostname":"fv-az121-81","name":"@waytrade/microservice-core","msg":"HTTP Server listening on port 57653"}
{"level":20,"time":1640024128206,"pid":1655,"hostname":"fv-az121-81","name":"@waytrade/microservice-core","msg":"Starting HTTP Server on port 0"}
{"level":20,"time":1640024128206,"pid":1655,"hostname":"fv-az121-81","name":"@waytrade/microservice-core","msg":"HTTP Server listening on port 51787"}
{"level":50,"time":1640024128206,"pid":1655,"hostname":"fv-az121-81","name":"@waytrade/microservice-core","msg":"App start failed: Controller booth failed"}
{"level":20,"time":1640024128207,"pid":1655,"hostname":"fv-az121-81","name":"@waytrade/microservice-core","msg":"HTTP Server on port 57653 stopped"}
{"level":20,"time":1640024128207,"pid":1655,"hostname":"fv-az121-81","name":"@waytrade/microservice-core","msg":"HTTP Server on port 51787 stopped"}
{"level":30,"time":1640024128207,"pid":1655,"hostname":"fv-az121-81","name":"@waytrade/microservice-core","msg":"App stopped."}
{"level":30,"time":1640024128208,"pid":1655,"hostname":"fv-az121-81","name":"@waytrade/microservice-core","msg":"Starting App..."}
{"level":20,"time":1640024128208,"pid":1655,"hostname":"fv-az121-81","name":"@waytrade/microservice-core","msg":"Starting HTTP Server on port 0"}
{"level":20,"time":1640024128208,"pid":1655,"hostname":"fv-az121-81","name":"@waytrade/microservice-core","msg":"HTTP Server listening on port 35647"}
{"level":20,"time":1640024128208,"pid":1655,"hostname":"fv-az121-81","name":"@waytrade/microservice-core","msg":"Starting HTTP Server on port 0"}
{"level":20,"time":1640024128208,"pid":1655,"hostname":"fv-az121-81","name":"@waytrade/microservice-core","msg":"HTTP Server listening on port 59457"}
{"level":50,"time":1640024128208,"pid":1655,"hostname":"fv-az121-81","name":"@waytrade/microservice-core","msg":"App start failed: Controller booth failed"}
{"level":20,"time":1640024128209,"pid":1655,"hostname":"fv-az121-81","name":"@waytrade/microservice-core","msg":"HTTP Server on port 35647 stopped"}
{"level":20,"time":1640024128209,"pid":1655,"hostname":"fv-az121-81","name":"@waytrade/microservice-core","msg":"HTTP Server on port 59457 stopped"}
{"level":30,"time":1640024128209,"pid":1655,"hostname":"fv-az121-81","name":"@waytrade/microservice-core","msg":"App stopped."}
{"level":30,"time":1640024128210,"pid":1655,"hostname":"fv-az121-81","name":"@waytrade/microservice-core","msg":"Starting App..."}
{"level":20,"time":1640024128210,"pid":1655,"hostname":"fv-az121-81","name":"@waytrade/microservice-core","msg":"Starting HTTP Server on port 0"}
{"level":20,"time":1640024128210,"pid":1655,"hostname":"fv-az121-81","name":"@waytrade/microservice-core","msg":"HTTP Server listening on port 34809"}
{"level":20,"time":1640024128210,"pid":1655,"hostname":"fv-az121-81","name":"@waytrade/microservice-core","msg":"Starting HTTP Server on port 0"}
{"level":20,"time":1640024128211,"pid":1655,"hostname":"fv-az121-81","name":"@waytrade/microservice-core","msg":"HTTP Server listening on port 51085"}
{"level":50,"time":1640024128211,"pid":1655,"hostname":"fv-az121-81","name":"@waytrade/microservice-core","msg":"App start failed: Controller booth failed"}
{"level":20,"time":1640024128211,"pid":1655,"hostname":"fv-az121-81","name":"@waytrade/microservice-core","msg":"HTTP Server on port 34809 stopped"}
{"level":20,"time":1640024128211,"pid":1655,"hostname":"fv-az121-81","name":"@waytrade/microservice-core","msg":"HTTP Server on port 51085 stopped"}
{"level":30,"time":1640024128211,"pid":1655,"hostname":"fv-az121-81","name":"@waytrade/microservice-core","msg":"App stopped."}
{"level":30,"time":1640024128212,"pid":1655,"hostname":"fv-az121-81","name":"@waytrade/microservice-core","msg":"Starting App..."}
{"level":20,"time":1640024128212,"pid":1655,"hostname":"fv-az121-81","name":"@waytrade/microservice-core","msg":"Starting HTTP Server on port 0"}
{"level":20,"time":1640024128212,"pid":1655,"hostname":"fv-az121-81","name":"@waytrade/microservice-core","msg":"HTTP Server listening on port 34131"}
{"level":20,"time":1640024128212,"pid":1655,"hostname":"fv-az121-81","name":"@waytrade/microservice-core","msg":"Starting HTTP Server on port 0"}
{"level":20,"time":1640024128212,"pid":1655,"hostname":"fv-az121-81","name":"@waytrade/microservice-core","msg":"HTTP Server listening on port 38219"}
{"level":50,"time":1640024128212,"pid":1655,"hostname":"fv-az121-81","name":"@waytrade/microservice-core","msg":"App start failed: Controller booth failed"}
{"level":20,"time":1640024128213,"pid":1655,"hostname":"fv-az121-81","name":"@waytrade/microservice-core","msg":"HTTP Server on port 34131 stopped"}
{"level":20,"time":1640024128213,"pid":1655,"hostname":"fv-az121-81","name":"@waytrade/microservice-core","msg":"HTTP Server on port 38219 stopped"}
{"level":30,"time":1640024128213,"pid":1655,"hostname":"fv-az121-81","name":"@waytrade/microservice-core","msg":"App stopped."}
{"level":30,"time":1640024129204,"pid":1655,"hostname":"fv-az121-81","name":"@waytrade/microservice-core","msg":"Starting App..."}
{"level":20,"time":1640024129205,"pid":1655,"hostname":"fv-az121-81","name":"@waytrade/microservice-core","msg":"Starting HTTP Server on port 0"}
{"level":20,"time":1640024129206,"pid":1655,"hostname":"fv-az121-81","name":"@waytrade/microservice-core","msg":"HTTP Server listening on port 53169"}
{"level":30,"time":1640024129206,"pid":1655,"hostname":"fv-az121-81","name":"@waytrade/microservice-core","msg":"API Server started at port 53169"}
{"level":20,"time":1640024129208,"pid":1655,"hostname":"fv-az121-81","name":"@waytrade/microservice-core","msg":"HTTP Server on port 53169 stopped"}
{"level":30,"time":1640024129208,"pid":1655,"hostname":"fv-az121-81","name":"@waytrade/microservice-core","msg":"App stopped."}
{"level":30,"time":1640024129210,"pid":1655,"hostname":"fv-az121-81","name":"@waytrade/microservice-core","msg":"Starting App..."}
{"level":20,"time":1640024129210,"pid":1655,"hostname":"fv-az121-81","name":"@waytrade/microservice-core","msg":"Starting HTTP Server on port 0"}
{"level":20,"time":1640024129210,"pid":1655,"hostname":"fv-az121-81","name":"@waytrade/microservice-core","msg":"HTTP Server listening on port 53557"}
{"level":30,"time":1640024129210,"pid":1655,"hostname":"fv-az121-81","name":"@waytrade/microservice-core","msg":"API Server started at port 53557"}
{"level":20,"time":1640024129211,"pid":1655,"hostname":"fv-az121-81","name":"@waytrade/microservice-core","msg":"HTTP Server on port 53557 stopped"}
{"level":30,"time":1640024129211,"pid":1655,"hostname":"fv-az121-81","name":"@waytrade/microservice-core","msg":"App stopped."}
{"level":30,"time":1640024129212,"pid":1655,"hostname":"fv-az121-81","name":"@waytrade/microservice-core","msg":"Starting App..."}
{"level":20,"time":1640024129213,"pid":1655,"hostname":"fv-az121-81","name":"@waytrade/microservice-core","msg":"Starting HTTP Server on port 0"}
{"level":20,"time":1640024129213,"pid":1655,"hostname":"fv-az121-81","name":"@waytrade/microservice-core","msg":"HTTP Server listening on port 49301"}
{"level":50,"time":1640024129213,"pid":1655,"hostname":"fv-az121-81","name":"@waytrade/microservice-core","msg":"App start failed: Controller booth failed"}
{"level":20,"time":1640024129214,"pid":1655,"hostname":"fv-az121-81","name":"@waytrade/microservice-core","msg":"HTTP Server on port 49301 stopped"}
{"level":30,"time":1640024129214,"pid":1655,"hostname":"fv-az121-81","name":"@waytrade/microservice-core","msg":"App stopped."}
{"level":30,"time":1640024129215,"pid":1655,"hostname":"fv-az121-81","name":"@waytrade/microservice-core","msg":"Starting App..."}
{"level":20,"time":1640024129215,"pid":1655,"hostname":"fv-az121-81","name":"@waytrade/microservice-core","msg":"Starting HTTP Server on port 0"}
{"level":20,"time":1640024129215,"pid":1655,"hostname":"fv-az121-81","name":"@waytrade/microservice-core","msg":"HTTP Server listening on port 52637"}
{"level":50,"time":1640024129215,"pid":1655,"hostname":"fv-az121-81","name":"@waytrade/microservice-core","msg":"App start failed: Controller booth failed"}
{"level":20,"time":1640024129215,"pid":1655,"hostname":"fv-az121-81","name":"@waytrade/microservice-core","msg":"HTTP Server on port 52637 stopped"}
{"level":30,"time":1640024129215,"pid":1655,"hostname":"fv-az121-81","name":"@waytrade/microservice-core","msg":"App stopped."}
{"level":30,"time":1640024129217,"pid":1655,"hostname":"fv-az121-81","name":"@waytrade/microservice-core","msg":"Starting App..."}
{"level":20,"time":1640024129217,"pid":1655,"hostname":"fv-az121-81","name":"@waytrade/microservice-core","msg":"Starting HTTP Server on port 0"}
{"level":20,"time":1640024129217,"pid":1655,"hostname":"fv-az121-81","name":"@waytrade/microservice-core","msg":"HTTP Server listening on port 55407"}
{"level":50,"time":1640024129217,"pid":1655,"hostname":"fv-az121-81","name":"@waytrade/microservice-core","msg":"App start failed: Controller booth failed"}
{"level":20,"time":1640024129217,"pid":1655,"hostname":"fv-az121-81","name":"@waytrade/microservice-core","msg":"HTTP Server on port 55407 stopped"}
{"level":30,"time":1640024129217,"pid":1655,"hostname":"fv-az121-81","name":"@waytrade/microservice-core","msg":"App stopped."}
{"level":30,"time":1640024129218,"pid":1655,"hostname":"fv-az121-81","name":"@waytrade/microservice-core","msg":"Starting App..."}
{"level":20,"time":1640024129218,"pid":1655,"hostname":"fv-az121-81","name":"@waytrade/microservice-core","msg":"Starting HTTP Server on port 0"}
{"level":20,"time":1640024129218,"pid":1655,"hostname":"fv-az121-81","name":"@waytrade/microservice-core","msg":"HTTP Server listening on port 34779"}
{"level":50,"time":1640024129219,"pid":1655,"hostname":"fv-az121-81","name":"@waytrade/microservice-core","msg":"App start failed: Controller booth failed"}
{"level":20,"time":1640024129219,"pid":1655,"hostname":"fv-az121-81","name":"@waytrade/microservice-core","msg":"HTTP Server on port 34779 stopped"}
{"level":30,"time":1640024129219,"pid":1655,"hostname":"fv-az121-81","name":"@waytrade/microservice-core","msg":"App stopped."}
{"level":30,"time":1640024130226,"pid":1655,"hostname":"fv-az121-81","name":"@waytrade/microservice-core","msg":"Starting App..."}
{"level":20,"time":1640024130227,"pid":1655,"hostname":"fv-az121-81","name":"@waytrade/microservice-core","msg":"Starting HTTP Server on port 0"}
{"level":20,"time":1640024130228,"pid":1655,"hostname":"fv-az121-81","name":"@waytrade/microservice-core","msg":"HTTP Server listening on port 60105"}
{"level":30,"time":1640024130228,"pid":1655,"hostname":"fv-az121-81","name":"@waytrade/microservice-core","msg":"API Server started at port 60105"}
{"level":20,"time":1640024130229,"pid":1655,"hostname":"fv-az121-81","name":"@waytrade/microservice-core","msg":"HTTP Server on port 60105 stopped"}
{"level":30,"time":1640024130229,"pid":1655,"hostname":"fv-az121-81","name":"@waytrade/microservice-core","msg":"App stopped."}
{"level":30,"time":1640024130231,"pid":1655,"hostname":"fv-az121-81","name":"@waytrade/microservice-core","msg":"Starting App..."}
{"level":20,"time":1640024130232,"pid":1655,"hostname":"fv-az121-81","name":"@waytrade/microservice-core","msg":"Starting HTTP Server on port 0"}
{"level":20,"time":1640024130232,"pid":1655,"hostname":"fv-az121-81","name":"@waytrade/microservice-core","msg":"HTTP Server listening on port 58927"}
{"level":30,"time":1640024130232,"pid":1655,"hostname":"fv-az121-81","name":"@waytrade/microservice-core","msg":"API Server started at port 58927"}
{"level":20,"time":1640024130232,"pid":1655,"hostname":"fv-az121-81","name":"@waytrade/microservice-core","msg":"HTTP Server on port 58927 stopped"}
{"level":30,"time":1640024130233,"pid":1655,"hostname":"fv-az121-81","name":"@waytrade/microservice-core","msg":"App stopped."}
{"level":30,"time":1640024130234,"pid":1655,"hostname":"fv-az121-81","name":"@waytrade/microservice-core","msg":"Starting App..."}
{"level":50,"time":1640024130234,"pid":1655,"hostname":"fv-az121-81","name":"@waytrade/microservice-core","msg":"App start failed: Controller booth failed"}
{"level":30,"time":1640024130235,"pid":1655,"hostname":"fv-az121-81","name":"@waytrade/microservice-core","msg":"App stopped."}
{"level":30,"time":1640024130236,"pid":1655,"hostname":"fv-az121-81","name":"@waytrade/microservice-core","msg":"Starting App..."}
{"level":50,"time":1640024130236,"pid":1655,"hostname":"fv-az121-81","name":"@waytrade/microservice-core","msg":"App start failed: Controller booth failed"}
{"level":30,"time":1640024130236,"pid":1655,"hostname":"fv-az121-81","name":"@waytrade/microservice-core","msg":"App stopped."}
{"level":30,"time":1640024130237,"pid":1655,"hostname":"fv-az121-81","name":"@waytrade/microservice-core","msg":"Starting App..."}
{"level":50,"time":1640024130237,"pid":1655,"hostname":"fv-az121-81","name":"@waytrade/microservice-core","msg":"App start failed: Controller booth failed"}
{"level":30,"time":1640024130238,"pid":1655,"hostname":"fv-az121-81","name":"@waytrade/microservice-core","msg":"App stopped."}
{"level":30,"time":1640024130239,"pid":1655,"hostname":"fv-az121-81","name":"@waytrade/microservice-core","msg":"Starting App..."}
{"level":50,"time":1640024130239,"pid":1655,"hostname":"fv-az121-81","name":"@waytrade/microservice-core","msg":"App start failed: Controller booth failed"}
{"level":30,"time":1640024130239,"pid":1655,"hostname":"fv-az121-81","name":"@waytrade/microservice-core","msg":"App stopped."}
{"level":20,"time":1640024131205,"pid":1655,"hostname":"fv-az121-81","name":"@waytrade/microservice-core","msg":"Starting HTTP Server on port 0"}
{"level":20,"time":1640024131206,"pid":1655,"hostname":"fv-az121-81","name":"@waytrade/microservice-core","msg":"HTTP Server listening on port 55513"}
{"level":20,"time":1640024131207,"pid":1655,"hostname":"fv-az121-81","name":"@waytrade/microservice-core","msg":"HTTP Server on port 55513 stopped"}
{"level":20,"time":1640024131207,"pid":1655,"hostname":"fv-az121-81","name":"@waytrade/microservice-core","msg":"Starting HTTP Server on port 3999"}
{"level":20,"time":1640024131208,"pid":1655,"hostname":"fv-az121-81","name":"@waytrade/microservice-core","msg":"HTTP Server listening on port 3999"}
{"level":20,"time":1640024131208,"pid":1655,"hostname":"fv-az121-81","name":"@waytrade/microservice-core","msg":"HTTP Server on port 3999 stopped"}
{"level":20,"time":1640024131208,"pid":1655,"hostname":"fv-az121-81","name":"@waytrade/microservice-core","msg":"Starting HTTP Server on port 0"}
{"level":20,"time":1640024131209,"pid":1655,"hostname":"fv-az121-81","name":"@waytrade/microservice-core","msg":"HTTP Server listening on port 40303"}
{"level":20,"time":1640024131215,"pid":1655,"hostname":"fv-az121-81","name":"@waytrade/microservice-core","msg":"/some/invalid/path not found."}
{"level":20,"time":1640024131216,"pid":1655,"hostname":"fv-az121-81","name":"@waytrade/microservice-core","msg":"HTTP Server on port 40303 stopped"}
{"level":20,"time":1640024131217,"pid":1655,"hostname":"fv-az121-81","name":"@waytrade/microservice-core","msg":"Starting HTTP Server on port 0"}
{"level":20,"time":1640024131217,"pid":1655,"hostname":"fv-az121-81","name":"@waytrade/microservice-core","msg":"HTTP Server listening on port 55021"}
{"level":20,"time":1640024131219,"pid":1655,"hostname":"fv-az121-81","name":"@waytrade/microservice-core","msg":"HTTP Server on port 55021 stopped"}
{"level":20,"time":1640024131220,"pid":1655,"hostname":"fv-az121-81","name":"@waytrade/microservice-core","msg":"Starting HTTP Server on port 0"}
{"level":20,"time":1640024131220,"pid":1655,"hostname":"fv-az121-81","name":"@waytrade/microservice-core","msg":"HTTP Server listening on port 47067"}
{"level":20,"time":1640024131222,"pid":1655,"hostname":"fv-az121-81","name":"@waytrade/microservice-core","msg":"HTTP Server on port 47067 stopped"}
{"level":20,"time":1640024131222,"pid":1655,"hostname":"fv-az121-81","name":"@waytrade/microservice-core","msg":"Starting HTTP Server on port 0"}
{"level":20,"time":1640024131222,"pid":1655,"hostname":"fv-az121-81","name":"@waytrade/microservice-core","msg":"HTTP Server listening on port 50323"}
{"level":20,"time":1640024131224,"pid":1655,"hostname":"fv-az121-81","name":"@waytrade/microservice-core","msg":"HTTP get /api/dummy/customResponseHeader -> 200 (1ms)"}
{"level":20,"time":1640024131224,"pid":1655,"hostname":"fv-az121-81","name":"@waytrade/microservice-core","msg":"HTTP Server on port 50323 stopped"}
{"level":30,"time":1640024132208,"pid":1655,"hostname":"fv-az121-81","name":"@waytrade/microservice-core","msg":"Starting App..."}
{"level":20,"time":1640024132210,"pid":1655,"hostname":"fv-az121-81","name":"@waytrade/microservice-core","msg":"Starting HTTP Server on port 0"}
{"level":20,"time":1640024132210,"pid":1655,"hostname":"fv-az121-81","name":"@waytrade/microservice-core","msg":"HTTP Server listening on port 40895"}
{"level":20,"time":1640024132210,"pid":1655,"hostname":"fv-az121-81","name":"@waytrade/microservice-core","msg":"Starting HTTP Server on port 0"}
{"level":20,"time":1640024132210,"pid":1655,"hostname":"fv-az121-81","name":"@waytrade/microservice-core","msg":"HTTP Server listening on port 39849"}
{"level":30,"time":1640024132211,"pid":1655,"hostname":"fv-az121-81","name":"@waytrade/microservice-core","msg":"API Server started at port 40895"}
{"level":30,"time":1640024132211,"pid":1655,"hostname":"fv-az121-81","name":"@waytrade/microservice-core","msg":"Webhook Callback Server started at port 39849"}
{"level":30,"time":1640024132211,"pid":1655,"hostname":"fv-az121-81","name":"@waytrade/microservice-core","msg":"Starting App..."}
{"level":20,"time":1640024132212,"pid":1655,"hostname":"fv-az121-81","name":"@waytrade/microservice-core","msg":"Starting HTTP Server on port 0"}
{"level":20,"time":1640024132212,"pid":1655,"hostname":"fv-az121-81","name":"@waytrade/microservice-core","msg":"HTTP Server listening on port 60405"}
{"level":20,"time":1640024132212,"pid":1655,"hostname":"fv-az121-81","name":"@waytrade/microservice-core","msg":"Starting HTTP Server on port 0"}
{"level":20,"time":1640024132212,"pid":1655,"hostname":"fv-az121-81","name":"@waytrade/microservice-core","msg":"HTTP Server listening on port 50907"}
{"level":30,"time":1640024132212,"pid":1655,"hostname":"fv-az121-81","name":"@waytrade/microservice-core","msg":"API Server started at port 60405"}
{"level":30,"time":1640024132212,"pid":1655,"hostname":"fv-az121-81","name":"@waytrade/microservice-core","msg":"Webhook Callback Server started at port 50907"}
{"level":20,"time":1640024132219,"pid":1655,"hostname":"fv-az121-81","name":"@waytrade/microservice-core","msg":"HTTP get /api/test/ -> 200 (1ms)"}
{"level":20,"time":1640024132223,"pid":1655,"hostname":"fv-az121-81","name":"@waytrade/microservice-core","msg":"HTTP get /api/test/ -> 200 (0ms)"}
{"level":50,"time":1640024132228,"pid":1655,"hostname":"fv-az121-81","name":"@waytrade/microservice-core","msg":"onVerifyBearerAuth not implement, rejecting request."}
{"level":20,"time":1640024132230,"pid":1655,"hostname":"fv-az121-81","name":"@waytrade/microservice-core","msg":"HTTP get /api/test/ -> 200 (1ms)"}
{"level":20,"time":1640024132231,"pid":1655,"hostname":"fv-az121-81","name":"@waytrade/microservice-core","msg":"HTTP get /api/test/ -> 200 (0ms)"}
{"level":50,"time":1640024132235,"pid":1655,"hostname":"fv-az121-81","name":"@waytrade/microservice-core","msg":"onVerifyBearerAuth not implement, rejecting request."}
{"level":20,"time":1640024132236,"pid":1655,"hostname":"fv-az121-81","name":"@waytrade/microservice-core","msg":"HTTP Server on port 40895 stopped"}
{"level":20,"time":1640024132236,"pid":1655,"hostname":"fv-az121-81","name":"@waytrade/microservice-core","msg":"HTTP Server on port 39849 stopped"}
{"level":30,"time":1640024132236,"pid":1655,"hostname":"fv-az121-81","name":"@waytrade/microservice-core","msg":"App stopped."}
{"level":20,"time":1640024132236,"pid":1655,"hostname":"fv-az121-81","name":"@waytrade/microservice-core","msg":"HTTP Server on port 60405 stopped"}
{"level":20,"time":1640024132237,"pid":1655,"hostname":"fv-az121-81","name":"@waytrade/microservice-core","msg":"HTTP Server on port 50907 stopped"}
{"level":30,"time":1640024132237,"pid":1655,"hostname":"fv-az121-81","name":"@waytrade/microservice-core","msg":"App stopped."}
{"level":30,"time":1640024134324,"pid":1655,"hostname":"fv-az121-81","name":"@waytrade/microservice-core","msg":"Starting App..."}
{"level":20,"time":1640024134326,"pid":1655,"hostname":"fv-az121-81","name":"@waytrade/microservice-core","msg":"Starting HTTP Server on port 0"}
{"level":20,"time":1640024134326,"pid":1655,"hostname":"fv-az121-81","name":"@waytrade/microservice-core","msg":"HTTP Server listening on port 46641"}
{"level":20,"time":1640024134326,"pid":1655,"hostname":"fv-az121-81","name":"@waytrade/microservice-core","msg":"Starting HTTP Server on port 0"}
{"level":20,"time":1640024134326,"pid":1655,"hostname":"fv-az121-81","name":"@waytrade/microservice-core","msg":"HTTP Server listening on port 47533"}
{"level":30,"time":1640024134327,"pid":1655,"hostname":"fv-az121-81","name":"@waytrade/microservice-core","msg":"API Server started at port 46641"}
{"level":30,"time":1640024134327,"pid":1655,"hostname":"fv-az121-81","name":"@waytrade/microservice-core","msg":"Webhook Callback Server started at port 47533"}
{"level":20,"time":1640024134333,"pid":1655,"hostname":"fv-az121-81","name":"@waytrade/microservice-core","msg":"HTTP get /api/ -> 200 (1ms)"}
{"level":20,"time":1640024134335,"pid":1655,"hostname":"fv-az121-81","name":"@waytrade/microservice-core","msg":"HTTP Server on port 46641 stopped"}
{"level":20,"time":1640024134336,"pid":1655,"hostname":"fv-az121-81","name":"@waytrade/microservice-core","msg":"HTTP Server on port 47533 stopped"}
{"level":30,"time":1640024134336,"pid":1655,"hostname":"fv-az121-81","name":"@waytrade/microservice-core","msg":"App stopped."}
{"level":30,"time":1640024134337,"pid":1655,"hostname":"fv-az121-81","name":"@waytrade/microservice-core","msg":"Starting App..."}
{"level":20,"time":1640024134337,"pid":1655,"hostname":"fv-az121-81","name":"@waytrade/microservice-core","msg":"Starting HTTP Server on port 0"}
{"level":20,"time":1640024134338,"pid":1655,"hostname":"fv-az121-81","name":"@waytrade/microservice-core","msg":"HTTP Server listening on port 38251"}
{"level":20,"time":1640024134338,"pid":1655,"hostname":"fv-az121-81","name":"@waytrade/microservice-core","msg":"Starting HTTP Server on port 0"}
{"level":20,"time":1640024134338,"pid":1655,"hostname":"fv-az121-81","name":"@waytrade/microservice-core","msg":"HTTP Server listening on port 44739"}
{"level":30,"time":1640024134338,"pid":1655,"hostname":"fv-az121-81","name":"@waytrade/microservice-core","msg":"API Server started at port 38251"}
{"level":30,"time":1640024134338,"pid":1655,"hostname":"fv-az121-81","name":"@waytrade/microservice-core","msg":"Webhook Callback Server started at port 44739"}
{"level":20,"time":1640024134339,"pid":1655,"hostname":"fv-az121-81","name":"@waytrade/microservice-core","msg":"HTTP get / -> 200 (0ms)"}
{"level":20,"time":1640024134340,"pid":1655,"hostname":"fv-az121-81","name":"@waytrade/microservice-core","msg":"HTTP Server on port 38251 stopped"}
{"level":20,"time":1640024134340,"pid":1655,"hostname":"fv-az121-81","name":"@waytrade/microservice-core","msg":"HTTP Server on port 44739 stopped"}
{"level":30,"time":1640024134340,"pid":1655,"hostname":"fv-az121-81","name":"@waytrade/microservice-core","msg":"App stopped."}
{"level":30,"time":1640024134341,"pid":1655,"hostname":"fv-az121-81","name":"@waytrade/microservice-core","msg":"Starting App..."}
{"level":20,"time":1640024134341,"pid":1655,"hostname":"fv-az121-81","name":"@waytrade/microservice-core","msg":"Starting HTTP Server on port 0"}
{"level":20,"time":1640024134341,"pid":1655,"hostname":"fv-az121-81","name":"@waytrade/microservice-core","msg":"HTTP Server listening on port 41289"}
{"level":20,"time":1640024134341,"pid":1655,"hostname":"fv-az121-81","name":"@waytrade/microservice-core","msg":"Starting HTTP Server on port 0"}
{"level":20,"time":1640024134341,"pid":1655,"hostname":"fv-az121-81","name":"@waytrade/microservice-core","msg":"HTTP Server listening on port 36341"}
{"level":30,"time":1640024134342,"pid":1655,"hostname":"fv-az121-81","name":"@waytrade/microservice-core","msg":"API Server started at port 41289"}
{"level":30,"time":1640024134342,"pid":1655,"hostname":"fv-az121-81","name":"@waytrade/microservice-core","msg":"Webhook Callback Server started at port 36341"}
{"level":20,"time":1640024134343,"pid":1655,"hostname":"fv-az121-81","name":"@waytrade/microservice-core","msg":"HTTP get /api/ -> 200 (1ms)"}
{"level":20,"time":1640024134343,"pid":1655,"hostname":"fv-az121-81","name":"@waytrade/microservice-core","msg":"HTTP Server on port 41289 stopped"}
{"level":20,"time":1640024134343,"pid":1655,"hostname":"fv-az121-81","name":"@waytrade/microservice-core","msg":"HTTP Server on port 36341 stopped"}
{"level":30,"time":1640024134343,"pid":1655,"hostname":"fv-az121-81","name":"@waytrade/microservice-core","msg":"App stopped."}
{"level":30,"time":1640024134344,"pid":1655,"hostname":"fv-az121-81","name":"@waytrade/microservice-core","msg":"Starting App..."}
{"level":20,"time":1640024134345,"pid":1655,"hostname":"fv-az121-81","name":"@waytrade/microservice-core","msg":"Starting HTTP Server on port 0"}
{"level":20,"time":1640024134345,"pid":1655,"hostname":"fv-az121-81","name":"@waytrade/microservice-core","msg":"HTTP Server listening on port 43811"}
{"level":20,"time":1640024134345,"pid":1655,"hostname":"fv-az121-81","name":"@waytrade/microservice-core","msg":"Starting HTTP Server on port 0"}
{"level":20,"time":1640024134345,"pid":1655,"hostname":"fv-az121-81","name":"@waytrade/microservice-core","msg":"HTTP Server listening on port 49419"}
{"level":30,"time":1640024134345,"pid":1655,"hostname":"fv-az121-81","name":"@waytrade/microservice-core","msg":"API Server started at port 43811"}
{"level":30,"time":1640024134345,"pid":1655,"hostname":"fv-az121-81","name":"@waytrade/microservice-core","msg":"Webhook Callback Server started at port 49419"}
{"level":20,"time":1640024134347,"pid":1655,"hostname":"fv-az121-81","name":"@waytrade/microservice-core","msg":"HTTP Server on port 43811 stopped"}
{"level":20,"time":1640024134347,"pid":1655,"hostname":"fv-az121-81","name":"@waytrade/microservice-core","msg":"HTTP Server on port 49419 stopped"}
{"level":30,"time":1640024134347,"pid":1655,"hostname":"fv-az121-81","name":"@waytrade/microservice-core","msg":"App stopped."}
{"level":30,"time":1640024135285,"pid":1655,"hostname":"fv-az121-81","name":"@waytrade/microservice-core","msg":"Starting App..."}
{"level":20,"time":1640024135287,"pid":1655,"hostname":"fv-az121-81","name":"@waytrade/microservice-core","msg":"Starting HTTP Server on port 0"}
{"level":20,"time":1640024135287,"pid":1655,"hostname":"fv-az121-81","name":"@waytrade/microservice-core","msg":"HTTP Server listening on port 33021"}
{"level":20,"time":1640024135287,"pid":1655,"hostname":"fv-az121-81","name":"@waytrade/microservice-core","msg":"Starting HTTP Server on port 0"}
{"level":20,"time":1640024135287,"pid":1655,"hostname":"fv-az121-81","name":"@waytrade/microservice-core","msg":"HTTP Server listening on port 36741"}
{"level":30,"time":1640024135287,"pid":1655,"hostname":"fv-az121-81","name":"@waytrade/microservice-core","msg":"API Server started at port 33021"}
{"level":30,"time":1640024135287,"pid":1655,"hostname":"fv-az121-81","name":"@waytrade/microservice-core","msg":"Webhook Callback Server started at port 36741"}
{"level":20,"time":1640024135289,"pid":1655,"hostname":"fv-az121-81","name":"@waytrade/microservice-core","msg":"HTTP Server on port 33021 stopped"}
{"level":20,"time":1640024135289,"pid":1655,"hostname":"fv-az121-81","name":"@waytrade/microservice-core","msg":"HTTP Server on port 36741 stopped"}
{"level":30,"time":1640024135289,"pid":1655,"hostname":"fv-az121-81","name":"@waytrade/microservice-core","msg":"App stopped."}
{"level":30,"time":1640024135291,"pid":1655,"hostname":"fv-az121-81","name":"@waytrade/microservice-core","msg":"Starting App..."}
{"level":20,"time":1640024135291,"pid":1655,"hostname":"fv-az121-81","name":"@waytrade/microservice-core","msg":"Starting HTTP Server on port 0"}
{"level":20,"time":1640024135291,"pid":1655,"hostname":"fv-az121-81","name":"@waytrade/microservice-core","msg":"HTTP Server listening on port 57189"}
{"level":20,"time":1640024135291,"pid":1655,"hostname":"fv-az121-81","name":"@waytrade/microservice-core","msg":"Starting HTTP Server on port 0"}
{"level":20,"time":1640024135291,"pid":1655,"hostname":"fv-az121-81","name":"@waytrade/microservice-core","msg":"HTTP Server listening on port 35785"}
{"level":30,"time":1640024135292,"pid":1655,"hostname":"fv-az121-81","name":"@waytrade/microservice-core","msg":"API Server started at port 57189"}
{"level":30,"time":1640024135292,"pid":1655,"hostname":"fv-az121-81","name":"@waytrade/microservice-core","msg":"Webhook Callback Server started at port 35785"}
{"level":20,"time":1640024135292,"pid":1655,"hostname":"fv-az121-81","name":"@waytrade/microservice-core","msg":"HTTP Server on port 57189 stopped"}
{"level":20,"time":1640024135292,"pid":1655,"hostname":"fv-az121-81","name":"@waytrade/microservice-core","msg":"HTTP Server on port 35785 stopped"}
{"level":30,"time":1640024135292,"pid":1655,"hostname":"fv-az121-81","name":"@waytrade/microservice-core","msg":"App stopped."}
{"level":30,"time":1640024135293,"pid":1655,"hostname":"fv-az121-81","name":"@waytrade/microservice-core","msg":"Starting App..."}
{"level":20,"time":1640024135293,"pid":1655,"hostname":"fv-az121-81","name":"@waytrade/microservice-core","msg":"Starting HTTP Server on port 0"}
{"level":20,"time":1640024135294,"pid":1655,"hostname":"fv-az121-81","name":"@waytrade/microservice-core","msg":"HTTP Server listening on port 58631"}
{"level":20,"time":1640024135294,"pid":1655,"hostname":"fv-az121-81","name":"@waytrade/microservice-core","msg":"Starting HTTP Server on port 0"}
{"level":20,"time":1640024135294,"pid":1655,"hostname":"fv-az121-81","name":"@waytrade/microservice-core","msg":"HTTP Server listening on port 39461"}
{"level":30,"time":1640024135294,"pid":1655,"hostname":"fv-az121-81","name":"@waytrade/microservice-core","msg":"API Server started at port 58631"}
{"level":30,"time":1640024135294,"pid":1655,"hostname":"fv-az121-81","name":"@waytrade/microservice-core","msg":"Webhook Callback Server started at port 39461"}
{"level":20,"time":1640024135294,"pid":1655,"hostname":"fv-az121-81","name":"@waytrade/microservice-core","msg":"HTTP Server on port 58631 stopped"}
{"level":20,"time":1640024135294,"pid":1655,"hostname":"fv-az121-81","name":"@waytrade/microservice-core","msg":"HTTP Server on port 39461 stopped"}
{"level":30,"time":1640024135294,"pid":1655,"hostname":"fv-az121-81","name":"@waytrade/microservice-core","msg":"App stopped."}
{"level":30,"time":1640024135295,"pid":1655,"hostname":"fv-az121-81","name":"@waytrade/microservice-core","msg":"Starting App..."}
{"level":20,"time":1640024135296,"pid":1655,"hostname":"fv-az121-81","name":"@waytrade/microservice-core","msg":"Starting HTTP Server on port 0"}
{"level":20,"time":1640024135296,"pid":1655,"hostname":"fv-az121-81","name":"@waytrade/microservice-core","msg":"HTTP Server listening on port 59045"}
{"level":20,"time":1640024135296,"pid":1655,"hostname":"fv-az121-81","name":"@waytrade/microservice-core","msg":"Starting HTTP Server on port 0"}
{"level":20,"time":1640024135296,"pid":1655,"hostname":"fv-az121-81","name":"@waytrade/microservice-core","msg":"HTTP Server listening on port 44643"}
{"level":30,"time":1640024135296,"pid":1655,"hostname":"fv-az121-81","name":"@waytrade/microservice-core","msg":"API Server started at port 59045"}
{"level":30,"time":1640024135296,"pid":1655,"hostname":"fv-az121-81","name":"@waytrade/microservice-core","msg":"Webhook Callback Server started at port 44643"}
{"level":20,"time":1640024135296,"pid":1655,"hostname":"fv-az121-81","name":"@waytrade/microservice-core","msg":"HTTP Server on port 59045 stopped"}
{"level":20,"time":1640024135296,"pid":1655,"hostname":"fv-az121-81","name":"@waytrade/microservice-core","msg":"HTTP Server on port 44643 stopped"}
{"level":30,"time":1640024135296,"pid":1655,"hostname":"fv-az121-81","name":"@waytrade/microservice-core","msg":"App stopped."}
{"level":30,"time":1640024136248,"pid":1655,"hostname":"fv-az121-81","name":"@waytrade/microservice-core","msg":"Starting App..."}
{"level":20,"time":1640024136250,"pid":1655,"hostname":"fv-az121-81","name":"@waytrade/microservice-core","msg":"Starting HTTP Server on port 0"}
{"level":20,"time":1640024136250,"pid":1655,"hostname":"fv-az121-81","name":"@waytrade/microservice-core","msg":"HTTP Server listening on port 41959"}
{"level":30,"time":1640024136250,"pid":1655,"hostname":"fv-az121-81","name":"@waytrade/microservice-core","msg":"API Server started at port 41959"}
{"level":20,"time":1640024136252,"pid":1655,"hostname":"fv-az121-81","name":"@waytrade/microservice-core","msg":"HTTP Server on port 41959 stopped"}
{"level":30,"time":1640024136252,"pid":1655,"hostname":"fv-az121-81","name":"@waytrade/microservice-core","msg":"App stopped."}
{"level":30,"time":1640024136254,"pid":1655,"hostname":"fv-az121-81","name":"@waytrade/microservice-core","msg":"Starting App..."}
{"level":20,"time":1640024136254,"pid":1655,"hostname":"fv-az121-81","name":"@waytrade/microservice-core","msg":"Starting HTTP Server on port 0"}
{"level":20,"time":1640024136254,"pid":1655,"hostname":"fv-az121-81","name":"@waytrade/microservice-core","msg":"HTTP Server listening on port 36035"}
{"level":30,"time":1640024136254,"pid":1655,"hostname":"fv-az121-81","name":"@waytrade/microservice-core","msg":"API Server started at port 36035"}
{"level":20,"time":1640024136254,"pid":1655,"hostname":"fv-az121-81","name":"@waytrade/microservice-core","msg":"HTTP Server on port 36035 stopped"}
{"level":30,"time":1640024136254,"pid":1655,"hostname":"fv-az121-81","name":"@waytrade/microservice-core","msg":"App stopped."}
{"level":30,"time":1640024136255,"pid":1655,"hostname":"fv-az121-81","name":"@waytrade/microservice-core","msg":"Starting App..."}
{"level":20,"time":1640024136256,"pid":1655,"hostname":"fv-az121-81","name":"@waytrade/microservice-core","msg":"Starting HTTP Server on port 0"}
{"level":20,"time":1640024136256,"pid":1655,"hostname":"fv-az121-81","name":"@waytrade/microservice-core","msg":"HTTP Server listening on port 36777"}
{"level":30,"time":1640024136256,"pid":1655,"hostname":"fv-az121-81","name":"@waytrade/microservice-core","msg":"API Server started at port 36777"}
{"level":20,"time":1640024136256,"pid":1655,"hostname":"fv-az121-81","name":"@waytrade/microservice-core","msg":"HTTP Server on port 36777 stopped"}
{"level":30,"time":1640024136256,"pid":1655,"hostname":"fv-az121-81","name":"@waytrade/microservice-core","msg":"App stopped."}
{"level":30,"time":1640024136257,"pid":1655,"hostname":"fv-az121-81","name":"@waytrade/microservice-core","msg":"Starting App..."}
{"level":20,"time":1640024136258,"pid":1655,"hostname":"fv-az121-81","name":"@waytrade/microservice-core","msg":"Starting HTTP Server on port 0"}
{"level":20,"time":1640024136258,"pid":1655,"hostname":"fv-az121-81","name":"@waytrade/microservice-core","msg":"HTTP Server listening on port 38033"}
{"level":30,"time":1640024136258,"pid":1655,"hostname":"fv-az121-81","name":"@waytrade/microservice-core","msg":"API Server started at port 38033"}
{"level":20,"time":1640024136258,"pid":1655,"hostname":"fv-az121-81","name":"@waytrade/microservice-core","msg":"HTTP Server on port 38033 stopped"}
{"level":30,"time":1640024136258,"pid":1655,"hostname":"fv-az121-81","name":"@waytrade/microservice-core","msg":"App stopped."}
{"level":30,"time":1640024137572,"pid":1655,"hostname":"fv-az121-81","name":"@waytrade/microservice-core","msg":"Starting App..."}
{"level":20,"time":1640024137573,"pid":1655,"hostname":"fv-az121-81","name":"@waytrade/microservice-core","msg":"Starting HTTP Server on port 0"}
{"level":20,"time":1640024137574,"pid":1655,"hostname":"fv-az121-81","name":"@waytrade/microservice-core","msg":"HTTP Server listening on port 48465"}
{"level":30,"time":1640024137574,"pid":1655,"hostname":"fv-az121-81","name":"@waytrade/microservice-core","msg":"API Server started at port 48465"}
{"level":20,"time":1640024137576,"pid":1655,"hostname":"fv-az121-81","name":"@waytrade/microservice-core","msg":"HTTP Server on port 48465 stopped"}
{"level":30,"time":1640024137576,"pid":1655,"hostname":"fv-az121-81","name":"@waytrade/microservice-core","msg":"App stopped."}
{"level":30,"time":1640024137578,"pid":1655,"hostname":"fv-az121-81","name":"@waytrade/microservice-core","msg":"Starting App..."}
{"level":20,"time":1640024137578,"pid":1655,"hostname":"fv-az121-81","name":"@waytrade/microservice-core","msg":"Starting HTTP Server on port 0"}
{"level":20,"time":1640024137578,"pid":1655,"hostname":"fv-az121-81","name":"@waytrade/microservice-core","msg":"HTTP Server listening on port 60557"}
{"level":30,"time":1640024137578,"pid":1655,"hostname":"fv-az121-81","name":"@waytrade/microservice-core","msg":"API Server started at port 60557"}
{"level":20,"time":1640024137579,"pid":1655,"hostname":"fv-az121-81","name":"@waytrade/microservice-core","msg":"HTTP Server on port 60557 stopped"}
{"level":30,"time":1640024137579,"pid":1655,"hostname":"fv-az121-81","name":"@waytrade/microservice-core","msg":"App stopped."}
{"level":30,"time":1640024137580,"pid":1655,"hostname":"fv-az121-81","name":"@waytrade/microservice-core","msg":"Starting App..."}
{"level":20,"time":1640024137581,"pid":1655,"hostname":"fv-az121-81","name":"@waytrade/microservice-core","msg":"Starting HTTP Server on port 0"}
{"level":20,"time":1640024137581,"pid":1655,"hostname":"fv-az121-81","name":"@waytrade/microservice-core","msg":"HTTP Server listening on port 37049"}
{"level":30,"time":1640024137581,"pid":1655,"hostname":"fv-az121-81","name":"@waytrade/microservice-core","msg":"API Server started at port 37049"}
{"level":20,"time":1640024137581,"pid":1655,"hostname":"fv-az121-81","name":"@waytrade/microservice-core","msg":"HTTP Server on port 37049 stopped"}
{"level":30,"time":1640024137581,"pid":1655,"hostname":"fv-az121-81","name":"@waytrade/microservice-core","msg":"App stopped."}
{"level":30,"time":1640024137583,"pid":1655,"hostname":"fv-az121-81","name":"@waytrade/microservice-core","msg":"Starting App..."}
{"level":20,"time":1640024137583,"pid":1655,"hostname":"fv-az121-81","name":"@waytrade/microservice-core","msg":"Starting HTTP Server on port 0"}
{"level":20,"time":1640024137583,"pid":1655,"hostname":"fv-az121-81","name":"@waytrade/microservice-core","msg":"HTTP Server listening on port 59115"}
{"level":30,"time":1640024137583,"pid":1655,"hostname":"fv-az121-81","name":"@waytrade/microservice-core","msg":"API Server started at port 59115"}
{"level":20,"time":1640024137584,"pid":1655,"hostname":"fv-az121-81","name":"@waytrade/microservice-core","msg":"HTTP Server on port 59115 stopped"}
{"level":30,"time":1640024137584,"pid":1655,"hostname":"fv-az121-81","name":"@waytrade/microservice-core","msg":"App stopped."}
{"level":30,"time":1640024140014,"pid":1655,"hostname":"fv-az121-81","name":"@waytrade/microservice-core","msg":"Starting App..."}
{"level":20,"time":1640024140015,"pid":1655,"hostname":"fv-az121-81","name":"@waytrade/microservice-core","msg":"Starting HTTP Server on port 0"}
{"level":20,"time":1640024140015,"pid":1655,"hostname":"fv-az121-81","name":"@waytrade/microservice-core","msg":"HTTP Server listening on port 56025"}
{"level":30,"time":1640024140015,"pid":1655,"hostname":"fv-az121-81","name":"@waytrade/microservice-core","msg":"API Server started at port 56025"}
{"level":20,"time":1640024140017,"pid":1655,"hostname":"fv-az121-81","name":"@waytrade/microservice-core","msg":"HTTP Server on port 56025 stopped"}
{"level":30,"time":1640024140017,"pid":1655,"hostname":"fv-az121-81","name":"@waytrade/microservice-core","msg":"App stopped."}
{"level":30,"time":1640024140019,"pid":1655,"hostname":"fv-az121-81","name":"@waytrade/microservice-core","msg":"Starting App..."}
{"level":20,"time":1640024140019,"pid":1655,"hostname":"fv-az121-81","name":"@waytrade/microservice-core","msg":"Starting HTTP Server on port 0"}
{"level":20,"time":1640024140019,"pid":1655,"hostname":"fv-az121-81","name":"@waytrade/microservice-core","msg":"HTTP Server listening on port 48311"}
{"level":50,"time":1640024140019,"pid":1655,"hostname":"fv-az121-81","name":"@waytrade/microservice-core","msg":"App start failed: Controller booth failed"}
{"level":20,"time":1640024140020,"pid":1655,"hostname":"fv-az121-81","name":"@waytrade/microservice-core","msg":"HTTP Server on port 48311 stopped"}
{"level":30,"time":1640024140020,"pid":1655,"hostname":"fv-az121-81","name":"@waytrade/microservice-core","msg":"App stopped."}
{"level":30,"time":1640024140022,"pid":1655,"hostname":"fv-az121-81","name":"@waytrade/microservice-core","msg":"Starting App..."}
{"level":20,"time":1640024140022,"pid":1655,"hostname":"fv-az121-81","name":"@waytrade/microservice-core","msg":"Starting HTTP Server on port 0"}
{"level":20,"time":1640024140023,"pid":1655,"hostname":"fv-az121-81","name":"@waytrade/microservice-core","msg":"HTTP Server listening on port 40511"}
{"level":50,"time":1640024140023,"pid":1655,"hostname":"fv-az121-81","name":"@waytrade/microservice-core","msg":"App start failed: Controller booth failed"}
{"level":20,"time":1640024140023,"pid":1655,"hostname":"fv-az121-81","name":"@waytrade/microservice-core","msg":"HTTP Server on port 40511 stopped"}
{"level":30,"time":1640024140023,"pid":1655,"hostname":"fv-az121-81","name":"@waytrade/microservice-core","msg":"App stopped."}
{"level":30,"time":1640024140980,"pid":1655,"hostname":"fv-az121-81","name":"@waytrade/microservice-core","msg":"Starting App..."}
{"level":20,"time":1640024140981,"pid":1655,"hostname":"fv-az121-81","name":"@waytrade/microservice-core","msg":"Starting HTTP Server on port 0"}
{"level":20,"time":1640024140982,"pid":1655,"hostname":"fv-az121-81","name":"@waytrade/microservice-core","msg":"HTTP Server listening on port 33371"}
{"level":30,"time":1640024140982,"pid":1655,"hostname":"fv-az121-81","name":"@waytrade/microservice-core","msg":"API Server started at port 33371"}
{"level":20,"time":1640024140992,"pid":1655,"hostname":"fv-az121-81","name":"@waytrade/microservice-core","msg":"HTTP get /openapi.json -> 200 (2ms)"}
{"level":20,"time":1640024140994,"pid":1655,"hostname":"fv-az121-81","name":"@waytrade/microservice-core","msg":"HTTP Server on port 33371 stopped"}
{"level":30,"time":1640024140995,"pid":1655,"hostname":"fv-az121-81","name":"@waytrade/microservice-core","msg":"App stopped."}
{"level":30,"time":1640024141924,"pid":1655,"hostname":"fv-az121-81","name":"@waytrade/microservice-core","msg":"Starting App..."}
{"level":20,"time":1640024141925,"pid":1655,"hostname":"fv-az121-81","name":"@waytrade/microservice-core","msg":"Starting HTTP Server on port 0"}
{"level":20,"time":1640024141926,"pid":1655,"hostname":"fv-az121-81","name":"@waytrade/microservice-core","msg":"HTTP Server listening on port 57395"}
{"level":20,"time":1640024141926,"pid":1655,"hostname":"fv-az121-81","name":"@waytrade/microservice-core","msg":"Starting HTTP Server on port 0"}
{"level":20,"time":1640024141926,"pid":1655,"hostname":"fv-az121-81","name":"@waytrade/microservice-core","msg":"HTTP Server listening on port 59589"}
{"level":30,"time":1640024141926,"pid":1655,"hostname":"fv-az121-81","name":"@waytrade/microservice-core","msg":"API Server started at port 57395"}
{"level":30,"time":1640024141926,"pid":1655,"hostname":"fv-az121-81","name":"@waytrade/microservice-core","msg":"Webhook Callback Server started at port 59589"}
{"level":20,"time":1640024141930,"pid":1655,"hostname":"fv-az121-81","name":"@waytrade/microservice-core","msg":"HTTP Server on port 57395 stopped"}
{"level":20,"time":1640024141930,"pid":1655,"hostname":"fv-az121-81","name":"@waytrade/microservice-core","msg":"HTTP Server on port 59589 stopped"}
{"level":30,"time":1640024141930,"pid":1655,"hostname":"fv-az121-81","name":"@waytrade/microservice-core","msg":"App stopped."}
{"level":20,"time":1640024142882,"pid":1655,"hostname":"fv-az121-81","name":"@waytrade/microservice-core","msg":"Starting HTTP Server on port 0"}
{"level":20,"time":1640024142883,"pid":1655,"hostname":"fv-az121-81","name":"@waytrade/microservice-core","msg":"HTTP Server listening on port 43791"}
{"level":20,"time":1640024142890,"pid":1655,"hostname":"fv-az121-81","name":"@waytrade/microservice-core","msg":"HTTP get /api/dummy/ -> 200 (0ms)"}
{"level":20,"time":1640024142892,"pid":1655,"hostname":"fv-az121-81","name":"@waytrade/microservice-core","msg":"HTTP Server on port 43791 stopped"}
{"level":30,"time":1640024146967,"pid":1655,"hostname":"fv-az121-81","name":"@waytrade/microservice-core","msg":"Starting App..."}
{"level":20,"time":1640024146968,"pid":1655,"hostname":"fv-az121-81","name":"@waytrade/microservice-core","msg":"Starting HTTP Server on port 0"}
{"level":20,"time":1640024146969,"pid":1655,"hostname":"fv-az121-81","name":"@waytrade/microservice-core","msg":"HTTP Server listening on port 51795"}
{"level":30,"time":1640024146969,"pid":1655,"hostname":"fv-az121-81","name":"@waytrade/microservice-core","msg":"API Server started at port 51795"}
{"level":20,"time":1640024146978,"pid":1655,"hostname":"fv-az121-81","name":"@waytrade/microservice-core","msg":"HTTP get /openapi.json -> 200 (2ms)"}
{"level":20,"time":1640024146982,"pid":1655,"hostname":"fv-az121-81","name":"@waytrade/microservice-core","msg":"HTTP Server on port 51795 stopped"}
{"level":30,"time":1640024146982,"pid":1655,"hostname":"fv-az121-81","name":"@waytrade/microservice-core","msg":"App stopped."}
