{"level":20,"time":1636327345256,"pid":2290,"hostname":"fv-az74-307","name":"@waytrade/microservice-core","msg":"Starting HTTP Server on port 0"}
{"level":20,"time":1636327345257,"pid":2290,"hostname":"fv-az74-307","name":"@waytrade/microservice-core","msg":"HTTP Server listening on port 55883"}
{"level":20,"time":1636327345279,"pid":2290,"hostname":"fv-az74-307","name":"@waytrade/microservice-core","msg":"HTTP get /openapi.json -> 200 (4ms)"}
{"level":20,"time":1636327345283,"pid":2290,"hostname":"fv-az74-307","name":"@waytrade/microservice-core","msg":"HTTP Server on port 55883 stopped"}
{"level":20,"time":1636327345285,"pid":2290,"hostname":"fv-az74-307","name":"@waytrade/microservice-core","msg":"Starting HTTP Server on port 0"}
{"level":20,"time":1636327345286,"pid":2290,"hostname":"fv-az74-307","name":"@waytrade/microservice-core","msg":"HTTP Server listening on port 43775"}
{"level":20,"time":1636327345289,"pid":2290,"hostname":"fv-az74-307","name":"@waytrade/microservice-core","msg":"HTTP get /openapi.json -> 200 (1ms)"}
{"level":20,"time":1636327345374,"pid":2290,"hostname":"fv-az74-307","name":"@waytrade/microservice-core","msg":"HTTP Server on port 43775 stopped"}
{"level":20,"time":1636327345376,"pid":2290,"hostname":"fv-az74-307","name":"@waytrade/microservice-core","msg":"Starting HTTP Server on port 0"}
{"level":20,"time":1636327345376,"pid":2290,"hostname":"fv-az74-307","name":"@waytrade/microservice-core","msg":"HTTP Server listening on port 59843"}
{"level":20,"time":1636327345386,"pid":2290,"hostname":"fv-az74-307","name":"@waytrade/microservice-core","msg":"Starting HTTP Server on port 0"}
{"level":20,"time":1636327345386,"pid":2290,"hostname":"fv-az74-307","name":"@waytrade/microservice-core","msg":"HTTP Server listening on port 38987"}
{"level":20,"time":1636327345398,"pid":2290,"hostname":"fv-az74-307","name":"@waytrade/microservice-core","msg":"HTTP get /openapi.json -> 200 (10ms)"}
{"level":20,"time":1636327345399,"pid":2290,"hostname":"fv-az74-307","name":"@waytrade/microservice-core","msg":"HTTP get / -> 200 (0ms)"}
{"level":20,"time":1636327345412,"pid":2290,"hostname":"fv-az74-307","name":"@waytrade/microservice-core","msg":"HTTP Server on port 59843 stopped"}
{"level":20,"time":1636327345412,"pid":2290,"hostname":"fv-az74-307","name":"@waytrade/microservice-core","msg":"HTTP Server on port 38987 stopped"}
{"level":20,"time":1636327345417,"pid":2290,"hostname":"fv-az74-307","name":"@waytrade/microservice-core","msg":"Starting HTTP Server on port 0"}
{"level":20,"time":1636327345418,"pid":2290,"hostname":"fv-az74-307","name":"@waytrade/microservice-core","msg":"HTTP Server listening on port 51327"}
{"level":20,"time":1636327345430,"pid":2290,"hostname":"fv-az74-307","name":"@waytrade/microservice-core","msg":"HTTP get /swagger-ui.css -> 200 (11ms)"}
{"level":20,"time":1636327345431,"pid":2290,"hostname":"fv-az74-307","name":"@waytrade/microservice-core","msg":"HTTP Server on port 51327 stopped"}
{"level":20,"time":1636327345431,"pid":2290,"hostname":"fv-az74-307","name":"@waytrade/microservice-core","msg":"Starting HTTP Server on port 0"}
{"level":20,"time":1636327345431,"pid":2290,"hostname":"fv-az74-307","name":"@waytrade/microservice-core","msg":"HTTP Server listening on port 57753"}
{"level":20,"time":1636327345439,"pid":2290,"hostname":"fv-az74-307","name":"@waytrade/microservice-core","msg":"HTTP get /swagger-ui-bundle.js -> 200 (6ms)"}
{"level":20,"time":1636327345444,"pid":2290,"hostname":"fv-az74-307","name":"@waytrade/microservice-core","msg":"HTTP Server on port 57753 stopped"}
{"level":20,"time":1636327345445,"pid":2290,"hostname":"fv-az74-307","name":"@waytrade/microservice-core","msg":"Starting HTTP Server on port 0"}
{"level":20,"time":1636327345445,"pid":2290,"hostname":"fv-az74-307","name":"@waytrade/microservice-core","msg":"HTTP Server listening on port 52209"}
{"level":20,"time":1636327345448,"pid":2290,"hostname":"fv-az74-307","name":"@waytrade/microservice-core","msg":"HTTP get /swagger-ui-standalone-preset.js -> 200 (2ms)"}
{"level":20,"time":1636327345450,"pid":2290,"hostname":"fv-az74-307","name":"@waytrade/microservice-core","msg":"HTTP Server on port 52209 stopped"}
{"level":20,"time":1636327346020,"pid":2290,"hostname":"fv-az74-307","name":"@waytrade/microservice-core","msg":"Starting HTTP Server on port 0"}
{"level":20,"time":1636327346020,"pid":2290,"hostname":"fv-az74-307","name":"@waytrade/microservice-core","msg":"HTTP Server listening on port 45269"}
{"level":20,"time":1636327346055,"pid":2290,"hostname":"fv-az74-307","name":"@waytrade/microservice-core","msg":"HTTP Server on port 45269 stopped"}
{"level":20,"time":1636327346055,"pid":2290,"hostname":"fv-az74-307","name":"@waytrade/microservice-core","msg":"Starting HTTP Server on port 0"}
{"level":20,"time":1636327346056,"pid":2290,"hostname":"fv-az74-307","name":"@waytrade/microservice-core","msg":"HTTP Server listening on port 54209"}
{"level":20,"time":1636327346059,"pid":2290,"hostname":"fv-az74-307","name":"@waytrade/microservice-core","msg":"HTTP Server on port 54209 stopped"}
{"level":20,"time":1636327346059,"pid":2290,"hostname":"fv-az74-307","name":"@waytrade/microservice-core","msg":"Starting HTTP Server on port 0"}
{"level":20,"time":1636327346059,"pid":2290,"hostname":"fv-az74-307","name":"@waytrade/microservice-core","msg":"HTTP Server listening on port 38143"}
{"level":20,"time":1636327346066,"pid":2290,"hostname":"fv-az74-307","name":"@waytrade/microservice-core","msg":"HTTP Server on port 38143 stopped"}
{"level":20,"time":1636327346067,"pid":2290,"hostname":"fv-az74-307","name":"@waytrade/microservice-core","msg":"Starting HTTP Server on port 0"}
{"level":20,"time":1636327346067,"pid":2290,"hostname":"fv-az74-307","name":"@waytrade/microservice-core","msg":"HTTP Server listening on port 50423"}
{"level":20,"time":1636327356072,"pid":2290,"hostname":"fv-az74-307","name":"@waytrade/microservice-core","msg":"HTTP Server on port 50423 stopped"}
{"level":20,"time":1636327356072,"pid":2290,"hostname":"fv-az74-307","name":"@waytrade/microservice-core","msg":"Starting HTTP Server on port 0"}
{"level":20,"time":1636327356073,"pid":2290,"hostname":"fv-az74-307","name":"@waytrade/microservice-core","msg":"HTTP Server listening on port 42443"}
{"level":20,"time":1636327356075,"pid":2290,"hostname":"fv-az74-307","name":"@waytrade/microservice-core","msg":"HTTP Server on port 42443 stopped"}
{"level":20,"time":1636327356078,"pid":2290,"hostname":"fv-az74-307","name":"@waytrade/microservice-core","msg":"Starting HTTP Server on port 0"}
{"level":20,"time":1636327356078,"pid":2290,"hostname":"fv-az74-307","name":"@waytrade/microservice-core","msg":"HTTP Server listening on port 40763"}
{"level":20,"time":1636327356079,"pid":2290,"hostname":"fv-az74-307","name":"@waytrade/microservice-core","msg":"HTTP Server on port 40763 stopped"}
{"level":20,"time":1636327358081,"pid":2290,"hostname":"fv-az74-307","name":"@waytrade/microservice-core","msg":"Starting HTTP Server on port 0"}
{"level":20,"time":1636327358081,"pid":2290,"hostname":"fv-az74-307","name":"@waytrade/microservice-core","msg":"HTTP Server listening on port 38931"}
{"level":20,"time":1636327358087,"pid":2290,"hostname":"fv-az74-307","name":"@waytrade/microservice-core","msg":"HTTP Server on port 38931 stopped"}
{"level":20,"time":1636327358088,"pid":2290,"hostname":"fv-az74-307","name":"@waytrade/microservice-core","msg":"Starting HTTP Server on port 0"}
{"level":20,"time":1636327358088,"pid":2290,"hostname":"fv-az74-307","name":"@waytrade/microservice-core","msg":"HTTP Server listening on port 50823"}
{"level":20,"time":1636327358097,"pid":2290,"hostname":"fv-az74-307","name":"@waytrade/microservice-core","msg":"HTTP Server on port 50823 stopped"}
{"level":20,"time":1636327358098,"pid":2290,"hostname":"fv-az74-307","name":"@waytrade/microservice-core","msg":"Starting HTTP Server on port 0"}
{"level":20,"time":1636327358098,"pid":2290,"hostname":"fv-az74-307","name":"@waytrade/microservice-core","msg":"HTTP Server listening on port 50603"}
{"level":20,"time":1636327358100,"pid":2290,"hostname":"fv-az74-307","name":"@waytrade/microservice-core","msg":"HTTP Server on port 50603 stopped"}
{"level":20,"time":1636327358101,"pid":2290,"hostname":"fv-az74-307","name":"@waytrade/microservice-core","msg":"Starting HTTP Server on port 0"}
{"level":20,"time":1636327358101,"pid":2290,"hostname":"fv-az74-307","name":"@waytrade/microservice-core","msg":"HTTP Server listening on port 37379"}
{"level":20,"time":1636327360106,"pid":2290,"hostname":"fv-az74-307","name":"@waytrade/microservice-core","msg":"HTTP Server on port 37379 stopped"}
{"level":20,"time":1636327360106,"pid":2290,"hostname":"fv-az74-307","name":"@waytrade/microservice-core","msg":"Starting HTTP Server on port 0"}
{"level":20,"time":1636327360107,"pid":2290,"hostname":"fv-az74-307","name":"@waytrade/microservice-core","msg":"HTTP Server listening on port 60869"}
{"level":20,"time":1636327360111,"pid":2290,"hostname":"fv-az74-307","name":"@waytrade/microservice-core","msg":"HTTP Server on port 60869 stopped"}
{"level":20,"time":1636327360111,"pid":2290,"hostname":"fv-az74-307","name":"@waytrade/microservice-core","msg":"Starting HTTP Server on port 0"}
{"level":20,"time":1636327360112,"pid":2290,"hostname":"fv-az74-307","name":"@waytrade/microservice-core","msg":"HTTP Server listening on port 41489"}
{"level":20,"time":1636327360114,"pid":2290,"hostname":"fv-az74-307","name":"@waytrade/microservice-core","msg":"HTTP Server on port 41489 stopped"}
{"level":20,"time":1636327360114,"pid":2290,"hostname":"fv-az74-307","name":"@waytrade/microservice-core","msg":"Starting HTTP Server on port 0"}
{"level":20,"time":1636327360114,"pid":2290,"hostname":"fv-az74-307","name":"@waytrade/microservice-core","msg":"HTTP Server listening on port 42633"}
{"level":20,"time":1636327360116,"pid":2290,"hostname":"fv-az74-307","name":"@waytrade/microservice-core","msg":"HTTP Server on port 42633 stopped"}
{"level":20,"time":1636327362116,"pid":2290,"hostname":"fv-az74-307","name":"@waytrade/microservice-core","msg":"Starting HTTP Server on port 0"}
{"level":20,"time":1636327362125,"pid":2290,"hostname":"fv-az74-307","name":"@waytrade/microservice-core","msg":"HTTP Server listening on port 37583"}
{"level":20,"time":1636327362127,"pid":2290,"hostname":"fv-az74-307","name":"@waytrade/microservice-core","msg":"HTTP Server on port 37583 stopped"}
{"level":30,"time":1636327363134,"pid":2290,"hostname":"fv-az74-307","name":"@waytrade/microservice-core","msg":"Starting App..."}
{"level":20,"time":1636327363135,"pid":2290,"hostname":"fv-az74-307","name":"@waytrade/microservice-core","msg":"Starting HTTP Server on port 0"}
{"level":20,"time":1636327363135,"pid":2290,"hostname":"fv-az74-307","name":"@waytrade/microservice-core","msg":"HTTP Server listening on port 49443"}
{"level":20,"time":1636327363135,"pid":2290,"hostname":"fv-az74-307","name":"@waytrade/microservice-core","msg":"Starting HTTP Server on port 0"}
{"level":20,"time":1636327363135,"pid":2290,"hostname":"fv-az74-307","name":"@waytrade/microservice-core","msg":"HTTP Server listening on port 36397"}
{"level":30,"time":1636327363135,"pid":2290,"hostname":"fv-az74-307","name":"@waytrade/microservice-core","msg":"API Server started at port 49443"}
{"level":30,"time":1636327363135,"pid":2290,"hostname":"fv-az74-307","name":"@waytrade/microservice-core","msg":"Webhook Callback Server started at port 36397"}
{"level":20,"time":1636327363139,"pid":2290,"hostname":"fv-az74-307","name":"@waytrade/microservice-core","msg":"HTTP post /subscribe -> 400 (0ms)"}
{"level":20,"time":1636327363140,"pid":2290,"hostname":"fv-az74-307","name":"@waytrade/microservice-core","msg":"HTTP Server on port 49443 stopped"}
{"level":20,"time":1636327363140,"pid":2290,"hostname":"fv-az74-307","name":"@waytrade/microservice-core","msg":"HTTP Server on port 36397 stopped"}
{"level":30,"time":1636327363141,"pid":2290,"hostname":"fv-az74-307","name":"@waytrade/microservice-core","msg":"App stopped."}
{"level":30,"time":1636327363142,"pid":2290,"hostname":"fv-az74-307","name":"@waytrade/microservice-core","msg":"Starting App..."}
{"level":20,"time":1636327363142,"pid":2290,"hostname":"fv-az74-307","name":"@waytrade/microservice-core","msg":"Starting HTTP Server on port 0"}
{"level":20,"time":1636327363142,"pid":2290,"hostname":"fv-az74-307","name":"@waytrade/microservice-core","msg":"HTTP Server listening on port 37405"}
{"level":20,"time":1636327363142,"pid":2290,"hostname":"fv-az74-307","name":"@waytrade/microservice-core","msg":"Starting HTTP Server on port 0"}
{"level":20,"time":1636327363142,"pid":2290,"hostname":"fv-az74-307","name":"@waytrade/microservice-core","msg":"HTTP Server listening on port 40067"}
{"level":30,"time":1636327363142,"pid":2290,"hostname":"fv-az74-307","name":"@waytrade/microservice-core","msg":"API Server started at port 37405"}
{"level":30,"time":1636327363142,"pid":2290,"hostname":"fv-az74-307","name":"@waytrade/microservice-core","msg":"Webhook Callback Server started at port 40067"}
{"level":20,"time":1636327363144,"pid":2290,"hostname":"fv-az74-307","name":"@waytrade/microservice-core","msg":"HTTP post /subscribe -> 201 (0ms)"}
{"level":20,"time":1636327363146,"pid":2290,"hostname":"fv-az74-307","name":"@waytrade/microservice-core","msg":"HTTP post /subscribe -> 204 (1ms)"}
{"level":20,"time":1636327363146,"pid":2290,"hostname":"fv-az74-307","name":"@waytrade/microservice-core","msg":"HTTP Server on port 37405 stopped"}
{"level":20,"time":1636327363146,"pid":2290,"hostname":"fv-az74-307","name":"@waytrade/microservice-core","msg":"HTTP Server on port 40067 stopped"}
{"level":30,"time":1636327363146,"pid":2290,"hostname":"fv-az74-307","name":"@waytrade/microservice-core","msg":"App stopped."}
{"level":30,"time":1636327363147,"pid":2290,"hostname":"fv-az74-307","name":"@waytrade/microservice-core","msg":"Starting App..."}
{"level":20,"time":1636327363148,"pid":2290,"hostname":"fv-az74-307","name":"@waytrade/microservice-core","msg":"Starting HTTP Server on port 0"}
{"level":20,"time":1636327363148,"pid":2290,"hostname":"fv-az74-307","name":"@waytrade/microservice-core","msg":"HTTP Server listening on port 53877"}
{"level":20,"time":1636327363148,"pid":2290,"hostname":"fv-az74-307","name":"@waytrade/microservice-core","msg":"Starting HTTP Server on port 0"}
{"level":20,"time":1636327363148,"pid":2290,"hostname":"fv-az74-307","name":"@waytrade/microservice-core","msg":"HTTP Server listening on port 36867"}
{"level":30,"time":1636327363148,"pid":2290,"hostname":"fv-az74-307","name":"@waytrade/microservice-core","msg":"API Server started at port 53877"}
{"level":30,"time":1636327363148,"pid":2290,"hostname":"fv-az74-307","name":"@waytrade/microservice-core","msg":"Webhook Callback Server started at port 36867"}
{"level":20,"time":1636327363149,"pid":2290,"hostname":"fv-az74-307","name":"@waytrade/microservice-core","msg":"HTTP post /subscribe -> 201 (0ms)"}
{"level":20,"time":1636327363151,"pid":2290,"hostname":"fv-az74-307","name":"@waytrade/microservice-core","msg":"HTTP post /subscribe -> 201 (0ms)"}
{"level":20,"time":1636327363151,"pid":2290,"hostname":"fv-az74-307","name":"@waytrade/microservice-core","msg":"HTTP Server on port 53877 stopped"}
{"level":20,"time":1636327363151,"pid":2290,"hostname":"fv-az74-307","name":"@waytrade/microservice-core","msg":"HTTP Server on port 36867 stopped"}
{"level":30,"time":1636327363151,"pid":2290,"hostname":"fv-az74-307","name":"@waytrade/microservice-core","msg":"App stopped."}
{"level":30,"time":1636327363153,"pid":2290,"hostname":"fv-az74-307","name":"@waytrade/microservice-core","msg":"Starting App..."}
{"level":20,"time":1636327363153,"pid":2290,"hostname":"fv-az74-307","name":"@waytrade/microservice-core","msg":"Starting HTTP Server on port 0"}
{"level":20,"time":1636327363153,"pid":2290,"hostname":"fv-az74-307","name":"@waytrade/microservice-core","msg":"HTTP Server listening on port 47139"}
{"level":20,"time":1636327363153,"pid":2290,"hostname":"fv-az74-307","name":"@waytrade/microservice-core","msg":"Starting HTTP Server on port 0"}
{"level":20,"time":1636327363153,"pid":2290,"hostname":"fv-az74-307","name":"@waytrade/microservice-core","msg":"HTTP Server listening on port 38123"}
{"level":30,"time":1636327363153,"pid":2290,"hostname":"fv-az74-307","name":"@waytrade/microservice-core","msg":"API Server started at port 47139"}
{"level":30,"time":1636327363153,"pid":2290,"hostname":"fv-az74-307","name":"@waytrade/microservice-core","msg":"Webhook Callback Server started at port 38123"}
{"level":20,"time":1636327363154,"pid":2290,"hostname":"fv-az74-307","name":"@waytrade/microservice-core","msg":"HTTP post /subscribe -> 201 (0ms)"}
{"level":20,"time":1636327363156,"pid":2290,"hostname":"fv-az74-307","name":"@waytrade/microservice-core","msg":"HTTP post /unsubscribe -> 200 (0ms)"}
{"level":20,"time":1636327363156,"pid":2290,"hostname":"fv-az74-307","name":"@waytrade/microservice-core","msg":"HTTP Server on port 47139 stopped"}
{"level":20,"time":1636327363156,"pid":2290,"hostname":"fv-az74-307","name":"@waytrade/microservice-core","msg":"HTTP Server on port 38123 stopped"}
{"level":30,"time":1636327363157,"pid":2290,"hostname":"fv-az74-307","name":"@waytrade/microservice-core","msg":"App stopped."}
{"level":30,"time":1636327363157,"pid":2290,"hostname":"fv-az74-307","name":"@waytrade/microservice-core","msg":"Starting App..."}
{"level":20,"time":1636327363158,"pid":2290,"hostname":"fv-az74-307","name":"@waytrade/microservice-core","msg":"Starting HTTP Server on port 0"}
{"level":20,"time":1636327363158,"pid":2290,"hostname":"fv-az74-307","name":"@waytrade/microservice-core","msg":"HTTP Server listening on port 43027"}
{"level":20,"time":1636327363158,"pid":2290,"hostname":"fv-az74-307","name":"@waytrade/microservice-core","msg":"Starting HTTP Server on port 0"}
{"level":20,"time":1636327363158,"pid":2290,"hostname":"fv-az74-307","name":"@waytrade/microservice-core","msg":"HTTP Server listening on port 54071"}
{"level":30,"time":1636327363158,"pid":2290,"hostname":"fv-az74-307","name":"@waytrade/microservice-core","msg":"API Server started at port 43027"}
{"level":30,"time":1636327363158,"pid":2290,"hostname":"fv-az74-307","name":"@waytrade/microservice-core","msg":"Webhook Callback Server started at port 54071"}
{"level":20,"time":1636327363159,"pid":2290,"hostname":"fv-az74-307","name":"@waytrade/microservice-core","msg":"HTTP post /unsubscribe -> 400 (0ms)"}
{"level":20,"time":1636327363160,"pid":2290,"hostname":"fv-az74-307","name":"@waytrade/microservice-core","msg":"HTTP Server on port 43027 stopped"}
{"level":20,"time":1636327363160,"pid":2290,"hostname":"fv-az74-307","name":"@waytrade/microservice-core","msg":"HTTP Server on port 54071 stopped"}
{"level":30,"time":1636327363160,"pid":2290,"hostname":"fv-az74-307","name":"@waytrade/microservice-core","msg":"App stopped."}
{"level":30,"time":1636327363161,"pid":2290,"hostname":"fv-az74-307","name":"@waytrade/microservice-core","msg":"Starting App..."}
{"level":20,"time":1636327363161,"pid":2290,"hostname":"fv-az74-307","name":"@waytrade/microservice-core","msg":"Starting HTTP Server on port 0"}
{"level":20,"time":1636327363161,"pid":2290,"hostname":"fv-az74-307","name":"@waytrade/microservice-core","msg":"HTTP Server listening on port 53861"}
{"level":20,"time":1636327363161,"pid":2290,"hostname":"fv-az74-307","name":"@waytrade/microservice-core","msg":"Starting HTTP Server on port 0"}
{"level":20,"time":1636327363161,"pid":2290,"hostname":"fv-az74-307","name":"@waytrade/microservice-core","msg":"HTTP Server listening on port 60865"}
{"level":30,"time":1636327363161,"pid":2290,"hostname":"fv-az74-307","name":"@waytrade/microservice-core","msg":"API Server started at port 53861"}
{"level":30,"time":1636327363161,"pid":2290,"hostname":"fv-az74-307","name":"@waytrade/microservice-core","msg":"Webhook Callback Server started at port 60865"}
{"level":20,"time":1636327363162,"pid":2290,"hostname":"fv-az74-307","name":"@waytrade/microservice-core","msg":"HTTP post /unsubscribe -> 404 (0ms)"}
{"level":20,"time":1636327363163,"pid":2290,"hostname":"fv-az74-307","name":"@waytrade/microservice-core","msg":"HTTP Server on port 53861 stopped"}
{"level":20,"time":1636327363163,"pid":2290,"hostname":"fv-az74-307","name":"@waytrade/microservice-core","msg":"HTTP Server on port 60865 stopped"}
{"level":30,"time":1636327363163,"pid":2290,"hostname":"fv-az74-307","name":"@waytrade/microservice-core","msg":"App stopped."}
{"level":30,"time":1636327363164,"pid":2290,"hostname":"fv-az74-307","name":"@waytrade/microservice-core","msg":"Starting App..."}
{"level":20,"time":1636327363164,"pid":2290,"hostname":"fv-az74-307","name":"@waytrade/microservice-core","msg":"Starting HTTP Server on port 0"}
{"level":20,"time":1636327363164,"pid":2290,"hostname":"fv-az74-307","name":"@waytrade/microservice-core","msg":"HTTP Server listening on port 38429"}
{"level":20,"time":1636327363164,"pid":2290,"hostname":"fv-az74-307","name":"@waytrade/microservice-core","msg":"Starting HTTP Server on port 0"}
{"level":20,"time":1636327363165,"pid":2290,"hostname":"fv-az74-307","name":"@waytrade/microservice-core","msg":"HTTP Server listening on port 53471"}
{"level":30,"time":1636327363165,"pid":2290,"hostname":"fv-az74-307","name":"@waytrade/microservice-core","msg":"API Server started at port 38429"}
{"level":30,"time":1636327363165,"pid":2290,"hostname":"fv-az74-307","name":"@waytrade/microservice-core","msg":"Webhook Callback Server started at port 53471"}
{"level":20,"time":1636327363166,"pid":2290,"hostname":"fv-az74-307","name":"@waytrade/microservice-core","msg":"HTTP post /subscribe -> 201 (0ms)"}
{"level":20,"time":1636327363170,"pid":2290,"hostname":"fv-az74-307","name":"@waytrade/microservice-core","msg":"HTTP Server on port 38429 stopped"}
{"level":20,"time":1636327363170,"pid":2290,"hostname":"fv-az74-307","name":"@waytrade/microservice-core","msg":"HTTP Server on port 53471 stopped"}
{"level":30,"time":1636327363170,"pid":2290,"hostname":"fv-az74-307","name":"@waytrade/microservice-core","msg":"App stopped."}
{"level":20,"time":1636327363170,"pid":2290,"hostname":"fv-az74-307","name":"@waytrade/microservice-core","msg":"HTTP post /callback -> 200 (1ms)"}
{"level":30,"time":1636327363171,"pid":2290,"hostname":"fv-az74-307","name":"@waytrade/microservice-core","msg":"Starting App..."}
{"level":20,"time":1636327363171,"pid":2290,"hostname":"fv-az74-307","name":"@waytrade/microservice-core","msg":"Starting HTTP Server on port 0"}
{"level":20,"time":1636327363171,"pid":2290,"hostname":"fv-az74-307","name":"@waytrade/microservice-core","msg":"HTTP Server listening on port 48043"}
{"level":20,"time":1636327363171,"pid":2290,"hostname":"fv-az74-307","name":"@waytrade/microservice-core","msg":"Starting HTTP Server on port 0"}
{"level":20,"time":1636327363171,"pid":2290,"hostname":"fv-az74-307","name":"@waytrade/microservice-core","msg":"HTTP Server listening on port 40865"}
{"level":30,"time":1636327363171,"pid":2290,"hostname":"fv-az74-307","name":"@waytrade/microservice-core","msg":"API Server started at port 48043"}
{"level":30,"time":1636327363171,"pid":2290,"hostname":"fv-az74-307","name":"@waytrade/microservice-core","msg":"Webhook Callback Server started at port 40865"}
{"level":20,"time":1636327363173,"pid":2290,"hostname":"fv-az74-307","name":"@waytrade/microservice-core","msg":"HTTP post /subscribe -> 201 (0ms)"}
{"level":20,"time":1636327363175,"pid":2290,"hostname":"fv-az74-307","name":"@waytrade/microservice-core","msg":"HTTP Server on port 48043 stopped"}
{"level":20,"time":1636327363175,"pid":2290,"hostname":"fv-az74-307","name":"@waytrade/microservice-core","msg":"HTTP Server on port 40865 stopped"}
{"level":30,"time":1636327363175,"pid":2290,"hostname":"fv-az74-307","name":"@waytrade/microservice-core","msg":"App stopped."}
{"level":20,"time":1636327363175,"pid":2290,"hostname":"fv-az74-307","name":"@waytrade/microservice-core","msg":"HTTP post /callback -> 200 (0ms)"}
{"level":30,"time":1636327363176,"pid":2290,"hostname":"fv-az74-307","name":"@waytrade/microservice-core","msg":"Starting App..."}
{"level":20,"time":1636327363176,"pid":2290,"hostname":"fv-az74-307","name":"@waytrade/microservice-core","msg":"Starting HTTP Server on port 0"}
{"level":20,"time":1636327363176,"pid":2290,"hostname":"fv-az74-307","name":"@waytrade/microservice-core","msg":"HTTP Server listening on port 39499"}
{"level":20,"time":1636327363176,"pid":2290,"hostname":"fv-az74-307","name":"@waytrade/microservice-core","msg":"Starting HTTP Server on port 0"}
{"level":20,"time":1636327363177,"pid":2290,"hostname":"fv-az74-307","name":"@waytrade/microservice-core","msg":"HTTP Server listening on port 51549"}
{"level":30,"time":1636327363177,"pid":2290,"hostname":"fv-az74-307","name":"@waytrade/microservice-core","msg":"API Server started at port 39499"}
{"level":30,"time":1636327363177,"pid":2290,"hostname":"fv-az74-307","name":"@waytrade/microservice-core","msg":"Webhook Callback Server started at port 51549"}
{"level":20,"time":1636327363178,"pid":2290,"hostname":"fv-az74-307","name":"@waytrade/microservice-core","msg":"HTTP post /subscribe -> 201 (0ms)"}
{"level":20,"time":1636327363181,"pid":2290,"hostname":"fv-az74-307","name":"@waytrade/microservice-core","msg":"HTTP post /callback -> 418 (1ms)"}
{"level":20,"time":1636327363181,"pid":2290,"hostname":"fv-az74-307","name":"@waytrade/microservice-core","msg":"HTTP post /subscribe -> 201 (0ms)"}
{"level":20,"time":1636327363182,"pid":2290,"hostname":"fv-az74-307","name":"@waytrade/microservice-core","msg":"HTTP Server on port 39499 stopped"}
{"level":20,"time":1636327363182,"pid":2290,"hostname":"fv-az74-307","name":"@waytrade/microservice-core","msg":"HTTP Server on port 51549 stopped"}
{"level":30,"time":1636327363182,"pid":2290,"hostname":"fv-az74-307","name":"@waytrade/microservice-core","msg":"App stopped."}
{"level":30,"time":1636327363183,"pid":2290,"hostname":"fv-az74-307","name":"@waytrade/microservice-core","msg":"Starting App..."}
{"level":20,"time":1636327363183,"pid":2290,"hostname":"fv-az74-307","name":"@waytrade/microservice-core","msg":"Starting HTTP Server on port 0"}
{"level":20,"time":1636327363183,"pid":2290,"hostname":"fv-az74-307","name":"@waytrade/microservice-core","msg":"HTTP Server listening on port 44895"}
{"level":20,"time":1636327363183,"pid":2290,"hostname":"fv-az74-307","name":"@waytrade/microservice-core","msg":"Starting HTTP Server on port 0"}
{"level":20,"time":1636327363183,"pid":2290,"hostname":"fv-az74-307","name":"@waytrade/microservice-core","msg":"HTTP Server listening on port 45311"}
{"level":30,"time":1636327363183,"pid":2290,"hostname":"fv-az74-307","name":"@waytrade/microservice-core","msg":"API Server started at port 44895"}
{"level":30,"time":1636327363183,"pid":2290,"hostname":"fv-az74-307","name":"@waytrade/microservice-core","msg":"Webhook Callback Server started at port 45311"}
{"level":20,"time":1636327363185,"pid":2290,"hostname":"fv-az74-307","name":"@waytrade/microservice-core","msg":"HTTP post /subscribe -> 201 (1ms)"}
{"level":20,"time":1636327363186,"pid":2290,"hostname":"fv-az74-307","name":"@waytrade/microservice-core","msg":"HTTP post /subscribe -> 201 (0ms)"}
{"level":20,"time":1636327363187,"pid":2290,"hostname":"fv-az74-307","name":"@waytrade/microservice-core","msg":"HTTP Server on port 44895 stopped"}
{"level":20,"time":1636327363187,"pid":2290,"hostname":"fv-az74-307","name":"@waytrade/microservice-core","msg":"HTTP Server on port 45311 stopped"}
{"level":30,"time":1636327363187,"pid":2290,"hostname":"fv-az74-307","name":"@waytrade/microservice-core","msg":"App stopped."}
{"level":20,"time":1636327363564,"pid":2290,"hostname":"fv-az74-307","name":"@waytrade/microservice-core","msg":"Starting HTTP Server on port 0"}
{"level":20,"time":1636327363564,"pid":2290,"hostname":"fv-az74-307","name":"@waytrade/microservice-core","msg":"HTTP Server listening on port 34877"}
{"level":20,"time":1636327363568,"pid":2290,"hostname":"fv-az74-307","name":"@waytrade/microservice-core","msg":"HTTP get /api/test/ -> 200 (1ms)"}
{"level":20,"time":1636327363568,"pid":2290,"hostname":"fv-az74-307","name":"@waytrade/microservice-core","msg":"HTTP Server on port 34877 stopped"}
{"level":20,"time":1636327363569,"pid":2290,"hostname":"fv-az74-307","name":"@waytrade/microservice-core","msg":"Starting HTTP Server on port 0"}
{"level":20,"time":1636327363569,"pid":2290,"hostname":"fv-az74-307","name":"@waytrade/microservice-core","msg":"HTTP Server listening on port 42643"}
{"level":20,"time":1636327363571,"pid":2290,"hostname":"fv-az74-307","name":"@waytrade/microservice-core","msg":"HTTP get /api/test/error -> 418 (0ms)"}
{"level":20,"time":1636327363571,"pid":2290,"hostname":"fv-az74-307","name":"@waytrade/microservice-core","msg":"HTTP Server on port 42643 stopped"}
{"level":20,"time":1636327363572,"pid":2290,"hostname":"fv-az74-307","name":"@waytrade/microservice-core","msg":"Starting HTTP Server on port 0"}
{"level":20,"time":1636327363572,"pid":2290,"hostname":"fv-az74-307","name":"@waytrade/microservice-core","msg":"HTTP Server listening on port 46857"}
{"level":20,"time":1636327363628,"pid":2290,"hostname":"fv-az74-307","name":"@waytrade/microservice-core","msg":"HTTP get /api/test/serverError -> 500 (55ms)"}
{"level":20,"time":1636327363636,"pid":2290,"hostname":"fv-az74-307","name":"@waytrade/microservice-core","msg":"HTTP Server on port 46857 stopped"}
{"level":20,"time":1636327363637,"pid":2290,"hostname":"fv-az74-307","name":"@waytrade/microservice-core","msg":"Starting HTTP Server on port 0"}
{"level":20,"time":1636327363637,"pid":2290,"hostname":"fv-az74-307","name":"@waytrade/microservice-core","msg":"HTTP Server listening on port 56743"}
{"level":20,"time":1636327363639,"pid":2290,"hostname":"fv-az74-307","name":"@waytrade/microservice-core","msg":"HTTP put /api/test/ -> 200 (0ms)"}
{"level":20,"time":1636327363640,"pid":2290,"hostname":"fv-az74-307","name":"@waytrade/microservice-core","msg":"HTTP Server on port 56743 stopped"}
{"level":20,"time":1636327363640,"pid":2290,"hostname":"fv-az74-307","name":"@waytrade/microservice-core","msg":"Starting HTTP Server on port 0"}
{"level":20,"time":1636327363641,"pid":2290,"hostname":"fv-az74-307","name":"@waytrade/microservice-core","msg":"HTTP Server listening on port 59861"}
{"level":20,"time":1636327363642,"pid":2290,"hostname":"fv-az74-307","name":"@waytrade/microservice-core","msg":"HTTP put /api/test/error -> 418 (1ms)"}
{"level":20,"time":1636327363642,"pid":2290,"hostname":"fv-az74-307","name":"@waytrade/microservice-core","msg":"HTTP Server on port 59861 stopped"}
{"level":20,"time":1636327363643,"pid":2290,"hostname":"fv-az74-307","name":"@waytrade/microservice-core","msg":"Starting HTTP Server on port 0"}
{"level":20,"time":1636327363643,"pid":2290,"hostname":"fv-az74-307","name":"@waytrade/microservice-core","msg":"HTTP Server listening on port 52525"}
{"level":20,"time":1636327363644,"pid":2290,"hostname":"fv-az74-307","name":"@waytrade/microservice-core","msg":"HTTP post /api/test/ -> 200 (0ms)"}
{"level":20,"time":1636327363645,"pid":2290,"hostname":"fv-az74-307","name":"@waytrade/microservice-core","msg":"HTTP Server on port 52525 stopped"}
{"level":20,"time":1636327363645,"pid":2290,"hostname":"fv-az74-307","name":"@waytrade/microservice-core","msg":"Starting HTTP Server on port 0"}
{"level":20,"time":1636327363646,"pid":2290,"hostname":"fv-az74-307","name":"@waytrade/microservice-core","msg":"HTTP Server listening on port 36919"}
{"level":20,"time":1636327363647,"pid":2290,"hostname":"fv-az74-307","name":"@waytrade/microservice-core","msg":"HTTP post /api/test/error -> 418 (1ms)"}
{"level":20,"time":1636327363647,"pid":2290,"hostname":"fv-az74-307","name":"@waytrade/microservice-core","msg":"HTTP Server on port 36919 stopped"}
{"level":20,"time":1636327363648,"pid":2290,"hostname":"fv-az74-307","name":"@waytrade/microservice-core","msg":"Starting HTTP Server on port 0"}
{"level":20,"time":1636327363648,"pid":2290,"hostname":"fv-az74-307","name":"@waytrade/microservice-core","msg":"HTTP Server listening on port 60759"}
{"level":20,"time":1636327363649,"pid":2290,"hostname":"fv-az74-307","name":"@waytrade/microservice-core","msg":"HTTP patch /api/test/ -> 200 (0ms)"}
{"level":20,"time":1636327363650,"pid":2290,"hostname":"fv-az74-307","name":"@waytrade/microservice-core","msg":"HTTP Server on port 60759 stopped"}
{"level":20,"time":1636327363650,"pid":2290,"hostname":"fv-az74-307","name":"@waytrade/microservice-core","msg":"Starting HTTP Server on port 0"}
{"level":20,"time":1636327363651,"pid":2290,"hostname":"fv-az74-307","name":"@waytrade/microservice-core","msg":"HTTP Server listening on port 49495"}
{"level":20,"time":1636327363652,"pid":2290,"hostname":"fv-az74-307","name":"@waytrade/microservice-core","msg":"HTTP patch /api/test/error -> 418 (1ms)"}
{"level":20,"time":1636327363652,"pid":2290,"hostname":"fv-az74-307","name":"@waytrade/microservice-core","msg":"HTTP Server on port 49495 stopped"}
{"level":20,"time":1636327363653,"pid":2290,"hostname":"fv-az74-307","name":"@waytrade/microservice-core","msg":"Starting HTTP Server on port 0"}
{"level":20,"time":1636327363653,"pid":2290,"hostname":"fv-az74-307","name":"@waytrade/microservice-core","msg":"HTTP Server listening on port 38405"}
{"level":20,"time":1636327363654,"pid":2290,"hostname":"fv-az74-307","name":"@waytrade/microservice-core","msg":"HTTP delete /api/test/ -> 200 (0ms)"}
{"level":20,"time":1636327363655,"pid":2290,"hostname":"fv-az74-307","name":"@waytrade/microservice-core","msg":"HTTP Server on port 38405 stopped"}
{"level":20,"time":1636327363656,"pid":2290,"hostname":"fv-az74-307","name":"@waytrade/microservice-core","msg":"Starting HTTP Server on port 0"}
{"level":20,"time":1636327363656,"pid":2290,"hostname":"fv-az74-307","name":"@waytrade/microservice-core","msg":"HTTP Server listening on port 45335"}
{"level":20,"time":1636327363657,"pid":2290,"hostname":"fv-az74-307","name":"@waytrade/microservice-core","msg":"HTTP delete /api/test/error -> 418 (0ms)"}
{"level":20,"time":1636327363657,"pid":2290,"hostname":"fv-az74-307","name":"@waytrade/microservice-core","msg":"HTTP Server on port 45335 stopped"}
{"level":20,"time":1636327364042,"pid":2290,"hostname":"fv-az74-307","name":"@waytrade/microservice-core","msg":"Starting HTTP Server on port 0"}
{"level":20,"time":1636327364042,"pid":2290,"hostname":"fv-az74-307","name":"@waytrade/microservice-core","msg":"HTTP Server listening on port 45227"}
{"level":20,"time":1636327364046,"pid":2290,"hostname":"fv-az74-307","name":"@waytrade/microservice-core","msg":"HTTP get /api/test/ -> 200 (1ms)"}
{"level":20,"time":1636327364046,"pid":2290,"hostname":"fv-az74-307","name":"@waytrade/microservice-core","msg":"HTTP Server on port 45227 stopped"}
{"level":20,"time":1636327364047,"pid":2290,"hostname":"fv-az74-307","name":"@waytrade/microservice-core","msg":"Starting HTTP Server on port 0"}
{"level":20,"time":1636327364047,"pid":2290,"hostname":"fv-az74-307","name":"@waytrade/microservice-core","msg":"HTTP Server listening on port 36251"}
{"level":20,"time":1636327364049,"pid":2290,"hostname":"fv-az74-307","name":"@waytrade/microservice-core","msg":"HTTP get /api/test/notImplemented -> 501 (1ms)"}
{"level":20,"time":1636327364049,"pid":2290,"hostname":"fv-az74-307","name":"@waytrade/microservice-core","msg":"HTTP Server on port 36251 stopped"}
{"level":20,"time":1636327364050,"pid":2290,"hostname":"fv-az74-307","name":"@waytrade/microservice-core","msg":"Starting HTTP Server on port 0"}
{"level":20,"time":1636327364050,"pid":2290,"hostname":"fv-az74-307","name":"@waytrade/microservice-core","msg":"HTTP Server listening on port 46145"}
{"level":20,"time":1636327364052,"pid":2290,"hostname":"fv-az74-307","name":"@waytrade/microservice-core","msg":"HTTP put /api/test/ -> 200 (1ms)"}
{"level":20,"time":1636327364052,"pid":2290,"hostname":"fv-az74-307","name":"@waytrade/microservice-core","msg":"HTTP Server on port 46145 stopped"}
{"level":20,"time":1636327364053,"pid":2290,"hostname":"fv-az74-307","name":"@waytrade/microservice-core","msg":"Starting HTTP Server on port 0"}
{"level":20,"time":1636327364053,"pid":2290,"hostname":"fv-az74-307","name":"@waytrade/microservice-core","msg":"HTTP Server listening on port 58785"}
{"level":20,"time":1636327364054,"pid":2290,"hostname":"fv-az74-307","name":"@waytrade/microservice-core","msg":"HTTP put /api/test/notImplemented -> 501 (0ms)"}
{"level":20,"time":1636327364055,"pid":2290,"hostname":"fv-az74-307","name":"@waytrade/microservice-core","msg":"HTTP Server on port 58785 stopped"}
{"level":20,"time":1636327364055,"pid":2290,"hostname":"fv-az74-307","name":"@waytrade/microservice-core","msg":"Starting HTTP Server on port 0"}
{"level":20,"time":1636327364056,"pid":2290,"hostname":"fv-az74-307","name":"@waytrade/microservice-core","msg":"HTTP Server listening on port 42563"}
{"level":20,"time":1636327364057,"pid":2290,"hostname":"fv-az74-307","name":"@waytrade/microservice-core","msg":"HTTP post /api/test/ -> 200 (0ms)"}
{"level":20,"time":1636327364058,"pid":2290,"hostname":"fv-az74-307","name":"@waytrade/microservice-core","msg":"HTTP Server on port 42563 stopped"}
{"level":20,"time":1636327364058,"pid":2290,"hostname":"fv-az74-307","name":"@waytrade/microservice-core","msg":"Starting HTTP Server on port 0"}
{"level":20,"time":1636327364059,"pid":2290,"hostname":"fv-az74-307","name":"@waytrade/microservice-core","msg":"HTTP Server listening on port 57293"}
{"level":20,"time":1636327364060,"pid":2290,"hostname":"fv-az74-307","name":"@waytrade/microservice-core","msg":"HTTP post /api/test/notImplemented -> 501 (1ms)"}
{"level":20,"time":1636327364060,"pid":2290,"hostname":"fv-az74-307","name":"@waytrade/microservice-core","msg":"HTTP Server on port 57293 stopped"}
{"level":20,"time":1636327364061,"pid":2290,"hostname":"fv-az74-307","name":"@waytrade/microservice-core","msg":"Starting HTTP Server on port 0"}
{"level":20,"time":1636327364061,"pid":2290,"hostname":"fv-az74-307","name":"@waytrade/microservice-core","msg":"HTTP Server listening on port 32827"}
{"level":20,"time":1636327364062,"pid":2290,"hostname":"fv-az74-307","name":"@waytrade/microservice-core","msg":"HTTP patch /api/test/ -> 200 (0ms)"}
{"level":20,"time":1636327364063,"pid":2290,"hostname":"fv-az74-307","name":"@waytrade/microservice-core","msg":"HTTP Server on port 32827 stopped"}
{"level":20,"time":1636327364063,"pid":2290,"hostname":"fv-az74-307","name":"@waytrade/microservice-core","msg":"Starting HTTP Server on port 0"}
{"level":20,"time":1636327364064,"pid":2290,"hostname":"fv-az74-307","name":"@waytrade/microservice-core","msg":"HTTP Server listening on port 50571"}
{"level":20,"time":1636327364065,"pid":2290,"hostname":"fv-az74-307","name":"@waytrade/microservice-core","msg":"HTTP post /api/test/notImplemented -> 501 (0ms)"}
{"level":20,"time":1636327364065,"pid":2290,"hostname":"fv-az74-307","name":"@waytrade/microservice-core","msg":"HTTP Server on port 50571 stopped"}
{"level":20,"time":1636327364066,"pid":2290,"hostname":"fv-az74-307","name":"@waytrade/microservice-core","msg":"Starting HTTP Server on port 0"}
{"level":20,"time":1636327364066,"pid":2290,"hostname":"fv-az74-307","name":"@waytrade/microservice-core","msg":"HTTP Server listening on port 54417"}
{"level":20,"time":1636327364068,"pid":2290,"hostname":"fv-az74-307","name":"@waytrade/microservice-core","msg":"HTTP delete /api/test/ -> 200 (1ms)"}
{"level":20,"time":1636327364068,"pid":2290,"hostname":"fv-az74-307","name":"@waytrade/microservice-core","msg":"HTTP Server on port 54417 stopped"}
{"level":20,"time":1636327364069,"pid":2290,"hostname":"fv-az74-307","name":"@waytrade/microservice-core","msg":"Starting HTTP Server on port 0"}
{"level":20,"time":1636327364069,"pid":2290,"hostname":"fv-az74-307","name":"@waytrade/microservice-core","msg":"HTTP Server listening on port 54677"}
{"level":20,"time":1636327364070,"pid":2290,"hostname":"fv-az74-307","name":"@waytrade/microservice-core","msg":"HTTP post /api/test/notImplemented -> 501 (0ms)"}
{"level":20,"time":1636327364070,"pid":2290,"hostname":"fv-az74-307","name":"@waytrade/microservice-core","msg":"HTTP Server on port 54677 stopped"}
{"level":20,"time":1636327364422,"pid":2290,"hostname":"fv-az74-307","name":"@waytrade/microservice-core","msg":"Debug message"}
{"level":30,"time":1636327364422,"pid":2290,"hostname":"fv-az74-307","name":"@waytrade/microservice-core","msg":"Info message"}
{"level":40,"time":1636327364423,"pid":2290,"hostname":"fv-az74-307","name":"@waytrade/microservice-core","msg":"Warning message"}
{"level":50,"time":1636327364423,"pid":2290,"hostname":"fv-az74-307","name":"@waytrade/microservice-core","msg":"Error message"}
{"level":30,"time":1636327364425,"pid":2290,"hostname":"fv-az74-307","name":"@waytrade/microservice-core","msg":"Info message"}
{"level":40,"time":1636327364425,"pid":2290,"hostname":"fv-az74-307","name":"@waytrade/microservice-core","msg":"Warning message"}
{"level":50,"time":1636327364426,"pid":2290,"hostname":"fv-az74-307","name":"@waytrade/microservice-core","msg":"Error message"}
{"level":40,"time":1636327364427,"pid":2290,"hostname":"fv-az74-307","name":"@waytrade/microservice-core","msg":"Warning message"}
{"level":50,"time":1636327364427,"pid":2290,"hostname":"fv-az74-307","name":"@waytrade/microservice-core","msg":"Error message"}
{"level":50,"time":1636327364428,"pid":2290,"hostname":"fv-az74-307","name":"@waytrade/microservice-core","msg":"Error message"}
{"level":20,"time":1636327364439,"pid":2290,"hostname":"fv-az74-307","name":"@waytrade/microservice-core","msg":"Debug message"}
{"level":30,"time":1636327364441,"pid":2290,"hostname":"fv-az74-307","name":"@waytrade/microservice-core","msg":"Info message"}
{"level":40,"time":1636327364442,"pid":2290,"hostname":"fv-az74-307","name":"@waytrade/microservice-core","msg":"Warning message"}
{"level":50,"time":1636327364442,"pid":2290,"hostname":"fv-az74-307","name":"@waytrade/microservice-core","msg":"Error message"}
{"level":20,"time":1636327364743,"pid":2290,"hostname":"fv-az74-307","name":"@waytrade/microservice-core","msg":"Starting HTTP Server on port 0"}
{"level":20,"time":1636327364743,"pid":2290,"hostname":"fv-az74-307","name":"@waytrade/microservice-core","msg":"HTTP Server listening on port 44381"}
{"level":20,"time":1636327364753,"pid":2290,"hostname":"fv-az74-307","name":"@waytrade/microservice-core","msg":"HTTP Server on port 44381 stopped"}
{"level":20,"time":1636327364754,"pid":2290,"hostname":"fv-az74-307","name":"@waytrade/microservice-core","msg":"Starting HTTP Server on port 0"}
{"level":20,"time":1636327364754,"pid":2290,"hostname":"fv-az74-307","name":"@waytrade/microservice-core","msg":"HTTP Server listening on port 38527"}
{"level":20,"time":1636327364757,"pid":2290,"hostname":"fv-az74-307","name":"@waytrade/microservice-core","msg":"HTTP Server on port 38527 stopped"}
{"level":20,"time":1636327364758,"pid":2290,"hostname":"fv-az74-307","name":"@waytrade/microservice-core","msg":"Starting HTTP Server on port 0"}
{"level":20,"time":1636327364758,"pid":2290,"hostname":"fv-az74-307","name":"@waytrade/microservice-core","msg":"HTTP Server listening on port 45753"}
{"level":50,"time":1636327364760,"pid":2290,"hostname":"fv-az74-307","name":"@waytrade/microservice-core","msg":"Binary data on websocket not supported."}
{"level":20,"time":1636327365760,"pid":2290,"hostname":"fv-az74-307","name":"@waytrade/microservice-core","msg":"HTTP Server on port 45753 stopped"}
{"level":20,"time":1636327365761,"pid":2290,"hostname":"fv-az74-307","name":"@waytrade/microservice-core","msg":"Starting HTTP Server on port 0"}
{"level":20,"time":1636327365761,"pid":2290,"hostname":"fv-az74-307","name":"@waytrade/microservice-core","msg":"HTTP Server listening on port 60045"}
{"level":20,"time":1636327365765,"pid":2290,"hostname":"fv-az74-307","name":"@waytrade/microservice-core","msg":"HTTP Server on port 60045 stopped"}
{"level":20,"time":1636327365765,"pid":2290,"hostname":"fv-az74-307","name":"@waytrade/microservice-core","msg":"Starting HTTP Server on port 0"}
{"level":20,"time":1636327365766,"pid":2290,"hostname":"fv-az74-307","name":"@waytrade/microservice-core","msg":"HTTP Server listening on port 48477"}
{"level":20,"time":1636327366769,"pid":2290,"hostname":"fv-az74-307","name":"@waytrade/microservice-core","msg":"HTTP Server on port 48477 stopped"}
{"level":20,"time":1636327366770,"pid":2290,"hostname":"fv-az74-307","name":"@waytrade/microservice-core","msg":"Starting HTTP Server on port 0"}
{"level":20,"time":1636327366771,"pid":2290,"hostname":"fv-az74-307","name":"@waytrade/microservice-core","msg":"HTTP Server listening on port 33293"}
{"level":20,"time":1636327366949,"pid":2290,"hostname":"fv-az74-307","name":"@waytrade/microservice-core","msg":"HTTP Server on port 33293 stopped"}
{"level":20,"time":1636327366950,"pid":2290,"hostname":"fv-az74-307","name":"@waytrade/microservice-core","msg":"Starting HTTP Server on port 0"}
{"level":20,"time":1636327366950,"pid":2290,"hostname":"fv-az74-307","name":"@waytrade/microservice-core","msg":"HTTP Server listening on port 40225"}
{"level":20,"time":1636327367160,"pid":2290,"hostname":"fv-az74-307","name":"@waytrade/microservice-core","msg":"HTTP Server on port 40225 stopped"}
{"level":30,"time":1636327367462,"pid":2290,"hostname":"fv-az74-307","name":"@waytrade/microservice-core","msg":"Starting App..."}
{"level":20,"time":1636327367462,"pid":2290,"hostname":"fv-az74-307","name":"@waytrade/microservice-core","msg":"Starting HTTP Server on port 0"}
{"level":20,"time":1636327367462,"pid":2290,"hostname":"fv-az74-307","name":"@waytrade/microservice-core","msg":"HTTP Server listening on port 40611"}
{"level":30,"time":1636327367462,"pid":2290,"hostname":"fv-az74-307","name":"@waytrade/microservice-core","msg":"API Server started at port 40611"}
{"level":20,"time":1636327367463,"pid":2290,"hostname":"fv-az74-307","name":"@waytrade/microservice-core","msg":"HTTP Server on port 40611 stopped"}
{"level":30,"time":1636327367463,"pid":2290,"hostname":"fv-az74-307","name":"@waytrade/microservice-core","msg":"App stopped."}
{"level":30,"time":1636327367465,"pid":2290,"hostname":"fv-az74-307","name":"@waytrade/microservice-core","msg":"Starting App..."}
{"level":20,"time":1636327367466,"pid":2290,"hostname":"fv-az74-307","name":"@waytrade/microservice-core","msg":"Starting HTTP Server on port 0"}
{"level":20,"time":1636327367466,"pid":2290,"hostname":"fv-az74-307","name":"@waytrade/microservice-core","msg":"HTTP Server listening on port 32853"}
{"level":30,"time":1636327367466,"pid":2290,"hostname":"fv-az74-307","name":"@waytrade/microservice-core","msg":"API Server started at port 32853"}
{"level":20,"time":1636327367466,"pid":2290,"hostname":"fv-az74-307","name":"@waytrade/microservice-core","msg":"HTTP Server on port 32853 stopped"}
{"level":30,"time":1636327367466,"pid":2290,"hostname":"fv-az74-307","name":"@waytrade/microservice-core","msg":"App stopped."}
{"level":30,"time":1636327367467,"pid":2290,"hostname":"fv-az74-307","name":"@waytrade/microservice-core","msg":"Starting App..."}
{"level":20,"time":1636327367467,"pid":2290,"hostname":"fv-az74-307","name":"@waytrade/microservice-core","msg":"Starting HTTP Server on port 0"}
{"level":20,"time":1636327367467,"pid":2290,"hostname":"fv-az74-307","name":"@waytrade/microservice-core","msg":"HTTP Server listening on port 58609"}
{"level":30,"time":1636327367468,"pid":2290,"hostname":"fv-az74-307","name":"@waytrade/microservice-core","msg":"API Server started at port 58609"}
{"level":50,"time":1636327367468,"pid":2290,"hostname":"fv-az74-307","name":"@waytrade/microservice-core","msg":"App start failed: App is running already."}
{"level":20,"time":1636327367468,"pid":2290,"hostname":"fv-az74-307","name":"@waytrade/microservice-core","msg":"HTTP Server on port 58609 stopped"}
{"level":30,"time":1636327367468,"pid":2290,"hostname":"fv-az74-307","name":"@waytrade/microservice-core","msg":"App stopped."}
{"level":30,"time":1636327367469,"pid":2290,"hostname":"fv-az74-307","name":"@waytrade/microservice-core","msg":"Starting App..."}
{"level":20,"time":1636327367469,"pid":2290,"hostname":"fv-az74-307","name":"@waytrade/microservice-core","msg":"Starting HTTP Server on port 0"}
{"level":20,"time":1636327367469,"pid":2290,"hostname":"fv-az74-307","name":"@waytrade/microservice-core","msg":"HTTP Server listening on port 39041"}
{"level":30,"time":1636327367469,"pid":2290,"hostname":"fv-az74-307","name":"@waytrade/microservice-core","msg":"API Server started at port 39041"}
{"level":20,"time":1636327367469,"pid":2290,"hostname":"fv-az74-307","name":"@waytrade/microservice-core","msg":"HTTP Server on port 39041 stopped"}
{"level":30,"time":1636327367469,"pid":2290,"hostname":"fv-az74-307","name":"@waytrade/microservice-core","msg":"App stopped."}
{"level":30,"time":1636327367470,"pid":2290,"hostname":"fv-az74-307","name":"@waytrade/microservice-core","msg":"Starting App..."}
{"level":20,"time":1636327367471,"pid":2290,"hostname":"fv-az74-307","name":"@waytrade/microservice-core","msg":"Starting HTTP Server on port 0"}
{"level":20,"time":1636327367471,"pid":2290,"hostname":"fv-az74-307","name":"@waytrade/microservice-core","msg":"HTTP Server listening on port 46311"}
{"level":30,"time":1636327367471,"pid":2290,"hostname":"fv-az74-307","name":"@waytrade/microservice-core","msg":"API Server started at port 46311"}
{"level":20,"time":1636327367472,"pid":2290,"hostname":"fv-az74-307","name":"@waytrade/microservice-core","msg":"HTTP Server on port 46311 stopped"}
{"level":30,"time":1636327367472,"pid":2290,"hostname":"fv-az74-307","name":"@waytrade/microservice-core","msg":"App stopped."}
{"level":30,"time":1636327367474,"pid":2290,"hostname":"fv-az74-307","name":"@waytrade/microservice-core","msg":"Starting App..."}
{"level":20,"time":1636327367474,"pid":2290,"hostname":"fv-az74-307","name":"@waytrade/microservice-core","msg":"Starting HTTP Server on port 0"}
{"level":20,"time":1636327367474,"pid":2290,"hostname":"fv-az74-307","name":"@waytrade/microservice-core","msg":"HTTP Server listening on port 50341"}
{"level":30,"time":1636327367474,"pid":2290,"hostname":"fv-az74-307","name":"@waytrade/microservice-core","msg":"API Server started at port 50341"}
{"level":20,"time":1636327367478,"pid":2290,"hostname":"fv-az74-307","name":"@waytrade/microservice-core","msg":"HTTP get /test/get/ -> 200 (0ms)"}
{"level":20,"time":1636327367479,"pid":2290,"hostname":"fv-az74-307","name":"@waytrade/microservice-core","msg":"HTTP Server on port 50341 stopped"}
{"level":30,"time":1636327367479,"pid":2290,"hostname":"fv-az74-307","name":"@waytrade/microservice-core","msg":"App stopped."}
{"level":30,"time":1636327367480,"pid":2290,"hostname":"fv-az74-307","name":"@waytrade/microservice-core","msg":"Starting App..."}
{"level":20,"time":1636327367480,"pid":2290,"hostname":"fv-az74-307","name":"@waytrade/microservice-core","msg":"Starting HTTP Server on port 0"}
{"level":20,"time":1636327367480,"pid":2290,"hostname":"fv-az74-307","name":"@waytrade/microservice-core","msg":"HTTP Server listening on port 53049"}
{"level":30,"time":1636327367480,"pid":2290,"hostname":"fv-az74-307","name":"@waytrade/microservice-core","msg":"API Server started at port 53049"}
{"level":20,"time":1636327367480,"pid":2290,"hostname":"fv-az74-307","name":"@waytrade/microservice-core","msg":"Debug message"}
{"level":30,"time":1636327367480,"pid":2290,"hostname":"fv-az74-307","name":"@waytrade/microservice-core","msg":"Info message"}
{"level":40,"time":1636327367480,"pid":2290,"hostname":"fv-az74-307","name":"@waytrade/microservice-core","msg":"Warning message"}
{"level":50,"time":1636327367480,"pid":2290,"hostname":"fv-az74-307","name":"@waytrade/microservice-core","msg":"Error message"}
{"level":20,"time":1636327367480,"pid":2290,"hostname":"fv-az74-307","name":"@waytrade/microservice-core","msg":"HTTP Server on port 53049 stopped"}
{"level":30,"time":1636327367480,"pid":2290,"hostname":"fv-az74-307","name":"@waytrade/microservice-core","msg":"App stopped."}
{"level":30,"time":1636327367766,"pid":2290,"hostname":"fv-az74-307","name":"@waytrade/microservice-core","msg":"Starting App..."}
{"level":20,"time":1636327367767,"pid":2290,"hostname":"fv-az74-307","name":"@waytrade/microservice-core","msg":"Starting HTTP Server on port 0"}
{"level":20,"time":1636327367767,"pid":2290,"hostname":"fv-az74-307","name":"@waytrade/microservice-core","msg":"HTTP Server listening on port 46017"}
{"level":20,"time":1636327367767,"pid":2290,"hostname":"fv-az74-307","name":"@waytrade/microservice-core","msg":"Starting HTTP Server on port 0"}
{"level":20,"time":1636327367767,"pid":2290,"hostname":"fv-az74-307","name":"@waytrade/microservice-core","msg":"HTTP Server listening on port 33159"}
{"level":30,"time":1636327367767,"pid":2290,"hostname":"fv-az74-307","name":"@waytrade/microservice-core","msg":"API Server started at port 46017"}
{"level":30,"time":1636327367767,"pid":2290,"hostname":"fv-az74-307","name":"@waytrade/microservice-core","msg":"Webhook Callback Server started at port 33159"}
{"level":20,"time":1636327367768,"pid":2290,"hostname":"fv-az74-307","name":"@waytrade/microservice-core","msg":"HTTP Server on port 46017 stopped"}
{"level":20,"time":1636327367768,"pid":2290,"hostname":"fv-az74-307","name":"@waytrade/microservice-core","msg":"HTTP Server on port 33159 stopped"}
{"level":30,"time":1636327367768,"pid":2290,"hostname":"fv-az74-307","name":"@waytrade/microservice-core","msg":"App stopped."}
{"level":30,"time":1636327367770,"pid":2290,"hostname":"fv-az74-307","name":"@waytrade/microservice-core","msg":"Starting App..."}
{"level":20,"time":1636327367770,"pid":2290,"hostname":"fv-az74-307","name":"@waytrade/microservice-core","msg":"Starting HTTP Server on port 0"}
{"level":20,"time":1636327367770,"pid":2290,"hostname":"fv-az74-307","name":"@waytrade/microservice-core","msg":"HTTP Server listening on port 38105"}
{"level":20,"time":1636327367770,"pid":2290,"hostname":"fv-az74-307","name":"@waytrade/microservice-core","msg":"Starting HTTP Server on port 0"}
{"level":20,"time":1636327367770,"pid":2290,"hostname":"fv-az74-307","name":"@waytrade/microservice-core","msg":"HTTP Server listening on port 57223"}
{"level":30,"time":1636327367770,"pid":2290,"hostname":"fv-az74-307","name":"@waytrade/microservice-core","msg":"API Server started at port 38105"}
{"level":30,"time":1636327367770,"pid":2290,"hostname":"fv-az74-307","name":"@waytrade/microservice-core","msg":"Webhook Callback Server started at port 57223"}
{"level":20,"time":1636327367771,"pid":2290,"hostname":"fv-az74-307","name":"@waytrade/microservice-core","msg":"HTTP Server on port 38105 stopped"}
{"level":20,"time":1636327367771,"pid":2290,"hostname":"fv-az74-307","name":"@waytrade/microservice-core","msg":"HTTP Server on port 57223 stopped"}
{"level":30,"time":1636327367771,"pid":2290,"hostname":"fv-az74-307","name":"@waytrade/microservice-core","msg":"App stopped."}
{"level":30,"time":1636327367773,"pid":2290,"hostname":"fv-az74-307","name":"@waytrade/microservice-core","msg":"Starting App..."}
{"level":20,"time":1636327367773,"pid":2290,"hostname":"fv-az74-307","name":"@waytrade/microservice-core","msg":"Starting HTTP Server on port 0"}
{"level":20,"time":1636327367773,"pid":2290,"hostname":"fv-az74-307","name":"@waytrade/microservice-core","msg":"HTTP Server listening on port 36769"}
{"level":20,"time":1636327367773,"pid":2290,"hostname":"fv-az74-307","name":"@waytrade/microservice-core","msg":"Starting HTTP Server on port 0"}
{"level":20,"time":1636327367773,"pid":2290,"hostname":"fv-az74-307","name":"@waytrade/microservice-core","msg":"HTTP Server listening on port 50161"}
{"level":50,"time":1636327367773,"pid":2290,"hostname":"fv-az74-307","name":"@waytrade/microservice-core","msg":"App start failed: Controller booth failed"}
{"level":20,"time":1636327367774,"pid":2290,"hostname":"fv-az74-307","name":"@waytrade/microservice-core","msg":"HTTP Server on port 36769 stopped"}
{"level":20,"time":1636327367774,"pid":2290,"hostname":"fv-az74-307","name":"@waytrade/microservice-core","msg":"HTTP Server on port 50161 stopped"}
{"level":30,"time":1636327367774,"pid":2290,"hostname":"fv-az74-307","name":"@waytrade/microservice-core","msg":"App stopped."}
{"level":30,"time":1636327367775,"pid":2290,"hostname":"fv-az74-307","name":"@waytrade/microservice-core","msg":"Starting App..."}
{"level":20,"time":1636327367775,"pid":2290,"hostname":"fv-az74-307","name":"@waytrade/microservice-core","msg":"Starting HTTP Server on port 0"}
{"level":20,"time":1636327367775,"pid":2290,"hostname":"fv-az74-307","name":"@waytrade/microservice-core","msg":"HTTP Server listening on port 52191"}
{"level":20,"time":1636327367775,"pid":2290,"hostname":"fv-az74-307","name":"@waytrade/microservice-core","msg":"Starting HTTP Server on port 0"}
{"level":20,"time":1636327367775,"pid":2290,"hostname":"fv-az74-307","name":"@waytrade/microservice-core","msg":"HTTP Server listening on port 58389"}
{"level":50,"time":1636327367775,"pid":2290,"hostname":"fv-az74-307","name":"@waytrade/microservice-core","msg":"App start failed: Controller booth failed"}
{"level":20,"time":1636327367776,"pid":2290,"hostname":"fv-az74-307","name":"@waytrade/microservice-core","msg":"HTTP Server on port 52191 stopped"}
{"level":20,"time":1636327367776,"pid":2290,"hostname":"fv-az74-307","name":"@waytrade/microservice-core","msg":"HTTP Server on port 58389 stopped"}
{"level":30,"time":1636327367776,"pid":2290,"hostname":"fv-az74-307","name":"@waytrade/microservice-core","msg":"App stopped."}
{"level":30,"time":1636327367777,"pid":2290,"hostname":"fv-az74-307","name":"@waytrade/microservice-core","msg":"Starting App..."}
{"level":20,"time":1636327367777,"pid":2290,"hostname":"fv-az74-307","name":"@waytrade/microservice-core","msg":"Starting HTTP Server on port 0"}
{"level":20,"time":1636327367777,"pid":2290,"hostname":"fv-az74-307","name":"@waytrade/microservice-core","msg":"HTTP Server listening on port 48135"}
{"level":20,"time":1636327367777,"pid":2290,"hostname":"fv-az74-307","name":"@waytrade/microservice-core","msg":"Starting HTTP Server on port 0"}
{"level":20,"time":1636327367777,"pid":2290,"hostname":"fv-az74-307","name":"@waytrade/microservice-core","msg":"HTTP Server listening on port 53293"}
{"level":50,"time":1636327367777,"pid":2290,"hostname":"fv-az74-307","name":"@waytrade/microservice-core","msg":"App start failed: Controller booth failed"}
{"level":20,"time":1636327367777,"pid":2290,"hostname":"fv-az74-307","name":"@waytrade/microservice-core","msg":"HTTP Server on port 48135 stopped"}
{"level":20,"time":1636327367777,"pid":2290,"hostname":"fv-az74-307","name":"@waytrade/microservice-core","msg":"HTTP Server on port 53293 stopped"}
{"level":30,"time":1636327367778,"pid":2290,"hostname":"fv-az74-307","name":"@waytrade/microservice-core","msg":"App stopped."}
{"level":30,"time":1636327367778,"pid":2290,"hostname":"fv-az74-307","name":"@waytrade/microservice-core","msg":"Starting App..."}
{"level":20,"time":1636327367779,"pid":2290,"hostname":"fv-az74-307","name":"@waytrade/microservice-core","msg":"Starting HTTP Server on port 0"}
{"level":20,"time":1636327367779,"pid":2290,"hostname":"fv-az74-307","name":"@waytrade/microservice-core","msg":"HTTP Server listening on port 46339"}
{"level":20,"time":1636327367779,"pid":2290,"hostname":"fv-az74-307","name":"@waytrade/microservice-core","msg":"Starting HTTP Server on port 0"}
{"level":20,"time":1636327367779,"pid":2290,"hostname":"fv-az74-307","name":"@waytrade/microservice-core","msg":"HTTP Server listening on port 38839"}
{"level":50,"time":1636327367779,"pid":2290,"hostname":"fv-az74-307","name":"@waytrade/microservice-core","msg":"App start failed: Controller booth failed"}
{"level":20,"time":1636327367779,"pid":2290,"hostname":"fv-az74-307","name":"@waytrade/microservice-core","msg":"HTTP Server on port 46339 stopped"}
{"level":20,"time":1636327367779,"pid":2290,"hostname":"fv-az74-307","name":"@waytrade/microservice-core","msg":"HTTP Server on port 38839 stopped"}
{"level":30,"time":1636327367779,"pid":2290,"hostname":"fv-az74-307","name":"@waytrade/microservice-core","msg":"App stopped."}
{"level":30,"time":1636327368030,"pid":2290,"hostname":"fv-az74-307","name":"@waytrade/microservice-core","msg":"Starting App..."}
{"level":20,"time":1636327368031,"pid":2290,"hostname":"fv-az74-307","name":"@waytrade/microservice-core","msg":"Starting HTTP Server on port 0"}
{"level":20,"time":1636327368031,"pid":2290,"hostname":"fv-az74-307","name":"@waytrade/microservice-core","msg":"HTTP Server listening on port 41791"}
{"level":30,"time":1636327368031,"pid":2290,"hostname":"fv-az74-307","name":"@waytrade/microservice-core","msg":"API Server started at port 41791"}
{"level":20,"time":1636327368032,"pid":2290,"hostname":"fv-az74-307","name":"@waytrade/microservice-core","msg":"HTTP Server on port 41791 stopped"}
{"level":30,"time":1636327368032,"pid":2290,"hostname":"fv-az74-307","name":"@waytrade/microservice-core","msg":"App stopped."}
{"level":30,"time":1636327368033,"pid":2290,"hostname":"fv-az74-307","name":"@waytrade/microservice-core","msg":"Starting App..."}
{"level":20,"time":1636327368034,"pid":2290,"hostname":"fv-az74-307","name":"@waytrade/microservice-core","msg":"Starting HTTP Server on port 0"}
{"level":20,"time":1636327368034,"pid":2290,"hostname":"fv-az74-307","name":"@waytrade/microservice-core","msg":"HTTP Server listening on port 47905"}
{"level":30,"time":1636327368034,"pid":2290,"hostname":"fv-az74-307","name":"@waytrade/microservice-core","msg":"API Server started at port 47905"}
{"level":20,"time":1636327368035,"pid":2290,"hostname":"fv-az74-307","name":"@waytrade/microservice-core","msg":"HTTP Server on port 47905 stopped"}
{"level":30,"time":1636327368035,"pid":2290,"hostname":"fv-az74-307","name":"@waytrade/microservice-core","msg":"App stopped."}
{"level":30,"time":1636327368043,"pid":2290,"hostname":"fv-az74-307","name":"@waytrade/microservice-core","msg":"Starting App..."}
{"level":20,"time":1636327368043,"pid":2290,"hostname":"fv-az74-307","name":"@waytrade/microservice-core","msg":"Starting HTTP Server on port 0"}
{"level":20,"time":1636327368043,"pid":2290,"hostname":"fv-az74-307","name":"@waytrade/microservice-core","msg":"HTTP Server listening on port 58119"}
{"level":50,"time":1636327368044,"pid":2290,"hostname":"fv-az74-307","name":"@waytrade/microservice-core","msg":"App start failed: Controller booth failed"}
{"level":20,"time":1636327368044,"pid":2290,"hostname":"fv-az74-307","name":"@waytrade/microservice-core","msg":"HTTP Server on port 58119 stopped"}
{"level":30,"time":1636327368044,"pid":2290,"hostname":"fv-az74-307","name":"@waytrade/microservice-core","msg":"App stopped."}
{"level":30,"time":1636327368045,"pid":2290,"hostname":"fv-az74-307","name":"@waytrade/microservice-core","msg":"Starting App..."}
{"level":20,"time":1636327368045,"pid":2290,"hostname":"fv-az74-307","name":"@waytrade/microservice-core","msg":"Starting HTTP Server on port 0"}
{"level":20,"time":1636327368045,"pid":2290,"hostname":"fv-az74-307","name":"@waytrade/microservice-core","msg":"HTTP Server listening on port 39559"}
{"level":50,"time":1636327368045,"pid":2290,"hostname":"fv-az74-307","name":"@waytrade/microservice-core","msg":"App start failed: Controller booth failed"}
{"level":20,"time":1636327368045,"pid":2290,"hostname":"fv-az74-307","name":"@waytrade/microservice-core","msg":"HTTP Server on port 39559 stopped"}
{"level":30,"time":1636327368045,"pid":2290,"hostname":"fv-az74-307","name":"@waytrade/microservice-core","msg":"App stopped."}
{"level":30,"time":1636327368046,"pid":2290,"hostname":"fv-az74-307","name":"@waytrade/microservice-core","msg":"Starting App..."}
{"level":20,"time":1636327368047,"pid":2290,"hostname":"fv-az74-307","name":"@waytrade/microservice-core","msg":"Starting HTTP Server on port 0"}
{"level":20,"time":1636327368047,"pid":2290,"hostname":"fv-az74-307","name":"@waytrade/microservice-core","msg":"HTTP Server listening on port 33239"}
{"level":50,"time":1636327368047,"pid":2290,"hostname":"fv-az74-307","name":"@waytrade/microservice-core","msg":"App start failed: Controller booth failed"}
{"level":20,"time":1636327368047,"pid":2290,"hostname":"fv-az74-307","name":"@waytrade/microservice-core","msg":"HTTP Server on port 33239 stopped"}
{"level":30,"time":1636327368047,"pid":2290,"hostname":"fv-az74-307","name":"@waytrade/microservice-core","msg":"App stopped."}
{"level":30,"time":1636327368048,"pid":2290,"hostname":"fv-az74-307","name":"@waytrade/microservice-core","msg":"Starting App..."}
{"level":20,"time":1636327368048,"pid":2290,"hostname":"fv-az74-307","name":"@waytrade/microservice-core","msg":"Starting HTTP Server on port 0"}
{"level":20,"time":1636327368048,"pid":2290,"hostname":"fv-az74-307","name":"@waytrade/microservice-core","msg":"HTTP Server listening on port 37303"}
{"level":50,"time":1636327368048,"pid":2290,"hostname":"fv-az74-307","name":"@waytrade/microservice-core","msg":"App start failed: Controller booth failed"}
{"level":20,"time":1636327368049,"pid":2290,"hostname":"fv-az74-307","name":"@waytrade/microservice-core","msg":"HTTP Server on port 37303 stopped"}
{"level":30,"time":1636327368049,"pid":2290,"hostname":"fv-az74-307","name":"@waytrade/microservice-core","msg":"App stopped."}
{"level":30,"time":1636327368303,"pid":2290,"hostname":"fv-az74-307","name":"@waytrade/microservice-core","msg":"Starting App..."}
{"level":20,"time":1636327368303,"pid":2290,"hostname":"fv-az74-307","name":"@waytrade/microservice-core","msg":"Starting HTTP Server on port 0"}
{"level":20,"time":1636327368303,"pid":2290,"hostname":"fv-az74-307","name":"@waytrade/microservice-core","msg":"HTTP Server listening on port 35723"}
{"level":30,"time":1636327368303,"pid":2290,"hostname":"fv-az74-307","name":"@waytrade/microservice-core","msg":"API Server started at port 35723"}
{"level":20,"time":1636327368304,"pid":2290,"hostname":"fv-az74-307","name":"@waytrade/microservice-core","msg":"HTTP Server on port 35723 stopped"}
{"level":30,"time":1636327368304,"pid":2290,"hostname":"fv-az74-307","name":"@waytrade/microservice-core","msg":"App stopped."}
{"level":30,"time":1636327368306,"pid":2290,"hostname":"fv-az74-307","name":"@waytrade/microservice-core","msg":"Starting App..."}
{"level":20,"time":1636327368306,"pid":2290,"hostname":"fv-az74-307","name":"@waytrade/microservice-core","msg":"Starting HTTP Server on port 0"}
{"level":20,"time":1636327368306,"pid":2290,"hostname":"fv-az74-307","name":"@waytrade/microservice-core","msg":"HTTP Server listening on port 42849"}
{"level":30,"time":1636327368306,"pid":2290,"hostname":"fv-az74-307","name":"@waytrade/microservice-core","msg":"API Server started at port 42849"}
{"level":20,"time":1636327368307,"pid":2290,"hostname":"fv-az74-307","name":"@waytrade/microservice-core","msg":"HTTP Server on port 42849 stopped"}
{"level":30,"time":1636327368307,"pid":2290,"hostname":"fv-az74-307","name":"@waytrade/microservice-core","msg":"App stopped."}
{"level":30,"time":1636327368309,"pid":2290,"hostname":"fv-az74-307","name":"@waytrade/microservice-core","msg":"Starting App..."}
{"level":50,"time":1636327368309,"pid":2290,"hostname":"fv-az74-307","name":"@waytrade/microservice-core","msg":"App start failed: Controller booth failed"}
{"level":30,"time":1636327368309,"pid":2290,"hostname":"fv-az74-307","name":"@waytrade/microservice-core","msg":"App stopped."}
{"level":30,"time":1636327368310,"pid":2290,"hostname":"fv-az74-307","name":"@waytrade/microservice-core","msg":"Starting App..."}
{"level":50,"time":1636327368310,"pid":2290,"hostname":"fv-az74-307","name":"@waytrade/microservice-core","msg":"App start failed: Controller booth failed"}
{"level":30,"time":1636327368310,"pid":2290,"hostname":"fv-az74-307","name":"@waytrade/microservice-core","msg":"App stopped."}
{"level":30,"time":1636327368311,"pid":2290,"hostname":"fv-az74-307","name":"@waytrade/microservice-core","msg":"Starting App..."}
{"level":50,"time":1636327368311,"pid":2290,"hostname":"fv-az74-307","name":"@waytrade/microservice-core","msg":"App start failed: Controller booth failed"}
{"level":30,"time":1636327368312,"pid":2290,"hostname":"fv-az74-307","name":"@waytrade/microservice-core","msg":"App stopped."}
{"level":30,"time":1636327368329,"pid":2290,"hostname":"fv-az74-307","name":"@waytrade/microservice-core","msg":"Starting App..."}
{"level":50,"time":1636327368329,"pid":2290,"hostname":"fv-az74-307","name":"@waytrade/microservice-core","msg":"App start failed: Controller booth failed"}
{"level":30,"time":1636327368330,"pid":2290,"hostname":"fv-az74-307","name":"@waytrade/microservice-core","msg":"App stopped."}
{"level":20,"time":1636327368604,"pid":2290,"hostname":"fv-az74-307","name":"@waytrade/microservice-core","msg":"Starting HTTP Server on port 0"}
{"level":20,"time":1636327368604,"pid":2290,"hostname":"fv-az74-307","name":"@waytrade/microservice-core","msg":"HTTP Server listening on port 46519"}
{"level":20,"time":1636327368605,"pid":2290,"hostname":"fv-az74-307","name":"@waytrade/microservice-core","msg":"HTTP Server on port 46519 stopped"}
{"level":20,"time":1636327368605,"pid":2290,"hostname":"fv-az74-307","name":"@waytrade/microservice-core","msg":"Starting HTTP Server on port 3999"}
{"level":20,"time":1636327368605,"pid":2290,"hostname":"fv-az74-307","name":"@waytrade/microservice-core","msg":"HTTP Server listening on port 3999"}
{"level":20,"time":1636327368606,"pid":2290,"hostname":"fv-az74-307","name":"@waytrade/microservice-core","msg":"HTTP Server on port 3999 stopped"}
{"level":20,"time":1636327368606,"pid":2290,"hostname":"fv-az74-307","name":"@waytrade/microservice-core","msg":"Starting HTTP Server on port 0"}
{"level":20,"time":1636327368606,"pid":2290,"hostname":"fv-az74-307","name":"@waytrade/microservice-core","msg":"HTTP Server listening on port 34087"}
{"level":20,"time":1636327368609,"pid":2290,"hostname":"fv-az74-307","name":"@waytrade/microservice-core","msg":"/some/invalid/path not found."}
{"level":20,"time":1636327368610,"pid":2290,"hostname":"fv-az74-307","name":"@waytrade/microservice-core","msg":"HTTP Server on port 34087 stopped"}
{"level":20,"time":1636327368610,"pid":2290,"hostname":"fv-az74-307","name":"@waytrade/microservice-core","msg":"Starting HTTP Server on port 0"}
{"level":20,"time":1636327368610,"pid":2290,"hostname":"fv-az74-307","name":"@waytrade/microservice-core","msg":"HTTP Server listening on port 47613"}
{"level":20,"time":1636327368612,"pid":2290,"hostname":"fv-az74-307","name":"@waytrade/microservice-core","msg":"HTTP Server on port 47613 stopped"}
{"level":20,"time":1636327368613,"pid":2290,"hostname":"fv-az74-307","name":"@waytrade/microservice-core","msg":"Starting HTTP Server on port 0"}
{"level":20,"time":1636327368613,"pid":2290,"hostname":"fv-az74-307","name":"@waytrade/microservice-core","msg":"HTTP Server listening on port 52663"}
{"level":20,"time":1636327368615,"pid":2290,"hostname":"fv-az74-307","name":"@waytrade/microservice-core","msg":"HTTP Server on port 52663 stopped"}
{"level":20,"time":1636327368615,"pid":2290,"hostname":"fv-az74-307","name":"@waytrade/microservice-core","msg":"Starting HTTP Server on port 0"}
{"level":20,"time":1636327368615,"pid":2290,"hostname":"fv-az74-307","name":"@waytrade/microservice-core","msg":"HTTP Server listening on port 49831"}
{"level":20,"time":1636327368616,"pid":2290,"hostname":"fv-az74-307","name":"@waytrade/microservice-core","msg":"HTTP get /api/dummy/customResponseHeader -> 200 (0ms)"}
{"level":20,"time":1636327368617,"pid":2290,"hostname":"fv-az74-307","name":"@waytrade/microservice-core","msg":"HTTP Server on port 49831 stopped"}
{"level":30,"time":1636327368886,"pid":2290,"hostname":"fv-az74-307","name":"@waytrade/microservice-core","msg":"Starting App..."}
{"level":20,"time":1636327368887,"pid":2290,"hostname":"fv-az74-307","name":"@waytrade/microservice-core","msg":"Starting HTTP Server on port 0"}
{"level":20,"time":1636327368887,"pid":2290,"hostname":"fv-az74-307","name":"@waytrade/microservice-core","msg":"HTTP Server listening on port 45445"}
{"level":20,"time":1636327368887,"pid":2290,"hostname":"fv-az74-307","name":"@waytrade/microservice-core","msg":"Starting HTTP Server on port 0"}
{"level":20,"time":1636327368887,"pid":2290,"hostname":"fv-az74-307","name":"@waytrade/microservice-core","msg":"HTTP Server listening on port 33365"}
{"level":30,"time":1636327368888,"pid":2290,"hostname":"fv-az74-307","name":"@waytrade/microservice-core","msg":"API Server started at port 45445"}
{"level":30,"time":1636327368888,"pid":2290,"hostname":"fv-az74-307","name":"@waytrade/microservice-core","msg":"Webhook Callback Server started at port 33365"}
{"level":20,"time":1636327368890,"pid":2290,"hostname":"fv-az74-307","name":"@waytrade/microservice-core","msg":"HTTP get /api/ -> 200 (0ms)"}
{"level":20,"time":1636327368891,"pid":2290,"hostname":"fv-az74-307","name":"@waytrade/microservice-core","msg":"HTTP Server on port 45445 stopped"}
{"level":20,"time":1636327368891,"pid":2290,"hostname":"fv-az74-307","name":"@waytrade/microservice-core","msg":"HTTP Server on port 33365 stopped"}
{"level":30,"time":1636327368891,"pid":2290,"hostname":"fv-az74-307","name":"@waytrade/microservice-core","msg":"App stopped."}
{"level":30,"time":1636327368893,"pid":2290,"hostname":"fv-az74-307","name":"@waytrade/microservice-core","msg":"Starting App..."}
{"level":20,"time":1636327368893,"pid":2290,"hostname":"fv-az74-307","name":"@waytrade/microservice-core","msg":"Starting HTTP Server on port 0"}
{"level":20,"time":1636327368893,"pid":2290,"hostname":"fv-az74-307","name":"@waytrade/microservice-core","msg":"HTTP Server listening on port 38111"}
{"level":20,"time":1636327368893,"pid":2290,"hostname":"fv-az74-307","name":"@waytrade/microservice-core","msg":"Starting HTTP Server on port 0"}
{"level":20,"time":1636327368893,"pid":2290,"hostname":"fv-az74-307","name":"@waytrade/microservice-core","msg":"HTTP Server listening on port 58891"}
{"level":30,"time":1636327368893,"pid":2290,"hostname":"fv-az74-307","name":"@waytrade/microservice-core","msg":"API Server started at port 38111"}
{"level":30,"time":1636327368893,"pid":2290,"hostname":"fv-az74-307","name":"@waytrade/microservice-core","msg":"Webhook Callback Server started at port 58891"}
{"level":20,"time":1636327368894,"pid":2290,"hostname":"fv-az74-307","name":"@waytrade/microservice-core","msg":"HTTP get / -> 200 (0ms)"}
{"level":20,"time":1636327368895,"pid":2290,"hostname":"fv-az74-307","name":"@waytrade/microservice-core","msg":"HTTP Server on port 38111 stopped"}
{"level":20,"time":1636327368895,"pid":2290,"hostname":"fv-az74-307","name":"@waytrade/microservice-core","msg":"HTTP Server on port 58891 stopped"}
{"level":30,"time":1636327368895,"pid":2290,"hostname":"fv-az74-307","name":"@waytrade/microservice-core","msg":"App stopped."}
{"level":30,"time":1636327368896,"pid":2290,"hostname":"fv-az74-307","name":"@waytrade/microservice-core","msg":"Starting App..."}
{"level":20,"time":1636327368896,"pid":2290,"hostname":"fv-az74-307","name":"@waytrade/microservice-core","msg":"Starting HTTP Server on port 0"}
{"level":20,"time":1636327368896,"pid":2290,"hostname":"fv-az74-307","name":"@waytrade/microservice-core","msg":"HTTP Server listening on port 43981"}
{"level":20,"time":1636327368896,"pid":2290,"hostname":"fv-az74-307","name":"@waytrade/microservice-core","msg":"Starting HTTP Server on port 0"}
{"level":20,"time":1636327368897,"pid":2290,"hostname":"fv-az74-307","name":"@waytrade/microservice-core","msg":"HTTP Server listening on port 34279"}
{"level":30,"time":1636327368897,"pid":2290,"hostname":"fv-az74-307","name":"@waytrade/microservice-core","msg":"API Server started at port 43981"}
{"level":30,"time":1636327368897,"pid":2290,"hostname":"fv-az74-307","name":"@waytrade/microservice-core","msg":"Webhook Callback Server started at port 34279"}
{"level":20,"time":1636327368898,"pid":2290,"hostname":"fv-az74-307","name":"@waytrade/microservice-core","msg":"HTTP get /api/ -> 200 (1ms)"}
{"level":20,"time":1636327368898,"pid":2290,"hostname":"fv-az74-307","name":"@waytrade/microservice-core","msg":"HTTP Server on port 43981 stopped"}
{"level":20,"time":1636327368898,"pid":2290,"hostname":"fv-az74-307","name":"@waytrade/microservice-core","msg":"HTTP Server on port 34279 stopped"}
{"level":30,"time":1636327368898,"pid":2290,"hostname":"fv-az74-307","name":"@waytrade/microservice-core","msg":"App stopped."}
{"level":30,"time":1636327368899,"pid":2290,"hostname":"fv-az74-307","name":"@waytrade/microservice-core","msg":"Starting App..."}
{"level":20,"time":1636327368899,"pid":2290,"hostname":"fv-az74-307","name":"@waytrade/microservice-core","msg":"Starting HTTP Server on port 0"}
{"level":20,"time":1636327368900,"pid":2290,"hostname":"fv-az74-307","name":"@waytrade/microservice-core","msg":"HTTP Server listening on port 35541"}
{"level":20,"time":1636327368900,"pid":2290,"hostname":"fv-az74-307","name":"@waytrade/microservice-core","msg":"Starting HTTP Server on port 0"}
{"level":20,"time":1636327368900,"pid":2290,"hostname":"fv-az74-307","name":"@waytrade/microservice-core","msg":"HTTP Server listening on port 59617"}
{"level":30,"time":1636327368900,"pid":2290,"hostname":"fv-az74-307","name":"@waytrade/microservice-core","msg":"API Server started at port 35541"}
{"level":30,"time":1636327368900,"pid":2290,"hostname":"fv-az74-307","name":"@waytrade/microservice-core","msg":"Webhook Callback Server started at port 59617"}
{"level":20,"time":1636327368901,"pid":2290,"hostname":"fv-az74-307","name":"@waytrade/microservice-core","msg":"HTTP Server on port 35541 stopped"}
{"level":20,"time":1636327368901,"pid":2290,"hostname":"fv-az74-307","name":"@waytrade/microservice-core","msg":"HTTP Server on port 59617 stopped"}
{"level":30,"time":1636327368901,"pid":2290,"hostname":"fv-az74-307","name":"@waytrade/microservice-core","msg":"App stopped."}
{"level":30,"time":1636327369141,"pid":2290,"hostname":"fv-az74-307","name":"@waytrade/microservice-core","msg":"Starting App..."}
{"level":20,"time":1636327369141,"pid":2290,"hostname":"fv-az74-307","name":"@waytrade/microservice-core","msg":"Starting HTTP Server on port 0"}
{"level":20,"time":1636327369141,"pid":2290,"hostname":"fv-az74-307","name":"@waytrade/microservice-core","msg":"HTTP Server listening on port 47333"}
{"level":20,"time":1636327369142,"pid":2290,"hostname":"fv-az74-307","name":"@waytrade/microservice-core","msg":"Starting HTTP Server on port 0"}
{"level":20,"time":1636327369142,"pid":2290,"hostname":"fv-az74-307","name":"@waytrade/microservice-core","msg":"HTTP Server listening on port 58565"}
{"level":30,"time":1636327369142,"pid":2290,"hostname":"fv-az74-307","name":"@waytrade/microservice-core","msg":"API Server started at port 47333"}
{"level":30,"time":1636327369142,"pid":2290,"hostname":"fv-az74-307","name":"@waytrade/microservice-core","msg":"Webhook Callback Server started at port 58565"}
{"level":20,"time":1636327369142,"pid":2290,"hostname":"fv-az74-307","name":"@waytrade/microservice-core","msg":"HTTP Server on port 47333 stopped"}
{"level":20,"time":1636327369142,"pid":2290,"hostname":"fv-az74-307","name":"@waytrade/microservice-core","msg":"HTTP Server on port 58565 stopped"}
{"level":30,"time":1636327369143,"pid":2290,"hostname":"fv-az74-307","name":"@waytrade/microservice-core","msg":"App stopped."}
{"level":30,"time":1636327369144,"pid":2290,"hostname":"fv-az74-307","name":"@waytrade/microservice-core","msg":"Starting App..."}
{"level":20,"time":1636327369144,"pid":2290,"hostname":"fv-az74-307","name":"@waytrade/microservice-core","msg":"Starting HTTP Server on port 0"}
{"level":20,"time":1636327369144,"pid":2290,"hostname":"fv-az74-307","name":"@waytrade/microservice-core","msg":"HTTP Server listening on port 34179"}
{"level":20,"time":1636327369144,"pid":2290,"hostname":"fv-az74-307","name":"@waytrade/microservice-core","msg":"Starting HTTP Server on port 0"}
{"level":20,"time":1636327369144,"pid":2290,"hostname":"fv-az74-307","name":"@waytrade/microservice-core","msg":"HTTP Server listening on port 57187"}
{"level":30,"time":1636327369144,"pid":2290,"hostname":"fv-az74-307","name":"@waytrade/microservice-core","msg":"API Server started at port 34179"}
{"level":30,"time":1636327369144,"pid":2290,"hostname":"fv-az74-307","name":"@waytrade/microservice-core","msg":"Webhook Callback Server started at port 57187"}
{"level":20,"time":1636327369145,"pid":2290,"hostname":"fv-az74-307","name":"@waytrade/microservice-core","msg":"HTTP Server on port 34179 stopped"}
{"level":20,"time":1636327369145,"pid":2290,"hostname":"fv-az74-307","name":"@waytrade/microservice-core","msg":"HTTP Server on port 57187 stopped"}
{"level":30,"time":1636327369145,"pid":2290,"hostname":"fv-az74-307","name":"@waytrade/microservice-core","msg":"App stopped."}
{"level":30,"time":1636327369146,"pid":2290,"hostname":"fv-az74-307","name":"@waytrade/microservice-core","msg":"Starting App..."}
{"level":20,"time":1636327369146,"pid":2290,"hostname":"fv-az74-307","name":"@waytrade/microservice-core","msg":"Starting HTTP Server on port 0"}
{"level":20,"time":1636327369146,"pid":2290,"hostname":"fv-az74-307","name":"@waytrade/microservice-core","msg":"HTTP Server listening on port 49999"}
{"level":20,"time":1636327369146,"pid":2290,"hostname":"fv-az74-307","name":"@waytrade/microservice-core","msg":"Starting HTTP Server on port 0"}
{"level":20,"time":1636327369146,"pid":2290,"hostname":"fv-az74-307","name":"@waytrade/microservice-core","msg":"HTTP Server listening on port 39005"}
{"level":30,"time":1636327369147,"pid":2290,"hostname":"fv-az74-307","name":"@waytrade/microservice-core","msg":"API Server started at port 49999"}
{"level":30,"time":1636327369147,"pid":2290,"hostname":"fv-az74-307","name":"@waytrade/microservice-core","msg":"Webhook Callback Server started at port 39005"}
{"level":20,"time":1636327369147,"pid":2290,"hostname":"fv-az74-307","name":"@waytrade/microservice-core","msg":"HTTP Server on port 49999 stopped"}
{"level":20,"time":1636327369147,"pid":2290,"hostname":"fv-az74-307","name":"@waytrade/microservice-core","msg":"HTTP Server on port 39005 stopped"}
{"level":30,"time":1636327369147,"pid":2290,"hostname":"fv-az74-307","name":"@waytrade/microservice-core","msg":"App stopped."}
{"level":30,"time":1636327369148,"pid":2290,"hostname":"fv-az74-307","name":"@waytrade/microservice-core","msg":"Starting App..."}
{"level":20,"time":1636327369148,"pid":2290,"hostname":"fv-az74-307","name":"@waytrade/microservice-core","msg":"Starting HTTP Server on port 0"}
{"level":20,"time":1636327369148,"pid":2290,"hostname":"fv-az74-307","name":"@waytrade/microservice-core","msg":"HTTP Server listening on port 48751"}
{"level":20,"time":1636327369148,"pid":2290,"hostname":"fv-az74-307","name":"@waytrade/microservice-core","msg":"Starting HTTP Server on port 0"}
{"level":20,"time":1636327369149,"pid":2290,"hostname":"fv-az74-307","name":"@waytrade/microservice-core","msg":"HTTP Server listening on port 51525"}
{"level":30,"time":1636327369149,"pid":2290,"hostname":"fv-az74-307","name":"@waytrade/microservice-core","msg":"API Server started at port 48751"}
{"level":30,"time":1636327369149,"pid":2290,"hostname":"fv-az74-307","name":"@waytrade/microservice-core","msg":"Webhook Callback Server started at port 51525"}
{"level":20,"time":1636327369149,"pid":2290,"hostname":"fv-az74-307","name":"@waytrade/microservice-core","msg":"HTTP Server on port 48751 stopped"}
{"level":20,"time":1636327369149,"pid":2290,"hostname":"fv-az74-307","name":"@waytrade/microservice-core","msg":"HTTP Server on port 51525 stopped"}
{"level":30,"time":1636327369149,"pid":2290,"hostname":"fv-az74-307","name":"@waytrade/microservice-core","msg":"App stopped."}
{"level":30,"time":1636327369397,"pid":2290,"hostname":"fv-az74-307","name":"@waytrade/microservice-core","msg":"Starting App..."}
{"level":20,"time":1636327369397,"pid":2290,"hostname":"fv-az74-307","name":"@waytrade/microservice-core","msg":"Starting HTTP Server on port 0"}
{"level":20,"time":1636327369397,"pid":2290,"hostname":"fv-az74-307","name":"@waytrade/microservice-core","msg":"HTTP Server listening on port 53011"}
{"level":30,"time":1636327369397,"pid":2290,"hostname":"fv-az74-307","name":"@waytrade/microservice-core","msg":"API Server started at port 53011"}
{"level":20,"time":1636327369398,"pid":2290,"hostname":"fv-az74-307","name":"@waytrade/microservice-core","msg":"HTTP Server on port 53011 stopped"}
{"level":30,"time":1636327369398,"pid":2290,"hostname":"fv-az74-307","name":"@waytrade/microservice-core","msg":"App stopped."}
{"level":30,"time":1636327369399,"pid":2290,"hostname":"fv-az74-307","name":"@waytrade/microservice-core","msg":"Starting App..."}
{"level":20,"time":1636327369399,"pid":2290,"hostname":"fv-az74-307","name":"@waytrade/microservice-core","msg":"Starting HTTP Server on port 0"}
{"level":20,"time":1636327369400,"pid":2290,"hostname":"fv-az74-307","name":"@waytrade/microservice-core","msg":"HTTP Server listening on port 43835"}
{"level":30,"time":1636327369400,"pid":2290,"hostname":"fv-az74-307","name":"@waytrade/microservice-core","msg":"API Server started at port 43835"}
{"level":20,"time":1636327369400,"pid":2290,"hostname":"fv-az74-307","name":"@waytrade/microservice-core","msg":"HTTP Server on port 43835 stopped"}
{"level":30,"time":1636327369400,"pid":2290,"hostname":"fv-az74-307","name":"@waytrade/microservice-core","msg":"App stopped."}
{"level":30,"time":1636327369401,"pid":2290,"hostname":"fv-az74-307","name":"@waytrade/microservice-core","msg":"Starting App..."}
{"level":20,"time":1636327369401,"pid":2290,"hostname":"fv-az74-307","name":"@waytrade/microservice-core","msg":"Starting HTTP Server on port 0"}
{"level":20,"time":1636327369401,"pid":2290,"hostname":"fv-az74-307","name":"@waytrade/microservice-core","msg":"HTTP Server listening on port 44749"}
{"level":30,"time":1636327369402,"pid":2290,"hostname":"fv-az74-307","name":"@waytrade/microservice-core","msg":"API Server started at port 44749"}
{"level":20,"time":1636327369402,"pid":2290,"hostname":"fv-az74-307","name":"@waytrade/microservice-core","msg":"HTTP Server on port 44749 stopped"}
{"level":30,"time":1636327369402,"pid":2290,"hostname":"fv-az74-307","name":"@waytrade/microservice-core","msg":"App stopped."}
{"level":30,"time":1636327369403,"pid":2290,"hostname":"fv-az74-307","name":"@waytrade/microservice-core","msg":"Starting App..."}
{"level":20,"time":1636327369403,"pid":2290,"hostname":"fv-az74-307","name":"@waytrade/microservice-core","msg":"Starting HTTP Server on port 0"}
{"level":20,"time":1636327369403,"pid":2290,"hostname":"fv-az74-307","name":"@waytrade/microservice-core","msg":"HTTP Server listening on port 51865"}
{"level":30,"time":1636327369403,"pid":2290,"hostname":"fv-az74-307","name":"@waytrade/microservice-core","msg":"API Server started at port 51865"}
{"level":20,"time":1636327369404,"pid":2290,"hostname":"fv-az74-307","name":"@waytrade/microservice-core","msg":"HTTP Server on port 51865 stopped"}
{"level":30,"time":1636327369404,"pid":2290,"hostname":"fv-az74-307","name":"@waytrade/microservice-core","msg":"App stopped."}
{"level":30,"time":1636327369650,"pid":2290,"hostname":"fv-az74-307","name":"@waytrade/microservice-core","msg":"Starting App..."}
{"level":20,"time":1636327369651,"pid":2290,"hostname":"fv-az74-307","name":"@waytrade/microservice-core","msg":"Starting HTTP Server on port 0"}
{"level":20,"time":1636327369651,"pid":2290,"hostname":"fv-az74-307","name":"@waytrade/microservice-core","msg":"HTTP Server listening on port 48161"}
{"level":30,"time":1636327369651,"pid":2290,"hostname":"fv-az74-307","name":"@waytrade/microservice-core","msg":"API Server started at port 48161"}
{"level":20,"time":1636327369652,"pid":2290,"hostname":"fv-az74-307","name":"@waytrade/microservice-core","msg":"HTTP Server on port 48161 stopped"}
{"level":30,"time":1636327369652,"pid":2290,"hostname":"fv-az74-307","name":"@waytrade/microservice-core","msg":"App stopped."}
{"level":30,"time":1636327369653,"pid":2290,"hostname":"fv-az74-307","name":"@waytrade/microservice-core","msg":"Starting App..."}
{"level":20,"time":1636327369653,"pid":2290,"hostname":"fv-az74-307","name":"@waytrade/microservice-core","msg":"Starting HTTP Server on port 0"}
{"level":20,"time":1636327369653,"pid":2290,"hostname":"fv-az74-307","name":"@waytrade/microservice-core","msg":"HTTP Server listening on port 50107"}
{"level":30,"time":1636327369653,"pid":2290,"hostname":"fv-az74-307","name":"@waytrade/microservice-core","msg":"API Server started at port 50107"}
{"level":20,"time":1636327369661,"pid":2290,"hostname":"fv-az74-307","name":"@waytrade/microservice-core","msg":"HTTP Server on port 50107 stopped"}
{"level":30,"time":1636327369661,"pid":2290,"hostname":"fv-az74-307","name":"@waytrade/microservice-core","msg":"App stopped."}
{"level":30,"time":1636327369662,"pid":2290,"hostname":"fv-az74-307","name":"@waytrade/microservice-core","msg":"Starting App..."}
{"level":20,"time":1636327369662,"pid":2290,"hostname":"fv-az74-307","name":"@waytrade/microservice-core","msg":"Starting HTTP Server on port 0"}
{"level":20,"time":1636327369662,"pid":2290,"hostname":"fv-az74-307","name":"@waytrade/microservice-core","msg":"HTTP Server listening on port 48511"}
{"level":30,"time":1636327369662,"pid":2290,"hostname":"fv-az74-307","name":"@waytrade/microservice-core","msg":"API Server started at port 48511"}
{"level":20,"time":1636327369663,"pid":2290,"hostname":"fv-az74-307","name":"@waytrade/microservice-core","msg":"HTTP Server on port 48511 stopped"}
{"level":30,"time":1636327369663,"pid":2290,"hostname":"fv-az74-307","name":"@waytrade/microservice-core","msg":"App stopped."}
{"level":30,"time":1636327369664,"pid":2290,"hostname":"fv-az74-307","name":"@waytrade/microservice-core","msg":"Starting App..."}
{"level":20,"time":1636327369664,"pid":2290,"hostname":"fv-az74-307","name":"@waytrade/microservice-core","msg":"Starting HTTP Server on port 0"}
{"level":20,"time":1636327369664,"pid":2290,"hostname":"fv-az74-307","name":"@waytrade/microservice-core","msg":"HTTP Server listening on port 42401"}
{"level":30,"time":1636327369664,"pid":2290,"hostname":"fv-az74-307","name":"@waytrade/microservice-core","msg":"API Server started at port 42401"}
{"level":20,"time":1636327369665,"pid":2290,"hostname":"fv-az74-307","name":"@waytrade/microservice-core","msg":"HTTP Server on port 42401 stopped"}
{"level":30,"time":1636327369665,"pid":2290,"hostname":"fv-az74-307","name":"@waytrade/microservice-core","msg":"App stopped."}
{"level":30,"time":1636327370143,"pid":2290,"hostname":"fv-az74-307","name":"@waytrade/microservice-core","msg":"Starting App..."}
{"level":20,"time":1636327370143,"pid":2290,"hostname":"fv-az74-307","name":"@waytrade/microservice-core","msg":"Starting HTTP Server on port 0"}
{"level":20,"time":1636327370144,"pid":2290,"hostname":"fv-az74-307","name":"@waytrade/microservice-core","msg":"HTTP Server listening on port 49279"}
{"level":30,"time":1636327370144,"pid":2290,"hostname":"fv-az74-307","name":"@waytrade/microservice-core","msg":"API Server started at port 49279"}
{"level":20,"time":1636327370144,"pid":2290,"hostname":"fv-az74-307","name":"@waytrade/microservice-core","msg":"HTTP Server on port 49279 stopped"}
{"level":30,"time":1636327370145,"pid":2290,"hostname":"fv-az74-307","name":"@waytrade/microservice-core","msg":"App stopped."}
{"level":30,"time":1636327370146,"pid":2290,"hostname":"fv-az74-307","name":"@waytrade/microservice-core","msg":"Starting App..."}
{"level":20,"time":1636327370146,"pid":2290,"hostname":"fv-az74-307","name":"@waytrade/microservice-core","msg":"Starting HTTP Server on port 0"}
{"level":20,"time":1636327370147,"pid":2290,"hostname":"fv-az74-307","name":"@waytrade/microservice-core","msg":"HTTP Server listening on port 37495"}
{"level":50,"time":1636327370147,"pid":2290,"hostname":"fv-az74-307","name":"@waytrade/microservice-core","msg":"App start failed: Controller booth failed"}
{"level":20,"time":1636327370147,"pid":2290,"hostname":"fv-az74-307","name":"@waytrade/microservice-core","msg":"HTTP Server on port 37495 stopped"}
{"level":30,"time":1636327370147,"pid":2290,"hostname":"fv-az74-307","name":"@waytrade/microservice-core","msg":"App stopped."}
{"level":30,"time":1636327370148,"pid":2290,"hostname":"fv-az74-307","name":"@waytrade/microservice-core","msg":"Starting App..."}
{"level":20,"time":1636327370148,"pid":2290,"hostname":"fv-az74-307","name":"@waytrade/microservice-core","msg":"Starting HTTP Server on port 0"}
{"level":20,"time":1636327370148,"pid":2290,"hostname":"fv-az74-307","name":"@waytrade/microservice-core","msg":"HTTP Server listening on port 38871"}
{"level":50,"time":1636327370148,"pid":2290,"hostname":"fv-az74-307","name":"@waytrade/microservice-core","msg":"App start failed: Controller booth failed"}
{"level":20,"time":1636327370149,"pid":2290,"hostname":"fv-az74-307","name":"@waytrade/microservice-core","msg":"HTTP Server on port 38871 stopped"}
{"level":30,"time":1636327370149,"pid":2290,"hostname":"fv-az74-307","name":"@waytrade/microservice-core","msg":"App stopped."}
{"level":30,"time":1636327370385,"pid":2290,"hostname":"fv-az74-307","name":"@waytrade/microservice-core","msg":"Starting App..."}
{"level":20,"time":1636327370385,"pid":2290,"hostname":"fv-az74-307","name":"@waytrade/microservice-core","msg":"Starting HTTP Server on port 0"}
{"level":20,"time":1636327370385,"pid":2290,"hostname":"fv-az74-307","name":"@waytrade/microservice-core","msg":"HTTP Server listening on port 35147"}
{"level":20,"time":1636327370385,"pid":2290,"hostname":"fv-az74-307","name":"@waytrade/microservice-core","msg":"Starting HTTP Server on port 0"}
{"level":20,"time":1636327370385,"pid":2290,"hostname":"fv-az74-307","name":"@waytrade/microservice-core","msg":"HTTP Server listening on port 52761"}
{"level":30,"time":1636327370386,"pid":2290,"hostname":"fv-az74-307","name":"@waytrade/microservice-core","msg":"API Server started at port 35147"}
{"level":30,"time":1636327370386,"pid":2290,"hostname":"fv-az74-307","name":"@waytrade/microservice-core","msg":"Webhook Callback Server started at port 52761"}
{"level":20,"time":1636327370388,"pid":2290,"hostname":"fv-az74-307","name":"@waytrade/microservice-core","msg":"HTTP Server on port 35147 stopped"}
{"level":20,"time":1636327370388,"pid":2290,"hostname":"fv-az74-307","name":"@waytrade/microservice-core","msg":"HTTP Server on port 52761 stopped"}
{"level":30,"time":1636327370388,"pid":2290,"hostname":"fv-az74-307","name":"@waytrade/microservice-core","msg":"App stopped."}
{"level":20,"time":1636327370646,"pid":2290,"hostname":"fv-az74-307","name":"@waytrade/microservice-core","msg":"Starting HTTP Server on port 0"}
{"level":20,"time":1636327370646,"pid":2290,"hostname":"fv-az74-307","name":"@waytrade/microservice-core","msg":"HTTP Server listening on port 50639"}
{"level":20,"time":1636327370649,"pid":2290,"hostname":"fv-az74-307","name":"@waytrade/microservice-core","msg":"HTTP get /api/dummy/ -> 200 (0ms)"}
{"level":20,"time":1636327370650,"pid":2290,"hostname":"fv-az74-307","name":"@waytrade/microservice-core","msg":"HTTP Server on port 50639 stopped"}
{"level":30,"time":1636327371164,"pid":2290,"hostname":"fv-az74-307","name":"@waytrade/microservice-core","msg":"Starting App..."}
{"level":20,"time":1636327371164,"pid":2290,"hostname":"fv-az74-307","name":"@waytrade/microservice-core","msg":"Starting HTTP Server on port 0"}
{"level":20,"time":1636327371165,"pid":2290,"hostname":"fv-az74-307","name":"@waytrade/microservice-core","msg":"HTTP Server listening on port 50383"}
{"level":30,"time":1636327371165,"pid":2290,"hostname":"fv-az74-307","name":"@waytrade/microservice-core","msg":"API Server started at port 50383"}
{"level":20,"time":1636327371170,"pid":2290,"hostname":"fv-az74-307","name":"@waytrade/microservice-core","msg":"HTTP get /openapi.json -> 200 (2ms)"}
{"level":20,"time":1636327371172,"pid":2290,"hostname":"fv-az74-307","name":"@waytrade/microservice-core","msg":"HTTP Server on port 50383 stopped"}
{"level":30,"time":1636327371172,"pid":2290,"hostname":"fv-az74-307","name":"@waytrade/microservice-core","msg":"App stopped."}
