{"level":20,"time":1630779993082,"pid":5774,"hostname":"fv-az83-662","name":"@waytrade/microservice-core","msg":"Starting HTTP Server on port 0"}
{"level":20,"time":1630779993084,"pid":5774,"hostname":"fv-az83-662","name":"@waytrade/microservice-core","msg":"HTTP Server listening on port 39887"}
{"level":20,"time":1630779993108,"pid":5774,"hostname":"fv-az83-662","name":"@waytrade/microservice-core","msg":"HTTP get /openapi.json -> 200 (4ms)"}
{"level":20,"time":1630779993111,"pid":5774,"hostname":"fv-az83-662","name":"@waytrade/microservice-core","msg":"HTTP Server on port 39887 stopped"}
{"level":20,"time":1630779993113,"pid":5774,"hostname":"fv-az83-662","name":"@waytrade/microservice-core","msg":"Starting HTTP Server on port 0"}
{"level":20,"time":1630779993113,"pid":5774,"hostname":"fv-az83-662","name":"@waytrade/microservice-core","msg":"HTTP Server listening on port 34463"}
{"level":20,"time":1630779993116,"pid":5774,"hostname":"fv-az83-662","name":"@waytrade/microservice-core","msg":"HTTP get /openapi.json -> 200 (1ms)"}
{"level":20,"time":1630779993139,"pid":5774,"hostname":"fv-az83-662","name":"@waytrade/microservice-core","msg":"HTTP Server on port 34463 stopped"}
{"level":20,"time":1630779993140,"pid":5774,"hostname":"fv-az83-662","name":"@waytrade/microservice-core","msg":"Starting HTTP Server on port 0"}
{"level":20,"time":1630779993140,"pid":5774,"hostname":"fv-az83-662","name":"@waytrade/microservice-core","msg":"HTTP Server listening on port 57991"}
{"level":20,"time":1630779993142,"pid":5774,"hostname":"fv-az83-662","name":"@waytrade/microservice-core","msg":"Starting HTTP Server on port 0"}
{"level":20,"time":1630779993142,"pid":5774,"hostname":"fv-az83-662","name":"@waytrade/microservice-core","msg":"HTTP Server listening on port 52953"}
{"level":20,"time":1630779993144,"pid":5774,"hostname":"fv-az83-662","name":"@waytrade/microservice-core","msg":"HTTP get /openapi.json -> 200 (1ms)"}
{"level":20,"time":1630779993144,"pid":5774,"hostname":"fv-az83-662","name":"@waytrade/microservice-core","msg":"HTTP get / -> 200 (0ms)"}
{"level":20,"time":1630779993153,"pid":5774,"hostname":"fv-az83-662","name":"@waytrade/microservice-core","msg":"HTTP Server on port 57991 stopped"}
{"level":20,"time":1630779993153,"pid":5774,"hostname":"fv-az83-662","name":"@waytrade/microservice-core","msg":"HTTP Server on port 52953 stopped"}
{"level":20,"time":1630779993154,"pid":5774,"hostname":"fv-az83-662","name":"@waytrade/microservice-core","msg":"Starting HTTP Server on port 0"}
{"level":20,"time":1630779993154,"pid":5774,"hostname":"fv-az83-662","name":"@waytrade/microservice-core","msg":"HTTP Server listening on port 55383"}
{"level":20,"time":1630779993157,"pid":5774,"hostname":"fv-az83-662","name":"@waytrade/microservice-core","msg":"HTTP get /swagger-ui.css -> 200 (1ms)"}
{"level":20,"time":1630779993158,"pid":5774,"hostname":"fv-az83-662","name":"@waytrade/microservice-core","msg":"HTTP Server on port 55383 stopped"}
{"level":20,"time":1630779993159,"pid":5774,"hostname":"fv-az83-662","name":"@waytrade/microservice-core","msg":"Starting HTTP Server on port 0"}
{"level":20,"time":1630779993159,"pid":5774,"hostname":"fv-az83-662","name":"@waytrade/microservice-core","msg":"HTTP Server listening on port 60965"}
{"level":20,"time":1630779993169,"pid":5774,"hostname":"fv-az83-662","name":"@waytrade/microservice-core","msg":"HTTP get /swagger-ui-bundle.js -> 200 (9ms)"}
{"level":20,"time":1630779993173,"pid":5774,"hostname":"fv-az83-662","name":"@waytrade/microservice-core","msg":"HTTP Server on port 60965 stopped"}
{"level":20,"time":1630779993174,"pid":5774,"hostname":"fv-az83-662","name":"@waytrade/microservice-core","msg":"Starting HTTP Server on port 0"}
{"level":20,"time":1630779993174,"pid":5774,"hostname":"fv-az83-662","name":"@waytrade/microservice-core","msg":"HTTP Server listening on port 40789"}
{"level":20,"time":1630779993178,"pid":5774,"hostname":"fv-az83-662","name":"@waytrade/microservice-core","msg":"HTTP get /swagger-ui-standalone-preset.js -> 200 (3ms)"}
{"level":20,"time":1630779993180,"pid":5774,"hostname":"fv-az83-662","name":"@waytrade/microservice-core","msg":"HTTP Server on port 40789 stopped"}
{"level":20,"time":1630779993895,"pid":5774,"hostname":"fv-az83-662","name":"@waytrade/microservice-core","msg":"Starting HTTP Server on port 0"}
{"level":20,"time":1630779993895,"pid":5774,"hostname":"fv-az83-662","name":"@waytrade/microservice-core","msg":"HTTP Server listening on port 47465"}
{"level":20,"time":1630779993933,"pid":5774,"hostname":"fv-az83-662","name":"@waytrade/microservice-core","msg":"HTTP Server on port 47465 stopped"}
{"level":20,"time":1630779993933,"pid":5774,"hostname":"fv-az83-662","name":"@waytrade/microservice-core","msg":"Starting HTTP Server on port 0"}
{"level":20,"time":1630779993933,"pid":5774,"hostname":"fv-az83-662","name":"@waytrade/microservice-core","msg":"HTTP Server listening on port 49771"}
{"level":20,"time":1630779993937,"pid":5774,"hostname":"fv-az83-662","name":"@waytrade/microservice-core","msg":"HTTP Server on port 49771 stopped"}
{"level":20,"time":1630779993937,"pid":5774,"hostname":"fv-az83-662","name":"@waytrade/microservice-core","msg":"Starting HTTP Server on port 0"}
{"level":20,"time":1630779993937,"pid":5774,"hostname":"fv-az83-662","name":"@waytrade/microservice-core","msg":"HTTP Server listening on port 53177"}
{"level":20,"time":1630779993944,"pid":5774,"hostname":"fv-az83-662","name":"@waytrade/microservice-core","msg":"HTTP Server on port 53177 stopped"}
{"level":20,"time":1630779993945,"pid":5774,"hostname":"fv-az83-662","name":"@waytrade/microservice-core","msg":"Starting HTTP Server on port 0"}
{"level":20,"time":1630779993945,"pid":5774,"hostname":"fv-az83-662","name":"@waytrade/microservice-core","msg":"HTTP Server listening on port 40133"}
{"level":20,"time":1630780003949,"pid":5774,"hostname":"fv-az83-662","name":"@waytrade/microservice-core","msg":"HTTP Server on port 40133 stopped"}
{"level":20,"time":1630780003950,"pid":5774,"hostname":"fv-az83-662","name":"@waytrade/microservice-core","msg":"Starting HTTP Server on port 0"}
{"level":20,"time":1630780003950,"pid":5774,"hostname":"fv-az83-662","name":"@waytrade/microservice-core","msg":"HTTP Server listening on port 47475"}
{"level":20,"time":1630780003952,"pid":5774,"hostname":"fv-az83-662","name":"@waytrade/microservice-core","msg":"HTTP Server on port 47475 stopped"}
{"level":20,"time":1630780003955,"pid":5774,"hostname":"fv-az83-662","name":"@waytrade/microservice-core","msg":"Starting HTTP Server on port 0"}
{"level":20,"time":1630780003955,"pid":5774,"hostname":"fv-az83-662","name":"@waytrade/microservice-core","msg":"HTTP Server listening on port 38537"}
{"level":20,"time":1630780003965,"pid":5774,"hostname":"fv-az83-662","name":"@waytrade/microservice-core","msg":"HTTP Server on port 38537 stopped"}
{"level":20,"time":1630780005968,"pid":5774,"hostname":"fv-az83-662","name":"@waytrade/microservice-core","msg":"Starting HTTP Server on port 0"}
{"level":20,"time":1630780005968,"pid":5774,"hostname":"fv-az83-662","name":"@waytrade/microservice-core","msg":"HTTP Server listening on port 40475"}
{"level":20,"time":1630780005973,"pid":5774,"hostname":"fv-az83-662","name":"@waytrade/microservice-core","msg":"HTTP Server on port 40475 stopped"}
{"level":20,"time":1630780005974,"pid":5774,"hostname":"fv-az83-662","name":"@waytrade/microservice-core","msg":"Starting HTTP Server on port 0"}
{"level":20,"time":1630780005974,"pid":5774,"hostname":"fv-az83-662","name":"@waytrade/microservice-core","msg":"HTTP Server listening on port 52785"}
{"level":20,"time":1630780005976,"pid":5774,"hostname":"fv-az83-662","name":"@waytrade/microservice-core","msg":"HTTP Server on port 52785 stopped"}
{"level":20,"time":1630780005977,"pid":5774,"hostname":"fv-az83-662","name":"@waytrade/microservice-core","msg":"Starting HTTP Server on port 0"}
{"level":20,"time":1630780005977,"pid":5774,"hostname":"fv-az83-662","name":"@waytrade/microservice-core","msg":"HTTP Server listening on port 40987"}
{"level":20,"time":1630780005979,"pid":5774,"hostname":"fv-az83-662","name":"@waytrade/microservice-core","msg":"HTTP Server on port 40987 stopped"}
{"level":20,"time":1630780005980,"pid":5774,"hostname":"fv-az83-662","name":"@waytrade/microservice-core","msg":"Starting HTTP Server on port 0"}
{"level":20,"time":1630780005981,"pid":5774,"hostname":"fv-az83-662","name":"@waytrade/microservice-core","msg":"HTTP Server listening on port 56833"}
{"level":20,"time":1630780007985,"pid":5774,"hostname":"fv-az83-662","name":"@waytrade/microservice-core","msg":"HTTP Server on port 56833 stopped"}
{"level":20,"time":1630780007986,"pid":5774,"hostname":"fv-az83-662","name":"@waytrade/microservice-core","msg":"Starting HTTP Server on port 0"}
{"level":20,"time":1630780007986,"pid":5774,"hostname":"fv-az83-662","name":"@waytrade/microservice-core","msg":"HTTP Server listening on port 58983"}
{"level":20,"time":1630780007990,"pid":5774,"hostname":"fv-az83-662","name":"@waytrade/microservice-core","msg":"HTTP Server on port 58983 stopped"}
{"level":20,"time":1630780007991,"pid":5774,"hostname":"fv-az83-662","name":"@waytrade/microservice-core","msg":"Starting HTTP Server on port 0"}
{"level":20,"time":1630780007991,"pid":5774,"hostname":"fv-az83-662","name":"@waytrade/microservice-core","msg":"HTTP Server listening on port 37119"}
{"level":20,"time":1630780007994,"pid":5774,"hostname":"fv-az83-662","name":"@waytrade/microservice-core","msg":"HTTP Server on port 37119 stopped"}
{"level":20,"time":1630780007995,"pid":5774,"hostname":"fv-az83-662","name":"@waytrade/microservice-core","msg":"Starting HTTP Server on port 0"}
{"level":20,"time":1630780007995,"pid":5774,"hostname":"fv-az83-662","name":"@waytrade/microservice-core","msg":"HTTP Server listening on port 42177"}
{"level":20,"time":1630780007996,"pid":5774,"hostname":"fv-az83-662","name":"@waytrade/microservice-core","msg":"HTTP Server on port 42177 stopped"}
{"level":20,"time":1630780009997,"pid":5774,"hostname":"fv-az83-662","name":"@waytrade/microservice-core","msg":"Starting HTTP Server on port 0"}
{"level":20,"time":1630780009997,"pid":5774,"hostname":"fv-az83-662","name":"@waytrade/microservice-core","msg":"HTTP Server listening on port 46767"}
{"level":20,"time":1630780010002,"pid":5774,"hostname":"fv-az83-662","name":"@waytrade/microservice-core","msg":"HTTP Server on port 46767 stopped"}
{"level":30,"time":1630780011083,"pid":5774,"hostname":"fv-az83-662","name":"@waytrade/microservice-core","msg":"Starting App..."}
{"level":20,"time":1630780011083,"pid":5774,"hostname":"fv-az83-662","name":"@waytrade/microservice-core","msg":"Starting HTTP Server on port 0"}
{"level":20,"time":1630780011084,"pid":5774,"hostname":"fv-az83-662","name":"@waytrade/microservice-core","msg":"HTTP Server listening on port 43253"}
{"level":20,"time":1630780011084,"pid":5774,"hostname":"fv-az83-662","name":"@waytrade/microservice-core","msg":"Starting HTTP Server on port 0"}
{"level":20,"time":1630780011084,"pid":5774,"hostname":"fv-az83-662","name":"@waytrade/microservice-core","msg":"HTTP Server listening on port 56367"}
{"level":30,"time":1630780011084,"pid":5774,"hostname":"fv-az83-662","name":"@waytrade/microservice-core","msg":"API Server started at port 43253"}
{"level":30,"time":1630780011084,"pid":5774,"hostname":"fv-az83-662","name":"@waytrade/microservice-core","msg":"Webhook Callback Server started at port 56367"}
{"level":20,"time":1630780011088,"pid":5774,"hostname":"fv-az83-662","name":"@waytrade/microservice-core","msg":"HTTP post /subscribe -> 400 (1ms)"}
{"level":20,"time":1630780011089,"pid":5774,"hostname":"fv-az83-662","name":"@waytrade/microservice-core","msg":"HTTP Server on port 43253 stopped"}
{"level":20,"time":1630780011089,"pid":5774,"hostname":"fv-az83-662","name":"@waytrade/microservice-core","msg":"HTTP Server on port 56367 stopped"}
{"level":30,"time":1630780011089,"pid":5774,"hostname":"fv-az83-662","name":"@waytrade/microservice-core","msg":"App stopped."}
{"level":30,"time":1630780011090,"pid":5774,"hostname":"fv-az83-662","name":"@waytrade/microservice-core","msg":"Starting App..."}
{"level":20,"time":1630780011090,"pid":5774,"hostname":"fv-az83-662","name":"@waytrade/microservice-core","msg":"Starting HTTP Server on port 0"}
{"level":20,"time":1630780011091,"pid":5774,"hostname":"fv-az83-662","name":"@waytrade/microservice-core","msg":"HTTP Server listening on port 43079"}
{"level":20,"time":1630780011091,"pid":5774,"hostname":"fv-az83-662","name":"@waytrade/microservice-core","msg":"Starting HTTP Server on port 0"}
{"level":20,"time":1630780011091,"pid":5774,"hostname":"fv-az83-662","name":"@waytrade/microservice-core","msg":"HTTP Server listening on port 45627"}
{"level":30,"time":1630780011091,"pid":5774,"hostname":"fv-az83-662","name":"@waytrade/microservice-core","msg":"API Server started at port 43079"}
{"level":30,"time":1630780011091,"pid":5774,"hostname":"fv-az83-662","name":"@waytrade/microservice-core","msg":"Webhook Callback Server started at port 45627"}
{"level":20,"time":1630780011092,"pid":5774,"hostname":"fv-az83-662","name":"@waytrade/microservice-core","msg":"HTTP post /subscribe -> 201 (0ms)"}
{"level":20,"time":1630780011094,"pid":5774,"hostname":"fv-az83-662","name":"@waytrade/microservice-core","msg":"HTTP post /subscribe -> 204 (0ms)"}
{"level":20,"time":1630780011095,"pid":5774,"hostname":"fv-az83-662","name":"@waytrade/microservice-core","msg":"HTTP Server on port 43079 stopped"}
{"level":20,"time":1630780011095,"pid":5774,"hostname":"fv-az83-662","name":"@waytrade/microservice-core","msg":"HTTP Server on port 45627 stopped"}
{"level":30,"time":1630780011095,"pid":5774,"hostname":"fv-az83-662","name":"@waytrade/microservice-core","msg":"App stopped."}
{"level":30,"time":1630780011096,"pid":5774,"hostname":"fv-az83-662","name":"@waytrade/microservice-core","msg":"Starting App..."}
{"level":20,"time":1630780011096,"pid":5774,"hostname":"fv-az83-662","name":"@waytrade/microservice-core","msg":"Starting HTTP Server on port 0"}
{"level":20,"time":1630780011096,"pid":5774,"hostname":"fv-az83-662","name":"@waytrade/microservice-core","msg":"HTTP Server listening on port 46607"}
{"level":20,"time":1630780011096,"pid":5774,"hostname":"fv-az83-662","name":"@waytrade/microservice-core","msg":"Starting HTTP Server on port 0"}
{"level":20,"time":1630780011096,"pid":5774,"hostname":"fv-az83-662","name":"@waytrade/microservice-core","msg":"HTTP Server listening on port 42693"}
{"level":30,"time":1630780011096,"pid":5774,"hostname":"fv-az83-662","name":"@waytrade/microservice-core","msg":"API Server started at port 46607"}
{"level":30,"time":1630780011096,"pid":5774,"hostname":"fv-az83-662","name":"@waytrade/microservice-core","msg":"Webhook Callback Server started at port 42693"}
{"level":20,"time":1630780011098,"pid":5774,"hostname":"fv-az83-662","name":"@waytrade/microservice-core","msg":"HTTP post /subscribe -> 201 (1ms)"}
{"level":20,"time":1630780011099,"pid":5774,"hostname":"fv-az83-662","name":"@waytrade/microservice-core","msg":"HTTP post /subscribe -> 201 (0ms)"}
{"level":20,"time":1630780011100,"pid":5774,"hostname":"fv-az83-662","name":"@waytrade/microservice-core","msg":"HTTP Server on port 46607 stopped"}
{"level":20,"time":1630780011100,"pid":5774,"hostname":"fv-az83-662","name":"@waytrade/microservice-core","msg":"HTTP Server on port 42693 stopped"}
{"level":30,"time":1630780011100,"pid":5774,"hostname":"fv-az83-662","name":"@waytrade/microservice-core","msg":"App stopped."}
{"level":30,"time":1630780011101,"pid":5774,"hostname":"fv-az83-662","name":"@waytrade/microservice-core","msg":"Starting App..."}
{"level":20,"time":1630780011101,"pid":5774,"hostname":"fv-az83-662","name":"@waytrade/microservice-core","msg":"Starting HTTP Server on port 0"}
{"level":20,"time":1630780011101,"pid":5774,"hostname":"fv-az83-662","name":"@waytrade/microservice-core","msg":"HTTP Server listening on port 37285"}
{"level":20,"time":1630780011101,"pid":5774,"hostname":"fv-az83-662","name":"@waytrade/microservice-core","msg":"Starting HTTP Server on port 0"}
{"level":20,"time":1630780011101,"pid":5774,"hostname":"fv-az83-662","name":"@waytrade/microservice-core","msg":"HTTP Server listening on port 59091"}
{"level":30,"time":1630780011102,"pid":5774,"hostname":"fv-az83-662","name":"@waytrade/microservice-core","msg":"API Server started at port 37285"}
{"level":30,"time":1630780011102,"pid":5774,"hostname":"fv-az83-662","name":"@waytrade/microservice-core","msg":"Webhook Callback Server started at port 59091"}
{"level":20,"time":1630780011103,"pid":5774,"hostname":"fv-az83-662","name":"@waytrade/microservice-core","msg":"HTTP post /subscribe -> 201 (0ms)"}
{"level":20,"time":1630780011104,"pid":5774,"hostname":"fv-az83-662","name":"@waytrade/microservice-core","msg":"HTTP post /unsubscribe -> 200 (0ms)"}
{"level":20,"time":1630780011105,"pid":5774,"hostname":"fv-az83-662","name":"@waytrade/microservice-core","msg":"HTTP Server on port 37285 stopped"}
{"level":20,"time":1630780011105,"pid":5774,"hostname":"fv-az83-662","name":"@waytrade/microservice-core","msg":"HTTP Server on port 59091 stopped"}
{"level":30,"time":1630780011105,"pid":5774,"hostname":"fv-az83-662","name":"@waytrade/microservice-core","msg":"App stopped."}
{"level":30,"time":1630780011106,"pid":5774,"hostname":"fv-az83-662","name":"@waytrade/microservice-core","msg":"Starting App..."}
{"level":20,"time":1630780011106,"pid":5774,"hostname":"fv-az83-662","name":"@waytrade/microservice-core","msg":"Starting HTTP Server on port 0"}
{"level":20,"time":1630780011106,"pid":5774,"hostname":"fv-az83-662","name":"@waytrade/microservice-core","msg":"HTTP Server listening on port 34165"}
{"level":20,"time":1630780011106,"pid":5774,"hostname":"fv-az83-662","name":"@waytrade/microservice-core","msg":"Starting HTTP Server on port 0"}
{"level":20,"time":1630780011106,"pid":5774,"hostname":"fv-az83-662","name":"@waytrade/microservice-core","msg":"HTTP Server listening on port 32835"}
{"level":30,"time":1630780011106,"pid":5774,"hostname":"fv-az83-662","name":"@waytrade/microservice-core","msg":"API Server started at port 34165"}
{"level":30,"time":1630780011106,"pid":5774,"hostname":"fv-az83-662","name":"@waytrade/microservice-core","msg":"Webhook Callback Server started at port 32835"}
{"level":20,"time":1630780011107,"pid":5774,"hostname":"fv-az83-662","name":"@waytrade/microservice-core","msg":"HTTP post /unsubscribe -> 400 (0ms)"}
{"level":20,"time":1630780011108,"pid":5774,"hostname":"fv-az83-662","name":"@waytrade/microservice-core","msg":"HTTP Server on port 34165 stopped"}
{"level":20,"time":1630780011108,"pid":5774,"hostname":"fv-az83-662","name":"@waytrade/microservice-core","msg":"HTTP Server on port 32835 stopped"}
{"level":30,"time":1630780011108,"pid":5774,"hostname":"fv-az83-662","name":"@waytrade/microservice-core","msg":"App stopped."}
{"level":30,"time":1630780011109,"pid":5774,"hostname":"fv-az83-662","name":"@waytrade/microservice-core","msg":"Starting App..."}
{"level":20,"time":1630780011109,"pid":5774,"hostname":"fv-az83-662","name":"@waytrade/microservice-core","msg":"Starting HTTP Server on port 0"}
{"level":20,"time":1630780011109,"pid":5774,"hostname":"fv-az83-662","name":"@waytrade/microservice-core","msg":"HTTP Server listening on port 43159"}
{"level":20,"time":1630780011109,"pid":5774,"hostname":"fv-az83-662","name":"@waytrade/microservice-core","msg":"Starting HTTP Server on port 0"}
{"level":20,"time":1630780011109,"pid":5774,"hostname":"fv-az83-662","name":"@waytrade/microservice-core","msg":"HTTP Server listening on port 43091"}
{"level":30,"time":1630780011109,"pid":5774,"hostname":"fv-az83-662","name":"@waytrade/microservice-core","msg":"API Server started at port 43159"}
{"level":30,"time":1630780011109,"pid":5774,"hostname":"fv-az83-662","name":"@waytrade/microservice-core","msg":"Webhook Callback Server started at port 43091"}
{"level":20,"time":1630780011111,"pid":5774,"hostname":"fv-az83-662","name":"@waytrade/microservice-core","msg":"HTTP post /unsubscribe -> 404 (1ms)"}
{"level":20,"time":1630780011111,"pid":5774,"hostname":"fv-az83-662","name":"@waytrade/microservice-core","msg":"HTTP Server on port 43159 stopped"}
{"level":20,"time":1630780011111,"pid":5774,"hostname":"fv-az83-662","name":"@waytrade/microservice-core","msg":"HTTP Server on port 43091 stopped"}
{"level":30,"time":1630780011111,"pid":5774,"hostname":"fv-az83-662","name":"@waytrade/microservice-core","msg":"App stopped."}
{"level":30,"time":1630780011112,"pid":5774,"hostname":"fv-az83-662","name":"@waytrade/microservice-core","msg":"Starting App..."}
{"level":20,"time":1630780011112,"pid":5774,"hostname":"fv-az83-662","name":"@waytrade/microservice-core","msg":"Starting HTTP Server on port 0"}
{"level":20,"time":1630780011112,"pid":5774,"hostname":"fv-az83-662","name":"@waytrade/microservice-core","msg":"HTTP Server listening on port 38551"}
{"level":20,"time":1630780011112,"pid":5774,"hostname":"fv-az83-662","name":"@waytrade/microservice-core","msg":"Starting HTTP Server on port 0"}
{"level":20,"time":1630780011112,"pid":5774,"hostname":"fv-az83-662","name":"@waytrade/microservice-core","msg":"HTTP Server listening on port 55259"}
{"level":30,"time":1630780011112,"pid":5774,"hostname":"fv-az83-662","name":"@waytrade/microservice-core","msg":"API Server started at port 38551"}
{"level":30,"time":1630780011112,"pid":5774,"hostname":"fv-az83-662","name":"@waytrade/microservice-core","msg":"Webhook Callback Server started at port 55259"}
{"level":20,"time":1630780011114,"pid":5774,"hostname":"fv-az83-662","name":"@waytrade/microservice-core","msg":"HTTP post /subscribe -> 201 (1ms)"}
{"level":20,"time":1630780011117,"pid":5774,"hostname":"fv-az83-662","name":"@waytrade/microservice-core","msg":"HTTP Server on port 38551 stopped"}
{"level":20,"time":1630780011117,"pid":5774,"hostname":"fv-az83-662","name":"@waytrade/microservice-core","msg":"HTTP Server on port 55259 stopped"}
{"level":30,"time":1630780011117,"pid":5774,"hostname":"fv-az83-662","name":"@waytrade/microservice-core","msg":"App stopped."}
{"level":20,"time":1630780011117,"pid":5774,"hostname":"fv-az83-662","name":"@waytrade/microservice-core","msg":"HTTP post /callback -> 200 (0ms)"}
{"level":30,"time":1630780011118,"pid":5774,"hostname":"fv-az83-662","name":"@waytrade/microservice-core","msg":"Starting App..."}
{"level":20,"time":1630780011118,"pid":5774,"hostname":"fv-az83-662","name":"@waytrade/microservice-core","msg":"Starting HTTP Server on port 0"}
{"level":20,"time":1630780011119,"pid":5774,"hostname":"fv-az83-662","name":"@waytrade/microservice-core","msg":"HTTP Server listening on port 56661"}
{"level":20,"time":1630780011119,"pid":5774,"hostname":"fv-az83-662","name":"@waytrade/microservice-core","msg":"Starting HTTP Server on port 0"}
{"level":20,"time":1630780011120,"pid":5774,"hostname":"fv-az83-662","name":"@waytrade/microservice-core","msg":"HTTP Server listening on port 50135"}
{"level":30,"time":1630780011120,"pid":5774,"hostname":"fv-az83-662","name":"@waytrade/microservice-core","msg":"API Server started at port 56661"}
{"level":30,"time":1630780011120,"pid":5774,"hostname":"fv-az83-662","name":"@waytrade/microservice-core","msg":"Webhook Callback Server started at port 50135"}
{"level":20,"time":1630780011121,"pid":5774,"hostname":"fv-az83-662","name":"@waytrade/microservice-core","msg":"HTTP post /subscribe -> 201 (0ms)"}
{"level":20,"time":1630780011123,"pid":5774,"hostname":"fv-az83-662","name":"@waytrade/microservice-core","msg":"HTTP Server on port 56661 stopped"}
{"level":20,"time":1630780011124,"pid":5774,"hostname":"fv-az83-662","name":"@waytrade/microservice-core","msg":"HTTP Server on port 50135 stopped"}
{"level":30,"time":1630780011124,"pid":5774,"hostname":"fv-az83-662","name":"@waytrade/microservice-core","msg":"App stopped."}
{"level":20,"time":1630780011124,"pid":5774,"hostname":"fv-az83-662","name":"@waytrade/microservice-core","msg":"HTTP post /callback -> 200 (1ms)"}
{"level":30,"time":1630780011124,"pid":5774,"hostname":"fv-az83-662","name":"@waytrade/microservice-core","msg":"Starting App..."}
{"level":20,"time":1630780011125,"pid":5774,"hostname":"fv-az83-662","name":"@waytrade/microservice-core","msg":"Starting HTTP Server on port 0"}
{"level":20,"time":1630780011125,"pid":5774,"hostname":"fv-az83-662","name":"@waytrade/microservice-core","msg":"HTTP Server listening on port 57099"}
{"level":20,"time":1630780011125,"pid":5774,"hostname":"fv-az83-662","name":"@waytrade/microservice-core","msg":"Starting HTTP Server on port 0"}
{"level":20,"time":1630780011125,"pid":5774,"hostname":"fv-az83-662","name":"@waytrade/microservice-core","msg":"HTTP Server listening on port 59037"}
{"level":30,"time":1630780011125,"pid":5774,"hostname":"fv-az83-662","name":"@waytrade/microservice-core","msg":"API Server started at port 57099"}
{"level":30,"time":1630780011125,"pid":5774,"hostname":"fv-az83-662","name":"@waytrade/microservice-core","msg":"Webhook Callback Server started at port 59037"}
{"level":20,"time":1630780011126,"pid":5774,"hostname":"fv-az83-662","name":"@waytrade/microservice-core","msg":"HTTP post /subscribe -> 201 (0ms)"}
{"level":20,"time":1630780011129,"pid":5774,"hostname":"fv-az83-662","name":"@waytrade/microservice-core","msg":"HTTP post /callback -> 418 (1ms)"}
{"level":20,"time":1630780011130,"pid":5774,"hostname":"fv-az83-662","name":"@waytrade/microservice-core","msg":"HTTP post /subscribe -> 201 (0ms)"}
{"level":20,"time":1630780011130,"pid":5774,"hostname":"fv-az83-662","name":"@waytrade/microservice-core","msg":"HTTP Server on port 57099 stopped"}
{"level":20,"time":1630780011131,"pid":5774,"hostname":"fv-az83-662","name":"@waytrade/microservice-core","msg":"HTTP Server on port 59037 stopped"}
{"level":30,"time":1630780011131,"pid":5774,"hostname":"fv-az83-662","name":"@waytrade/microservice-core","msg":"App stopped."}
{"level":30,"time":1630780011132,"pid":5774,"hostname":"fv-az83-662","name":"@waytrade/microservice-core","msg":"Starting App..."}
{"level":20,"time":1630780011132,"pid":5774,"hostname":"fv-az83-662","name":"@waytrade/microservice-core","msg":"Starting HTTP Server on port 0"}
{"level":20,"time":1630780011132,"pid":5774,"hostname":"fv-az83-662","name":"@waytrade/microservice-core","msg":"HTTP Server listening on port 44057"}
{"level":20,"time":1630780011132,"pid":5774,"hostname":"fv-az83-662","name":"@waytrade/microservice-core","msg":"Starting HTTP Server on port 0"}
{"level":20,"time":1630780011132,"pid":5774,"hostname":"fv-az83-662","name":"@waytrade/microservice-core","msg":"HTTP Server listening on port 34391"}
{"level":30,"time":1630780011132,"pid":5774,"hostname":"fv-az83-662","name":"@waytrade/microservice-core","msg":"API Server started at port 44057"}
{"level":30,"time":1630780011132,"pid":5774,"hostname":"fv-az83-662","name":"@waytrade/microservice-core","msg":"Webhook Callback Server started at port 34391"}
{"level":20,"time":1630780011133,"pid":5774,"hostname":"fv-az83-662","name":"@waytrade/microservice-core","msg":"HTTP post /subscribe -> 201 (0ms)"}
{"level":20,"time":1630780011135,"pid":5774,"hostname":"fv-az83-662","name":"@waytrade/microservice-core","msg":"HTTP post /subscribe -> 201 (1ms)"}
{"level":20,"time":1630780011136,"pid":5774,"hostname":"fv-az83-662","name":"@waytrade/microservice-core","msg":"HTTP Server on port 44057 stopped"}
{"level":20,"time":1630780011136,"pid":5774,"hostname":"fv-az83-662","name":"@waytrade/microservice-core","msg":"HTTP Server on port 34391 stopped"}
{"level":30,"time":1630780011136,"pid":5774,"hostname":"fv-az83-662","name":"@waytrade/microservice-core","msg":"App stopped."}
{"level":20,"time":1630780011571,"pid":5774,"hostname":"fv-az83-662","name":"@waytrade/microservice-core","msg":"Starting HTTP Server on port 0"}
{"level":20,"time":1630780011571,"pid":5774,"hostname":"fv-az83-662","name":"@waytrade/microservice-core","msg":"HTTP Server listening on port 53323"}
{"level":20,"time":1630780011574,"pid":5774,"hostname":"fv-az83-662","name":"@waytrade/microservice-core","msg":"HTTP get /api/test/ -> 200 (0ms)"}
{"level":20,"time":1630780011575,"pid":5774,"hostname":"fv-az83-662","name":"@waytrade/microservice-core","msg":"HTTP Server on port 53323 stopped"}
{"level":20,"time":1630780011576,"pid":5774,"hostname":"fv-az83-662","name":"@waytrade/microservice-core","msg":"Starting HTTP Server on port 0"}
{"level":20,"time":1630780011576,"pid":5774,"hostname":"fv-az83-662","name":"@waytrade/microservice-core","msg":"HTTP Server listening on port 32897"}
{"level":20,"time":1630780011577,"pid":5774,"hostname":"fv-az83-662","name":"@waytrade/microservice-core","msg":"HTTP get /api/test/error -> 418 (0ms)"}
{"level":20,"time":1630780011577,"pid":5774,"hostname":"fv-az83-662","name":"@waytrade/microservice-core","msg":"HTTP Server on port 32897 stopped"}
{"level":20,"time":1630780011578,"pid":5774,"hostname":"fv-az83-662","name":"@waytrade/microservice-core","msg":"Starting HTTP Server on port 0"}
{"level":20,"time":1630780011578,"pid":5774,"hostname":"fv-az83-662","name":"@waytrade/microservice-core","msg":"HTTP Server listening on port 40001"}
{"level":20,"time":1630780011622,"pid":5774,"hostname":"fv-az83-662","name":"@waytrade/microservice-core","msg":"HTTP get /api/test/serverError -> 500 (43ms)"}
{"level":20,"time":1630780011623,"pid":5774,"hostname":"fv-az83-662","name":"@waytrade/microservice-core","msg":"HTTP Server on port 40001 stopped"}
{"level":20,"time":1630780011623,"pid":5774,"hostname":"fv-az83-662","name":"@waytrade/microservice-core","msg":"Starting HTTP Server on port 0"}
{"level":20,"time":1630780011623,"pid":5774,"hostname":"fv-az83-662","name":"@waytrade/microservice-core","msg":"HTTP Server listening on port 52767"}
{"level":20,"time":1630780011632,"pid":5774,"hostname":"fv-az83-662","name":"@waytrade/microservice-core","msg":"HTTP put /api/test/ -> 200 (1ms)"}
{"level":20,"time":1630780011632,"pid":5774,"hostname":"fv-az83-662","name":"@waytrade/microservice-core","msg":"HTTP Server on port 52767 stopped"}
{"level":20,"time":1630780011633,"pid":5774,"hostname":"fv-az83-662","name":"@waytrade/microservice-core","msg":"Starting HTTP Server on port 0"}
{"level":20,"time":1630780011633,"pid":5774,"hostname":"fv-az83-662","name":"@waytrade/microservice-core","msg":"HTTP Server listening on port 47831"}
{"level":20,"time":1630780011634,"pid":5774,"hostname":"fv-az83-662","name":"@waytrade/microservice-core","msg":"HTTP put /api/test/error -> 418 (0ms)"}
{"level":20,"time":1630780011635,"pid":5774,"hostname":"fv-az83-662","name":"@waytrade/microservice-core","msg":"HTTP Server on port 47831 stopped"}
{"level":20,"time":1630780011635,"pid":5774,"hostname":"fv-az83-662","name":"@waytrade/microservice-core","msg":"Starting HTTP Server on port 0"}
{"level":20,"time":1630780011635,"pid":5774,"hostname":"fv-az83-662","name":"@waytrade/microservice-core","msg":"HTTP Server listening on port 52537"}
{"level":20,"time":1630780011637,"pid":5774,"hostname":"fv-az83-662","name":"@waytrade/microservice-core","msg":"HTTP post /api/test/ -> 200 (1ms)"}
{"level":20,"time":1630780011638,"pid":5774,"hostname":"fv-az83-662","name":"@waytrade/microservice-core","msg":"HTTP Server on port 52537 stopped"}
{"level":20,"time":1630780011638,"pid":5774,"hostname":"fv-az83-662","name":"@waytrade/microservice-core","msg":"Starting HTTP Server on port 0"}
{"level":20,"time":1630780011638,"pid":5774,"hostname":"fv-az83-662","name":"@waytrade/microservice-core","msg":"HTTP Server listening on port 45141"}
{"level":20,"time":1630780011639,"pid":5774,"hostname":"fv-az83-662","name":"@waytrade/microservice-core","msg":"HTTP post /api/test/error -> 418 (0ms)"}
{"level":20,"time":1630780011640,"pid":5774,"hostname":"fv-az83-662","name":"@waytrade/microservice-core","msg":"HTTP Server on port 45141 stopped"}
{"level":20,"time":1630780011640,"pid":5774,"hostname":"fv-az83-662","name":"@waytrade/microservice-core","msg":"Starting HTTP Server on port 0"}
{"level":20,"time":1630780011640,"pid":5774,"hostname":"fv-az83-662","name":"@waytrade/microservice-core","msg":"HTTP Server listening on port 52481"}
{"level":20,"time":1630780011642,"pid":5774,"hostname":"fv-az83-662","name":"@waytrade/microservice-core","msg":"HTTP patch /api/test/ -> 200 (1ms)"}
{"level":20,"time":1630780011642,"pid":5774,"hostname":"fv-az83-662","name":"@waytrade/microservice-core","msg":"HTTP Server on port 52481 stopped"}
{"level":20,"time":1630780011643,"pid":5774,"hostname":"fv-az83-662","name":"@waytrade/microservice-core","msg":"Starting HTTP Server on port 0"}
{"level":20,"time":1630780011643,"pid":5774,"hostname":"fv-az83-662","name":"@waytrade/microservice-core","msg":"HTTP Server listening on port 38567"}
{"level":20,"time":1630780011645,"pid":5774,"hostname":"fv-az83-662","name":"@waytrade/microservice-core","msg":"HTTP patch /api/test/error -> 418 (1ms)"}
{"level":20,"time":1630780011646,"pid":5774,"hostname":"fv-az83-662","name":"@waytrade/microservice-core","msg":"HTTP Server on port 38567 stopped"}
{"level":20,"time":1630780011647,"pid":5774,"hostname":"fv-az83-662","name":"@waytrade/microservice-core","msg":"Starting HTTP Server on port 0"}
{"level":20,"time":1630780011647,"pid":5774,"hostname":"fv-az83-662","name":"@waytrade/microservice-core","msg":"HTTP Server listening on port 55923"}
{"level":20,"time":1630780011648,"pid":5774,"hostname":"fv-az83-662","name":"@waytrade/microservice-core","msg":"HTTP delete /api/test/ -> 200 (0ms)"}
{"level":20,"time":1630780011650,"pid":5774,"hostname":"fv-az83-662","name":"@waytrade/microservice-core","msg":"HTTP Server on port 55923 stopped"}
{"level":20,"time":1630780011651,"pid":5774,"hostname":"fv-az83-662","name":"@waytrade/microservice-core","msg":"Starting HTTP Server on port 0"}
{"level":20,"time":1630780011651,"pid":5774,"hostname":"fv-az83-662","name":"@waytrade/microservice-core","msg":"HTTP Server listening on port 38409"}
{"level":20,"time":1630780011652,"pid":5774,"hostname":"fv-az83-662","name":"@waytrade/microservice-core","msg":"HTTP delete /api/test/error -> 418 (0ms)"}
{"level":20,"time":1630780011653,"pid":5774,"hostname":"fv-az83-662","name":"@waytrade/microservice-core","msg":"HTTP Server on port 38409 stopped"}
{"level":20,"time":1630780012105,"pid":5774,"hostname":"fv-az83-662","name":"@waytrade/microservice-core","msg":"Starting HTTP Server on port 0"}
{"level":20,"time":1630780012106,"pid":5774,"hostname":"fv-az83-662","name":"@waytrade/microservice-core","msg":"HTTP Server listening on port 32931"}
{"level":20,"time":1630780012109,"pid":5774,"hostname":"fv-az83-662","name":"@waytrade/microservice-core","msg":"HTTP get /api/test/ -> 200 (1ms)"}
{"level":20,"time":1630780012110,"pid":5774,"hostname":"fv-az83-662","name":"@waytrade/microservice-core","msg":"HTTP Server on port 32931 stopped"}
{"level":20,"time":1630780012111,"pid":5774,"hostname":"fv-az83-662","name":"@waytrade/microservice-core","msg":"Starting HTTP Server on port 0"}
{"level":20,"time":1630780012111,"pid":5774,"hostname":"fv-az83-662","name":"@waytrade/microservice-core","msg":"HTTP Server listening on port 35355"}
{"level":20,"time":1630780012112,"pid":5774,"hostname":"fv-az83-662","name":"@waytrade/microservice-core","msg":"HTTP get /api/test/notImplemented -> 501 (0ms)"}
{"level":20,"time":1630780012112,"pid":5774,"hostname":"fv-az83-662","name":"@waytrade/microservice-core","msg":"HTTP Server on port 35355 stopped"}
{"level":20,"time":1630780012113,"pid":5774,"hostname":"fv-az83-662","name":"@waytrade/microservice-core","msg":"Starting HTTP Server on port 0"}
{"level":20,"time":1630780012113,"pid":5774,"hostname":"fv-az83-662","name":"@waytrade/microservice-core","msg":"HTTP Server listening on port 44577"}
{"level":20,"time":1630780012115,"pid":5774,"hostname":"fv-az83-662","name":"@waytrade/microservice-core","msg":"HTTP put /api/test/ -> 200 (1ms)"}
{"level":20,"time":1630780012116,"pid":5774,"hostname":"fv-az83-662","name":"@waytrade/microservice-core","msg":"HTTP Server on port 44577 stopped"}
{"level":20,"time":1630780012116,"pid":5774,"hostname":"fv-az83-662","name":"@waytrade/microservice-core","msg":"Starting HTTP Server on port 0"}
{"level":20,"time":1630780012116,"pid":5774,"hostname":"fv-az83-662","name":"@waytrade/microservice-core","msg":"HTTP Server listening on port 56183"}
{"level":20,"time":1630780012118,"pid":5774,"hostname":"fv-az83-662","name":"@waytrade/microservice-core","msg":"HTTP put /api/test/notImplemented -> 501 (1ms)"}
{"level":20,"time":1630780012118,"pid":5774,"hostname":"fv-az83-662","name":"@waytrade/microservice-core","msg":"HTTP Server on port 56183 stopped"}
{"level":20,"time":1630780012119,"pid":5774,"hostname":"fv-az83-662","name":"@waytrade/microservice-core","msg":"Starting HTTP Server on port 0"}
{"level":20,"time":1630780012120,"pid":5774,"hostname":"fv-az83-662","name":"@waytrade/microservice-core","msg":"HTTP Server listening on port 39697"}
{"level":20,"time":1630780012121,"pid":5774,"hostname":"fv-az83-662","name":"@waytrade/microservice-core","msg":"HTTP post /api/test/ -> 200 (0ms)"}
{"level":20,"time":1630780012122,"pid":5774,"hostname":"fv-az83-662","name":"@waytrade/microservice-core","msg":"HTTP Server on port 39697 stopped"}
{"level":20,"time":1630780012123,"pid":5774,"hostname":"fv-az83-662","name":"@waytrade/microservice-core","msg":"Starting HTTP Server on port 0"}
{"level":20,"time":1630780012123,"pid":5774,"hostname":"fv-az83-662","name":"@waytrade/microservice-core","msg":"HTTP Server listening on port 57687"}
{"level":20,"time":1630780012124,"pid":5774,"hostname":"fv-az83-662","name":"@waytrade/microservice-core","msg":"HTTP post /api/test/notImplemented -> 501 (0ms)"}
{"level":20,"time":1630780012125,"pid":5774,"hostname":"fv-az83-662","name":"@waytrade/microservice-core","msg":"HTTP Server on port 57687 stopped"}
{"level":20,"time":1630780012125,"pid":5774,"hostname":"fv-az83-662","name":"@waytrade/microservice-core","msg":"Starting HTTP Server on port 0"}
{"level":20,"time":1630780012125,"pid":5774,"hostname":"fv-az83-662","name":"@waytrade/microservice-core","msg":"HTTP Server listening on port 47931"}
{"level":20,"time":1630780012127,"pid":5774,"hostname":"fv-az83-662","name":"@waytrade/microservice-core","msg":"HTTP patch /api/test/ -> 200 (1ms)"}
{"level":20,"time":1630780012128,"pid":5774,"hostname":"fv-az83-662","name":"@waytrade/microservice-core","msg":"HTTP Server on port 47931 stopped"}
{"level":20,"time":1630780012128,"pid":5774,"hostname":"fv-az83-662","name":"@waytrade/microservice-core","msg":"Starting HTTP Server on port 0"}
{"level":20,"time":1630780012128,"pid":5774,"hostname":"fv-az83-662","name":"@waytrade/microservice-core","msg":"HTTP Server listening on port 47843"}
{"level":20,"time":1630780012130,"pid":5774,"hostname":"fv-az83-662","name":"@waytrade/microservice-core","msg":"HTTP post /api/test/notImplemented -> 501 (0ms)"}
{"level":20,"time":1630780012131,"pid":5774,"hostname":"fv-az83-662","name":"@waytrade/microservice-core","msg":"HTTP Server on port 47843 stopped"}
{"level":20,"time":1630780012132,"pid":5774,"hostname":"fv-az83-662","name":"@waytrade/microservice-core","msg":"Starting HTTP Server on port 0"}
{"level":20,"time":1630780012132,"pid":5774,"hostname":"fv-az83-662","name":"@waytrade/microservice-core","msg":"HTTP Server listening on port 54463"}
{"level":20,"time":1630780012135,"pid":5774,"hostname":"fv-az83-662","name":"@waytrade/microservice-core","msg":"HTTP delete /api/test/ -> 200 (0ms)"}
{"level":20,"time":1630780012136,"pid":5774,"hostname":"fv-az83-662","name":"@waytrade/microservice-core","msg":"HTTP Server on port 54463 stopped"}
{"level":20,"time":1630780012136,"pid":5774,"hostname":"fv-az83-662","name":"@waytrade/microservice-core","msg":"Starting HTTP Server on port 0"}
{"level":20,"time":1630780012137,"pid":5774,"hostname":"fv-az83-662","name":"@waytrade/microservice-core","msg":"HTTP Server listening on port 47271"}
{"level":20,"time":1630780012138,"pid":5774,"hostname":"fv-az83-662","name":"@waytrade/microservice-core","msg":"HTTP post /api/test/notImplemented -> 501 (0ms)"}
{"level":20,"time":1630780012138,"pid":5774,"hostname":"fv-az83-662","name":"@waytrade/microservice-core","msg":"HTTP Server on port 47271 stopped"}
{"level":20,"time":1630780012612,"pid":5774,"hostname":"fv-az83-662","name":"@waytrade/microservice-core","msg":"Debug message"}
{"level":30,"time":1630780012612,"pid":5774,"hostname":"fv-az83-662","name":"@waytrade/microservice-core","msg":"Info message"}
{"level":40,"time":1630780012612,"pid":5774,"hostname":"fv-az83-662","name":"@waytrade/microservice-core","msg":"Warning message"}
{"level":50,"time":1630780012613,"pid":5774,"hostname":"fv-az83-662","name":"@waytrade/microservice-core","msg":"Error message"}
{"level":30,"time":1630780012614,"pid":5774,"hostname":"fv-az83-662","name":"@waytrade/microservice-core","msg":"Info message"}
{"level":40,"time":1630780012614,"pid":5774,"hostname":"fv-az83-662","name":"@waytrade/microservice-core","msg":"Warning message"}
{"level":50,"time":1630780012614,"pid":5774,"hostname":"fv-az83-662","name":"@waytrade/microservice-core","msg":"Error message"}
{"level":40,"time":1630780012617,"pid":5774,"hostname":"fv-az83-662","name":"@waytrade/microservice-core","msg":"Warning message"}
{"level":50,"time":1630780012617,"pid":5774,"hostname":"fv-az83-662","name":"@waytrade/microservice-core","msg":"Error message"}
{"level":50,"time":1630780012619,"pid":5774,"hostname":"fv-az83-662","name":"@waytrade/microservice-core","msg":"Error message"}
{"level":20,"time":1630780012625,"pid":5774,"hostname":"fv-az83-662","name":"@waytrade/microservice-core","msg":"Debug message"}
{"level":30,"time":1630780012625,"pid":5774,"hostname":"fv-az83-662","name":"@waytrade/microservice-core","msg":"Info message"}
{"level":40,"time":1630780012626,"pid":5774,"hostname":"fv-az83-662","name":"@waytrade/microservice-core","msg":"Warning message"}
{"level":50,"time":1630780012626,"pid":5774,"hostname":"fv-az83-662","name":"@waytrade/microservice-core","msg":"Error message"}
{"level":20,"time":1630780013506,"pid":5774,"hostname":"fv-az83-662","name":"@waytrade/microservice-core","msg":"Starting HTTP Server on port 0"}
{"level":20,"time":1630780013506,"pid":5774,"hostname":"fv-az83-662","name":"@waytrade/microservice-core","msg":"HTTP Server listening on port 57733"}
{"level":20,"time":1630780013510,"pid":5774,"hostname":"fv-az83-662","name":"@waytrade/microservice-core","msg":"HTTP Server on port 57733 stopped"}
{"level":20,"time":1630780013511,"pid":5774,"hostname":"fv-az83-662","name":"@waytrade/microservice-core","msg":"Starting HTTP Server on port 0"}
{"level":20,"time":1630780013511,"pid":5774,"hostname":"fv-az83-662","name":"@waytrade/microservice-core","msg":"HTTP Server listening on port 34683"}
{"level":20,"time":1630780013516,"pid":5774,"hostname":"fv-az83-662","name":"@waytrade/microservice-core","msg":"HTTP Server on port 34683 stopped"}
{"level":20,"time":1630780013517,"pid":5774,"hostname":"fv-az83-662","name":"@waytrade/microservice-core","msg":"Starting HTTP Server on port 0"}
{"level":20,"time":1630780013517,"pid":5774,"hostname":"fv-az83-662","name":"@waytrade/microservice-core","msg":"HTTP Server listening on port 50339"}
{"level":50,"time":1630780013520,"pid":5774,"hostname":"fv-az83-662","name":"@waytrade/microservice-core","msg":"Binary data on websocket not supported."}
{"level":20,"time":1630780014519,"pid":5774,"hostname":"fv-az83-662","name":"@waytrade/microservice-core","msg":"HTTP Server on port 50339 stopped"}
{"level":20,"time":1630780014521,"pid":5774,"hostname":"fv-az83-662","name":"@waytrade/microservice-core","msg":"Starting HTTP Server on port 0"}
{"level":20,"time":1630780014521,"pid":5774,"hostname":"fv-az83-662","name":"@waytrade/microservice-core","msg":"HTTP Server listening on port 46007"}
{"level":20,"time":1630780014525,"pid":5774,"hostname":"fv-az83-662","name":"@waytrade/microservice-core","msg":"HTTP Server on port 46007 stopped"}
{"level":20,"time":1630780014525,"pid":5774,"hostname":"fv-az83-662","name":"@waytrade/microservice-core","msg":"Starting HTTP Server on port 0"}
{"level":20,"time":1630780014526,"pid":5774,"hostname":"fv-az83-662","name":"@waytrade/microservice-core","msg":"HTTP Server listening on port 56389"}
{"level":20,"time":1630780015528,"pid":5774,"hostname":"fv-az83-662","name":"@waytrade/microservice-core","msg":"HTTP Server on port 56389 stopped"}
{"level":20,"time":1630780015529,"pid":5774,"hostname":"fv-az83-662","name":"@waytrade/microservice-core","msg":"Starting HTTP Server on port 0"}
{"level":20,"time":1630780015530,"pid":5774,"hostname":"fv-az83-662","name":"@waytrade/microservice-core","msg":"HTTP Server listening on port 55587"}
{"level":20,"time":1630780015680,"pid":5774,"hostname":"fv-az83-662","name":"@waytrade/microservice-core","msg":"HTTP Server on port 55587 stopped"}
{"level":20,"time":1630780015681,"pid":5774,"hostname":"fv-az83-662","name":"@waytrade/microservice-core","msg":"Starting HTTP Server on port 0"}
{"level":20,"time":1630780015681,"pid":5774,"hostname":"fv-az83-662","name":"@waytrade/microservice-core","msg":"HTTP Server listening on port 53321"}
{"level":20,"time":1630780015887,"pid":5774,"hostname":"fv-az83-662","name":"@waytrade/microservice-core","msg":"HTTP Server on port 53321 stopped"}
{"level":30,"time":1630780016258,"pid":5774,"hostname":"fv-az83-662","name":"@waytrade/microservice-core","msg":"Starting App..."}
{"level":20,"time":1630780016259,"pid":5774,"hostname":"fv-az83-662","name":"@waytrade/microservice-core","msg":"Starting HTTP Server on port 0"}
{"level":20,"time":1630780016259,"pid":5774,"hostname":"fv-az83-662","name":"@waytrade/microservice-core","msg":"HTTP Server listening on port 53705"}
{"level":30,"time":1630780016259,"pid":5774,"hostname":"fv-az83-662","name":"@waytrade/microservice-core","msg":"API Server started at port 53705"}
{"level":20,"time":1630780016260,"pid":5774,"hostname":"fv-az83-662","name":"@waytrade/microservice-core","msg":"HTTP Server on port 53705 stopped"}
{"level":30,"time":1630780016260,"pid":5774,"hostname":"fv-az83-662","name":"@waytrade/microservice-core","msg":"App stopped."}
{"level":30,"time":1630780016262,"pid":5774,"hostname":"fv-az83-662","name":"@waytrade/microservice-core","msg":"Starting App..."}
{"level":20,"time":1630780016263,"pid":5774,"hostname":"fv-az83-662","name":"@waytrade/microservice-core","msg":"Starting HTTP Server on port 0"}
{"level":20,"time":1630780016263,"pid":5774,"hostname":"fv-az83-662","name":"@waytrade/microservice-core","msg":"HTTP Server listening on port 47933"}
{"level":30,"time":1630780016263,"pid":5774,"hostname":"fv-az83-662","name":"@waytrade/microservice-core","msg":"API Server started at port 47933"}
{"level":20,"time":1630780016263,"pid":5774,"hostname":"fv-az83-662","name":"@waytrade/microservice-core","msg":"HTTP Server on port 47933 stopped"}
{"level":30,"time":1630780016263,"pid":5774,"hostname":"fv-az83-662","name":"@waytrade/microservice-core","msg":"App stopped."}
{"level":30,"time":1630780016273,"pid":5774,"hostname":"fv-az83-662","name":"@waytrade/microservice-core","msg":"Starting App..."}
{"level":20,"time":1630780016273,"pid":5774,"hostname":"fv-az83-662","name":"@waytrade/microservice-core","msg":"Starting HTTP Server on port 0"}
{"level":20,"time":1630780016273,"pid":5774,"hostname":"fv-az83-662","name":"@waytrade/microservice-core","msg":"HTTP Server listening on port 44161"}
{"level":30,"time":1630780016274,"pid":5774,"hostname":"fv-az83-662","name":"@waytrade/microservice-core","msg":"API Server started at port 44161"}
{"level":50,"time":1630780016274,"pid":5774,"hostname":"fv-az83-662","name":"@waytrade/microservice-core","msg":"App start failed: App is running already."}
{"level":20,"time":1630780016274,"pid":5774,"hostname":"fv-az83-662","name":"@waytrade/microservice-core","msg":"HTTP Server on port 44161 stopped"}
{"level":30,"time":1630780016274,"pid":5774,"hostname":"fv-az83-662","name":"@waytrade/microservice-core","msg":"App stopped."}
{"level":30,"time":1630780016275,"pid":5774,"hostname":"fv-az83-662","name":"@waytrade/microservice-core","msg":"Starting App..."}
{"level":20,"time":1630780016275,"pid":5774,"hostname":"fv-az83-662","name":"@waytrade/microservice-core","msg":"Starting HTTP Server on port 0"}
{"level":20,"time":1630780016275,"pid":5774,"hostname":"fv-az83-662","name":"@waytrade/microservice-core","msg":"HTTP Server listening on port 38775"}
{"level":30,"time":1630780016275,"pid":5774,"hostname":"fv-az83-662","name":"@waytrade/microservice-core","msg":"API Server started at port 38775"}
{"level":20,"time":1630780016275,"pid":5774,"hostname":"fv-az83-662","name":"@waytrade/microservice-core","msg":"HTTP Server on port 38775 stopped"}
{"level":30,"time":1630780016276,"pid":5774,"hostname":"fv-az83-662","name":"@waytrade/microservice-core","msg":"App stopped."}
{"level":30,"time":1630780016277,"pid":5774,"hostname":"fv-az83-662","name":"@waytrade/microservice-core","msg":"Starting App..."}
{"level":20,"time":1630780016277,"pid":5774,"hostname":"fv-az83-662","name":"@waytrade/microservice-core","msg":"Starting HTTP Server on port 0"}
{"level":20,"time":1630780016278,"pid":5774,"hostname":"fv-az83-662","name":"@waytrade/microservice-core","msg":"HTTP Server listening on port 49797"}
{"level":30,"time":1630780016278,"pid":5774,"hostname":"fv-az83-662","name":"@waytrade/microservice-core","msg":"API Server started at port 49797"}
{"level":20,"time":1630780016278,"pid":5774,"hostname":"fv-az83-662","name":"@waytrade/microservice-core","msg":"HTTP Server on port 49797 stopped"}
{"level":30,"time":1630780016278,"pid":5774,"hostname":"fv-az83-662","name":"@waytrade/microservice-core","msg":"App stopped."}
{"level":30,"time":1630780016280,"pid":5774,"hostname":"fv-az83-662","name":"@waytrade/microservice-core","msg":"Starting App..."}
{"level":20,"time":1630780016280,"pid":5774,"hostname":"fv-az83-662","name":"@waytrade/microservice-core","msg":"Starting HTTP Server on port 0"}
{"level":20,"time":1630780016280,"pid":5774,"hostname":"fv-az83-662","name":"@waytrade/microservice-core","msg":"HTTP Server listening on port 52125"}
{"level":30,"time":1630780016280,"pid":5774,"hostname":"fv-az83-662","name":"@waytrade/microservice-core","msg":"API Server started at port 52125"}
{"level":20,"time":1630780016285,"pid":5774,"hostname":"fv-az83-662","name":"@waytrade/microservice-core","msg":"HTTP get /test/get/ -> 200 (0ms)"}
{"level":20,"time":1630780016285,"pid":5774,"hostname":"fv-az83-662","name":"@waytrade/microservice-core","msg":"HTTP Server on port 52125 stopped"}
{"level":30,"time":1630780016285,"pid":5774,"hostname":"fv-az83-662","name":"@waytrade/microservice-core","msg":"App stopped."}
{"level":30,"time":1630780016287,"pid":5774,"hostname":"fv-az83-662","name":"@waytrade/microservice-core","msg":"Starting App..."}
{"level":20,"time":1630780016287,"pid":5774,"hostname":"fv-az83-662","name":"@waytrade/microservice-core","msg":"Starting HTTP Server on port 0"}
{"level":20,"time":1630780016287,"pid":5774,"hostname":"fv-az83-662","name":"@waytrade/microservice-core","msg":"HTTP Server listening on port 50787"}
{"level":30,"time":1630780016287,"pid":5774,"hostname":"fv-az83-662","name":"@waytrade/microservice-core","msg":"API Server started at port 50787"}
{"level":20,"time":1630780016287,"pid":5774,"hostname":"fv-az83-662","name":"@waytrade/microservice-core","msg":"Debug message"}
{"level":30,"time":1630780016287,"pid":5774,"hostname":"fv-az83-662","name":"@waytrade/microservice-core","msg":"Info message"}
{"level":40,"time":1630780016287,"pid":5774,"hostname":"fv-az83-662","name":"@waytrade/microservice-core","msg":"Warning message"}
{"level":50,"time":1630780016287,"pid":5774,"hostname":"fv-az83-662","name":"@waytrade/microservice-core","msg":"Error message"}
{"level":20,"time":1630780016287,"pid":5774,"hostname":"fv-az83-662","name":"@waytrade/microservice-core","msg":"HTTP Server on port 50787 stopped"}
{"level":30,"time":1630780016287,"pid":5774,"hostname":"fv-az83-662","name":"@waytrade/microservice-core","msg":"App stopped."}
{"level":30,"time":1630780016635,"pid":5774,"hostname":"fv-az83-662","name":"@waytrade/microservice-core","msg":"Starting App..."}
{"level":20,"time":1630780016635,"pid":5774,"hostname":"fv-az83-662","name":"@waytrade/microservice-core","msg":"Starting HTTP Server on port 0"}
{"level":20,"time":1630780016635,"pid":5774,"hostname":"fv-az83-662","name":"@waytrade/microservice-core","msg":"HTTP Server listening on port 45727"}
{"level":20,"time":1630780016635,"pid":5774,"hostname":"fv-az83-662","name":"@waytrade/microservice-core","msg":"Starting HTTP Server on port 0"}
{"level":20,"time":1630780016636,"pid":5774,"hostname":"fv-az83-662","name":"@waytrade/microservice-core","msg":"HTTP Server listening on port 45741"}
{"level":30,"time":1630780016636,"pid":5774,"hostname":"fv-az83-662","name":"@waytrade/microservice-core","msg":"API Server started at port 45727"}
{"level":30,"time":1630780016636,"pid":5774,"hostname":"fv-az83-662","name":"@waytrade/microservice-core","msg":"Webhook Callback Server started at port 45741"}
{"level":20,"time":1630780016637,"pid":5774,"hostname":"fv-az83-662","name":"@waytrade/microservice-core","msg":"HTTP Server on port 45727 stopped"}
{"level":20,"time":1630780016637,"pid":5774,"hostname":"fv-az83-662","name":"@waytrade/microservice-core","msg":"HTTP Server on port 45741 stopped"}
{"level":30,"time":1630780016637,"pid":5774,"hostname":"fv-az83-662","name":"@waytrade/microservice-core","msg":"App stopped."}
{"level":30,"time":1630780016638,"pid":5774,"hostname":"fv-az83-662","name":"@waytrade/microservice-core","msg":"Starting App..."}
{"level":20,"time":1630780016639,"pid":5774,"hostname":"fv-az83-662","name":"@waytrade/microservice-core","msg":"Starting HTTP Server on port 0"}
{"level":20,"time":1630780016639,"pid":5774,"hostname":"fv-az83-662","name":"@waytrade/microservice-core","msg":"HTTP Server listening on port 56455"}
{"level":20,"time":1630780016639,"pid":5774,"hostname":"fv-az83-662","name":"@waytrade/microservice-core","msg":"Starting HTTP Server on port 0"}
{"level":20,"time":1630780016639,"pid":5774,"hostname":"fv-az83-662","name":"@waytrade/microservice-core","msg":"HTTP Server listening on port 45239"}
{"level":30,"time":1630780016639,"pid":5774,"hostname":"fv-az83-662","name":"@waytrade/microservice-core","msg":"API Server started at port 56455"}
{"level":30,"time":1630780016639,"pid":5774,"hostname":"fv-az83-662","name":"@waytrade/microservice-core","msg":"Webhook Callback Server started at port 45239"}
{"level":20,"time":1630780016640,"pid":5774,"hostname":"fv-az83-662","name":"@waytrade/microservice-core","msg":"HTTP Server on port 56455 stopped"}
{"level":20,"time":1630780016640,"pid":5774,"hostname":"fv-az83-662","name":"@waytrade/microservice-core","msg":"HTTP Server on port 45239 stopped"}
{"level":30,"time":1630780016640,"pid":5774,"hostname":"fv-az83-662","name":"@waytrade/microservice-core","msg":"App stopped."}
{"level":30,"time":1630780016642,"pid":5774,"hostname":"fv-az83-662","name":"@waytrade/microservice-core","msg":"Starting App..."}
{"level":20,"time":1630780016642,"pid":5774,"hostname":"fv-az83-662","name":"@waytrade/microservice-core","msg":"Starting HTTP Server on port 0"}
{"level":20,"time":1630780016642,"pid":5774,"hostname":"fv-az83-662","name":"@waytrade/microservice-core","msg":"HTTP Server listening on port 34805"}
{"level":20,"time":1630780016642,"pid":5774,"hostname":"fv-az83-662","name":"@waytrade/microservice-core","msg":"Starting HTTP Server on port 0"}
{"level":20,"time":1630780016642,"pid":5774,"hostname":"fv-az83-662","name":"@waytrade/microservice-core","msg":"HTTP Server listening on port 56305"}
{"level":50,"time":1630780016642,"pid":5774,"hostname":"fv-az83-662","name":"@waytrade/microservice-core","msg":"App start failed: Controller booth failed"}
{"level":20,"time":1630780016643,"pid":5774,"hostname":"fv-az83-662","name":"@waytrade/microservice-core","msg":"HTTP Server on port 34805 stopped"}
{"level":20,"time":1630780016643,"pid":5774,"hostname":"fv-az83-662","name":"@waytrade/microservice-core","msg":"HTTP Server on port 56305 stopped"}
{"level":30,"time":1630780016643,"pid":5774,"hostname":"fv-az83-662","name":"@waytrade/microservice-core","msg":"App stopped."}
{"level":30,"time":1630780016644,"pid":5774,"hostname":"fv-az83-662","name":"@waytrade/microservice-core","msg":"Starting App..."}
{"level":20,"time":1630780016644,"pid":5774,"hostname":"fv-az83-662","name":"@waytrade/microservice-core","msg":"Starting HTTP Server on port 0"}
{"level":20,"time":1630780016644,"pid":5774,"hostname":"fv-az83-662","name":"@waytrade/microservice-core","msg":"HTTP Server listening on port 60883"}
{"level":20,"time":1630780016644,"pid":5774,"hostname":"fv-az83-662","name":"@waytrade/microservice-core","msg":"Starting HTTP Server on port 0"}
{"level":20,"time":1630780016644,"pid":5774,"hostname":"fv-az83-662","name":"@waytrade/microservice-core","msg":"HTTP Server listening on port 51315"}
{"level":50,"time":1630780016644,"pid":5774,"hostname":"fv-az83-662","name":"@waytrade/microservice-core","msg":"App start failed: Controller booth failed"}
{"level":20,"time":1630780016644,"pid":5774,"hostname":"fv-az83-662","name":"@waytrade/microservice-core","msg":"HTTP Server on port 60883 stopped"}
{"level":20,"time":1630780016644,"pid":5774,"hostname":"fv-az83-662","name":"@waytrade/microservice-core","msg":"HTTP Server on port 51315 stopped"}
{"level":30,"time":1630780016644,"pid":5774,"hostname":"fv-az83-662","name":"@waytrade/microservice-core","msg":"App stopped."}
{"level":30,"time":1630780016645,"pid":5774,"hostname":"fv-az83-662","name":"@waytrade/microservice-core","msg":"Starting App..."}
{"level":20,"time":1630780016646,"pid":5774,"hostname":"fv-az83-662","name":"@waytrade/microservice-core","msg":"Starting HTTP Server on port 0"}
{"level":20,"time":1630780016646,"pid":5774,"hostname":"fv-az83-662","name":"@waytrade/microservice-core","msg":"HTTP Server listening on port 33307"}
{"level":20,"time":1630780016646,"pid":5774,"hostname":"fv-az83-662","name":"@waytrade/microservice-core","msg":"Starting HTTP Server on port 0"}
{"level":20,"time":1630780016646,"pid":5774,"hostname":"fv-az83-662","name":"@waytrade/microservice-core","msg":"HTTP Server listening on port 40011"}
{"level":50,"time":1630780016646,"pid":5774,"hostname":"fv-az83-662","name":"@waytrade/microservice-core","msg":"App start failed: Controller booth failed"}
{"level":20,"time":1630780016646,"pid":5774,"hostname":"fv-az83-662","name":"@waytrade/microservice-core","msg":"HTTP Server on port 33307 stopped"}
{"level":20,"time":1630780016646,"pid":5774,"hostname":"fv-az83-662","name":"@waytrade/microservice-core","msg":"HTTP Server on port 40011 stopped"}
{"level":30,"time":1630780016647,"pid":5774,"hostname":"fv-az83-662","name":"@waytrade/microservice-core","msg":"App stopped."}
{"level":30,"time":1630780016647,"pid":5774,"hostname":"fv-az83-662","name":"@waytrade/microservice-core","msg":"Starting App..."}
{"level":20,"time":1630780016648,"pid":5774,"hostname":"fv-az83-662","name":"@waytrade/microservice-core","msg":"Starting HTTP Server on port 0"}
{"level":20,"time":1630780016648,"pid":5774,"hostname":"fv-az83-662","name":"@waytrade/microservice-core","msg":"HTTP Server listening on port 51767"}
{"level":20,"time":1630780016648,"pid":5774,"hostname":"fv-az83-662","name":"@waytrade/microservice-core","msg":"Starting HTTP Server on port 0"}
{"level":20,"time":1630780016648,"pid":5774,"hostname":"fv-az83-662","name":"@waytrade/microservice-core","msg":"HTTP Server listening on port 34723"}
{"level":50,"time":1630780016648,"pid":5774,"hostname":"fv-az83-662","name":"@waytrade/microservice-core","msg":"App start failed: Controller booth failed"}
{"level":20,"time":1630780016648,"pid":5774,"hostname":"fv-az83-662","name":"@waytrade/microservice-core","msg":"HTTP Server on port 51767 stopped"}
{"level":20,"time":1630780016648,"pid":5774,"hostname":"fv-az83-662","name":"@waytrade/microservice-core","msg":"HTTP Server on port 34723 stopped"}
{"level":30,"time":1630780016648,"pid":5774,"hostname":"fv-az83-662","name":"@waytrade/microservice-core","msg":"App stopped."}
{"level":30,"time":1630780016951,"pid":5774,"hostname":"fv-az83-662","name":"@waytrade/microservice-core","msg":"Starting App..."}
{"level":20,"time":1630780016952,"pid":5774,"hostname":"fv-az83-662","name":"@waytrade/microservice-core","msg":"Starting HTTP Server on port 0"}
{"level":20,"time":1630780016952,"pid":5774,"hostname":"fv-az83-662","name":"@waytrade/microservice-core","msg":"HTTP Server listening on port 46289"}
{"level":30,"time":1630780016952,"pid":5774,"hostname":"fv-az83-662","name":"@waytrade/microservice-core","msg":"API Server started at port 46289"}
{"level":20,"time":1630780016953,"pid":5774,"hostname":"fv-az83-662","name":"@waytrade/microservice-core","msg":"HTTP Server on port 46289 stopped"}
{"level":30,"time":1630780016953,"pid":5774,"hostname":"fv-az83-662","name":"@waytrade/microservice-core","msg":"App stopped."}
{"level":30,"time":1630780016954,"pid":5774,"hostname":"fv-az83-662","name":"@waytrade/microservice-core","msg":"Starting App..."}
{"level":20,"time":1630780016955,"pid":5774,"hostname":"fv-az83-662","name":"@waytrade/microservice-core","msg":"Starting HTTP Server on port 0"}
{"level":20,"time":1630780016955,"pid":5774,"hostname":"fv-az83-662","name":"@waytrade/microservice-core","msg":"HTTP Server listening on port 58383"}
{"level":30,"time":1630780016955,"pid":5774,"hostname":"fv-az83-662","name":"@waytrade/microservice-core","msg":"API Server started at port 58383"}
{"level":20,"time":1630780016956,"pid":5774,"hostname":"fv-az83-662","name":"@waytrade/microservice-core","msg":"HTTP Server on port 58383 stopped"}
{"level":30,"time":1630780016956,"pid":5774,"hostname":"fv-az83-662","name":"@waytrade/microservice-core","msg":"App stopped."}
{"level":30,"time":1630780016957,"pid":5774,"hostname":"fv-az83-662","name":"@waytrade/microservice-core","msg":"Starting App..."}
{"level":20,"time":1630780016957,"pid":5774,"hostname":"fv-az83-662","name":"@waytrade/microservice-core","msg":"Starting HTTP Server on port 0"}
{"level":20,"time":1630780016957,"pid":5774,"hostname":"fv-az83-662","name":"@waytrade/microservice-core","msg":"HTTP Server listening on port 54931"}
{"level":50,"time":1630780016958,"pid":5774,"hostname":"fv-az83-662","name":"@waytrade/microservice-core","msg":"App start failed: Controller booth failed"}
{"level":20,"time":1630780016958,"pid":5774,"hostname":"fv-az83-662","name":"@waytrade/microservice-core","msg":"HTTP Server on port 54931 stopped"}
{"level":30,"time":1630780016958,"pid":5774,"hostname":"fv-az83-662","name":"@waytrade/microservice-core","msg":"App stopped."}
{"level":30,"time":1630780016959,"pid":5774,"hostname":"fv-az83-662","name":"@waytrade/microservice-core","msg":"Starting App..."}
{"level":20,"time":1630780016959,"pid":5774,"hostname":"fv-az83-662","name":"@waytrade/microservice-core","msg":"Starting HTTP Server on port 0"}
{"level":20,"time":1630780016960,"pid":5774,"hostname":"fv-az83-662","name":"@waytrade/microservice-core","msg":"HTTP Server listening on port 34569"}
{"level":50,"time":1630780016960,"pid":5774,"hostname":"fv-az83-662","name":"@waytrade/microservice-core","msg":"App start failed: Controller booth failed"}
{"level":20,"time":1630780016960,"pid":5774,"hostname":"fv-az83-662","name":"@waytrade/microservice-core","msg":"HTTP Server on port 34569 stopped"}
{"level":30,"time":1630780016960,"pid":5774,"hostname":"fv-az83-662","name":"@waytrade/microservice-core","msg":"App stopped."}
{"level":30,"time":1630780016961,"pid":5774,"hostname":"fv-az83-662","name":"@waytrade/microservice-core","msg":"Starting App..."}
{"level":20,"time":1630780016961,"pid":5774,"hostname":"fv-az83-662","name":"@waytrade/microservice-core","msg":"Starting HTTP Server on port 0"}
{"level":20,"time":1630780016961,"pid":5774,"hostname":"fv-az83-662","name":"@waytrade/microservice-core","msg":"HTTP Server listening on port 44103"}
{"level":50,"time":1630780016961,"pid":5774,"hostname":"fv-az83-662","name":"@waytrade/microservice-core","msg":"App start failed: Controller booth failed"}
{"level":20,"time":1630780016962,"pid":5774,"hostname":"fv-az83-662","name":"@waytrade/microservice-core","msg":"HTTP Server on port 44103 stopped"}
{"level":30,"time":1630780016962,"pid":5774,"hostname":"fv-az83-662","name":"@waytrade/microservice-core","msg":"App stopped."}
{"level":30,"time":1630780016963,"pid":5774,"hostname":"fv-az83-662","name":"@waytrade/microservice-core","msg":"Starting App..."}
{"level":20,"time":1630780016963,"pid":5774,"hostname":"fv-az83-662","name":"@waytrade/microservice-core","msg":"Starting HTTP Server on port 0"}
{"level":20,"time":1630780016963,"pid":5774,"hostname":"fv-az83-662","name":"@waytrade/microservice-core","msg":"HTTP Server listening on port 47409"}
{"level":50,"time":1630780016963,"pid":5774,"hostname":"fv-az83-662","name":"@waytrade/microservice-core","msg":"App start failed: Controller booth failed"}
{"level":20,"time":1630780016963,"pid":5774,"hostname":"fv-az83-662","name":"@waytrade/microservice-core","msg":"HTTP Server on port 47409 stopped"}
{"level":30,"time":1630780016963,"pid":5774,"hostname":"fv-az83-662","name":"@waytrade/microservice-core","msg":"App stopped."}
{"level":30,"time":1630780017263,"pid":5774,"hostname":"fv-az83-662","name":"@waytrade/microservice-core","msg":"Starting App..."}
{"level":20,"time":1630780017264,"pid":5774,"hostname":"fv-az83-662","name":"@waytrade/microservice-core","msg":"Starting HTTP Server on port 0"}
{"level":20,"time":1630780017264,"pid":5774,"hostname":"fv-az83-662","name":"@waytrade/microservice-core","msg":"HTTP Server listening on port 47609"}
{"level":30,"time":1630780017264,"pid":5774,"hostname":"fv-az83-662","name":"@waytrade/microservice-core","msg":"API Server started at port 47609"}
{"level":20,"time":1630780017265,"pid":5774,"hostname":"fv-az83-662","name":"@waytrade/microservice-core","msg":"HTTP Server on port 47609 stopped"}
{"level":30,"time":1630780017265,"pid":5774,"hostname":"fv-az83-662","name":"@waytrade/microservice-core","msg":"App stopped."}
{"level":30,"time":1630780017266,"pid":5774,"hostname":"fv-az83-662","name":"@waytrade/microservice-core","msg":"Starting App..."}
{"level":20,"time":1630780017267,"pid":5774,"hostname":"fv-az83-662","name":"@waytrade/microservice-core","msg":"Starting HTTP Server on port 0"}
{"level":20,"time":1630780017267,"pid":5774,"hostname":"fv-az83-662","name":"@waytrade/microservice-core","msg":"HTTP Server listening on port 38801"}
{"level":30,"time":1630780017267,"pid":5774,"hostname":"fv-az83-662","name":"@waytrade/microservice-core","msg":"API Server started at port 38801"}
{"level":20,"time":1630780017268,"pid":5774,"hostname":"fv-az83-662","name":"@waytrade/microservice-core","msg":"HTTP Server on port 38801 stopped"}
{"level":30,"time":1630780017268,"pid":5774,"hostname":"fv-az83-662","name":"@waytrade/microservice-core","msg":"App stopped."}
{"level":30,"time":1630780017269,"pid":5774,"hostname":"fv-az83-662","name":"@waytrade/microservice-core","msg":"Starting App..."}
{"level":50,"time":1630780017269,"pid":5774,"hostname":"fv-az83-662","name":"@waytrade/microservice-core","msg":"App start failed: Controller booth failed"}
{"level":30,"time":1630780017269,"pid":5774,"hostname":"fv-az83-662","name":"@waytrade/microservice-core","msg":"App stopped."}
{"level":30,"time":1630780017270,"pid":5774,"hostname":"fv-az83-662","name":"@waytrade/microservice-core","msg":"Starting App..."}
{"level":50,"time":1630780017270,"pid":5774,"hostname":"fv-az83-662","name":"@waytrade/microservice-core","msg":"App start failed: Controller booth failed"}
{"level":30,"time":1630780017271,"pid":5774,"hostname":"fv-az83-662","name":"@waytrade/microservice-core","msg":"App stopped."}
{"level":30,"time":1630780017271,"pid":5774,"hostname":"fv-az83-662","name":"@waytrade/microservice-core","msg":"Starting App..."}
{"level":50,"time":1630780017272,"pid":5774,"hostname":"fv-az83-662","name":"@waytrade/microservice-core","msg":"App start failed: Controller booth failed"}
{"level":30,"time":1630780017272,"pid":5774,"hostname":"fv-az83-662","name":"@waytrade/microservice-core","msg":"App stopped."}
{"level":30,"time":1630780017289,"pid":5774,"hostname":"fv-az83-662","name":"@waytrade/microservice-core","msg":"Starting App..."}
{"level":50,"time":1630780017290,"pid":5774,"hostname":"fv-az83-662","name":"@waytrade/microservice-core","msg":"App start failed: Controller booth failed"}
{"level":30,"time":1630780017290,"pid":5774,"hostname":"fv-az83-662","name":"@waytrade/microservice-core","msg":"App stopped."}
{"level":20,"time":1630780017605,"pid":5774,"hostname":"fv-az83-662","name":"@waytrade/microservice-core","msg":"Starting HTTP Server on port 0"}
{"level":20,"time":1630780017605,"pid":5774,"hostname":"fv-az83-662","name":"@waytrade/microservice-core","msg":"HTTP Server listening on port 39123"}
{"level":20,"time":1630780017605,"pid":5774,"hostname":"fv-az83-662","name":"@waytrade/microservice-core","msg":"HTTP Server on port 39123 stopped"}
{"level":20,"time":1630780017606,"pid":5774,"hostname":"fv-az83-662","name":"@waytrade/microservice-core","msg":"Starting HTTP Server on port 3999"}
{"level":20,"time":1630780017606,"pid":5774,"hostname":"fv-az83-662","name":"@waytrade/microservice-core","msg":"HTTP Server listening on port 3999"}
{"level":20,"time":1630780017607,"pid":5774,"hostname":"fv-az83-662","name":"@waytrade/microservice-core","msg":"HTTP Server on port 3999 stopped"}
{"level":20,"time":1630780017607,"pid":5774,"hostname":"fv-az83-662","name":"@waytrade/microservice-core","msg":"Starting HTTP Server on port 0"}
{"level":20,"time":1630780017607,"pid":5774,"hostname":"fv-az83-662","name":"@waytrade/microservice-core","msg":"HTTP Server listening on port 56807"}
{"level":20,"time":1630780017617,"pid":5774,"hostname":"fv-az83-662","name":"@waytrade/microservice-core","msg":"/some/invalid/path not found."}
{"level":20,"time":1630780017617,"pid":5774,"hostname":"fv-az83-662","name":"@waytrade/microservice-core","msg":"HTTP Server on port 56807 stopped"}
{"level":20,"time":1630780017618,"pid":5774,"hostname":"fv-az83-662","name":"@waytrade/microservice-core","msg":"Starting HTTP Server on port 0"}
{"level":20,"time":1630780017618,"pid":5774,"hostname":"fv-az83-662","name":"@waytrade/microservice-core","msg":"HTTP Server listening on port 42529"}
{"level":20,"time":1630780017620,"pid":5774,"hostname":"fv-az83-662","name":"@waytrade/microservice-core","msg":"HTTP Server on port 42529 stopped"}
{"level":20,"time":1630780017621,"pid":5774,"hostname":"fv-az83-662","name":"@waytrade/microservice-core","msg":"Starting HTTP Server on port 0"}
{"level":20,"time":1630780017621,"pid":5774,"hostname":"fv-az83-662","name":"@waytrade/microservice-core","msg":"HTTP Server listening on port 49423"}
{"level":20,"time":1630780017623,"pid":5774,"hostname":"fv-az83-662","name":"@waytrade/microservice-core","msg":"HTTP Server on port 49423 stopped"}
{"level":20,"time":1630780017624,"pid":5774,"hostname":"fv-az83-662","name":"@waytrade/microservice-core","msg":"Starting HTTP Server on port 0"}
{"level":20,"time":1630780017624,"pid":5774,"hostname":"fv-az83-662","name":"@waytrade/microservice-core","msg":"HTTP Server listening on port 45291"}
{"level":20,"time":1630780017625,"pid":5774,"hostname":"fv-az83-662","name":"@waytrade/microservice-core","msg":"HTTP get /api/dummy/customResponseHeader -> 200 (0ms)"}
{"level":20,"time":1630780017626,"pid":5774,"hostname":"fv-az83-662","name":"@waytrade/microservice-core","msg":"HTTP Server on port 45291 stopped"}
{"level":30,"time":1630780017919,"pid":5774,"hostname":"fv-az83-662","name":"@waytrade/microservice-core","msg":"Starting App..."}
{"level":20,"time":1630780017919,"pid":5774,"hostname":"fv-az83-662","name":"@waytrade/microservice-core","msg":"Starting HTTP Server on port 0"}
{"level":20,"time":1630780017919,"pid":5774,"hostname":"fv-az83-662","name":"@waytrade/microservice-core","msg":"HTTP Server listening on port 36717"}
{"level":20,"time":1630780017920,"pid":5774,"hostname":"fv-az83-662","name":"@waytrade/microservice-core","msg":"Starting HTTP Server on port 0"}
{"level":20,"time":1630780017920,"pid":5774,"hostname":"fv-az83-662","name":"@waytrade/microservice-core","msg":"HTTP Server listening on port 33271"}
{"level":30,"time":1630780017920,"pid":5774,"hostname":"fv-az83-662","name":"@waytrade/microservice-core","msg":"API Server started at port 36717"}
{"level":30,"time":1630780017920,"pid":5774,"hostname":"fv-az83-662","name":"@waytrade/microservice-core","msg":"Webhook Callback Server started at port 33271"}
{"level":20,"time":1630780017922,"pid":5774,"hostname":"fv-az83-662","name":"@waytrade/microservice-core","msg":"HTTP get /api/ -> 200 (0ms)"}
{"level":20,"time":1630780017923,"pid":5774,"hostname":"fv-az83-662","name":"@waytrade/microservice-core","msg":"HTTP Server on port 36717 stopped"}
{"level":20,"time":1630780017924,"pid":5774,"hostname":"fv-az83-662","name":"@waytrade/microservice-core","msg":"HTTP Server on port 33271 stopped"}
{"level":30,"time":1630780017924,"pid":5774,"hostname":"fv-az83-662","name":"@waytrade/microservice-core","msg":"App stopped."}
{"level":30,"time":1630780017925,"pid":5774,"hostname":"fv-az83-662","name":"@waytrade/microservice-core","msg":"Starting App..."}
{"level":20,"time":1630780017925,"pid":5774,"hostname":"fv-az83-662","name":"@waytrade/microservice-core","msg":"Starting HTTP Server on port 0"}
{"level":20,"time":1630780017925,"pid":5774,"hostname":"fv-az83-662","name":"@waytrade/microservice-core","msg":"HTTP Server listening on port 55643"}
{"level":20,"time":1630780017925,"pid":5774,"hostname":"fv-az83-662","name":"@waytrade/microservice-core","msg":"Starting HTTP Server on port 0"}
{"level":20,"time":1630780017925,"pid":5774,"hostname":"fv-az83-662","name":"@waytrade/microservice-core","msg":"HTTP Server listening on port 56391"}
{"level":30,"time":1630780017925,"pid":5774,"hostname":"fv-az83-662","name":"@waytrade/microservice-core","msg":"API Server started at port 55643"}
{"level":30,"time":1630780017925,"pid":5774,"hostname":"fv-az83-662","name":"@waytrade/microservice-core","msg":"Webhook Callback Server started at port 56391"}
{"level":20,"time":1630780017927,"pid":5774,"hostname":"fv-az83-662","name":"@waytrade/microservice-core","msg":"HTTP get / -> 200 (0ms)"}
{"level":20,"time":1630780017927,"pid":5774,"hostname":"fv-az83-662","name":"@waytrade/microservice-core","msg":"HTTP Server on port 55643 stopped"}
{"level":20,"time":1630780017927,"pid":5774,"hostname":"fv-az83-662","name":"@waytrade/microservice-core","msg":"HTTP Server on port 56391 stopped"}
{"level":30,"time":1630780017927,"pid":5774,"hostname":"fv-az83-662","name":"@waytrade/microservice-core","msg":"App stopped."}
{"level":30,"time":1630780017928,"pid":5774,"hostname":"fv-az83-662","name":"@waytrade/microservice-core","msg":"Starting App..."}
{"level":20,"time":1630780017929,"pid":5774,"hostname":"fv-az83-662","name":"@waytrade/microservice-core","msg":"Starting HTTP Server on port 0"}
{"level":20,"time":1630780017929,"pid":5774,"hostname":"fv-az83-662","name":"@waytrade/microservice-core","msg":"HTTP Server listening on port 39195"}
{"level":20,"time":1630780017929,"pid":5774,"hostname":"fv-az83-662","name":"@waytrade/microservice-core","msg":"Starting HTTP Server on port 0"}
{"level":20,"time":1630780017929,"pid":5774,"hostname":"fv-az83-662","name":"@waytrade/microservice-core","msg":"HTTP Server listening on port 49327"}
{"level":30,"time":1630780017929,"pid":5774,"hostname":"fv-az83-662","name":"@waytrade/microservice-core","msg":"API Server started at port 39195"}
{"level":30,"time":1630780017929,"pid":5774,"hostname":"fv-az83-662","name":"@waytrade/microservice-core","msg":"Webhook Callback Server started at port 49327"}
{"level":20,"time":1630780017932,"pid":5774,"hostname":"fv-az83-662","name":"@waytrade/microservice-core","msg":"HTTP get /api/ -> 200 (0ms)"}
{"level":20,"time":1630780017932,"pid":5774,"hostname":"fv-az83-662","name":"@waytrade/microservice-core","msg":"HTTP Server on port 39195 stopped"}
{"level":20,"time":1630780017932,"pid":5774,"hostname":"fv-az83-662","name":"@waytrade/microservice-core","msg":"HTTP Server on port 49327 stopped"}
{"level":30,"time":1630780017933,"pid":5774,"hostname":"fv-az83-662","name":"@waytrade/microservice-core","msg":"App stopped."}
{"level":30,"time":1630780017934,"pid":5774,"hostname":"fv-az83-662","name":"@waytrade/microservice-core","msg":"Starting App..."}
{"level":20,"time":1630780017934,"pid":5774,"hostname":"fv-az83-662","name":"@waytrade/microservice-core","msg":"Starting HTTP Server on port 0"}
{"level":20,"time":1630780017934,"pid":5774,"hostname":"fv-az83-662","name":"@waytrade/microservice-core","msg":"HTTP Server listening on port 48779"}
{"level":20,"time":1630780017934,"pid":5774,"hostname":"fv-az83-662","name":"@waytrade/microservice-core","msg":"Starting HTTP Server on port 0"}
{"level":20,"time":1630780017934,"pid":5774,"hostname":"fv-az83-662","name":"@waytrade/microservice-core","msg":"HTTP Server listening on port 40857"}
{"level":30,"time":1630780017934,"pid":5774,"hostname":"fv-az83-662","name":"@waytrade/microservice-core","msg":"API Server started at port 48779"}
{"level":30,"time":1630780017934,"pid":5774,"hostname":"fv-az83-662","name":"@waytrade/microservice-core","msg":"Webhook Callback Server started at port 40857"}
{"level":20,"time":1630780017936,"pid":5774,"hostname":"fv-az83-662","name":"@waytrade/microservice-core","msg":"HTTP Server on port 48779 stopped"}
{"level":20,"time":1630780017936,"pid":5774,"hostname":"fv-az83-662","name":"@waytrade/microservice-core","msg":"HTTP Server on port 40857 stopped"}
{"level":30,"time":1630780017936,"pid":5774,"hostname":"fv-az83-662","name":"@waytrade/microservice-core","msg":"App stopped."}
{"level":30,"time":1630780018207,"pid":5774,"hostname":"fv-az83-662","name":"@waytrade/microservice-core","msg":"Starting App..."}
{"level":20,"time":1630780018207,"pid":5774,"hostname":"fv-az83-662","name":"@waytrade/microservice-core","msg":"Starting HTTP Server on port 0"}
{"level":20,"time":1630780018207,"pid":5774,"hostname":"fv-az83-662","name":"@waytrade/microservice-core","msg":"HTTP Server listening on port 44289"}
{"level":20,"time":1630780018208,"pid":5774,"hostname":"fv-az83-662","name":"@waytrade/microservice-core","msg":"Starting HTTP Server on port 0"}
{"level":20,"time":1630780018208,"pid":5774,"hostname":"fv-az83-662","name":"@waytrade/microservice-core","msg":"HTTP Server listening on port 38931"}
{"level":30,"time":1630780018208,"pid":5774,"hostname":"fv-az83-662","name":"@waytrade/microservice-core","msg":"API Server started at port 44289"}
{"level":30,"time":1630780018208,"pid":5774,"hostname":"fv-az83-662","name":"@waytrade/microservice-core","msg":"Webhook Callback Server started at port 38931"}
{"level":20,"time":1630780018208,"pid":5774,"hostname":"fv-az83-662","name":"@waytrade/microservice-core","msg":"HTTP Server on port 44289 stopped"}
{"level":20,"time":1630780018208,"pid":5774,"hostname":"fv-az83-662","name":"@waytrade/microservice-core","msg":"HTTP Server on port 38931 stopped"}
{"level":30,"time":1630780018209,"pid":5774,"hostname":"fv-az83-662","name":"@waytrade/microservice-core","msg":"App stopped."}
{"level":30,"time":1630780018210,"pid":5774,"hostname":"fv-az83-662","name":"@waytrade/microservice-core","msg":"Starting App..."}
{"level":20,"time":1630780018210,"pid":5774,"hostname":"fv-az83-662","name":"@waytrade/microservice-core","msg":"Starting HTTP Server on port 0"}
{"level":20,"time":1630780018210,"pid":5774,"hostname":"fv-az83-662","name":"@waytrade/microservice-core","msg":"HTTP Server listening on port 43967"}
{"level":20,"time":1630780018210,"pid":5774,"hostname":"fv-az83-662","name":"@waytrade/microservice-core","msg":"Starting HTTP Server on port 0"}
{"level":20,"time":1630780018210,"pid":5774,"hostname":"fv-az83-662","name":"@waytrade/microservice-core","msg":"HTTP Server listening on port 36771"}
{"level":30,"time":1630780018210,"pid":5774,"hostname":"fv-az83-662","name":"@waytrade/microservice-core","msg":"API Server started at port 43967"}
{"level":30,"time":1630780018210,"pid":5774,"hostname":"fv-az83-662","name":"@waytrade/microservice-core","msg":"Webhook Callback Server started at port 36771"}
{"level":20,"time":1630780018211,"pid":5774,"hostname":"fv-az83-662","name":"@waytrade/microservice-core","msg":"HTTP Server on port 43967 stopped"}
{"level":20,"time":1630780018211,"pid":5774,"hostname":"fv-az83-662","name":"@waytrade/microservice-core","msg":"HTTP Server on port 36771 stopped"}
{"level":30,"time":1630780018211,"pid":5774,"hostname":"fv-az83-662","name":"@waytrade/microservice-core","msg":"App stopped."}
{"level":30,"time":1630780018212,"pid":5774,"hostname":"fv-az83-662","name":"@waytrade/microservice-core","msg":"Starting App..."}
{"level":20,"time":1630780018212,"pid":5774,"hostname":"fv-az83-662","name":"@waytrade/microservice-core","msg":"Starting HTTP Server on port 0"}
{"level":20,"time":1630780018212,"pid":5774,"hostname":"fv-az83-662","name":"@waytrade/microservice-core","msg":"HTTP Server listening on port 59389"}
{"level":20,"time":1630780018213,"pid":5774,"hostname":"fv-az83-662","name":"@waytrade/microservice-core","msg":"Starting HTTP Server on port 0"}
{"level":20,"time":1630780018213,"pid":5774,"hostname":"fv-az83-662","name":"@waytrade/microservice-core","msg":"HTTP Server listening on port 55363"}
{"level":30,"time":1630780018213,"pid":5774,"hostname":"fv-az83-662","name":"@waytrade/microservice-core","msg":"API Server started at port 59389"}
{"level":30,"time":1630780018213,"pid":5774,"hostname":"fv-az83-662","name":"@waytrade/microservice-core","msg":"Webhook Callback Server started at port 55363"}
{"level":20,"time":1630780018213,"pid":5774,"hostname":"fv-az83-662","name":"@waytrade/microservice-core","msg":"HTTP Server on port 59389 stopped"}
{"level":20,"time":1630780018213,"pid":5774,"hostname":"fv-az83-662","name":"@waytrade/microservice-core","msg":"HTTP Server on port 55363 stopped"}
{"level":30,"time":1630780018213,"pid":5774,"hostname":"fv-az83-662","name":"@waytrade/microservice-core","msg":"App stopped."}
{"level":30,"time":1630780018215,"pid":5774,"hostname":"fv-az83-662","name":"@waytrade/microservice-core","msg":"Starting App..."}
{"level":20,"time":1630780018215,"pid":5774,"hostname":"fv-az83-662","name":"@waytrade/microservice-core","msg":"Starting HTTP Server on port 0"}
{"level":20,"time":1630780018215,"pid":5774,"hostname":"fv-az83-662","name":"@waytrade/microservice-core","msg":"HTTP Server listening on port 41431"}
{"level":20,"time":1630780018215,"pid":5774,"hostname":"fv-az83-662","name":"@waytrade/microservice-core","msg":"Starting HTTP Server on port 0"}
{"level":20,"time":1630780018215,"pid":5774,"hostname":"fv-az83-662","name":"@waytrade/microservice-core","msg":"HTTP Server listening on port 42649"}
{"level":30,"time":1630780018215,"pid":5774,"hostname":"fv-az83-662","name":"@waytrade/microservice-core","msg":"API Server started at port 41431"}
{"level":30,"time":1630780018215,"pid":5774,"hostname":"fv-az83-662","name":"@waytrade/microservice-core","msg":"Webhook Callback Server started at port 42649"}
{"level":20,"time":1630780018215,"pid":5774,"hostname":"fv-az83-662","name":"@waytrade/microservice-core","msg":"HTTP Server on port 41431 stopped"}
{"level":20,"time":1630780018215,"pid":5774,"hostname":"fv-az83-662","name":"@waytrade/microservice-core","msg":"HTTP Server on port 42649 stopped"}
{"level":30,"time":1630780018216,"pid":5774,"hostname":"fv-az83-662","name":"@waytrade/microservice-core","msg":"App stopped."}
{"level":30,"time":1630780018500,"pid":5774,"hostname":"fv-az83-662","name":"@waytrade/microservice-core","msg":"Starting App..."}
{"level":20,"time":1630780018500,"pid":5774,"hostname":"fv-az83-662","name":"@waytrade/microservice-core","msg":"Starting HTTP Server on port 0"}
{"level":20,"time":1630780018500,"pid":5774,"hostname":"fv-az83-662","name":"@waytrade/microservice-core","msg":"HTTP Server listening on port 54665"}
{"level":30,"time":1630780018500,"pid":5774,"hostname":"fv-az83-662","name":"@waytrade/microservice-core","msg":"API Server started at port 54665"}
{"level":20,"time":1630780018501,"pid":5774,"hostname":"fv-az83-662","name":"@waytrade/microservice-core","msg":"HTTP Server on port 54665 stopped"}
{"level":30,"time":1630780018501,"pid":5774,"hostname":"fv-az83-662","name":"@waytrade/microservice-core","msg":"App stopped."}
{"level":30,"time":1630780018502,"pid":5774,"hostname":"fv-az83-662","name":"@waytrade/microservice-core","msg":"Starting App..."}
{"level":20,"time":1630780018502,"pid":5774,"hostname":"fv-az83-662","name":"@waytrade/microservice-core","msg":"Starting HTTP Server on port 0"}
{"level":20,"time":1630780018502,"pid":5774,"hostname":"fv-az83-662","name":"@waytrade/microservice-core","msg":"HTTP Server listening on port 34853"}
{"level":30,"time":1630780018502,"pid":5774,"hostname":"fv-az83-662","name":"@waytrade/microservice-core","msg":"API Server started at port 34853"}
{"level":20,"time":1630780018503,"pid":5774,"hostname":"fv-az83-662","name":"@waytrade/microservice-core","msg":"HTTP Server on port 34853 stopped"}
{"level":30,"time":1630780018503,"pid":5774,"hostname":"fv-az83-662","name":"@waytrade/microservice-core","msg":"App stopped."}
{"level":30,"time":1630780018503,"pid":5774,"hostname":"fv-az83-662","name":"@waytrade/microservice-core","msg":"Starting App..."}
{"level":20,"time":1630780018504,"pid":5774,"hostname":"fv-az83-662","name":"@waytrade/microservice-core","msg":"Starting HTTP Server on port 0"}
{"level":20,"time":1630780018504,"pid":5774,"hostname":"fv-az83-662","name":"@waytrade/microservice-core","msg":"HTTP Server listening on port 35445"}
{"level":30,"time":1630780018504,"pid":5774,"hostname":"fv-az83-662","name":"@waytrade/microservice-core","msg":"API Server started at port 35445"}
{"level":20,"time":1630780018504,"pid":5774,"hostname":"fv-az83-662","name":"@waytrade/microservice-core","msg":"HTTP Server on port 35445 stopped"}
{"level":30,"time":1630780018504,"pid":5774,"hostname":"fv-az83-662","name":"@waytrade/microservice-core","msg":"App stopped."}
{"level":30,"time":1630780018506,"pid":5774,"hostname":"fv-az83-662","name":"@waytrade/microservice-core","msg":"Starting App..."}
{"level":20,"time":1630780018506,"pid":5774,"hostname":"fv-az83-662","name":"@waytrade/microservice-core","msg":"Starting HTTP Server on port 0"}
{"level":20,"time":1630780018506,"pid":5774,"hostname":"fv-az83-662","name":"@waytrade/microservice-core","msg":"HTTP Server listening on port 41523"}
{"level":30,"time":1630780018506,"pid":5774,"hostname":"fv-az83-662","name":"@waytrade/microservice-core","msg":"API Server started at port 41523"}
{"level":20,"time":1630780018506,"pid":5774,"hostname":"fv-az83-662","name":"@waytrade/microservice-core","msg":"HTTP Server on port 41523 stopped"}
{"level":30,"time":1630780018506,"pid":5774,"hostname":"fv-az83-662","name":"@waytrade/microservice-core","msg":"App stopped."}
{"level":30,"time":1630780018795,"pid":5774,"hostname":"fv-az83-662","name":"@waytrade/microservice-core","msg":"Starting App..."}
{"level":20,"time":1630780018795,"pid":5774,"hostname":"fv-az83-662","name":"@waytrade/microservice-core","msg":"Starting HTTP Server on port 0"}
{"level":20,"time":1630780018795,"pid":5774,"hostname":"fv-az83-662","name":"@waytrade/microservice-core","msg":"HTTP Server listening on port 51501"}
{"level":30,"time":1630780018795,"pid":5774,"hostname":"fv-az83-662","name":"@waytrade/microservice-core","msg":"API Server started at port 51501"}
{"level":20,"time":1630780018796,"pid":5774,"hostname":"fv-az83-662","name":"@waytrade/microservice-core","msg":"HTTP Server on port 51501 stopped"}
{"level":30,"time":1630780018796,"pid":5774,"hostname":"fv-az83-662","name":"@waytrade/microservice-core","msg":"App stopped."}
{"level":30,"time":1630780018797,"pid":5774,"hostname":"fv-az83-662","name":"@waytrade/microservice-core","msg":"Starting App..."}
{"level":20,"time":1630780018798,"pid":5774,"hostname":"fv-az83-662","name":"@waytrade/microservice-core","msg":"Starting HTTP Server on port 0"}
{"level":20,"time":1630780018798,"pid":5774,"hostname":"fv-az83-662","name":"@waytrade/microservice-core","msg":"HTTP Server listening on port 35969"}
{"level":30,"time":1630780018798,"pid":5774,"hostname":"fv-az83-662","name":"@waytrade/microservice-core","msg":"API Server started at port 35969"}
{"level":20,"time":1630780018798,"pid":5774,"hostname":"fv-az83-662","name":"@waytrade/microservice-core","msg":"HTTP Server on port 35969 stopped"}
{"level":30,"time":1630780018798,"pid":5774,"hostname":"fv-az83-662","name":"@waytrade/microservice-core","msg":"App stopped."}
{"level":30,"time":1630780018800,"pid":5774,"hostname":"fv-az83-662","name":"@waytrade/microservice-core","msg":"Starting App..."}
{"level":20,"time":1630780018800,"pid":5774,"hostname":"fv-az83-662","name":"@waytrade/microservice-core","msg":"Starting HTTP Server on port 0"}
{"level":20,"time":1630780018800,"pid":5774,"hostname":"fv-az83-662","name":"@waytrade/microservice-core","msg":"HTTP Server listening on port 51917"}
{"level":30,"time":1630780018800,"pid":5774,"hostname":"fv-az83-662","name":"@waytrade/microservice-core","msg":"API Server started at port 51917"}
{"level":20,"time":1630780018800,"pid":5774,"hostname":"fv-az83-662","name":"@waytrade/microservice-core","msg":"HTTP Server on port 51917 stopped"}
{"level":30,"time":1630780018800,"pid":5774,"hostname":"fv-az83-662","name":"@waytrade/microservice-core","msg":"App stopped."}
{"level":30,"time":1630780018802,"pid":5774,"hostname":"fv-az83-662","name":"@waytrade/microservice-core","msg":"Starting App..."}
{"level":20,"time":1630780018802,"pid":5774,"hostname":"fv-az83-662","name":"@waytrade/microservice-core","msg":"Starting HTTP Server on port 0"}
{"level":20,"time":1630780018802,"pid":5774,"hostname":"fv-az83-662","name":"@waytrade/microservice-core","msg":"HTTP Server listening on port 36221"}
{"level":30,"time":1630780018802,"pid":5774,"hostname":"fv-az83-662","name":"@waytrade/microservice-core","msg":"API Server started at port 36221"}
{"level":20,"time":1630780018802,"pid":5774,"hostname":"fv-az83-662","name":"@waytrade/microservice-core","msg":"HTTP Server on port 36221 stopped"}
{"level":30,"time":1630780018803,"pid":5774,"hostname":"fv-az83-662","name":"@waytrade/microservice-core","msg":"App stopped."}
{"level":30,"time":1630780019355,"pid":5774,"hostname":"fv-az83-662","name":"@waytrade/microservice-core","msg":"Starting App..."}
{"level":20,"time":1630780019356,"pid":5774,"hostname":"fv-az83-662","name":"@waytrade/microservice-core","msg":"Starting HTTP Server on port 0"}
{"level":20,"time":1630780019356,"pid":5774,"hostname":"fv-az83-662","name":"@waytrade/microservice-core","msg":"HTTP Server listening on port 34115"}
{"level":30,"time":1630780019356,"pid":5774,"hostname":"fv-az83-662","name":"@waytrade/microservice-core","msg":"API Server started at port 34115"}
{"level":20,"time":1630780019357,"pid":5774,"hostname":"fv-az83-662","name":"@waytrade/microservice-core","msg":"HTTP Server on port 34115 stopped"}
{"level":30,"time":1630780019357,"pid":5774,"hostname":"fv-az83-662","name":"@waytrade/microservice-core","msg":"App stopped."}
{"level":30,"time":1630780019358,"pid":5774,"hostname":"fv-az83-662","name":"@waytrade/microservice-core","msg":"Starting App..."}
{"level":20,"time":1630780019358,"pid":5774,"hostname":"fv-az83-662","name":"@waytrade/microservice-core","msg":"Starting HTTP Server on port 0"}
{"level":20,"time":1630780019359,"pid":5774,"hostname":"fv-az83-662","name":"@waytrade/microservice-core","msg":"HTTP Server listening on port 44345"}
{"level":50,"time":1630780019359,"pid":5774,"hostname":"fv-az83-662","name":"@waytrade/microservice-core","msg":"App start failed: Controller booth failed"}
{"level":20,"time":1630780019359,"pid":5774,"hostname":"fv-az83-662","name":"@waytrade/microservice-core","msg":"HTTP Server on port 44345 stopped"}
{"level":30,"time":1630780019359,"pid":5774,"hostname":"fv-az83-662","name":"@waytrade/microservice-core","msg":"App stopped."}
{"level":30,"time":1630780019360,"pid":5774,"hostname":"fv-az83-662","name":"@waytrade/microservice-core","msg":"Starting App..."}
{"level":20,"time":1630780019360,"pid":5774,"hostname":"fv-az83-662","name":"@waytrade/microservice-core","msg":"Starting HTTP Server on port 0"}
{"level":20,"time":1630780019360,"pid":5774,"hostname":"fv-az83-662","name":"@waytrade/microservice-core","msg":"HTTP Server listening on port 35255"}
{"level":50,"time":1630780019360,"pid":5774,"hostname":"fv-az83-662","name":"@waytrade/microservice-core","msg":"App start failed: Controller booth failed"}
{"level":20,"time":1630780019361,"pid":5774,"hostname":"fv-az83-662","name":"@waytrade/microservice-core","msg":"HTTP Server on port 35255 stopped"}
{"level":30,"time":1630780019361,"pid":5774,"hostname":"fv-az83-662","name":"@waytrade/microservice-core","msg":"App stopped."}
{"level":20,"time":1630780019701,"pid":5774,"hostname":"fv-az83-662","name":"@waytrade/microservice-core","msg":"Starting HTTP Server on port 0"}
{"level":20,"time":1630780019701,"pid":5774,"hostname":"fv-az83-662","name":"@waytrade/microservice-core","msg":"HTTP Server listening on port 33183"}
{"level":20,"time":1630780019704,"pid":5774,"hostname":"fv-az83-662","name":"@waytrade/microservice-core","msg":"HTTP get /api/dummy/ -> 200 (1ms)"}
{"level":20,"time":1630780019705,"pid":5774,"hostname":"fv-az83-662","name":"@waytrade/microservice-core","msg":"HTTP Server on port 33183 stopped"}
