{"level":20,"time":1628381053222,"pid":5838,"hostname":"fv-az33-714","name":"@waytrade/microservice-core","msg":"Starting HTTP Server on port 0"}
{"level":20,"time":1628381053223,"pid":5838,"hostname":"fv-az33-714","name":"@waytrade/microservice-core","msg":"HTTP Server listening on port 38139"}
{"level":20,"time":1628381053246,"pid":5838,"hostname":"fv-az33-714","name":"@waytrade/microservice-core","msg":"HTTP get /openapi.json -> 200 (3ms)"}
{"level":20,"time":1628381053251,"pid":5838,"hostname":"fv-az33-714","name":"@waytrade/microservice-core","msg":"HTTP Server on port 38139 stopped"}
{"level":20,"time":1628381053254,"pid":5838,"hostname":"fv-az33-714","name":"@waytrade/microservice-core","msg":"Starting HTTP Server on port 0"}
{"level":20,"time":1628381053254,"pid":5838,"hostname":"fv-az33-714","name":"@waytrade/microservice-core","msg":"HTTP Server listening on port 51587"}
{"level":20,"time":1628381053259,"pid":5838,"hostname":"fv-az33-714","name":"@waytrade/microservice-core","msg":"HTTP get /openapi.json -> 200 (1ms)"}
{"level":20,"time":1628381053279,"pid":5838,"hostname":"fv-az33-714","name":"@waytrade/microservice-core","msg":"HTTP Server on port 51587 stopped"}
{"level":20,"time":1628381053281,"pid":5838,"hostname":"fv-az33-714","name":"@waytrade/microservice-core","msg":"Starting HTTP Server on port 0"}
{"level":20,"time":1628381053282,"pid":5838,"hostname":"fv-az33-714","name":"@waytrade/microservice-core","msg":"HTTP Server listening on port 36059"}
{"level":20,"time":1628381053285,"pid":5838,"hostname":"fv-az33-714","name":"@waytrade/microservice-core","msg":"Starting HTTP Server on port 0"}
{"level":20,"time":1628381053285,"pid":5838,"hostname":"fv-az33-714","name":"@waytrade/microservice-core","msg":"HTTP Server listening on port 34903"}
{"level":20,"time":1628381053291,"pid":5838,"hostname":"fv-az33-714","name":"@waytrade/microservice-core","msg":"HTTP get /openapi.json -> 200 (0ms)"}
{"level":20,"time":1628381053292,"pid":5838,"hostname":"fv-az33-714","name":"@waytrade/microservice-core","msg":"HTTP get / -> 200 (1ms)"}
{"level":20,"time":1628381053299,"pid":5838,"hostname":"fv-az33-714","name":"@waytrade/microservice-core","msg":"HTTP Server on port 36059 stopped"}
{"level":20,"time":1628381053302,"pid":5838,"hostname":"fv-az33-714","name":"@waytrade/microservice-core","msg":"HTTP Server on port 34903 stopped"}
{"level":20,"time":1628381053303,"pid":5838,"hostname":"fv-az33-714","name":"@waytrade/microservice-core","msg":"Starting HTTP Server on port 0"}
{"level":20,"time":1628381053303,"pid":5838,"hostname":"fv-az33-714","name":"@waytrade/microservice-core","msg":"HTTP Server listening on port 51429"}
{"level":20,"time":1628381053310,"pid":5838,"hostname":"fv-az33-714","name":"@waytrade/microservice-core","msg":"HTTP get /swagger-ui.css -> 200 (3ms)"}
{"level":20,"time":1628381053314,"pid":5838,"hostname":"fv-az33-714","name":"@waytrade/microservice-core","msg":"HTTP Server on port 51429 stopped"}
{"level":20,"time":1628381053315,"pid":5838,"hostname":"fv-az33-714","name":"@waytrade/microservice-core","msg":"Starting HTTP Server on port 0"}
{"level":20,"time":1628381053315,"pid":5838,"hostname":"fv-az33-714","name":"@waytrade/microservice-core","msg":"HTTP Server listening on port 38359"}
{"level":20,"time":1628381053334,"pid":5838,"hostname":"fv-az33-714","name":"@waytrade/microservice-core","msg":"HTTP get /swagger-ui-bundle.js -> 200 (16ms)"}
{"level":20,"time":1628381053348,"pid":5838,"hostname":"fv-az33-714","name":"@waytrade/microservice-core","msg":"HTTP Server on port 38359 stopped"}
{"level":20,"time":1628381053349,"pid":5838,"hostname":"fv-az33-714","name":"@waytrade/microservice-core","msg":"Starting HTTP Server on port 0"}
{"level":20,"time":1628381053349,"pid":5838,"hostname":"fv-az33-714","name":"@waytrade/microservice-core","msg":"HTTP Server listening on port 42743"}
{"level":20,"time":1628381053358,"pid":5838,"hostname":"fv-az33-714","name":"@waytrade/microservice-core","msg":"HTTP get /swagger-ui-standalone-preset.js -> 200 (5ms)"}
{"level":20,"time":1628381053363,"pid":5838,"hostname":"fv-az33-714","name":"@waytrade/microservice-core","msg":"HTTP Server on port 42743 stopped"}
{"level":30,"time":1628381054375,"pid":5838,"hostname":"fv-az33-714","name":"@waytrade/microservice-core","msg":"Starting App..."}
{"level":20,"time":1628381054376,"pid":5838,"hostname":"fv-az33-714","name":"@waytrade/microservice-core","msg":"Starting HTTP Server on port 0"}
{"level":20,"time":1628381054376,"pid":5838,"hostname":"fv-az33-714","name":"@waytrade/microservice-core","msg":"HTTP Server listening on port 56621"}
{"level":20,"time":1628381054376,"pid":5838,"hostname":"fv-az33-714","name":"@waytrade/microservice-core","msg":"Starting HTTP Server on port 0"}
{"level":20,"time":1628381054376,"pid":5838,"hostname":"fv-az33-714","name":"@waytrade/microservice-core","msg":"HTTP Server listening on port 53671"}
{"level":30,"time":1628381054376,"pid":5838,"hostname":"fv-az33-714","name":"@waytrade/microservice-core","msg":"API Server started at port 56621"}
{"level":30,"time":1628381054376,"pid":5838,"hostname":"fv-az33-714","name":"@waytrade/microservice-core","msg":"Webhook Callback Server started at port 53671"}
{"level":20,"time":1628381054391,"pid":5838,"hostname":"fv-az33-714","name":"@waytrade/microservice-core","msg":"HTTP post /subscribe -> 400 (1ms)"}
{"level":20,"time":1628381054396,"pid":5838,"hostname":"fv-az33-714","name":"@waytrade/microservice-core","msg":"HTTP Server on port 56621 stopped"}
{"level":20,"time":1628381054396,"pid":5838,"hostname":"fv-az33-714","name":"@waytrade/microservice-core","msg":"HTTP Server on port 53671 stopped"}
{"level":30,"time":1628381054396,"pid":5838,"hostname":"fv-az33-714","name":"@waytrade/microservice-core","msg":"App stopped."}
{"level":30,"time":1628381054415,"pid":5838,"hostname":"fv-az33-714","name":"@waytrade/microservice-core","msg":"Starting App..."}
{"level":20,"time":1628381054416,"pid":5838,"hostname":"fv-az33-714","name":"@waytrade/microservice-core","msg":"Starting HTTP Server on port 0"}
{"level":20,"time":1628381054416,"pid":5838,"hostname":"fv-az33-714","name":"@waytrade/microservice-core","msg":"HTTP Server listening on port 57515"}
{"level":20,"time":1628381054416,"pid":5838,"hostname":"fv-az33-714","name":"@waytrade/microservice-core","msg":"Starting HTTP Server on port 0"}
{"level":20,"time":1628381054417,"pid":5838,"hostname":"fv-az33-714","name":"@waytrade/microservice-core","msg":"HTTP Server listening on port 35111"}
{"level":30,"time":1628381054417,"pid":5838,"hostname":"fv-az33-714","name":"@waytrade/microservice-core","msg":"API Server started at port 57515"}
{"level":30,"time":1628381054417,"pid":5838,"hostname":"fv-az33-714","name":"@waytrade/microservice-core","msg":"Webhook Callback Server started at port 35111"}
{"level":20,"time":1628381054428,"pid":5838,"hostname":"fv-az33-714","name":"@waytrade/microservice-core","msg":"HTTP post /subscribe -> 201 (1ms)"}
{"level":20,"time":1628381054451,"pid":5838,"hostname":"fv-az33-714","name":"@waytrade/microservice-core","msg":"HTTP post /subscribe -> 204 (0ms)"}
{"level":20,"time":1628381054463,"pid":5838,"hostname":"fv-az33-714","name":"@waytrade/microservice-core","msg":"HTTP Server on port 57515 stopped"}
{"level":20,"time":1628381054463,"pid":5838,"hostname":"fv-az33-714","name":"@waytrade/microservice-core","msg":"HTTP Server on port 35111 stopped"}
{"level":30,"time":1628381054464,"pid":5838,"hostname":"fv-az33-714","name":"@waytrade/microservice-core","msg":"App stopped."}
{"level":30,"time":1628381054467,"pid":5838,"hostname":"fv-az33-714","name":"@waytrade/microservice-core","msg":"Starting App..."}
{"level":20,"time":1628381054468,"pid":5838,"hostname":"fv-az33-714","name":"@waytrade/microservice-core","msg":"Starting HTTP Server on port 0"}
{"level":20,"time":1628381054468,"pid":5838,"hostname":"fv-az33-714","name":"@waytrade/microservice-core","msg":"HTTP Server listening on port 45399"}
{"level":20,"time":1628381054468,"pid":5838,"hostname":"fv-az33-714","name":"@waytrade/microservice-core","msg":"Starting HTTP Server on port 0"}
{"level":20,"time":1628381054468,"pid":5838,"hostname":"fv-az33-714","name":"@waytrade/microservice-core","msg":"HTTP Server listening on port 37227"}
{"level":30,"time":1628381054468,"pid":5838,"hostname":"fv-az33-714","name":"@waytrade/microservice-core","msg":"API Server started at port 45399"}
{"level":30,"time":1628381054468,"pid":5838,"hostname":"fv-az33-714","name":"@waytrade/microservice-core","msg":"Webhook Callback Server started at port 37227"}
{"level":20,"time":1628381054483,"pid":5838,"hostname":"fv-az33-714","name":"@waytrade/microservice-core","msg":"HTTP post /subscribe -> 201 (0ms)"}
{"level":20,"time":1628381054502,"pid":5838,"hostname":"fv-az33-714","name":"@waytrade/microservice-core","msg":"HTTP post /subscribe -> 201 (1ms)"}
{"level":20,"time":1628381054506,"pid":5838,"hostname":"fv-az33-714","name":"@waytrade/microservice-core","msg":"HTTP Server on port 45399 stopped"}
{"level":20,"time":1628381054506,"pid":5838,"hostname":"fv-az33-714","name":"@waytrade/microservice-core","msg":"HTTP Server on port 37227 stopped"}
{"level":30,"time":1628381054506,"pid":5838,"hostname":"fv-az33-714","name":"@waytrade/microservice-core","msg":"App stopped."}
{"level":30,"time":1628381054509,"pid":5838,"hostname":"fv-az33-714","name":"@waytrade/microservice-core","msg":"Starting App..."}
{"level":20,"time":1628381054510,"pid":5838,"hostname":"fv-az33-714","name":"@waytrade/microservice-core","msg":"Starting HTTP Server on port 0"}
{"level":20,"time":1628381054510,"pid":5838,"hostname":"fv-az33-714","name":"@waytrade/microservice-core","msg":"HTTP Server listening on port 47533"}
{"level":20,"time":1628381054510,"pid":5838,"hostname":"fv-az33-714","name":"@waytrade/microservice-core","msg":"Starting HTTP Server on port 0"}
{"level":20,"time":1628381054510,"pid":5838,"hostname":"fv-az33-714","name":"@waytrade/microservice-core","msg":"HTTP Server listening on port 33275"}
{"level":30,"time":1628381054510,"pid":5838,"hostname":"fv-az33-714","name":"@waytrade/microservice-core","msg":"API Server started at port 47533"}
{"level":30,"time":1628381054510,"pid":5838,"hostname":"fv-az33-714","name":"@waytrade/microservice-core","msg":"Webhook Callback Server started at port 33275"}
{"level":20,"time":1628381054536,"pid":5838,"hostname":"fv-az33-714","name":"@waytrade/microservice-core","msg":"HTTP post /subscribe -> 201 (0ms)"}
{"level":20,"time":1628381054542,"pid":5838,"hostname":"fv-az33-714","name":"@waytrade/microservice-core","msg":"HTTP post /unsubscribe -> 200 (1ms)"}
{"level":20,"time":1628381054552,"pid":5838,"hostname":"fv-az33-714","name":"@waytrade/microservice-core","msg":"HTTP Server on port 47533 stopped"}
{"level":20,"time":1628381054552,"pid":5838,"hostname":"fv-az33-714","name":"@waytrade/microservice-core","msg":"HTTP Server on port 33275 stopped"}
{"level":30,"time":1628381054552,"pid":5838,"hostname":"fv-az33-714","name":"@waytrade/microservice-core","msg":"App stopped."}
{"level":30,"time":1628381054554,"pid":5838,"hostname":"fv-az33-714","name":"@waytrade/microservice-core","msg":"Starting App..."}
{"level":20,"time":1628381054555,"pid":5838,"hostname":"fv-az33-714","name":"@waytrade/microservice-core","msg":"Starting HTTP Server on port 0"}
{"level":20,"time":1628381054555,"pid":5838,"hostname":"fv-az33-714","name":"@waytrade/microservice-core","msg":"HTTP Server listening on port 58325"}
{"level":20,"time":1628381054555,"pid":5838,"hostname":"fv-az33-714","name":"@waytrade/microservice-core","msg":"Starting HTTP Server on port 0"}
{"level":20,"time":1628381054555,"pid":5838,"hostname":"fv-az33-714","name":"@waytrade/microservice-core","msg":"HTTP Server listening on port 41143"}
{"level":30,"time":1628381054555,"pid":5838,"hostname":"fv-az33-714","name":"@waytrade/microservice-core","msg":"API Server started at port 58325"}
{"level":30,"time":1628381054555,"pid":5838,"hostname":"fv-az33-714","name":"@waytrade/microservice-core","msg":"Webhook Callback Server started at port 41143"}
{"level":20,"time":1628381054558,"pid":5838,"hostname":"fv-az33-714","name":"@waytrade/microservice-core","msg":"HTTP post /unsubscribe -> 400 (0ms)"}
{"level":20,"time":1628381054561,"pid":5838,"hostname":"fv-az33-714","name":"@waytrade/microservice-core","msg":"HTTP Server on port 58325 stopped"}
{"level":20,"time":1628381054561,"pid":5838,"hostname":"fv-az33-714","name":"@waytrade/microservice-core","msg":"HTTP Server on port 41143 stopped"}
{"level":30,"time":1628381054561,"pid":5838,"hostname":"fv-az33-714","name":"@waytrade/microservice-core","msg":"App stopped."}
{"level":30,"time":1628381054563,"pid":5838,"hostname":"fv-az33-714","name":"@waytrade/microservice-core","msg":"Starting App..."}
{"level":20,"time":1628381054563,"pid":5838,"hostname":"fv-az33-714","name":"@waytrade/microservice-core","msg":"Starting HTTP Server on port 0"}
{"level":20,"time":1628381054563,"pid":5838,"hostname":"fv-az33-714","name":"@waytrade/microservice-core","msg":"HTTP Server listening on port 50007"}
{"level":20,"time":1628381054563,"pid":5838,"hostname":"fv-az33-714","name":"@waytrade/microservice-core","msg":"Starting HTTP Server on port 0"}
{"level":20,"time":1628381054564,"pid":5838,"hostname":"fv-az33-714","name":"@waytrade/microservice-core","msg":"HTTP Server listening on port 42077"}
{"level":30,"time":1628381054564,"pid":5838,"hostname":"fv-az33-714","name":"@waytrade/microservice-core","msg":"API Server started at port 50007"}
{"level":30,"time":1628381054564,"pid":5838,"hostname":"fv-az33-714","name":"@waytrade/microservice-core","msg":"Webhook Callback Server started at port 42077"}
{"level":20,"time":1628381054567,"pid":5838,"hostname":"fv-az33-714","name":"@waytrade/microservice-core","msg":"HTTP post /unsubscribe -> 404 (0ms)"}
{"level":20,"time":1628381054569,"pid":5838,"hostname":"fv-az33-714","name":"@waytrade/microservice-core","msg":"HTTP Server on port 50007 stopped"}
{"level":20,"time":1628381054569,"pid":5838,"hostname":"fv-az33-714","name":"@waytrade/microservice-core","msg":"HTTP Server on port 42077 stopped"}
{"level":30,"time":1628381054569,"pid":5838,"hostname":"fv-az33-714","name":"@waytrade/microservice-core","msg":"App stopped."}
{"level":30,"time":1628381054571,"pid":5838,"hostname":"fv-az33-714","name":"@waytrade/microservice-core","msg":"Starting App..."}
{"level":20,"time":1628381054571,"pid":5838,"hostname":"fv-az33-714","name":"@waytrade/microservice-core","msg":"Starting HTTP Server on port 0"}
{"level":20,"time":1628381054572,"pid":5838,"hostname":"fv-az33-714","name":"@waytrade/microservice-core","msg":"HTTP Server listening on port 45083"}
{"level":20,"time":1628381054572,"pid":5838,"hostname":"fv-az33-714","name":"@waytrade/microservice-core","msg":"Starting HTTP Server on port 0"}
{"level":20,"time":1628381054572,"pid":5838,"hostname":"fv-az33-714","name":"@waytrade/microservice-core","msg":"HTTP Server listening on port 58783"}
{"level":30,"time":1628381054572,"pid":5838,"hostname":"fv-az33-714","name":"@waytrade/microservice-core","msg":"API Server started at port 45083"}
{"level":30,"time":1628381054572,"pid":5838,"hostname":"fv-az33-714","name":"@waytrade/microservice-core","msg":"Webhook Callback Server started at port 58783"}
{"level":20,"time":1628381054575,"pid":5838,"hostname":"fv-az33-714","name":"@waytrade/microservice-core","msg":"HTTP post /subscribe -> 201 (0ms)"}
{"level":20,"time":1628381054586,"pid":5838,"hostname":"fv-az33-714","name":"@waytrade/microservice-core","msg":"HTTP Server on port 45083 stopped"}
{"level":20,"time":1628381054586,"pid":5838,"hostname":"fv-az33-714","name":"@waytrade/microservice-core","msg":"HTTP Server on port 58783 stopped"}
{"level":30,"time":1628381054586,"pid":5838,"hostname":"fv-az33-714","name":"@waytrade/microservice-core","msg":"App stopped."}
{"level":20,"time":1628381054586,"pid":5838,"hostname":"fv-az33-714","name":"@waytrade/microservice-core","msg":"HTTP post /callback -> 200 (1ms)"}
{"level":30,"time":1628381054587,"pid":5838,"hostname":"fv-az33-714","name":"@waytrade/microservice-core","msg":"Starting App..."}
{"level":20,"time":1628381054588,"pid":5838,"hostname":"fv-az33-714","name":"@waytrade/microservice-core","msg":"Starting HTTP Server on port 0"}
{"level":20,"time":1628381054588,"pid":5838,"hostname":"fv-az33-714","name":"@waytrade/microservice-core","msg":"HTTP Server listening on port 48071"}
{"level":20,"time":1628381054588,"pid":5838,"hostname":"fv-az33-714","name":"@waytrade/microservice-core","msg":"Starting HTTP Server on port 0"}
{"level":20,"time":1628381054588,"pid":5838,"hostname":"fv-az33-714","name":"@waytrade/microservice-core","msg":"HTTP Server listening on port 49747"}
{"level":30,"time":1628381054588,"pid":5838,"hostname":"fv-az33-714","name":"@waytrade/microservice-core","msg":"API Server started at port 48071"}
{"level":30,"time":1628381054588,"pid":5838,"hostname":"fv-az33-714","name":"@waytrade/microservice-core","msg":"Webhook Callback Server started at port 49747"}
{"level":20,"time":1628381054594,"pid":5838,"hostname":"fv-az33-714","name":"@waytrade/microservice-core","msg":"HTTP post /subscribe -> 201 (0ms)"}
{"level":20,"time":1628381054601,"pid":5838,"hostname":"fv-az33-714","name":"@waytrade/microservice-core","msg":"HTTP Server on port 48071 stopped"}
{"level":20,"time":1628381054601,"pid":5838,"hostname":"fv-az33-714","name":"@waytrade/microservice-core","msg":"HTTP Server on port 49747 stopped"}
{"level":30,"time":1628381054601,"pid":5838,"hostname":"fv-az33-714","name":"@waytrade/microservice-core","msg":"App stopped."}
{"level":20,"time":1628381054602,"pid":5838,"hostname":"fv-az33-714","name":"@waytrade/microservice-core","msg":"HTTP post /callback -> 200 (1ms)"}
{"level":30,"time":1628381054603,"pid":5838,"hostname":"fv-az33-714","name":"@waytrade/microservice-core","msg":"Starting App..."}
{"level":20,"time":1628381054604,"pid":5838,"hostname":"fv-az33-714","name":"@waytrade/microservice-core","msg":"Starting HTTP Server on port 0"}
{"level":20,"time":1628381054604,"pid":5838,"hostname":"fv-az33-714","name":"@waytrade/microservice-core","msg":"HTTP Server listening on port 42227"}
{"level":20,"time":1628381054604,"pid":5838,"hostname":"fv-az33-714","name":"@waytrade/microservice-core","msg":"Starting HTTP Server on port 0"}
{"level":20,"time":1628381054604,"pid":5838,"hostname":"fv-az33-714","name":"@waytrade/microservice-core","msg":"HTTP Server listening on port 58323"}
{"level":30,"time":1628381054604,"pid":5838,"hostname":"fv-az33-714","name":"@waytrade/microservice-core","msg":"API Server started at port 42227"}
{"level":30,"time":1628381054604,"pid":5838,"hostname":"fv-az33-714","name":"@waytrade/microservice-core","msg":"Webhook Callback Server started at port 58323"}
{"level":20,"time":1628381054609,"pid":5838,"hostname":"fv-az33-714","name":"@waytrade/microservice-core","msg":"HTTP post /subscribe -> 201 (0ms)"}
{"level":20,"time":1628381054617,"pid":5838,"hostname":"fv-az33-714","name":"@waytrade/microservice-core","msg":"HTTP post /callback -> 418 (1ms)"}
{"level":20,"time":1628381054621,"pid":5838,"hostname":"fv-az33-714","name":"@waytrade/microservice-core","msg":"HTTP post /subscribe -> 201 (0ms)"}
{"level":20,"time":1628381054623,"pid":5838,"hostname":"fv-az33-714","name":"@waytrade/microservice-core","msg":"HTTP Server on port 42227 stopped"}
{"level":20,"time":1628381054623,"pid":5838,"hostname":"fv-az33-714","name":"@waytrade/microservice-core","msg":"HTTP Server on port 58323 stopped"}
{"level":30,"time":1628381054623,"pid":5838,"hostname":"fv-az33-714","name":"@waytrade/microservice-core","msg":"App stopped."}
{"level":30,"time":1628381054625,"pid":5838,"hostname":"fv-az33-714","name":"@waytrade/microservice-core","msg":"Starting App..."}
{"level":20,"time":1628381054625,"pid":5838,"hostname":"fv-az33-714","name":"@waytrade/microservice-core","msg":"Starting HTTP Server on port 0"}
{"level":20,"time":1628381054626,"pid":5838,"hostname":"fv-az33-714","name":"@waytrade/microservice-core","msg":"HTTP Server listening on port 53085"}
{"level":20,"time":1628381054626,"pid":5838,"hostname":"fv-az33-714","name":"@waytrade/microservice-core","msg":"Starting HTTP Server on port 0"}
{"level":20,"time":1628381054626,"pid":5838,"hostname":"fv-az33-714","name":"@waytrade/microservice-core","msg":"HTTP Server listening on port 36305"}
{"level":30,"time":1628381054626,"pid":5838,"hostname":"fv-az33-714","name":"@waytrade/microservice-core","msg":"API Server started at port 53085"}
{"level":30,"time":1628381054626,"pid":5838,"hostname":"fv-az33-714","name":"@waytrade/microservice-core","msg":"Webhook Callback Server started at port 36305"}
{"level":20,"time":1628381054630,"pid":5838,"hostname":"fv-az33-714","name":"@waytrade/microservice-core","msg":"HTTP post /subscribe -> 201 (0ms)"}
{"level":20,"time":1628381054636,"pid":5838,"hostname":"fv-az33-714","name":"@waytrade/microservice-core","msg":"HTTP post /subscribe -> 201 (0ms)"}
{"level":20,"time":1628381054638,"pid":5838,"hostname":"fv-az33-714","name":"@waytrade/microservice-core","msg":"HTTP Server on port 53085 stopped"}
{"level":20,"time":1628381054638,"pid":5838,"hostname":"fv-az33-714","name":"@waytrade/microservice-core","msg":"HTTP Server on port 36305 stopped"}
{"level":30,"time":1628381054638,"pid":5838,"hostname":"fv-az33-714","name":"@waytrade/microservice-core","msg":"App stopped."}
{"level":20,"time":1628381055066,"pid":5838,"hostname":"fv-az33-714","name":"@waytrade/microservice-core","msg":"Starting HTTP Server on port 0"}
{"level":20,"time":1628381055066,"pid":5838,"hostname":"fv-az33-714","name":"@waytrade/microservice-core","msg":"HTTP Server listening on port 52055"}
{"level":20,"time":1628381055072,"pid":5838,"hostname":"fv-az33-714","name":"@waytrade/microservice-core","msg":"HTTP get /api/test/ -> 200 (1ms)"}
{"level":20,"time":1628381055074,"pid":5838,"hostname":"fv-az33-714","name":"@waytrade/microservice-core","msg":"HTTP Server on port 52055 stopped"}
{"level":20,"time":1628381055075,"pid":5838,"hostname":"fv-az33-714","name":"@waytrade/microservice-core","msg":"Starting HTTP Server on port 0"}
{"level":20,"time":1628381055076,"pid":5838,"hostname":"fv-az33-714","name":"@waytrade/microservice-core","msg":"HTTP Server listening on port 51785"}
{"level":20,"time":1628381055079,"pid":5838,"hostname":"fv-az33-714","name":"@waytrade/microservice-core","msg":"HTTP get /api/test/error -> 418 (1ms)"}
{"level":20,"time":1628381055081,"pid":5838,"hostname":"fv-az33-714","name":"@waytrade/microservice-core","msg":"HTTP Server on port 51785 stopped"}
{"level":20,"time":1628381055082,"pid":5838,"hostname":"fv-az33-714","name":"@waytrade/microservice-core","msg":"Starting HTTP Server on port 0"}
{"level":20,"time":1628381055082,"pid":5838,"hostname":"fv-az33-714","name":"@waytrade/microservice-core","msg":"HTTP Server listening on port 46793"}
{"level":20,"time":1628381055136,"pid":5838,"hostname":"fv-az33-714","name":"@waytrade/microservice-core","msg":"HTTP get /api/test/serverError -> 500 (47ms)"}
{"level":20,"time":1628381055138,"pid":5838,"hostname":"fv-az33-714","name":"@waytrade/microservice-core","msg":"HTTP Server on port 46793 stopped"}
{"level":20,"time":1628381055140,"pid":5838,"hostname":"fv-az33-714","name":"@waytrade/microservice-core","msg":"Starting HTTP Server on port 0"}
{"level":20,"time":1628381055140,"pid":5838,"hostname":"fv-az33-714","name":"@waytrade/microservice-core","msg":"HTTP Server listening on port 50883"}
{"level":20,"time":1628381055144,"pid":5838,"hostname":"fv-az33-714","name":"@waytrade/microservice-core","msg":"HTTP put /api/test/ -> 200 (1ms)"}
{"level":20,"time":1628381055146,"pid":5838,"hostname":"fv-az33-714","name":"@waytrade/microservice-core","msg":"HTTP Server on port 50883 stopped"}
{"level":20,"time":1628381055147,"pid":5838,"hostname":"fv-az33-714","name":"@waytrade/microservice-core","msg":"Starting HTTP Server on port 0"}
{"level":20,"time":1628381055148,"pid":5838,"hostname":"fv-az33-714","name":"@waytrade/microservice-core","msg":"HTTP Server listening on port 48259"}
{"level":20,"time":1628381055150,"pid":5838,"hostname":"fv-az33-714","name":"@waytrade/microservice-core","msg":"HTTP put /api/test/error -> 418 (0ms)"}
{"level":20,"time":1628381055153,"pid":5838,"hostname":"fv-az33-714","name":"@waytrade/microservice-core","msg":"HTTP Server on port 48259 stopped"}
{"level":20,"time":1628381055154,"pid":5838,"hostname":"fv-az33-714","name":"@waytrade/microservice-core","msg":"Starting HTTP Server on port 0"}
{"level":20,"time":1628381055154,"pid":5838,"hostname":"fv-az33-714","name":"@waytrade/microservice-core","msg":"HTTP Server listening on port 60871"}
{"level":20,"time":1628381055158,"pid":5838,"hostname":"fv-az33-714","name":"@waytrade/microservice-core","msg":"HTTP post /api/test/ -> 200 (1ms)"}
{"level":20,"time":1628381055160,"pid":5838,"hostname":"fv-az33-714","name":"@waytrade/microservice-core","msg":"HTTP Server on port 60871 stopped"}
{"level":20,"time":1628381055161,"pid":5838,"hostname":"fv-az33-714","name":"@waytrade/microservice-core","msg":"Starting HTTP Server on port 0"}
{"level":20,"time":1628381055161,"pid":5838,"hostname":"fv-az33-714","name":"@waytrade/microservice-core","msg":"HTTP Server listening on port 55001"}
{"level":20,"time":1628381055164,"pid":5838,"hostname":"fv-az33-714","name":"@waytrade/microservice-core","msg":"HTTP post /api/test/error -> 418 (0ms)"}
{"level":20,"time":1628381055166,"pid":5838,"hostname":"fv-az33-714","name":"@waytrade/microservice-core","msg":"HTTP Server on port 55001 stopped"}
{"level":20,"time":1628381055167,"pid":5838,"hostname":"fv-az33-714","name":"@waytrade/microservice-core","msg":"Starting HTTP Server on port 0"}
{"level":20,"time":1628381055167,"pid":5838,"hostname":"fv-az33-714","name":"@waytrade/microservice-core","msg":"HTTP Server listening on port 49397"}
{"level":20,"time":1628381055174,"pid":5838,"hostname":"fv-az33-714","name":"@waytrade/microservice-core","msg":"HTTP patch /api/test/ -> 200 (0ms)"}
{"level":20,"time":1628381055176,"pid":5838,"hostname":"fv-az33-714","name":"@waytrade/microservice-core","msg":"HTTP Server on port 49397 stopped"}
{"level":20,"time":1628381055178,"pid":5838,"hostname":"fv-az33-714","name":"@waytrade/microservice-core","msg":"Starting HTTP Server on port 0"}
{"level":20,"time":1628381055178,"pid":5838,"hostname":"fv-az33-714","name":"@waytrade/microservice-core","msg":"HTTP Server listening on port 33353"}
{"level":20,"time":1628381055180,"pid":5838,"hostname":"fv-az33-714","name":"@waytrade/microservice-core","msg":"HTTP patch /api/test/error -> 418 (0ms)"}
{"level":20,"time":1628381055183,"pid":5838,"hostname":"fv-az33-714","name":"@waytrade/microservice-core","msg":"HTTP Server on port 33353 stopped"}
{"level":20,"time":1628381055184,"pid":5838,"hostname":"fv-az33-714","name":"@waytrade/microservice-core","msg":"Starting HTTP Server on port 0"}
{"level":20,"time":1628381055184,"pid":5838,"hostname":"fv-az33-714","name":"@waytrade/microservice-core","msg":"HTTP Server listening on port 49933"}
{"level":20,"time":1628381055187,"pid":5838,"hostname":"fv-az33-714","name":"@waytrade/microservice-core","msg":"HTTP delete /api/test/ -> 200 (0ms)"}
{"level":20,"time":1628381055190,"pid":5838,"hostname":"fv-az33-714","name":"@waytrade/microservice-core","msg":"HTTP Server on port 49933 stopped"}
{"level":20,"time":1628381055191,"pid":5838,"hostname":"fv-az33-714","name":"@waytrade/microservice-core","msg":"Starting HTTP Server on port 0"}
{"level":20,"time":1628381055191,"pid":5838,"hostname":"fv-az33-714","name":"@waytrade/microservice-core","msg":"HTTP Server listening on port 48523"}
{"level":20,"time":1628381055194,"pid":5838,"hostname":"fv-az33-714","name":"@waytrade/microservice-core","msg":"HTTP delete /api/test/error -> 418 (0ms)"}
{"level":20,"time":1628381055196,"pid":5838,"hostname":"fv-az33-714","name":"@waytrade/microservice-core","msg":"HTTP Server on port 48523 stopped"}
{"level":20,"time":1628381055629,"pid":5838,"hostname":"fv-az33-714","name":"@waytrade/microservice-core","msg":"Starting HTTP Server on port 0"}
{"level":20,"time":1628381055629,"pid":5838,"hostname":"fv-az33-714","name":"@waytrade/microservice-core","msg":"HTTP Server listening on port 42557"}
{"level":20,"time":1628381055635,"pid":5838,"hostname":"fv-az33-714","name":"@waytrade/microservice-core","msg":"HTTP get /api/test/ -> 200 (1ms)"}
{"level":20,"time":1628381055637,"pid":5838,"hostname":"fv-az33-714","name":"@waytrade/microservice-core","msg":"HTTP Server on port 42557 stopped"}
{"level":20,"time":1628381055638,"pid":5838,"hostname":"fv-az33-714","name":"@waytrade/microservice-core","msg":"Starting HTTP Server on port 0"}
{"level":20,"time":1628381055639,"pid":5838,"hostname":"fv-az33-714","name":"@waytrade/microservice-core","msg":"HTTP Server listening on port 56375"}
{"level":20,"time":1628381055647,"pid":5838,"hostname":"fv-az33-714","name":"@waytrade/microservice-core","msg":"HTTP get /api/test/notImplemented -> 501 (0ms)"}
{"level":20,"time":1628381055649,"pid":5838,"hostname":"fv-az33-714","name":"@waytrade/microservice-core","msg":"HTTP Server on port 56375 stopped"}
{"level":20,"time":1628381055650,"pid":5838,"hostname":"fv-az33-714","name":"@waytrade/microservice-core","msg":"Starting HTTP Server on port 0"}
{"level":20,"time":1628381055651,"pid":5838,"hostname":"fv-az33-714","name":"@waytrade/microservice-core","msg":"HTTP Server listening on port 34729"}
{"level":20,"time":1628381055655,"pid":5838,"hostname":"fv-az33-714","name":"@waytrade/microservice-core","msg":"HTTP put /api/test/ -> 200 (1ms)"}
{"level":20,"time":1628381055657,"pid":5838,"hostname":"fv-az33-714","name":"@waytrade/microservice-core","msg":"HTTP Server on port 34729 stopped"}
{"level":20,"time":1628381055658,"pid":5838,"hostname":"fv-az33-714","name":"@waytrade/microservice-core","msg":"Starting HTTP Server on port 0"}
{"level":20,"time":1628381055658,"pid":5838,"hostname":"fv-az33-714","name":"@waytrade/microservice-core","msg":"HTTP Server listening on port 45965"}
{"level":20,"time":1628381055661,"pid":5838,"hostname":"fv-az33-714","name":"@waytrade/microservice-core","msg":"HTTP put /api/test/notImplemented -> 501 (0ms)"}
{"level":20,"time":1628381055663,"pid":5838,"hostname":"fv-az33-714","name":"@waytrade/microservice-core","msg":"HTTP Server on port 45965 stopped"}
{"level":20,"time":1628381055664,"pid":5838,"hostname":"fv-az33-714","name":"@waytrade/microservice-core","msg":"Starting HTTP Server on port 0"}
{"level":20,"time":1628381055665,"pid":5838,"hostname":"fv-az33-714","name":"@waytrade/microservice-core","msg":"HTTP Server listening on port 49999"}
{"level":20,"time":1628381055668,"pid":5838,"hostname":"fv-az33-714","name":"@waytrade/microservice-core","msg":"HTTP post /api/test/ -> 200 (0ms)"}
{"level":20,"time":1628381055670,"pid":5838,"hostname":"fv-az33-714","name":"@waytrade/microservice-core","msg":"HTTP Server on port 49999 stopped"}
{"level":20,"time":1628381055672,"pid":5838,"hostname":"fv-az33-714","name":"@waytrade/microservice-core","msg":"Starting HTTP Server on port 0"}
{"level":20,"time":1628381055672,"pid":5838,"hostname":"fv-az33-714","name":"@waytrade/microservice-core","msg":"HTTP Server listening on port 56043"}
{"level":20,"time":1628381055679,"pid":5838,"hostname":"fv-az33-714","name":"@waytrade/microservice-core","msg":"HTTP post /api/test/notImplemented -> 501 (0ms)"}
{"level":20,"time":1628381055681,"pid":5838,"hostname":"fv-az33-714","name":"@waytrade/microservice-core","msg":"HTTP Server on port 56043 stopped"}
{"level":20,"time":1628381055682,"pid":5838,"hostname":"fv-az33-714","name":"@waytrade/microservice-core","msg":"Starting HTTP Server on port 0"}
{"level":20,"time":1628381055682,"pid":5838,"hostname":"fv-az33-714","name":"@waytrade/microservice-core","msg":"HTTP Server listening on port 59757"}
{"level":20,"time":1628381055686,"pid":5838,"hostname":"fv-az33-714","name":"@waytrade/microservice-core","msg":"HTTP patch /api/test/ -> 200 (1ms)"}
{"level":20,"time":1628381055688,"pid":5838,"hostname":"fv-az33-714","name":"@waytrade/microservice-core","msg":"HTTP Server on port 59757 stopped"}
{"level":20,"time":1628381055689,"pid":5838,"hostname":"fv-az33-714","name":"@waytrade/microservice-core","msg":"Starting HTTP Server on port 0"}
{"level":20,"time":1628381055689,"pid":5838,"hostname":"fv-az33-714","name":"@waytrade/microservice-core","msg":"HTTP Server listening on port 46857"}
{"level":20,"time":1628381055692,"pid":5838,"hostname":"fv-az33-714","name":"@waytrade/microservice-core","msg":"HTTP post /api/test/notImplemented -> 501 (0ms)"}
{"level":20,"time":1628381055694,"pid":5838,"hostname":"fv-az33-714","name":"@waytrade/microservice-core","msg":"HTTP Server on port 46857 stopped"}
{"level":20,"time":1628381055695,"pid":5838,"hostname":"fv-az33-714","name":"@waytrade/microservice-core","msg":"Starting HTTP Server on port 0"}
{"level":20,"time":1628381055695,"pid":5838,"hostname":"fv-az33-714","name":"@waytrade/microservice-core","msg":"HTTP Server listening on port 34171"}
{"level":20,"time":1628381055699,"pid":5838,"hostname":"fv-az33-714","name":"@waytrade/microservice-core","msg":"HTTP delete /api/test/ -> 200 (0ms)"}
{"level":20,"time":1628381055701,"pid":5838,"hostname":"fv-az33-714","name":"@waytrade/microservice-core","msg":"HTTP Server on port 34171 stopped"}
{"level":20,"time":1628381055702,"pid":5838,"hostname":"fv-az33-714","name":"@waytrade/microservice-core","msg":"Starting HTTP Server on port 0"}
{"level":20,"time":1628381055702,"pid":5838,"hostname":"fv-az33-714","name":"@waytrade/microservice-core","msg":"HTTP Server listening on port 49497"}
{"level":20,"time":1628381055705,"pid":5838,"hostname":"fv-az33-714","name":"@waytrade/microservice-core","msg":"HTTP post /api/test/notImplemented -> 501 (0ms)"}
{"level":20,"time":1628381055707,"pid":5838,"hostname":"fv-az33-714","name":"@waytrade/microservice-core","msg":"HTTP Server on port 49497 stopped"}
{"level":20,"time":1628381056057,"pid":5838,"hostname":"fv-az33-714","name":"@waytrade/microservice-core","msg":"Debug message"}
{"level":30,"time":1628381056060,"pid":5838,"hostname":"fv-az33-714","name":"@waytrade/microservice-core","msg":"Info message"}
{"level":40,"time":1628381056060,"pid":5838,"hostname":"fv-az33-714","name":"@waytrade/microservice-core","msg":"Warning message"}
{"level":50,"time":1628381056060,"pid":5838,"hostname":"fv-az33-714","name":"@waytrade/microservice-core","msg":"Error message"}
{"level":30,"time":1628381056062,"pid":5838,"hostname":"fv-az33-714","name":"@waytrade/microservice-core","msg":"Info message"}
{"level":40,"time":1628381056063,"pid":5838,"hostname":"fv-az33-714","name":"@waytrade/microservice-core","msg":"Warning message"}
{"level":50,"time":1628381056063,"pid":5838,"hostname":"fv-az33-714","name":"@waytrade/microservice-core","msg":"Error message"}
{"level":40,"time":1628381056065,"pid":5838,"hostname":"fv-az33-714","name":"@waytrade/microservice-core","msg":"Warning message"}
{"level":50,"time":1628381056066,"pid":5838,"hostname":"fv-az33-714","name":"@waytrade/microservice-core","msg":"Error message"}
{"level":50,"time":1628381056068,"pid":5838,"hostname":"fv-az33-714","name":"@waytrade/microservice-core","msg":"Error message"}
{"level":20,"time":1628381056080,"pid":5838,"hostname":"fv-az33-714","name":"@waytrade/microservice-core","msg":"Debug message"}
{"level":30,"time":1628381056081,"pid":5838,"hostname":"fv-az33-714","name":"@waytrade/microservice-core","msg":"Info message"}
{"level":40,"time":1628381056082,"pid":5838,"hostname":"fv-az33-714","name":"@waytrade/microservice-core","msg":"Warning message"}
{"level":50,"time":1628381056082,"pid":5838,"hostname":"fv-az33-714","name":"@waytrade/microservice-core","msg":"Error message"}
{"level":30,"time":1628381056365,"pid":5838,"hostname":"fv-az33-714","name":"@waytrade/microservice-core","msg":"Starting App..."}
{"level":20,"time":1628381056365,"pid":5838,"hostname":"fv-az33-714","name":"@waytrade/microservice-core","msg":"Starting HTTP Server on port 0"}
{"level":20,"time":1628381056365,"pid":5838,"hostname":"fv-az33-714","name":"@waytrade/microservice-core","msg":"HTTP Server listening on port 45043"}
{"level":30,"time":1628381056365,"pid":5838,"hostname":"fv-az33-714","name":"@waytrade/microservice-core","msg":"API Server started at port 45043"}
{"level":20,"time":1628381056366,"pid":5838,"hostname":"fv-az33-714","name":"@waytrade/microservice-core","msg":"HTTP Server on port 45043 stopped"}
{"level":30,"time":1628381056366,"pid":5838,"hostname":"fv-az33-714","name":"@waytrade/microservice-core","msg":"App stopped."}
{"level":30,"time":1628381056368,"pid":5838,"hostname":"fv-az33-714","name":"@waytrade/microservice-core","msg":"Starting App..."}
{"level":20,"time":1628381056377,"pid":5838,"hostname":"fv-az33-714","name":"@waytrade/microservice-core","msg":"Starting HTTP Server on port 0"}
{"level":20,"time":1628381056377,"pid":5838,"hostname":"fv-az33-714","name":"@waytrade/microservice-core","msg":"HTTP Server listening on port 58249"}
{"level":30,"time":1628381056377,"pid":5838,"hostname":"fv-az33-714","name":"@waytrade/microservice-core","msg":"API Server started at port 58249"}
{"level":20,"time":1628381056377,"pid":5838,"hostname":"fv-az33-714","name":"@waytrade/microservice-core","msg":"HTTP Server on port 58249 stopped"}
{"level":30,"time":1628381056377,"pid":5838,"hostname":"fv-az33-714","name":"@waytrade/microservice-core","msg":"App stopped."}
{"level":30,"time":1628381056379,"pid":5838,"hostname":"fv-az33-714","name":"@waytrade/microservice-core","msg":"Starting App..."}
{"level":20,"time":1628381056380,"pid":5838,"hostname":"fv-az33-714","name":"@waytrade/microservice-core","msg":"Starting HTTP Server on port 0"}
{"level":20,"time":1628381056380,"pid":5838,"hostname":"fv-az33-714","name":"@waytrade/microservice-core","msg":"HTTP Server listening on port 33385"}
{"level":30,"time":1628381056380,"pid":5838,"hostname":"fv-az33-714","name":"@waytrade/microservice-core","msg":"API Server started at port 33385"}
{"level":20,"time":1628381056380,"pid":5838,"hostname":"fv-az33-714","name":"@waytrade/microservice-core","msg":"HTTP Server on port 33385 stopped"}
{"level":30,"time":1628381056380,"pid":5838,"hostname":"fv-az33-714","name":"@waytrade/microservice-core","msg":"App stopped."}
{"level":30,"time":1628381056382,"pid":5838,"hostname":"fv-az33-714","name":"@waytrade/microservice-core","msg":"Starting App..."}
{"level":20,"time":1628381056382,"pid":5838,"hostname":"fv-az33-714","name":"@waytrade/microservice-core","msg":"Starting HTTP Server on port 0"}
{"level":20,"time":1628381056382,"pid":5838,"hostname":"fv-az33-714","name":"@waytrade/microservice-core","msg":"HTTP Server listening on port 59811"}
{"level":30,"time":1628381056383,"pid":5838,"hostname":"fv-az33-714","name":"@waytrade/microservice-core","msg":"API Server started at port 59811"}
{"level":20,"time":1628381056383,"pid":5838,"hostname":"fv-az33-714","name":"@waytrade/microservice-core","msg":"HTTP Server on port 59811 stopped"}
{"level":30,"time":1628381056383,"pid":5838,"hostname":"fv-az33-714","name":"@waytrade/microservice-core","msg":"App stopped."}
{"level":30,"time":1628381056385,"pid":5838,"hostname":"fv-az33-714","name":"@waytrade/microservice-core","msg":"Starting App..."}
{"level":20,"time":1628381056386,"pid":5838,"hostname":"fv-az33-714","name":"@waytrade/microservice-core","msg":"Starting HTTP Server on port 0"}
{"level":20,"time":1628381056386,"pid":5838,"hostname":"fv-az33-714","name":"@waytrade/microservice-core","msg":"HTTP Server listening on port 48269"}
{"level":30,"time":1628381056386,"pid":5838,"hostname":"fv-az33-714","name":"@waytrade/microservice-core","msg":"API Server started at port 48269"}
{"level":20,"time":1628381056386,"pid":5838,"hostname":"fv-az33-714","name":"@waytrade/microservice-core","msg":"HTTP Server on port 48269 stopped"}
{"level":30,"time":1628381056387,"pid":5838,"hostname":"fv-az33-714","name":"@waytrade/microservice-core","msg":"App stopped."}
{"level":30,"time":1628381056389,"pid":5838,"hostname":"fv-az33-714","name":"@waytrade/microservice-core","msg":"Starting App..."}
{"level":20,"time":1628381056389,"pid":5838,"hostname":"fv-az33-714","name":"@waytrade/microservice-core","msg":"Starting HTTP Server on port 0"}
{"level":20,"time":1628381056390,"pid":5838,"hostname":"fv-az33-714","name":"@waytrade/microservice-core","msg":"HTTP Server listening on port 52053"}
{"level":30,"time":1628381056390,"pid":5838,"hostname":"fv-az33-714","name":"@waytrade/microservice-core","msg":"API Server started at port 52053"}
{"level":20,"time":1628381056394,"pid":5838,"hostname":"fv-az33-714","name":"@waytrade/microservice-core","msg":"HTTP get /test/get/ -> 200 (0ms)"}
{"level":20,"time":1628381056396,"pid":5838,"hostname":"fv-az33-714","name":"@waytrade/microservice-core","msg":"HTTP Server on port 52053 stopped"}
{"level":30,"time":1628381056397,"pid":5838,"hostname":"fv-az33-714","name":"@waytrade/microservice-core","msg":"App stopped."}
{"level":30,"time":1628381056399,"pid":5838,"hostname":"fv-az33-714","name":"@waytrade/microservice-core","msg":"Starting App..."}
{"level":20,"time":1628381056399,"pid":5838,"hostname":"fv-az33-714","name":"@waytrade/microservice-core","msg":"Starting HTTP Server on port 0"}
{"level":20,"time":1628381056399,"pid":5838,"hostname":"fv-az33-714","name":"@waytrade/microservice-core","msg":"HTTP Server listening on port 57293"}
{"level":30,"time":1628381056399,"pid":5838,"hostname":"fv-az33-714","name":"@waytrade/microservice-core","msg":"API Server started at port 57293"}
{"level":20,"time":1628381056400,"pid":5838,"hostname":"fv-az33-714","name":"@waytrade/microservice-core","msg":"Debug message"}
{"level":30,"time":1628381056400,"pid":5838,"hostname":"fv-az33-714","name":"@waytrade/microservice-core","msg":"Info message"}
{"level":40,"time":1628381056400,"pid":5838,"hostname":"fv-az33-714","name":"@waytrade/microservice-core","msg":"Warning message"}
{"level":50,"time":1628381056400,"pid":5838,"hostname":"fv-az33-714","name":"@waytrade/microservice-core","msg":"Error message"}
{"level":20,"time":1628381056400,"pid":5838,"hostname":"fv-az33-714","name":"@waytrade/microservice-core","msg":"HTTP Server on port 57293 stopped"}
{"level":30,"time":1628381056400,"pid":5838,"hostname":"fv-az33-714","name":"@waytrade/microservice-core","msg":"App stopped."}
{"level":30,"time":1628381056702,"pid":5838,"hostname":"fv-az33-714","name":"@waytrade/microservice-core","msg":"Starting App..."}
{"level":20,"time":1628381056703,"pid":5838,"hostname":"fv-az33-714","name":"@waytrade/microservice-core","msg":"Starting HTTP Server on port 0"}
{"level":20,"time":1628381056703,"pid":5838,"hostname":"fv-az33-714","name":"@waytrade/microservice-core","msg":"HTTP Server listening on port 52253"}
{"level":20,"time":1628381056703,"pid":5838,"hostname":"fv-az33-714","name":"@waytrade/microservice-core","msg":"Starting HTTP Server on port 0"}
{"level":20,"time":1628381056703,"pid":5838,"hostname":"fv-az33-714","name":"@waytrade/microservice-core","msg":"HTTP Server listening on port 58729"}
{"level":30,"time":1628381056703,"pid":5838,"hostname":"fv-az33-714","name":"@waytrade/microservice-core","msg":"API Server started at port 52253"}
{"level":30,"time":1628381056704,"pid":5838,"hostname":"fv-az33-714","name":"@waytrade/microservice-core","msg":"Webhook Callback Server started at port 58729"}
{"level":20,"time":1628381056704,"pid":5838,"hostname":"fv-az33-714","name":"@waytrade/microservice-core","msg":"HTTP Server on port 52253 stopped"}
{"level":20,"time":1628381056704,"pid":5838,"hostname":"fv-az33-714","name":"@waytrade/microservice-core","msg":"HTTP Server on port 58729 stopped"}
{"level":30,"time":1628381056705,"pid":5838,"hostname":"fv-az33-714","name":"@waytrade/microservice-core","msg":"App stopped."}
{"level":30,"time":1628381056707,"pid":5838,"hostname":"fv-az33-714","name":"@waytrade/microservice-core","msg":"Starting App..."}
{"level":20,"time":1628381056707,"pid":5838,"hostname":"fv-az33-714","name":"@waytrade/microservice-core","msg":"Starting HTTP Server on port 0"}
{"level":20,"time":1628381056708,"pid":5838,"hostname":"fv-az33-714","name":"@waytrade/microservice-core","msg":"HTTP Server listening on port 47757"}
{"level":20,"time":1628381056708,"pid":5838,"hostname":"fv-az33-714","name":"@waytrade/microservice-core","msg":"Starting HTTP Server on port 0"}
{"level":20,"time":1628381056708,"pid":5838,"hostname":"fv-az33-714","name":"@waytrade/microservice-core","msg":"HTTP Server listening on port 60829"}
{"level":30,"time":1628381056708,"pid":5838,"hostname":"fv-az33-714","name":"@waytrade/microservice-core","msg":"API Server started at port 47757"}
{"level":30,"time":1628381056708,"pid":5838,"hostname":"fv-az33-714","name":"@waytrade/microservice-core","msg":"Webhook Callback Server started at port 60829"}
{"level":20,"time":1628381056709,"pid":5838,"hostname":"fv-az33-714","name":"@waytrade/microservice-core","msg":"HTTP Server on port 47757 stopped"}
{"level":20,"time":1628381056709,"pid":5838,"hostname":"fv-az33-714","name":"@waytrade/microservice-core","msg":"HTTP Server on port 60829 stopped"}
{"level":30,"time":1628381056709,"pid":5838,"hostname":"fv-az33-714","name":"@waytrade/microservice-core","msg":"App stopped."}
{"level":30,"time":1628381056711,"pid":5838,"hostname":"fv-az33-714","name":"@waytrade/microservice-core","msg":"Starting App..."}
{"level":20,"time":1628381056712,"pid":5838,"hostname":"fv-az33-714","name":"@waytrade/microservice-core","msg":"Starting HTTP Server on port 0"}
{"level":20,"time":1628381056712,"pid":5838,"hostname":"fv-az33-714","name":"@waytrade/microservice-core","msg":"HTTP Server listening on port 49927"}
{"level":20,"time":1628381056712,"pid":5838,"hostname":"fv-az33-714","name":"@waytrade/microservice-core","msg":"Starting HTTP Server on port 0"}
{"level":20,"time":1628381056712,"pid":5838,"hostname":"fv-az33-714","name":"@waytrade/microservice-core","msg":"HTTP Server listening on port 49117"}
{"level":20,"time":1628381056712,"pid":5838,"hostname":"fv-az33-714","name":"@waytrade/microservice-core","msg":"HTTP Server on port 49927 stopped"}
{"level":20,"time":1628381056712,"pid":5838,"hostname":"fv-az33-714","name":"@waytrade/microservice-core","msg":"HTTP Server on port 49117 stopped"}
{"level":30,"time":1628381056713,"pid":5838,"hostname":"fv-az33-714","name":"@waytrade/microservice-core","msg":"App stopped."}
{"level":30,"time":1628381056714,"pid":5838,"hostname":"fv-az33-714","name":"@waytrade/microservice-core","msg":"Starting App..."}
{"level":20,"time":1628381056715,"pid":5838,"hostname":"fv-az33-714","name":"@waytrade/microservice-core","msg":"Starting HTTP Server on port 0"}
{"level":20,"time":1628381056715,"pid":5838,"hostname":"fv-az33-714","name":"@waytrade/microservice-core","msg":"HTTP Server listening on port 60999"}
{"level":20,"time":1628381056715,"pid":5838,"hostname":"fv-az33-714","name":"@waytrade/microservice-core","msg":"Starting HTTP Server on port 0"}
{"level":20,"time":1628381056715,"pid":5838,"hostname":"fv-az33-714","name":"@waytrade/microservice-core","msg":"HTTP Server listening on port 33397"}
{"level":20,"time":1628381056715,"pid":5838,"hostname":"fv-az33-714","name":"@waytrade/microservice-core","msg":"HTTP Server on port 60999 stopped"}
{"level":20,"time":1628381056715,"pid":5838,"hostname":"fv-az33-714","name":"@waytrade/microservice-core","msg":"HTTP Server on port 33397 stopped"}
{"level":30,"time":1628381056716,"pid":5838,"hostname":"fv-az33-714","name":"@waytrade/microservice-core","msg":"App stopped."}
{"level":30,"time":1628381056717,"pid":5838,"hostname":"fv-az33-714","name":"@waytrade/microservice-core","msg":"Starting App..."}
{"level":20,"time":1628381056718,"pid":5838,"hostname":"fv-az33-714","name":"@waytrade/microservice-core","msg":"Starting HTTP Server on port 0"}
{"level":20,"time":1628381056718,"pid":5838,"hostname":"fv-az33-714","name":"@waytrade/microservice-core","msg":"HTTP Server listening on port 54413"}
{"level":20,"time":1628381056718,"pid":5838,"hostname":"fv-az33-714","name":"@waytrade/microservice-core","msg":"Starting HTTP Server on port 0"}
{"level":20,"time":1628381056718,"pid":5838,"hostname":"fv-az33-714","name":"@waytrade/microservice-core","msg":"HTTP Server listening on port 41577"}
{"level":20,"time":1628381056718,"pid":5838,"hostname":"fv-az33-714","name":"@waytrade/microservice-core","msg":"HTTP Server on port 54413 stopped"}
{"level":20,"time":1628381056718,"pid":5838,"hostname":"fv-az33-714","name":"@waytrade/microservice-core","msg":"HTTP Server on port 41577 stopped"}
{"level":30,"time":1628381056718,"pid":5838,"hostname":"fv-az33-714","name":"@waytrade/microservice-core","msg":"App stopped."}
{"level":30,"time":1628381056720,"pid":5838,"hostname":"fv-az33-714","name":"@waytrade/microservice-core","msg":"Starting App..."}
{"level":20,"time":1628381056721,"pid":5838,"hostname":"fv-az33-714","name":"@waytrade/microservice-core","msg":"Starting HTTP Server on port 0"}
{"level":20,"time":1628381056721,"pid":5838,"hostname":"fv-az33-714","name":"@waytrade/microservice-core","msg":"HTTP Server listening on port 56563"}
{"level":20,"time":1628381056721,"pid":5838,"hostname":"fv-az33-714","name":"@waytrade/microservice-core","msg":"Starting HTTP Server on port 0"}
{"level":20,"time":1628381056721,"pid":5838,"hostname":"fv-az33-714","name":"@waytrade/microservice-core","msg":"HTTP Server listening on port 59291"}
{"level":20,"time":1628381056721,"pid":5838,"hostname":"fv-az33-714","name":"@waytrade/microservice-core","msg":"HTTP Server on port 56563 stopped"}
{"level":20,"time":1628381056721,"pid":5838,"hostname":"fv-az33-714","name":"@waytrade/microservice-core","msg":"HTTP Server on port 59291 stopped"}
{"level":30,"time":1628381056721,"pid":5838,"hostname":"fv-az33-714","name":"@waytrade/microservice-core","msg":"App stopped."}
{"level":30,"time":1628381056993,"pid":5838,"hostname":"fv-az33-714","name":"@waytrade/microservice-core","msg":"Starting App..."}
{"level":20,"time":1628381056993,"pid":5838,"hostname":"fv-az33-714","name":"@waytrade/microservice-core","msg":"Starting HTTP Server on port 0"}
{"level":20,"time":1628381056994,"pid":5838,"hostname":"fv-az33-714","name":"@waytrade/microservice-core","msg":"HTTP Server listening on port 48499"}
{"level":30,"time":1628381056994,"pid":5838,"hostname":"fv-az33-714","name":"@waytrade/microservice-core","msg":"API Server started at port 48499"}
{"level":20,"time":1628381056995,"pid":5838,"hostname":"fv-az33-714","name":"@waytrade/microservice-core","msg":"HTTP Server on port 48499 stopped"}
{"level":30,"time":1628381056995,"pid":5838,"hostname":"fv-az33-714","name":"@waytrade/microservice-core","msg":"App stopped."}
{"level":30,"time":1628381056997,"pid":5838,"hostname":"fv-az33-714","name":"@waytrade/microservice-core","msg":"Starting App..."}
{"level":20,"time":1628381056998,"pid":5838,"hostname":"fv-az33-714","name":"@waytrade/microservice-core","msg":"Starting HTTP Server on port 0"}
{"level":20,"time":1628381056998,"pid":5838,"hostname":"fv-az33-714","name":"@waytrade/microservice-core","msg":"HTTP Server listening on port 51721"}
{"level":30,"time":1628381056998,"pid":5838,"hostname":"fv-az33-714","name":"@waytrade/microservice-core","msg":"API Server started at port 51721"}
{"level":20,"time":1628381056999,"pid":5838,"hostname":"fv-az33-714","name":"@waytrade/microservice-core","msg":"HTTP Server on port 51721 stopped"}
{"level":30,"time":1628381056999,"pid":5838,"hostname":"fv-az33-714","name":"@waytrade/microservice-core","msg":"App stopped."}
{"level":30,"time":1628381057001,"pid":5838,"hostname":"fv-az33-714","name":"@waytrade/microservice-core","msg":"Starting App..."}
{"level":20,"time":1628381057002,"pid":5838,"hostname":"fv-az33-714","name":"@waytrade/microservice-core","msg":"Starting HTTP Server on port 0"}
{"level":20,"time":1628381057002,"pid":5838,"hostname":"fv-az33-714","name":"@waytrade/microservice-core","msg":"HTTP Server listening on port 43689"}
{"level":20,"time":1628381057002,"pid":5838,"hostname":"fv-az33-714","name":"@waytrade/microservice-core","msg":"HTTP Server on port 43689 stopped"}
{"level":30,"time":1628381057002,"pid":5838,"hostname":"fv-az33-714","name":"@waytrade/microservice-core","msg":"App stopped."}
{"level":30,"time":1628381057004,"pid":5838,"hostname":"fv-az33-714","name":"@waytrade/microservice-core","msg":"Starting App..."}
{"level":20,"time":1628381057004,"pid":5838,"hostname":"fv-az33-714","name":"@waytrade/microservice-core","msg":"Starting HTTP Server on port 0"}
{"level":20,"time":1628381057005,"pid":5838,"hostname":"fv-az33-714","name":"@waytrade/microservice-core","msg":"HTTP Server listening on port 33171"}
{"level":20,"time":1628381057005,"pid":5838,"hostname":"fv-az33-714","name":"@waytrade/microservice-core","msg":"HTTP Server on port 33171 stopped"}
{"level":30,"time":1628381057005,"pid":5838,"hostname":"fv-az33-714","name":"@waytrade/microservice-core","msg":"App stopped."}
{"level":30,"time":1628381057007,"pid":5838,"hostname":"fv-az33-714","name":"@waytrade/microservice-core","msg":"Starting App..."}
{"level":20,"time":1628381057007,"pid":5838,"hostname":"fv-az33-714","name":"@waytrade/microservice-core","msg":"Starting HTTP Server on port 0"}
{"level":20,"time":1628381057007,"pid":5838,"hostname":"fv-az33-714","name":"@waytrade/microservice-core","msg":"HTTP Server listening on port 39441"}
{"level":20,"time":1628381057008,"pid":5838,"hostname":"fv-az33-714","name":"@waytrade/microservice-core","msg":"HTTP Server on port 39441 stopped"}
{"level":30,"time":1628381057008,"pid":5838,"hostname":"fv-az33-714","name":"@waytrade/microservice-core","msg":"App stopped."}
{"level":30,"time":1628381057009,"pid":5838,"hostname":"fv-az33-714","name":"@waytrade/microservice-core","msg":"Starting App..."}
{"level":20,"time":1628381057010,"pid":5838,"hostname":"fv-az33-714","name":"@waytrade/microservice-core","msg":"Starting HTTP Server on port 0"}
{"level":20,"time":1628381057010,"pid":5838,"hostname":"fv-az33-714","name":"@waytrade/microservice-core","msg":"HTTP Server listening on port 60311"}
{"level":20,"time":1628381057010,"pid":5838,"hostname":"fv-az33-714","name":"@waytrade/microservice-core","msg":"HTTP Server on port 60311 stopped"}
{"level":30,"time":1628381057010,"pid":5838,"hostname":"fv-az33-714","name":"@waytrade/microservice-core","msg":"App stopped."}
{"level":20,"time":1628381057321,"pid":5838,"hostname":"fv-az33-714","name":"@waytrade/microservice-core","msg":"Starting HTTP Server on port 0"}
{"level":20,"time":1628381057323,"pid":5838,"hostname":"fv-az33-714","name":"@waytrade/microservice-core","msg":"HTTP Server listening on port 46489"}
{"level":20,"time":1628381057346,"pid":5838,"hostname":"fv-az33-714","name":"@waytrade/microservice-core","msg":"HTTP Server on port 46489 stopped"}
{"level":20,"time":1628381057348,"pid":5838,"hostname":"fv-az33-714","name":"@waytrade/microservice-core","msg":"Starting HTTP Server on port 0"}
{"level":20,"time":1628381057348,"pid":5838,"hostname":"fv-az33-714","name":"@waytrade/microservice-core","msg":"HTTP Server listening on port 57167"}
{"level":50,"time":1628381057355,"pid":5838,"hostname":"fv-az33-714","name":"@waytrade/microservice-core","msg":"Binary data on websocket not supported."}
{"level":20,"time":1628381057357,"pid":5838,"hostname":"fv-az33-714","name":"@waytrade/microservice-core","msg":"HTTP Server on port 57167 stopped"}
{"level":20,"time":1628381057358,"pid":5838,"hostname":"fv-az33-714","name":"@waytrade/microservice-core","msg":"Starting HTTP Server on port 0"}
{"level":20,"time":1628381057359,"pid":5838,"hostname":"fv-az33-714","name":"@waytrade/microservice-core","msg":"HTTP Server listening on port 50685"}
{"level":20,"time":1628381057361,"pid":5838,"hostname":"fv-az33-714","name":"@waytrade/microservice-core","msg":"HTTP Server on port 50685 stopped"}
{"level":20,"time":1628381057361,"pid":5838,"hostname":"fv-az33-714","name":"@waytrade/microservice-core","msg":"HTTP Server on port -1 stopped"}
{"level":20,"time":1628381057363,"pid":5838,"hostname":"fv-az33-714","name":"@waytrade/microservice-core","msg":"Starting HTTP Server on port 0"}
{"level":20,"time":1628381057364,"pid":5838,"hostname":"fv-az33-714","name":"@waytrade/microservice-core","msg":"HTTP Server listening on port 49259"}
{"level":20,"time":1628381058375,"pid":5838,"hostname":"fv-az33-714","name":"@waytrade/microservice-core","msg":"HTTP Server on port 49259 stopped"}
{"level":20,"time":1628381058377,"pid":5838,"hostname":"fv-az33-714","name":"@waytrade/microservice-core","msg":"Starting HTTP Server on port 0"}
{"level":20,"time":1628381058377,"pid":5838,"hostname":"fv-az33-714","name":"@waytrade/microservice-core","msg":"HTTP Server listening on port 33029"}
{"level":20,"time":1628381058530,"pid":5838,"hostname":"fv-az33-714","name":"@waytrade/microservice-core","msg":"HTTP Server on port 33029 stopped"}
{"level":20,"time":1628381058531,"pid":5838,"hostname":"fv-az33-714","name":"@waytrade/microservice-core","msg":"Starting HTTP Server on port 0"}
{"level":20,"time":1628381058531,"pid":5838,"hostname":"fv-az33-714","name":"@waytrade/microservice-core","msg":"HTTP Server listening on port 55379"}
{"level":20,"time":1628381058815,"pid":5838,"hostname":"fv-az33-714","name":"@waytrade/microservice-core","msg":"HTTP Server on port 55379 stopped"}
{"level":30,"time":1628381059090,"pid":5838,"hostname":"fv-az33-714","name":"@waytrade/microservice-core","msg":"Starting App..."}
{"level":20,"time":1628381059090,"pid":5838,"hostname":"fv-az33-714","name":"@waytrade/microservice-core","msg":"Starting HTTP Server on port 0"}
{"level":20,"time":1628381059090,"pid":5838,"hostname":"fv-az33-714","name":"@waytrade/microservice-core","msg":"HTTP Server listening on port 45569"}
{"level":30,"time":1628381059091,"pid":5838,"hostname":"fv-az33-714","name":"@waytrade/microservice-core","msg":"API Server started at port 45569"}
{"level":20,"time":1628381059091,"pid":5838,"hostname":"fv-az33-714","name":"@waytrade/microservice-core","msg":"HTTP Server on port 45569 stopped"}
{"level":30,"time":1628381059092,"pid":5838,"hostname":"fv-az33-714","name":"@waytrade/microservice-core","msg":"App stopped."}
{"level":30,"time":1628381059094,"pid":5838,"hostname":"fv-az33-714","name":"@waytrade/microservice-core","msg":"Starting App..."}
{"level":20,"time":1628381059094,"pid":5838,"hostname":"fv-az33-714","name":"@waytrade/microservice-core","msg":"Starting HTTP Server on port 0"}
{"level":20,"time":1628381059095,"pid":5838,"hostname":"fv-az33-714","name":"@waytrade/microservice-core","msg":"HTTP Server listening on port 40691"}
{"level":30,"time":1628381059095,"pid":5838,"hostname":"fv-az33-714","name":"@waytrade/microservice-core","msg":"API Server started at port 40691"}
{"level":20,"time":1628381059095,"pid":5838,"hostname":"fv-az33-714","name":"@waytrade/microservice-core","msg":"HTTP Server on port 40691 stopped"}
{"level":30,"time":1628381059096,"pid":5838,"hostname":"fv-az33-714","name":"@waytrade/microservice-core","msg":"App stopped."}
{"level":30,"time":1628381059098,"pid":5838,"hostname":"fv-az33-714","name":"@waytrade/microservice-core","msg":"Starting App..."}
{"level":30,"time":1628381059098,"pid":5838,"hostname":"fv-az33-714","name":"@waytrade/microservice-core","msg":"App stopped."}
{"level":30,"time":1628381059100,"pid":5838,"hostname":"fv-az33-714","name":"@waytrade/microservice-core","msg":"Starting App..."}
{"level":30,"time":1628381059101,"pid":5838,"hostname":"fv-az33-714","name":"@waytrade/microservice-core","msg":"App stopped."}
{"level":30,"time":1628381059120,"pid":5838,"hostname":"fv-az33-714","name":"@waytrade/microservice-core","msg":"Starting App..."}
{"level":30,"time":1628381059121,"pid":5838,"hostname":"fv-az33-714","name":"@waytrade/microservice-core","msg":"App stopped."}
{"level":30,"time":1628381059123,"pid":5838,"hostname":"fv-az33-714","name":"@waytrade/microservice-core","msg":"Starting App..."}
{"level":30,"time":1628381059123,"pid":5838,"hostname":"fv-az33-714","name":"@waytrade/microservice-core","msg":"App stopped."}
{"level":20,"time":1628381059402,"pid":5838,"hostname":"fv-az33-714","name":"@waytrade/microservice-core","msg":"Starting HTTP Server on port 0"}
{"level":20,"time":1628381059403,"pid":5838,"hostname":"fv-az33-714","name":"@waytrade/microservice-core","msg":"HTTP Server listening on port 47949"}
{"level":20,"time":1628381059403,"pid":5838,"hostname":"fv-az33-714","name":"@waytrade/microservice-core","msg":"HTTP Server on port 47949 stopped"}
{"level":20,"time":1628381059405,"pid":5838,"hostname":"fv-az33-714","name":"@waytrade/microservice-core","msg":"Starting HTTP Server on port 3999"}
{"level":20,"time":1628381059405,"pid":5838,"hostname":"fv-az33-714","name":"@waytrade/microservice-core","msg":"HTTP Server listening on port 3999"}
{"level":20,"time":1628381059405,"pid":5838,"hostname":"fv-az33-714","name":"@waytrade/microservice-core","msg":"HTTP Server on port 3999 stopped"}
{"level":20,"time":1628381059406,"pid":5838,"hostname":"fv-az33-714","name":"@waytrade/microservice-core","msg":"Starting HTTP Server on port 0"}
{"level":20,"time":1628381059406,"pid":5838,"hostname":"fv-az33-714","name":"@waytrade/microservice-core","msg":"HTTP Server listening on port 37169"}
{"level":20,"time":1628381059411,"pid":5838,"hostname":"fv-az33-714","name":"@waytrade/microservice-core","msg":"/some/invalid/path not found."}
{"level":20,"time":1628381059413,"pid":5838,"hostname":"fv-az33-714","name":"@waytrade/microservice-core","msg":"HTTP Server on port 37169 stopped"}
{"level":20,"time":1628381059414,"pid":5838,"hostname":"fv-az33-714","name":"@waytrade/microservice-core","msg":"Starting HTTP Server on port 0"}
{"level":20,"time":1628381059415,"pid":5838,"hostname":"fv-az33-714","name":"@waytrade/microservice-core","msg":"HTTP Server listening on port 51657"}
{"level":20,"time":1628381059427,"pid":5838,"hostname":"fv-az33-714","name":"@waytrade/microservice-core","msg":"HTTP Server on port 51657 stopped"}
{"level":20,"time":1628381059428,"pid":5838,"hostname":"fv-az33-714","name":"@waytrade/microservice-core","msg":"Starting HTTP Server on port 0"}
{"level":20,"time":1628381059428,"pid":5838,"hostname":"fv-az33-714","name":"@waytrade/microservice-core","msg":"HTTP Server listening on port 55537"}
{"level":20,"time":1628381059433,"pid":5838,"hostname":"fv-az33-714","name":"@waytrade/microservice-core","msg":"HTTP Server on port 55537 stopped"}
{"level":20,"time":1628381059434,"pid":5838,"hostname":"fv-az33-714","name":"@waytrade/microservice-core","msg":"Starting HTTP Server on port 0"}
{"level":20,"time":1628381059434,"pid":5838,"hostname":"fv-az33-714","name":"@waytrade/microservice-core","msg":"HTTP Server listening on port 42583"}
{"level":20,"time":1628381059437,"pid":5838,"hostname":"fv-az33-714","name":"@waytrade/microservice-core","msg":"HTTP get /api/dummy/customResponseHeader -> 200 (0ms)"}
{"level":20,"time":1628381059440,"pid":5838,"hostname":"fv-az33-714","name":"@waytrade/microservice-core","msg":"HTTP Server on port 42583 stopped"}
{"level":30,"time":1628381059675,"pid":5838,"hostname":"fv-az33-714","name":"@waytrade/microservice-core","msg":"Starting App..."}
{"level":20,"time":1628381059676,"pid":5838,"hostname":"fv-az33-714","name":"@waytrade/microservice-core","msg":"Starting HTTP Server on port 0"}
{"level":20,"time":1628381059676,"pid":5838,"hostname":"fv-az33-714","name":"@waytrade/microservice-core","msg":"HTTP Server listening on port 43899"}
{"level":20,"time":1628381059676,"pid":5838,"hostname":"fv-az33-714","name":"@waytrade/microservice-core","msg":"Starting HTTP Server on port 0"}
{"level":20,"time":1628381059676,"pid":5838,"hostname":"fv-az33-714","name":"@waytrade/microservice-core","msg":"HTTP Server listening on port 34553"}
{"level":30,"time":1628381059676,"pid":5838,"hostname":"fv-az33-714","name":"@waytrade/microservice-core","msg":"API Server started at port 43899"}
{"level":30,"time":1628381059676,"pid":5838,"hostname":"fv-az33-714","name":"@waytrade/microservice-core","msg":"Webhook Callback Server started at port 34553"}
{"level":20,"time":1628381059687,"pid":5838,"hostname":"fv-az33-714","name":"@waytrade/microservice-core","msg":"HTTP get /api/ -> 200 (0ms)"}
{"level":20,"time":1628381059689,"pid":5838,"hostname":"fv-az33-714","name":"@waytrade/microservice-core","msg":"HTTP Server on port 43899 stopped"}
{"level":20,"time":1628381059689,"pid":5838,"hostname":"fv-az33-714","name":"@waytrade/microservice-core","msg":"HTTP Server on port 34553 stopped"}
{"level":30,"time":1628381059689,"pid":5838,"hostname":"fv-az33-714","name":"@waytrade/microservice-core","msg":"App stopped."}
{"level":30,"time":1628381059691,"pid":5838,"hostname":"fv-az33-714","name":"@waytrade/microservice-core","msg":"Starting App..."}
{"level":20,"time":1628381059692,"pid":5838,"hostname":"fv-az33-714","name":"@waytrade/microservice-core","msg":"Starting HTTP Server on port 0"}
{"level":20,"time":1628381059692,"pid":5838,"hostname":"fv-az33-714","name":"@waytrade/microservice-core","msg":"HTTP Server listening on port 41169"}
{"level":20,"time":1628381059692,"pid":5838,"hostname":"fv-az33-714","name":"@waytrade/microservice-core","msg":"Starting HTTP Server on port 0"}
{"level":20,"time":1628381059692,"pid":5838,"hostname":"fv-az33-714","name":"@waytrade/microservice-core","msg":"HTTP Server listening on port 38965"}
{"level":30,"time":1628381059692,"pid":5838,"hostname":"fv-az33-714","name":"@waytrade/microservice-core","msg":"API Server started at port 41169"}
{"level":30,"time":1628381059692,"pid":5838,"hostname":"fv-az33-714","name":"@waytrade/microservice-core","msg":"Webhook Callback Server started at port 38965"}
{"level":20,"time":1628381059695,"pid":5838,"hostname":"fv-az33-714","name":"@waytrade/microservice-core","msg":"HTTP get / -> 200 (0ms)"}
{"level":20,"time":1628381059697,"pid":5838,"hostname":"fv-az33-714","name":"@waytrade/microservice-core","msg":"HTTP Server on port 41169 stopped"}
{"level":20,"time":1628381059697,"pid":5838,"hostname":"fv-az33-714","name":"@waytrade/microservice-core","msg":"HTTP Server on port 38965 stopped"}
{"level":30,"time":1628381059697,"pid":5838,"hostname":"fv-az33-714","name":"@waytrade/microservice-core","msg":"App stopped."}
{"level":30,"time":1628381059699,"pid":5838,"hostname":"fv-az33-714","name":"@waytrade/microservice-core","msg":"Starting App..."}
{"level":20,"time":1628381059700,"pid":5838,"hostname":"fv-az33-714","name":"@waytrade/microservice-core","msg":"Starting HTTP Server on port 0"}
{"level":20,"time":1628381059700,"pid":5838,"hostname":"fv-az33-714","name":"@waytrade/microservice-core","msg":"HTTP Server listening on port 42797"}
{"level":20,"time":1628381059700,"pid":5838,"hostname":"fv-az33-714","name":"@waytrade/microservice-core","msg":"Starting HTTP Server on port 0"}
{"level":20,"time":1628381059700,"pid":5838,"hostname":"fv-az33-714","name":"@waytrade/microservice-core","msg":"HTTP Server listening on port 35867"}
{"level":30,"time":1628381059700,"pid":5838,"hostname":"fv-az33-714","name":"@waytrade/microservice-core","msg":"API Server started at port 42797"}
{"level":30,"time":1628381059700,"pid":5838,"hostname":"fv-az33-714","name":"@waytrade/microservice-core","msg":"Webhook Callback Server started at port 35867"}
{"level":20,"time":1628381059703,"pid":5838,"hostname":"fv-az33-714","name":"@waytrade/microservice-core","msg":"HTTP get /api/ -> 200 (0ms)"}
{"level":20,"time":1628381059705,"pid":5838,"hostname":"fv-az33-714","name":"@waytrade/microservice-core","msg":"HTTP Server on port 42797 stopped"}
{"level":20,"time":1628381059705,"pid":5838,"hostname":"fv-az33-714","name":"@waytrade/microservice-core","msg":"HTTP Server on port 35867 stopped"}
{"level":30,"time":1628381059705,"pid":5838,"hostname":"fv-az33-714","name":"@waytrade/microservice-core","msg":"App stopped."}
{"level":30,"time":1628381059707,"pid":5838,"hostname":"fv-az33-714","name":"@waytrade/microservice-core","msg":"Starting App..."}
{"level":20,"time":1628381059708,"pid":5838,"hostname":"fv-az33-714","name":"@waytrade/microservice-core","msg":"Starting HTTP Server on port 0"}
{"level":20,"time":1628381059708,"pid":5838,"hostname":"fv-az33-714","name":"@waytrade/microservice-core","msg":"HTTP Server listening on port 47257"}
{"level":20,"time":1628381059708,"pid":5838,"hostname":"fv-az33-714","name":"@waytrade/microservice-core","msg":"Starting HTTP Server on port 0"}
{"level":20,"time":1628381059708,"pid":5838,"hostname":"fv-az33-714","name":"@waytrade/microservice-core","msg":"HTTP Server listening on port 58567"}
{"level":30,"time":1628381059708,"pid":5838,"hostname":"fv-az33-714","name":"@waytrade/microservice-core","msg":"API Server started at port 47257"}
{"level":30,"time":1628381059708,"pid":5838,"hostname":"fv-az33-714","name":"@waytrade/microservice-core","msg":"Webhook Callback Server started at port 58567"}
{"level":20,"time":1628381059709,"pid":5838,"hostname":"fv-az33-714","name":"@waytrade/microservice-core","msg":"HTTP Server on port 47257 stopped"}
{"level":20,"time":1628381059709,"pid":5838,"hostname":"fv-az33-714","name":"@waytrade/microservice-core","msg":"HTTP Server on port 58567 stopped"}
{"level":30,"time":1628381059709,"pid":5838,"hostname":"fv-az33-714","name":"@waytrade/microservice-core","msg":"App stopped."}
{"level":30,"time":1628381059942,"pid":5838,"hostname":"fv-az33-714","name":"@waytrade/microservice-core","msg":"Starting App..."}
{"level":20,"time":1628381059942,"pid":5838,"hostname":"fv-az33-714","name":"@waytrade/microservice-core","msg":"Starting HTTP Server on port 0"}
{"level":20,"time":1628381059943,"pid":5838,"hostname":"fv-az33-714","name":"@waytrade/microservice-core","msg":"HTTP Server listening on port 55059"}
{"level":20,"time":1628381059943,"pid":5838,"hostname":"fv-az33-714","name":"@waytrade/microservice-core","msg":"Starting HTTP Server on port 0"}
{"level":20,"time":1628381059943,"pid":5838,"hostname":"fv-az33-714","name":"@waytrade/microservice-core","msg":"HTTP Server listening on port 42027"}
{"level":30,"time":1628381059943,"pid":5838,"hostname":"fv-az33-714","name":"@waytrade/microservice-core","msg":"API Server started at port 55059"}
{"level":30,"time":1628381059943,"pid":5838,"hostname":"fv-az33-714","name":"@waytrade/microservice-core","msg":"Webhook Callback Server started at port 42027"}
{"level":20,"time":1628381059944,"pid":5838,"hostname":"fv-az33-714","name":"@waytrade/microservice-core","msg":"HTTP Server on port 55059 stopped"}
{"level":20,"time":1628381059944,"pid":5838,"hostname":"fv-az33-714","name":"@waytrade/microservice-core","msg":"HTTP Server on port 42027 stopped"}
{"level":30,"time":1628381059944,"pid":5838,"hostname":"fv-az33-714","name":"@waytrade/microservice-core","msg":"App stopped."}
{"level":30,"time":1628381059946,"pid":5838,"hostname":"fv-az33-714","name":"@waytrade/microservice-core","msg":"Starting App..."}
{"level":20,"time":1628381059946,"pid":5838,"hostname":"fv-az33-714","name":"@waytrade/microservice-core","msg":"Starting HTTP Server on port 0"}
{"level":20,"time":1628381059946,"pid":5838,"hostname":"fv-az33-714","name":"@waytrade/microservice-core","msg":"HTTP Server listening on port 43051"}
{"level":20,"time":1628381059946,"pid":5838,"hostname":"fv-az33-714","name":"@waytrade/microservice-core","msg":"Starting HTTP Server on port 0"}
{"level":20,"time":1628381059946,"pid":5838,"hostname":"fv-az33-714","name":"@waytrade/microservice-core","msg":"HTTP Server listening on port 41551"}
{"level":30,"time":1628381059946,"pid":5838,"hostname":"fv-az33-714","name":"@waytrade/microservice-core","msg":"API Server started at port 43051"}
{"level":30,"time":1628381059947,"pid":5838,"hostname":"fv-az33-714","name":"@waytrade/microservice-core","msg":"Webhook Callback Server started at port 41551"}
{"level":20,"time":1628381059947,"pid":5838,"hostname":"fv-az33-714","name":"@waytrade/microservice-core","msg":"HTTP Server on port 43051 stopped"}
{"level":20,"time":1628381059947,"pid":5838,"hostname":"fv-az33-714","name":"@waytrade/microservice-core","msg":"HTTP Server on port 41551 stopped"}
{"level":30,"time":1628381059947,"pid":5838,"hostname":"fv-az33-714","name":"@waytrade/microservice-core","msg":"App stopped."}
{"level":30,"time":1628381059949,"pid":5838,"hostname":"fv-az33-714","name":"@waytrade/microservice-core","msg":"Starting App..."}
{"level":20,"time":1628381059949,"pid":5838,"hostname":"fv-az33-714","name":"@waytrade/microservice-core","msg":"Starting HTTP Server on port 0"}
{"level":20,"time":1628381059949,"pid":5838,"hostname":"fv-az33-714","name":"@waytrade/microservice-core","msg":"HTTP Server listening on port 34407"}
{"level":20,"time":1628381059950,"pid":5838,"hostname":"fv-az33-714","name":"@waytrade/microservice-core","msg":"Starting HTTP Server on port 0"}
{"level":20,"time":1628381059950,"pid":5838,"hostname":"fv-az33-714","name":"@waytrade/microservice-core","msg":"HTTP Server listening on port 45185"}
{"level":30,"time":1628381059950,"pid":5838,"hostname":"fv-az33-714","name":"@waytrade/microservice-core","msg":"API Server started at port 34407"}
{"level":30,"time":1628381059950,"pid":5838,"hostname":"fv-az33-714","name":"@waytrade/microservice-core","msg":"Webhook Callback Server started at port 45185"}
{"level":20,"time":1628381059950,"pid":5838,"hostname":"fv-az33-714","name":"@waytrade/microservice-core","msg":"HTTP Server on port 34407 stopped"}
{"level":20,"time":1628381059950,"pid":5838,"hostname":"fv-az33-714","name":"@waytrade/microservice-core","msg":"HTTP Server on port 45185 stopped"}
{"level":30,"time":1628381059950,"pid":5838,"hostname":"fv-az33-714","name":"@waytrade/microservice-core","msg":"App stopped."}
{"level":30,"time":1628381059952,"pid":5838,"hostname":"fv-az33-714","name":"@waytrade/microservice-core","msg":"Starting App..."}
{"level":20,"time":1628381059953,"pid":5838,"hostname":"fv-az33-714","name":"@waytrade/microservice-core","msg":"Starting HTTP Server on port 0"}
{"level":20,"time":1628381059953,"pid":5838,"hostname":"fv-az33-714","name":"@waytrade/microservice-core","msg":"HTTP Server listening on port 39195"}
{"level":20,"time":1628381059953,"pid":5838,"hostname":"fv-az33-714","name":"@waytrade/microservice-core","msg":"Starting HTTP Server on port 0"}
{"level":20,"time":1628381059953,"pid":5838,"hostname":"fv-az33-714","name":"@waytrade/microservice-core","msg":"HTTP Server listening on port 53913"}
{"level":30,"time":1628381059953,"pid":5838,"hostname":"fv-az33-714","name":"@waytrade/microservice-core","msg":"API Server started at port 39195"}
{"level":30,"time":1628381059953,"pid":5838,"hostname":"fv-az33-714","name":"@waytrade/microservice-core","msg":"Webhook Callback Server started at port 53913"}
{"level":20,"time":1628381059953,"pid":5838,"hostname":"fv-az33-714","name":"@waytrade/microservice-core","msg":"HTTP Server on port 39195 stopped"}
{"level":20,"time":1628381059953,"pid":5838,"hostname":"fv-az33-714","name":"@waytrade/microservice-core","msg":"HTTP Server on port 53913 stopped"}
{"level":30,"time":1628381059953,"pid":5838,"hostname":"fv-az33-714","name":"@waytrade/microservice-core","msg":"App stopped."}
{"level":30,"time":1628381060192,"pid":5838,"hostname":"fv-az33-714","name":"@waytrade/microservice-core","msg":"Starting App..."}
{"level":20,"time":1628381060193,"pid":5838,"hostname":"fv-az33-714","name":"@waytrade/microservice-core","msg":"Starting HTTP Server on port 0"}
{"level":20,"time":1628381060193,"pid":5838,"hostname":"fv-az33-714","name":"@waytrade/microservice-core","msg":"HTTP Server listening on port 36985"}
{"level":30,"time":1628381060193,"pid":5838,"hostname":"fv-az33-714","name":"@waytrade/microservice-core","msg":"API Server started at port 36985"}
{"level":20,"time":1628381060194,"pid":5838,"hostname":"fv-az33-714","name":"@waytrade/microservice-core","msg":"HTTP Server on port 36985 stopped"}
{"level":30,"time":1628381060194,"pid":5838,"hostname":"fv-az33-714","name":"@waytrade/microservice-core","msg":"App stopped."}
{"level":30,"time":1628381060196,"pid":5838,"hostname":"fv-az33-714","name":"@waytrade/microservice-core","msg":"Starting App..."}
{"level":20,"time":1628381060196,"pid":5838,"hostname":"fv-az33-714","name":"@waytrade/microservice-core","msg":"Starting HTTP Server on port 0"}
{"level":20,"time":1628381060197,"pid":5838,"hostname":"fv-az33-714","name":"@waytrade/microservice-core","msg":"HTTP Server listening on port 43411"}
{"level":30,"time":1628381060197,"pid":5838,"hostname":"fv-az33-714","name":"@waytrade/microservice-core","msg":"API Server started at port 43411"}
{"level":20,"time":1628381060197,"pid":5838,"hostname":"fv-az33-714","name":"@waytrade/microservice-core","msg":"HTTP Server on port 43411 stopped"}
{"level":30,"time":1628381060197,"pid":5838,"hostname":"fv-az33-714","name":"@waytrade/microservice-core","msg":"App stopped."}
{"level":30,"time":1628381060199,"pid":5838,"hostname":"fv-az33-714","name":"@waytrade/microservice-core","msg":"Starting App..."}
{"level":20,"time":1628381060199,"pid":5838,"hostname":"fv-az33-714","name":"@waytrade/microservice-core","msg":"Starting HTTP Server on port 0"}
{"level":20,"time":1628381060200,"pid":5838,"hostname":"fv-az33-714","name":"@waytrade/microservice-core","msg":"HTTP Server listening on port 37989"}
{"level":30,"time":1628381060200,"pid":5838,"hostname":"fv-az33-714","name":"@waytrade/microservice-core","msg":"API Server started at port 37989"}
{"level":20,"time":1628381060200,"pid":5838,"hostname":"fv-az33-714","name":"@waytrade/microservice-core","msg":"HTTP Server on port 37989 stopped"}
{"level":30,"time":1628381060200,"pid":5838,"hostname":"fv-az33-714","name":"@waytrade/microservice-core","msg":"App stopped."}
{"level":30,"time":1628381060202,"pid":5838,"hostname":"fv-az33-714","name":"@waytrade/microservice-core","msg":"Starting App..."}
{"level":20,"time":1628381060202,"pid":5838,"hostname":"fv-az33-714","name":"@waytrade/microservice-core","msg":"Starting HTTP Server on port 0"}
{"level":20,"time":1628381060203,"pid":5838,"hostname":"fv-az33-714","name":"@waytrade/microservice-core","msg":"HTTP Server listening on port 49373"}
{"level":30,"time":1628381060203,"pid":5838,"hostname":"fv-az33-714","name":"@waytrade/microservice-core","msg":"API Server started at port 49373"}
{"level":20,"time":1628381060203,"pid":5838,"hostname":"fv-az33-714","name":"@waytrade/microservice-core","msg":"HTTP Server on port 49373 stopped"}
{"level":30,"time":1628381060203,"pid":5838,"hostname":"fv-az33-714","name":"@waytrade/microservice-core","msg":"App stopped."}
{"level":30,"time":1628381060435,"pid":5838,"hostname":"fv-az33-714","name":"@waytrade/microservice-core","msg":"Starting App..."}
{"level":20,"time":1628381060436,"pid":5838,"hostname":"fv-az33-714","name":"@waytrade/microservice-core","msg":"Starting HTTP Server on port 0"}
{"level":20,"time":1628381060436,"pid":5838,"hostname":"fv-az33-714","name":"@waytrade/microservice-core","msg":"HTTP Server listening on port 56243"}
{"level":30,"time":1628381060436,"pid":5838,"hostname":"fv-az33-714","name":"@waytrade/microservice-core","msg":"API Server started at port 56243"}
{"level":20,"time":1628381060437,"pid":5838,"hostname":"fv-az33-714","name":"@waytrade/microservice-core","msg":"HTTP Server on port 56243 stopped"}
{"level":30,"time":1628381060437,"pid":5838,"hostname":"fv-az33-714","name":"@waytrade/microservice-core","msg":"App stopped."}
{"level":30,"time":1628381060439,"pid":5838,"hostname":"fv-az33-714","name":"@waytrade/microservice-core","msg":"Starting App..."}
{"level":20,"time":1628381060439,"pid":5838,"hostname":"fv-az33-714","name":"@waytrade/microservice-core","msg":"Starting HTTP Server on port 0"}
{"level":20,"time":1628381060439,"pid":5838,"hostname":"fv-az33-714","name":"@waytrade/microservice-core","msg":"HTTP Server listening on port 40349"}
{"level":30,"time":1628381060440,"pid":5838,"hostname":"fv-az33-714","name":"@waytrade/microservice-core","msg":"API Server started at port 40349"}
{"level":20,"time":1628381060440,"pid":5838,"hostname":"fv-az33-714","name":"@waytrade/microservice-core","msg":"HTTP Server on port 40349 stopped"}
{"level":30,"time":1628381060440,"pid":5838,"hostname":"fv-az33-714","name":"@waytrade/microservice-core","msg":"App stopped."}
{"level":30,"time":1628381060442,"pid":5838,"hostname":"fv-az33-714","name":"@waytrade/microservice-core","msg":"Starting App..."}
{"level":20,"time":1628381060442,"pid":5838,"hostname":"fv-az33-714","name":"@waytrade/microservice-core","msg":"Starting HTTP Server on port 0"}
{"level":20,"time":1628381060442,"pid":5838,"hostname":"fv-az33-714","name":"@waytrade/microservice-core","msg":"HTTP Server listening on port 36039"}
{"level":30,"time":1628381060442,"pid":5838,"hostname":"fv-az33-714","name":"@waytrade/microservice-core","msg":"API Server started at port 36039"}
{"level":20,"time":1628381060443,"pid":5838,"hostname":"fv-az33-714","name":"@waytrade/microservice-core","msg":"HTTP Server on port 36039 stopped"}
{"level":30,"time":1628381060443,"pid":5838,"hostname":"fv-az33-714","name":"@waytrade/microservice-core","msg":"App stopped."}
{"level":30,"time":1628381060451,"pid":5838,"hostname":"fv-az33-714","name":"@waytrade/microservice-core","msg":"Starting App..."}
{"level":20,"time":1628381060452,"pid":5838,"hostname":"fv-az33-714","name":"@waytrade/microservice-core","msg":"Starting HTTP Server on port 0"}
{"level":20,"time":1628381060452,"pid":5838,"hostname":"fv-az33-714","name":"@waytrade/microservice-core","msg":"HTTP Server listening on port 54241"}
{"level":30,"time":1628381060452,"pid":5838,"hostname":"fv-az33-714","name":"@waytrade/microservice-core","msg":"API Server started at port 54241"}
{"level":20,"time":1628381060452,"pid":5838,"hostname":"fv-az33-714","name":"@waytrade/microservice-core","msg":"HTTP Server on port 54241 stopped"}
{"level":30,"time":1628381060452,"pid":5838,"hostname":"fv-az33-714","name":"@waytrade/microservice-core","msg":"App stopped."}
{"level":30,"time":1628381060923,"pid":5838,"hostname":"fv-az33-714","name":"@waytrade/microservice-core","msg":"Starting App..."}
{"level":20,"time":1628381060923,"pid":5838,"hostname":"fv-az33-714","name":"@waytrade/microservice-core","msg":"Starting HTTP Server on port 0"}
{"level":20,"time":1628381060924,"pid":5838,"hostname":"fv-az33-714","name":"@waytrade/microservice-core","msg":"HTTP Server listening on port 50851"}
{"level":30,"time":1628381060924,"pid":5838,"hostname":"fv-az33-714","name":"@waytrade/microservice-core","msg":"API Server started at port 50851"}
{"level":20,"time":1628381060925,"pid":5838,"hostname":"fv-az33-714","name":"@waytrade/microservice-core","msg":"HTTP Server on port 50851 stopped"}
{"level":30,"time":1628381060925,"pid":5838,"hostname":"fv-az33-714","name":"@waytrade/microservice-core","msg":"App stopped."}
{"level":30,"time":1628381060927,"pid":5838,"hostname":"fv-az33-714","name":"@waytrade/microservice-core","msg":"Starting App..."}
{"level":20,"time":1628381060928,"pid":5838,"hostname":"fv-az33-714","name":"@waytrade/microservice-core","msg":"Starting HTTP Server on port 0"}
{"level":20,"time":1628381060928,"pid":5838,"hostname":"fv-az33-714","name":"@waytrade/microservice-core","msg":"HTTP Server listening on port 55981"}
{"level":20,"time":1628381060928,"pid":5838,"hostname":"fv-az33-714","name":"@waytrade/microservice-core","msg":"HTTP Server on port 55981 stopped"}
{"level":30,"time":1628381060928,"pid":5838,"hostname":"fv-az33-714","name":"@waytrade/microservice-core","msg":"App stopped."}
{"level":30,"time":1628381060930,"pid":5838,"hostname":"fv-az33-714","name":"@waytrade/microservice-core","msg":"Starting App..."}
{"level":20,"time":1628381060930,"pid":5838,"hostname":"fv-az33-714","name":"@waytrade/microservice-core","msg":"Starting HTTP Server on port 0"}
{"level":20,"time":1628381060931,"pid":5838,"hostname":"fv-az33-714","name":"@waytrade/microservice-core","msg":"HTTP Server listening on port 35681"}
{"level":20,"time":1628381060931,"pid":5838,"hostname":"fv-az33-714","name":"@waytrade/microservice-core","msg":"HTTP Server on port 35681 stopped"}
{"level":30,"time":1628381060931,"pid":5838,"hostname":"fv-az33-714","name":"@waytrade/microservice-core","msg":"App stopped."}
{"level":20,"time":1628381061157,"pid":5838,"hostname":"fv-az33-714","name":"@waytrade/microservice-core","msg":"Starting HTTP Server on port 0"}
{"level":20,"time":1628381061157,"pid":5838,"hostname":"fv-az33-714","name":"@waytrade/microservice-core","msg":"HTTP Server listening on port 44239"}
{"level":20,"time":1628381061161,"pid":5838,"hostname":"fv-az33-714","name":"@waytrade/microservice-core","msg":"HTTP get /api/dummy/ -> 200 (0ms)"}
{"level":20,"time":1628381061164,"pid":5838,"hostname":"fv-az33-714","name":"@waytrade/microservice-core","msg":"HTTP Server on port 44239 stopped"}
