{"level":20,"time":1626476608573,"pid":5783,"hostname":"fv-az77-843","name":"@waytrade/microservice-core","msg":"HTTP Server listening on port 39687"}
{"level":20,"time":1626476608609,"pid":5783,"hostname":"fv-az77-843","name":"@waytrade/microservice-core","msg":"HTTP get /openapi.json -> 200 (4ms)"}
{"level":20,"time":1626476608617,"pid":5783,"hostname":"fv-az77-843","name":"@waytrade/microservice-core","msg":"HTTP Server on port 39687 stopped"}
{"level":20,"time":1626476608627,"pid":5783,"hostname":"fv-az77-843","name":"@waytrade/microservice-core","msg":"HTTP Server listening on port 51927"}
{"level":20,"time":1626476608633,"pid":5783,"hostname":"fv-az77-843","name":"@waytrade/microservice-core","msg":"HTTP get /openapi.json -> 200 (1ms)"}
{"level":20,"time":1626476608663,"pid":5783,"hostname":"fv-az77-843","name":"@waytrade/microservice-core","msg":"HTTP Server on port 51927 stopped"}
{"level":20,"time":1626476608667,"pid":5783,"hostname":"fv-az77-843","name":"@waytrade/microservice-core","msg":"HTTP Server listening on port 55025"}
{"level":20,"time":1626476608671,"pid":5783,"hostname":"fv-az77-843","name":"@waytrade/microservice-core","msg":"HTTP Server listening on port 53773"}
{"level":20,"time":1626476608677,"pid":5783,"hostname":"fv-az77-843","name":"@waytrade/microservice-core","msg":"HTTP get /openapi.json -> 200 (1ms)"}
{"level":20,"time":1626476608678,"pid":5783,"hostname":"fv-az77-843","name":"@waytrade/microservice-core","msg":"HTTP get / -> 200 (1ms)"}
{"level":20,"time":1626476608686,"pid":5783,"hostname":"fv-az77-843","name":"@waytrade/microservice-core","msg":"HTTP Server on port 55025 stopped"}
{"level":20,"time":1626476608689,"pid":5783,"hostname":"fv-az77-843","name":"@waytrade/microservice-core","msg":"HTTP Server on port 53773 stopped"}
{"level":20,"time":1626476608691,"pid":5783,"hostname":"fv-az77-843","name":"@waytrade/microservice-core","msg":"HTTP Server listening on port 50031"}
{"level":20,"time":1626476608700,"pid":5783,"hostname":"fv-az77-843","name":"@waytrade/microservice-core","msg":"HTTP get /swagger-ui.css -> 200 (5ms)"}
{"level":20,"time":1626476608705,"pid":5783,"hostname":"fv-az77-843","name":"@waytrade/microservice-core","msg":"HTTP Server on port 50031 stopped"}
{"level":20,"time":1626476608707,"pid":5783,"hostname":"fv-az77-843","name":"@waytrade/microservice-core","msg":"HTTP Server listening on port 54595"}
{"level":20,"time":1626476608740,"pid":5783,"hostname":"fv-az77-843","name":"@waytrade/microservice-core","msg":"HTTP get /swagger-ui-bundle.js -> 200 (27ms)"}
{"level":20,"time":1626476608757,"pid":5783,"hostname":"fv-az77-843","name":"@waytrade/microservice-core","msg":"HTTP Server on port 54595 stopped"}
{"level":20,"time":1626476608759,"pid":5783,"hostname":"fv-az77-843","name":"@waytrade/microservice-core","msg":"HTTP Server listening on port 49331"}
{"level":20,"time":1626476608769,"pid":5783,"hostname":"fv-az77-843","name":"@waytrade/microservice-core","msg":"HTTP get /swagger-ui-standalone-preset.js -> 200 (7ms)"}
{"level":20,"time":1626476608776,"pid":5783,"hostname":"fv-az77-843","name":"@waytrade/microservice-core","msg":"HTTP Server on port 49331 stopped"}
{"level":30,"time":1626476609465,"pid":5783,"hostname":"fv-az77-843","name":"@waytrade/microservice-core","msg":"Starting App..."}
{"level":20,"time":1626476609466,"pid":5783,"hostname":"fv-az77-843","name":"@waytrade/microservice-core","msg":"HTTP Server listening on port 39221"}
{"level":20,"time":1626476609466,"pid":5783,"hostname":"fv-az77-843","name":"@waytrade/microservice-core","msg":"HTTP Server listening on port 33619"}
{"level":30,"time":1626476609466,"pid":5783,"hostname":"fv-az77-843","name":"@waytrade/microservice-core","msg":"REST API Server started at port 33619"}
{"level":30,"time":1626476609466,"pid":5783,"hostname":"fv-az77-843","name":"@waytrade/microservice-core","msg":"Webhook Callback Server started at port 39221"}
{"level":20,"time":1626476609485,"pid":5783,"hostname":"fv-az77-843","name":"@waytrade/microservice-core","msg":"HTTP post /subscribe -> 400 (1ms)"}
{"level":20,"time":1626476609488,"pid":5783,"hostname":"fv-az77-843","name":"@waytrade/microservice-core","msg":"HTTP Server on port 33619 stopped"}
{"level":20,"time":1626476609488,"pid":5783,"hostname":"fv-az77-843","name":"@waytrade/microservice-core","msg":"HTTP Server on port 39221 stopped"}
{"level":30,"time":1626476609488,"pid":5783,"hostname":"fv-az77-843","name":"@waytrade/microservice-core","msg":"App stopped."}
{"level":30,"time":1626476609493,"pid":5783,"hostname":"fv-az77-843","name":"@waytrade/microservice-core","msg":"Starting App..."}
{"level":20,"time":1626476609494,"pid":5783,"hostname":"fv-az77-843","name":"@waytrade/microservice-core","msg":"HTTP Server listening on port 33561"}
{"level":20,"time":1626476609494,"pid":5783,"hostname":"fv-az77-843","name":"@waytrade/microservice-core","msg":"HTTP Server listening on port 34647"}
{"level":30,"time":1626476609494,"pid":5783,"hostname":"fv-az77-843","name":"@waytrade/microservice-core","msg":"REST API Server started at port 34647"}
{"level":30,"time":1626476609494,"pid":5783,"hostname":"fv-az77-843","name":"@waytrade/microservice-core","msg":"Webhook Callback Server started at port 33561"}
{"level":20,"time":1626476609501,"pid":5783,"hostname":"fv-az77-843","name":"@waytrade/microservice-core","msg":"HTTP post /subscribe -> 201 (2ms)"}
{"level":20,"time":1626476609508,"pid":5783,"hostname":"fv-az77-843","name":"@waytrade/microservice-core","msg":"HTTP post /subscribe -> 204 (0ms)"}
{"level":20,"time":1626476609511,"pid":5783,"hostname":"fv-az77-843","name":"@waytrade/microservice-core","msg":"HTTP Server on port 34647 stopped"}
{"level":20,"time":1626476609511,"pid":5783,"hostname":"fv-az77-843","name":"@waytrade/microservice-core","msg":"HTTP Server on port 33561 stopped"}
{"level":30,"time":1626476609511,"pid":5783,"hostname":"fv-az77-843","name":"@waytrade/microservice-core","msg":"App stopped."}
{"level":30,"time":1626476609514,"pid":5783,"hostname":"fv-az77-843","name":"@waytrade/microservice-core","msg":"Starting App..."}
{"level":20,"time":1626476609515,"pid":5783,"hostname":"fv-az77-843","name":"@waytrade/microservice-core","msg":"HTTP Server listening on port 50285"}
{"level":20,"time":1626476609516,"pid":5783,"hostname":"fv-az77-843","name":"@waytrade/microservice-core","msg":"HTTP Server listening on port 42155"}
{"level":30,"time":1626476609516,"pid":5783,"hostname":"fv-az77-843","name":"@waytrade/microservice-core","msg":"REST API Server started at port 42155"}
{"level":30,"time":1626476609516,"pid":5783,"hostname":"fv-az77-843","name":"@waytrade/microservice-core","msg":"Webhook Callback Server started at port 50285"}
{"level":20,"time":1626476609521,"pid":5783,"hostname":"fv-az77-843","name":"@waytrade/microservice-core","msg":"HTTP post /subscribe -> 201 (0ms)"}
{"level":20,"time":1626476609534,"pid":5783,"hostname":"fv-az77-843","name":"@waytrade/microservice-core","msg":"HTTP post /subscribe -> 201 (0ms)"}
{"level":20,"time":1626476609537,"pid":5783,"hostname":"fv-az77-843","name":"@waytrade/microservice-core","msg":"HTTP Server on port 42155 stopped"}
{"level":20,"time":1626476609537,"pid":5783,"hostname":"fv-az77-843","name":"@waytrade/microservice-core","msg":"HTTP Server on port 50285 stopped"}
{"level":30,"time":1626476609538,"pid":5783,"hostname":"fv-az77-843","name":"@waytrade/microservice-core","msg":"App stopped."}
{"level":30,"time":1626476609541,"pid":5783,"hostname":"fv-az77-843","name":"@waytrade/microservice-core","msg":"Starting App..."}
{"level":20,"time":1626476609542,"pid":5783,"hostname":"fv-az77-843","name":"@waytrade/microservice-core","msg":"HTTP Server listening on port 33621"}
{"level":20,"time":1626476609542,"pid":5783,"hostname":"fv-az77-843","name":"@waytrade/microservice-core","msg":"HTTP Server listening on port 34561"}
{"level":30,"time":1626476609542,"pid":5783,"hostname":"fv-az77-843","name":"@waytrade/microservice-core","msg":"REST API Server started at port 34561"}
{"level":30,"time":1626476609542,"pid":5783,"hostname":"fv-az77-843","name":"@waytrade/microservice-core","msg":"Webhook Callback Server started at port 33621"}
{"level":20,"time":1626476609547,"pid":5783,"hostname":"fv-az77-843","name":"@waytrade/microservice-core","msg":"HTTP post /subscribe -> 201 (0ms)"}
{"level":20,"time":1626476609555,"pid":5783,"hostname":"fv-az77-843","name":"@waytrade/microservice-core","msg":"HTTP post /unsubscribe -> 200 (0ms)"}
{"level":20,"time":1626476609558,"pid":5783,"hostname":"fv-az77-843","name":"@waytrade/microservice-core","msg":"HTTP Server on port 34561 stopped"}
{"level":20,"time":1626476609558,"pid":5783,"hostname":"fv-az77-843","name":"@waytrade/microservice-core","msg":"HTTP Server on port 33621 stopped"}
{"level":30,"time":1626476609558,"pid":5783,"hostname":"fv-az77-843","name":"@waytrade/microservice-core","msg":"App stopped."}
{"level":30,"time":1626476609561,"pid":5783,"hostname":"fv-az77-843","name":"@waytrade/microservice-core","msg":"Starting App..."}
{"level":20,"time":1626476609562,"pid":5783,"hostname":"fv-az77-843","name":"@waytrade/microservice-core","msg":"HTTP Server listening on port 52549"}
{"level":20,"time":1626476609562,"pid":5783,"hostname":"fv-az77-843","name":"@waytrade/microservice-core","msg":"HTTP Server listening on port 36913"}
{"level":30,"time":1626476609562,"pid":5783,"hostname":"fv-az77-843","name":"@waytrade/microservice-core","msg":"REST API Server started at port 36913"}
{"level":30,"time":1626476609562,"pid":5783,"hostname":"fv-az77-843","name":"@waytrade/microservice-core","msg":"Webhook Callback Server started at port 52549"}
{"level":20,"time":1626476609567,"pid":5783,"hostname":"fv-az77-843","name":"@waytrade/microservice-core","msg":"HTTP post /unsubscribe -> 400 (1ms)"}
{"level":20,"time":1626476609569,"pid":5783,"hostname":"fv-az77-843","name":"@waytrade/microservice-core","msg":"HTTP Server on port 36913 stopped"}
{"level":20,"time":1626476609570,"pid":5783,"hostname":"fv-az77-843","name":"@waytrade/microservice-core","msg":"HTTP Server on port 52549 stopped"}
{"level":30,"time":1626476609570,"pid":5783,"hostname":"fv-az77-843","name":"@waytrade/microservice-core","msg":"App stopped."}
{"level":30,"time":1626476609572,"pid":5783,"hostname":"fv-az77-843","name":"@waytrade/microservice-core","msg":"Starting App..."}
{"level":20,"time":1626476609573,"pid":5783,"hostname":"fv-az77-843","name":"@waytrade/microservice-core","msg":"HTTP Server listening on port 55485"}
{"level":20,"time":1626476609574,"pid":5783,"hostname":"fv-az77-843","name":"@waytrade/microservice-core","msg":"HTTP Server listening on port 49967"}
{"level":30,"time":1626476609574,"pid":5783,"hostname":"fv-az77-843","name":"@waytrade/microservice-core","msg":"REST API Server started at port 49967"}
{"level":30,"time":1626476609574,"pid":5783,"hostname":"fv-az77-843","name":"@waytrade/microservice-core","msg":"Webhook Callback Server started at port 55485"}
{"level":20,"time":1626476609578,"pid":5783,"hostname":"fv-az77-843","name":"@waytrade/microservice-core","msg":"HTTP post /unsubscribe -> 404 (0ms)"}
{"level":20,"time":1626476609581,"pid":5783,"hostname":"fv-az77-843","name":"@waytrade/microservice-core","msg":"HTTP Server on port 49967 stopped"}
{"level":20,"time":1626476609581,"pid":5783,"hostname":"fv-az77-843","name":"@waytrade/microservice-core","msg":"HTTP Server on port 55485 stopped"}
{"level":30,"time":1626476609581,"pid":5783,"hostname":"fv-az77-843","name":"@waytrade/microservice-core","msg":"App stopped."}
{"level":30,"time":1626476609584,"pid":5783,"hostname":"fv-az77-843","name":"@waytrade/microservice-core","msg":"Starting App..."}
{"level":20,"time":1626476609585,"pid":5783,"hostname":"fv-az77-843","name":"@waytrade/microservice-core","msg":"HTTP Server listening on port 59543"}
{"level":20,"time":1626476609585,"pid":5783,"hostname":"fv-az77-843","name":"@waytrade/microservice-core","msg":"HTTP Server listening on port 59699"}
{"level":30,"time":1626476609585,"pid":5783,"hostname":"fv-az77-843","name":"@waytrade/microservice-core","msg":"REST API Server started at port 59699"}
{"level":30,"time":1626476609585,"pid":5783,"hostname":"fv-az77-843","name":"@waytrade/microservice-core","msg":"Webhook Callback Server started at port 59543"}
{"level":20,"time":1626476609590,"pid":5783,"hostname":"fv-az77-843","name":"@waytrade/microservice-core","msg":"HTTP post /subscribe -> 201 (0ms)"}
{"level":20,"time":1626476609607,"pid":5783,"hostname":"fv-az77-843","name":"@waytrade/microservice-core","msg":"HTTP Server on port 59699 stopped"}
{"level":20,"time":1626476609607,"pid":5783,"hostname":"fv-az77-843","name":"@waytrade/microservice-core","msg":"HTTP Server on port 59543 stopped"}
{"level":30,"time":1626476609607,"pid":5783,"hostname":"fv-az77-843","name":"@waytrade/microservice-core","msg":"App stopped."}
{"level":20,"time":1626476609607,"pid":5783,"hostname":"fv-az77-843","name":"@waytrade/microservice-core","msg":"HTTP post /callback -> 200 (0ms)"}
{"level":30,"time":1626476609610,"pid":5783,"hostname":"fv-az77-843","name":"@waytrade/microservice-core","msg":"Starting App..."}
{"level":20,"time":1626476609611,"pid":5783,"hostname":"fv-az77-843","name":"@waytrade/microservice-core","msg":"HTTP Server listening on port 35603"}
{"level":20,"time":1626476609611,"pid":5783,"hostname":"fv-az77-843","name":"@waytrade/microservice-core","msg":"HTTP Server listening on port 51839"}
{"level":30,"time":1626476609611,"pid":5783,"hostname":"fv-az77-843","name":"@waytrade/microservice-core","msg":"REST API Server started at port 51839"}
{"level":30,"time":1626476609611,"pid":5783,"hostname":"fv-az77-843","name":"@waytrade/microservice-core","msg":"Webhook Callback Server started at port 35603"}
{"level":20,"time":1626476609618,"pid":5783,"hostname":"fv-az77-843","name":"@waytrade/microservice-core","msg":"HTTP post /subscribe -> 201 (0ms)"}
{"level":20,"time":1626476609628,"pid":5783,"hostname":"fv-az77-843","name":"@waytrade/microservice-core","msg":"HTTP Server on port 51839 stopped"}
{"level":20,"time":1626476609629,"pid":5783,"hostname":"fv-az77-843","name":"@waytrade/microservice-core","msg":"HTTP Server on port 35603 stopped"}
{"level":30,"time":1626476609629,"pid":5783,"hostname":"fv-az77-843","name":"@waytrade/microservice-core","msg":"App stopped."}
{"level":20,"time":1626476609629,"pid":5783,"hostname":"fv-az77-843","name":"@waytrade/microservice-core","msg":"HTTP post /callback -> 200 (1ms)"}
{"level":30,"time":1626476609632,"pid":5783,"hostname":"fv-az77-843","name":"@waytrade/microservice-core","msg":"Starting App..."}
{"level":20,"time":1626476609633,"pid":5783,"hostname":"fv-az77-843","name":"@waytrade/microservice-core","msg":"HTTP Server listening on port 59243"}
{"level":20,"time":1626476609633,"pid":5783,"hostname":"fv-az77-843","name":"@waytrade/microservice-core","msg":"HTTP Server listening on port 46421"}
{"level":30,"time":1626476609633,"pid":5783,"hostname":"fv-az77-843","name":"@waytrade/microservice-core","msg":"REST API Server started at port 46421"}
{"level":30,"time":1626476609633,"pid":5783,"hostname":"fv-az77-843","name":"@waytrade/microservice-core","msg":"Webhook Callback Server started at port 59243"}
{"level":20,"time":1626476609640,"pid":5783,"hostname":"fv-az77-843","name":"@waytrade/microservice-core","msg":"HTTP post /subscribe -> 201 (0ms)"}
{"level":20,"time":1626476609652,"pid":5783,"hostname":"fv-az77-843","name":"@waytrade/microservice-core","msg":"HTTP post /callback -> 418 (2ms)"}
{"level":20,"time":1626476609657,"pid":5783,"hostname":"fv-az77-843","name":"@waytrade/microservice-core","msg":"HTTP post /subscribe -> 201 (0ms)"}
{"level":20,"time":1626476609660,"pid":5783,"hostname":"fv-az77-843","name":"@waytrade/microservice-core","msg":"HTTP Server on port 46421 stopped"}
{"level":20,"time":1626476609660,"pid":5783,"hostname":"fv-az77-843","name":"@waytrade/microservice-core","msg":"HTTP Server on port 59243 stopped"}
{"level":30,"time":1626476609660,"pid":5783,"hostname":"fv-az77-843","name":"@waytrade/microservice-core","msg":"App stopped."}
{"level":30,"time":1626476609663,"pid":5783,"hostname":"fv-az77-843","name":"@waytrade/microservice-core","msg":"Starting App..."}
{"level":20,"time":1626476609664,"pid":5783,"hostname":"fv-az77-843","name":"@waytrade/microservice-core","msg":"HTTP Server listening on port 35867"}
{"level":20,"time":1626476609664,"pid":5783,"hostname":"fv-az77-843","name":"@waytrade/microservice-core","msg":"HTTP Server listening on port 51365"}
{"level":30,"time":1626476609664,"pid":5783,"hostname":"fv-az77-843","name":"@waytrade/microservice-core","msg":"REST API Server started at port 51365"}
{"level":30,"time":1626476609664,"pid":5783,"hostname":"fv-az77-843","name":"@waytrade/microservice-core","msg":"Webhook Callback Server started at port 35867"}
{"level":20,"time":1626476609671,"pid":5783,"hostname":"fv-az77-843","name":"@waytrade/microservice-core","msg":"HTTP post /subscribe -> 201 (0ms)"}
{"level":20,"time":1626476609679,"pid":5783,"hostname":"fv-az77-843","name":"@waytrade/microservice-core","msg":"HTTP post /subscribe -> 201 (1ms)"}
{"level":20,"time":1626476609682,"pid":5783,"hostname":"fv-az77-843","name":"@waytrade/microservice-core","msg":"HTTP Server on port 51365 stopped"}
{"level":20,"time":1626476609682,"pid":5783,"hostname":"fv-az77-843","name":"@waytrade/microservice-core","msg":"HTTP Server on port 35867 stopped"}
{"level":30,"time":1626476609682,"pid":5783,"hostname":"fv-az77-843","name":"@waytrade/microservice-core","msg":"App stopped."}
{"level":20,"time":1626476610234,"pid":5783,"hostname":"fv-az77-843","name":"@waytrade/microservice-core","msg":"HTTP Server listening on port 43877"}
{"level":20,"time":1626476610243,"pid":5783,"hostname":"fv-az77-843","name":"@waytrade/microservice-core","msg":"HTTP get /api/test/ -> 200 (0ms)"}
{"level":20,"time":1626476610249,"pid":5783,"hostname":"fv-az77-843","name":"@waytrade/microservice-core","msg":"HTTP Server on port 43877 stopped"}
{"level":20,"time":1626476610253,"pid":5783,"hostname":"fv-az77-843","name":"@waytrade/microservice-core","msg":"HTTP Server listening on port 36665"}
{"level":20,"time":1626476610263,"pid":5783,"hostname":"fv-az77-843","name":"@waytrade/microservice-core","msg":"HTTP get /api/test/error -> 418 (0ms)"}
{"level":20,"time":1626476610269,"pid":5783,"hostname":"fv-az77-843","name":"@waytrade/microservice-core","msg":"HTTP Server on port 36665 stopped"}
{"level":20,"time":1626476610272,"pid":5783,"hostname":"fv-az77-843","name":"@waytrade/microservice-core","msg":"HTTP Server listening on port 59275"}
{"level":20,"time":1626476610377,"pid":5783,"hostname":"fv-az77-843","name":"@waytrade/microservice-core","msg":"HTTP get /api/test/serverError -> 500 (98ms)"}
{"level":20,"time":1626476610433,"pid":5783,"hostname":"fv-az77-843","name":"@waytrade/microservice-core","msg":"HTTP Server on port 59275 stopped"}
{"level":20,"time":1626476610435,"pid":5783,"hostname":"fv-az77-843","name":"@waytrade/microservice-core","msg":"HTTP Server listening on port 50747"}
{"level":20,"time":1626476610450,"pid":5783,"hostname":"fv-az77-843","name":"@waytrade/microservice-core","msg":"HTTP put /api/test/ -> 200 (1ms)"}
{"level":20,"time":1626476610453,"pid":5783,"hostname":"fv-az77-843","name":"@waytrade/microservice-core","msg":"HTTP Server on port 50747 stopped"}
{"level":20,"time":1626476610455,"pid":5783,"hostname":"fv-az77-843","name":"@waytrade/microservice-core","msg":"HTTP Server listening on port 41241"}
{"level":20,"time":1626476610460,"pid":5783,"hostname":"fv-az77-843","name":"@waytrade/microservice-core","msg":"HTTP put /api/test/error -> 418 (1ms)"}
{"level":20,"time":1626476610463,"pid":5783,"hostname":"fv-az77-843","name":"@waytrade/microservice-core","msg":"HTTP Server on port 41241 stopped"}
{"level":20,"time":1626476610465,"pid":5783,"hostname":"fv-az77-843","name":"@waytrade/microservice-core","msg":"HTTP Server listening on port 39159"}
{"level":20,"time":1626476610470,"pid":5783,"hostname":"fv-az77-843","name":"@waytrade/microservice-core","msg":"HTTP post /api/test/ -> 200 (1ms)"}
{"level":20,"time":1626476610473,"pid":5783,"hostname":"fv-az77-843","name":"@waytrade/microservice-core","msg":"HTTP Server on port 39159 stopped"}
{"level":20,"time":1626476610475,"pid":5783,"hostname":"fv-az77-843","name":"@waytrade/microservice-core","msg":"HTTP Server listening on port 47393"}
{"level":20,"time":1626476610479,"pid":5783,"hostname":"fv-az77-843","name":"@waytrade/microservice-core","msg":"HTTP post /api/test/error -> 418 (0ms)"}
{"level":20,"time":1626476610482,"pid":5783,"hostname":"fv-az77-843","name":"@waytrade/microservice-core","msg":"HTTP Server on port 47393 stopped"}
{"level":20,"time":1626476610484,"pid":5783,"hostname":"fv-az77-843","name":"@waytrade/microservice-core","msg":"HTTP Server listening on port 43549"}
{"level":20,"time":1626476610489,"pid":5783,"hostname":"fv-az77-843","name":"@waytrade/microservice-core","msg":"HTTP patch /api/test/ -> 200 (1ms)"}
{"level":20,"time":1626476610492,"pid":5783,"hostname":"fv-az77-843","name":"@waytrade/microservice-core","msg":"HTTP Server on port 43549 stopped"}
{"level":20,"time":1626476610494,"pid":5783,"hostname":"fv-az77-843","name":"@waytrade/microservice-core","msg":"HTTP Server listening on port 55833"}
{"level":20,"time":1626476610499,"pid":5783,"hostname":"fv-az77-843","name":"@waytrade/microservice-core","msg":"HTTP patch /api/test/error -> 418 (0ms)"}
{"level":20,"time":1626476610503,"pid":5783,"hostname":"fv-az77-843","name":"@waytrade/microservice-core","msg":"HTTP Server on port 55833 stopped"}
{"level":20,"time":1626476610505,"pid":5783,"hostname":"fv-az77-843","name":"@waytrade/microservice-core","msg":"HTTP Server listening on port 53611"}
{"level":20,"time":1626476610509,"pid":5783,"hostname":"fv-az77-843","name":"@waytrade/microservice-core","msg":"HTTP delete /api/test/ -> 200 (0ms)"}
{"level":20,"time":1626476610513,"pid":5783,"hostname":"fv-az77-843","name":"@waytrade/microservice-core","msg":"HTTP Server on port 53611 stopped"}
{"level":20,"time":1626476610515,"pid":5783,"hostname":"fv-az77-843","name":"@waytrade/microservice-core","msg":"HTTP Server listening on port 51639"}
{"level":20,"time":1626476610519,"pid":5783,"hostname":"fv-az77-843","name":"@waytrade/microservice-core","msg":"HTTP delete /api/test/error -> 418 (1ms)"}
{"level":20,"time":1626476610522,"pid":5783,"hostname":"fv-az77-843","name":"@waytrade/microservice-core","msg":"HTTP Server on port 51639 stopped"}
{"level":20,"time":1626476611147,"pid":5783,"hostname":"fv-az77-843","name":"@waytrade/microservice-core","msg":"HTTP Server listening on port 58897"}
{"level":20,"time":1626476611154,"pid":5783,"hostname":"fv-az77-843","name":"@waytrade/microservice-core","msg":"HTTP get /api/test/ -> 200 (0ms)"}
{"level":20,"time":1626476611157,"pid":5783,"hostname":"fv-az77-843","name":"@waytrade/microservice-core","msg":"HTTP Server on port 58897 stopped"}
{"level":20,"time":1626476611159,"pid":5783,"hostname":"fv-az77-843","name":"@waytrade/microservice-core","msg":"HTTP Server listening on port 41781"}
{"level":20,"time":1626476611163,"pid":5783,"hostname":"fv-az77-843","name":"@waytrade/microservice-core","msg":"HTTP get /api/test/notImplemented -> 501 (0ms)"}
{"level":20,"time":1626476611166,"pid":5783,"hostname":"fv-az77-843","name":"@waytrade/microservice-core","msg":"HTTP Server on port 41781 stopped"}
{"level":20,"time":1626476611168,"pid":5783,"hostname":"fv-az77-843","name":"@waytrade/microservice-core","msg":"HTTP Server listening on port 56609"}
{"level":20,"time":1626476611179,"pid":5783,"hostname":"fv-az77-843","name":"@waytrade/microservice-core","msg":"HTTP put /api/test/ -> 200 (1ms)"}
{"level":20,"time":1626476611182,"pid":5783,"hostname":"fv-az77-843","name":"@waytrade/microservice-core","msg":"HTTP Server on port 56609 stopped"}
{"level":20,"time":1626476611184,"pid":5783,"hostname":"fv-az77-843","name":"@waytrade/microservice-core","msg":"HTTP Server listening on port 33451"}
{"level":20,"time":1626476611188,"pid":5783,"hostname":"fv-az77-843","name":"@waytrade/microservice-core","msg":"HTTP put /api/test/notImplemented -> 501 (1ms)"}
{"level":20,"time":1626476611191,"pid":5783,"hostname":"fv-az77-843","name":"@waytrade/microservice-core","msg":"HTTP Server on port 33451 stopped"}
{"level":20,"time":1626476611192,"pid":5783,"hostname":"fv-az77-843","name":"@waytrade/microservice-core","msg":"HTTP Server listening on port 52351"}
{"level":20,"time":1626476611197,"pid":5783,"hostname":"fv-az77-843","name":"@waytrade/microservice-core","msg":"HTTP post /api/test/ -> 200 (0ms)"}
{"level":20,"time":1626476611200,"pid":5783,"hostname":"fv-az77-843","name":"@waytrade/microservice-core","msg":"HTTP Server on port 52351 stopped"}
{"level":20,"time":1626476611202,"pid":5783,"hostname":"fv-az77-843","name":"@waytrade/microservice-core","msg":"HTTP Server listening on port 38805"}
{"level":20,"time":1626476611206,"pid":5783,"hostname":"fv-az77-843","name":"@waytrade/microservice-core","msg":"HTTP post /api/test/notImplemented -> 501 (0ms)"}
{"level":20,"time":1626476611209,"pid":5783,"hostname":"fv-az77-843","name":"@waytrade/microservice-core","msg":"HTTP Server on port 38805 stopped"}
{"level":20,"time":1626476611211,"pid":5783,"hostname":"fv-az77-843","name":"@waytrade/microservice-core","msg":"HTTP Server listening on port 40547"}
{"level":20,"time":1626476611216,"pid":5783,"hostname":"fv-az77-843","name":"@waytrade/microservice-core","msg":"HTTP patch /api/test/ -> 200 (0ms)"}
{"level":20,"time":1626476611219,"pid":5783,"hostname":"fv-az77-843","name":"@waytrade/microservice-core","msg":"HTTP Server on port 40547 stopped"}
{"level":20,"time":1626476611221,"pid":5783,"hostname":"fv-az77-843","name":"@waytrade/microservice-core","msg":"HTTP Server listening on port 49553"}
{"level":20,"time":1626476611228,"pid":5783,"hostname":"fv-az77-843","name":"@waytrade/microservice-core","msg":"HTTP post /api/test/notImplemented -> 501 (0ms)"}
{"level":20,"time":1626476611231,"pid":5783,"hostname":"fv-az77-843","name":"@waytrade/microservice-core","msg":"HTTP Server on port 49553 stopped"}
{"level":20,"time":1626476611233,"pid":5783,"hostname":"fv-az77-843","name":"@waytrade/microservice-core","msg":"HTTP Server listening on port 43483"}
{"level":20,"time":1626476611237,"pid":5783,"hostname":"fv-az77-843","name":"@waytrade/microservice-core","msg":"HTTP delete /api/test/ -> 200 (0ms)"}
{"level":20,"time":1626476611240,"pid":5783,"hostname":"fv-az77-843","name":"@waytrade/microservice-core","msg":"HTTP Server on port 43483 stopped"}
{"level":20,"time":1626476611242,"pid":5783,"hostname":"fv-az77-843","name":"@waytrade/microservice-core","msg":"HTTP Server listening on port 38057"}
{"level":20,"time":1626476611245,"pid":5783,"hostname":"fv-az77-843","name":"@waytrade/microservice-core","msg":"HTTP post /api/test/notImplemented -> 501 (0ms)"}
{"level":20,"time":1626476611248,"pid":5783,"hostname":"fv-az77-843","name":"@waytrade/microservice-core","msg":"HTTP Server on port 38057 stopped"}
{"level":20,"time":1626476612395,"pid":5783,"hostname":"fv-az77-843","name":"@waytrade/microservice-core","msg":"Debug message"}
{"level":30,"time":1626476612396,"pid":5783,"hostname":"fv-az77-843","name":"@waytrade/microservice-core","msg":"Info message"}
{"level":40,"time":1626476612396,"pid":5783,"hostname":"fv-az77-843","name":"@waytrade/microservice-core","msg":"Warning message"}
{"level":50,"time":1626476612397,"pid":5783,"hostname":"fv-az77-843","name":"@waytrade/microservice-core","msg":"Error message"}
{"level":30,"time":1626476612408,"pid":5783,"hostname":"fv-az77-843","name":"@waytrade/microservice-core","msg":"Info message"}
{"level":40,"time":1626476612409,"pid":5783,"hostname":"fv-az77-843","name":"@waytrade/microservice-core","msg":"Warning message"}
{"level":50,"time":1626476612409,"pid":5783,"hostname":"fv-az77-843","name":"@waytrade/microservice-core","msg":"Error message"}
{"level":40,"time":1626476612412,"pid":5783,"hostname":"fv-az77-843","name":"@waytrade/microservice-core","msg":"Warning message"}
{"level":50,"time":1626476612413,"pid":5783,"hostname":"fv-az77-843","name":"@waytrade/microservice-core","msg":"Error message"}
{"level":50,"time":1626476612415,"pid":5783,"hostname":"fv-az77-843","name":"@waytrade/microservice-core","msg":"Error message"}
{"level":20,"time":1626476612428,"pid":5783,"hostname":"fv-az77-843","name":"@waytrade/microservice-core","msg":"Debug message"}
{"level":30,"time":1626476612429,"pid":5783,"hostname":"fv-az77-843","name":"@waytrade/microservice-core","msg":"Info message"}
{"level":40,"time":1626476612430,"pid":5783,"hostname":"fv-az77-843","name":"@waytrade/microservice-core","msg":"Warning message"}
{"level":50,"time":1626476612430,"pid":5783,"hostname":"fv-az77-843","name":"@waytrade/microservice-core","msg":"Error message"}
{"level":30,"time":1626476612819,"pid":5783,"hostname":"fv-az77-843","name":"@waytrade/microservice-core","msg":"Starting App..."}
{"level":20,"time":1626476612820,"pid":5783,"hostname":"fv-az77-843","name":"@waytrade/microservice-core","msg":"HTTP Server listening on port 57071"}
{"level":30,"time":1626476612820,"pid":5783,"hostname":"fv-az77-843","name":"@waytrade/microservice-core","msg":"REST API Server started at port 57071"}
{"level":20,"time":1626476612821,"pid":5783,"hostname":"fv-az77-843","name":"@waytrade/microservice-core","msg":"HTTP Server on port 57071 stopped"}
{"level":30,"time":1626476612821,"pid":5783,"hostname":"fv-az77-843","name":"@waytrade/microservice-core","msg":"App stopped."}
{"level":30,"time":1626476612823,"pid":5783,"hostname":"fv-az77-843","name":"@waytrade/microservice-core","msg":"Starting App..."}
{"level":30,"time":1626476612824,"pid":5783,"hostname":"fv-az77-843","name":"@waytrade/microservice-core","msg":"App stopped."}
{"level":30,"time":1626476612835,"pid":5783,"hostname":"fv-az77-843","name":"@waytrade/microservice-core","msg":"Starting App..."}
{"level":20,"time":1626476612835,"pid":5783,"hostname":"fv-az77-843","name":"@waytrade/microservice-core","msg":"HTTP Server listening on port 43621"}
{"level":30,"time":1626476612836,"pid":5783,"hostname":"fv-az77-843","name":"@waytrade/microservice-core","msg":"REST API Server started at port 43621"}
{"level":20,"time":1626476612836,"pid":5783,"hostname":"fv-az77-843","name":"@waytrade/microservice-core","msg":"HTTP Server on port 43621 stopped"}
{"level":30,"time":1626476612836,"pid":5783,"hostname":"fv-az77-843","name":"@waytrade/microservice-core","msg":"App stopped."}
{"level":30,"time":1626476612840,"pid":5783,"hostname":"fv-az77-843","name":"@waytrade/microservice-core","msg":"Starting App..."}
{"level":20,"time":1626476612841,"pid":5783,"hostname":"fv-az77-843","name":"@waytrade/microservice-core","msg":"HTTP Server listening on port 50857"}
{"level":30,"time":1626476612841,"pid":5783,"hostname":"fv-az77-843","name":"@waytrade/microservice-core","msg":"REST API Server started at port 50857"}
{"level":20,"time":1626476612848,"pid":5783,"hostname":"fv-az77-843","name":"@waytrade/microservice-core","msg":"HTTP get /test/get/ -> 200 (1ms)"}
{"level":20,"time":1626476612851,"pid":5783,"hostname":"fv-az77-843","name":"@waytrade/microservice-core","msg":"HTTP Server on port 50857 stopped"}
{"level":30,"time":1626476612851,"pid":5783,"hostname":"fv-az77-843","name":"@waytrade/microservice-core","msg":"App stopped."}
{"level":30,"time":1626476612854,"pid":5783,"hostname":"fv-az77-843","name":"@waytrade/microservice-core","msg":"Starting App..."}
{"level":20,"time":1626476612854,"pid":5783,"hostname":"fv-az77-843","name":"@waytrade/microservice-core","msg":"Debug message"}
{"level":30,"time":1626476612855,"pid":5783,"hostname":"fv-az77-843","name":"@waytrade/microservice-core","msg":"Info message"}
{"level":40,"time":1626476612855,"pid":5783,"hostname":"fv-az77-843","name":"@waytrade/microservice-core","msg":"Warning message"}
{"level":50,"time":1626476612855,"pid":5783,"hostname":"fv-az77-843","name":"@waytrade/microservice-core","msg":"Error message"}
{"level":30,"time":1626476612855,"pid":5783,"hostname":"fv-az77-843","name":"@waytrade/microservice-core","msg":"App stopped."}
{"level":20,"time":1626476613345,"pid":5783,"hostname":"fv-az77-843","name":"@waytrade/microservice-core","msg":"HTTP Server listening on port 60559"}
{"level":20,"time":1626476613362,"pid":5783,"hostname":"fv-az77-843","name":"@waytrade/microservice-core","msg":"HTTP Server on port 60559 stopped"}
{"level":20,"time":1626476613365,"pid":5783,"hostname":"fv-az77-843","name":"@waytrade/microservice-core","msg":"HTTP Server listening on port 34743"}
{"level":50,"time":1626476613374,"pid":5783,"hostname":"fv-az77-843","name":"@waytrade/microservice-core","msg":"Binary data on websocket not supported."}
{"level":20,"time":1626476613382,"pid":5783,"hostname":"fv-az77-843","name":"@waytrade/microservice-core","msg":"HTTP Server on port 34743 stopped"}
{"level":20,"time":1626476613385,"pid":5783,"hostname":"fv-az77-843","name":"@waytrade/microservice-core","msg":"HTTP Server listening on port 43417"}
{"level":20,"time":1626476613388,"pid":5783,"hostname":"fv-az77-843","name":"@waytrade/microservice-core","msg":"HTTP Server on port 43417 stopped"}
{"level":20,"time":1626476613388,"pid":5783,"hostname":"fv-az77-843","name":"@waytrade/microservice-core","msg":"HTTP Server on port -1 stopped"}
{"level":20,"time":1626476613391,"pid":5783,"hostname":"fv-az77-843","name":"@waytrade/microservice-core","msg":"HTTP Server listening on port 34641"}
{"level":20,"time":1626476614399,"pid":5783,"hostname":"fv-az77-843","name":"@waytrade/microservice-core","msg":"HTTP Server on port 34641 stopped"}
{"level":20,"time":1626476614401,"pid":5783,"hostname":"fv-az77-843","name":"@waytrade/microservice-core","msg":"HTTP Server listening on port 44187"}
{"level":20,"time":1626476614591,"pid":5783,"hostname":"fv-az77-843","name":"@waytrade/microservice-core","msg":"HTTP Server on port 44187 stopped"}
{"level":20,"time":1626476614593,"pid":5783,"hostname":"fv-az77-843","name":"@waytrade/microservice-core","msg":"HTTP Server listening on port 52437"}
{"level":20,"time":1626476614928,"pid":5783,"hostname":"fv-az77-843","name":"@waytrade/microservice-core","msg":"HTTP Server on port 52437 stopped"}
{"level":20,"time":1626476615302,"pid":5783,"hostname":"fv-az77-843","name":"@waytrade/microservice-core","msg":"HTTP Server listening on port 32919"}
{"level":20,"time":1626476615303,"pid":5783,"hostname":"fv-az77-843","name":"@waytrade/microservice-core","msg":"HTTP Server on port 32919 stopped"}
{"level":20,"time":1626476615306,"pid":5783,"hostname":"fv-az77-843","name":"@waytrade/microservice-core","msg":"HTTP Server listening on port 3999"}
{"level":20,"time":1626476615307,"pid":5783,"hostname":"fv-az77-843","name":"@waytrade/microservice-core","msg":"HTTP Server on port 3999 stopped"}
{"level":20,"time":1626476615308,"pid":5783,"hostname":"fv-az77-843","name":"@waytrade/microservice-core","msg":"HTTP Server listening on port 55007"}
{"level":20,"time":1626476615317,"pid":5783,"hostname":"fv-az77-843","name":"@waytrade/microservice-core","msg":"/some/invalid/path not found."}
{"level":20,"time":1626476615320,"pid":5783,"hostname":"fv-az77-843","name":"@waytrade/microservice-core","msg":"HTTP Server on port 55007 stopped"}
{"level":20,"time":1626476615322,"pid":5783,"hostname":"fv-az77-843","name":"@waytrade/microservice-core","msg":"HTTP Server listening on port 53783"}
{"level":20,"time":1626476615337,"pid":5783,"hostname":"fv-az77-843","name":"@waytrade/microservice-core","msg":"HTTP Server on port 53783 stopped"}
{"level":20,"time":1626476615338,"pid":5783,"hostname":"fv-az77-843","name":"@waytrade/microservice-core","msg":"HTTP Server listening on port 37627"}
{"level":20,"time":1626476615345,"pid":5783,"hostname":"fv-az77-843","name":"@waytrade/microservice-core","msg":"HTTP Server on port 37627 stopped"}
{"level":20,"time":1626476615347,"pid":5783,"hostname":"fv-az77-843","name":"@waytrade/microservice-core","msg":"HTTP Server listening on port 33871"}
{"level":20,"time":1626476615351,"pid":5783,"hostname":"fv-az77-843","name":"@waytrade/microservice-core","msg":"HTTP get /api/dummy/customResponseHeader -> 200 (0ms)"}
{"level":20,"time":1626476615354,"pid":5783,"hostname":"fv-az77-843","name":"@waytrade/microservice-core","msg":"HTTP Server on port 33871 stopped"}
{"level":30,"time":1626476615700,"pid":5783,"hostname":"fv-az77-843","name":"@waytrade/microservice-core","msg":"Starting App..."}
{"level":20,"time":1626476615701,"pid":5783,"hostname":"fv-az77-843","name":"@waytrade/microservice-core","msg":"HTTP Server listening on port 35327"}
{"level":30,"time":1626476615701,"pid":5783,"hostname":"fv-az77-843","name":"@waytrade/microservice-core","msg":"REST API Server started at port 35327"}
{"level":20,"time":1626476615702,"pid":5783,"hostname":"fv-az77-843","name":"@waytrade/microservice-core","msg":"HTTP Server on port 35327 stopped"}
{"level":30,"time":1626476615702,"pid":5783,"hostname":"fv-az77-843","name":"@waytrade/microservice-core","msg":"App stopped."}
{"level":30,"time":1626476615706,"pid":5783,"hostname":"fv-az77-843","name":"@waytrade/microservice-core","msg":"Starting App..."}
{"level":30,"time":1626476615707,"pid":5783,"hostname":"fv-az77-843","name":"@waytrade/microservice-core","msg":"App stopped."}
{"level":30,"time":1626476615709,"pid":5783,"hostname":"fv-az77-843","name":"@waytrade/microservice-core","msg":"Starting App..."}
{"level":30,"time":1626476615710,"pid":5783,"hostname":"fv-az77-843","name":"@waytrade/microservice-core","msg":"App stopped."}
{"level":30,"time":1626476615713,"pid":5783,"hostname":"fv-az77-843","name":"@waytrade/microservice-core","msg":"Starting App..."}
{"level":20,"time":1626476615713,"pid":5783,"hostname":"fv-az77-843","name":"@waytrade/microservice-core","msg":"HTTP Server listening on port 54227"}
{"level":20,"time":1626476615714,"pid":5783,"hostname":"fv-az77-843","name":"@waytrade/microservice-core","msg":"HTTP Server on port 54227 stopped"}
{"level":30,"time":1626476615714,"pid":5783,"hostname":"fv-az77-843","name":"@waytrade/microservice-core","msg":"App stopped."}
{"level":30,"time":1626476615724,"pid":5783,"hostname":"fv-az77-843","name":"@waytrade/microservice-core","msg":"Starting App..."}
{"level":20,"time":1626476615725,"pid":5783,"hostname":"fv-az77-843","name":"@waytrade/microservice-core","msg":"HTTP Server listening on port 51947"}
{"level":20,"time":1626476615725,"pid":5783,"hostname":"fv-az77-843","name":"@waytrade/microservice-core","msg":"HTTP Server on port 51947 stopped"}
{"level":30,"time":1626476615725,"pid":5783,"hostname":"fv-az77-843","name":"@waytrade/microservice-core","msg":"App stopped."}
{"level":30,"time":1626476616084,"pid":5783,"hostname":"fv-az77-843","name":"@waytrade/microservice-core","msg":"Starting App..."}
{"level":20,"time":1626476616084,"pid":5783,"hostname":"fv-az77-843","name":"@waytrade/microservice-core","msg":"HTTP Server listening on port 46587"}
{"level":20,"time":1626476616085,"pid":5783,"hostname":"fv-az77-843","name":"@waytrade/microservice-core","msg":"HTTP Server listening on port 58499"}
{"level":30,"time":1626476616085,"pid":5783,"hostname":"fv-az77-843","name":"@waytrade/microservice-core","msg":"REST API Server started at port 58499"}
{"level":30,"time":1626476616085,"pid":5783,"hostname":"fv-az77-843","name":"@waytrade/microservice-core","msg":"Webhook Callback Server started at port 46587"}
{"level":20,"time":1626476616090,"pid":5783,"hostname":"fv-az77-843","name":"@waytrade/microservice-core","msg":"HTTP get /api/ -> 200 (0ms)"}
{"level":20,"time":1626476616093,"pid":5783,"hostname":"fv-az77-843","name":"@waytrade/microservice-core","msg":"HTTP Server on port 58499 stopped"}
{"level":20,"time":1626476616094,"pid":5783,"hostname":"fv-az77-843","name":"@waytrade/microservice-core","msg":"HTTP Server on port 46587 stopped"}
{"level":30,"time":1626476616094,"pid":5783,"hostname":"fv-az77-843","name":"@waytrade/microservice-core","msg":"App stopped."}
{"level":30,"time":1626476616097,"pid":5783,"hostname":"fv-az77-843","name":"@waytrade/microservice-core","msg":"Starting App..."}
{"level":20,"time":1626476616098,"pid":5783,"hostname":"fv-az77-843","name":"@waytrade/microservice-core","msg":"HTTP Server listening on port 56289"}
{"level":20,"time":1626476616098,"pid":5783,"hostname":"fv-az77-843","name":"@waytrade/microservice-core","msg":"HTTP Server listening on port 44431"}
{"level":30,"time":1626476616098,"pid":5783,"hostname":"fv-az77-843","name":"@waytrade/microservice-core","msg":"REST API Server started at port 44431"}
{"level":30,"time":1626476616098,"pid":5783,"hostname":"fv-az77-843","name":"@waytrade/microservice-core","msg":"Webhook Callback Server started at port 56289"}
{"level":20,"time":1626476616109,"pid":5783,"hostname":"fv-az77-843","name":"@waytrade/microservice-core","msg":"HTTP get /api/ -> 200 (0ms)"}
{"level":20,"time":1626476616112,"pid":5783,"hostname":"fv-az77-843","name":"@waytrade/microservice-core","msg":"HTTP Server on port 44431 stopped"}
{"level":20,"time":1626476616112,"pid":5783,"hostname":"fv-az77-843","name":"@waytrade/microservice-core","msg":"HTTP Server on port 56289 stopped"}
{"level":30,"time":1626476616112,"pid":5783,"hostname":"fv-az77-843","name":"@waytrade/microservice-core","msg":"App stopped."}
{"level":30,"time":1626476616115,"pid":5783,"hostname":"fv-az77-843","name":"@waytrade/microservice-core","msg":"Starting App..."}
{"level":20,"time":1626476616116,"pid":5783,"hostname":"fv-az77-843","name":"@waytrade/microservice-core","msg":"HTTP Server listening on port 49451"}
{"level":20,"time":1626476616116,"pid":5783,"hostname":"fv-az77-843","name":"@waytrade/microservice-core","msg":"HTTP Server listening on port 59279"}
{"level":30,"time":1626476616116,"pid":5783,"hostname":"fv-az77-843","name":"@waytrade/microservice-core","msg":"REST API Server started at port 59279"}
{"level":30,"time":1626476616116,"pid":5783,"hostname":"fv-az77-843","name":"@waytrade/microservice-core","msg":"Webhook Callback Server started at port 49451"}
{"level":20,"time":1626476616120,"pid":5783,"hostname":"fv-az77-843","name":"@waytrade/microservice-core","msg":"HTTP get /api/ -> 200 (0ms)"}
{"level":20,"time":1626476616123,"pid":5783,"hostname":"fv-az77-843","name":"@waytrade/microservice-core","msg":"HTTP Server on port 59279 stopped"}
{"level":20,"time":1626476616124,"pid":5783,"hostname":"fv-az77-843","name":"@waytrade/microservice-core","msg":"HTTP Server on port 49451 stopped"}
{"level":30,"time":1626476616124,"pid":5783,"hostname":"fv-az77-843","name":"@waytrade/microservice-core","msg":"App stopped."}
{"level":30,"time":1626476616790,"pid":5783,"hostname":"fv-az77-843","name":"@waytrade/microservice-core","msg":"Starting App..."}
{"level":30,"time":1626476616792,"pid":5783,"hostname":"fv-az77-843","name":"@waytrade/microservice-core","msg":"App stopped."}
{"level":30,"time":1626476616795,"pid":5783,"hostname":"fv-az77-843","name":"@waytrade/microservice-core","msg":"Starting App..."}
{"level":30,"time":1626476616796,"pid":5783,"hostname":"fv-az77-843","name":"@waytrade/microservice-core","msg":"App stopped."}
{"level":30,"time":1626476616799,"pid":5783,"hostname":"fv-az77-843","name":"@waytrade/microservice-core","msg":"Starting App..."}
{"level":30,"time":1626476616800,"pid":5783,"hostname":"fv-az77-843","name":"@waytrade/microservice-core","msg":"App stopped."}
{"level":20,"time":1626476617138,"pid":5783,"hostname":"fv-az77-843","name":"@waytrade/microservice-core","msg":"HTTP Server listening on port 51567"}
{"level":20,"time":1626476617144,"pid":5783,"hostname":"fv-az77-843","name":"@waytrade/microservice-core","msg":"HTTP get /openapi.json -> 200 (1ms)"}
{"level":20,"time":1626476617148,"pid":5783,"hostname":"fv-az77-843","name":"@waytrade/microservice-core","msg":"HTTP Server on port 51567 stopped"}
{"level":20,"time":1626476617151,"pid":5783,"hostname":"fv-az77-843","name":"@waytrade/microservice-core","msg":"HTTP Server listening on port 35829"}
{"level":20,"time":1626476617155,"pid":5783,"hostname":"fv-az77-843","name":"@waytrade/microservice-core","msg":"HTTP get /openapi.json -> 200 (0ms)"}
{"level":20,"time":1626476617158,"pid":5783,"hostname":"fv-az77-843","name":"@waytrade/microservice-core","msg":"HTTP Server on port 35829 stopped"}
