{"level":20,"time":1639835719736,"pid":1649,"hostname":"fv-az33-685","name":"@waytrade/microservice-core","msg":"Starting HTTP Server on port 0"}
{"level":20,"time":1639835719738,"pid":1649,"hostname":"fv-az33-685","name":"@waytrade/microservice-core","msg":"HTTP Server listening on port 54169"}
{"level":20,"time":1639835719767,"pid":1649,"hostname":"fv-az33-685","name":"@waytrade/microservice-core","msg":"HTTP get /openapi.json -> 200 (4ms)"}
{"level":20,"time":1639835719771,"pid":1649,"hostname":"fv-az33-685","name":"@waytrade/microservice-core","msg":"HTTP Server on port 54169 stopped"}
{"level":20,"time":1639835719773,"pid":1649,"hostname":"fv-az33-685","name":"@waytrade/microservice-core","msg":"Starting HTTP Server on port 0"}
{"level":20,"time":1639835719774,"pid":1649,"hostname":"fv-az33-685","name":"@waytrade/microservice-core","msg":"HTTP Server listening on port 55359"}
{"level":20,"time":1639835719778,"pid":1649,"hostname":"fv-az33-685","name":"@waytrade/microservice-core","msg":"HTTP get /openapi.json -> 200 (1ms)"}
{"level":20,"time":1639835719805,"pid":1649,"hostname":"fv-az33-685","name":"@waytrade/microservice-core","msg":"HTTP Server on port 55359 stopped"}
{"level":20,"time":1639835719807,"pid":1649,"hostname":"fv-az33-685","name":"@waytrade/microservice-core","msg":"Starting HTTP Server on port 0"}
{"level":20,"time":1639835719807,"pid":1649,"hostname":"fv-az33-685","name":"@waytrade/microservice-core","msg":"HTTP Server listening on port 56603"}
{"level":20,"time":1639835719809,"pid":1649,"hostname":"fv-az33-685","name":"@waytrade/microservice-core","msg":"Starting HTTP Server on port 0"}
{"level":20,"time":1639835719810,"pid":1649,"hostname":"fv-az33-685","name":"@waytrade/microservice-core","msg":"HTTP Server listening on port 57399"}
{"level":20,"time":1639835719813,"pid":1649,"hostname":"fv-az33-685","name":"@waytrade/microservice-core","msg":"HTTP get /openapi.json -> 200 (1ms)"}
{"level":20,"time":1639835719813,"pid":1649,"hostname":"fv-az33-685","name":"@waytrade/microservice-core","msg":"HTTP get / -> 200 (0ms)"}
{"level":20,"time":1639835719818,"pid":1649,"hostname":"fv-az33-685","name":"@waytrade/microservice-core","msg":"HTTP Server on port 56603 stopped"}
{"level":20,"time":1639835719819,"pid":1649,"hostname":"fv-az33-685","name":"@waytrade/microservice-core","msg":"HTTP Server on port 57399 stopped"}
{"level":20,"time":1639835719820,"pid":1649,"hostname":"fv-az33-685","name":"@waytrade/microservice-core","msg":"Starting HTTP Server on port 0"}
{"level":20,"time":1639835719820,"pid":1649,"hostname":"fv-az33-685","name":"@waytrade/microservice-core","msg":"HTTP Server listening on port 32955"}
{"level":20,"time":1639835719824,"pid":1649,"hostname":"fv-az33-685","name":"@waytrade/microservice-core","msg":"HTTP get /swagger-ui.css -> 200 (2ms)"}
{"level":20,"time":1639835719825,"pid":1649,"hostname":"fv-az33-685","name":"@waytrade/microservice-core","msg":"HTTP Server on port 32955 stopped"}
{"level":20,"time":1639835719826,"pid":1649,"hostname":"fv-az33-685","name":"@waytrade/microservice-core","msg":"Starting HTTP Server on port 0"}
{"level":20,"time":1639835719826,"pid":1649,"hostname":"fv-az33-685","name":"@waytrade/microservice-core","msg":"HTTP Server listening on port 47105"}
{"level":20,"time":1639835719836,"pid":1649,"hostname":"fv-az33-685","name":"@waytrade/microservice-core","msg":"HTTP get /swagger-ui-bundle.js -> 200 (8ms)"}
{"level":20,"time":1639835719843,"pid":1649,"hostname":"fv-az33-685","name":"@waytrade/microservice-core","msg":"HTTP Server on port 47105 stopped"}
{"level":20,"time":1639835719843,"pid":1649,"hostname":"fv-az33-685","name":"@waytrade/microservice-core","msg":"Starting HTTP Server on port 0"}
{"level":20,"time":1639835719844,"pid":1649,"hostname":"fv-az33-685","name":"@waytrade/microservice-core","msg":"HTTP Server listening on port 33839"}
{"level":20,"time":1639835719848,"pid":1649,"hostname":"fv-az33-685","name":"@waytrade/microservice-core","msg":"HTTP get /swagger-ui-standalone-preset.js -> 200 (3ms)"}
{"level":20,"time":1639835719850,"pid":1649,"hostname":"fv-az33-685","name":"@waytrade/microservice-core","msg":"HTTP Server on port 33839 stopped"}
{"level":30,"time":1639835723588,"pid":1649,"hostname":"fv-az33-685","name":"@waytrade/microservice-core","msg":"Starting App..."}
{"level":20,"time":1639835723590,"pid":1649,"hostname":"fv-az33-685","name":"@waytrade/microservice-core","msg":"Starting HTTP Server on port 0"}
{"level":20,"time":1639835723591,"pid":1649,"hostname":"fv-az33-685","name":"@waytrade/microservice-core","msg":"HTTP Server listening on port 34727"}
{"level":20,"time":1639835723591,"pid":1649,"hostname":"fv-az33-685","name":"@waytrade/microservice-core","msg":"Starting HTTP Server on port 0"}
{"level":20,"time":1639835723591,"pid":1649,"hostname":"fv-az33-685","name":"@waytrade/microservice-core","msg":"HTTP Server listening on port 54261"}
{"level":30,"time":1639835723591,"pid":1649,"hostname":"fv-az33-685","name":"@waytrade/microservice-core","msg":"API Server started at port 34727"}
{"level":30,"time":1639835723591,"pid":1649,"hostname":"fv-az33-685","name":"@waytrade/microservice-core","msg":"Webhook Callback Server started at port 54261"}
{"level":20,"time":1639835723603,"pid":1649,"hostname":"fv-az33-685","name":"@waytrade/microservice-core","msg":"HTTP post /subscribe -> 400 (1ms)"}
{"level":20,"time":1639835723605,"pid":1649,"hostname":"fv-az33-685","name":"@waytrade/microservice-core","msg":"HTTP Server on port 34727 stopped"}
{"level":20,"time":1639835723605,"pid":1649,"hostname":"fv-az33-685","name":"@waytrade/microservice-core","msg":"HTTP Server on port 54261 stopped"}
{"level":30,"time":1639835723605,"pid":1649,"hostname":"fv-az33-685","name":"@waytrade/microservice-core","msg":"App stopped."}
{"level":30,"time":1639835723607,"pid":1649,"hostname":"fv-az33-685","name":"@waytrade/microservice-core","msg":"Starting App..."}
{"level":20,"time":1639835723607,"pid":1649,"hostname":"fv-az33-685","name":"@waytrade/microservice-core","msg":"Starting HTTP Server on port 0"}
{"level":20,"time":1639835723607,"pid":1649,"hostname":"fv-az33-685","name":"@waytrade/microservice-core","msg":"HTTP Server listening on port 47357"}
{"level":20,"time":1639835723608,"pid":1649,"hostname":"fv-az33-685","name":"@waytrade/microservice-core","msg":"Starting HTTP Server on port 0"}
{"level":20,"time":1639835723608,"pid":1649,"hostname":"fv-az33-685","name":"@waytrade/microservice-core","msg":"HTTP Server listening on port 52601"}
{"level":30,"time":1639835723608,"pid":1649,"hostname":"fv-az33-685","name":"@waytrade/microservice-core","msg":"API Server started at port 47357"}
{"level":30,"time":1639835723608,"pid":1649,"hostname":"fv-az33-685","name":"@waytrade/microservice-core","msg":"Webhook Callback Server started at port 52601"}
{"level":20,"time":1639835723611,"pid":1649,"hostname":"fv-az33-685","name":"@waytrade/microservice-core","msg":"HTTP post /subscribe -> 201 (1ms)"}
{"level":20,"time":1639835723614,"pid":1649,"hostname":"fv-az33-685","name":"@waytrade/microservice-core","msg":"HTTP post /subscribe -> 204 (1ms)"}
{"level":20,"time":1639835723614,"pid":1649,"hostname":"fv-az33-685","name":"@waytrade/microservice-core","msg":"HTTP Server on port 47357 stopped"}
{"level":20,"time":1639835723614,"pid":1649,"hostname":"fv-az33-685","name":"@waytrade/microservice-core","msg":"HTTP Server on port 52601 stopped"}
{"level":30,"time":1639835723614,"pid":1649,"hostname":"fv-az33-685","name":"@waytrade/microservice-core","msg":"App stopped."}
{"level":30,"time":1639835723616,"pid":1649,"hostname":"fv-az33-685","name":"@waytrade/microservice-core","msg":"Starting App..."}
{"level":20,"time":1639835723616,"pid":1649,"hostname":"fv-az33-685","name":"@waytrade/microservice-core","msg":"Starting HTTP Server on port 0"}
{"level":20,"time":1639835723616,"pid":1649,"hostname":"fv-az33-685","name":"@waytrade/microservice-core","msg":"HTTP Server listening on port 55761"}
{"level":20,"time":1639835723617,"pid":1649,"hostname":"fv-az33-685","name":"@waytrade/microservice-core","msg":"Starting HTTP Server on port 0"}
{"level":20,"time":1639835723617,"pid":1649,"hostname":"fv-az33-685","name":"@waytrade/microservice-core","msg":"HTTP Server listening on port 47699"}
{"level":30,"time":1639835723617,"pid":1649,"hostname":"fv-az33-685","name":"@waytrade/microservice-core","msg":"API Server started at port 55761"}
{"level":30,"time":1639835723617,"pid":1649,"hostname":"fv-az33-685","name":"@waytrade/microservice-core","msg":"Webhook Callback Server started at port 47699"}
{"level":20,"time":1639835723619,"pid":1649,"hostname":"fv-az33-685","name":"@waytrade/microservice-core","msg":"HTTP post /subscribe -> 201 (0ms)"}
{"level":20,"time":1639835723622,"pid":1649,"hostname":"fv-az33-685","name":"@waytrade/microservice-core","msg":"HTTP post /subscribe -> 201 (0ms)"}
{"level":20,"time":1639835723623,"pid":1649,"hostname":"fv-az33-685","name":"@waytrade/microservice-core","msg":"HTTP Server on port 55761 stopped"}
{"level":20,"time":1639835723623,"pid":1649,"hostname":"fv-az33-685","name":"@waytrade/microservice-core","msg":"HTTP Server on port 47699 stopped"}
{"level":30,"time":1639835723623,"pid":1649,"hostname":"fv-az33-685","name":"@waytrade/microservice-core","msg":"App stopped."}
{"level":30,"time":1639835723624,"pid":1649,"hostname":"fv-az33-685","name":"@waytrade/microservice-core","msg":"Starting App..."}
{"level":20,"time":1639835723625,"pid":1649,"hostname":"fv-az33-685","name":"@waytrade/microservice-core","msg":"Starting HTTP Server on port 0"}
{"level":20,"time":1639835723625,"pid":1649,"hostname":"fv-az33-685","name":"@waytrade/microservice-core","msg":"HTTP Server listening on port 40167"}
{"level":20,"time":1639835723625,"pid":1649,"hostname":"fv-az33-685","name":"@waytrade/microservice-core","msg":"Starting HTTP Server on port 0"}
{"level":20,"time":1639835723625,"pid":1649,"hostname":"fv-az33-685","name":"@waytrade/microservice-core","msg":"HTTP Server listening on port 33669"}
{"level":30,"time":1639835723625,"pid":1649,"hostname":"fv-az33-685","name":"@waytrade/microservice-core","msg":"API Server started at port 40167"}
{"level":30,"time":1639835723625,"pid":1649,"hostname":"fv-az33-685","name":"@waytrade/microservice-core","msg":"Webhook Callback Server started at port 33669"}
{"level":20,"time":1639835723627,"pid":1649,"hostname":"fv-az33-685","name":"@waytrade/microservice-core","msg":"HTTP post /subscribe -> 201 (0ms)"}
{"level":20,"time":1639835723629,"pid":1649,"hostname":"fv-az33-685","name":"@waytrade/microservice-core","msg":"HTTP post /unsubscribe -> 200 (0ms)"}
{"level":20,"time":1639835723630,"pid":1649,"hostname":"fv-az33-685","name":"@waytrade/microservice-core","msg":"HTTP Server on port 40167 stopped"}
{"level":20,"time":1639835723630,"pid":1649,"hostname":"fv-az33-685","name":"@waytrade/microservice-core","msg":"HTTP Server on port 33669 stopped"}
{"level":30,"time":1639835723630,"pid":1649,"hostname":"fv-az33-685","name":"@waytrade/microservice-core","msg":"App stopped."}
{"level":30,"time":1639835723632,"pid":1649,"hostname":"fv-az33-685","name":"@waytrade/microservice-core","msg":"Starting App..."}
{"level":20,"time":1639835723632,"pid":1649,"hostname":"fv-az33-685","name":"@waytrade/microservice-core","msg":"Starting HTTP Server on port 0"}
{"level":20,"time":1639835723632,"pid":1649,"hostname":"fv-az33-685","name":"@waytrade/microservice-core","msg":"HTTP Server listening on port 49455"}
{"level":20,"time":1639835723632,"pid":1649,"hostname":"fv-az33-685","name":"@waytrade/microservice-core","msg":"Starting HTTP Server on port 0"}
{"level":20,"time":1639835723633,"pid":1649,"hostname":"fv-az33-685","name":"@waytrade/microservice-core","msg":"HTTP Server listening on port 59841"}
{"level":30,"time":1639835723633,"pid":1649,"hostname":"fv-az33-685","name":"@waytrade/microservice-core","msg":"API Server started at port 49455"}
{"level":30,"time":1639835723633,"pid":1649,"hostname":"fv-az33-685","name":"@waytrade/microservice-core","msg":"Webhook Callback Server started at port 59841"}
{"level":20,"time":1639835723635,"pid":1649,"hostname":"fv-az33-685","name":"@waytrade/microservice-core","msg":"HTTP post /unsubscribe -> 400 (1ms)"}
{"level":20,"time":1639835723635,"pid":1649,"hostname":"fv-az33-685","name":"@waytrade/microservice-core","msg":"HTTP Server on port 49455 stopped"}
{"level":20,"time":1639835723635,"pid":1649,"hostname":"fv-az33-685","name":"@waytrade/microservice-core","msg":"HTTP Server on port 59841 stopped"}
{"level":30,"time":1639835723636,"pid":1649,"hostname":"fv-az33-685","name":"@waytrade/microservice-core","msg":"App stopped."}
{"level":30,"time":1639835723637,"pid":1649,"hostname":"fv-az33-685","name":"@waytrade/microservice-core","msg":"Starting App..."}
{"level":20,"time":1639835723637,"pid":1649,"hostname":"fv-az33-685","name":"@waytrade/microservice-core","msg":"Starting HTTP Server on port 0"}
{"level":20,"time":1639835723637,"pid":1649,"hostname":"fv-az33-685","name":"@waytrade/microservice-core","msg":"HTTP Server listening on port 39519"}
{"level":20,"time":1639835723637,"pid":1649,"hostname":"fv-az33-685","name":"@waytrade/microservice-core","msg":"Starting HTTP Server on port 0"}
{"level":20,"time":1639835723637,"pid":1649,"hostname":"fv-az33-685","name":"@waytrade/microservice-core","msg":"HTTP Server listening on port 39355"}
{"level":30,"time":1639835723637,"pid":1649,"hostname":"fv-az33-685","name":"@waytrade/microservice-core","msg":"API Server started at port 39519"}
{"level":30,"time":1639835723638,"pid":1649,"hostname":"fv-az33-685","name":"@waytrade/microservice-core","msg":"Webhook Callback Server started at port 39355"}
{"level":20,"time":1639835723640,"pid":1649,"hostname":"fv-az33-685","name":"@waytrade/microservice-core","msg":"HTTP post /unsubscribe -> 404 (1ms)"}
{"level":20,"time":1639835723640,"pid":1649,"hostname":"fv-az33-685","name":"@waytrade/microservice-core","msg":"HTTP Server on port 39519 stopped"}
{"level":20,"time":1639835723641,"pid":1649,"hostname":"fv-az33-685","name":"@waytrade/microservice-core","msg":"HTTP Server on port 39355 stopped"}
{"level":30,"time":1639835723641,"pid":1649,"hostname":"fv-az33-685","name":"@waytrade/microservice-core","msg":"App stopped."}
{"level":30,"time":1639835723642,"pid":1649,"hostname":"fv-az33-685","name":"@waytrade/microservice-core","msg":"Starting App..."}
{"level":20,"time":1639835723642,"pid":1649,"hostname":"fv-az33-685","name":"@waytrade/microservice-core","msg":"Starting HTTP Server on port 0"}
{"level":20,"time":1639835723643,"pid":1649,"hostname":"fv-az33-685","name":"@waytrade/microservice-core","msg":"HTTP Server listening on port 43539"}
{"level":20,"time":1639835723643,"pid":1649,"hostname":"fv-az33-685","name":"@waytrade/microservice-core","msg":"Starting HTTP Server on port 0"}
{"level":20,"time":1639835723643,"pid":1649,"hostname":"fv-az33-685","name":"@waytrade/microservice-core","msg":"HTTP Server listening on port 43447"}
{"level":30,"time":1639835723643,"pid":1649,"hostname":"fv-az33-685","name":"@waytrade/microservice-core","msg":"API Server started at port 43539"}
{"level":30,"time":1639835723643,"pid":1649,"hostname":"fv-az33-685","name":"@waytrade/microservice-core","msg":"Webhook Callback Server started at port 43447"}
{"level":20,"time":1639835723645,"pid":1649,"hostname":"fv-az33-685","name":"@waytrade/microservice-core","msg":"HTTP post /subscribe -> 201 (1ms)"}
{"level":20,"time":1639835723652,"pid":1649,"hostname":"fv-az33-685","name":"@waytrade/microservice-core","msg":"HTTP Server on port 43539 stopped"}
{"level":20,"time":1639835723652,"pid":1649,"hostname":"fv-az33-685","name":"@waytrade/microservice-core","msg":"HTTP Server on port 43447 stopped"}
{"level":30,"time":1639835723652,"pid":1649,"hostname":"fv-az33-685","name":"@waytrade/microservice-core","msg":"App stopped."}
{"level":20,"time":1639835723652,"pid":1649,"hostname":"fv-az33-685","name":"@waytrade/microservice-core","msg":"HTTP post /callback -> 200 (2ms)"}
{"level":30,"time":1639835723653,"pid":1649,"hostname":"fv-az33-685","name":"@waytrade/microservice-core","msg":"Starting App..."}
{"level":20,"time":1639835723653,"pid":1649,"hostname":"fv-az33-685","name":"@waytrade/microservice-core","msg":"Starting HTTP Server on port 0"}
{"level":20,"time":1639835723653,"pid":1649,"hostname":"fv-az33-685","name":"@waytrade/microservice-core","msg":"HTTP Server listening on port 46187"}
{"level":20,"time":1639835723654,"pid":1649,"hostname":"fv-az33-685","name":"@waytrade/microservice-core","msg":"Starting HTTP Server on port 0"}
{"level":20,"time":1639835723654,"pid":1649,"hostname":"fv-az33-685","name":"@waytrade/microservice-core","msg":"HTTP Server listening on port 51519"}
{"level":30,"time":1639835723654,"pid":1649,"hostname":"fv-az33-685","name":"@waytrade/microservice-core","msg":"API Server started at port 46187"}
{"level":30,"time":1639835723654,"pid":1649,"hostname":"fv-az33-685","name":"@waytrade/microservice-core","msg":"Webhook Callback Server started at port 51519"}
{"level":20,"time":1639835723656,"pid":1649,"hostname":"fv-az33-685","name":"@waytrade/microservice-core","msg":"HTTP post /subscribe -> 201 (1ms)"}
{"level":20,"time":1639835723659,"pid":1649,"hostname":"fv-az33-685","name":"@waytrade/microservice-core","msg":"HTTP Server on port 46187 stopped"}
{"level":20,"time":1639835723659,"pid":1649,"hostname":"fv-az33-685","name":"@waytrade/microservice-core","msg":"HTTP Server on port 51519 stopped"}
{"level":30,"time":1639835723659,"pid":1649,"hostname":"fv-az33-685","name":"@waytrade/microservice-core","msg":"App stopped."}
{"level":20,"time":1639835723659,"pid":1649,"hostname":"fv-az33-685","name":"@waytrade/microservice-core","msg":"HTTP post /callback -> 200 (1ms)"}
{"level":30,"time":1639835723661,"pid":1649,"hostname":"fv-az33-685","name":"@waytrade/microservice-core","msg":"Starting App..."}
{"level":20,"time":1639835723661,"pid":1649,"hostname":"fv-az33-685","name":"@waytrade/microservice-core","msg":"Starting HTTP Server on port 0"}
{"level":20,"time":1639835723661,"pid":1649,"hostname":"fv-az33-685","name":"@waytrade/microservice-core","msg":"HTTP Server listening on port 51419"}
{"level":20,"time":1639835723661,"pid":1649,"hostname":"fv-az33-685","name":"@waytrade/microservice-core","msg":"Starting HTTP Server on port 0"}
{"level":20,"time":1639835723662,"pid":1649,"hostname":"fv-az33-685","name":"@waytrade/microservice-core","msg":"HTTP Server listening on port 48553"}
{"level":30,"time":1639835723662,"pid":1649,"hostname":"fv-az33-685","name":"@waytrade/microservice-core","msg":"API Server started at port 51419"}
{"level":30,"time":1639835723662,"pid":1649,"hostname":"fv-az33-685","name":"@waytrade/microservice-core","msg":"Webhook Callback Server started at port 48553"}
{"level":20,"time":1639835723663,"pid":1649,"hostname":"fv-az33-685","name":"@waytrade/microservice-core","msg":"HTTP post /subscribe -> 201 (0ms)"}
{"level":20,"time":1639835723667,"pid":1649,"hostname":"fv-az33-685","name":"@waytrade/microservice-core","msg":"HTTP post /callback -> 418 (1ms)"}
{"level":20,"time":1639835723668,"pid":1649,"hostname":"fv-az33-685","name":"@waytrade/microservice-core","msg":"HTTP post /subscribe -> 201 (0ms)"}
{"level":20,"time":1639835723669,"pid":1649,"hostname":"fv-az33-685","name":"@waytrade/microservice-core","msg":"HTTP Server on port 51419 stopped"}
{"level":20,"time":1639835723669,"pid":1649,"hostname":"fv-az33-685","name":"@waytrade/microservice-core","msg":"HTTP Server on port 48553 stopped"}
{"level":30,"time":1639835723669,"pid":1649,"hostname":"fv-az33-685","name":"@waytrade/microservice-core","msg":"App stopped."}
{"level":30,"time":1639835723671,"pid":1649,"hostname":"fv-az33-685","name":"@waytrade/microservice-core","msg":"Starting App..."}
{"level":20,"time":1639835723671,"pid":1649,"hostname":"fv-az33-685","name":"@waytrade/microservice-core","msg":"Starting HTTP Server on port 0"}
{"level":20,"time":1639835723671,"pid":1649,"hostname":"fv-az33-685","name":"@waytrade/microservice-core","msg":"HTTP Server listening on port 37623"}
{"level":20,"time":1639835723671,"pid":1649,"hostname":"fv-az33-685","name":"@waytrade/microservice-core","msg":"Starting HTTP Server on port 0"}
{"level":20,"time":1639835723672,"pid":1649,"hostname":"fv-az33-685","name":"@waytrade/microservice-core","msg":"HTTP Server listening on port 42563"}
{"level":30,"time":1639835723672,"pid":1649,"hostname":"fv-az33-685","name":"@waytrade/microservice-core","msg":"API Server started at port 37623"}
{"level":30,"time":1639835723672,"pid":1649,"hostname":"fv-az33-685","name":"@waytrade/microservice-core","msg":"Webhook Callback Server started at port 42563"}
{"level":20,"time":1639835723673,"pid":1649,"hostname":"fv-az33-685","name":"@waytrade/microservice-core","msg":"HTTP post /subscribe -> 201 (0ms)"}
{"level":20,"time":1639835723675,"pid":1649,"hostname":"fv-az33-685","name":"@waytrade/microservice-core","msg":"HTTP post /subscribe -> 201 (0ms)"}
{"level":20,"time":1639835723676,"pid":1649,"hostname":"fv-az33-685","name":"@waytrade/microservice-core","msg":"HTTP Server on port 37623 stopped"}
{"level":20,"time":1639835723676,"pid":1649,"hostname":"fv-az33-685","name":"@waytrade/microservice-core","msg":"HTTP Server on port 42563 stopped"}
{"level":30,"time":1639835723676,"pid":1649,"hostname":"fv-az33-685","name":"@waytrade/microservice-core","msg":"App stopped."}
{"level":20,"time":1639835725148,"pid":1649,"hostname":"fv-az33-685","name":"@waytrade/microservice-core","msg":"Starting HTTP Server on port 0"}
{"level":20,"time":1639835725150,"pid":1649,"hostname":"fv-az33-685","name":"@waytrade/microservice-core","msg":"HTTP Server listening on port 39399"}
{"level":20,"time":1639835725161,"pid":1649,"hostname":"fv-az33-685","name":"@waytrade/microservice-core","msg":"HTTP get /api/test/ -> 200 (1ms)"}
{"level":20,"time":1639835725163,"pid":1649,"hostname":"fv-az33-685","name":"@waytrade/microservice-core","msg":"HTTP Server on port 39399 stopped"}
{"level":20,"time":1639835725165,"pid":1649,"hostname":"fv-az33-685","name":"@waytrade/microservice-core","msg":"Starting HTTP Server on port 0"}
{"level":20,"time":1639835725165,"pid":1649,"hostname":"fv-az33-685","name":"@waytrade/microservice-core","msg":"HTTP Server listening on port 58753"}
{"level":20,"time":1639835725167,"pid":1649,"hostname":"fv-az33-685","name":"@waytrade/microservice-core","msg":"HTTP get /api/test/error -> 418 (1ms)"}
{"level":20,"time":1639835725168,"pid":1649,"hostname":"fv-az33-685","name":"@waytrade/microservice-core","msg":"HTTP Server on port 58753 stopped"}
{"level":20,"time":1639835725168,"pid":1649,"hostname":"fv-az33-685","name":"@waytrade/microservice-core","msg":"Starting HTTP Server on port 0"}
{"level":20,"time":1639835725169,"pid":1649,"hostname":"fv-az33-685","name":"@waytrade/microservice-core","msg":"HTTP Server listening on port 52103"}
{"level":20,"time":1639835725211,"pid":1649,"hostname":"fv-az33-685","name":"@waytrade/microservice-core","msg":"HTTP get /api/test/serverError -> 500 (42ms)"}
{"level":20,"time":1639835725212,"pid":1649,"hostname":"fv-az33-685","name":"@waytrade/microservice-core","msg":"HTTP Server on port 52103 stopped"}
{"level":20,"time":1639835725213,"pid":1649,"hostname":"fv-az33-685","name":"@waytrade/microservice-core","msg":"Starting HTTP Server on port 0"}
{"level":20,"time":1639835725213,"pid":1649,"hostname":"fv-az33-685","name":"@waytrade/microservice-core","msg":"HTTP Server listening on port 43737"}
{"level":20,"time":1639835725216,"pid":1649,"hostname":"fv-az33-685","name":"@waytrade/microservice-core","msg":"HTTP put /api/test/ -> 200 (1ms)"}
{"level":20,"time":1639835725217,"pid":1649,"hostname":"fv-az33-685","name":"@waytrade/microservice-core","msg":"HTTP Server on port 43737 stopped"}
{"level":20,"time":1639835725217,"pid":1649,"hostname":"fv-az33-685","name":"@waytrade/microservice-core","msg":"Starting HTTP Server on port 0"}
{"level":20,"time":1639835725218,"pid":1649,"hostname":"fv-az33-685","name":"@waytrade/microservice-core","msg":"HTTP Server listening on port 45447"}
{"level":20,"time":1639835725219,"pid":1649,"hostname":"fv-az33-685","name":"@waytrade/microservice-core","msg":"HTTP put /api/test/error -> 418 (0ms)"}
{"level":20,"time":1639835725220,"pid":1649,"hostname":"fv-az33-685","name":"@waytrade/microservice-core","msg":"HTTP Server on port 45447 stopped"}
{"level":20,"time":1639835725220,"pid":1649,"hostname":"fv-az33-685","name":"@waytrade/microservice-core","msg":"Starting HTTP Server on port 0"}
{"level":20,"time":1639835725221,"pid":1649,"hostname":"fv-az33-685","name":"@waytrade/microservice-core","msg":"HTTP Server listening on port 39635"}
{"level":20,"time":1639835725223,"pid":1649,"hostname":"fv-az33-685","name":"@waytrade/microservice-core","msg":"HTTP post /api/test/ -> 200 (1ms)"}
{"level":20,"time":1639835725224,"pid":1649,"hostname":"fv-az33-685","name":"@waytrade/microservice-core","msg":"HTTP Server on port 39635 stopped"}
{"level":20,"time":1639835725225,"pid":1649,"hostname":"fv-az33-685","name":"@waytrade/microservice-core","msg":"Starting HTTP Server on port 0"}
{"level":20,"time":1639835725225,"pid":1649,"hostname":"fv-az33-685","name":"@waytrade/microservice-core","msg":"HTTP Server listening on port 59411"}
{"level":20,"time":1639835725227,"pid":1649,"hostname":"fv-az33-685","name":"@waytrade/microservice-core","msg":"HTTP post /api/test/error -> 418 (1ms)"}
{"level":20,"time":1639835725227,"pid":1649,"hostname":"fv-az33-685","name":"@waytrade/microservice-core","msg":"HTTP Server on port 59411 stopped"}
{"level":20,"time":1639835725228,"pid":1649,"hostname":"fv-az33-685","name":"@waytrade/microservice-core","msg":"Starting HTTP Server on port 0"}
{"level":20,"time":1639835725228,"pid":1649,"hostname":"fv-az33-685","name":"@waytrade/microservice-core","msg":"HTTP Server listening on port 45761"}
{"level":20,"time":1639835725230,"pid":1649,"hostname":"fv-az33-685","name":"@waytrade/microservice-core","msg":"HTTP patch /api/test/ -> 200 (1ms)"}
{"level":20,"time":1639835725231,"pid":1649,"hostname":"fv-az33-685","name":"@waytrade/microservice-core","msg":"HTTP Server on port 45761 stopped"}
{"level":20,"time":1639835725231,"pid":1649,"hostname":"fv-az33-685","name":"@waytrade/microservice-core","msg":"Starting HTTP Server on port 0"}
{"level":20,"time":1639835725231,"pid":1649,"hostname":"fv-az33-685","name":"@waytrade/microservice-core","msg":"HTTP Server listening on port 56227"}
{"level":20,"time":1639835725233,"pid":1649,"hostname":"fv-az33-685","name":"@waytrade/microservice-core","msg":"HTTP patch /api/test/error -> 418 (0ms)"}
{"level":20,"time":1639835725233,"pid":1649,"hostname":"fv-az33-685","name":"@waytrade/microservice-core","msg":"HTTP Server on port 56227 stopped"}
{"level":20,"time":1639835725234,"pid":1649,"hostname":"fv-az33-685","name":"@waytrade/microservice-core","msg":"Starting HTTP Server on port 0"}
{"level":20,"time":1639835725235,"pid":1649,"hostname":"fv-az33-685","name":"@waytrade/microservice-core","msg":"HTTP Server listening on port 49819"}
{"level":20,"time":1639835725236,"pid":1649,"hostname":"fv-az33-685","name":"@waytrade/microservice-core","msg":"HTTP delete /api/test/ -> 200 (0ms)"}
{"level":20,"time":1639835725237,"pid":1649,"hostname":"fv-az33-685","name":"@waytrade/microservice-core","msg":"HTTP Server on port 49819 stopped"}
{"level":20,"time":1639835725238,"pid":1649,"hostname":"fv-az33-685","name":"@waytrade/microservice-core","msg":"Starting HTTP Server on port 0"}
{"level":20,"time":1639835725238,"pid":1649,"hostname":"fv-az33-685","name":"@waytrade/microservice-core","msg":"HTTP Server listening on port 37975"}
{"level":20,"time":1639835725240,"pid":1649,"hostname":"fv-az33-685","name":"@waytrade/microservice-core","msg":"HTTP delete /api/test/error -> 418 (1ms)"}
{"level":20,"time":1639835725241,"pid":1649,"hostname":"fv-az33-685","name":"@waytrade/microservice-core","msg":"HTTP Server on port 37975 stopped"}
{"level":20,"time":1639835747459,"pid":1649,"hostname":"fv-az33-685","name":"@waytrade/microservice-core","msg":"Starting HTTP Server on port 0"}
{"level":20,"time":1639835747461,"pid":1649,"hostname":"fv-az33-685","name":"@waytrade/microservice-core","msg":"HTTP Server listening on port 57057"}
{"level":20,"time":1639835747491,"pid":1649,"hostname":"fv-az33-685","name":"@waytrade/microservice-core","msg":"HTTP get /api/test/ -> 200 (2ms)"}
{"level":20,"time":1639835747510,"pid":1649,"hostname":"fv-az33-685","name":"@waytrade/microservice-core","msg":"HTTP Server on port 57057 stopped"}
{"level":20,"time":1639835747512,"pid":1649,"hostname":"fv-az33-685","name":"@waytrade/microservice-core","msg":"Starting HTTP Server on port 0"}
{"level":20,"time":1639835747512,"pid":1649,"hostname":"fv-az33-685","name":"@waytrade/microservice-core","msg":"HTTP Server listening on port 54281"}
{"level":20,"time":1639835747526,"pid":1649,"hostname":"fv-az33-685","name":"@waytrade/microservice-core","msg":"HTTP get /api/test/notImplemented -> 501 (0ms)"}
{"level":20,"time":1639835747536,"pid":1649,"hostname":"fv-az33-685","name":"@waytrade/microservice-core","msg":"HTTP Server on port 54281 stopped"}
{"level":20,"time":1639835747542,"pid":1649,"hostname":"fv-az33-685","name":"@waytrade/microservice-core","msg":"Starting HTTP Server on port 0"}
{"level":20,"time":1639835747543,"pid":1649,"hostname":"fv-az33-685","name":"@waytrade/microservice-core","msg":"HTTP Server listening on port 52945"}
{"level":20,"time":1639835747557,"pid":1649,"hostname":"fv-az33-685","name":"@waytrade/microservice-core","msg":"HTTP put /api/test/ -> 200 (4ms)"}
{"level":20,"time":1639835747567,"pid":1649,"hostname":"fv-az33-685","name":"@waytrade/microservice-core","msg":"HTTP Server on port 52945 stopped"}
{"level":20,"time":1639835747572,"pid":1649,"hostname":"fv-az33-685","name":"@waytrade/microservice-core","msg":"Starting HTTP Server on port 0"}
{"level":20,"time":1639835747572,"pid":1649,"hostname":"fv-az33-685","name":"@waytrade/microservice-core","msg":"HTTP Server listening on port 33067"}
{"level":20,"time":1639835747588,"pid":1649,"hostname":"fv-az33-685","name":"@waytrade/microservice-core","msg":"HTTP put /api/test/notImplemented -> 501 (0ms)"}
{"level":20,"time":1639835747593,"pid":1649,"hostname":"fv-az33-685","name":"@waytrade/microservice-core","msg":"HTTP Server on port 33067 stopped"}
{"level":20,"time":1639835747594,"pid":1649,"hostname":"fv-az33-685","name":"@waytrade/microservice-core","msg":"Starting HTTP Server on port 0"}
{"level":20,"time":1639835747598,"pid":1649,"hostname":"fv-az33-685","name":"@waytrade/microservice-core","msg":"HTTP Server listening on port 51149"}
{"level":20,"time":1639835747606,"pid":1649,"hostname":"fv-az33-685","name":"@waytrade/microservice-core","msg":"HTTP post /api/test/ -> 200 (5ms)"}
{"level":20,"time":1639835747621,"pid":1649,"hostname":"fv-az33-685","name":"@waytrade/microservice-core","msg":"HTTP Server on port 51149 stopped"}
{"level":20,"time":1639835747622,"pid":1649,"hostname":"fv-az33-685","name":"@waytrade/microservice-core","msg":"Starting HTTP Server on port 0"}
{"level":20,"time":1639835747622,"pid":1649,"hostname":"fv-az33-685","name":"@waytrade/microservice-core","msg":"HTTP Server listening on port 42947"}
{"level":20,"time":1639835747636,"pid":1649,"hostname":"fv-az33-685","name":"@waytrade/microservice-core","msg":"HTTP post /api/test/notImplemented -> 501 (0ms)"}
{"level":20,"time":1639835747642,"pid":1649,"hostname":"fv-az33-685","name":"@waytrade/microservice-core","msg":"HTTP Server on port 42947 stopped"}
{"level":20,"time":1639835747643,"pid":1649,"hostname":"fv-az33-685","name":"@waytrade/microservice-core","msg":"Starting HTTP Server on port 0"}
{"level":20,"time":1639835747648,"pid":1649,"hostname":"fv-az33-685","name":"@waytrade/microservice-core","msg":"HTTP Server listening on port 35837"}
{"level":20,"time":1639835747660,"pid":1649,"hostname":"fv-az33-685","name":"@waytrade/microservice-core","msg":"HTTP patch /api/test/ -> 200 (4ms)"}
{"level":20,"time":1639835747670,"pid":1649,"hostname":"fv-az33-685","name":"@waytrade/microservice-core","msg":"HTTP Server on port 35837 stopped"}
{"level":20,"time":1639835747677,"pid":1649,"hostname":"fv-az33-685","name":"@waytrade/microservice-core","msg":"Starting HTTP Server on port 0"}
{"level":20,"time":1639835747678,"pid":1649,"hostname":"fv-az33-685","name":"@waytrade/microservice-core","msg":"HTTP Server listening on port 35809"}
{"level":20,"time":1639835747711,"pid":1649,"hostname":"fv-az33-685","name":"@waytrade/microservice-core","msg":"HTTP post /api/test/notImplemented -> 501 (0ms)"}
{"level":20,"time":1639835747712,"pid":1649,"hostname":"fv-az33-685","name":"@waytrade/microservice-core","msg":"HTTP Server on port 35809 stopped"}
{"level":20,"time":1639835747713,"pid":1649,"hostname":"fv-az33-685","name":"@waytrade/microservice-core","msg":"Starting HTTP Server on port 0"}
{"level":20,"time":1639835747714,"pid":1649,"hostname":"fv-az33-685","name":"@waytrade/microservice-core","msg":"HTTP Server listening on port 56421"}
{"level":20,"time":1639835747716,"pid":1649,"hostname":"fv-az33-685","name":"@waytrade/microservice-core","msg":"HTTP delete /api/test/ -> 200 (0ms)"}
{"level":20,"time":1639835747742,"pid":1649,"hostname":"fv-az33-685","name":"@waytrade/microservice-core","msg":"HTTP Server on port 56421 stopped"}
{"level":20,"time":1639835747744,"pid":1649,"hostname":"fv-az33-685","name":"@waytrade/microservice-core","msg":"Starting HTTP Server on port 0"}
{"level":20,"time":1639835747745,"pid":1649,"hostname":"fv-az33-685","name":"@waytrade/microservice-core","msg":"HTTP Server listening on port 59201"}
{"level":20,"time":1639835747747,"pid":1649,"hostname":"fv-az33-685","name":"@waytrade/microservice-core","msg":"HTTP post /api/test/notImplemented -> 501 (0ms)"}
{"level":20,"time":1639835747748,"pid":1649,"hostname":"fv-az33-685","name":"@waytrade/microservice-core","msg":"HTTP Server on port 59201 stopped"}
{"level":20,"time":1639835749201,"pid":1649,"hostname":"fv-az33-685","name":"@waytrade/microservice-core","msg":"Debug message"}
{"level":30,"time":1639835749202,"pid":1649,"hostname":"fv-az33-685","name":"@waytrade/microservice-core","msg":"Info message"}
{"level":40,"time":1639835749202,"pid":1649,"hostname":"fv-az33-685","name":"@waytrade/microservice-core","msg":"Warning message"}
{"level":50,"time":1639835749203,"pid":1649,"hostname":"fv-az33-685","name":"@waytrade/microservice-core","msg":"Error message"}
{"level":30,"time":1639835749204,"pid":1649,"hostname":"fv-az33-685","name":"@waytrade/microservice-core","msg":"Info message"}
{"level":40,"time":1639835749205,"pid":1649,"hostname":"fv-az33-685","name":"@waytrade/microservice-core","msg":"Warning message"}
{"level":50,"time":1639835749205,"pid":1649,"hostname":"fv-az33-685","name":"@waytrade/microservice-core","msg":"Error message"}
{"level":40,"time":1639835749212,"pid":1649,"hostname":"fv-az33-685","name":"@waytrade/microservice-core","msg":"Warning message"}
{"level":50,"time":1639835749213,"pid":1649,"hostname":"fv-az33-685","name":"@waytrade/microservice-core","msg":"Error message"}
{"level":50,"time":1639835749215,"pid":1649,"hostname":"fv-az33-685","name":"@waytrade/microservice-core","msg":"Error message"}
{"level":20,"time":1639835749234,"pid":1649,"hostname":"fv-az33-685","name":"@waytrade/microservice-core","msg":"Debug message"}
{"level":30,"time":1639835749234,"pid":1649,"hostname":"fv-az33-685","name":"@waytrade/microservice-core","msg":"Info message"}
{"level":40,"time":1639835749234,"pid":1649,"hostname":"fv-az33-685","name":"@waytrade/microservice-core","msg":"Warning message"}
{"level":50,"time":1639835749235,"pid":1649,"hostname":"fv-az33-685","name":"@waytrade/microservice-core","msg":"Error message"}
{"level":30,"time":1639835750707,"pid":1649,"hostname":"fv-az33-685","name":"@waytrade/microservice-core","msg":"Starting App..."}
{"level":20,"time":1639835750709,"pid":1649,"hostname":"fv-az33-685","name":"@waytrade/microservice-core","msg":"Starting HTTP Server on port 0"}
{"level":20,"time":1639835750709,"pid":1649,"hostname":"fv-az33-685","name":"@waytrade/microservice-core","msg":"HTTP Server listening on port 37863"}
{"level":30,"time":1639835750709,"pid":1649,"hostname":"fv-az33-685","name":"@waytrade/microservice-core","msg":"API Server started at port 37863"}
{"level":20,"time":1639835750712,"pid":1649,"hostname":"fv-az33-685","name":"@waytrade/microservice-core","msg":"HTTP Server on port 37863 stopped"}
{"level":30,"time":1639835750712,"pid":1649,"hostname":"fv-az33-685","name":"@waytrade/microservice-core","msg":"App stopped."}
{"level":30,"time":1639835750714,"pid":1649,"hostname":"fv-az33-685","name":"@waytrade/microservice-core","msg":"Starting App..."}
{"level":20,"time":1639835750714,"pid":1649,"hostname":"fv-az33-685","name":"@waytrade/microservice-core","msg":"Starting HTTP Server on port 0"}
{"level":20,"time":1639835750714,"pid":1649,"hostname":"fv-az33-685","name":"@waytrade/microservice-core","msg":"HTTP Server listening on port 58379"}
{"level":30,"time":1639835750714,"pid":1649,"hostname":"fv-az33-685","name":"@waytrade/microservice-core","msg":"API Server started at port 58379"}
{"level":20,"time":1639835750715,"pid":1649,"hostname":"fv-az33-685","name":"@waytrade/microservice-core","msg":"HTTP Server on port 58379 stopped"}
{"level":30,"time":1639835750715,"pid":1649,"hostname":"fv-az33-685","name":"@waytrade/microservice-core","msg":"App stopped."}
{"level":30,"time":1639835750718,"pid":1649,"hostname":"fv-az33-685","name":"@waytrade/microservice-core","msg":"Starting App..."}
{"level":20,"time":1639835750718,"pid":1649,"hostname":"fv-az33-685","name":"@waytrade/microservice-core","msg":"Starting HTTP Server on port 0"}
{"level":20,"time":1639835750718,"pid":1649,"hostname":"fv-az33-685","name":"@waytrade/microservice-core","msg":"HTTP Server listening on port 35433"}
{"level":30,"time":1639835750718,"pid":1649,"hostname":"fv-az33-685","name":"@waytrade/microservice-core","msg":"API Server started at port 35433"}
{"level":50,"time":1639835750719,"pid":1649,"hostname":"fv-az33-685","name":"@waytrade/microservice-core","msg":"App start failed: App is running already."}
{"level":20,"time":1639835750719,"pid":1649,"hostname":"fv-az33-685","name":"@waytrade/microservice-core","msg":"HTTP Server on port 35433 stopped"}
{"level":30,"time":1639835750719,"pid":1649,"hostname":"fv-az33-685","name":"@waytrade/microservice-core","msg":"App stopped."}
{"level":30,"time":1639835750720,"pid":1649,"hostname":"fv-az33-685","name":"@waytrade/microservice-core","msg":"Starting App..."}
{"level":20,"time":1639835750721,"pid":1649,"hostname":"fv-az33-685","name":"@waytrade/microservice-core","msg":"Starting HTTP Server on port 0"}
{"level":20,"time":1639835750721,"pid":1649,"hostname":"fv-az33-685","name":"@waytrade/microservice-core","msg":"HTTP Server listening on port 54583"}
{"level":30,"time":1639835750721,"pid":1649,"hostname":"fv-az33-685","name":"@waytrade/microservice-core","msg":"API Server started at port 54583"}
{"level":20,"time":1639835750721,"pid":1649,"hostname":"fv-az33-685","name":"@waytrade/microservice-core","msg":"HTTP Server on port 54583 stopped"}
{"level":30,"time":1639835750721,"pid":1649,"hostname":"fv-az33-685","name":"@waytrade/microservice-core","msg":"App stopped."}
{"level":30,"time":1639835750723,"pid":1649,"hostname":"fv-az33-685","name":"@waytrade/microservice-core","msg":"Starting App..."}
{"level":20,"time":1639835750724,"pid":1649,"hostname":"fv-az33-685","name":"@waytrade/microservice-core","msg":"Starting HTTP Server on port 0"}
{"level":20,"time":1639835750724,"pid":1649,"hostname":"fv-az33-685","name":"@waytrade/microservice-core","msg":"HTTP Server listening on port 54845"}
{"level":30,"time":1639835750724,"pid":1649,"hostname":"fv-az33-685","name":"@waytrade/microservice-core","msg":"API Server started at port 54845"}
{"level":20,"time":1639835750725,"pid":1649,"hostname":"fv-az33-685","name":"@waytrade/microservice-core","msg":"HTTP Server on port 54845 stopped"}
{"level":30,"time":1639835750725,"pid":1649,"hostname":"fv-az33-685","name":"@waytrade/microservice-core","msg":"App stopped."}
{"level":30,"time":1639835750727,"pid":1649,"hostname":"fv-az33-685","name":"@waytrade/microservice-core","msg":"Starting App..."}
{"level":20,"time":1639835750727,"pid":1649,"hostname":"fv-az33-685","name":"@waytrade/microservice-core","msg":"Starting HTTP Server on port 0"}
{"level":20,"time":1639835750746,"pid":1649,"hostname":"fv-az33-685","name":"@waytrade/microservice-core","msg":"HTTP Server listening on port 54621"}
{"level":30,"time":1639835750746,"pid":1649,"hostname":"fv-az33-685","name":"@waytrade/microservice-core","msg":"API Server started at port 54621"}
{"level":20,"time":1639835750756,"pid":1649,"hostname":"fv-az33-685","name":"@waytrade/microservice-core","msg":"HTTP get /test/get/ -> 200 (1ms)"}
{"level":20,"time":1639835750757,"pid":1649,"hostname":"fv-az33-685","name":"@waytrade/microservice-core","msg":"HTTP Server on port 54621 stopped"}
{"level":30,"time":1639835750757,"pid":1649,"hostname":"fv-az33-685","name":"@waytrade/microservice-core","msg":"App stopped."}
{"level":30,"time":1639835750758,"pid":1649,"hostname":"fv-az33-685","name":"@waytrade/microservice-core","msg":"Starting App..."}
{"level":20,"time":1639835750759,"pid":1649,"hostname":"fv-az33-685","name":"@waytrade/microservice-core","msg":"Starting HTTP Server on port 0"}
{"level":20,"time":1639835750759,"pid":1649,"hostname":"fv-az33-685","name":"@waytrade/microservice-core","msg":"HTTP Server listening on port 48759"}
{"level":30,"time":1639835750759,"pid":1649,"hostname":"fv-az33-685","name":"@waytrade/microservice-core","msg":"API Server started at port 48759"}
{"level":20,"time":1639835750759,"pid":1649,"hostname":"fv-az33-685","name":"@waytrade/microservice-core","msg":"Debug message"}
{"level":30,"time":1639835750759,"pid":1649,"hostname":"fv-az33-685","name":"@waytrade/microservice-core","msg":"Info message"}
{"level":40,"time":1639835750760,"pid":1649,"hostname":"fv-az33-685","name":"@waytrade/microservice-core","msg":"Warning message"}
{"level":50,"time":1639835750760,"pid":1649,"hostname":"fv-az33-685","name":"@waytrade/microservice-core","msg":"Error message"}
{"level":20,"time":1639835750760,"pid":1649,"hostname":"fv-az33-685","name":"@waytrade/microservice-core","msg":"HTTP Server on port 48759 stopped"}
{"level":30,"time":1639835750760,"pid":1649,"hostname":"fv-az33-685","name":"@waytrade/microservice-core","msg":"App stopped."}
{"level":20,"time":1639835751969,"pid":1649,"hostname":"fv-az33-685","name":"@waytrade/microservice-core","msg":"Starting HTTP Server on port 0"}
{"level":20,"time":1639835751970,"pid":1649,"hostname":"fv-az33-685","name":"@waytrade/microservice-core","msg":"HTTP Server listening on port 43897"}
{"level":20,"time":1639835751978,"pid":1649,"hostname":"fv-az33-685","name":"@waytrade/microservice-core","msg":"HTTP Server on port 43897 stopped"}
{"level":20,"time":1639835751979,"pid":1649,"hostname":"fv-az33-685","name":"@waytrade/microservice-core","msg":"Starting HTTP Server on port 0"}
{"level":20,"time":1639835751980,"pid":1649,"hostname":"fv-az33-685","name":"@waytrade/microservice-core","msg":"HTTP Server listening on port 48001"}
{"level":20,"time":1639835751983,"pid":1649,"hostname":"fv-az33-685","name":"@waytrade/microservice-core","msg":"HTTP Server on port 48001 stopped"}
{"level":20,"time":1639835751984,"pid":1649,"hostname":"fv-az33-685","name":"@waytrade/microservice-core","msg":"Starting HTTP Server on port 0"}
{"level":20,"time":1639835751984,"pid":1649,"hostname":"fv-az33-685","name":"@waytrade/microservice-core","msg":"HTTP Server listening on port 44885"}
{"level":50,"time":1639835751986,"pid":1649,"hostname":"fv-az33-685","name":"@waytrade/microservice-core","msg":"Binary data on websocket not supported."}
{"level":20,"time":1639835752985,"pid":1649,"hostname":"fv-az33-685","name":"@waytrade/microservice-core","msg":"HTTP Server on port 44885 stopped"}
{"level":20,"time":1639835752986,"pid":1649,"hostname":"fv-az33-685","name":"@waytrade/microservice-core","msg":"Starting HTTP Server on port 0"}
{"level":20,"time":1639835752987,"pid":1649,"hostname":"fv-az33-685","name":"@waytrade/microservice-core","msg":"HTTP Server listening on port 60623"}
{"level":20,"time":1639835752989,"pid":1649,"hostname":"fv-az33-685","name":"@waytrade/microservice-core","msg":"HTTP Server on port 60623 stopped"}
{"level":20,"time":1639835752990,"pid":1649,"hostname":"fv-az33-685","name":"@waytrade/microservice-core","msg":"Starting HTTP Server on port 0"}
{"level":20,"time":1639835752990,"pid":1649,"hostname":"fv-az33-685","name":"@waytrade/microservice-core","msg":"HTTP Server listening on port 42973"}
{"level":20,"time":1639835753994,"pid":1649,"hostname":"fv-az33-685","name":"@waytrade/microservice-core","msg":"HTTP Server on port 42973 stopped"}
{"level":20,"time":1639835753995,"pid":1649,"hostname":"fv-az33-685","name":"@waytrade/microservice-core","msg":"Starting HTTP Server on port 0"}
{"level":20,"time":1639835753995,"pid":1649,"hostname":"fv-az33-685","name":"@waytrade/microservice-core","msg":"HTTP Server listening on port 55107"}
{"level":20,"time":1639835754034,"pid":1649,"hostname":"fv-az33-685","name":"@waytrade/microservice-core","msg":"HTTP Server on port 55107 stopped"}
{"level":20,"time":1639835754034,"pid":1649,"hostname":"fv-az33-685","name":"@waytrade/microservice-core","msg":"Starting HTTP Server on port 0"}
{"level":20,"time":1639835754034,"pid":1649,"hostname":"fv-az33-685","name":"@waytrade/microservice-core","msg":"HTTP Server listening on port 47325"}
{"level":20,"time":1639835754252,"pid":1649,"hostname":"fv-az33-685","name":"@waytrade/microservice-core","msg":"HTTP Server on port 47325 stopped"}
{"level":30,"time":1639835755402,"pid":1649,"hostname":"fv-az33-685","name":"@waytrade/microservice-core","msg":"Starting App..."}
{"level":20,"time":1639835755403,"pid":1649,"hostname":"fv-az33-685","name":"@waytrade/microservice-core","msg":"Starting HTTP Server on port 0"}
{"level":20,"time":1639835755404,"pid":1649,"hostname":"fv-az33-685","name":"@waytrade/microservice-core","msg":"HTTP Server listening on port 47835"}
{"level":20,"time":1639835755404,"pid":1649,"hostname":"fv-az33-685","name":"@waytrade/microservice-core","msg":"Starting HTTP Server on port 0"}
{"level":20,"time":1639835755404,"pid":1649,"hostname":"fv-az33-685","name":"@waytrade/microservice-core","msg":"HTTP Server listening on port 57859"}
{"level":30,"time":1639835755405,"pid":1649,"hostname":"fv-az33-685","name":"@waytrade/microservice-core","msg":"API Server started at port 47835"}
{"level":30,"time":1639835755405,"pid":1649,"hostname":"fv-az33-685","name":"@waytrade/microservice-core","msg":"Webhook Callback Server started at port 57859"}
{"level":20,"time":1639835755406,"pid":1649,"hostname":"fv-az33-685","name":"@waytrade/microservice-core","msg":"HTTP Server on port 47835 stopped"}
{"level":20,"time":1639835755407,"pid":1649,"hostname":"fv-az33-685","name":"@waytrade/microservice-core","msg":"HTTP Server on port 57859 stopped"}
{"level":30,"time":1639835755407,"pid":1649,"hostname":"fv-az33-685","name":"@waytrade/microservice-core","msg":"App stopped."}
{"level":30,"time":1639835755409,"pid":1649,"hostname":"fv-az33-685","name":"@waytrade/microservice-core","msg":"Starting App..."}
{"level":20,"time":1639835755410,"pid":1649,"hostname":"fv-az33-685","name":"@waytrade/microservice-core","msg":"Starting HTTP Server on port 0"}
{"level":20,"time":1639835755410,"pid":1649,"hostname":"fv-az33-685","name":"@waytrade/microservice-core","msg":"HTTP Server listening on port 53267"}
{"level":20,"time":1639835755410,"pid":1649,"hostname":"fv-az33-685","name":"@waytrade/microservice-core","msg":"Starting HTTP Server on port 0"}
{"level":20,"time":1639835755410,"pid":1649,"hostname":"fv-az33-685","name":"@waytrade/microservice-core","msg":"HTTP Server listening on port 57587"}
{"level":30,"time":1639835755411,"pid":1649,"hostname":"fv-az33-685","name":"@waytrade/microservice-core","msg":"API Server started at port 53267"}
{"level":30,"time":1639835755411,"pid":1649,"hostname":"fv-az33-685","name":"@waytrade/microservice-core","msg":"Webhook Callback Server started at port 57587"}
{"level":20,"time":1639835755412,"pid":1649,"hostname":"fv-az33-685","name":"@waytrade/microservice-core","msg":"HTTP Server on port 53267 stopped"}
{"level":20,"time":1639835755412,"pid":1649,"hostname":"fv-az33-685","name":"@waytrade/microservice-core","msg":"HTTP Server on port 57587 stopped"}
{"level":30,"time":1639835755412,"pid":1649,"hostname":"fv-az33-685","name":"@waytrade/microservice-core","msg":"App stopped."}
{"level":30,"time":1639835755413,"pid":1649,"hostname":"fv-az33-685","name":"@waytrade/microservice-core","msg":"Starting App..."}
{"level":20,"time":1639835755414,"pid":1649,"hostname":"fv-az33-685","name":"@waytrade/microservice-core","msg":"Starting HTTP Server on port 0"}
{"level":20,"time":1639835755414,"pid":1649,"hostname":"fv-az33-685","name":"@waytrade/microservice-core","msg":"HTTP Server listening on port 42453"}
{"level":20,"time":1639835755414,"pid":1649,"hostname":"fv-az33-685","name":"@waytrade/microservice-core","msg":"Starting HTTP Server on port 0"}
{"level":20,"time":1639835755414,"pid":1649,"hostname":"fv-az33-685","name":"@waytrade/microservice-core","msg":"HTTP Server listening on port 51575"}
{"level":50,"time":1639835755415,"pid":1649,"hostname":"fv-az33-685","name":"@waytrade/microservice-core","msg":"App start failed: Controller booth failed"}
{"level":20,"time":1639835755416,"pid":1649,"hostname":"fv-az33-685","name":"@waytrade/microservice-core","msg":"HTTP Server on port 42453 stopped"}
{"level":20,"time":1639835755416,"pid":1649,"hostname":"fv-az33-685","name":"@waytrade/microservice-core","msg":"HTTP Server on port 51575 stopped"}
{"level":30,"time":1639835755416,"pid":1649,"hostname":"fv-az33-685","name":"@waytrade/microservice-core","msg":"App stopped."}
{"level":30,"time":1639835755417,"pid":1649,"hostname":"fv-az33-685","name":"@waytrade/microservice-core","msg":"Starting App..."}
{"level":20,"time":1639835755417,"pid":1649,"hostname":"fv-az33-685","name":"@waytrade/microservice-core","msg":"Starting HTTP Server on port 0"}
{"level":20,"time":1639835755418,"pid":1649,"hostname":"fv-az33-685","name":"@waytrade/microservice-core","msg":"HTTP Server listening on port 37317"}
{"level":20,"time":1639835755418,"pid":1649,"hostname":"fv-az33-685","name":"@waytrade/microservice-core","msg":"Starting HTTP Server on port 0"}
{"level":20,"time":1639835755418,"pid":1649,"hostname":"fv-az33-685","name":"@waytrade/microservice-core","msg":"HTTP Server listening on port 38653"}
{"level":50,"time":1639835755418,"pid":1649,"hostname":"fv-az33-685","name":"@waytrade/microservice-core","msg":"App start failed: Controller booth failed"}
{"level":20,"time":1639835755418,"pid":1649,"hostname":"fv-az33-685","name":"@waytrade/microservice-core","msg":"HTTP Server on port 37317 stopped"}
{"level":20,"time":1639835755418,"pid":1649,"hostname":"fv-az33-685","name":"@waytrade/microservice-core","msg":"HTTP Server on port 38653 stopped"}
{"level":30,"time":1639835755418,"pid":1649,"hostname":"fv-az33-685","name":"@waytrade/microservice-core","msg":"App stopped."}
{"level":30,"time":1639835755420,"pid":1649,"hostname":"fv-az33-685","name":"@waytrade/microservice-core","msg":"Starting App..."}
{"level":20,"time":1639835755420,"pid":1649,"hostname":"fv-az33-685","name":"@waytrade/microservice-core","msg":"Starting HTTP Server on port 0"}
{"level":20,"time":1639835755421,"pid":1649,"hostname":"fv-az33-685","name":"@waytrade/microservice-core","msg":"HTTP Server listening on port 47145"}
{"level":20,"time":1639835755421,"pid":1649,"hostname":"fv-az33-685","name":"@waytrade/microservice-core","msg":"Starting HTTP Server on port 0"}
{"level":20,"time":1639835755421,"pid":1649,"hostname":"fv-az33-685","name":"@waytrade/microservice-core","msg":"HTTP Server listening on port 56605"}
{"level":50,"time":1639835755421,"pid":1649,"hostname":"fv-az33-685","name":"@waytrade/microservice-core","msg":"App start failed: Controller booth failed"}
{"level":20,"time":1639835755421,"pid":1649,"hostname":"fv-az33-685","name":"@waytrade/microservice-core","msg":"HTTP Server on port 47145 stopped"}
{"level":20,"time":1639835755421,"pid":1649,"hostname":"fv-az33-685","name":"@waytrade/microservice-core","msg":"HTTP Server on port 56605 stopped"}
{"level":30,"time":1639835755422,"pid":1649,"hostname":"fv-az33-685","name":"@waytrade/microservice-core","msg":"App stopped."}
{"level":30,"time":1639835755423,"pid":1649,"hostname":"fv-az33-685","name":"@waytrade/microservice-core","msg":"Starting App..."}
{"level":20,"time":1639835755423,"pid":1649,"hostname":"fv-az33-685","name":"@waytrade/microservice-core","msg":"Starting HTTP Server on port 0"}
{"level":20,"time":1639835755423,"pid":1649,"hostname":"fv-az33-685","name":"@waytrade/microservice-core","msg":"HTTP Server listening on port 47875"}
{"level":20,"time":1639835755423,"pid":1649,"hostname":"fv-az33-685","name":"@waytrade/microservice-core","msg":"Starting HTTP Server on port 0"}
{"level":20,"time":1639835755423,"pid":1649,"hostname":"fv-az33-685","name":"@waytrade/microservice-core","msg":"HTTP Server listening on port 46647"}
{"level":50,"time":1639835755423,"pid":1649,"hostname":"fv-az33-685","name":"@waytrade/microservice-core","msg":"App start failed: Controller booth failed"}
{"level":20,"time":1639835755423,"pid":1649,"hostname":"fv-az33-685","name":"@waytrade/microservice-core","msg":"HTTP Server on port 47875 stopped"}
{"level":20,"time":1639835755424,"pid":1649,"hostname":"fv-az33-685","name":"@waytrade/microservice-core","msg":"HTTP Server on port 46647 stopped"}
{"level":30,"time":1639835755424,"pid":1649,"hostname":"fv-az33-685","name":"@waytrade/microservice-core","msg":"App stopped."}
{"level":30,"time":1639835756551,"pid":1649,"hostname":"fv-az33-685","name":"@waytrade/microservice-core","msg":"Starting App..."}
{"level":20,"time":1639835756553,"pid":1649,"hostname":"fv-az33-685","name":"@waytrade/microservice-core","msg":"Starting HTTP Server on port 0"}
{"level":20,"time":1639835756554,"pid":1649,"hostname":"fv-az33-685","name":"@waytrade/microservice-core","msg":"HTTP Server listening on port 46429"}
{"level":30,"time":1639835756554,"pid":1649,"hostname":"fv-az33-685","name":"@waytrade/microservice-core","msg":"API Server started at port 46429"}
{"level":20,"time":1639835756556,"pid":1649,"hostname":"fv-az33-685","name":"@waytrade/microservice-core","msg":"HTTP Server on port 46429 stopped"}
{"level":30,"time":1639835756556,"pid":1649,"hostname":"fv-az33-685","name":"@waytrade/microservice-core","msg":"App stopped."}
{"level":30,"time":1639835756558,"pid":1649,"hostname":"fv-az33-685","name":"@waytrade/microservice-core","msg":"Starting App..."}
{"level":20,"time":1639835756558,"pid":1649,"hostname":"fv-az33-685","name":"@waytrade/microservice-core","msg":"Starting HTTP Server on port 0"}
{"level":20,"time":1639835756558,"pid":1649,"hostname":"fv-az33-685","name":"@waytrade/microservice-core","msg":"HTTP Server listening on port 56849"}
{"level":30,"time":1639835756559,"pid":1649,"hostname":"fv-az33-685","name":"@waytrade/microservice-core","msg":"API Server started at port 56849"}
{"level":20,"time":1639835756559,"pid":1649,"hostname":"fv-az33-685","name":"@waytrade/microservice-core","msg":"HTTP Server on port 56849 stopped"}
{"level":30,"time":1639835756560,"pid":1649,"hostname":"fv-az33-685","name":"@waytrade/microservice-core","msg":"App stopped."}
{"level":30,"time":1639835756561,"pid":1649,"hostname":"fv-az33-685","name":"@waytrade/microservice-core","msg":"Starting App..."}
{"level":20,"time":1639835756561,"pid":1649,"hostname":"fv-az33-685","name":"@waytrade/microservice-core","msg":"Starting HTTP Server on port 0"}
{"level":20,"time":1639835756561,"pid":1649,"hostname":"fv-az33-685","name":"@waytrade/microservice-core","msg":"HTTP Server listening on port 43745"}
{"level":50,"time":1639835756562,"pid":1649,"hostname":"fv-az33-685","name":"@waytrade/microservice-core","msg":"App start failed: Controller booth failed"}
{"level":20,"time":1639835756563,"pid":1649,"hostname":"fv-az33-685","name":"@waytrade/microservice-core","msg":"HTTP Server on port 43745 stopped"}
{"level":30,"time":1639835756563,"pid":1649,"hostname":"fv-az33-685","name":"@waytrade/microservice-core","msg":"App stopped."}
{"level":30,"time":1639835756564,"pid":1649,"hostname":"fv-az33-685","name":"@waytrade/microservice-core","msg":"Starting App..."}
{"level":20,"time":1639835756564,"pid":1649,"hostname":"fv-az33-685","name":"@waytrade/microservice-core","msg":"Starting HTTP Server on port 0"}
{"level":20,"time":1639835756564,"pid":1649,"hostname":"fv-az33-685","name":"@waytrade/microservice-core","msg":"HTTP Server listening on port 41561"}
{"level":50,"time":1639835756564,"pid":1649,"hostname":"fv-az33-685","name":"@waytrade/microservice-core","msg":"App start failed: Controller booth failed"}
{"level":20,"time":1639835756565,"pid":1649,"hostname":"fv-az33-685","name":"@waytrade/microservice-core","msg":"HTTP Server on port 41561 stopped"}
{"level":30,"time":1639835756565,"pid":1649,"hostname":"fv-az33-685","name":"@waytrade/microservice-core","msg":"App stopped."}
{"level":30,"time":1639835756567,"pid":1649,"hostname":"fv-az33-685","name":"@waytrade/microservice-core","msg":"Starting App..."}
{"level":20,"time":1639835756567,"pid":1649,"hostname":"fv-az33-685","name":"@waytrade/microservice-core","msg":"Starting HTTP Server on port 0"}
{"level":20,"time":1639835756567,"pid":1649,"hostname":"fv-az33-685","name":"@waytrade/microservice-core","msg":"HTTP Server listening on port 48515"}
{"level":50,"time":1639835756567,"pid":1649,"hostname":"fv-az33-685","name":"@waytrade/microservice-core","msg":"App start failed: Controller booth failed"}
{"level":20,"time":1639835756568,"pid":1649,"hostname":"fv-az33-685","name":"@waytrade/microservice-core","msg":"HTTP Server on port 48515 stopped"}
{"level":30,"time":1639835756568,"pid":1649,"hostname":"fv-az33-685","name":"@waytrade/microservice-core","msg":"App stopped."}
{"level":30,"time":1639835756569,"pid":1649,"hostname":"fv-az33-685","name":"@waytrade/microservice-core","msg":"Starting App..."}
{"level":20,"time":1639835756569,"pid":1649,"hostname":"fv-az33-685","name":"@waytrade/microservice-core","msg":"Starting HTTP Server on port 0"}
{"level":20,"time":1639835756569,"pid":1649,"hostname":"fv-az33-685","name":"@waytrade/microservice-core","msg":"HTTP Server listening on port 53491"}
{"level":50,"time":1639835756569,"pid":1649,"hostname":"fv-az33-685","name":"@waytrade/microservice-core","msg":"App start failed: Controller booth failed"}
{"level":20,"time":1639835756569,"pid":1649,"hostname":"fv-az33-685","name":"@waytrade/microservice-core","msg":"HTTP Server on port 53491 stopped"}
{"level":30,"time":1639835756570,"pid":1649,"hostname":"fv-az33-685","name":"@waytrade/microservice-core","msg":"App stopped."}
{"level":30,"time":1639835757605,"pid":1649,"hostname":"fv-az33-685","name":"@waytrade/microservice-core","msg":"Starting App..."}
{"level":20,"time":1639835757606,"pid":1649,"hostname":"fv-az33-685","name":"@waytrade/microservice-core","msg":"Starting HTTP Server on port 0"}
{"level":20,"time":1639835757607,"pid":1649,"hostname":"fv-az33-685","name":"@waytrade/microservice-core","msg":"HTTP Server listening on port 37959"}
{"level":30,"time":1639835757607,"pid":1649,"hostname":"fv-az33-685","name":"@waytrade/microservice-core","msg":"API Server started at port 37959"}
{"level":20,"time":1639835757608,"pid":1649,"hostname":"fv-az33-685","name":"@waytrade/microservice-core","msg":"HTTP Server on port 37959 stopped"}
{"level":30,"time":1639835757608,"pid":1649,"hostname":"fv-az33-685","name":"@waytrade/microservice-core","msg":"App stopped."}
{"level":30,"time":1639835757610,"pid":1649,"hostname":"fv-az33-685","name":"@waytrade/microservice-core","msg":"Starting App..."}
{"level":20,"time":1639835757611,"pid":1649,"hostname":"fv-az33-685","name":"@waytrade/microservice-core","msg":"Starting HTTP Server on port 0"}
{"level":20,"time":1639835757611,"pid":1649,"hostname":"fv-az33-685","name":"@waytrade/microservice-core","msg":"HTTP Server listening on port 51693"}
{"level":30,"time":1639835757611,"pid":1649,"hostname":"fv-az33-685","name":"@waytrade/microservice-core","msg":"API Server started at port 51693"}
{"level":20,"time":1639835757612,"pid":1649,"hostname":"fv-az33-685","name":"@waytrade/microservice-core","msg":"HTTP Server on port 51693 stopped"}
{"level":30,"time":1639835757612,"pid":1649,"hostname":"fv-az33-685","name":"@waytrade/microservice-core","msg":"App stopped."}
{"level":30,"time":1639835757614,"pid":1649,"hostname":"fv-az33-685","name":"@waytrade/microservice-core","msg":"Starting App..."}
{"level":50,"time":1639835757614,"pid":1649,"hostname":"fv-az33-685","name":"@waytrade/microservice-core","msg":"App start failed: Controller booth failed"}
{"level":30,"time":1639835757615,"pid":1649,"hostname":"fv-az33-685","name":"@waytrade/microservice-core","msg":"App stopped."}
{"level":30,"time":1639835757616,"pid":1649,"hostname":"fv-az33-685","name":"@waytrade/microservice-core","msg":"Starting App..."}
{"level":50,"time":1639835757616,"pid":1649,"hostname":"fv-az33-685","name":"@waytrade/microservice-core","msg":"App start failed: Controller booth failed"}
{"level":30,"time":1639835757617,"pid":1649,"hostname":"fv-az33-685","name":"@waytrade/microservice-core","msg":"App stopped."}
{"level":30,"time":1639835757618,"pid":1649,"hostname":"fv-az33-685","name":"@waytrade/microservice-core","msg":"Starting App..."}
{"level":50,"time":1639835757618,"pid":1649,"hostname":"fv-az33-685","name":"@waytrade/microservice-core","msg":"App start failed: Controller booth failed"}
{"level":30,"time":1639835757618,"pid":1649,"hostname":"fv-az33-685","name":"@waytrade/microservice-core","msg":"App stopped."}
{"level":30,"time":1639835757620,"pid":1649,"hostname":"fv-az33-685","name":"@waytrade/microservice-core","msg":"Starting App..."}
{"level":50,"time":1639835757620,"pid":1649,"hostname":"fv-az33-685","name":"@waytrade/microservice-core","msg":"App start failed: Controller booth failed"}
{"level":30,"time":1639835757620,"pid":1649,"hostname":"fv-az33-685","name":"@waytrade/microservice-core","msg":"App stopped."}
{"level":20,"time":1639835758687,"pid":1649,"hostname":"fv-az33-685","name":"@waytrade/microservice-core","msg":"Starting HTTP Server on port 0"}
{"level":20,"time":1639835758688,"pid":1649,"hostname":"fv-az33-685","name":"@waytrade/microservice-core","msg":"HTTP Server listening on port 55123"}
{"level":20,"time":1639835758688,"pid":1649,"hostname":"fv-az33-685","name":"@waytrade/microservice-core","msg":"HTTP Server on port 55123 stopped"}
{"level":20,"time":1639835758689,"pid":1649,"hostname":"fv-az33-685","name":"@waytrade/microservice-core","msg":"Starting HTTP Server on port 3999"}
{"level":20,"time":1639835758690,"pid":1649,"hostname":"fv-az33-685","name":"@waytrade/microservice-core","msg":"HTTP Server listening on port 3999"}
{"level":20,"time":1639835758690,"pid":1649,"hostname":"fv-az33-685","name":"@waytrade/microservice-core","msg":"HTTP Server on port 3999 stopped"}
{"level":20,"time":1639835758691,"pid":1649,"hostname":"fv-az33-685","name":"@waytrade/microservice-core","msg":"Starting HTTP Server on port 0"}
{"level":20,"time":1639835758691,"pid":1649,"hostname":"fv-az33-685","name":"@waytrade/microservice-core","msg":"HTTP Server listening on port 40755"}
{"level":20,"time":1639835758697,"pid":1649,"hostname":"fv-az33-685","name":"@waytrade/microservice-core","msg":"/some/invalid/path not found."}
{"level":20,"time":1639835758698,"pid":1649,"hostname":"fv-az33-685","name":"@waytrade/microservice-core","msg":"HTTP Server on port 40755 stopped"}
{"level":20,"time":1639835758699,"pid":1649,"hostname":"fv-az33-685","name":"@waytrade/microservice-core","msg":"Starting HTTP Server on port 0"}
{"level":20,"time":1639835758699,"pid":1649,"hostname":"fv-az33-685","name":"@waytrade/microservice-core","msg":"HTTP Server listening on port 43275"}
{"level":20,"time":1639835758701,"pid":1649,"hostname":"fv-az33-685","name":"@waytrade/microservice-core","msg":"HTTP Server on port 43275 stopped"}
{"level":20,"time":1639835758702,"pid":1649,"hostname":"fv-az33-685","name":"@waytrade/microservice-core","msg":"Starting HTTP Server on port 0"}
{"level":20,"time":1639835758702,"pid":1649,"hostname":"fv-az33-685","name":"@waytrade/microservice-core","msg":"HTTP Server listening on port 34531"}
{"level":20,"time":1639835758704,"pid":1649,"hostname":"fv-az33-685","name":"@waytrade/microservice-core","msg":"HTTP Server on port 34531 stopped"}
{"level":20,"time":1639835758705,"pid":1649,"hostname":"fv-az33-685","name":"@waytrade/microservice-core","msg":"Starting HTTP Server on port 0"}
{"level":20,"time":1639835758705,"pid":1649,"hostname":"fv-az33-685","name":"@waytrade/microservice-core","msg":"HTTP Server listening on port 50581"}
{"level":20,"time":1639835758706,"pid":1649,"hostname":"fv-az33-685","name":"@waytrade/microservice-core","msg":"HTTP get /api/dummy/customResponseHeader -> 200 (0ms)"}
{"level":20,"time":1639835758707,"pid":1649,"hostname":"fv-az33-685","name":"@waytrade/microservice-core","msg":"HTTP Server on port 50581 stopped"}
{"level":30,"time":1639835759720,"pid":1649,"hostname":"fv-az33-685","name":"@waytrade/microservice-core","msg":"Starting App..."}
{"level":20,"time":1639835759721,"pid":1649,"hostname":"fv-az33-685","name":"@waytrade/microservice-core","msg":"Starting HTTP Server on port 0"}
{"level":20,"time":1639835759722,"pid":1649,"hostname":"fv-az33-685","name":"@waytrade/microservice-core","msg":"HTTP Server listening on port 38899"}
{"level":20,"time":1639835759722,"pid":1649,"hostname":"fv-az33-685","name":"@waytrade/microservice-core","msg":"Starting HTTP Server on port 0"}
{"level":20,"time":1639835759722,"pid":1649,"hostname":"fv-az33-685","name":"@waytrade/microservice-core","msg":"HTTP Server listening on port 37079"}
{"level":30,"time":1639835759722,"pid":1649,"hostname":"fv-az33-685","name":"@waytrade/microservice-core","msg":"API Server started at port 38899"}
{"level":30,"time":1639835759722,"pid":1649,"hostname":"fv-az33-685","name":"@waytrade/microservice-core","msg":"Webhook Callback Server started at port 37079"}
{"level":30,"time":1639835759723,"pid":1649,"hostname":"fv-az33-685","name":"@waytrade/microservice-core","msg":"Starting App..."}
{"level":20,"time":1639835759724,"pid":1649,"hostname":"fv-az33-685","name":"@waytrade/microservice-core","msg":"Starting HTTP Server on port 0"}
{"level":20,"time":1639835759724,"pid":1649,"hostname":"fv-az33-685","name":"@waytrade/microservice-core","msg":"HTTP Server listening on port 58895"}
{"level":20,"time":1639835759724,"pid":1649,"hostname":"fv-az33-685","name":"@waytrade/microservice-core","msg":"Starting HTTP Server on port 0"}
{"level":20,"time":1639835759724,"pid":1649,"hostname":"fv-az33-685","name":"@waytrade/microservice-core","msg":"HTTP Server listening on port 57755"}
{"level":30,"time":1639835759724,"pid":1649,"hostname":"fv-az33-685","name":"@waytrade/microservice-core","msg":"API Server started at port 58895"}
{"level":30,"time":1639835759724,"pid":1649,"hostname":"fv-az33-685","name":"@waytrade/microservice-core","msg":"Webhook Callback Server started at port 57755"}
{"level":20,"time":1639835759732,"pid":1649,"hostname":"fv-az33-685","name":"@waytrade/microservice-core","msg":"HTTP get /api/test/ -> 200 (1ms)"}
{"level":20,"time":1639835759737,"pid":1649,"hostname":"fv-az33-685","name":"@waytrade/microservice-core","msg":"HTTP get /api/test/ -> 200 (1ms)"}
{"level":50,"time":1639835759742,"pid":1649,"hostname":"fv-az33-685","name":"@waytrade/microservice-core","msg":"onVerifyBearerAuth not implement, rejecting request."}
{"level":20,"time":1639835759744,"pid":1649,"hostname":"fv-az33-685","name":"@waytrade/microservice-core","msg":"HTTP get /api/test/ -> 200 (0ms)"}
{"level":20,"time":1639835759745,"pid":1649,"hostname":"fv-az33-685","name":"@waytrade/microservice-core","msg":"HTTP get /api/test/ -> 200 (0ms)"}
{"level":50,"time":1639835759750,"pid":1649,"hostname":"fv-az33-685","name":"@waytrade/microservice-core","msg":"onVerifyBearerAuth not implement, rejecting request."}
{"level":20,"time":1639835759752,"pid":1649,"hostname":"fv-az33-685","name":"@waytrade/microservice-core","msg":"HTTP Server on port 38899 stopped"}
{"level":20,"time":1639835759752,"pid":1649,"hostname":"fv-az33-685","name":"@waytrade/microservice-core","msg":"HTTP Server on port 37079 stopped"}
{"level":30,"time":1639835759752,"pid":1649,"hostname":"fv-az33-685","name":"@waytrade/microservice-core","msg":"App stopped."}
{"level":20,"time":1639835759752,"pid":1649,"hostname":"fv-az33-685","name":"@waytrade/microservice-core","msg":"HTTP Server on port 58895 stopped"}
{"level":20,"time":1639835759752,"pid":1649,"hostname":"fv-az33-685","name":"@waytrade/microservice-core","msg":"HTTP Server on port 57755 stopped"}
{"level":30,"time":1639835759752,"pid":1649,"hostname":"fv-az33-685","name":"@waytrade/microservice-core","msg":"App stopped."}
{"level":30,"time":1639835762210,"pid":1649,"hostname":"fv-az33-685","name":"@waytrade/microservice-core","msg":"Starting App..."}
{"level":20,"time":1639835762212,"pid":1649,"hostname":"fv-az33-685","name":"@waytrade/microservice-core","msg":"Starting HTTP Server on port 0"}
{"level":20,"time":1639835762213,"pid":1649,"hostname":"fv-az33-685","name":"@waytrade/microservice-core","msg":"HTTP Server listening on port 53487"}
{"level":20,"time":1639835762213,"pid":1649,"hostname":"fv-az33-685","name":"@waytrade/microservice-core","msg":"Starting HTTP Server on port 0"}
{"level":20,"time":1639835762213,"pid":1649,"hostname":"fv-az33-685","name":"@waytrade/microservice-core","msg":"HTTP Server listening on port 60235"}
{"level":30,"time":1639835762213,"pid":1649,"hostname":"fv-az33-685","name":"@waytrade/microservice-core","msg":"API Server started at port 53487"}
{"level":30,"time":1639835762213,"pid":1649,"hostname":"fv-az33-685","name":"@waytrade/microservice-core","msg":"Webhook Callback Server started at port 60235"}
{"level":20,"time":1639835762225,"pid":1649,"hostname":"fv-az33-685","name":"@waytrade/microservice-core","msg":"HTTP get /api/ -> 200 (1ms)"}
{"level":20,"time":1639835762236,"pid":1649,"hostname":"fv-az33-685","name":"@waytrade/microservice-core","msg":"HTTP Server on port 53487 stopped"}
{"level":20,"time":1639835762236,"pid":1649,"hostname":"fv-az33-685","name":"@waytrade/microservice-core","msg":"HTTP Server on port 60235 stopped"}
{"level":30,"time":1639835762236,"pid":1649,"hostname":"fv-az33-685","name":"@waytrade/microservice-core","msg":"App stopped."}
{"level":30,"time":1639835762249,"pid":1649,"hostname":"fv-az33-685","name":"@waytrade/microservice-core","msg":"Starting App..."}
{"level":20,"time":1639835762250,"pid":1649,"hostname":"fv-az33-685","name":"@waytrade/microservice-core","msg":"Starting HTTP Server on port 0"}
{"level":20,"time":1639835762250,"pid":1649,"hostname":"fv-az33-685","name":"@waytrade/microservice-core","msg":"HTTP Server listening on port 46931"}
{"level":20,"time":1639835762250,"pid":1649,"hostname":"fv-az33-685","name":"@waytrade/microservice-core","msg":"Starting HTTP Server on port 0"}
{"level":20,"time":1639835762256,"pid":1649,"hostname":"fv-az33-685","name":"@waytrade/microservice-core","msg":"HTTP Server listening on port 58291"}
{"level":30,"time":1639835762256,"pid":1649,"hostname":"fv-az33-685","name":"@waytrade/microservice-core","msg":"API Server started at port 46931"}
{"level":30,"time":1639835762256,"pid":1649,"hostname":"fv-az33-685","name":"@waytrade/microservice-core","msg":"Webhook Callback Server started at port 58291"}
{"level":20,"time":1639835762268,"pid":1649,"hostname":"fv-az33-685","name":"@waytrade/microservice-core","msg":"HTTP get / -> 200 (0ms)"}
{"level":20,"time":1639835762285,"pid":1649,"hostname":"fv-az33-685","name":"@waytrade/microservice-core","msg":"HTTP Server on port 46931 stopped"}
{"level":20,"time":1639835762285,"pid":1649,"hostname":"fv-az33-685","name":"@waytrade/microservice-core","msg":"HTTP Server on port 58291 stopped"}
{"level":30,"time":1639835762285,"pid":1649,"hostname":"fv-az33-685","name":"@waytrade/microservice-core","msg":"App stopped."}
{"level":30,"time":1639835762301,"pid":1649,"hostname":"fv-az33-685","name":"@waytrade/microservice-core","msg":"Starting App..."}
{"level":20,"time":1639835762301,"pid":1649,"hostname":"fv-az33-685","name":"@waytrade/microservice-core","msg":"Starting HTTP Server on port 0"}
{"level":20,"time":1639835762302,"pid":1649,"hostname":"fv-az33-685","name":"@waytrade/microservice-core","msg":"HTTP Server listening on port 44301"}
{"level":20,"time":1639835762302,"pid":1649,"hostname":"fv-az33-685","name":"@waytrade/microservice-core","msg":"Starting HTTP Server on port 0"}
{"level":20,"time":1639835762302,"pid":1649,"hostname":"fv-az33-685","name":"@waytrade/microservice-core","msg":"HTTP Server listening on port 41709"}
{"level":30,"time":1639835762302,"pid":1649,"hostname":"fv-az33-685","name":"@waytrade/microservice-core","msg":"API Server started at port 44301"}
{"level":30,"time":1639835762302,"pid":1649,"hostname":"fv-az33-685","name":"@waytrade/microservice-core","msg":"Webhook Callback Server started at port 41709"}
{"level":20,"time":1639835762315,"pid":1649,"hostname":"fv-az33-685","name":"@waytrade/microservice-core","msg":"HTTP get /api/ -> 200 (1ms)"}
{"level":20,"time":1639835762332,"pid":1649,"hostname":"fv-az33-685","name":"@waytrade/microservice-core","msg":"HTTP Server on port 44301 stopped"}
{"level":20,"time":1639835762332,"pid":1649,"hostname":"fv-az33-685","name":"@waytrade/microservice-core","msg":"HTTP Server on port 41709 stopped"}
{"level":30,"time":1639835762332,"pid":1649,"hostname":"fv-az33-685","name":"@waytrade/microservice-core","msg":"App stopped."}
{"level":30,"time":1639835762351,"pid":1649,"hostname":"fv-az33-685","name":"@waytrade/microservice-core","msg":"Starting App..."}
{"level":20,"time":1639835762351,"pid":1649,"hostname":"fv-az33-685","name":"@waytrade/microservice-core","msg":"Starting HTTP Server on port 0"}
{"level":20,"time":1639835762351,"pid":1649,"hostname":"fv-az33-685","name":"@waytrade/microservice-core","msg":"HTTP Server listening on port 43437"}
{"level":20,"time":1639835762351,"pid":1649,"hostname":"fv-az33-685","name":"@waytrade/microservice-core","msg":"Starting HTTP Server on port 0"}
{"level":20,"time":1639835762352,"pid":1649,"hostname":"fv-az33-685","name":"@waytrade/microservice-core","msg":"HTTP Server listening on port 60569"}
{"level":30,"time":1639835762352,"pid":1649,"hostname":"fv-az33-685","name":"@waytrade/microservice-core","msg":"API Server started at port 43437"}
{"level":30,"time":1639835762352,"pid":1649,"hostname":"fv-az33-685","name":"@waytrade/microservice-core","msg":"Webhook Callback Server started at port 60569"}
{"level":20,"time":1639835762414,"pid":1649,"hostname":"fv-az33-685","name":"@waytrade/microservice-core","msg":"HTTP Server on port 43437 stopped"}
{"level":20,"time":1639835762414,"pid":1649,"hostname":"fv-az33-685","name":"@waytrade/microservice-core","msg":"HTTP Server on port 60569 stopped"}
{"level":30,"time":1639835762414,"pid":1649,"hostname":"fv-az33-685","name":"@waytrade/microservice-core","msg":"App stopped."}
{"level":30,"time":1639835764371,"pid":1649,"hostname":"fv-az33-685","name":"@waytrade/microservice-core","msg":"Starting App..."}
{"level":20,"time":1639835764373,"pid":1649,"hostname":"fv-az33-685","name":"@waytrade/microservice-core","msg":"Starting HTTP Server on port 0"}
{"level":20,"time":1639835764373,"pid":1649,"hostname":"fv-az33-685","name":"@waytrade/microservice-core","msg":"HTTP Server listening on port 53909"}
{"level":20,"time":1639835764374,"pid":1649,"hostname":"fv-az33-685","name":"@waytrade/microservice-core","msg":"Starting HTTP Server on port 0"}
{"level":20,"time":1639835764374,"pid":1649,"hostname":"fv-az33-685","name":"@waytrade/microservice-core","msg":"HTTP Server listening on port 33889"}
{"level":30,"time":1639835764374,"pid":1649,"hostname":"fv-az33-685","name":"@waytrade/microservice-core","msg":"API Server started at port 53909"}
{"level":30,"time":1639835764374,"pid":1649,"hostname":"fv-az33-685","name":"@waytrade/microservice-core","msg":"Webhook Callback Server started at port 33889"}
{"level":20,"time":1639835764377,"pid":1649,"hostname":"fv-az33-685","name":"@waytrade/microservice-core","msg":"HTTP Server on port 53909 stopped"}
{"level":20,"time":1639835764377,"pid":1649,"hostname":"fv-az33-685","name":"@waytrade/microservice-core","msg":"HTTP Server on port 33889 stopped"}
{"level":30,"time":1639835764378,"pid":1649,"hostname":"fv-az33-685","name":"@waytrade/microservice-core","msg":"App stopped."}
{"level":30,"time":1639835764380,"pid":1649,"hostname":"fv-az33-685","name":"@waytrade/microservice-core","msg":"Starting App..."}
{"level":20,"time":1639835764381,"pid":1649,"hostname":"fv-az33-685","name":"@waytrade/microservice-core","msg":"Starting HTTP Server on port 0"}
{"level":20,"time":1639835764381,"pid":1649,"hostname":"fv-az33-685","name":"@waytrade/microservice-core","msg":"HTTP Server listening on port 59705"}
{"level":20,"time":1639835764381,"pid":1649,"hostname":"fv-az33-685","name":"@waytrade/microservice-core","msg":"Starting HTTP Server on port 0"}
{"level":20,"time":1639835764381,"pid":1649,"hostname":"fv-az33-685","name":"@waytrade/microservice-core","msg":"HTTP Server listening on port 57137"}
{"level":30,"time":1639835764382,"pid":1649,"hostname":"fv-az33-685","name":"@waytrade/microservice-core","msg":"API Server started at port 59705"}
{"level":30,"time":1639835764382,"pid":1649,"hostname":"fv-az33-685","name":"@waytrade/microservice-core","msg":"Webhook Callback Server started at port 57137"}
{"level":20,"time":1639835764383,"pid":1649,"hostname":"fv-az33-685","name":"@waytrade/microservice-core","msg":"HTTP Server on port 59705 stopped"}
{"level":20,"time":1639835764383,"pid":1649,"hostname":"fv-az33-685","name":"@waytrade/microservice-core","msg":"HTTP Server on port 57137 stopped"}
{"level":30,"time":1639835764383,"pid":1649,"hostname":"fv-az33-685","name":"@waytrade/microservice-core","msg":"App stopped."}
{"level":30,"time":1639835764385,"pid":1649,"hostname":"fv-az33-685","name":"@waytrade/microservice-core","msg":"Starting App..."}
{"level":20,"time":1639835764386,"pid":1649,"hostname":"fv-az33-685","name":"@waytrade/microservice-core","msg":"Starting HTTP Server on port 0"}
{"level":20,"time":1639835764386,"pid":1649,"hostname":"fv-az33-685","name":"@waytrade/microservice-core","msg":"HTTP Server listening on port 45161"}
{"level":20,"time":1639835764386,"pid":1649,"hostname":"fv-az33-685","name":"@waytrade/microservice-core","msg":"Starting HTTP Server on port 0"}
{"level":20,"time":1639835764386,"pid":1649,"hostname":"fv-az33-685","name":"@waytrade/microservice-core","msg":"HTTP Server listening on port 44819"}
{"level":30,"time":1639835764386,"pid":1649,"hostname":"fv-az33-685","name":"@waytrade/microservice-core","msg":"API Server started at port 45161"}
{"level":30,"time":1639835764386,"pid":1649,"hostname":"fv-az33-685","name":"@waytrade/microservice-core","msg":"Webhook Callback Server started at port 44819"}
{"level":20,"time":1639835764387,"pid":1649,"hostname":"fv-az33-685","name":"@waytrade/microservice-core","msg":"HTTP Server on port 45161 stopped"}
{"level":20,"time":1639835764387,"pid":1649,"hostname":"fv-az33-685","name":"@waytrade/microservice-core","msg":"HTTP Server on port 44819 stopped"}
{"level":30,"time":1639835764387,"pid":1649,"hostname":"fv-az33-685","name":"@waytrade/microservice-core","msg":"App stopped."}
{"level":30,"time":1639835764389,"pid":1649,"hostname":"fv-az33-685","name":"@waytrade/microservice-core","msg":"Starting App..."}
{"level":20,"time":1639835764389,"pid":1649,"hostname":"fv-az33-685","name":"@waytrade/microservice-core","msg":"Starting HTTP Server on port 0"}
{"level":20,"time":1639835764389,"pid":1649,"hostname":"fv-az33-685","name":"@waytrade/microservice-core","msg":"HTTP Server listening on port 60169"}
{"level":20,"time":1639835764389,"pid":1649,"hostname":"fv-az33-685","name":"@waytrade/microservice-core","msg":"Starting HTTP Server on port 0"}
{"level":20,"time":1639835764389,"pid":1649,"hostname":"fv-az33-685","name":"@waytrade/microservice-core","msg":"HTTP Server listening on port 58799"}
{"level":30,"time":1639835764389,"pid":1649,"hostname":"fv-az33-685","name":"@waytrade/microservice-core","msg":"API Server started at port 60169"}
{"level":30,"time":1639835764390,"pid":1649,"hostname":"fv-az33-685","name":"@waytrade/microservice-core","msg":"Webhook Callback Server started at port 58799"}
{"level":20,"time":1639835764391,"pid":1649,"hostname":"fv-az33-685","name":"@waytrade/microservice-core","msg":"HTTP Server on port 60169 stopped"}
{"level":20,"time":1639835764391,"pid":1649,"hostname":"fv-az33-685","name":"@waytrade/microservice-core","msg":"HTTP Server on port 58799 stopped"}
{"level":30,"time":1639835764391,"pid":1649,"hostname":"fv-az33-685","name":"@waytrade/microservice-core","msg":"App stopped."}
{"level":30,"time":1639835765607,"pid":1649,"hostname":"fv-az33-685","name":"@waytrade/microservice-core","msg":"Starting App..."}
{"level":20,"time":1639835765608,"pid":1649,"hostname":"fv-az33-685","name":"@waytrade/microservice-core","msg":"Starting HTTP Server on port 0"}
{"level":20,"time":1639835765609,"pid":1649,"hostname":"fv-az33-685","name":"@waytrade/microservice-core","msg":"HTTP Server listening on port 55797"}
{"level":30,"time":1639835765609,"pid":1649,"hostname":"fv-az33-685","name":"@waytrade/microservice-core","msg":"API Server started at port 55797"}
{"level":20,"time":1639835765611,"pid":1649,"hostname":"fv-az33-685","name":"@waytrade/microservice-core","msg":"HTTP Server on port 55797 stopped"}
{"level":30,"time":1639835765611,"pid":1649,"hostname":"fv-az33-685","name":"@waytrade/microservice-core","msg":"App stopped."}
{"level":30,"time":1639835765612,"pid":1649,"hostname":"fv-az33-685","name":"@waytrade/microservice-core","msg":"Starting App..."}
{"level":20,"time":1639835765613,"pid":1649,"hostname":"fv-az33-685","name":"@waytrade/microservice-core","msg":"Starting HTTP Server on port 0"}
{"level":20,"time":1639835765613,"pid":1649,"hostname":"fv-az33-685","name":"@waytrade/microservice-core","msg":"HTTP Server listening on port 39657"}
{"level":30,"time":1639835765613,"pid":1649,"hostname":"fv-az33-685","name":"@waytrade/microservice-core","msg":"API Server started at port 39657"}
{"level":20,"time":1639835765613,"pid":1649,"hostname":"fv-az33-685","name":"@waytrade/microservice-core","msg":"HTTP Server on port 39657 stopped"}
{"level":30,"time":1639835765613,"pid":1649,"hostname":"fv-az33-685","name":"@waytrade/microservice-core","msg":"App stopped."}
{"level":30,"time":1639835765614,"pid":1649,"hostname":"fv-az33-685","name":"@waytrade/microservice-core","msg":"Starting App..."}
{"level":20,"time":1639835765615,"pid":1649,"hostname":"fv-az33-685","name":"@waytrade/microservice-core","msg":"Starting HTTP Server on port 0"}
{"level":20,"time":1639835765615,"pid":1649,"hostname":"fv-az33-685","name":"@waytrade/microservice-core","msg":"HTTP Server listening on port 43613"}
{"level":30,"time":1639835765615,"pid":1649,"hostname":"fv-az33-685","name":"@waytrade/microservice-core","msg":"API Server started at port 43613"}
{"level":20,"time":1639835765615,"pid":1649,"hostname":"fv-az33-685","name":"@waytrade/microservice-core","msg":"HTTP Server on port 43613 stopped"}
{"level":30,"time":1639835765615,"pid":1649,"hostname":"fv-az33-685","name":"@waytrade/microservice-core","msg":"App stopped."}
{"level":30,"time":1639835765617,"pid":1649,"hostname":"fv-az33-685","name":"@waytrade/microservice-core","msg":"Starting App..."}
{"level":20,"time":1639835765617,"pid":1649,"hostname":"fv-az33-685","name":"@waytrade/microservice-core","msg":"Starting HTTP Server on port 0"}
{"level":20,"time":1639835765617,"pid":1649,"hostname":"fv-az33-685","name":"@waytrade/microservice-core","msg":"HTTP Server listening on port 58087"}
{"level":30,"time":1639835765617,"pid":1649,"hostname":"fv-az33-685","name":"@waytrade/microservice-core","msg":"API Server started at port 58087"}
{"level":20,"time":1639835765618,"pid":1649,"hostname":"fv-az33-685","name":"@waytrade/microservice-core","msg":"HTTP Server on port 58087 stopped"}
{"level":30,"time":1639835765618,"pid":1649,"hostname":"fv-az33-685","name":"@waytrade/microservice-core","msg":"App stopped."}
{"level":30,"time":1639835766739,"pid":1649,"hostname":"fv-az33-685","name":"@waytrade/microservice-core","msg":"Starting App..."}
{"level":20,"time":1639835766741,"pid":1649,"hostname":"fv-az33-685","name":"@waytrade/microservice-core","msg":"Starting HTTP Server on port 0"}
{"level":20,"time":1639835766741,"pid":1649,"hostname":"fv-az33-685","name":"@waytrade/microservice-core","msg":"HTTP Server listening on port 34815"}
{"level":30,"time":1639835766742,"pid":1649,"hostname":"fv-az33-685","name":"@waytrade/microservice-core","msg":"API Server started at port 34815"}
{"level":20,"time":1639835766744,"pid":1649,"hostname":"fv-az33-685","name":"@waytrade/microservice-core","msg":"HTTP Server on port 34815 stopped"}
{"level":30,"time":1639835766744,"pid":1649,"hostname":"fv-az33-685","name":"@waytrade/microservice-core","msg":"App stopped."}
{"level":30,"time":1639835766746,"pid":1649,"hostname":"fv-az33-685","name":"@waytrade/microservice-core","msg":"Starting App..."}
{"level":20,"time":1639835766746,"pid":1649,"hostname":"fv-az33-685","name":"@waytrade/microservice-core","msg":"Starting HTTP Server on port 0"}
{"level":20,"time":1639835766746,"pid":1649,"hostname":"fv-az33-685","name":"@waytrade/microservice-core","msg":"HTTP Server listening on port 55523"}
{"level":30,"time":1639835766747,"pid":1649,"hostname":"fv-az33-685","name":"@waytrade/microservice-core","msg":"API Server started at port 55523"}
{"level":20,"time":1639835766747,"pid":1649,"hostname":"fv-az33-685","name":"@waytrade/microservice-core","msg":"HTTP Server on port 55523 stopped"}
{"level":30,"time":1639835766747,"pid":1649,"hostname":"fv-az33-685","name":"@waytrade/microservice-core","msg":"App stopped."}
{"level":30,"time":1639835766749,"pid":1649,"hostname":"fv-az33-685","name":"@waytrade/microservice-core","msg":"Starting App..."}
{"level":20,"time":1639835766749,"pid":1649,"hostname":"fv-az33-685","name":"@waytrade/microservice-core","msg":"Starting HTTP Server on port 0"}
{"level":20,"time":1639835766749,"pid":1649,"hostname":"fv-az33-685","name":"@waytrade/microservice-core","msg":"HTTP Server listening on port 39721"}
{"level":30,"time":1639835766749,"pid":1649,"hostname":"fv-az33-685","name":"@waytrade/microservice-core","msg":"API Server started at port 39721"}
{"level":20,"time":1639835766750,"pid":1649,"hostname":"fv-az33-685","name":"@waytrade/microservice-core","msg":"HTTP Server on port 39721 stopped"}
{"level":30,"time":1639835766750,"pid":1649,"hostname":"fv-az33-685","name":"@waytrade/microservice-core","msg":"App stopped."}
{"level":30,"time":1639835766751,"pid":1649,"hostname":"fv-az33-685","name":"@waytrade/microservice-core","msg":"Starting App..."}
{"level":20,"time":1639835766752,"pid":1649,"hostname":"fv-az33-685","name":"@waytrade/microservice-core","msg":"Starting HTTP Server on port 0"}
{"level":20,"time":1639835766752,"pid":1649,"hostname":"fv-az33-685","name":"@waytrade/microservice-core","msg":"HTTP Server listening on port 43975"}
{"level":30,"time":1639835766752,"pid":1649,"hostname":"fv-az33-685","name":"@waytrade/microservice-core","msg":"API Server started at port 43975"}
{"level":20,"time":1639835766753,"pid":1649,"hostname":"fv-az33-685","name":"@waytrade/microservice-core","msg":"HTTP Server on port 43975 stopped"}
{"level":30,"time":1639835766753,"pid":1649,"hostname":"fv-az33-685","name":"@waytrade/microservice-core","msg":"App stopped."}
{"level":30,"time":1639835768938,"pid":1649,"hostname":"fv-az33-685","name":"@waytrade/microservice-core","msg":"Starting App..."}
{"level":20,"time":1639835768939,"pid":1649,"hostname":"fv-az33-685","name":"@waytrade/microservice-core","msg":"Starting HTTP Server on port 0"}
{"level":20,"time":1639835768940,"pid":1649,"hostname":"fv-az33-685","name":"@waytrade/microservice-core","msg":"HTTP Server listening on port 47957"}
{"level":30,"time":1639835768940,"pid":1649,"hostname":"fv-az33-685","name":"@waytrade/microservice-core","msg":"API Server started at port 47957"}
{"level":20,"time":1639835768942,"pid":1649,"hostname":"fv-az33-685","name":"@waytrade/microservice-core","msg":"HTTP Server on port 47957 stopped"}
{"level":30,"time":1639835768942,"pid":1649,"hostname":"fv-az33-685","name":"@waytrade/microservice-core","msg":"App stopped."}
{"level":30,"time":1639835768944,"pid":1649,"hostname":"fv-az33-685","name":"@waytrade/microservice-core","msg":"Starting App..."}
{"level":20,"time":1639835768944,"pid":1649,"hostname":"fv-az33-685","name":"@waytrade/microservice-core","msg":"Starting HTTP Server on port 0"}
{"level":20,"time":1639835768944,"pid":1649,"hostname":"fv-az33-685","name":"@waytrade/microservice-core","msg":"HTTP Server listening on port 44831"}
{"level":50,"time":1639835768944,"pid":1649,"hostname":"fv-az33-685","name":"@waytrade/microservice-core","msg":"App start failed: Controller booth failed"}
{"level":20,"time":1639835768945,"pid":1649,"hostname":"fv-az33-685","name":"@waytrade/microservice-core","msg":"HTTP Server on port 44831 stopped"}
{"level":30,"time":1639835768945,"pid":1649,"hostname":"fv-az33-685","name":"@waytrade/microservice-core","msg":"App stopped."}
{"level":30,"time":1639835768946,"pid":1649,"hostname":"fv-az33-685","name":"@waytrade/microservice-core","msg":"Starting App..."}
{"level":20,"time":1639835768946,"pid":1649,"hostname":"fv-az33-685","name":"@waytrade/microservice-core","msg":"Starting HTTP Server on port 0"}
{"level":20,"time":1639835768947,"pid":1649,"hostname":"fv-az33-685","name":"@waytrade/microservice-core","msg":"HTTP Server listening on port 59531"}
{"level":50,"time":1639835768947,"pid":1649,"hostname":"fv-az33-685","name":"@waytrade/microservice-core","msg":"App start failed: Controller booth failed"}
{"level":20,"time":1639835768947,"pid":1649,"hostname":"fv-az33-685","name":"@waytrade/microservice-core","msg":"HTTP Server on port 59531 stopped"}
{"level":30,"time":1639835768947,"pid":1649,"hostname":"fv-az33-685","name":"@waytrade/microservice-core","msg":"App stopped."}
{"level":30,"time":1639835770215,"pid":1649,"hostname":"fv-az33-685","name":"@waytrade/microservice-core","msg":"Starting App..."}
{"level":20,"time":1639835770216,"pid":1649,"hostname":"fv-az33-685","name":"@waytrade/microservice-core","msg":"Starting HTTP Server on port 0"}
{"level":20,"time":1639835770217,"pid":1649,"hostname":"fv-az33-685","name":"@waytrade/microservice-core","msg":"HTTP Server listening on port 58161"}
{"level":30,"time":1639835770218,"pid":1649,"hostname":"fv-az33-685","name":"@waytrade/microservice-core","msg":"API Server started at port 58161"}
{"level":20,"time":1639835770229,"pid":1649,"hostname":"fv-az33-685","name":"@waytrade/microservice-core","msg":"HTTP get /openapi.json -> 200 (1ms)"}
{"level":20,"time":1639835770232,"pid":1649,"hostname":"fv-az33-685","name":"@waytrade/microservice-core","msg":"HTTP Server on port 58161 stopped"}
{"level":30,"time":1639835770232,"pid":1649,"hostname":"fv-az33-685","name":"@waytrade/microservice-core","msg":"App stopped."}
{"level":30,"time":1639835771409,"pid":1649,"hostname":"fv-az33-685","name":"@waytrade/microservice-core","msg":"Starting App..."}
{"level":20,"time":1639835771411,"pid":1649,"hostname":"fv-az33-685","name":"@waytrade/microservice-core","msg":"Starting HTTP Server on port 0"}
{"level":20,"time":1639835771411,"pid":1649,"hostname":"fv-az33-685","name":"@waytrade/microservice-core","msg":"HTTP Server listening on port 43623"}
{"level":20,"time":1639835771411,"pid":1649,"hostname":"fv-az33-685","name":"@waytrade/microservice-core","msg":"Starting HTTP Server on port 0"}
{"level":20,"time":1639835771411,"pid":1649,"hostname":"fv-az33-685","name":"@waytrade/microservice-core","msg":"HTTP Server listening on port 35391"}
{"level":30,"time":1639835771412,"pid":1649,"hostname":"fv-az33-685","name":"@waytrade/microservice-core","msg":"API Server started at port 43623"}
{"level":30,"time":1639835771412,"pid":1649,"hostname":"fv-az33-685","name":"@waytrade/microservice-core","msg":"Webhook Callback Server started at port 35391"}
{"level":20,"time":1639835771417,"pid":1649,"hostname":"fv-az33-685","name":"@waytrade/microservice-core","msg":"HTTP Server on port 43623 stopped"}
{"level":20,"time":1639835771417,"pid":1649,"hostname":"fv-az33-685","name":"@waytrade/microservice-core","msg":"HTTP Server on port 35391 stopped"}
{"level":30,"time":1639835771418,"pid":1649,"hostname":"fv-az33-685","name":"@waytrade/microservice-core","msg":"App stopped."}
{"level":20,"time":1639835772753,"pid":1649,"hostname":"fv-az33-685","name":"@waytrade/microservice-core","msg":"Starting HTTP Server on port 0"}
{"level":20,"time":1639835772754,"pid":1649,"hostname":"fv-az33-685","name":"@waytrade/microservice-core","msg":"HTTP Server listening on port 48799"}
{"level":20,"time":1639835772763,"pid":1649,"hostname":"fv-az33-685","name":"@waytrade/microservice-core","msg":"HTTP get /api/dummy/ -> 200 (0ms)"}
{"level":20,"time":1639835772809,"pid":1649,"hostname":"fv-az33-685","name":"@waytrade/microservice-core","msg":"HTTP Server on port 48799 stopped"}
{"level":30,"time":1639835776708,"pid":1649,"hostname":"fv-az33-685","name":"@waytrade/microservice-core","msg":"Starting App..."}
{"level":20,"time":1639835776710,"pid":1649,"hostname":"fv-az33-685","name":"@waytrade/microservice-core","msg":"Starting HTTP Server on port 0"}
{"level":20,"time":1639835776710,"pid":1649,"hostname":"fv-az33-685","name":"@waytrade/microservice-core","msg":"HTTP Server listening on port 33345"}
{"level":30,"time":1639835776710,"pid":1649,"hostname":"fv-az33-685","name":"@waytrade/microservice-core","msg":"API Server started at port 33345"}
{"level":20,"time":1639835776721,"pid":1649,"hostname":"fv-az33-685","name":"@waytrade/microservice-core","msg":"HTTP get /openapi.json -> 200 (2ms)"}
{"level":20,"time":1639835776728,"pid":1649,"hostname":"fv-az33-685","name":"@waytrade/microservice-core","msg":"HTTP Server on port 33345 stopped"}
{"level":30,"time":1639835776728,"pid":1649,"hostname":"fv-az33-685","name":"@waytrade/microservice-core","msg":"App stopped."}
