{"level":20,"time":1633782282683,"pid":1833,"hostname":"fv-az39-326","name":"@waytrade/microservice-core","msg":"Starting HTTP Server on port 0"}
{"level":20,"time":1633782282685,"pid":1833,"hostname":"fv-az39-326","name":"@waytrade/microservice-core","msg":"HTTP Server listening on port 57535"}
{"level":20,"time":1633782282708,"pid":1833,"hostname":"fv-az39-326","name":"@waytrade/microservice-core","msg":"HTTP get /openapi.json -> 200 (5ms)"}
{"level":20,"time":1633782282711,"pid":1833,"hostname":"fv-az39-326","name":"@waytrade/microservice-core","msg":"HTTP Server on port 57535 stopped"}
{"level":20,"time":1633782282713,"pid":1833,"hostname":"fv-az39-326","name":"@waytrade/microservice-core","msg":"Starting HTTP Server on port 0"}
{"level":20,"time":1633782282714,"pid":1833,"hostname":"fv-az39-326","name":"@waytrade/microservice-core","msg":"HTTP Server listening on port 59477"}
{"level":20,"time":1633782282717,"pid":1833,"hostname":"fv-az39-326","name":"@waytrade/microservice-core","msg":"HTTP get /openapi.json -> 200 (1ms)"}
{"level":20,"time":1633782282738,"pid":1833,"hostname":"fv-az39-326","name":"@waytrade/microservice-core","msg":"HTTP Server on port 59477 stopped"}
{"level":20,"time":1633782282739,"pid":1833,"hostname":"fv-az39-326","name":"@waytrade/microservice-core","msg":"Starting HTTP Server on port 0"}
{"level":20,"time":1633782282739,"pid":1833,"hostname":"fv-az39-326","name":"@waytrade/microservice-core","msg":"HTTP Server listening on port 50471"}
{"level":20,"time":1633782282740,"pid":1833,"hostname":"fv-az39-326","name":"@waytrade/microservice-core","msg":"Starting HTTP Server on port 0"}
{"level":20,"time":1633782282741,"pid":1833,"hostname":"fv-az39-326","name":"@waytrade/microservice-core","msg":"HTTP Server listening on port 58647"}
{"level":20,"time":1633782282743,"pid":1833,"hostname":"fv-az39-326","name":"@waytrade/microservice-core","msg":"HTTP get /openapi.json -> 200 (1ms)"}
{"level":20,"time":1633782282743,"pid":1833,"hostname":"fv-az39-326","name":"@waytrade/microservice-core","msg":"HTTP get / -> 200 (0ms)"}
{"level":20,"time":1633782282749,"pid":1833,"hostname":"fv-az39-326","name":"@waytrade/microservice-core","msg":"HTTP Server on port 50471 stopped"}
{"level":20,"time":1633782282750,"pid":1833,"hostname":"fv-az39-326","name":"@waytrade/microservice-core","msg":"HTTP Server on port 58647 stopped"}
{"level":20,"time":1633782282751,"pid":1833,"hostname":"fv-az39-326","name":"@waytrade/microservice-core","msg":"Starting HTTP Server on port 0"}
{"level":20,"time":1633782282751,"pid":1833,"hostname":"fv-az39-326","name":"@waytrade/microservice-core","msg":"HTTP Server listening on port 34203"}
{"level":20,"time":1633782282753,"pid":1833,"hostname":"fv-az39-326","name":"@waytrade/microservice-core","msg":"HTTP get /swagger-ui.css -> 200 (1ms)"}
{"level":20,"time":1633782282754,"pid":1833,"hostname":"fv-az39-326","name":"@waytrade/microservice-core","msg":"HTTP Server on port 34203 stopped"}
{"level":20,"time":1633782282755,"pid":1833,"hostname":"fv-az39-326","name":"@waytrade/microservice-core","msg":"Starting HTTP Server on port 0"}
{"level":20,"time":1633782282755,"pid":1833,"hostname":"fv-az39-326","name":"@waytrade/microservice-core","msg":"HTTP Server listening on port 54407"}
{"level":20,"time":1633782282763,"pid":1833,"hostname":"fv-az39-326","name":"@waytrade/microservice-core","msg":"HTTP get /swagger-ui-bundle.js -> 200 (7ms)"}
{"level":20,"time":1633782282768,"pid":1833,"hostname":"fv-az39-326","name":"@waytrade/microservice-core","msg":"HTTP Server on port 54407 stopped"}
{"level":20,"time":1633782282769,"pid":1833,"hostname":"fv-az39-326","name":"@waytrade/microservice-core","msg":"Starting HTTP Server on port 0"}
{"level":20,"time":1633782282769,"pid":1833,"hostname":"fv-az39-326","name":"@waytrade/microservice-core","msg":"HTTP Server listening on port 47299"}
{"level":20,"time":1633782282772,"pid":1833,"hostname":"fv-az39-326","name":"@waytrade/microservice-core","msg":"HTTP get /swagger-ui-standalone-preset.js -> 200 (2ms)"}
{"level":20,"time":1633782282774,"pid":1833,"hostname":"fv-az39-326","name":"@waytrade/microservice-core","msg":"HTTP Server on port 47299 stopped"}
{"level":20,"time":1633782283335,"pid":1833,"hostname":"fv-az39-326","name":"@waytrade/microservice-core","msg":"Starting HTTP Server on port 0"}
{"level":20,"time":1633782283336,"pid":1833,"hostname":"fv-az39-326","name":"@waytrade/microservice-core","msg":"HTTP Server listening on port 51907"}
{"level":20,"time":1633782283374,"pid":1833,"hostname":"fv-az39-326","name":"@waytrade/microservice-core","msg":"HTTP Server on port 51907 stopped"}
{"level":20,"time":1633782283374,"pid":1833,"hostname":"fv-az39-326","name":"@waytrade/microservice-core","msg":"Starting HTTP Server on port 0"}
{"level":20,"time":1633782283375,"pid":1833,"hostname":"fv-az39-326","name":"@waytrade/microservice-core","msg":"HTTP Server listening on port 46695"}
{"level":20,"time":1633782283385,"pid":1833,"hostname":"fv-az39-326","name":"@waytrade/microservice-core","msg":"HTTP Server on port 46695 stopped"}
{"level":20,"time":1633782283386,"pid":1833,"hostname":"fv-az39-326","name":"@waytrade/microservice-core","msg":"Starting HTTP Server on port 0"}
{"level":20,"time":1633782283386,"pid":1833,"hostname":"fv-az39-326","name":"@waytrade/microservice-core","msg":"HTTP Server listening on port 53991"}
{"level":20,"time":1633782283393,"pid":1833,"hostname":"fv-az39-326","name":"@waytrade/microservice-core","msg":"HTTP Server on port 53991 stopped"}
{"level":20,"time":1633782283394,"pid":1833,"hostname":"fv-az39-326","name":"@waytrade/microservice-core","msg":"Starting HTTP Server on port 0"}
{"level":20,"time":1633782283394,"pid":1833,"hostname":"fv-az39-326","name":"@waytrade/microservice-core","msg":"HTTP Server listening on port 49647"}
{"level":20,"time":1633782293401,"pid":1833,"hostname":"fv-az39-326","name":"@waytrade/microservice-core","msg":"HTTP Server on port 49647 stopped"}
{"level":20,"time":1633782293402,"pid":1833,"hostname":"fv-az39-326","name":"@waytrade/microservice-core","msg":"Starting HTTP Server on port 0"}
{"level":20,"time":1633782293402,"pid":1833,"hostname":"fv-az39-326","name":"@waytrade/microservice-core","msg":"HTTP Server listening on port 51705"}
{"level":20,"time":1633782293404,"pid":1833,"hostname":"fv-az39-326","name":"@waytrade/microservice-core","msg":"HTTP Server on port 51705 stopped"}
{"level":20,"time":1633782293407,"pid":1833,"hostname":"fv-az39-326","name":"@waytrade/microservice-core","msg":"Starting HTTP Server on port 0"}
{"level":20,"time":1633782293407,"pid":1833,"hostname":"fv-az39-326","name":"@waytrade/microservice-core","msg":"HTTP Server listening on port 33963"}
{"level":20,"time":1633782293408,"pid":1833,"hostname":"fv-az39-326","name":"@waytrade/microservice-core","msg":"HTTP Server on port 33963 stopped"}
{"level":20,"time":1633782295410,"pid":1833,"hostname":"fv-az39-326","name":"@waytrade/microservice-core","msg":"Starting HTTP Server on port 0"}
{"level":20,"time":1633782295411,"pid":1833,"hostname":"fv-az39-326","name":"@waytrade/microservice-core","msg":"HTTP Server listening on port 48547"}
{"level":20,"time":1633782295417,"pid":1833,"hostname":"fv-az39-326","name":"@waytrade/microservice-core","msg":"HTTP Server on port 48547 stopped"}
{"level":20,"time":1633782295418,"pid":1833,"hostname":"fv-az39-326","name":"@waytrade/microservice-core","msg":"Starting HTTP Server on port 0"}
{"level":20,"time":1633782295418,"pid":1833,"hostname":"fv-az39-326","name":"@waytrade/microservice-core","msg":"HTTP Server listening on port 59283"}
{"level":20,"time":1633782295421,"pid":1833,"hostname":"fv-az39-326","name":"@waytrade/microservice-core","msg":"HTTP Server on port 59283 stopped"}
{"level":20,"time":1633782295422,"pid":1833,"hostname":"fv-az39-326","name":"@waytrade/microservice-core","msg":"Starting HTTP Server on port 0"}
{"level":20,"time":1633782295422,"pid":1833,"hostname":"fv-az39-326","name":"@waytrade/microservice-core","msg":"HTTP Server listening on port 48121"}
{"level":20,"time":1633782295424,"pid":1833,"hostname":"fv-az39-326","name":"@waytrade/microservice-core","msg":"HTTP Server on port 48121 stopped"}
{"level":20,"time":1633782295425,"pid":1833,"hostname":"fv-az39-326","name":"@waytrade/microservice-core","msg":"Starting HTTP Server on port 0"}
{"level":20,"time":1633782295425,"pid":1833,"hostname":"fv-az39-326","name":"@waytrade/microservice-core","msg":"HTTP Server listening on port 54311"}
{"level":20,"time":1633782297430,"pid":1833,"hostname":"fv-az39-326","name":"@waytrade/microservice-core","msg":"HTTP Server on port 54311 stopped"}
{"level":20,"time":1633782297431,"pid":1833,"hostname":"fv-az39-326","name":"@waytrade/microservice-core","msg":"Starting HTTP Server on port 0"}
{"level":20,"time":1633782297432,"pid":1833,"hostname":"fv-az39-326","name":"@waytrade/microservice-core","msg":"HTTP Server listening on port 48473"}
{"level":20,"time":1633782297437,"pid":1833,"hostname":"fv-az39-326","name":"@waytrade/microservice-core","msg":"HTTP Server on port 48473 stopped"}
{"level":20,"time":1633782297438,"pid":1833,"hostname":"fv-az39-326","name":"@waytrade/microservice-core","msg":"Starting HTTP Server on port 0"}
{"level":20,"time":1633782297438,"pid":1833,"hostname":"fv-az39-326","name":"@waytrade/microservice-core","msg":"HTTP Server listening on port 53797"}
{"level":20,"time":1633782297440,"pid":1833,"hostname":"fv-az39-326","name":"@waytrade/microservice-core","msg":"HTTP Server on port 53797 stopped"}
{"level":20,"time":1633782297441,"pid":1833,"hostname":"fv-az39-326","name":"@waytrade/microservice-core","msg":"Starting HTTP Server on port 0"}
{"level":20,"time":1633782297441,"pid":1833,"hostname":"fv-az39-326","name":"@waytrade/microservice-core","msg":"HTTP Server listening on port 60695"}
{"level":20,"time":1633782297443,"pid":1833,"hostname":"fv-az39-326","name":"@waytrade/microservice-core","msg":"HTTP Server on port 60695 stopped"}
{"level":20,"time":1633782299443,"pid":1833,"hostname":"fv-az39-326","name":"@waytrade/microservice-core","msg":"Starting HTTP Server on port 0"}
{"level":20,"time":1633782299444,"pid":1833,"hostname":"fv-az39-326","name":"@waytrade/microservice-core","msg":"HTTP Server listening on port 35005"}
{"level":20,"time":1633782299449,"pid":1833,"hostname":"fv-az39-326","name":"@waytrade/microservice-core","msg":"HTTP Server on port 35005 stopped"}
{"level":30,"time":1633782300596,"pid":1833,"hostname":"fv-az39-326","name":"@waytrade/microservice-core","msg":"Starting App..."}
{"level":20,"time":1633782300596,"pid":1833,"hostname":"fv-az39-326","name":"@waytrade/microservice-core","msg":"Starting HTTP Server on port 0"}
{"level":20,"time":1633782300597,"pid":1833,"hostname":"fv-az39-326","name":"@waytrade/microservice-core","msg":"HTTP Server listening on port 58313"}
{"level":20,"time":1633782300597,"pid":1833,"hostname":"fv-az39-326","name":"@waytrade/microservice-core","msg":"Starting HTTP Server on port 0"}
{"level":20,"time":1633782300597,"pid":1833,"hostname":"fv-az39-326","name":"@waytrade/microservice-core","msg":"HTTP Server listening on port 58457"}
{"level":30,"time":1633782300597,"pid":1833,"hostname":"fv-az39-326","name":"@waytrade/microservice-core","msg":"API Server started at port 58313"}
{"level":30,"time":1633782300597,"pid":1833,"hostname":"fv-az39-326","name":"@waytrade/microservice-core","msg":"Webhook Callback Server started at port 58457"}
{"level":20,"time":1633782300603,"pid":1833,"hostname":"fv-az39-326","name":"@waytrade/microservice-core","msg":"HTTP post /subscribe -> 400 (1ms)"}
{"level":20,"time":1633782300604,"pid":1833,"hostname":"fv-az39-326","name":"@waytrade/microservice-core","msg":"HTTP Server on port 58313 stopped"}
{"level":20,"time":1633782300604,"pid":1833,"hostname":"fv-az39-326","name":"@waytrade/microservice-core","msg":"HTTP Server on port 58457 stopped"}
{"level":30,"time":1633782300605,"pid":1833,"hostname":"fv-az39-326","name":"@waytrade/microservice-core","msg":"App stopped."}
{"level":30,"time":1633782300606,"pid":1833,"hostname":"fv-az39-326","name":"@waytrade/microservice-core","msg":"Starting App..."}
{"level":20,"time":1633782300607,"pid":1833,"hostname":"fv-az39-326","name":"@waytrade/microservice-core","msg":"Starting HTTP Server on port 0"}
{"level":20,"time":1633782300607,"pid":1833,"hostname":"fv-az39-326","name":"@waytrade/microservice-core","msg":"HTTP Server listening on port 33811"}
{"level":20,"time":1633782300607,"pid":1833,"hostname":"fv-az39-326","name":"@waytrade/microservice-core","msg":"Starting HTTP Server on port 0"}
{"level":20,"time":1633782300607,"pid":1833,"hostname":"fv-az39-326","name":"@waytrade/microservice-core","msg":"HTTP Server listening on port 41771"}
{"level":30,"time":1633782300607,"pid":1833,"hostname":"fv-az39-326","name":"@waytrade/microservice-core","msg":"API Server started at port 33811"}
{"level":30,"time":1633782300607,"pid":1833,"hostname":"fv-az39-326","name":"@waytrade/microservice-core","msg":"Webhook Callback Server started at port 41771"}
{"level":20,"time":1633782300610,"pid":1833,"hostname":"fv-az39-326","name":"@waytrade/microservice-core","msg":"HTTP post /subscribe -> 201 (1ms)"}
{"level":20,"time":1633782300612,"pid":1833,"hostname":"fv-az39-326","name":"@waytrade/microservice-core","msg":"HTTP post /subscribe -> 204 (0ms)"}
{"level":20,"time":1633782300613,"pid":1833,"hostname":"fv-az39-326","name":"@waytrade/microservice-core","msg":"HTTP Server on port 33811 stopped"}
{"level":20,"time":1633782300613,"pid":1833,"hostname":"fv-az39-326","name":"@waytrade/microservice-core","msg":"HTTP Server on port 41771 stopped"}
{"level":30,"time":1633782300614,"pid":1833,"hostname":"fv-az39-326","name":"@waytrade/microservice-core","msg":"App stopped."}
{"level":30,"time":1633782300615,"pid":1833,"hostname":"fv-az39-326","name":"@waytrade/microservice-core","msg":"Starting App..."}
{"level":20,"time":1633782300615,"pid":1833,"hostname":"fv-az39-326","name":"@waytrade/microservice-core","msg":"Starting HTTP Server on port 0"}
{"level":20,"time":1633782300615,"pid":1833,"hostname":"fv-az39-326","name":"@waytrade/microservice-core","msg":"HTTP Server listening on port 49059"}
{"level":20,"time":1633782300616,"pid":1833,"hostname":"fv-az39-326","name":"@waytrade/microservice-core","msg":"Starting HTTP Server on port 0"}
{"level":20,"time":1633782300616,"pid":1833,"hostname":"fv-az39-326","name":"@waytrade/microservice-core","msg":"HTTP Server listening on port 43295"}
{"level":30,"time":1633782300616,"pid":1833,"hostname":"fv-az39-326","name":"@waytrade/microservice-core","msg":"API Server started at port 49059"}
{"level":30,"time":1633782300616,"pid":1833,"hostname":"fv-az39-326","name":"@waytrade/microservice-core","msg":"Webhook Callback Server started at port 43295"}
{"level":20,"time":1633782300618,"pid":1833,"hostname":"fv-az39-326","name":"@waytrade/microservice-core","msg":"HTTP post /subscribe -> 201 (0ms)"}
{"level":20,"time":1633782300621,"pid":1833,"hostname":"fv-az39-326","name":"@waytrade/microservice-core","msg":"HTTP post /subscribe -> 201 (0ms)"}
{"level":20,"time":1633782300622,"pid":1833,"hostname":"fv-az39-326","name":"@waytrade/microservice-core","msg":"HTTP Server on port 49059 stopped"}
{"level":20,"time":1633782300622,"pid":1833,"hostname":"fv-az39-326","name":"@waytrade/microservice-core","msg":"HTTP Server on port 43295 stopped"}
{"level":30,"time":1633782300622,"pid":1833,"hostname":"fv-az39-326","name":"@waytrade/microservice-core","msg":"App stopped."}
{"level":30,"time":1633782300624,"pid":1833,"hostname":"fv-az39-326","name":"@waytrade/microservice-core","msg":"Starting App..."}
{"level":20,"time":1633782300624,"pid":1833,"hostname":"fv-az39-326","name":"@waytrade/microservice-core","msg":"Starting HTTP Server on port 0"}
{"level":20,"time":1633782300624,"pid":1833,"hostname":"fv-az39-326","name":"@waytrade/microservice-core","msg":"HTTP Server listening on port 36253"}
{"level":20,"time":1633782300624,"pid":1833,"hostname":"fv-az39-326","name":"@waytrade/microservice-core","msg":"Starting HTTP Server on port 0"}
{"level":20,"time":1633782300624,"pid":1833,"hostname":"fv-az39-326","name":"@waytrade/microservice-core","msg":"HTTP Server listening on port 45501"}
{"level":30,"time":1633782300624,"pid":1833,"hostname":"fv-az39-326","name":"@waytrade/microservice-core","msg":"API Server started at port 36253"}
{"level":30,"time":1633782300624,"pid":1833,"hostname":"fv-az39-326","name":"@waytrade/microservice-core","msg":"Webhook Callback Server started at port 45501"}
{"level":20,"time":1633782300626,"pid":1833,"hostname":"fv-az39-326","name":"@waytrade/microservice-core","msg":"HTTP post /subscribe -> 201 (0ms)"}
{"level":20,"time":1633782300629,"pid":1833,"hostname":"fv-az39-326","name":"@waytrade/microservice-core","msg":"HTTP post /unsubscribe -> 200 (0ms)"}
{"level":20,"time":1633782300630,"pid":1833,"hostname":"fv-az39-326","name":"@waytrade/microservice-core","msg":"HTTP Server on port 36253 stopped"}
{"level":20,"time":1633782300630,"pid":1833,"hostname":"fv-az39-326","name":"@waytrade/microservice-core","msg":"HTTP Server on port 45501 stopped"}
{"level":30,"time":1633782300630,"pid":1833,"hostname":"fv-az39-326","name":"@waytrade/microservice-core","msg":"App stopped."}
{"level":30,"time":1633782300632,"pid":1833,"hostname":"fv-az39-326","name":"@waytrade/microservice-core","msg":"Starting App..."}
{"level":20,"time":1633782300632,"pid":1833,"hostname":"fv-az39-326","name":"@waytrade/microservice-core","msg":"Starting HTTP Server on port 0"}
{"level":20,"time":1633782300632,"pid":1833,"hostname":"fv-az39-326","name":"@waytrade/microservice-core","msg":"HTTP Server listening on port 38649"}
{"level":20,"time":1633782300632,"pid":1833,"hostname":"fv-az39-326","name":"@waytrade/microservice-core","msg":"Starting HTTP Server on port 0"}
{"level":20,"time":1633782300632,"pid":1833,"hostname":"fv-az39-326","name":"@waytrade/microservice-core","msg":"HTTP Server listening on port 38919"}
{"level":30,"time":1633782300632,"pid":1833,"hostname":"fv-az39-326","name":"@waytrade/microservice-core","msg":"API Server started at port 38649"}
{"level":30,"time":1633782300632,"pid":1833,"hostname":"fv-az39-326","name":"@waytrade/microservice-core","msg":"Webhook Callback Server started at port 38919"}
{"level":20,"time":1633782300634,"pid":1833,"hostname":"fv-az39-326","name":"@waytrade/microservice-core","msg":"HTTP post /unsubscribe -> 400 (0ms)"}
{"level":20,"time":1633782300635,"pid":1833,"hostname":"fv-az39-326","name":"@waytrade/microservice-core","msg":"HTTP Server on port 38649 stopped"}
{"level":20,"time":1633782300635,"pid":1833,"hostname":"fv-az39-326","name":"@waytrade/microservice-core","msg":"HTTP Server on port 38919 stopped"}
{"level":30,"time":1633782300635,"pid":1833,"hostname":"fv-az39-326","name":"@waytrade/microservice-core","msg":"App stopped."}
{"level":30,"time":1633782300637,"pid":1833,"hostname":"fv-az39-326","name":"@waytrade/microservice-core","msg":"Starting App..."}
{"level":20,"time":1633782300637,"pid":1833,"hostname":"fv-az39-326","name":"@waytrade/microservice-core","msg":"Starting HTTP Server on port 0"}
{"level":20,"time":1633782300637,"pid":1833,"hostname":"fv-az39-326","name":"@waytrade/microservice-core","msg":"HTTP Server listening on port 41007"}
{"level":20,"time":1633782300637,"pid":1833,"hostname":"fv-az39-326","name":"@waytrade/microservice-core","msg":"Starting HTTP Server on port 0"}
{"level":20,"time":1633782300638,"pid":1833,"hostname":"fv-az39-326","name":"@waytrade/microservice-core","msg":"HTTP Server listening on port 36731"}
{"level":30,"time":1633782300638,"pid":1833,"hostname":"fv-az39-326","name":"@waytrade/microservice-core","msg":"API Server started at port 41007"}
{"level":30,"time":1633782300638,"pid":1833,"hostname":"fv-az39-326","name":"@waytrade/microservice-core","msg":"Webhook Callback Server started at port 36731"}
{"level":20,"time":1633782300639,"pid":1833,"hostname":"fv-az39-326","name":"@waytrade/microservice-core","msg":"HTTP post /unsubscribe -> 404 (0ms)"}
{"level":20,"time":1633782300641,"pid":1833,"hostname":"fv-az39-326","name":"@waytrade/microservice-core","msg":"HTTP Server on port 41007 stopped"}
{"level":20,"time":1633782300641,"pid":1833,"hostname":"fv-az39-326","name":"@waytrade/microservice-core","msg":"HTTP Server on port 36731 stopped"}
{"level":30,"time":1633782300641,"pid":1833,"hostname":"fv-az39-326","name":"@waytrade/microservice-core","msg":"App stopped."}
{"level":30,"time":1633782300642,"pid":1833,"hostname":"fv-az39-326","name":"@waytrade/microservice-core","msg":"Starting App..."}
{"level":20,"time":1633782300642,"pid":1833,"hostname":"fv-az39-326","name":"@waytrade/microservice-core","msg":"Starting HTTP Server on port 0"}
{"level":20,"time":1633782300643,"pid":1833,"hostname":"fv-az39-326","name":"@waytrade/microservice-core","msg":"HTTP Server listening on port 49113"}
{"level":20,"time":1633782300643,"pid":1833,"hostname":"fv-az39-326","name":"@waytrade/microservice-core","msg":"Starting HTTP Server on port 0"}
{"level":20,"time":1633782300643,"pid":1833,"hostname":"fv-az39-326","name":"@waytrade/microservice-core","msg":"HTTP Server listening on port 44059"}
{"level":30,"time":1633782300643,"pid":1833,"hostname":"fv-az39-326","name":"@waytrade/microservice-core","msg":"API Server started at port 49113"}
{"level":30,"time":1633782300643,"pid":1833,"hostname":"fv-az39-326","name":"@waytrade/microservice-core","msg":"Webhook Callback Server started at port 44059"}
{"level":20,"time":1633782300645,"pid":1833,"hostname":"fv-az39-326","name":"@waytrade/microservice-core","msg":"HTTP post /subscribe -> 201 (0ms)"}
{"level":20,"time":1633782300651,"pid":1833,"hostname":"fv-az39-326","name":"@waytrade/microservice-core","msg":"HTTP Server on port 49113 stopped"}
{"level":20,"time":1633782300651,"pid":1833,"hostname":"fv-az39-326","name":"@waytrade/microservice-core","msg":"HTTP Server on port 44059 stopped"}
{"level":30,"time":1633782300651,"pid":1833,"hostname":"fv-az39-326","name":"@waytrade/microservice-core","msg":"App stopped."}
{"level":20,"time":1633782300651,"pid":1833,"hostname":"fv-az39-326","name":"@waytrade/microservice-core","msg":"HTTP post /callback -> 200 (1ms)"}
{"level":30,"time":1633782300652,"pid":1833,"hostname":"fv-az39-326","name":"@waytrade/microservice-core","msg":"Starting App..."}
{"level":20,"time":1633782300652,"pid":1833,"hostname":"fv-az39-326","name":"@waytrade/microservice-core","msg":"Starting HTTP Server on port 0"}
{"level":20,"time":1633782300652,"pid":1833,"hostname":"fv-az39-326","name":"@waytrade/microservice-core","msg":"HTTP Server listening on port 49539"}
{"level":20,"time":1633782300653,"pid":1833,"hostname":"fv-az39-326","name":"@waytrade/microservice-core","msg":"Starting HTTP Server on port 0"}
{"level":20,"time":1633782300653,"pid":1833,"hostname":"fv-az39-326","name":"@waytrade/microservice-core","msg":"HTTP Server listening on port 48429"}
{"level":30,"time":1633782300653,"pid":1833,"hostname":"fv-az39-326","name":"@waytrade/microservice-core","msg":"API Server started at port 49539"}
{"level":30,"time":1633782300653,"pid":1833,"hostname":"fv-az39-326","name":"@waytrade/microservice-core","msg":"Webhook Callback Server started at port 48429"}
{"level":20,"time":1633782300655,"pid":1833,"hostname":"fv-az39-326","name":"@waytrade/microservice-core","msg":"HTTP post /subscribe -> 201 (0ms)"}
{"level":20,"time":1633782300659,"pid":1833,"hostname":"fv-az39-326","name":"@waytrade/microservice-core","msg":"HTTP Server on port 49539 stopped"}
{"level":20,"time":1633782300659,"pid":1833,"hostname":"fv-az39-326","name":"@waytrade/microservice-core","msg":"HTTP Server on port 48429 stopped"}
{"level":30,"time":1633782300659,"pid":1833,"hostname":"fv-az39-326","name":"@waytrade/microservice-core","msg":"App stopped."}
{"level":20,"time":1633782300659,"pid":1833,"hostname":"fv-az39-326","name":"@waytrade/microservice-core","msg":"HTTP post /callback -> 200 (1ms)"}
{"level":30,"time":1633782300660,"pid":1833,"hostname":"fv-az39-326","name":"@waytrade/microservice-core","msg":"Starting App..."}
{"level":20,"time":1633782300661,"pid":1833,"hostname":"fv-az39-326","name":"@waytrade/microservice-core","msg":"Starting HTTP Server on port 0"}
{"level":20,"time":1633782300661,"pid":1833,"hostname":"fv-az39-326","name":"@waytrade/microservice-core","msg":"HTTP Server listening on port 33671"}
{"level":20,"time":1633782300661,"pid":1833,"hostname":"fv-az39-326","name":"@waytrade/microservice-core","msg":"Starting HTTP Server on port 0"}
{"level":20,"time":1633782300661,"pid":1833,"hostname":"fv-az39-326","name":"@waytrade/microservice-core","msg":"HTTP Server listening on port 35539"}
{"level":30,"time":1633782300661,"pid":1833,"hostname":"fv-az39-326","name":"@waytrade/microservice-core","msg":"API Server started at port 33671"}
{"level":30,"time":1633782300661,"pid":1833,"hostname":"fv-az39-326","name":"@waytrade/microservice-core","msg":"Webhook Callback Server started at port 35539"}
{"level":20,"time":1633782300663,"pid":1833,"hostname":"fv-az39-326","name":"@waytrade/microservice-core","msg":"HTTP post /subscribe -> 201 (0ms)"}
{"level":20,"time":1633782300668,"pid":1833,"hostname":"fv-az39-326","name":"@waytrade/microservice-core","msg":"HTTP post /callback -> 418 (1ms)"}
{"level":20,"time":1633782300669,"pid":1833,"hostname":"fv-az39-326","name":"@waytrade/microservice-core","msg":"HTTP post /subscribe -> 201 (0ms)"}
{"level":20,"time":1633782300670,"pid":1833,"hostname":"fv-az39-326","name":"@waytrade/microservice-core","msg":"HTTP Server on port 33671 stopped"}
{"level":20,"time":1633782300670,"pid":1833,"hostname":"fv-az39-326","name":"@waytrade/microservice-core","msg":"HTTP Server on port 35539 stopped"}
{"level":30,"time":1633782300670,"pid":1833,"hostname":"fv-az39-326","name":"@waytrade/microservice-core","msg":"App stopped."}
{"level":30,"time":1633782300672,"pid":1833,"hostname":"fv-az39-326","name":"@waytrade/microservice-core","msg":"Starting App..."}
{"level":20,"time":1633782300672,"pid":1833,"hostname":"fv-az39-326","name":"@waytrade/microservice-core","msg":"Starting HTTP Server on port 0"}
{"level":20,"time":1633782300672,"pid":1833,"hostname":"fv-az39-326","name":"@waytrade/microservice-core","msg":"HTTP Server listening on port 58815"}
{"level":20,"time":1633782300672,"pid":1833,"hostname":"fv-az39-326","name":"@waytrade/microservice-core","msg":"Starting HTTP Server on port 0"}
{"level":20,"time":1633782300672,"pid":1833,"hostname":"fv-az39-326","name":"@waytrade/microservice-core","msg":"HTTP Server listening on port 34429"}
{"level":30,"time":1633782300672,"pid":1833,"hostname":"fv-az39-326","name":"@waytrade/microservice-core","msg":"API Server started at port 58815"}
{"level":30,"time":1633782300672,"pid":1833,"hostname":"fv-az39-326","name":"@waytrade/microservice-core","msg":"Webhook Callback Server started at port 34429"}
{"level":20,"time":1633782300674,"pid":1833,"hostname":"fv-az39-326","name":"@waytrade/microservice-core","msg":"HTTP post /subscribe -> 201 (0ms)"}
{"level":20,"time":1633782300677,"pid":1833,"hostname":"fv-az39-326","name":"@waytrade/microservice-core","msg":"HTTP post /subscribe -> 201 (0ms)"}
{"level":20,"time":1633782300679,"pid":1833,"hostname":"fv-az39-326","name":"@waytrade/microservice-core","msg":"HTTP Server on port 58815 stopped"}
{"level":20,"time":1633782300679,"pid":1833,"hostname":"fv-az39-326","name":"@waytrade/microservice-core","msg":"HTTP Server on port 34429 stopped"}
{"level":30,"time":1633782300679,"pid":1833,"hostname":"fv-az39-326","name":"@waytrade/microservice-core","msg":"App stopped."}
{"level":20,"time":1633782301273,"pid":1833,"hostname":"fv-az39-326","name":"@waytrade/microservice-core","msg":"Starting HTTP Server on port 0"}
{"level":20,"time":1633782301273,"pid":1833,"hostname":"fv-az39-326","name":"@waytrade/microservice-core","msg":"HTTP Server listening on port 52775"}
{"level":20,"time":1633782301277,"pid":1833,"hostname":"fv-az39-326","name":"@waytrade/microservice-core","msg":"HTTP get /api/test/ -> 200 (0ms)"}
{"level":20,"time":1633782301278,"pid":1833,"hostname":"fv-az39-326","name":"@waytrade/microservice-core","msg":"HTTP Server on port 52775 stopped"}
{"level":20,"time":1633782301279,"pid":1833,"hostname":"fv-az39-326","name":"@waytrade/microservice-core","msg":"Starting HTTP Server on port 0"}
{"level":20,"time":1633782301279,"pid":1833,"hostname":"fv-az39-326","name":"@waytrade/microservice-core","msg":"HTTP Server listening on port 55559"}
{"level":20,"time":1633782301280,"pid":1833,"hostname":"fv-az39-326","name":"@waytrade/microservice-core","msg":"HTTP get /api/test/error -> 418 (0ms)"}
{"level":20,"time":1633782301281,"pid":1833,"hostname":"fv-az39-326","name":"@waytrade/microservice-core","msg":"HTTP Server on port 55559 stopped"}
{"level":20,"time":1633782301281,"pid":1833,"hostname":"fv-az39-326","name":"@waytrade/microservice-core","msg":"Starting HTTP Server on port 0"}
{"level":20,"time":1633782301282,"pid":1833,"hostname":"fv-az39-326","name":"@waytrade/microservice-core","msg":"HTTP Server listening on port 58655"}
{"level":20,"time":1633782301338,"pid":1833,"hostname":"fv-az39-326","name":"@waytrade/microservice-core","msg":"HTTP get /api/test/serverError -> 500 (55ms)"}
{"level":20,"time":1633782301339,"pid":1833,"hostname":"fv-az39-326","name":"@waytrade/microservice-core","msg":"HTTP Server on port 58655 stopped"}
{"level":20,"time":1633782301339,"pid":1833,"hostname":"fv-az39-326","name":"@waytrade/microservice-core","msg":"Starting HTTP Server on port 0"}
{"level":20,"time":1633782301340,"pid":1833,"hostname":"fv-az39-326","name":"@waytrade/microservice-core","msg":"HTTP Server listening on port 52321"}
{"level":20,"time":1633782301342,"pid":1833,"hostname":"fv-az39-326","name":"@waytrade/microservice-core","msg":"HTTP put /api/test/ -> 200 (1ms)"}
{"level":20,"time":1633782301343,"pid":1833,"hostname":"fv-az39-326","name":"@waytrade/microservice-core","msg":"HTTP Server on port 52321 stopped"}
{"level":20,"time":1633782301343,"pid":1833,"hostname":"fv-az39-326","name":"@waytrade/microservice-core","msg":"Starting HTTP Server on port 0"}
{"level":20,"time":1633782301344,"pid":1833,"hostname":"fv-az39-326","name":"@waytrade/microservice-core","msg":"HTTP Server listening on port 57029"}
{"level":20,"time":1633782301345,"pid":1833,"hostname":"fv-az39-326","name":"@waytrade/microservice-core","msg":"HTTP put /api/test/error -> 418 (0ms)"}
{"level":20,"time":1633782301346,"pid":1833,"hostname":"fv-az39-326","name":"@waytrade/microservice-core","msg":"HTTP Server on port 57029 stopped"}
{"level":20,"time":1633782301346,"pid":1833,"hostname":"fv-az39-326","name":"@waytrade/microservice-core","msg":"Starting HTTP Server on port 0"}
{"level":20,"time":1633782301346,"pid":1833,"hostname":"fv-az39-326","name":"@waytrade/microservice-core","msg":"HTTP Server listening on port 59879"}
{"level":20,"time":1633782301348,"pid":1833,"hostname":"fv-az39-326","name":"@waytrade/microservice-core","msg":"HTTP post /api/test/ -> 200 (0ms)"}
{"level":20,"time":1633782301349,"pid":1833,"hostname":"fv-az39-326","name":"@waytrade/microservice-core","msg":"HTTP Server on port 59879 stopped"}
{"level":20,"time":1633782301349,"pid":1833,"hostname":"fv-az39-326","name":"@waytrade/microservice-core","msg":"Starting HTTP Server on port 0"}
{"level":20,"time":1633782301350,"pid":1833,"hostname":"fv-az39-326","name":"@waytrade/microservice-core","msg":"HTTP Server listening on port 59655"}
{"level":20,"time":1633782301351,"pid":1833,"hostname":"fv-az39-326","name":"@waytrade/microservice-core","msg":"HTTP post /api/test/error -> 418 (1ms)"}
{"level":20,"time":1633782301351,"pid":1833,"hostname":"fv-az39-326","name":"@waytrade/microservice-core","msg":"HTTP Server on port 59655 stopped"}
{"level":20,"time":1633782301352,"pid":1833,"hostname":"fv-az39-326","name":"@waytrade/microservice-core","msg":"Starting HTTP Server on port 0"}
{"level":20,"time":1633782301352,"pid":1833,"hostname":"fv-az39-326","name":"@waytrade/microservice-core","msg":"HTTP Server listening on port 42509"}
{"level":20,"time":1633782301354,"pid":1833,"hostname":"fv-az39-326","name":"@waytrade/microservice-core","msg":"HTTP patch /api/test/ -> 200 (1ms)"}
{"level":20,"time":1633782301355,"pid":1833,"hostname":"fv-az39-326","name":"@waytrade/microservice-core","msg":"HTTP Server on port 42509 stopped"}
{"level":20,"time":1633782301355,"pid":1833,"hostname":"fv-az39-326","name":"@waytrade/microservice-core","msg":"Starting HTTP Server on port 0"}
{"level":20,"time":1633782301355,"pid":1833,"hostname":"fv-az39-326","name":"@waytrade/microservice-core","msg":"HTTP Server listening on port 54995"}
{"level":20,"time":1633782301356,"pid":1833,"hostname":"fv-az39-326","name":"@waytrade/microservice-core","msg":"HTTP patch /api/test/error -> 418 (0ms)"}
{"level":20,"time":1633782301357,"pid":1833,"hostname":"fv-az39-326","name":"@waytrade/microservice-core","msg":"HTTP Server on port 54995 stopped"}
{"level":20,"time":1633782301358,"pid":1833,"hostname":"fv-az39-326","name":"@waytrade/microservice-core","msg":"Starting HTTP Server on port 0"}
{"level":20,"time":1633782301358,"pid":1833,"hostname":"fv-az39-326","name":"@waytrade/microservice-core","msg":"HTTP Server listening on port 35391"}
{"level":20,"time":1633782301366,"pid":1833,"hostname":"fv-az39-326","name":"@waytrade/microservice-core","msg":"HTTP delete /api/test/ -> 200 (1ms)"}
{"level":20,"time":1633782301367,"pid":1833,"hostname":"fv-az39-326","name":"@waytrade/microservice-core","msg":"HTTP Server on port 35391 stopped"}
{"level":20,"time":1633782301368,"pid":1833,"hostname":"fv-az39-326","name":"@waytrade/microservice-core","msg":"Starting HTTP Server on port 0"}
{"level":20,"time":1633782301368,"pid":1833,"hostname":"fv-az39-326","name":"@waytrade/microservice-core","msg":"HTTP Server listening on port 54273"}
{"level":20,"time":1633782301369,"pid":1833,"hostname":"fv-az39-326","name":"@waytrade/microservice-core","msg":"HTTP delete /api/test/error -> 418 (0ms)"}
{"level":20,"time":1633782301370,"pid":1833,"hostname":"fv-az39-326","name":"@waytrade/microservice-core","msg":"HTTP Server on port 54273 stopped"}
{"level":20,"time":1633782301844,"pid":1833,"hostname":"fv-az39-326","name":"@waytrade/microservice-core","msg":"Starting HTTP Server on port 0"}
{"level":20,"time":1633782301845,"pid":1833,"hostname":"fv-az39-326","name":"@waytrade/microservice-core","msg":"HTTP Server listening on port 54359"}
{"level":20,"time":1633782301848,"pid":1833,"hostname":"fv-az39-326","name":"@waytrade/microservice-core","msg":"HTTP get /api/test/ -> 200 (0ms)"}
{"level":20,"time":1633782301849,"pid":1833,"hostname":"fv-az39-326","name":"@waytrade/microservice-core","msg":"HTTP Server on port 54359 stopped"}
{"level":20,"time":1633782301850,"pid":1833,"hostname":"fv-az39-326","name":"@waytrade/microservice-core","msg":"Starting HTTP Server on port 0"}
{"level":20,"time":1633782301850,"pid":1833,"hostname":"fv-az39-326","name":"@waytrade/microservice-core","msg":"HTTP Server listening on port 41509"}
{"level":20,"time":1633782301851,"pid":1833,"hostname":"fv-az39-326","name":"@waytrade/microservice-core","msg":"HTTP get /api/test/notImplemented -> 501 (0ms)"}
{"level":20,"time":1633782301852,"pid":1833,"hostname":"fv-az39-326","name":"@waytrade/microservice-core","msg":"HTTP Server on port 41509 stopped"}
{"level":20,"time":1633782301853,"pid":1833,"hostname":"fv-az39-326","name":"@waytrade/microservice-core","msg":"Starting HTTP Server on port 0"}
{"level":20,"time":1633782301853,"pid":1833,"hostname":"fv-az39-326","name":"@waytrade/microservice-core","msg":"HTTP Server listening on port 51179"}
{"level":20,"time":1633782301855,"pid":1833,"hostname":"fv-az39-326","name":"@waytrade/microservice-core","msg":"HTTP put /api/test/ -> 200 (1ms)"}
{"level":20,"time":1633782301856,"pid":1833,"hostname":"fv-az39-326","name":"@waytrade/microservice-core","msg":"HTTP Server on port 51179 stopped"}
{"level":20,"time":1633782301856,"pid":1833,"hostname":"fv-az39-326","name":"@waytrade/microservice-core","msg":"Starting HTTP Server on port 0"}
{"level":20,"time":1633782301856,"pid":1833,"hostname":"fv-az39-326","name":"@waytrade/microservice-core","msg":"HTTP Server listening on port 60339"}
{"level":20,"time":1633782301858,"pid":1833,"hostname":"fv-az39-326","name":"@waytrade/microservice-core","msg":"HTTP put /api/test/notImplemented -> 501 (1ms)"}
{"level":20,"time":1633782301858,"pid":1833,"hostname":"fv-az39-326","name":"@waytrade/microservice-core","msg":"HTTP Server on port 60339 stopped"}
{"level":20,"time":1633782301859,"pid":1833,"hostname":"fv-az39-326","name":"@waytrade/microservice-core","msg":"Starting HTTP Server on port 0"}
{"level":20,"time":1633782301859,"pid":1833,"hostname":"fv-az39-326","name":"@waytrade/microservice-core","msg":"HTTP Server listening on port 51355"}
{"level":20,"time":1633782301861,"pid":1833,"hostname":"fv-az39-326","name":"@waytrade/microservice-core","msg":"HTTP post /api/test/ -> 200 (1ms)"}
{"level":20,"time":1633782301862,"pid":1833,"hostname":"fv-az39-326","name":"@waytrade/microservice-core","msg":"HTTP Server on port 51355 stopped"}
{"level":20,"time":1633782301862,"pid":1833,"hostname":"fv-az39-326","name":"@waytrade/microservice-core","msg":"Starting HTTP Server on port 0"}
{"level":20,"time":1633782301862,"pid":1833,"hostname":"fv-az39-326","name":"@waytrade/microservice-core","msg":"HTTP Server listening on port 60293"}
{"level":20,"time":1633782301863,"pid":1833,"hostname":"fv-az39-326","name":"@waytrade/microservice-core","msg":"HTTP post /api/test/notImplemented -> 501 (0ms)"}
{"level":20,"time":1633782301864,"pid":1833,"hostname":"fv-az39-326","name":"@waytrade/microservice-core","msg":"HTTP Server on port 60293 stopped"}
{"level":20,"time":1633782301865,"pid":1833,"hostname":"fv-az39-326","name":"@waytrade/microservice-core","msg":"Starting HTTP Server on port 0"}
{"level":20,"time":1633782301865,"pid":1833,"hostname":"fv-az39-326","name":"@waytrade/microservice-core","msg":"HTTP Server listening on port 44001"}
{"level":20,"time":1633782301866,"pid":1833,"hostname":"fv-az39-326","name":"@waytrade/microservice-core","msg":"HTTP patch /api/test/ -> 200 (0ms)"}
{"level":20,"time":1633782301867,"pid":1833,"hostname":"fv-az39-326","name":"@waytrade/microservice-core","msg":"HTTP Server on port 44001 stopped"}
{"level":20,"time":1633782301868,"pid":1833,"hostname":"fv-az39-326","name":"@waytrade/microservice-core","msg":"Starting HTTP Server on port 0"}
{"level":20,"time":1633782301868,"pid":1833,"hostname":"fv-az39-326","name":"@waytrade/microservice-core","msg":"HTTP Server listening on port 46959"}
{"level":20,"time":1633782301869,"pid":1833,"hostname":"fv-az39-326","name":"@waytrade/microservice-core","msg":"HTTP post /api/test/notImplemented -> 501 (0ms)"}
{"level":20,"time":1633782301869,"pid":1833,"hostname":"fv-az39-326","name":"@waytrade/microservice-core","msg":"HTTP Server on port 46959 stopped"}
{"level":20,"time":1633782301870,"pid":1833,"hostname":"fv-az39-326","name":"@waytrade/microservice-core","msg":"Starting HTTP Server on port 0"}
{"level":20,"time":1633782301870,"pid":1833,"hostname":"fv-az39-326","name":"@waytrade/microservice-core","msg":"HTTP Server listening on port 48213"}
{"level":20,"time":1633782301872,"pid":1833,"hostname":"fv-az39-326","name":"@waytrade/microservice-core","msg":"HTTP delete /api/test/ -> 200 (0ms)"}
{"level":20,"time":1633782301873,"pid":1833,"hostname":"fv-az39-326","name":"@waytrade/microservice-core","msg":"HTTP Server on port 48213 stopped"}
{"level":20,"time":1633782301874,"pid":1833,"hostname":"fv-az39-326","name":"@waytrade/microservice-core","msg":"Starting HTTP Server on port 0"}
{"level":20,"time":1633782301874,"pid":1833,"hostname":"fv-az39-326","name":"@waytrade/microservice-core","msg":"HTTP Server listening on port 49405"}
{"level":20,"time":1633782301875,"pid":1833,"hostname":"fv-az39-326","name":"@waytrade/microservice-core","msg":"HTTP post /api/test/notImplemented -> 501 (0ms)"}
{"level":20,"time":1633782301875,"pid":1833,"hostname":"fv-az39-326","name":"@waytrade/microservice-core","msg":"HTTP Server on port 49405 stopped"}
{"level":20,"time":1633782302297,"pid":1833,"hostname":"fv-az39-326","name":"@waytrade/microservice-core","msg":"Debug message"}
{"level":30,"time":1633782302297,"pid":1833,"hostname":"fv-az39-326","name":"@waytrade/microservice-core","msg":"Info message"}
{"level":40,"time":1633782302297,"pid":1833,"hostname":"fv-az39-326","name":"@waytrade/microservice-core","msg":"Warning message"}
{"level":50,"time":1633782302298,"pid":1833,"hostname":"fv-az39-326","name":"@waytrade/microservice-core","msg":"Error message"}
{"level":30,"time":1633782302299,"pid":1833,"hostname":"fv-az39-326","name":"@waytrade/microservice-core","msg":"Info message"}
{"level":40,"time":1633782302299,"pid":1833,"hostname":"fv-az39-326","name":"@waytrade/microservice-core","msg":"Warning message"}
{"level":50,"time":1633782302299,"pid":1833,"hostname":"fv-az39-326","name":"@waytrade/microservice-core","msg":"Error message"}
{"level":40,"time":1633782302301,"pid":1833,"hostname":"fv-az39-326","name":"@waytrade/microservice-core","msg":"Warning message"}
{"level":50,"time":1633782302301,"pid":1833,"hostname":"fv-az39-326","name":"@waytrade/microservice-core","msg":"Error message"}
{"level":50,"time":1633782302302,"pid":1833,"hostname":"fv-az39-326","name":"@waytrade/microservice-core","msg":"Error message"}
{"level":20,"time":1633782302309,"pid":1833,"hostname":"fv-az39-326","name":"@waytrade/microservice-core","msg":"Debug message"}
{"level":30,"time":1633782302309,"pid":1833,"hostname":"fv-az39-326","name":"@waytrade/microservice-core","msg":"Info message"}
{"level":40,"time":1633782302310,"pid":1833,"hostname":"fv-az39-326","name":"@waytrade/microservice-core","msg":"Warning message"}
{"level":50,"time":1633782302310,"pid":1833,"hostname":"fv-az39-326","name":"@waytrade/microservice-core","msg":"Error message"}
{"level":20,"time":1633782302665,"pid":1833,"hostname":"fv-az39-326","name":"@waytrade/microservice-core","msg":"Starting HTTP Server on port 0"}
{"level":20,"time":1633782302666,"pid":1833,"hostname":"fv-az39-326","name":"@waytrade/microservice-core","msg":"HTTP Server listening on port 49793"}
{"level":20,"time":1633782302668,"pid":1833,"hostname":"fv-az39-326","name":"@waytrade/microservice-core","msg":"HTTP Server on port 49793 stopped"}
{"level":20,"time":1633782302669,"pid":1833,"hostname":"fv-az39-326","name":"@waytrade/microservice-core","msg":"Starting HTTP Server on port 0"}
{"level":20,"time":1633782302670,"pid":1833,"hostname":"fv-az39-326","name":"@waytrade/microservice-core","msg":"HTTP Server listening on port 44439"}
{"level":20,"time":1633782302673,"pid":1833,"hostname":"fv-az39-326","name":"@waytrade/microservice-core","msg":"HTTP Server on port 44439 stopped"}
{"level":20,"time":1633782302674,"pid":1833,"hostname":"fv-az39-326","name":"@waytrade/microservice-core","msg":"Starting HTTP Server on port 0"}
{"level":20,"time":1633782302674,"pid":1833,"hostname":"fv-az39-326","name":"@waytrade/microservice-core","msg":"HTTP Server listening on port 43227"}
{"level":50,"time":1633782302676,"pid":1833,"hostname":"fv-az39-326","name":"@waytrade/microservice-core","msg":"Binary data on websocket not supported."}
{"level":20,"time":1633782303676,"pid":1833,"hostname":"fv-az39-326","name":"@waytrade/microservice-core","msg":"HTTP Server on port 43227 stopped"}
{"level":20,"time":1633782303677,"pid":1833,"hostname":"fv-az39-326","name":"@waytrade/microservice-core","msg":"Starting HTTP Server on port 0"}
{"level":20,"time":1633782303678,"pid":1833,"hostname":"fv-az39-326","name":"@waytrade/microservice-core","msg":"HTTP Server listening on port 37591"}
{"level":20,"time":1633782303684,"pid":1833,"hostname":"fv-az39-326","name":"@waytrade/microservice-core","msg":"HTTP Server on port 37591 stopped"}
{"level":20,"time":1633782303685,"pid":1833,"hostname":"fv-az39-326","name":"@waytrade/microservice-core","msg":"Starting HTTP Server on port 0"}
{"level":20,"time":1633782303685,"pid":1833,"hostname":"fv-az39-326","name":"@waytrade/microservice-core","msg":"HTTP Server listening on port 56481"}
{"level":20,"time":1633782304690,"pid":1833,"hostname":"fv-az39-326","name":"@waytrade/microservice-core","msg":"HTTP Server on port 56481 stopped"}
{"level":20,"time":1633782304690,"pid":1833,"hostname":"fv-az39-326","name":"@waytrade/microservice-core","msg":"Starting HTTP Server on port 0"}
{"level":20,"time":1633782304691,"pid":1833,"hostname":"fv-az39-326","name":"@waytrade/microservice-core","msg":"HTTP Server listening on port 52231"}
{"level":20,"time":1633782304861,"pid":1833,"hostname":"fv-az39-326","name":"@waytrade/microservice-core","msg":"HTTP Server on port 52231 stopped"}
{"level":20,"time":1633782304862,"pid":1833,"hostname":"fv-az39-326","name":"@waytrade/microservice-core","msg":"Starting HTTP Server on port 0"}
{"level":20,"time":1633782304862,"pid":1833,"hostname":"fv-az39-326","name":"@waytrade/microservice-core","msg":"HTTP Server listening on port 60557"}
{"level":20,"time":1633782305090,"pid":1833,"hostname":"fv-az39-326","name":"@waytrade/microservice-core","msg":"HTTP Server on port 60557 stopped"}
{"level":30,"time":1633782305412,"pid":1833,"hostname":"fv-az39-326","name":"@waytrade/microservice-core","msg":"Starting App..."}
{"level":20,"time":1633782305412,"pid":1833,"hostname":"fv-az39-326","name":"@waytrade/microservice-core","msg":"Starting HTTP Server on port 0"}
{"level":20,"time":1633782305413,"pid":1833,"hostname":"fv-az39-326","name":"@waytrade/microservice-core","msg":"HTTP Server listening on port 43767"}
{"level":30,"time":1633782305413,"pid":1833,"hostname":"fv-az39-326","name":"@waytrade/microservice-core","msg":"API Server started at port 43767"}
{"level":20,"time":1633782305413,"pid":1833,"hostname":"fv-az39-326","name":"@waytrade/microservice-core","msg":"HTTP Server on port 43767 stopped"}
{"level":30,"time":1633782305413,"pid":1833,"hostname":"fv-az39-326","name":"@waytrade/microservice-core","msg":"App stopped."}
{"level":30,"time":1633782305414,"pid":1833,"hostname":"fv-az39-326","name":"@waytrade/microservice-core","msg":"Starting App..."}
{"level":20,"time":1633782305415,"pid":1833,"hostname":"fv-az39-326","name":"@waytrade/microservice-core","msg":"Starting HTTP Server on port 0"}
{"level":20,"time":1633782305415,"pid":1833,"hostname":"fv-az39-326","name":"@waytrade/microservice-core","msg":"HTTP Server listening on port 46657"}
{"level":30,"time":1633782305415,"pid":1833,"hostname":"fv-az39-326","name":"@waytrade/microservice-core","msg":"API Server started at port 46657"}
{"level":20,"time":1633782305415,"pid":1833,"hostname":"fv-az39-326","name":"@waytrade/microservice-core","msg":"HTTP Server on port 46657 stopped"}
{"level":30,"time":1633782305415,"pid":1833,"hostname":"fv-az39-326","name":"@waytrade/microservice-core","msg":"App stopped."}
{"level":30,"time":1633782305416,"pid":1833,"hostname":"fv-az39-326","name":"@waytrade/microservice-core","msg":"Starting App..."}
{"level":20,"time":1633782305417,"pid":1833,"hostname":"fv-az39-326","name":"@waytrade/microservice-core","msg":"Starting HTTP Server on port 0"}
{"level":20,"time":1633782305417,"pid":1833,"hostname":"fv-az39-326","name":"@waytrade/microservice-core","msg":"HTTP Server listening on port 51063"}
{"level":30,"time":1633782305417,"pid":1833,"hostname":"fv-az39-326","name":"@waytrade/microservice-core","msg":"API Server started at port 51063"}
{"level":50,"time":1633782305417,"pid":1833,"hostname":"fv-az39-326","name":"@waytrade/microservice-core","msg":"App start failed: App is running already."}
{"level":20,"time":1633782305417,"pid":1833,"hostname":"fv-az39-326","name":"@waytrade/microservice-core","msg":"HTTP Server on port 51063 stopped"}
{"level":30,"time":1633782305417,"pid":1833,"hostname":"fv-az39-326","name":"@waytrade/microservice-core","msg":"App stopped."}
{"level":30,"time":1633782305418,"pid":1833,"hostname":"fv-az39-326","name":"@waytrade/microservice-core","msg":"Starting App..."}
{"level":20,"time":1633782305418,"pid":1833,"hostname":"fv-az39-326","name":"@waytrade/microservice-core","msg":"Starting HTTP Server on port 0"}
{"level":20,"time":1633782305418,"pid":1833,"hostname":"fv-az39-326","name":"@waytrade/microservice-core","msg":"HTTP Server listening on port 42423"}
{"level":30,"time":1633782305418,"pid":1833,"hostname":"fv-az39-326","name":"@waytrade/microservice-core","msg":"API Server started at port 42423"}
{"level":20,"time":1633782305419,"pid":1833,"hostname":"fv-az39-326","name":"@waytrade/microservice-core","msg":"HTTP Server on port 42423 stopped"}
{"level":30,"time":1633782305419,"pid":1833,"hostname":"fv-az39-326","name":"@waytrade/microservice-core","msg":"App stopped."}
{"level":30,"time":1633782305420,"pid":1833,"hostname":"fv-az39-326","name":"@waytrade/microservice-core","msg":"Starting App..."}
{"level":20,"time":1633782305420,"pid":1833,"hostname":"fv-az39-326","name":"@waytrade/microservice-core","msg":"Starting HTTP Server on port 0"}
{"level":20,"time":1633782305420,"pid":1833,"hostname":"fv-az39-326","name":"@waytrade/microservice-core","msg":"HTTP Server listening on port 49645"}
{"level":30,"time":1633782305420,"pid":1833,"hostname":"fv-az39-326","name":"@waytrade/microservice-core","msg":"API Server started at port 49645"}
{"level":20,"time":1633782305421,"pid":1833,"hostname":"fv-az39-326","name":"@waytrade/microservice-core","msg":"HTTP Server on port 49645 stopped"}
{"level":30,"time":1633782305421,"pid":1833,"hostname":"fv-az39-326","name":"@waytrade/microservice-core","msg":"App stopped."}
{"level":30,"time":1633782305423,"pid":1833,"hostname":"fv-az39-326","name":"@waytrade/microservice-core","msg":"Starting App..."}
{"level":20,"time":1633782305423,"pid":1833,"hostname":"fv-az39-326","name":"@waytrade/microservice-core","msg":"Starting HTTP Server on port 0"}
{"level":20,"time":1633782305423,"pid":1833,"hostname":"fv-az39-326","name":"@waytrade/microservice-core","msg":"HTTP Server listening on port 35055"}
{"level":30,"time":1633782305423,"pid":1833,"hostname":"fv-az39-326","name":"@waytrade/microservice-core","msg":"API Server started at port 35055"}
{"level":20,"time":1633782305435,"pid":1833,"hostname":"fv-az39-326","name":"@waytrade/microservice-core","msg":"HTTP get /test/get/ -> 200 (0ms)"}
{"level":20,"time":1633782305436,"pid":1833,"hostname":"fv-az39-326","name":"@waytrade/microservice-core","msg":"HTTP Server on port 35055 stopped"}
{"level":30,"time":1633782305436,"pid":1833,"hostname":"fv-az39-326","name":"@waytrade/microservice-core","msg":"App stopped."}
{"level":30,"time":1633782305437,"pid":1833,"hostname":"fv-az39-326","name":"@waytrade/microservice-core","msg":"Starting App..."}
{"level":20,"time":1633782305438,"pid":1833,"hostname":"fv-az39-326","name":"@waytrade/microservice-core","msg":"Starting HTTP Server on port 0"}
{"level":20,"time":1633782305438,"pid":1833,"hostname":"fv-az39-326","name":"@waytrade/microservice-core","msg":"HTTP Server listening on port 44999"}
{"level":30,"time":1633782305438,"pid":1833,"hostname":"fv-az39-326","name":"@waytrade/microservice-core","msg":"API Server started at port 44999"}
{"level":20,"time":1633782305438,"pid":1833,"hostname":"fv-az39-326","name":"@waytrade/microservice-core","msg":"Debug message"}
{"level":30,"time":1633782305438,"pid":1833,"hostname":"fv-az39-326","name":"@waytrade/microservice-core","msg":"Info message"}
{"level":40,"time":1633782305438,"pid":1833,"hostname":"fv-az39-326","name":"@waytrade/microservice-core","msg":"Warning message"}
{"level":50,"time":1633782305438,"pid":1833,"hostname":"fv-az39-326","name":"@waytrade/microservice-core","msg":"Error message"}
{"level":20,"time":1633782305438,"pid":1833,"hostname":"fv-az39-326","name":"@waytrade/microservice-core","msg":"HTTP Server on port 44999 stopped"}
{"level":30,"time":1633782305438,"pid":1833,"hostname":"fv-az39-326","name":"@waytrade/microservice-core","msg":"App stopped."}
{"level":30,"time":1633782305740,"pid":1833,"hostname":"fv-az39-326","name":"@waytrade/microservice-core","msg":"Starting App..."}
{"level":20,"time":1633782305740,"pid":1833,"hostname":"fv-az39-326","name":"@waytrade/microservice-core","msg":"Starting HTTP Server on port 0"}
{"level":20,"time":1633782305740,"pid":1833,"hostname":"fv-az39-326","name":"@waytrade/microservice-core","msg":"HTTP Server listening on port 44801"}
{"level":20,"time":1633782305741,"pid":1833,"hostname":"fv-az39-326","name":"@waytrade/microservice-core","msg":"Starting HTTP Server on port 0"}
{"level":20,"time":1633782305741,"pid":1833,"hostname":"fv-az39-326","name":"@waytrade/microservice-core","msg":"HTTP Server listening on port 58669"}
{"level":30,"time":1633782305741,"pid":1833,"hostname":"fv-az39-326","name":"@waytrade/microservice-core","msg":"API Server started at port 44801"}
{"level":30,"time":1633782305741,"pid":1833,"hostname":"fv-az39-326","name":"@waytrade/microservice-core","msg":"Webhook Callback Server started at port 58669"}
{"level":20,"time":1633782305742,"pid":1833,"hostname":"fv-az39-326","name":"@waytrade/microservice-core","msg":"HTTP Server on port 44801 stopped"}
{"level":20,"time":1633782305742,"pid":1833,"hostname":"fv-az39-326","name":"@waytrade/microservice-core","msg":"HTTP Server on port 58669 stopped"}
{"level":30,"time":1633782305742,"pid":1833,"hostname":"fv-az39-326","name":"@waytrade/microservice-core","msg":"App stopped."}
{"level":30,"time":1633782305744,"pid":1833,"hostname":"fv-az39-326","name":"@waytrade/microservice-core","msg":"Starting App..."}
{"level":20,"time":1633782305744,"pid":1833,"hostname":"fv-az39-326","name":"@waytrade/microservice-core","msg":"Starting HTTP Server on port 0"}
{"level":20,"time":1633782305744,"pid":1833,"hostname":"fv-az39-326","name":"@waytrade/microservice-core","msg":"HTTP Server listening on port 41465"}
{"level":20,"time":1633782305744,"pid":1833,"hostname":"fv-az39-326","name":"@waytrade/microservice-core","msg":"Starting HTTP Server on port 0"}
{"level":20,"time":1633782305744,"pid":1833,"hostname":"fv-az39-326","name":"@waytrade/microservice-core","msg":"HTTP Server listening on port 48081"}
{"level":30,"time":1633782305744,"pid":1833,"hostname":"fv-az39-326","name":"@waytrade/microservice-core","msg":"API Server started at port 41465"}
{"level":30,"time":1633782305744,"pid":1833,"hostname":"fv-az39-326","name":"@waytrade/microservice-core","msg":"Webhook Callback Server started at port 48081"}
{"level":20,"time":1633782305745,"pid":1833,"hostname":"fv-az39-326","name":"@waytrade/microservice-core","msg":"HTTP Server on port 41465 stopped"}
{"level":20,"time":1633782305745,"pid":1833,"hostname":"fv-az39-326","name":"@waytrade/microservice-core","msg":"HTTP Server on port 48081 stopped"}
{"level":30,"time":1633782305745,"pid":1833,"hostname":"fv-az39-326","name":"@waytrade/microservice-core","msg":"App stopped."}
{"level":30,"time":1633782305747,"pid":1833,"hostname":"fv-az39-326","name":"@waytrade/microservice-core","msg":"Starting App..."}
{"level":20,"time":1633782305747,"pid":1833,"hostname":"fv-az39-326","name":"@waytrade/microservice-core","msg":"Starting HTTP Server on port 0"}
{"level":20,"time":1633782305747,"pid":1833,"hostname":"fv-az39-326","name":"@waytrade/microservice-core","msg":"HTTP Server listening on port 55885"}
{"level":20,"time":1633782305747,"pid":1833,"hostname":"fv-az39-326","name":"@waytrade/microservice-core","msg":"Starting HTTP Server on port 0"}
{"level":20,"time":1633782305748,"pid":1833,"hostname":"fv-az39-326","name":"@waytrade/microservice-core","msg":"HTTP Server listening on port 47921"}
{"level":50,"time":1633782305748,"pid":1833,"hostname":"fv-az39-326","name":"@waytrade/microservice-core","msg":"App start failed: Controller booth failed"}
{"level":20,"time":1633782305748,"pid":1833,"hostname":"fv-az39-326","name":"@waytrade/microservice-core","msg":"HTTP Server on port 55885 stopped"}
{"level":20,"time":1633782305748,"pid":1833,"hostname":"fv-az39-326","name":"@waytrade/microservice-core","msg":"HTTP Server on port 47921 stopped"}
{"level":30,"time":1633782305748,"pid":1833,"hostname":"fv-az39-326","name":"@waytrade/microservice-core","msg":"App stopped."}
{"level":30,"time":1633782305749,"pid":1833,"hostname":"fv-az39-326","name":"@waytrade/microservice-core","msg":"Starting App..."}
{"level":20,"time":1633782305749,"pid":1833,"hostname":"fv-az39-326","name":"@waytrade/microservice-core","msg":"Starting HTTP Server on port 0"}
{"level":20,"time":1633782305749,"pid":1833,"hostname":"fv-az39-326","name":"@waytrade/microservice-core","msg":"HTTP Server listening on port 48893"}
{"level":20,"time":1633782305749,"pid":1833,"hostname":"fv-az39-326","name":"@waytrade/microservice-core","msg":"Starting HTTP Server on port 0"}
{"level":20,"time":1633782305750,"pid":1833,"hostname":"fv-az39-326","name":"@waytrade/microservice-core","msg":"HTTP Server listening on port 44207"}
{"level":50,"time":1633782305750,"pid":1833,"hostname":"fv-az39-326","name":"@waytrade/microservice-core","msg":"App start failed: Controller booth failed"}
{"level":20,"time":1633782305750,"pid":1833,"hostname":"fv-az39-326","name":"@waytrade/microservice-core","msg":"HTTP Server on port 48893 stopped"}
{"level":20,"time":1633782305750,"pid":1833,"hostname":"fv-az39-326","name":"@waytrade/microservice-core","msg":"HTTP Server on port 44207 stopped"}
{"level":30,"time":1633782305750,"pid":1833,"hostname":"fv-az39-326","name":"@waytrade/microservice-core","msg":"App stopped."}
{"level":30,"time":1633782305751,"pid":1833,"hostname":"fv-az39-326","name":"@waytrade/microservice-core","msg":"Starting App..."}
{"level":20,"time":1633782305751,"pid":1833,"hostname":"fv-az39-326","name":"@waytrade/microservice-core","msg":"Starting HTTP Server on port 0"}
{"level":20,"time":1633782305751,"pid":1833,"hostname":"fv-az39-326","name":"@waytrade/microservice-core","msg":"HTTP Server listening on port 38545"}
{"level":20,"time":1633782305752,"pid":1833,"hostname":"fv-az39-326","name":"@waytrade/microservice-core","msg":"Starting HTTP Server on port 0"}
{"level":20,"time":1633782305752,"pid":1833,"hostname":"fv-az39-326","name":"@waytrade/microservice-core","msg":"HTTP Server listening on port 54253"}
{"level":50,"time":1633782305752,"pid":1833,"hostname":"fv-az39-326","name":"@waytrade/microservice-core","msg":"App start failed: Controller booth failed"}
{"level":20,"time":1633782305752,"pid":1833,"hostname":"fv-az39-326","name":"@waytrade/microservice-core","msg":"HTTP Server on port 38545 stopped"}
{"level":20,"time":1633782305752,"pid":1833,"hostname":"fv-az39-326","name":"@waytrade/microservice-core","msg":"HTTP Server on port 54253 stopped"}
{"level":30,"time":1633782305752,"pid":1833,"hostname":"fv-az39-326","name":"@waytrade/microservice-core","msg":"App stopped."}
{"level":30,"time":1633782305753,"pid":1833,"hostname":"fv-az39-326","name":"@waytrade/microservice-core","msg":"Starting App..."}
{"level":20,"time":1633782305753,"pid":1833,"hostname":"fv-az39-326","name":"@waytrade/microservice-core","msg":"Starting HTTP Server on port 0"}
{"level":20,"time":1633782305753,"pid":1833,"hostname":"fv-az39-326","name":"@waytrade/microservice-core","msg":"HTTP Server listening on port 33673"}
{"level":20,"time":1633782305754,"pid":1833,"hostname":"fv-az39-326","name":"@waytrade/microservice-core","msg":"Starting HTTP Server on port 0"}
{"level":20,"time":1633782305754,"pid":1833,"hostname":"fv-az39-326","name":"@waytrade/microservice-core","msg":"HTTP Server listening on port 42573"}
{"level":50,"time":1633782305754,"pid":1833,"hostname":"fv-az39-326","name":"@waytrade/microservice-core","msg":"App start failed: Controller booth failed"}
{"level":20,"time":1633782305754,"pid":1833,"hostname":"fv-az39-326","name":"@waytrade/microservice-core","msg":"HTTP Server on port 33673 stopped"}
{"level":20,"time":1633782305754,"pid":1833,"hostname":"fv-az39-326","name":"@waytrade/microservice-core","msg":"HTTP Server on port 42573 stopped"}
{"level":30,"time":1633782305754,"pid":1833,"hostname":"fv-az39-326","name":"@waytrade/microservice-core","msg":"App stopped."}
{"level":30,"time":1633782306041,"pid":1833,"hostname":"fv-az39-326","name":"@waytrade/microservice-core","msg":"Starting App..."}
{"level":20,"time":1633782306041,"pid":1833,"hostname":"fv-az39-326","name":"@waytrade/microservice-core","msg":"Starting HTTP Server on port 0"}
{"level":20,"time":1633782306041,"pid":1833,"hostname":"fv-az39-326","name":"@waytrade/microservice-core","msg":"HTTP Server listening on port 36193"}
{"level":30,"time":1633782306042,"pid":1833,"hostname":"fv-az39-326","name":"@waytrade/microservice-core","msg":"API Server started at port 36193"}
{"level":20,"time":1633782306043,"pid":1833,"hostname":"fv-az39-326","name":"@waytrade/microservice-core","msg":"HTTP Server on port 36193 stopped"}
{"level":30,"time":1633782306043,"pid":1833,"hostname":"fv-az39-326","name":"@waytrade/microservice-core","msg":"App stopped."}
{"level":30,"time":1633782306044,"pid":1833,"hostname":"fv-az39-326","name":"@waytrade/microservice-core","msg":"Starting App..."}
{"level":20,"time":1633782306045,"pid":1833,"hostname":"fv-az39-326","name":"@waytrade/microservice-core","msg":"Starting HTTP Server on port 0"}
{"level":20,"time":1633782306045,"pid":1833,"hostname":"fv-az39-326","name":"@waytrade/microservice-core","msg":"HTTP Server listening on port 56555"}
{"level":30,"time":1633782306045,"pid":1833,"hostname":"fv-az39-326","name":"@waytrade/microservice-core","msg":"API Server started at port 56555"}
{"level":20,"time":1633782306046,"pid":1833,"hostname":"fv-az39-326","name":"@waytrade/microservice-core","msg":"HTTP Server on port 56555 stopped"}
{"level":30,"time":1633782306046,"pid":1833,"hostname":"fv-az39-326","name":"@waytrade/microservice-core","msg":"App stopped."}
{"level":30,"time":1633782306047,"pid":1833,"hostname":"fv-az39-326","name":"@waytrade/microservice-core","msg":"Starting App..."}
{"level":20,"time":1633782306048,"pid":1833,"hostname":"fv-az39-326","name":"@waytrade/microservice-core","msg":"Starting HTTP Server on port 0"}
{"level":20,"time":1633782306048,"pid":1833,"hostname":"fv-az39-326","name":"@waytrade/microservice-core","msg":"HTTP Server listening on port 35931"}
{"level":50,"time":1633782306048,"pid":1833,"hostname":"fv-az39-326","name":"@waytrade/microservice-core","msg":"App start failed: Controller booth failed"}
{"level":20,"time":1633782306048,"pid":1833,"hostname":"fv-az39-326","name":"@waytrade/microservice-core","msg":"HTTP Server on port 35931 stopped"}
{"level":30,"time":1633782306048,"pid":1833,"hostname":"fv-az39-326","name":"@waytrade/microservice-core","msg":"App stopped."}
{"level":30,"time":1633782306049,"pid":1833,"hostname":"fv-az39-326","name":"@waytrade/microservice-core","msg":"Starting App..."}
{"level":20,"time":1633782306050,"pid":1833,"hostname":"fv-az39-326","name":"@waytrade/microservice-core","msg":"Starting HTTP Server on port 0"}
{"level":20,"time":1633782306050,"pid":1833,"hostname":"fv-az39-326","name":"@waytrade/microservice-core","msg":"HTTP Server listening on port 33343"}
{"level":50,"time":1633782306050,"pid":1833,"hostname":"fv-az39-326","name":"@waytrade/microservice-core","msg":"App start failed: Controller booth failed"}
{"level":20,"time":1633782306050,"pid":1833,"hostname":"fv-az39-326","name":"@waytrade/microservice-core","msg":"HTTP Server on port 33343 stopped"}
{"level":30,"time":1633782306050,"pid":1833,"hostname":"fv-az39-326","name":"@waytrade/microservice-core","msg":"App stopped."}
{"level":30,"time":1633782306051,"pid":1833,"hostname":"fv-az39-326","name":"@waytrade/microservice-core","msg":"Starting App..."}
{"level":20,"time":1633782306051,"pid":1833,"hostname":"fv-az39-326","name":"@waytrade/microservice-core","msg":"Starting HTTP Server on port 0"}
{"level":20,"time":1633782306052,"pid":1833,"hostname":"fv-az39-326","name":"@waytrade/microservice-core","msg":"HTTP Server listening on port 41849"}
{"level":50,"time":1633782306052,"pid":1833,"hostname":"fv-az39-326","name":"@waytrade/microservice-core","msg":"App start failed: Controller booth failed"}
{"level":20,"time":1633782306052,"pid":1833,"hostname":"fv-az39-326","name":"@waytrade/microservice-core","msg":"HTTP Server on port 41849 stopped"}
{"level":30,"time":1633782306052,"pid":1833,"hostname":"fv-az39-326","name":"@waytrade/microservice-core","msg":"App stopped."}
{"level":30,"time":1633782306053,"pid":1833,"hostname":"fv-az39-326","name":"@waytrade/microservice-core","msg":"Starting App..."}
{"level":20,"time":1633782306053,"pid":1833,"hostname":"fv-az39-326","name":"@waytrade/microservice-core","msg":"Starting HTTP Server on port 0"}
{"level":20,"time":1633782306053,"pid":1833,"hostname":"fv-az39-326","name":"@waytrade/microservice-core","msg":"HTTP Server listening on port 44789"}
{"level":50,"time":1633782306054,"pid":1833,"hostname":"fv-az39-326","name":"@waytrade/microservice-core","msg":"App start failed: Controller booth failed"}
{"level":20,"time":1633782306054,"pid":1833,"hostname":"fv-az39-326","name":"@waytrade/microservice-core","msg":"HTTP Server on port 44789 stopped"}
{"level":30,"time":1633782306054,"pid":1833,"hostname":"fv-az39-326","name":"@waytrade/microservice-core","msg":"App stopped."}
{"level":30,"time":1633782306363,"pid":1833,"hostname":"fv-az39-326","name":"@waytrade/microservice-core","msg":"Starting App..."}
{"level":20,"time":1633782306364,"pid":1833,"hostname":"fv-az39-326","name":"@waytrade/microservice-core","msg":"Starting HTTP Server on port 0"}
{"level":20,"time":1633782306364,"pid":1833,"hostname":"fv-az39-326","name":"@waytrade/microservice-core","msg":"HTTP Server listening on port 34595"}
{"level":30,"time":1633782306364,"pid":1833,"hostname":"fv-az39-326","name":"@waytrade/microservice-core","msg":"API Server started at port 34595"}
{"level":20,"time":1633782306365,"pid":1833,"hostname":"fv-az39-326","name":"@waytrade/microservice-core","msg":"HTTP Server on port 34595 stopped"}
{"level":30,"time":1633782306365,"pid":1833,"hostname":"fv-az39-326","name":"@waytrade/microservice-core","msg":"App stopped."}
{"level":30,"time":1633782306367,"pid":1833,"hostname":"fv-az39-326","name":"@waytrade/microservice-core","msg":"Starting App..."}
{"level":20,"time":1633782306367,"pid":1833,"hostname":"fv-az39-326","name":"@waytrade/microservice-core","msg":"Starting HTTP Server on port 0"}
{"level":20,"time":1633782306367,"pid":1833,"hostname":"fv-az39-326","name":"@waytrade/microservice-core","msg":"HTTP Server listening on port 48729"}
{"level":30,"time":1633782306367,"pid":1833,"hostname":"fv-az39-326","name":"@waytrade/microservice-core","msg":"API Server started at port 48729"}
{"level":20,"time":1633782306368,"pid":1833,"hostname":"fv-az39-326","name":"@waytrade/microservice-core","msg":"HTTP Server on port 48729 stopped"}
{"level":30,"time":1633782306368,"pid":1833,"hostname":"fv-az39-326","name":"@waytrade/microservice-core","msg":"App stopped."}
{"level":30,"time":1633782306370,"pid":1833,"hostname":"fv-az39-326","name":"@waytrade/microservice-core","msg":"Starting App..."}
{"level":50,"time":1633782306370,"pid":1833,"hostname":"fv-az39-326","name":"@waytrade/microservice-core","msg":"App start failed: Controller booth failed"}
{"level":30,"time":1633782306370,"pid":1833,"hostname":"fv-az39-326","name":"@waytrade/microservice-core","msg":"App stopped."}
{"level":30,"time":1633782306371,"pid":1833,"hostname":"fv-az39-326","name":"@waytrade/microservice-core","msg":"Starting App..."}
{"level":50,"time":1633782306371,"pid":1833,"hostname":"fv-az39-326","name":"@waytrade/microservice-core","msg":"App start failed: Controller booth failed"}
{"level":30,"time":1633782306372,"pid":1833,"hostname":"fv-az39-326","name":"@waytrade/microservice-core","msg":"App stopped."}
{"level":30,"time":1633782306373,"pid":1833,"hostname":"fv-az39-326","name":"@waytrade/microservice-core","msg":"Starting App..."}
{"level":50,"time":1633782306373,"pid":1833,"hostname":"fv-az39-326","name":"@waytrade/microservice-core","msg":"App start failed: Controller booth failed"}
{"level":30,"time":1633782306373,"pid":1833,"hostname":"fv-az39-326","name":"@waytrade/microservice-core","msg":"App stopped."}
{"level":30,"time":1633782306394,"pid":1833,"hostname":"fv-az39-326","name":"@waytrade/microservice-core","msg":"Starting App..."}
{"level":50,"time":1633782306394,"pid":1833,"hostname":"fv-az39-326","name":"@waytrade/microservice-core","msg":"App start failed: Controller booth failed"}
{"level":30,"time":1633782306395,"pid":1833,"hostname":"fv-az39-326","name":"@waytrade/microservice-core","msg":"App stopped."}
{"level":20,"time":1633782306753,"pid":1833,"hostname":"fv-az39-326","name":"@waytrade/microservice-core","msg":"Starting HTTP Server on port 0"}
{"level":20,"time":1633782306754,"pid":1833,"hostname":"fv-az39-326","name":"@waytrade/microservice-core","msg":"HTTP Server listening on port 34171"}
{"level":20,"time":1633782306754,"pid":1833,"hostname":"fv-az39-326","name":"@waytrade/microservice-core","msg":"HTTP Server on port 34171 stopped"}
{"level":20,"time":1633782306754,"pid":1833,"hostname":"fv-az39-326","name":"@waytrade/microservice-core","msg":"Starting HTTP Server on port 3999"}
{"level":20,"time":1633782306755,"pid":1833,"hostname":"fv-az39-326","name":"@waytrade/microservice-core","msg":"HTTP Server listening on port 3999"}
{"level":20,"time":1633782306755,"pid":1833,"hostname":"fv-az39-326","name":"@waytrade/microservice-core","msg":"HTTP Server on port 3999 stopped"}
{"level":20,"time":1633782306755,"pid":1833,"hostname":"fv-az39-326","name":"@waytrade/microservice-core","msg":"Starting HTTP Server on port 0"}
{"level":20,"time":1633782306755,"pid":1833,"hostname":"fv-az39-326","name":"@waytrade/microservice-core","msg":"HTTP Server listening on port 51831"}
{"level":20,"time":1633782306758,"pid":1833,"hostname":"fv-az39-326","name":"@waytrade/microservice-core","msg":"/some/invalid/path not found."}
{"level":20,"time":1633782306759,"pid":1833,"hostname":"fv-az39-326","name":"@waytrade/microservice-core","msg":"HTTP Server on port 51831 stopped"}
{"level":20,"time":1633782306759,"pid":1833,"hostname":"fv-az39-326","name":"@waytrade/microservice-core","msg":"Starting HTTP Server on port 0"}
{"level":20,"time":1633782306760,"pid":1833,"hostname":"fv-az39-326","name":"@waytrade/microservice-core","msg":"HTTP Server listening on port 36259"}
{"level":20,"time":1633782306762,"pid":1833,"hostname":"fv-az39-326","name":"@waytrade/microservice-core","msg":"HTTP Server on port 36259 stopped"}
{"level":20,"time":1633782306762,"pid":1833,"hostname":"fv-az39-326","name":"@waytrade/microservice-core","msg":"Starting HTTP Server on port 0"}
{"level":20,"time":1633782306762,"pid":1833,"hostname":"fv-az39-326","name":"@waytrade/microservice-core","msg":"HTTP Server listening on port 46335"}
{"level":20,"time":1633782306764,"pid":1833,"hostname":"fv-az39-326","name":"@waytrade/microservice-core","msg":"HTTP Server on port 46335 stopped"}
{"level":20,"time":1633782306765,"pid":1833,"hostname":"fv-az39-326","name":"@waytrade/microservice-core","msg":"Starting HTTP Server on port 0"}
{"level":20,"time":1633782306765,"pid":1833,"hostname":"fv-az39-326","name":"@waytrade/microservice-core","msg":"HTTP Server listening on port 49583"}
{"level":20,"time":1633782306766,"pid":1833,"hostname":"fv-az39-326","name":"@waytrade/microservice-core","msg":"HTTP get /api/dummy/customResponseHeader -> 200 (0ms)"}
{"level":20,"time":1633782306767,"pid":1833,"hostname":"fv-az39-326","name":"@waytrade/microservice-core","msg":"HTTP Server on port 49583 stopped"}
{"level":30,"time":1633782307050,"pid":1833,"hostname":"fv-az39-326","name":"@waytrade/microservice-core","msg":"Starting App..."}
{"level":20,"time":1633782307050,"pid":1833,"hostname":"fv-az39-326","name":"@waytrade/microservice-core","msg":"Starting HTTP Server on port 0"}
{"level":20,"time":1633782307051,"pid":1833,"hostname":"fv-az39-326","name":"@waytrade/microservice-core","msg":"HTTP Server listening on port 42245"}
{"level":20,"time":1633782307051,"pid":1833,"hostname":"fv-az39-326","name":"@waytrade/microservice-core","msg":"Starting HTTP Server on port 0"}
{"level":20,"time":1633782307051,"pid":1833,"hostname":"fv-az39-326","name":"@waytrade/microservice-core","msg":"HTTP Server listening on port 48515"}
{"level":30,"time":1633782307051,"pid":1833,"hostname":"fv-az39-326","name":"@waytrade/microservice-core","msg":"API Server started at port 42245"}
{"level":30,"time":1633782307051,"pid":1833,"hostname":"fv-az39-326","name":"@waytrade/microservice-core","msg":"Webhook Callback Server started at port 48515"}
{"level":20,"time":1633782307054,"pid":1833,"hostname":"fv-az39-326","name":"@waytrade/microservice-core","msg":"HTTP get /api/ -> 200 (0ms)"}
{"level":20,"time":1633782307055,"pid":1833,"hostname":"fv-az39-326","name":"@waytrade/microservice-core","msg":"HTTP Server on port 42245 stopped"}
{"level":20,"time":1633782307055,"pid":1833,"hostname":"fv-az39-326","name":"@waytrade/microservice-core","msg":"HTTP Server on port 48515 stopped"}
{"level":30,"time":1633782307055,"pid":1833,"hostname":"fv-az39-326","name":"@waytrade/microservice-core","msg":"App stopped."}
{"level":30,"time":1633782307056,"pid":1833,"hostname":"fv-az39-326","name":"@waytrade/microservice-core","msg":"Starting App..."}
{"level":20,"time":1633782307057,"pid":1833,"hostname":"fv-az39-326","name":"@waytrade/microservice-core","msg":"Starting HTTP Server on port 0"}
{"level":20,"time":1633782307057,"pid":1833,"hostname":"fv-az39-326","name":"@waytrade/microservice-core","msg":"HTTP Server listening on port 55791"}
{"level":20,"time":1633782307057,"pid":1833,"hostname":"fv-az39-326","name":"@waytrade/microservice-core","msg":"Starting HTTP Server on port 0"}
{"level":20,"time":1633782307057,"pid":1833,"hostname":"fv-az39-326","name":"@waytrade/microservice-core","msg":"HTTP Server listening on port 36351"}
{"level":30,"time":1633782307057,"pid":1833,"hostname":"fv-az39-326","name":"@waytrade/microservice-core","msg":"API Server started at port 55791"}
{"level":30,"time":1633782307057,"pid":1833,"hostname":"fv-az39-326","name":"@waytrade/microservice-core","msg":"Webhook Callback Server started at port 36351"}
{"level":20,"time":1633782307058,"pid":1833,"hostname":"fv-az39-326","name":"@waytrade/microservice-core","msg":"HTTP get / -> 200 (0ms)"}
{"level":20,"time":1633782307059,"pid":1833,"hostname":"fv-az39-326","name":"@waytrade/microservice-core","msg":"HTTP Server on port 55791 stopped"}
{"level":20,"time":1633782307059,"pid":1833,"hostname":"fv-az39-326","name":"@waytrade/microservice-core","msg":"HTTP Server on port 36351 stopped"}
{"level":30,"time":1633782307059,"pid":1833,"hostname":"fv-az39-326","name":"@waytrade/microservice-core","msg":"App stopped."}
{"level":30,"time":1633782307060,"pid":1833,"hostname":"fv-az39-326","name":"@waytrade/microservice-core","msg":"Starting App..."}
{"level":20,"time":1633782307060,"pid":1833,"hostname":"fv-az39-326","name":"@waytrade/microservice-core","msg":"Starting HTTP Server on port 0"}
{"level":20,"time":1633782307060,"pid":1833,"hostname":"fv-az39-326","name":"@waytrade/microservice-core","msg":"HTTP Server listening on port 48975"}
{"level":20,"time":1633782307061,"pid":1833,"hostname":"fv-az39-326","name":"@waytrade/microservice-core","msg":"Starting HTTP Server on port 0"}
{"level":20,"time":1633782307061,"pid":1833,"hostname":"fv-az39-326","name":"@waytrade/microservice-core","msg":"HTTP Server listening on port 51697"}
{"level":30,"time":1633782307061,"pid":1833,"hostname":"fv-az39-326","name":"@waytrade/microservice-core","msg":"API Server started at port 48975"}
{"level":30,"time":1633782307061,"pid":1833,"hostname":"fv-az39-326","name":"@waytrade/microservice-core","msg":"Webhook Callback Server started at port 51697"}
{"level":20,"time":1633782307062,"pid":1833,"hostname":"fv-az39-326","name":"@waytrade/microservice-core","msg":"HTTP get /api/ -> 200 (0ms)"}
{"level":20,"time":1633782307063,"pid":1833,"hostname":"fv-az39-326","name":"@waytrade/microservice-core","msg":"HTTP Server on port 48975 stopped"}
{"level":20,"time":1633782307063,"pid":1833,"hostname":"fv-az39-326","name":"@waytrade/microservice-core","msg":"HTTP Server on port 51697 stopped"}
{"level":30,"time":1633782307063,"pid":1833,"hostname":"fv-az39-326","name":"@waytrade/microservice-core","msg":"App stopped."}
{"level":30,"time":1633782307064,"pid":1833,"hostname":"fv-az39-326","name":"@waytrade/microservice-core","msg":"Starting App..."}
{"level":20,"time":1633782307064,"pid":1833,"hostname":"fv-az39-326","name":"@waytrade/microservice-core","msg":"Starting HTTP Server on port 0"}
{"level":20,"time":1633782307064,"pid":1833,"hostname":"fv-az39-326","name":"@waytrade/microservice-core","msg":"HTTP Server listening on port 44269"}
{"level":20,"time":1633782307064,"pid":1833,"hostname":"fv-az39-326","name":"@waytrade/microservice-core","msg":"Starting HTTP Server on port 0"}
{"level":20,"time":1633782307064,"pid":1833,"hostname":"fv-az39-326","name":"@waytrade/microservice-core","msg":"HTTP Server listening on port 40071"}
{"level":30,"time":1633782307064,"pid":1833,"hostname":"fv-az39-326","name":"@waytrade/microservice-core","msg":"API Server started at port 44269"}
{"level":30,"time":1633782307064,"pid":1833,"hostname":"fv-az39-326","name":"@waytrade/microservice-core","msg":"Webhook Callback Server started at port 40071"}
{"level":20,"time":1633782307066,"pid":1833,"hostname":"fv-az39-326","name":"@waytrade/microservice-core","msg":"HTTP Server on port 44269 stopped"}
{"level":20,"time":1633782307066,"pid":1833,"hostname":"fv-az39-326","name":"@waytrade/microservice-core","msg":"HTTP Server on port 40071 stopped"}
{"level":30,"time":1633782307066,"pid":1833,"hostname":"fv-az39-326","name":"@waytrade/microservice-core","msg":"App stopped."}
{"level":30,"time":1633782307332,"pid":1833,"hostname":"fv-az39-326","name":"@waytrade/microservice-core","msg":"Starting App..."}
{"level":20,"time":1633782307332,"pid":1833,"hostname":"fv-az39-326","name":"@waytrade/microservice-core","msg":"Starting HTTP Server on port 0"}
{"level":20,"time":1633782307333,"pid":1833,"hostname":"fv-az39-326","name":"@waytrade/microservice-core","msg":"HTTP Server listening on port 33069"}
{"level":20,"time":1633782307333,"pid":1833,"hostname":"fv-az39-326","name":"@waytrade/microservice-core","msg":"Starting HTTP Server on port 0"}
{"level":20,"time":1633782307333,"pid":1833,"hostname":"fv-az39-326","name":"@waytrade/microservice-core","msg":"HTTP Server listening on port 47025"}
{"level":30,"time":1633782307333,"pid":1833,"hostname":"fv-az39-326","name":"@waytrade/microservice-core","msg":"API Server started at port 33069"}
{"level":30,"time":1633782307333,"pid":1833,"hostname":"fv-az39-326","name":"@waytrade/microservice-core","msg":"Webhook Callback Server started at port 47025"}
{"level":20,"time":1633782307334,"pid":1833,"hostname":"fv-az39-326","name":"@waytrade/microservice-core","msg":"HTTP Server on port 33069 stopped"}
{"level":20,"time":1633782307334,"pid":1833,"hostname":"fv-az39-326","name":"@waytrade/microservice-core","msg":"HTTP Server on port 47025 stopped"}
{"level":30,"time":1633782307334,"pid":1833,"hostname":"fv-az39-326","name":"@waytrade/microservice-core","msg":"App stopped."}
{"level":30,"time":1633782307335,"pid":1833,"hostname":"fv-az39-326","name":"@waytrade/microservice-core","msg":"Starting App..."}
{"level":20,"time":1633782307335,"pid":1833,"hostname":"fv-az39-326","name":"@waytrade/microservice-core","msg":"Starting HTTP Server on port 0"}
{"level":20,"time":1633782307335,"pid":1833,"hostname":"fv-az39-326","name":"@waytrade/microservice-core","msg":"HTTP Server listening on port 45461"}
{"level":20,"time":1633782307335,"pid":1833,"hostname":"fv-az39-326","name":"@waytrade/microservice-core","msg":"Starting HTTP Server on port 0"}
{"level":20,"time":1633782307336,"pid":1833,"hostname":"fv-az39-326","name":"@waytrade/microservice-core","msg":"HTTP Server listening on port 53845"}
{"level":30,"time":1633782307336,"pid":1833,"hostname":"fv-az39-326","name":"@waytrade/microservice-core","msg":"API Server started at port 45461"}
{"level":30,"time":1633782307336,"pid":1833,"hostname":"fv-az39-326","name":"@waytrade/microservice-core","msg":"Webhook Callback Server started at port 53845"}
{"level":20,"time":1633782307336,"pid":1833,"hostname":"fv-az39-326","name":"@waytrade/microservice-core","msg":"HTTP Server on port 45461 stopped"}
{"level":20,"time":1633782307336,"pid":1833,"hostname":"fv-az39-326","name":"@waytrade/microservice-core","msg":"HTTP Server on port 53845 stopped"}
{"level":30,"time":1633782307336,"pid":1833,"hostname":"fv-az39-326","name":"@waytrade/microservice-core","msg":"App stopped."}
{"level":30,"time":1633782307337,"pid":1833,"hostname":"fv-az39-326","name":"@waytrade/microservice-core","msg":"Starting App..."}
{"level":20,"time":1633782307338,"pid":1833,"hostname":"fv-az39-326","name":"@waytrade/microservice-core","msg":"Starting HTTP Server on port 0"}
{"level":20,"time":1633782307338,"pid":1833,"hostname":"fv-az39-326","name":"@waytrade/microservice-core","msg":"HTTP Server listening on port 60865"}
{"level":20,"time":1633782307338,"pid":1833,"hostname":"fv-az39-326","name":"@waytrade/microservice-core","msg":"Starting HTTP Server on port 0"}
{"level":20,"time":1633782307338,"pid":1833,"hostname":"fv-az39-326","name":"@waytrade/microservice-core","msg":"HTTP Server listening on port 50995"}
{"level":30,"time":1633782307338,"pid":1833,"hostname":"fv-az39-326","name":"@waytrade/microservice-core","msg":"API Server started at port 60865"}
{"level":30,"time":1633782307338,"pid":1833,"hostname":"fv-az39-326","name":"@waytrade/microservice-core","msg":"Webhook Callback Server started at port 50995"}
{"level":20,"time":1633782307339,"pid":1833,"hostname":"fv-az39-326","name":"@waytrade/microservice-core","msg":"HTTP Server on port 60865 stopped"}
{"level":20,"time":1633782307339,"pid":1833,"hostname":"fv-az39-326","name":"@waytrade/microservice-core","msg":"HTTP Server on port 50995 stopped"}
{"level":30,"time":1633782307339,"pid":1833,"hostname":"fv-az39-326","name":"@waytrade/microservice-core","msg":"App stopped."}
{"level":30,"time":1633782307340,"pid":1833,"hostname":"fv-az39-326","name":"@waytrade/microservice-core","msg":"Starting App..."}
{"level":20,"time":1633782307340,"pid":1833,"hostname":"fv-az39-326","name":"@waytrade/microservice-core","msg":"Starting HTTP Server on port 0"}
{"level":20,"time":1633782307340,"pid":1833,"hostname":"fv-az39-326","name":"@waytrade/microservice-core","msg":"HTTP Server listening on port 43265"}
{"level":20,"time":1633782307340,"pid":1833,"hostname":"fv-az39-326","name":"@waytrade/microservice-core","msg":"Starting HTTP Server on port 0"}
{"level":20,"time":1633782307340,"pid":1833,"hostname":"fv-az39-326","name":"@waytrade/microservice-core","msg":"HTTP Server listening on port 47431"}
{"level":30,"time":1633782307340,"pid":1833,"hostname":"fv-az39-326","name":"@waytrade/microservice-core","msg":"API Server started at port 43265"}
{"level":30,"time":1633782307340,"pid":1833,"hostname":"fv-az39-326","name":"@waytrade/microservice-core","msg":"Webhook Callback Server started at port 47431"}
{"level":20,"time":1633782307341,"pid":1833,"hostname":"fv-az39-326","name":"@waytrade/microservice-core","msg":"HTTP Server on port 43265 stopped"}
{"level":20,"time":1633782307341,"pid":1833,"hostname":"fv-az39-326","name":"@waytrade/microservice-core","msg":"HTTP Server on port 47431 stopped"}
{"level":30,"time":1633782307341,"pid":1833,"hostname":"fv-az39-326","name":"@waytrade/microservice-core","msg":"App stopped."}
{"level":30,"time":1633782307627,"pid":1833,"hostname":"fv-az39-326","name":"@waytrade/microservice-core","msg":"Starting App..."}
{"level":20,"time":1633782307627,"pid":1833,"hostname":"fv-az39-326","name":"@waytrade/microservice-core","msg":"Starting HTTP Server on port 0"}
{"level":20,"time":1633782307627,"pid":1833,"hostname":"fv-az39-326","name":"@waytrade/microservice-core","msg":"HTTP Server listening on port 36321"}
{"level":30,"time":1633782307627,"pid":1833,"hostname":"fv-az39-326","name":"@waytrade/microservice-core","msg":"API Server started at port 36321"}
{"level":20,"time":1633782307628,"pid":1833,"hostname":"fv-az39-326","name":"@waytrade/microservice-core","msg":"HTTP Server on port 36321 stopped"}
{"level":30,"time":1633782307628,"pid":1833,"hostname":"fv-az39-326","name":"@waytrade/microservice-core","msg":"App stopped."}
{"level":30,"time":1633782307629,"pid":1833,"hostname":"fv-az39-326","name":"@waytrade/microservice-core","msg":"Starting App..."}
{"level":20,"time":1633782307631,"pid":1833,"hostname":"fv-az39-326","name":"@waytrade/microservice-core","msg":"Starting HTTP Server on port 0"}
{"level":20,"time":1633782307631,"pid":1833,"hostname":"fv-az39-326","name":"@waytrade/microservice-core","msg":"HTTP Server listening on port 45401"}
{"level":30,"time":1633782307631,"pid":1833,"hostname":"fv-az39-326","name":"@waytrade/microservice-core","msg":"API Server started at port 45401"}
{"level":20,"time":1633782307631,"pid":1833,"hostname":"fv-az39-326","name":"@waytrade/microservice-core","msg":"HTTP Server on port 45401 stopped"}
{"level":30,"time":1633782307631,"pid":1833,"hostname":"fv-az39-326","name":"@waytrade/microservice-core","msg":"App stopped."}
{"level":30,"time":1633782307633,"pid":1833,"hostname":"fv-az39-326","name":"@waytrade/microservice-core","msg":"Starting App..."}
{"level":20,"time":1633782307633,"pid":1833,"hostname":"fv-az39-326","name":"@waytrade/microservice-core","msg":"Starting HTTP Server on port 0"}
{"level":20,"time":1633782307633,"pid":1833,"hostname":"fv-az39-326","name":"@waytrade/microservice-core","msg":"HTTP Server listening on port 49857"}
{"level":30,"time":1633782307633,"pid":1833,"hostname":"fv-az39-326","name":"@waytrade/microservice-core","msg":"API Server started at port 49857"}
{"level":20,"time":1633782307634,"pid":1833,"hostname":"fv-az39-326","name":"@waytrade/microservice-core","msg":"HTTP Server on port 49857 stopped"}
{"level":30,"time":1633782307634,"pid":1833,"hostname":"fv-az39-326","name":"@waytrade/microservice-core","msg":"App stopped."}
{"level":30,"time":1633782307635,"pid":1833,"hostname":"fv-az39-326","name":"@waytrade/microservice-core","msg":"Starting App..."}
{"level":20,"time":1633782307635,"pid":1833,"hostname":"fv-az39-326","name":"@waytrade/microservice-core","msg":"Starting HTTP Server on port 0"}
{"level":20,"time":1633782307635,"pid":1833,"hostname":"fv-az39-326","name":"@waytrade/microservice-core","msg":"HTTP Server listening on port 43633"}
{"level":30,"time":1633782307635,"pid":1833,"hostname":"fv-az39-326","name":"@waytrade/microservice-core","msg":"API Server started at port 43633"}
{"level":20,"time":1633782307636,"pid":1833,"hostname":"fv-az39-326","name":"@waytrade/microservice-core","msg":"HTTP Server on port 43633 stopped"}
{"level":30,"time":1633782307636,"pid":1833,"hostname":"fv-az39-326","name":"@waytrade/microservice-core","msg":"App stopped."}
{"level":30,"time":1633782307920,"pid":1833,"hostname":"fv-az39-326","name":"@waytrade/microservice-core","msg":"Starting App..."}
{"level":20,"time":1633782307921,"pid":1833,"hostname":"fv-az39-326","name":"@waytrade/microservice-core","msg":"Starting HTTP Server on port 0"}
{"level":20,"time":1633782307921,"pid":1833,"hostname":"fv-az39-326","name":"@waytrade/microservice-core","msg":"HTTP Server listening on port 38959"}
{"level":30,"time":1633782307921,"pid":1833,"hostname":"fv-az39-326","name":"@waytrade/microservice-core","msg":"API Server started at port 38959"}
{"level":20,"time":1633782307921,"pid":1833,"hostname":"fv-az39-326","name":"@waytrade/microservice-core","msg":"HTTP Server on port 38959 stopped"}
{"level":30,"time":1633782307922,"pid":1833,"hostname":"fv-az39-326","name":"@waytrade/microservice-core","msg":"App stopped."}
{"level":30,"time":1633782307923,"pid":1833,"hostname":"fv-az39-326","name":"@waytrade/microservice-core","msg":"Starting App..."}
{"level":20,"time":1633782307923,"pid":1833,"hostname":"fv-az39-326","name":"@waytrade/microservice-core","msg":"Starting HTTP Server on port 0"}
{"level":20,"time":1633782307923,"pid":1833,"hostname":"fv-az39-326","name":"@waytrade/microservice-core","msg":"HTTP Server listening on port 52523"}
{"level":30,"time":1633782307923,"pid":1833,"hostname":"fv-az39-326","name":"@waytrade/microservice-core","msg":"API Server started at port 52523"}
{"level":20,"time":1633782307924,"pid":1833,"hostname":"fv-az39-326","name":"@waytrade/microservice-core","msg":"HTTP Server on port 52523 stopped"}
{"level":30,"time":1633782307924,"pid":1833,"hostname":"fv-az39-326","name":"@waytrade/microservice-core","msg":"App stopped."}
{"level":30,"time":1633782307925,"pid":1833,"hostname":"fv-az39-326","name":"@waytrade/microservice-core","msg":"Starting App..."}
{"level":20,"time":1633782307925,"pid":1833,"hostname":"fv-az39-326","name":"@waytrade/microservice-core","msg":"Starting HTTP Server on port 0"}
{"level":20,"time":1633782307926,"pid":1833,"hostname":"fv-az39-326","name":"@waytrade/microservice-core","msg":"HTTP Server listening on port 57713"}
{"level":30,"time":1633782307926,"pid":1833,"hostname":"fv-az39-326","name":"@waytrade/microservice-core","msg":"API Server started at port 57713"}
{"level":20,"time":1633782307926,"pid":1833,"hostname":"fv-az39-326","name":"@waytrade/microservice-core","msg":"HTTP Server on port 57713 stopped"}
{"level":30,"time":1633782307926,"pid":1833,"hostname":"fv-az39-326","name":"@waytrade/microservice-core","msg":"App stopped."}
{"level":30,"time":1633782307927,"pid":1833,"hostname":"fv-az39-326","name":"@waytrade/microservice-core","msg":"Starting App..."}
{"level":20,"time":1633782307927,"pid":1833,"hostname":"fv-az39-326","name":"@waytrade/microservice-core","msg":"Starting HTTP Server on port 0"}
{"level":20,"time":1633782307928,"pid":1833,"hostname":"fv-az39-326","name":"@waytrade/microservice-core","msg":"HTTP Server listening on port 60819"}
{"level":30,"time":1633782307928,"pid":1833,"hostname":"fv-az39-326","name":"@waytrade/microservice-core","msg":"API Server started at port 60819"}
{"level":20,"time":1633782307928,"pid":1833,"hostname":"fv-az39-326","name":"@waytrade/microservice-core","msg":"HTTP Server on port 60819 stopped"}
{"level":30,"time":1633782307928,"pid":1833,"hostname":"fv-az39-326","name":"@waytrade/microservice-core","msg":"App stopped."}
{"level":30,"time":1633782308466,"pid":1833,"hostname":"fv-az39-326","name":"@waytrade/microservice-core","msg":"Starting App..."}
{"level":20,"time":1633782308467,"pid":1833,"hostname":"fv-az39-326","name":"@waytrade/microservice-core","msg":"Starting HTTP Server on port 0"}
{"level":20,"time":1633782308467,"pid":1833,"hostname":"fv-az39-326","name":"@waytrade/microservice-core","msg":"HTTP Server listening on port 59785"}
{"level":30,"time":1633782308467,"pid":1833,"hostname":"fv-az39-326","name":"@waytrade/microservice-core","msg":"API Server started at port 59785"}
{"level":20,"time":1633782308468,"pid":1833,"hostname":"fv-az39-326","name":"@waytrade/microservice-core","msg":"HTTP Server on port 59785 stopped"}
{"level":30,"time":1633782308468,"pid":1833,"hostname":"fv-az39-326","name":"@waytrade/microservice-core","msg":"App stopped."}
{"level":30,"time":1633782308469,"pid":1833,"hostname":"fv-az39-326","name":"@waytrade/microservice-core","msg":"Starting App..."}
{"level":20,"time":1633782308470,"pid":1833,"hostname":"fv-az39-326","name":"@waytrade/microservice-core","msg":"Starting HTTP Server on port 0"}
{"level":20,"time":1633782308470,"pid":1833,"hostname":"fv-az39-326","name":"@waytrade/microservice-core","msg":"HTTP Server listening on port 34561"}
{"level":50,"time":1633782308470,"pid":1833,"hostname":"fv-az39-326","name":"@waytrade/microservice-core","msg":"App start failed: Controller booth failed"}
{"level":20,"time":1633782308470,"pid":1833,"hostname":"fv-az39-326","name":"@waytrade/microservice-core","msg":"HTTP Server on port 34561 stopped"}
{"level":30,"time":1633782308470,"pid":1833,"hostname":"fv-az39-326","name":"@waytrade/microservice-core","msg":"App stopped."}
{"level":30,"time":1633782308471,"pid":1833,"hostname":"fv-az39-326","name":"@waytrade/microservice-core","msg":"Starting App..."}
{"level":20,"time":1633782308471,"pid":1833,"hostname":"fv-az39-326","name":"@waytrade/microservice-core","msg":"Starting HTTP Server on port 0"}
{"level":20,"time":1633782308472,"pid":1833,"hostname":"fv-az39-326","name":"@waytrade/microservice-core","msg":"HTTP Server listening on port 51619"}
{"level":50,"time":1633782308472,"pid":1833,"hostname":"fv-az39-326","name":"@waytrade/microservice-core","msg":"App start failed: Controller booth failed"}
{"level":20,"time":1633782308472,"pid":1833,"hostname":"fv-az39-326","name":"@waytrade/microservice-core","msg":"HTTP Server on port 51619 stopped"}
{"level":30,"time":1633782308472,"pid":1833,"hostname":"fv-az39-326","name":"@waytrade/microservice-core","msg":"App stopped."}
{"level":30,"time":1633782308739,"pid":1833,"hostname":"fv-az39-326","name":"@waytrade/microservice-core","msg":"Starting App..."}
{"level":20,"time":1633782308739,"pid":1833,"hostname":"fv-az39-326","name":"@waytrade/microservice-core","msg":"Starting HTTP Server on port 0"}
{"level":20,"time":1633782308740,"pid":1833,"hostname":"fv-az39-326","name":"@waytrade/microservice-core","msg":"HTTP Server listening on port 47245"}
{"level":20,"time":1633782308740,"pid":1833,"hostname":"fv-az39-326","name":"@waytrade/microservice-core","msg":"Starting HTTP Server on port 0"}
{"level":20,"time":1633782308740,"pid":1833,"hostname":"fv-az39-326","name":"@waytrade/microservice-core","msg":"HTTP Server listening on port 46397"}
{"level":30,"time":1633782308740,"pid":1833,"hostname":"fv-az39-326","name":"@waytrade/microservice-core","msg":"API Server started at port 47245"}
{"level":30,"time":1633782308740,"pid":1833,"hostname":"fv-az39-326","name":"@waytrade/microservice-core","msg":"Webhook Callback Server started at port 46397"}
{"level":20,"time":1633782308742,"pid":1833,"hostname":"fv-az39-326","name":"@waytrade/microservice-core","msg":"HTTP Server on port 47245 stopped"}
{"level":20,"time":1633782308742,"pid":1833,"hostname":"fv-az39-326","name":"@waytrade/microservice-core","msg":"HTTP Server on port 46397 stopped"}
{"level":30,"time":1633782308742,"pid":1833,"hostname":"fv-az39-326","name":"@waytrade/microservice-core","msg":"App stopped."}
{"level":20,"time":1633782309007,"pid":1833,"hostname":"fv-az39-326","name":"@waytrade/microservice-core","msg":"Starting HTTP Server on port 0"}
{"level":20,"time":1633782309007,"pid":1833,"hostname":"fv-az39-326","name":"@waytrade/microservice-core","msg":"HTTP Server listening on port 40785"}
{"level":20,"time":1633782309010,"pid":1833,"hostname":"fv-az39-326","name":"@waytrade/microservice-core","msg":"HTTP get /api/dummy/ -> 200 (0ms)"}
{"level":20,"time":1633782309011,"pid":1833,"hostname":"fv-az39-326","name":"@waytrade/microservice-core","msg":"HTTP Server on port 40785 stopped"}
{"level":30,"time":1633782309573,"pid":1833,"hostname":"fv-az39-326","name":"@waytrade/microservice-core","msg":"Starting App..."}
{"level":20,"time":1633782309574,"pid":1833,"hostname":"fv-az39-326","name":"@waytrade/microservice-core","msg":"Starting HTTP Server on port 0"}
{"level":20,"time":1633782309574,"pid":1833,"hostname":"fv-az39-326","name":"@waytrade/microservice-core","msg":"HTTP Server listening on port 50357"}
{"level":30,"time":1633782309574,"pid":1833,"hostname":"fv-az39-326","name":"@waytrade/microservice-core","msg":"API Server started at port 50357"}
{"level":20,"time":1633782309578,"pid":1833,"hostname":"fv-az39-326","name":"@waytrade/microservice-core","msg":"HTTP get /openapi.json -> 200 (0ms)"}
{"level":20,"time":1633782309580,"pid":1833,"hostname":"fv-az39-326","name":"@waytrade/microservice-core","msg":"HTTP Server on port 50357 stopped"}
{"level":30,"time":1633782309580,"pid":1833,"hostname":"fv-az39-326","name":"@waytrade/microservice-core","msg":"App stopped."}
