{"level":20,"time":1629400582035,"pid":5801,"hostname":"fv-az36-757","name":"@waytrade/microservice-core","msg":"Starting HTTP Server on port 0"}
{"level":20,"time":1629400582036,"pid":5801,"hostname":"fv-az36-757","name":"@waytrade/microservice-core","msg":"HTTP Server listening on port 37389"}
{"level":20,"time":1629400582054,"pid":5801,"hostname":"fv-az36-757","name":"@waytrade/microservice-core","msg":"HTTP get /openapi.json -> 200 (3ms)"}
{"level":20,"time":1629400582057,"pid":5801,"hostname":"fv-az36-757","name":"@waytrade/microservice-core","msg":"HTTP Server on port 37389 stopped"}
{"level":20,"time":1629400582059,"pid":5801,"hostname":"fv-az36-757","name":"@waytrade/microservice-core","msg":"Starting HTTP Server on port 0"}
{"level":20,"time":1629400582059,"pid":5801,"hostname":"fv-az36-757","name":"@waytrade/microservice-core","msg":"HTTP Server listening on port 40293"}
{"level":20,"time":1629400582062,"pid":5801,"hostname":"fv-az36-757","name":"@waytrade/microservice-core","msg":"HTTP get /openapi.json -> 200 (1ms)"}
{"level":20,"time":1629400582085,"pid":5801,"hostname":"fv-az36-757","name":"@waytrade/microservice-core","msg":"HTTP Server on port 40293 stopped"}
{"level":20,"time":1629400582086,"pid":5801,"hostname":"fv-az36-757","name":"@waytrade/microservice-core","msg":"Starting HTTP Server on port 0"}
{"level":20,"time":1629400582086,"pid":5801,"hostname":"fv-az36-757","name":"@waytrade/microservice-core","msg":"HTTP Server listening on port 45361"}
{"level":20,"time":1629400582087,"pid":5801,"hostname":"fv-az36-757","name":"@waytrade/microservice-core","msg":"Starting HTTP Server on port 0"}
{"level":20,"time":1629400582087,"pid":5801,"hostname":"fv-az36-757","name":"@waytrade/microservice-core","msg":"HTTP Server listening on port 50215"}
{"level":20,"time":1629400582089,"pid":5801,"hostname":"fv-az36-757","name":"@waytrade/microservice-core","msg":"HTTP get /openapi.json -> 200 (0ms)"}
{"level":20,"time":1629400582089,"pid":5801,"hostname":"fv-az36-757","name":"@waytrade/microservice-core","msg":"HTTP get / -> 200 (0ms)"}
{"level":20,"time":1629400582095,"pid":5801,"hostname":"fv-az36-757","name":"@waytrade/microservice-core","msg":"HTTP Server on port 45361 stopped"}
{"level":20,"time":1629400582095,"pid":5801,"hostname":"fv-az36-757","name":"@waytrade/microservice-core","msg":"HTTP Server on port 50215 stopped"}
{"level":20,"time":1629400582096,"pid":5801,"hostname":"fv-az36-757","name":"@waytrade/microservice-core","msg":"Starting HTTP Server on port 0"}
{"level":20,"time":1629400582096,"pid":5801,"hostname":"fv-az36-757","name":"@waytrade/microservice-core","msg":"HTTP Server listening on port 55165"}
{"level":20,"time":1629400582101,"pid":5801,"hostname":"fv-az36-757","name":"@waytrade/microservice-core","msg":"HTTP get /swagger-ui.css -> 200 (1ms)"}
{"level":20,"time":1629400582102,"pid":5801,"hostname":"fv-az36-757","name":"@waytrade/microservice-core","msg":"HTTP Server on port 55165 stopped"}
{"level":20,"time":1629400582103,"pid":5801,"hostname":"fv-az36-757","name":"@waytrade/microservice-core","msg":"Starting HTTP Server on port 0"}
{"level":20,"time":1629400582103,"pid":5801,"hostname":"fv-az36-757","name":"@waytrade/microservice-core","msg":"HTTP Server listening on port 55995"}
{"level":20,"time":1629400582112,"pid":5801,"hostname":"fv-az36-757","name":"@waytrade/microservice-core","msg":"HTTP get /swagger-ui-bundle.js -> 200 (8ms)"}
{"level":20,"time":1629400582116,"pid":5801,"hostname":"fv-az36-757","name":"@waytrade/microservice-core","msg":"HTTP Server on port 55995 stopped"}
{"level":20,"time":1629400582117,"pid":5801,"hostname":"fv-az36-757","name":"@waytrade/microservice-core","msg":"Starting HTTP Server on port 0"}
{"level":20,"time":1629400582117,"pid":5801,"hostname":"fv-az36-757","name":"@waytrade/microservice-core","msg":"HTTP Server listening on port 36545"}
{"level":20,"time":1629400582121,"pid":5801,"hostname":"fv-az36-757","name":"@waytrade/microservice-core","msg":"HTTP get /swagger-ui-standalone-preset.js -> 200 (3ms)"}
{"level":20,"time":1629400582122,"pid":5801,"hostname":"fv-az36-757","name":"@waytrade/microservice-core","msg":"HTTP Server on port 36545 stopped"}
{"level":20,"time":1629400582796,"pid":5801,"hostname":"fv-az36-757","name":"@waytrade/microservice-core","msg":"Starting HTTP Server on port 0"}
{"level":20,"time":1629400582796,"pid":5801,"hostname":"fv-az36-757","name":"@waytrade/microservice-core","msg":"HTTP Server listening on port 44493"}
{"level":20,"time":1629400582833,"pid":5801,"hostname":"fv-az36-757","name":"@waytrade/microservice-core","msg":"HTTP Server on port 44493 stopped"}
{"level":20,"time":1629400582833,"pid":5801,"hostname":"fv-az36-757","name":"@waytrade/microservice-core","msg":"Starting HTTP Server on port 0"}
{"level":20,"time":1629400582834,"pid":5801,"hostname":"fv-az36-757","name":"@waytrade/microservice-core","msg":"HTTP Server listening on port 37611"}
{"level":20,"time":1629400582836,"pid":5801,"hostname":"fv-az36-757","name":"@waytrade/microservice-core","msg":"HTTP Server on port 37611 stopped"}
{"level":20,"time":1629400582837,"pid":5801,"hostname":"fv-az36-757","name":"@waytrade/microservice-core","msg":"Starting HTTP Server on port 0"}
{"level":20,"time":1629400582837,"pid":5801,"hostname":"fv-az36-757","name":"@waytrade/microservice-core","msg":"HTTP Server listening on port 44937"}
{"level":20,"time":1629400582843,"pid":5801,"hostname":"fv-az36-757","name":"@waytrade/microservice-core","msg":"HTTP Server on port 44937 stopped"}
{"level":20,"time":1629400582844,"pid":5801,"hostname":"fv-az36-757","name":"@waytrade/microservice-core","msg":"Starting HTTP Server on port 0"}
{"level":20,"time":1629400582844,"pid":5801,"hostname":"fv-az36-757","name":"@waytrade/microservice-core","msg":"HTTP Server listening on port 49515"}
{"level":20,"time":1629400592845,"pid":5801,"hostname":"fv-az36-757","name":"@waytrade/microservice-core","msg":"HTTP Server on port 49515 stopped"}
{"level":20,"time":1629400592846,"pid":5801,"hostname":"fv-az36-757","name":"@waytrade/microservice-core","msg":"Starting HTTP Server on port 0"}
{"level":20,"time":1629400592847,"pid":5801,"hostname":"fv-az36-757","name":"@waytrade/microservice-core","msg":"HTTP Server listening on port 46905"}
{"level":20,"time":1629400592848,"pid":5801,"hostname":"fv-az36-757","name":"@waytrade/microservice-core","msg":"HTTP Server on port 46905 stopped"}
{"level":20,"time":1629400592851,"pid":5801,"hostname":"fv-az36-757","name":"@waytrade/microservice-core","msg":"Starting HTTP Server on port 0"}
{"level":20,"time":1629400592851,"pid":5801,"hostname":"fv-az36-757","name":"@waytrade/microservice-core","msg":"HTTP Server listening on port 52295"}
{"level":20,"time":1629400592853,"pid":5801,"hostname":"fv-az36-757","name":"@waytrade/microservice-core","msg":"HTTP Server on port 52295 stopped"}
{"level":20,"time":1629400594855,"pid":5801,"hostname":"fv-az36-757","name":"@waytrade/microservice-core","msg":"Starting HTTP Server on port 0"}
{"level":20,"time":1629400594856,"pid":5801,"hostname":"fv-az36-757","name":"@waytrade/microservice-core","msg":"HTTP Server listening on port 44633"}
{"level":20,"time":1629400594861,"pid":5801,"hostname":"fv-az36-757","name":"@waytrade/microservice-core","msg":"HTTP Server on port 44633 stopped"}
{"level":20,"time":1629400594862,"pid":5801,"hostname":"fv-az36-757","name":"@waytrade/microservice-core","msg":"Starting HTTP Server on port 0"}
{"level":20,"time":1629400594862,"pid":5801,"hostname":"fv-az36-757","name":"@waytrade/microservice-core","msg":"HTTP Server listening on port 54739"}
{"level":20,"time":1629400594864,"pid":5801,"hostname":"fv-az36-757","name":"@waytrade/microservice-core","msg":"HTTP Server on port 54739 stopped"}
{"level":20,"time":1629400594865,"pid":5801,"hostname":"fv-az36-757","name":"@waytrade/microservice-core","msg":"Starting HTTP Server on port 0"}
{"level":20,"time":1629400594865,"pid":5801,"hostname":"fv-az36-757","name":"@waytrade/microservice-core","msg":"HTTP Server listening on port 39087"}
{"level":20,"time":1629400594867,"pid":5801,"hostname":"fv-az36-757","name":"@waytrade/microservice-core","msg":"HTTP Server on port 39087 stopped"}
{"level":20,"time":1629400594868,"pid":5801,"hostname":"fv-az36-757","name":"@waytrade/microservice-core","msg":"Starting HTTP Server on port 0"}
{"level":20,"time":1629400594868,"pid":5801,"hostname":"fv-az36-757","name":"@waytrade/microservice-core","msg":"HTTP Server listening on port 39951"}
{"level":20,"time":1629400596871,"pid":5801,"hostname":"fv-az36-757","name":"@waytrade/microservice-core","msg":"HTTP Server on port 39951 stopped"}
{"level":20,"time":1629400596872,"pid":5801,"hostname":"fv-az36-757","name":"@waytrade/microservice-core","msg":"Starting HTTP Server on port 0"}
{"level":20,"time":1629400596872,"pid":5801,"hostname":"fv-az36-757","name":"@waytrade/microservice-core","msg":"HTTP Server listening on port 56143"}
{"level":20,"time":1629400596876,"pid":5801,"hostname":"fv-az36-757","name":"@waytrade/microservice-core","msg":"HTTP Server on port 56143 stopped"}
{"level":20,"time":1629400596876,"pid":5801,"hostname":"fv-az36-757","name":"@waytrade/microservice-core","msg":"Starting HTTP Server on port 0"}
{"level":20,"time":1629400596876,"pid":5801,"hostname":"fv-az36-757","name":"@waytrade/microservice-core","msg":"HTTP Server listening on port 39337"}
{"level":20,"time":1629400596878,"pid":5801,"hostname":"fv-az36-757","name":"@waytrade/microservice-core","msg":"HTTP Server on port 39337 stopped"}
{"level":20,"time":1629400596879,"pid":5801,"hostname":"fv-az36-757","name":"@waytrade/microservice-core","msg":"Starting HTTP Server on port 0"}
{"level":20,"time":1629400596879,"pid":5801,"hostname":"fv-az36-757","name":"@waytrade/microservice-core","msg":"HTTP Server listening on port 44889"}
{"level":20,"time":1629400596880,"pid":5801,"hostname":"fv-az36-757","name":"@waytrade/microservice-core","msg":"HTTP Server on port 44889 stopped"}
{"level":20,"time":1629400598882,"pid":5801,"hostname":"fv-az36-757","name":"@waytrade/microservice-core","msg":"Starting HTTP Server on port 0"}
{"level":20,"time":1629400598882,"pid":5801,"hostname":"fv-az36-757","name":"@waytrade/microservice-core","msg":"HTTP Server listening on port 42581"}
{"level":20,"time":1629400598885,"pid":5801,"hostname":"fv-az36-757","name":"@waytrade/microservice-core","msg":"HTTP Server on port 42581 stopped"}
{"level":30,"time":1629400599801,"pid":5801,"hostname":"fv-az36-757","name":"@waytrade/microservice-core","msg":"Starting App..."}
{"level":20,"time":1629400599801,"pid":5801,"hostname":"fv-az36-757","name":"@waytrade/microservice-core","msg":"Starting HTTP Server on port 0"}
{"level":20,"time":1629400599801,"pid":5801,"hostname":"fv-az36-757","name":"@waytrade/microservice-core","msg":"HTTP Server listening on port 36557"}
{"level":20,"time":1629400599801,"pid":5801,"hostname":"fv-az36-757","name":"@waytrade/microservice-core","msg":"Starting HTTP Server on port 0"}
{"level":20,"time":1629400599801,"pid":5801,"hostname":"fv-az36-757","name":"@waytrade/microservice-core","msg":"HTTP Server listening on port 38581"}
{"level":30,"time":1629400599802,"pid":5801,"hostname":"fv-az36-757","name":"@waytrade/microservice-core","msg":"API Server started at port 36557"}
{"level":30,"time":1629400599802,"pid":5801,"hostname":"fv-az36-757","name":"@waytrade/microservice-core","msg":"Webhook Callback Server started at port 38581"}
{"level":20,"time":1629400599808,"pid":5801,"hostname":"fv-az36-757","name":"@waytrade/microservice-core","msg":"HTTP post /subscribe -> 400 (0ms)"}
{"level":20,"time":1629400599810,"pid":5801,"hostname":"fv-az36-757","name":"@waytrade/microservice-core","msg":"HTTP Server on port 36557 stopped"}
{"level":20,"time":1629400599810,"pid":5801,"hostname":"fv-az36-757","name":"@waytrade/microservice-core","msg":"HTTP Server on port 38581 stopped"}
{"level":30,"time":1629400599810,"pid":5801,"hostname":"fv-az36-757","name":"@waytrade/microservice-core","msg":"App stopped."}
{"level":30,"time":1629400599811,"pid":5801,"hostname":"fv-az36-757","name":"@waytrade/microservice-core","msg":"Starting App..."}
{"level":20,"time":1629400599811,"pid":5801,"hostname":"fv-az36-757","name":"@waytrade/microservice-core","msg":"Starting HTTP Server on port 0"}
{"level":20,"time":1629400599812,"pid":5801,"hostname":"fv-az36-757","name":"@waytrade/microservice-core","msg":"HTTP Server listening on port 52879"}
{"level":20,"time":1629400599812,"pid":5801,"hostname":"fv-az36-757","name":"@waytrade/microservice-core","msg":"Starting HTTP Server on port 0"}
{"level":20,"time":1629400599812,"pid":5801,"hostname":"fv-az36-757","name":"@waytrade/microservice-core","msg":"HTTP Server listening on port 48243"}
{"level":30,"time":1629400599812,"pid":5801,"hostname":"fv-az36-757","name":"@waytrade/microservice-core","msg":"API Server started at port 52879"}
{"level":30,"time":1629400599812,"pid":5801,"hostname":"fv-az36-757","name":"@waytrade/microservice-core","msg":"Webhook Callback Server started at port 48243"}
{"level":20,"time":1629400599814,"pid":5801,"hostname":"fv-az36-757","name":"@waytrade/microservice-core","msg":"HTTP post /subscribe -> 201 (0ms)"}
{"level":20,"time":1629400599816,"pid":5801,"hostname":"fv-az36-757","name":"@waytrade/microservice-core","msg":"HTTP post /subscribe -> 204 (0ms)"}
{"level":20,"time":1629400599817,"pid":5801,"hostname":"fv-az36-757","name":"@waytrade/microservice-core","msg":"HTTP Server on port 52879 stopped"}
{"level":20,"time":1629400599817,"pid":5801,"hostname":"fv-az36-757","name":"@waytrade/microservice-core","msg":"HTTP Server on port 48243 stopped"}
{"level":30,"time":1629400599817,"pid":5801,"hostname":"fv-az36-757","name":"@waytrade/microservice-core","msg":"App stopped."}
{"level":30,"time":1629400599818,"pid":5801,"hostname":"fv-az36-757","name":"@waytrade/microservice-core","msg":"Starting App..."}
{"level":20,"time":1629400599819,"pid":5801,"hostname":"fv-az36-757","name":"@waytrade/microservice-core","msg":"Starting HTTP Server on port 0"}
{"level":20,"time":1629400599819,"pid":5801,"hostname":"fv-az36-757","name":"@waytrade/microservice-core","msg":"HTTP Server listening on port 57105"}
{"level":20,"time":1629400599819,"pid":5801,"hostname":"fv-az36-757","name":"@waytrade/microservice-core","msg":"Starting HTTP Server on port 0"}
{"level":20,"time":1629400599819,"pid":5801,"hostname":"fv-az36-757","name":"@waytrade/microservice-core","msg":"HTTP Server listening on port 41477"}
{"level":30,"time":1629400599819,"pid":5801,"hostname":"fv-az36-757","name":"@waytrade/microservice-core","msg":"API Server started at port 57105"}
{"level":30,"time":1629400599819,"pid":5801,"hostname":"fv-az36-757","name":"@waytrade/microservice-core","msg":"Webhook Callback Server started at port 41477"}
{"level":20,"time":1629400599821,"pid":5801,"hostname":"fv-az36-757","name":"@waytrade/microservice-core","msg":"HTTP post /subscribe -> 201 (0ms)"}
{"level":20,"time":1629400599823,"pid":5801,"hostname":"fv-az36-757","name":"@waytrade/microservice-core","msg":"HTTP post /subscribe -> 201 (0ms)"}
{"level":20,"time":1629400599824,"pid":5801,"hostname":"fv-az36-757","name":"@waytrade/microservice-core","msg":"HTTP Server on port 57105 stopped"}
{"level":20,"time":1629400599824,"pid":5801,"hostname":"fv-az36-757","name":"@waytrade/microservice-core","msg":"HTTP Server on port 41477 stopped"}
{"level":30,"time":1629400599824,"pid":5801,"hostname":"fv-az36-757","name":"@waytrade/microservice-core","msg":"App stopped."}
{"level":30,"time":1629400599825,"pid":5801,"hostname":"fv-az36-757","name":"@waytrade/microservice-core","msg":"Starting App..."}
{"level":20,"time":1629400599825,"pid":5801,"hostname":"fv-az36-757","name":"@waytrade/microservice-core","msg":"Starting HTTP Server on port 0"}
{"level":20,"time":1629400599825,"pid":5801,"hostname":"fv-az36-757","name":"@waytrade/microservice-core","msg":"HTTP Server listening on port 37909"}
{"level":20,"time":1629400599825,"pid":5801,"hostname":"fv-az36-757","name":"@waytrade/microservice-core","msg":"Starting HTTP Server on port 0"}
{"level":20,"time":1629400599826,"pid":5801,"hostname":"fv-az36-757","name":"@waytrade/microservice-core","msg":"HTTP Server listening on port 60769"}
{"level":30,"time":1629400599826,"pid":5801,"hostname":"fv-az36-757","name":"@waytrade/microservice-core","msg":"API Server started at port 37909"}
{"level":30,"time":1629400599826,"pid":5801,"hostname":"fv-az36-757","name":"@waytrade/microservice-core","msg":"Webhook Callback Server started at port 60769"}
{"level":20,"time":1629400599827,"pid":5801,"hostname":"fv-az36-757","name":"@waytrade/microservice-core","msg":"HTTP post /subscribe -> 201 (0ms)"}
{"level":20,"time":1629400599829,"pid":5801,"hostname":"fv-az36-757","name":"@waytrade/microservice-core","msg":"HTTP post /unsubscribe -> 200 (0ms)"}
{"level":20,"time":1629400599830,"pid":5801,"hostname":"fv-az36-757","name":"@waytrade/microservice-core","msg":"HTTP Server on port 37909 stopped"}
{"level":20,"time":1629400599830,"pid":5801,"hostname":"fv-az36-757","name":"@waytrade/microservice-core","msg":"HTTP Server on port 60769 stopped"}
{"level":30,"time":1629400599830,"pid":5801,"hostname":"fv-az36-757","name":"@waytrade/microservice-core","msg":"App stopped."}
{"level":30,"time":1629400599831,"pid":5801,"hostname":"fv-az36-757","name":"@waytrade/microservice-core","msg":"Starting App..."}
{"level":20,"time":1629400599831,"pid":5801,"hostname":"fv-az36-757","name":"@waytrade/microservice-core","msg":"Starting HTTP Server on port 0"}
{"level":20,"time":1629400599831,"pid":5801,"hostname":"fv-az36-757","name":"@waytrade/microservice-core","msg":"HTTP Server listening on port 44975"}
{"level":20,"time":1629400599832,"pid":5801,"hostname":"fv-az36-757","name":"@waytrade/microservice-core","msg":"Starting HTTP Server on port 0"}
{"level":20,"time":1629400599832,"pid":5801,"hostname":"fv-az36-757","name":"@waytrade/microservice-core","msg":"HTTP Server listening on port 36173"}
{"level":30,"time":1629400599832,"pid":5801,"hostname":"fv-az36-757","name":"@waytrade/microservice-core","msg":"API Server started at port 44975"}
{"level":30,"time":1629400599832,"pid":5801,"hostname":"fv-az36-757","name":"@waytrade/microservice-core","msg":"Webhook Callback Server started at port 36173"}
{"level":20,"time":1629400599833,"pid":5801,"hostname":"fv-az36-757","name":"@waytrade/microservice-core","msg":"HTTP post /unsubscribe -> 400 (0ms)"}
{"level":20,"time":1629400599834,"pid":5801,"hostname":"fv-az36-757","name":"@waytrade/microservice-core","msg":"HTTP Server on port 44975 stopped"}
{"level":20,"time":1629400599834,"pid":5801,"hostname":"fv-az36-757","name":"@waytrade/microservice-core","msg":"HTTP Server on port 36173 stopped"}
{"level":30,"time":1629400599834,"pid":5801,"hostname":"fv-az36-757","name":"@waytrade/microservice-core","msg":"App stopped."}
{"level":30,"time":1629400599835,"pid":5801,"hostname":"fv-az36-757","name":"@waytrade/microservice-core","msg":"Starting App..."}
{"level":20,"time":1629400599836,"pid":5801,"hostname":"fv-az36-757","name":"@waytrade/microservice-core","msg":"Starting HTTP Server on port 0"}
{"level":20,"time":1629400599836,"pid":5801,"hostname":"fv-az36-757","name":"@waytrade/microservice-core","msg":"HTTP Server listening on port 56131"}
{"level":20,"time":1629400599836,"pid":5801,"hostname":"fv-az36-757","name":"@waytrade/microservice-core","msg":"Starting HTTP Server on port 0"}
{"level":20,"time":1629400599836,"pid":5801,"hostname":"fv-az36-757","name":"@waytrade/microservice-core","msg":"HTTP Server listening on port 52959"}
{"level":30,"time":1629400599836,"pid":5801,"hostname":"fv-az36-757","name":"@waytrade/microservice-core","msg":"API Server started at port 56131"}
{"level":30,"time":1629400599836,"pid":5801,"hostname":"fv-az36-757","name":"@waytrade/microservice-core","msg":"Webhook Callback Server started at port 52959"}
{"level":20,"time":1629400599837,"pid":5801,"hostname":"fv-az36-757","name":"@waytrade/microservice-core","msg":"HTTP post /unsubscribe -> 404 (0ms)"}
{"level":20,"time":1629400599838,"pid":5801,"hostname":"fv-az36-757","name":"@waytrade/microservice-core","msg":"HTTP Server on port 56131 stopped"}
{"level":20,"time":1629400599838,"pid":5801,"hostname":"fv-az36-757","name":"@waytrade/microservice-core","msg":"HTTP Server on port 52959 stopped"}
{"level":30,"time":1629400599838,"pid":5801,"hostname":"fv-az36-757","name":"@waytrade/microservice-core","msg":"App stopped."}
{"level":30,"time":1629400599851,"pid":5801,"hostname":"fv-az36-757","name":"@waytrade/microservice-core","msg":"Starting App..."}
{"level":20,"time":1629400599851,"pid":5801,"hostname":"fv-az36-757","name":"@waytrade/microservice-core","msg":"Starting HTTP Server on port 0"}
{"level":20,"time":1629400599851,"pid":5801,"hostname":"fv-az36-757","name":"@waytrade/microservice-core","msg":"HTTP Server listening on port 33677"}
{"level":20,"time":1629400599852,"pid":5801,"hostname":"fv-az36-757","name":"@waytrade/microservice-core","msg":"Starting HTTP Server on port 0"}
{"level":20,"time":1629400599852,"pid":5801,"hostname":"fv-az36-757","name":"@waytrade/microservice-core","msg":"HTTP Server listening on port 37631"}
{"level":30,"time":1629400599852,"pid":5801,"hostname":"fv-az36-757","name":"@waytrade/microservice-core","msg":"API Server started at port 33677"}
{"level":30,"time":1629400599852,"pid":5801,"hostname":"fv-az36-757","name":"@waytrade/microservice-core","msg":"Webhook Callback Server started at port 37631"}
{"level":20,"time":1629400599854,"pid":5801,"hostname":"fv-az36-757","name":"@waytrade/microservice-core","msg":"HTTP post /subscribe -> 201 (1ms)"}
{"level":20,"time":1629400599875,"pid":5801,"hostname":"fv-az36-757","name":"@waytrade/microservice-core","msg":"HTTP Server on port 33677 stopped"}
{"level":20,"time":1629400599875,"pid":5801,"hostname":"fv-az36-757","name":"@waytrade/microservice-core","msg":"HTTP Server on port 37631 stopped"}
{"level":30,"time":1629400599875,"pid":5801,"hostname":"fv-az36-757","name":"@waytrade/microservice-core","msg":"App stopped."}
{"level":20,"time":1629400599875,"pid":5801,"hostname":"fv-az36-757","name":"@waytrade/microservice-core","msg":"HTTP post /callback -> 200 (1ms)"}
{"level":30,"time":1629400599876,"pid":5801,"hostname":"fv-az36-757","name":"@waytrade/microservice-core","msg":"Starting App..."}
{"level":20,"time":1629400599876,"pid":5801,"hostname":"fv-az36-757","name":"@waytrade/microservice-core","msg":"Starting HTTP Server on port 0"}
{"level":20,"time":1629400599876,"pid":5801,"hostname":"fv-az36-757","name":"@waytrade/microservice-core","msg":"HTTP Server listening on port 47489"}
{"level":20,"time":1629400599877,"pid":5801,"hostname":"fv-az36-757","name":"@waytrade/microservice-core","msg":"Starting HTTP Server on port 0"}
{"level":20,"time":1629400599877,"pid":5801,"hostname":"fv-az36-757","name":"@waytrade/microservice-core","msg":"HTTP Server listening on port 37903"}
{"level":30,"time":1629400599877,"pid":5801,"hostname":"fv-az36-757","name":"@waytrade/microservice-core","msg":"API Server started at port 47489"}
{"level":30,"time":1629400599877,"pid":5801,"hostname":"fv-az36-757","name":"@waytrade/microservice-core","msg":"Webhook Callback Server started at port 37903"}
{"level":20,"time":1629400599879,"pid":5801,"hostname":"fv-az36-757","name":"@waytrade/microservice-core","msg":"HTTP post /subscribe -> 201 (0ms)"}
{"level":20,"time":1629400599898,"pid":5801,"hostname":"fv-az36-757","name":"@waytrade/microservice-core","msg":"HTTP Server on port 47489 stopped"}
{"level":20,"time":1629400599898,"pid":5801,"hostname":"fv-az36-757","name":"@waytrade/microservice-core","msg":"HTTP Server on port 37903 stopped"}
{"level":30,"time":1629400599898,"pid":5801,"hostname":"fv-az36-757","name":"@waytrade/microservice-core","msg":"App stopped."}
{"level":20,"time":1629400599898,"pid":5801,"hostname":"fv-az36-757","name":"@waytrade/microservice-core","msg":"HTTP post /callback -> 200 (0ms)"}
{"level":30,"time":1629400599900,"pid":5801,"hostname":"fv-az36-757","name":"@waytrade/microservice-core","msg":"Starting App..."}
{"level":20,"time":1629400599900,"pid":5801,"hostname":"fv-az36-757","name":"@waytrade/microservice-core","msg":"Starting HTTP Server on port 0"}
{"level":20,"time":1629400599900,"pid":5801,"hostname":"fv-az36-757","name":"@waytrade/microservice-core","msg":"HTTP Server listening on port 58241"}
{"level":20,"time":1629400599900,"pid":5801,"hostname":"fv-az36-757","name":"@waytrade/microservice-core","msg":"Starting HTTP Server on port 0"}
{"level":20,"time":1629400599900,"pid":5801,"hostname":"fv-az36-757","name":"@waytrade/microservice-core","msg":"HTTP Server listening on port 59351"}
{"level":30,"time":1629400599900,"pid":5801,"hostname":"fv-az36-757","name":"@waytrade/microservice-core","msg":"API Server started at port 58241"}
{"level":30,"time":1629400599900,"pid":5801,"hostname":"fv-az36-757","name":"@waytrade/microservice-core","msg":"Webhook Callback Server started at port 59351"}
{"level":20,"time":1629400599911,"pid":5801,"hostname":"fv-az36-757","name":"@waytrade/microservice-core","msg":"HTTP post /subscribe -> 201 (0ms)"}
{"level":20,"time":1629400599915,"pid":5801,"hostname":"fv-az36-757","name":"@waytrade/microservice-core","msg":"HTTP post /callback -> 418 (1ms)"}
{"level":20,"time":1629400599916,"pid":5801,"hostname":"fv-az36-757","name":"@waytrade/microservice-core","msg":"HTTP post /subscribe -> 201 (0ms)"}
{"level":20,"time":1629400599917,"pid":5801,"hostname":"fv-az36-757","name":"@waytrade/microservice-core","msg":"HTTP Server on port 58241 stopped"}
{"level":20,"time":1629400599917,"pid":5801,"hostname":"fv-az36-757","name":"@waytrade/microservice-core","msg":"HTTP Server on port 59351 stopped"}
{"level":30,"time":1629400599917,"pid":5801,"hostname":"fv-az36-757","name":"@waytrade/microservice-core","msg":"App stopped."}
{"level":30,"time":1629400599919,"pid":5801,"hostname":"fv-az36-757","name":"@waytrade/microservice-core","msg":"Starting App..."}
{"level":20,"time":1629400599919,"pid":5801,"hostname":"fv-az36-757","name":"@waytrade/microservice-core","msg":"Starting HTTP Server on port 0"}
{"level":20,"time":1629400599919,"pid":5801,"hostname":"fv-az36-757","name":"@waytrade/microservice-core","msg":"HTTP Server listening on port 51085"}
{"level":20,"time":1629400599919,"pid":5801,"hostname":"fv-az36-757","name":"@waytrade/microservice-core","msg":"Starting HTTP Server on port 0"}
{"level":20,"time":1629400599919,"pid":5801,"hostname":"fv-az36-757","name":"@waytrade/microservice-core","msg":"HTTP Server listening on port 36697"}
{"level":30,"time":1629400599919,"pid":5801,"hostname":"fv-az36-757","name":"@waytrade/microservice-core","msg":"API Server started at port 51085"}
{"level":30,"time":1629400599919,"pid":5801,"hostname":"fv-az36-757","name":"@waytrade/microservice-core","msg":"Webhook Callback Server started at port 36697"}
{"level":20,"time":1629400599921,"pid":5801,"hostname":"fv-az36-757","name":"@waytrade/microservice-core","msg":"HTTP post /subscribe -> 201 (0ms)"}
{"level":20,"time":1629400599923,"pid":5801,"hostname":"fv-az36-757","name":"@waytrade/microservice-core","msg":"HTTP post /subscribe -> 201 (0ms)"}
{"level":20,"time":1629400599924,"pid":5801,"hostname":"fv-az36-757","name":"@waytrade/microservice-core","msg":"HTTP Server on port 51085 stopped"}
{"level":20,"time":1629400599924,"pid":5801,"hostname":"fv-az36-757","name":"@waytrade/microservice-core","msg":"HTTP Server on port 36697 stopped"}
{"level":30,"time":1629400599924,"pid":5801,"hostname":"fv-az36-757","name":"@waytrade/microservice-core","msg":"App stopped."}
{"level":20,"time":1629400600414,"pid":5801,"hostname":"fv-az36-757","name":"@waytrade/microservice-core","msg":"Starting HTTP Server on port 0"}
{"level":20,"time":1629400600414,"pid":5801,"hostname":"fv-az36-757","name":"@waytrade/microservice-core","msg":"HTTP Server listening on port 45625"}
{"level":20,"time":1629400600418,"pid":5801,"hostname":"fv-az36-757","name":"@waytrade/microservice-core","msg":"HTTP get /api/test/ -> 200 (1ms)"}
{"level":20,"time":1629400600418,"pid":5801,"hostname":"fv-az36-757","name":"@waytrade/microservice-core","msg":"HTTP Server on port 45625 stopped"}
{"level":20,"time":1629400600419,"pid":5801,"hostname":"fv-az36-757","name":"@waytrade/microservice-core","msg":"Starting HTTP Server on port 0"}
{"level":20,"time":1629400600419,"pid":5801,"hostname":"fv-az36-757","name":"@waytrade/microservice-core","msg":"HTTP Server listening on port 48541"}
{"level":20,"time":1629400600420,"pid":5801,"hostname":"fv-az36-757","name":"@waytrade/microservice-core","msg":"HTTP get /api/test/error -> 418 (0ms)"}
{"level":20,"time":1629400600421,"pid":5801,"hostname":"fv-az36-757","name":"@waytrade/microservice-core","msg":"HTTP Server on port 48541 stopped"}
{"level":20,"time":1629400600421,"pid":5801,"hostname":"fv-az36-757","name":"@waytrade/microservice-core","msg":"Starting HTTP Server on port 0"}
{"level":20,"time":1629400600422,"pid":5801,"hostname":"fv-az36-757","name":"@waytrade/microservice-core","msg":"HTTP Server listening on port 54413"}
{"level":20,"time":1629400600468,"pid":5801,"hostname":"fv-az36-757","name":"@waytrade/microservice-core","msg":"HTTP get /api/test/serverError -> 500 (46ms)"}
{"level":20,"time":1629400600476,"pid":5801,"hostname":"fv-az36-757","name":"@waytrade/microservice-core","msg":"HTTP Server on port 54413 stopped"}
{"level":20,"time":1629400600476,"pid":5801,"hostname":"fv-az36-757","name":"@waytrade/microservice-core","msg":"Starting HTTP Server on port 0"}
{"level":20,"time":1629400600477,"pid":5801,"hostname":"fv-az36-757","name":"@waytrade/microservice-core","msg":"HTTP Server listening on port 35839"}
{"level":20,"time":1629400600479,"pid":5801,"hostname":"fv-az36-757","name":"@waytrade/microservice-core","msg":"HTTP put /api/test/ -> 200 (1ms)"}
{"level":20,"time":1629400600479,"pid":5801,"hostname":"fv-az36-757","name":"@waytrade/microservice-core","msg":"HTTP Server on port 35839 stopped"}
{"level":20,"time":1629400600480,"pid":5801,"hostname":"fv-az36-757","name":"@waytrade/microservice-core","msg":"Starting HTTP Server on port 0"}
{"level":20,"time":1629400600480,"pid":5801,"hostname":"fv-az36-757","name":"@waytrade/microservice-core","msg":"HTTP Server listening on port 47795"}
{"level":20,"time":1629400600481,"pid":5801,"hostname":"fv-az36-757","name":"@waytrade/microservice-core","msg":"HTTP put /api/test/error -> 418 (0ms)"}
{"level":20,"time":1629400600482,"pid":5801,"hostname":"fv-az36-757","name":"@waytrade/microservice-core","msg":"HTTP Server on port 47795 stopped"}
{"level":20,"time":1629400600482,"pid":5801,"hostname":"fv-az36-757","name":"@waytrade/microservice-core","msg":"Starting HTTP Server on port 0"}
{"level":20,"time":1629400600482,"pid":5801,"hostname":"fv-az36-757","name":"@waytrade/microservice-core","msg":"HTTP Server listening on port 59583"}
{"level":20,"time":1629400600484,"pid":5801,"hostname":"fv-az36-757","name":"@waytrade/microservice-core","msg":"HTTP post /api/test/ -> 200 (1ms)"}
{"level":20,"time":1629400600484,"pid":5801,"hostname":"fv-az36-757","name":"@waytrade/microservice-core","msg":"HTTP Server on port 59583 stopped"}
{"level":20,"time":1629400600485,"pid":5801,"hostname":"fv-az36-757","name":"@waytrade/microservice-core","msg":"Starting HTTP Server on port 0"}
{"level":20,"time":1629400600485,"pid":5801,"hostname":"fv-az36-757","name":"@waytrade/microservice-core","msg":"HTTP Server listening on port 58383"}
{"level":20,"time":1629400600486,"pid":5801,"hostname":"fv-az36-757","name":"@waytrade/microservice-core","msg":"HTTP post /api/test/error -> 418 (0ms)"}
{"level":20,"time":1629400600486,"pid":5801,"hostname":"fv-az36-757","name":"@waytrade/microservice-core","msg":"HTTP Server on port 58383 stopped"}
{"level":20,"time":1629400600487,"pid":5801,"hostname":"fv-az36-757","name":"@waytrade/microservice-core","msg":"Starting HTTP Server on port 0"}
{"level":20,"time":1629400600487,"pid":5801,"hostname":"fv-az36-757","name":"@waytrade/microservice-core","msg":"HTTP Server listening on port 54759"}
{"level":20,"time":1629400600488,"pid":5801,"hostname":"fv-az36-757","name":"@waytrade/microservice-core","msg":"HTTP patch /api/test/ -> 200 (0ms)"}
{"level":20,"time":1629400600489,"pid":5801,"hostname":"fv-az36-757","name":"@waytrade/microservice-core","msg":"HTTP Server on port 54759 stopped"}
{"level":20,"time":1629400600490,"pid":5801,"hostname":"fv-az36-757","name":"@waytrade/microservice-core","msg":"Starting HTTP Server on port 0"}
{"level":20,"time":1629400600490,"pid":5801,"hostname":"fv-az36-757","name":"@waytrade/microservice-core","msg":"HTTP Server listening on port 50695"}
{"level":20,"time":1629400600491,"pid":5801,"hostname":"fv-az36-757","name":"@waytrade/microservice-core","msg":"HTTP patch /api/test/error -> 418 (1ms)"}
{"level":20,"time":1629400600491,"pid":5801,"hostname":"fv-az36-757","name":"@waytrade/microservice-core","msg":"HTTP Server on port 50695 stopped"}
{"level":20,"time":1629400600492,"pid":5801,"hostname":"fv-az36-757","name":"@waytrade/microservice-core","msg":"Starting HTTP Server on port 0"}
{"level":20,"time":1629400600492,"pid":5801,"hostname":"fv-az36-757","name":"@waytrade/microservice-core","msg":"HTTP Server listening on port 56505"}
{"level":20,"time":1629400600493,"pid":5801,"hostname":"fv-az36-757","name":"@waytrade/microservice-core","msg":"HTTP delete /api/test/ -> 200 (0ms)"}
{"level":20,"time":1629400600494,"pid":5801,"hostname":"fv-az36-757","name":"@waytrade/microservice-core","msg":"HTTP Server on port 56505 stopped"}
{"level":20,"time":1629400600495,"pid":5801,"hostname":"fv-az36-757","name":"@waytrade/microservice-core","msg":"Starting HTTP Server on port 0"}
{"level":20,"time":1629400600495,"pid":5801,"hostname":"fv-az36-757","name":"@waytrade/microservice-core","msg":"HTTP Server listening on port 39703"}
{"level":20,"time":1629400600496,"pid":5801,"hostname":"fv-az36-757","name":"@waytrade/microservice-core","msg":"HTTP delete /api/test/error -> 418 (1ms)"}
{"level":20,"time":1629400600496,"pid":5801,"hostname":"fv-az36-757","name":"@waytrade/microservice-core","msg":"HTTP Server on port 39703 stopped"}
{"level":20,"time":1629400600877,"pid":5801,"hostname":"fv-az36-757","name":"@waytrade/microservice-core","msg":"Starting HTTP Server on port 0"}
{"level":20,"time":1629400600877,"pid":5801,"hostname":"fv-az36-757","name":"@waytrade/microservice-core","msg":"HTTP Server listening on port 36369"}
{"level":20,"time":1629400600880,"pid":5801,"hostname":"fv-az36-757","name":"@waytrade/microservice-core","msg":"HTTP get /api/test/ -> 200 (0ms)"}
{"level":20,"time":1629400600881,"pid":5801,"hostname":"fv-az36-757","name":"@waytrade/microservice-core","msg":"HTTP Server on port 36369 stopped"}
{"level":20,"time":1629400600881,"pid":5801,"hostname":"fv-az36-757","name":"@waytrade/microservice-core","msg":"Starting HTTP Server on port 0"}
{"level":20,"time":1629400600882,"pid":5801,"hostname":"fv-az36-757","name":"@waytrade/microservice-core","msg":"HTTP Server listening on port 50017"}
{"level":20,"time":1629400600883,"pid":5801,"hostname":"fv-az36-757","name":"@waytrade/microservice-core","msg":"HTTP get /api/test/notImplemented -> 501 (0ms)"}
{"level":20,"time":1629400600883,"pid":5801,"hostname":"fv-az36-757","name":"@waytrade/microservice-core","msg":"HTTP Server on port 50017 stopped"}
{"level":20,"time":1629400600884,"pid":5801,"hostname":"fv-az36-757","name":"@waytrade/microservice-core","msg":"Starting HTTP Server on port 0"}
{"level":20,"time":1629400600884,"pid":5801,"hostname":"fv-az36-757","name":"@waytrade/microservice-core","msg":"HTTP Server listening on port 35337"}
{"level":20,"time":1629400600886,"pid":5801,"hostname":"fv-az36-757","name":"@waytrade/microservice-core","msg":"HTTP put /api/test/ -> 200 (1ms)"}
{"level":20,"time":1629400600886,"pid":5801,"hostname":"fv-az36-757","name":"@waytrade/microservice-core","msg":"HTTP Server on port 35337 stopped"}
{"level":20,"time":1629400600887,"pid":5801,"hostname":"fv-az36-757","name":"@waytrade/microservice-core","msg":"Starting HTTP Server on port 0"}
{"level":20,"time":1629400600887,"pid":5801,"hostname":"fv-az36-757","name":"@waytrade/microservice-core","msg":"HTTP Server listening on port 37083"}
{"level":20,"time":1629400600888,"pid":5801,"hostname":"fv-az36-757","name":"@waytrade/microservice-core","msg":"HTTP put /api/test/notImplemented -> 501 (0ms)"}
{"level":20,"time":1629400600889,"pid":5801,"hostname":"fv-az36-757","name":"@waytrade/microservice-core","msg":"HTTP Server on port 37083 stopped"}
{"level":20,"time":1629400600889,"pid":5801,"hostname":"fv-az36-757","name":"@waytrade/microservice-core","msg":"Starting HTTP Server on port 0"}
{"level":20,"time":1629400600889,"pid":5801,"hostname":"fv-az36-757","name":"@waytrade/microservice-core","msg":"HTTP Server listening on port 46251"}
{"level":20,"time":1629400600891,"pid":5801,"hostname":"fv-az36-757","name":"@waytrade/microservice-core","msg":"HTTP post /api/test/ -> 200 (1ms)"}
{"level":20,"time":1629400600892,"pid":5801,"hostname":"fv-az36-757","name":"@waytrade/microservice-core","msg":"HTTP Server on port 46251 stopped"}
{"level":20,"time":1629400600892,"pid":5801,"hostname":"fv-az36-757","name":"@waytrade/microservice-core","msg":"Starting HTTP Server on port 0"}
{"level":20,"time":1629400600892,"pid":5801,"hostname":"fv-az36-757","name":"@waytrade/microservice-core","msg":"HTTP Server listening on port 53945"}
{"level":20,"time":1629400600893,"pid":5801,"hostname":"fv-az36-757","name":"@waytrade/microservice-core","msg":"HTTP post /api/test/notImplemented -> 501 (0ms)"}
{"level":20,"time":1629400600894,"pid":5801,"hostname":"fv-az36-757","name":"@waytrade/microservice-core","msg":"HTTP Server on port 53945 stopped"}
{"level":20,"time":1629400600894,"pid":5801,"hostname":"fv-az36-757","name":"@waytrade/microservice-core","msg":"Starting HTTP Server on port 0"}
{"level":20,"time":1629400600894,"pid":5801,"hostname":"fv-az36-757","name":"@waytrade/microservice-core","msg":"HTTP Server listening on port 38229"}
{"level":20,"time":1629400600896,"pid":5801,"hostname":"fv-az36-757","name":"@waytrade/microservice-core","msg":"HTTP patch /api/test/ -> 200 (1ms)"}
{"level":20,"time":1629400600896,"pid":5801,"hostname":"fv-az36-757","name":"@waytrade/microservice-core","msg":"HTTP Server on port 38229 stopped"}
{"level":20,"time":1629400600897,"pid":5801,"hostname":"fv-az36-757","name":"@waytrade/microservice-core","msg":"Starting HTTP Server on port 0"}
{"level":20,"time":1629400600897,"pid":5801,"hostname":"fv-az36-757","name":"@waytrade/microservice-core","msg":"HTTP Server listening on port 46985"}
{"level":20,"time":1629400600898,"pid":5801,"hostname":"fv-az36-757","name":"@waytrade/microservice-core","msg":"HTTP post /api/test/notImplemented -> 501 (0ms)"}
{"level":20,"time":1629400600898,"pid":5801,"hostname":"fv-az36-757","name":"@waytrade/microservice-core","msg":"HTTP Server on port 46985 stopped"}
{"level":20,"time":1629400600899,"pid":5801,"hostname":"fv-az36-757","name":"@waytrade/microservice-core","msg":"Starting HTTP Server on port 0"}
{"level":20,"time":1629400600899,"pid":5801,"hostname":"fv-az36-757","name":"@waytrade/microservice-core","msg":"HTTP Server listening on port 37993"}
{"level":20,"time":1629400600901,"pid":5801,"hostname":"fv-az36-757","name":"@waytrade/microservice-core","msg":"HTTP delete /api/test/ -> 200 (0ms)"}
{"level":20,"time":1629400600902,"pid":5801,"hostname":"fv-az36-757","name":"@waytrade/microservice-core","msg":"HTTP Server on port 37993 stopped"}
{"level":20,"time":1629400600902,"pid":5801,"hostname":"fv-az36-757","name":"@waytrade/microservice-core","msg":"Starting HTTP Server on port 0"}
{"level":20,"time":1629400600902,"pid":5801,"hostname":"fv-az36-757","name":"@waytrade/microservice-core","msg":"HTTP Server listening on port 59977"}
{"level":20,"time":1629400600903,"pid":5801,"hostname":"fv-az36-757","name":"@waytrade/microservice-core","msg":"HTTP post /api/test/notImplemented -> 501 (0ms)"}
{"level":20,"time":1629400600904,"pid":5801,"hostname":"fv-az36-757","name":"@waytrade/microservice-core","msg":"HTTP Server on port 59977 stopped"}
{"level":20,"time":1629400601241,"pid":5801,"hostname":"fv-az36-757","name":"@waytrade/microservice-core","msg":"Debug message"}
{"level":30,"time":1629400601241,"pid":5801,"hostname":"fv-az36-757","name":"@waytrade/microservice-core","msg":"Info message"}
{"level":40,"time":1629400601242,"pid":5801,"hostname":"fv-az36-757","name":"@waytrade/microservice-core","msg":"Warning message"}
{"level":50,"time":1629400601242,"pid":5801,"hostname":"fv-az36-757","name":"@waytrade/microservice-core","msg":"Error message"}
{"level":30,"time":1629400601243,"pid":5801,"hostname":"fv-az36-757","name":"@waytrade/microservice-core","msg":"Info message"}
{"level":40,"time":1629400601243,"pid":5801,"hostname":"fv-az36-757","name":"@waytrade/microservice-core","msg":"Warning message"}
{"level":50,"time":1629400601243,"pid":5801,"hostname":"fv-az36-757","name":"@waytrade/microservice-core","msg":"Error message"}
{"level":40,"time":1629400601245,"pid":5801,"hostname":"fv-az36-757","name":"@waytrade/microservice-core","msg":"Warning message"}
{"level":50,"time":1629400601245,"pid":5801,"hostname":"fv-az36-757","name":"@waytrade/microservice-core","msg":"Error message"}
{"level":50,"time":1629400601246,"pid":5801,"hostname":"fv-az36-757","name":"@waytrade/microservice-core","msg":"Error message"}
{"level":20,"time":1629400601250,"pid":5801,"hostname":"fv-az36-757","name":"@waytrade/microservice-core","msg":"Debug message"}
{"level":30,"time":1629400601251,"pid":5801,"hostname":"fv-az36-757","name":"@waytrade/microservice-core","msg":"Info message"}
{"level":40,"time":1629400601251,"pid":5801,"hostname":"fv-az36-757","name":"@waytrade/microservice-core","msg":"Warning message"}
{"level":50,"time":1629400601251,"pid":5801,"hostname":"fv-az36-757","name":"@waytrade/microservice-core","msg":"Error message"}
{"level":20,"time":1629400601573,"pid":5801,"hostname":"fv-az36-757","name":"@waytrade/microservice-core","msg":"Starting HTTP Server on port 0"}
{"level":20,"time":1629400601574,"pid":5801,"hostname":"fv-az36-757","name":"@waytrade/microservice-core","msg":"HTTP Server listening on port 54807"}
{"level":20,"time":1629400601577,"pid":5801,"hostname":"fv-az36-757","name":"@waytrade/microservice-core","msg":"HTTP Server on port 54807 stopped"}
{"level":20,"time":1629400601578,"pid":5801,"hostname":"fv-az36-757","name":"@waytrade/microservice-core","msg":"Starting HTTP Server on port 0"}
{"level":20,"time":1629400601578,"pid":5801,"hostname":"fv-az36-757","name":"@waytrade/microservice-core","msg":"HTTP Server listening on port 51347"}
{"level":20,"time":1629400601581,"pid":5801,"hostname":"fv-az36-757","name":"@waytrade/microservice-core","msg":"HTTP Server on port 51347 stopped"}
{"level":20,"time":1629400601582,"pid":5801,"hostname":"fv-az36-757","name":"@waytrade/microservice-core","msg":"Starting HTTP Server on port 0"}
{"level":20,"time":1629400601582,"pid":5801,"hostname":"fv-az36-757","name":"@waytrade/microservice-core","msg":"HTTP Server listening on port 53591"}
{"level":50,"time":1629400601583,"pid":5801,"hostname":"fv-az36-757","name":"@waytrade/microservice-core","msg":"Binary data on websocket not supported."}
{"level":20,"time":1629400602583,"pid":5801,"hostname":"fv-az36-757","name":"@waytrade/microservice-core","msg":"HTTP Server on port 53591 stopped"}
{"level":20,"time":1629400602584,"pid":5801,"hostname":"fv-az36-757","name":"@waytrade/microservice-core","msg":"Starting HTTP Server on port 0"}
{"level":20,"time":1629400602584,"pid":5801,"hostname":"fv-az36-757","name":"@waytrade/microservice-core","msg":"HTTP Server listening on port 53065"}
{"level":20,"time":1629400602588,"pid":5801,"hostname":"fv-az36-757","name":"@waytrade/microservice-core","msg":"HTTP Server on port 53065 stopped"}
{"level":20,"time":1629400602588,"pid":5801,"hostname":"fv-az36-757","name":"@waytrade/microservice-core","msg":"Starting HTTP Server on port 0"}
{"level":20,"time":1629400602589,"pid":5801,"hostname":"fv-az36-757","name":"@waytrade/microservice-core","msg":"HTTP Server listening on port 60387"}
{"level":20,"time":1629400603592,"pid":5801,"hostname":"fv-az36-757","name":"@waytrade/microservice-core","msg":"HTTP Server on port 60387 stopped"}
{"level":20,"time":1629400603592,"pid":5801,"hostname":"fv-az36-757","name":"@waytrade/microservice-core","msg":"Starting HTTP Server on port 0"}
{"level":20,"time":1629400603593,"pid":5801,"hostname":"fv-az36-757","name":"@waytrade/microservice-core","msg":"HTTP Server listening on port 39509"}
{"level":20,"time":1629400603755,"pid":5801,"hostname":"fv-az36-757","name":"@waytrade/microservice-core","msg":"HTTP Server on port 39509 stopped"}
{"level":20,"time":1629400603756,"pid":5801,"hostname":"fv-az36-757","name":"@waytrade/microservice-core","msg":"Starting HTTP Server on port 0"}
{"level":20,"time":1629400603756,"pid":5801,"hostname":"fv-az36-757","name":"@waytrade/microservice-core","msg":"HTTP Server listening on port 52735"}
{"level":20,"time":1629400603973,"pid":5801,"hostname":"fv-az36-757","name":"@waytrade/microservice-core","msg":"HTTP Server on port 52735 stopped"}
{"level":30,"time":1629400604239,"pid":5801,"hostname":"fv-az36-757","name":"@waytrade/microservice-core","msg":"Starting App..."}
{"level":20,"time":1629400604240,"pid":5801,"hostname":"fv-az36-757","name":"@waytrade/microservice-core","msg":"Starting HTTP Server on port 0"}
{"level":20,"time":1629400604240,"pid":5801,"hostname":"fv-az36-757","name":"@waytrade/microservice-core","msg":"HTTP Server listening on port 34851"}
{"level":30,"time":1629400604240,"pid":5801,"hostname":"fv-az36-757","name":"@waytrade/microservice-core","msg":"API Server started at port 34851"}
{"level":20,"time":1629400604240,"pid":5801,"hostname":"fv-az36-757","name":"@waytrade/microservice-core","msg":"HTTP Server on port 34851 stopped"}
{"level":30,"time":1629400604240,"pid":5801,"hostname":"fv-az36-757","name":"@waytrade/microservice-core","msg":"App stopped."}
{"level":30,"time":1629400604241,"pid":5801,"hostname":"fv-az36-757","name":"@waytrade/microservice-core","msg":"Starting App..."}
{"level":20,"time":1629400604242,"pid":5801,"hostname":"fv-az36-757","name":"@waytrade/microservice-core","msg":"Starting HTTP Server on port 0"}
{"level":20,"time":1629400604242,"pid":5801,"hostname":"fv-az36-757","name":"@waytrade/microservice-core","msg":"HTTP Server listening on port 37805"}
{"level":30,"time":1629400604242,"pid":5801,"hostname":"fv-az36-757","name":"@waytrade/microservice-core","msg":"API Server started at port 37805"}
{"level":20,"time":1629400604242,"pid":5801,"hostname":"fv-az36-757","name":"@waytrade/microservice-core","msg":"HTTP Server on port 37805 stopped"}
{"level":30,"time":1629400604242,"pid":5801,"hostname":"fv-az36-757","name":"@waytrade/microservice-core","msg":"App stopped."}
{"level":30,"time":1629400604243,"pid":5801,"hostname":"fv-az36-757","name":"@waytrade/microservice-core","msg":"Starting App..."}
{"level":20,"time":1629400604243,"pid":5801,"hostname":"fv-az36-757","name":"@waytrade/microservice-core","msg":"Starting HTTP Server on port 0"}
{"level":20,"time":1629400604243,"pid":5801,"hostname":"fv-az36-757","name":"@waytrade/microservice-core","msg":"HTTP Server listening on port 56929"}
{"level":30,"time":1629400604243,"pid":5801,"hostname":"fv-az36-757","name":"@waytrade/microservice-core","msg":"API Server started at port 56929"}
{"level":20,"time":1629400604244,"pid":5801,"hostname":"fv-az36-757","name":"@waytrade/microservice-core","msg":"HTTP Server on port 56929 stopped"}
{"level":30,"time":1629400604244,"pid":5801,"hostname":"fv-az36-757","name":"@waytrade/microservice-core","msg":"App stopped."}
{"level":30,"time":1629400604245,"pid":5801,"hostname":"fv-az36-757","name":"@waytrade/microservice-core","msg":"Starting App..."}
{"level":20,"time":1629400604245,"pid":5801,"hostname":"fv-az36-757","name":"@waytrade/microservice-core","msg":"Starting HTTP Server on port 0"}
{"level":20,"time":1629400604245,"pid":5801,"hostname":"fv-az36-757","name":"@waytrade/microservice-core","msg":"HTTP Server listening on port 58151"}
{"level":30,"time":1629400604245,"pid":5801,"hostname":"fv-az36-757","name":"@waytrade/microservice-core","msg":"API Server started at port 58151"}
{"level":20,"time":1629400604245,"pid":5801,"hostname":"fv-az36-757","name":"@waytrade/microservice-core","msg":"HTTP Server on port 58151 stopped"}
{"level":30,"time":1629400604245,"pid":5801,"hostname":"fv-az36-757","name":"@waytrade/microservice-core","msg":"App stopped."}
{"level":30,"time":1629400604246,"pid":5801,"hostname":"fv-az36-757","name":"@waytrade/microservice-core","msg":"Starting App..."}
{"level":20,"time":1629400604247,"pid":5801,"hostname":"fv-az36-757","name":"@waytrade/microservice-core","msg":"Starting HTTP Server on port 0"}
{"level":20,"time":1629400604247,"pid":5801,"hostname":"fv-az36-757","name":"@waytrade/microservice-core","msg":"HTTP Server listening on port 34899"}
{"level":30,"time":1629400604247,"pid":5801,"hostname":"fv-az36-757","name":"@waytrade/microservice-core","msg":"API Server started at port 34899"}
{"level":20,"time":1629400604247,"pid":5801,"hostname":"fv-az36-757","name":"@waytrade/microservice-core","msg":"HTTP Server on port 34899 stopped"}
{"level":30,"time":1629400604247,"pid":5801,"hostname":"fv-az36-757","name":"@waytrade/microservice-core","msg":"App stopped."}
{"level":30,"time":1629400604249,"pid":5801,"hostname":"fv-az36-757","name":"@waytrade/microservice-core","msg":"Starting App..."}
{"level":20,"time":1629400604249,"pid":5801,"hostname":"fv-az36-757","name":"@waytrade/microservice-core","msg":"Starting HTTP Server on port 0"}
{"level":20,"time":1629400604249,"pid":5801,"hostname":"fv-az36-757","name":"@waytrade/microservice-core","msg":"HTTP Server listening on port 54597"}
{"level":30,"time":1629400604249,"pid":5801,"hostname":"fv-az36-757","name":"@waytrade/microservice-core","msg":"API Server started at port 54597"}
{"level":20,"time":1629400604253,"pid":5801,"hostname":"fv-az36-757","name":"@waytrade/microservice-core","msg":"HTTP get /test/get/ -> 200 (1ms)"}
{"level":20,"time":1629400604253,"pid":5801,"hostname":"fv-az36-757","name":"@waytrade/microservice-core","msg":"HTTP Server on port 54597 stopped"}
{"level":30,"time":1629400604253,"pid":5801,"hostname":"fv-az36-757","name":"@waytrade/microservice-core","msg":"App stopped."}
{"level":30,"time":1629400604254,"pid":5801,"hostname":"fv-az36-757","name":"@waytrade/microservice-core","msg":"Starting App..."}
{"level":20,"time":1629400604254,"pid":5801,"hostname":"fv-az36-757","name":"@waytrade/microservice-core","msg":"Starting HTTP Server on port 0"}
{"level":20,"time":1629400604255,"pid":5801,"hostname":"fv-az36-757","name":"@waytrade/microservice-core","msg":"HTTP Server listening on port 60603"}
{"level":30,"time":1629400604255,"pid":5801,"hostname":"fv-az36-757","name":"@waytrade/microservice-core","msg":"API Server started at port 60603"}
{"level":20,"time":1629400604255,"pid":5801,"hostname":"fv-az36-757","name":"@waytrade/microservice-core","msg":"Debug message"}
{"level":30,"time":1629400604255,"pid":5801,"hostname":"fv-az36-757","name":"@waytrade/microservice-core","msg":"Info message"}
{"level":40,"time":1629400604255,"pid":5801,"hostname":"fv-az36-757","name":"@waytrade/microservice-core","msg":"Warning message"}
{"level":50,"time":1629400604255,"pid":5801,"hostname":"fv-az36-757","name":"@waytrade/microservice-core","msg":"Error message"}
{"level":20,"time":1629400604255,"pid":5801,"hostname":"fv-az36-757","name":"@waytrade/microservice-core","msg":"HTTP Server on port 60603 stopped"}
{"level":30,"time":1629400604255,"pid":5801,"hostname":"fv-az36-757","name":"@waytrade/microservice-core","msg":"App stopped."}
{"level":30,"time":1629400604519,"pid":5801,"hostname":"fv-az36-757","name":"@waytrade/microservice-core","msg":"Starting App..."}
{"level":20,"time":1629400604520,"pid":5801,"hostname":"fv-az36-757","name":"@waytrade/microservice-core","msg":"Starting HTTP Server on port 0"}
{"level":20,"time":1629400604520,"pid":5801,"hostname":"fv-az36-757","name":"@waytrade/microservice-core","msg":"HTTP Server listening on port 39301"}
{"level":20,"time":1629400604520,"pid":5801,"hostname":"fv-az36-757","name":"@waytrade/microservice-core","msg":"Starting HTTP Server on port 0"}
{"level":20,"time":1629400604520,"pid":5801,"hostname":"fv-az36-757","name":"@waytrade/microservice-core","msg":"HTTP Server listening on port 41715"}
{"level":30,"time":1629400604520,"pid":5801,"hostname":"fv-az36-757","name":"@waytrade/microservice-core","msg":"API Server started at port 39301"}
{"level":30,"time":1629400604520,"pid":5801,"hostname":"fv-az36-757","name":"@waytrade/microservice-core","msg":"Webhook Callback Server started at port 41715"}
{"level":20,"time":1629400604521,"pid":5801,"hostname":"fv-az36-757","name":"@waytrade/microservice-core","msg":"HTTP Server on port 39301 stopped"}
{"level":20,"time":1629400604521,"pid":5801,"hostname":"fv-az36-757","name":"@waytrade/microservice-core","msg":"HTTP Server on port 41715 stopped"}
{"level":30,"time":1629400604521,"pid":5801,"hostname":"fv-az36-757","name":"@waytrade/microservice-core","msg":"App stopped."}
{"level":30,"time":1629400604523,"pid":5801,"hostname":"fv-az36-757","name":"@waytrade/microservice-core","msg":"Starting App..."}
{"level":20,"time":1629400604523,"pid":5801,"hostname":"fv-az36-757","name":"@waytrade/microservice-core","msg":"Starting HTTP Server on port 0"}
{"level":20,"time":1629400604523,"pid":5801,"hostname":"fv-az36-757","name":"@waytrade/microservice-core","msg":"HTTP Server listening on port 57163"}
{"level":20,"time":1629400604523,"pid":5801,"hostname":"fv-az36-757","name":"@waytrade/microservice-core","msg":"Starting HTTP Server on port 0"}
{"level":20,"time":1629400604523,"pid":5801,"hostname":"fv-az36-757","name":"@waytrade/microservice-core","msg":"HTTP Server listening on port 38749"}
{"level":30,"time":1629400604523,"pid":5801,"hostname":"fv-az36-757","name":"@waytrade/microservice-core","msg":"API Server started at port 57163"}
{"level":30,"time":1629400604523,"pid":5801,"hostname":"fv-az36-757","name":"@waytrade/microservice-core","msg":"Webhook Callback Server started at port 38749"}
{"level":20,"time":1629400604524,"pid":5801,"hostname":"fv-az36-757","name":"@waytrade/microservice-core","msg":"HTTP Server on port 57163 stopped"}
{"level":20,"time":1629400604524,"pid":5801,"hostname":"fv-az36-757","name":"@waytrade/microservice-core","msg":"HTTP Server on port 38749 stopped"}
{"level":30,"time":1629400604524,"pid":5801,"hostname":"fv-az36-757","name":"@waytrade/microservice-core","msg":"App stopped."}
{"level":30,"time":1629400604526,"pid":5801,"hostname":"fv-az36-757","name":"@waytrade/microservice-core","msg":"Starting App..."}
{"level":20,"time":1629400604526,"pid":5801,"hostname":"fv-az36-757","name":"@waytrade/microservice-core","msg":"Starting HTTP Server on port 0"}
{"level":20,"time":1629400604526,"pid":5801,"hostname":"fv-az36-757","name":"@waytrade/microservice-core","msg":"HTTP Server listening on port 49949"}
{"level":20,"time":1629400604526,"pid":5801,"hostname":"fv-az36-757","name":"@waytrade/microservice-core","msg":"Starting HTTP Server on port 0"}
{"level":20,"time":1629400604526,"pid":5801,"hostname":"fv-az36-757","name":"@waytrade/microservice-core","msg":"HTTP Server listening on port 49225"}
{"level":20,"time":1629400604526,"pid":5801,"hostname":"fv-az36-757","name":"@waytrade/microservice-core","msg":"HTTP Server on port 49949 stopped"}
{"level":20,"time":1629400604527,"pid":5801,"hostname":"fv-az36-757","name":"@waytrade/microservice-core","msg":"HTTP Server on port 49225 stopped"}
{"level":30,"time":1629400604527,"pid":5801,"hostname":"fv-az36-757","name":"@waytrade/microservice-core","msg":"App stopped."}
{"level":30,"time":1629400604527,"pid":5801,"hostname":"fv-az36-757","name":"@waytrade/microservice-core","msg":"Starting App..."}
{"level":20,"time":1629400604528,"pid":5801,"hostname":"fv-az36-757","name":"@waytrade/microservice-core","msg":"Starting HTTP Server on port 0"}
{"level":20,"time":1629400604528,"pid":5801,"hostname":"fv-az36-757","name":"@waytrade/microservice-core","msg":"HTTP Server listening on port 59585"}
{"level":20,"time":1629400604528,"pid":5801,"hostname":"fv-az36-757","name":"@waytrade/microservice-core","msg":"Starting HTTP Server on port 0"}
{"level":20,"time":1629400604528,"pid":5801,"hostname":"fv-az36-757","name":"@waytrade/microservice-core","msg":"HTTP Server listening on port 60911"}
{"level":20,"time":1629400604528,"pid":5801,"hostname":"fv-az36-757","name":"@waytrade/microservice-core","msg":"HTTP Server on port 59585 stopped"}
{"level":20,"time":1629400604528,"pid":5801,"hostname":"fv-az36-757","name":"@waytrade/microservice-core","msg":"HTTP Server on port 60911 stopped"}
{"level":30,"time":1629400604528,"pid":5801,"hostname":"fv-az36-757","name":"@waytrade/microservice-core","msg":"App stopped."}
{"level":30,"time":1629400604529,"pid":5801,"hostname":"fv-az36-757","name":"@waytrade/microservice-core","msg":"Starting App..."}
{"level":20,"time":1629400604529,"pid":5801,"hostname":"fv-az36-757","name":"@waytrade/microservice-core","msg":"Starting HTTP Server on port 0"}
{"level":20,"time":1629400604529,"pid":5801,"hostname":"fv-az36-757","name":"@waytrade/microservice-core","msg":"HTTP Server listening on port 54957"}
{"level":20,"time":1629400604530,"pid":5801,"hostname":"fv-az36-757","name":"@waytrade/microservice-core","msg":"Starting HTTP Server on port 0"}
{"level":20,"time":1629400604530,"pid":5801,"hostname":"fv-az36-757","name":"@waytrade/microservice-core","msg":"HTTP Server listening on port 38407"}
{"level":20,"time":1629400604530,"pid":5801,"hostname":"fv-az36-757","name":"@waytrade/microservice-core","msg":"HTTP Server on port 54957 stopped"}
{"level":20,"time":1629400604530,"pid":5801,"hostname":"fv-az36-757","name":"@waytrade/microservice-core","msg":"HTTP Server on port 38407 stopped"}
{"level":30,"time":1629400604530,"pid":5801,"hostname":"fv-az36-757","name":"@waytrade/microservice-core","msg":"App stopped."}
{"level":30,"time":1629400604531,"pid":5801,"hostname":"fv-az36-757","name":"@waytrade/microservice-core","msg":"Starting App..."}
{"level":20,"time":1629400604531,"pid":5801,"hostname":"fv-az36-757","name":"@waytrade/microservice-core","msg":"Starting HTTP Server on port 0"}
{"level":20,"time":1629400604531,"pid":5801,"hostname":"fv-az36-757","name":"@waytrade/microservice-core","msg":"HTTP Server listening on port 55301"}
{"level":20,"time":1629400604531,"pid":5801,"hostname":"fv-az36-757","name":"@waytrade/microservice-core","msg":"Starting HTTP Server on port 0"}
{"level":20,"time":1629400604531,"pid":5801,"hostname":"fv-az36-757","name":"@waytrade/microservice-core","msg":"HTTP Server listening on port 47421"}
{"level":20,"time":1629400604532,"pid":5801,"hostname":"fv-az36-757","name":"@waytrade/microservice-core","msg":"HTTP Server on port 55301 stopped"}
{"level":20,"time":1629400604532,"pid":5801,"hostname":"fv-az36-757","name":"@waytrade/microservice-core","msg":"HTTP Server on port 47421 stopped"}
{"level":30,"time":1629400604532,"pid":5801,"hostname":"fv-az36-757","name":"@waytrade/microservice-core","msg":"App stopped."}
{"level":30,"time":1629400604781,"pid":5801,"hostname":"fv-az36-757","name":"@waytrade/microservice-core","msg":"Starting App..."}
{"level":20,"time":1629400604781,"pid":5801,"hostname":"fv-az36-757","name":"@waytrade/microservice-core","msg":"Starting HTTP Server on port 0"}
{"level":20,"time":1629400604781,"pid":5801,"hostname":"fv-az36-757","name":"@waytrade/microservice-core","msg":"HTTP Server listening on port 46735"}
{"level":30,"time":1629400604781,"pid":5801,"hostname":"fv-az36-757","name":"@waytrade/microservice-core","msg":"API Server started at port 46735"}
{"level":20,"time":1629400604782,"pid":5801,"hostname":"fv-az36-757","name":"@waytrade/microservice-core","msg":"HTTP Server on port 46735 stopped"}
{"level":30,"time":1629400604782,"pid":5801,"hostname":"fv-az36-757","name":"@waytrade/microservice-core","msg":"App stopped."}
{"level":30,"time":1629400604784,"pid":5801,"hostname":"fv-az36-757","name":"@waytrade/microservice-core","msg":"Starting App..."}
{"level":20,"time":1629400604784,"pid":5801,"hostname":"fv-az36-757","name":"@waytrade/microservice-core","msg":"Starting HTTP Server on port 0"}
{"level":20,"time":1629400604784,"pid":5801,"hostname":"fv-az36-757","name":"@waytrade/microservice-core","msg":"HTTP Server listening on port 42087"}
{"level":30,"time":1629400604784,"pid":5801,"hostname":"fv-az36-757","name":"@waytrade/microservice-core","msg":"API Server started at port 42087"}
{"level":20,"time":1629400604785,"pid":5801,"hostname":"fv-az36-757","name":"@waytrade/microservice-core","msg":"HTTP Server on port 42087 stopped"}
{"level":30,"time":1629400604785,"pid":5801,"hostname":"fv-az36-757","name":"@waytrade/microservice-core","msg":"App stopped."}
{"level":30,"time":1629400604786,"pid":5801,"hostname":"fv-az36-757","name":"@waytrade/microservice-core","msg":"Starting App..."}
{"level":20,"time":1629400604786,"pid":5801,"hostname":"fv-az36-757","name":"@waytrade/microservice-core","msg":"Starting HTTP Server on port 0"}
{"level":20,"time":1629400604787,"pid":5801,"hostname":"fv-az36-757","name":"@waytrade/microservice-core","msg":"HTTP Server listening on port 52175"}
{"level":20,"time":1629400604787,"pid":5801,"hostname":"fv-az36-757","name":"@waytrade/microservice-core","msg":"HTTP Server on port 52175 stopped"}
{"level":30,"time":1629400604787,"pid":5801,"hostname":"fv-az36-757","name":"@waytrade/microservice-core","msg":"App stopped."}
{"level":30,"time":1629400604788,"pid":5801,"hostname":"fv-az36-757","name":"@waytrade/microservice-core","msg":"Starting App..."}
{"level":20,"time":1629400604788,"pid":5801,"hostname":"fv-az36-757","name":"@waytrade/microservice-core","msg":"Starting HTTP Server on port 0"}
{"level":20,"time":1629400604788,"pid":5801,"hostname":"fv-az36-757","name":"@waytrade/microservice-core","msg":"HTTP Server listening on port 43785"}
{"level":20,"time":1629400604788,"pid":5801,"hostname":"fv-az36-757","name":"@waytrade/microservice-core","msg":"HTTP Server on port 43785 stopped"}
{"level":30,"time":1629400604788,"pid":5801,"hostname":"fv-az36-757","name":"@waytrade/microservice-core","msg":"App stopped."}
{"level":30,"time":1629400604789,"pid":5801,"hostname":"fv-az36-757","name":"@waytrade/microservice-core","msg":"Starting App..."}
{"level":20,"time":1629400604789,"pid":5801,"hostname":"fv-az36-757","name":"@waytrade/microservice-core","msg":"Starting HTTP Server on port 0"}
{"level":20,"time":1629400604790,"pid":5801,"hostname":"fv-az36-757","name":"@waytrade/microservice-core","msg":"HTTP Server listening on port 60251"}
{"level":20,"time":1629400604790,"pid":5801,"hostname":"fv-az36-757","name":"@waytrade/microservice-core","msg":"HTTP Server on port 60251 stopped"}
{"level":30,"time":1629400604790,"pid":5801,"hostname":"fv-az36-757","name":"@waytrade/microservice-core","msg":"App stopped."}
{"level":30,"time":1629400604791,"pid":5801,"hostname":"fv-az36-757","name":"@waytrade/microservice-core","msg":"Starting App..."}
{"level":20,"time":1629400604791,"pid":5801,"hostname":"fv-az36-757","name":"@waytrade/microservice-core","msg":"Starting HTTP Server on port 0"}
{"level":20,"time":1629400604791,"pid":5801,"hostname":"fv-az36-757","name":"@waytrade/microservice-core","msg":"HTTP Server listening on port 56177"}
{"level":20,"time":1629400604791,"pid":5801,"hostname":"fv-az36-757","name":"@waytrade/microservice-core","msg":"HTTP Server on port 56177 stopped"}
{"level":30,"time":1629400604791,"pid":5801,"hostname":"fv-az36-757","name":"@waytrade/microservice-core","msg":"App stopped."}
{"level":30,"time":1629400605176,"pid":5801,"hostname":"fv-az36-757","name":"@waytrade/microservice-core","msg":"Starting App..."}
{"level":20,"time":1629400605176,"pid":5801,"hostname":"fv-az36-757","name":"@waytrade/microservice-core","msg":"Starting HTTP Server on port 0"}
{"level":20,"time":1629400605176,"pid":5801,"hostname":"fv-az36-757","name":"@waytrade/microservice-core","msg":"HTTP Server listening on port 45477"}
{"level":30,"time":1629400605176,"pid":5801,"hostname":"fv-az36-757","name":"@waytrade/microservice-core","msg":"API Server started at port 45477"}
{"level":20,"time":1629400605177,"pid":5801,"hostname":"fv-az36-757","name":"@waytrade/microservice-core","msg":"HTTP Server on port 45477 stopped"}
{"level":30,"time":1629400605177,"pid":5801,"hostname":"fv-az36-757","name":"@waytrade/microservice-core","msg":"App stopped."}
{"level":30,"time":1629400605179,"pid":5801,"hostname":"fv-az36-757","name":"@waytrade/microservice-core","msg":"Starting App..."}
{"level":20,"time":1629400605179,"pid":5801,"hostname":"fv-az36-757","name":"@waytrade/microservice-core","msg":"Starting HTTP Server on port 0"}
{"level":20,"time":1629400605179,"pid":5801,"hostname":"fv-az36-757","name":"@waytrade/microservice-core","msg":"HTTP Server listening on port 34391"}
{"level":30,"time":1629400605179,"pid":5801,"hostname":"fv-az36-757","name":"@waytrade/microservice-core","msg":"API Server started at port 34391"}
{"level":20,"time":1629400605180,"pid":5801,"hostname":"fv-az36-757","name":"@waytrade/microservice-core","msg":"HTTP Server on port 34391 stopped"}
{"level":30,"time":1629400605180,"pid":5801,"hostname":"fv-az36-757","name":"@waytrade/microservice-core","msg":"App stopped."}
{"level":30,"time":1629400605182,"pid":5801,"hostname":"fv-az36-757","name":"@waytrade/microservice-core","msg":"Starting App..."}
{"level":30,"time":1629400605182,"pid":5801,"hostname":"fv-az36-757","name":"@waytrade/microservice-core","msg":"App stopped."}
{"level":30,"time":1629400605183,"pid":5801,"hostname":"fv-az36-757","name":"@waytrade/microservice-core","msg":"Starting App..."}
{"level":30,"time":1629400605183,"pid":5801,"hostname":"fv-az36-757","name":"@waytrade/microservice-core","msg":"App stopped."}
{"level":30,"time":1629400605184,"pid":5801,"hostname":"fv-az36-757","name":"@waytrade/microservice-core","msg":"Starting App..."}
{"level":30,"time":1629400605184,"pid":5801,"hostname":"fv-az36-757","name":"@waytrade/microservice-core","msg":"App stopped."}
{"level":30,"time":1629400605201,"pid":5801,"hostname":"fv-az36-757","name":"@waytrade/microservice-core","msg":"Starting App..."}
{"level":30,"time":1629400605201,"pid":5801,"hostname":"fv-az36-757","name":"@waytrade/microservice-core","msg":"App stopped."}
{"level":20,"time":1629400605480,"pid":5801,"hostname":"fv-az36-757","name":"@waytrade/microservice-core","msg":"Starting HTTP Server on port 0"}
{"level":20,"time":1629400605481,"pid":5801,"hostname":"fv-az36-757","name":"@waytrade/microservice-core","msg":"HTTP Server listening on port 38281"}
{"level":20,"time":1629400605481,"pid":5801,"hostname":"fv-az36-757","name":"@waytrade/microservice-core","msg":"HTTP Server on port 38281 stopped"}
{"level":20,"time":1629400605482,"pid":5801,"hostname":"fv-az36-757","name":"@waytrade/microservice-core","msg":"Starting HTTP Server on port 3999"}
{"level":20,"time":1629400605482,"pid":5801,"hostname":"fv-az36-757","name":"@waytrade/microservice-core","msg":"HTTP Server listening on port 3999"}
{"level":20,"time":1629400605482,"pid":5801,"hostname":"fv-az36-757","name":"@waytrade/microservice-core","msg":"HTTP Server on port 3999 stopped"}
{"level":20,"time":1629400605483,"pid":5801,"hostname":"fv-az36-757","name":"@waytrade/microservice-core","msg":"Starting HTTP Server on port 0"}
{"level":20,"time":1629400605483,"pid":5801,"hostname":"fv-az36-757","name":"@waytrade/microservice-core","msg":"HTTP Server listening on port 42509"}
{"level":20,"time":1629400605494,"pid":5801,"hostname":"fv-az36-757","name":"@waytrade/microservice-core","msg":"/some/invalid/path not found."}
{"level":20,"time":1629400605495,"pid":5801,"hostname":"fv-az36-757","name":"@waytrade/microservice-core","msg":"HTTP Server on port 42509 stopped"}
{"level":20,"time":1629400605495,"pid":5801,"hostname":"fv-az36-757","name":"@waytrade/microservice-core","msg":"Starting HTTP Server on port 0"}
{"level":20,"time":1629400605495,"pid":5801,"hostname":"fv-az36-757","name":"@waytrade/microservice-core","msg":"HTTP Server listening on port 54921"}
{"level":20,"time":1629400605497,"pid":5801,"hostname":"fv-az36-757","name":"@waytrade/microservice-core","msg":"HTTP Server on port 54921 stopped"}
{"level":20,"time":1629400605498,"pid":5801,"hostname":"fv-az36-757","name":"@waytrade/microservice-core","msg":"Starting HTTP Server on port 0"}
{"level":20,"time":1629400605498,"pid":5801,"hostname":"fv-az36-757","name":"@waytrade/microservice-core","msg":"HTTP Server listening on port 60147"}
{"level":20,"time":1629400605500,"pid":5801,"hostname":"fv-az36-757","name":"@waytrade/microservice-core","msg":"HTTP Server on port 60147 stopped"}
{"level":20,"time":1629400605500,"pid":5801,"hostname":"fv-az36-757","name":"@waytrade/microservice-core","msg":"Starting HTTP Server on port 0"}
{"level":20,"time":1629400605500,"pid":5801,"hostname":"fv-az36-757","name":"@waytrade/microservice-core","msg":"HTTP Server listening on port 45763"}
{"level":20,"time":1629400605501,"pid":5801,"hostname":"fv-az36-757","name":"@waytrade/microservice-core","msg":"HTTP get /api/dummy/customResponseHeader -> 200 (0ms)"}
{"level":20,"time":1629400605502,"pid":5801,"hostname":"fv-az36-757","name":"@waytrade/microservice-core","msg":"HTTP Server on port 45763 stopped"}
{"level":30,"time":1629400605761,"pid":5801,"hostname":"fv-az36-757","name":"@waytrade/microservice-core","msg":"Starting App..."}
{"level":20,"time":1629400605761,"pid":5801,"hostname":"fv-az36-757","name":"@waytrade/microservice-core","msg":"Starting HTTP Server on port 0"}
{"level":20,"time":1629400605761,"pid":5801,"hostname":"fv-az36-757","name":"@waytrade/microservice-core","msg":"HTTP Server listening on port 57887"}
{"level":20,"time":1629400605761,"pid":5801,"hostname":"fv-az36-757","name":"@waytrade/microservice-core","msg":"Starting HTTP Server on port 0"}
{"level":20,"time":1629400605762,"pid":5801,"hostname":"fv-az36-757","name":"@waytrade/microservice-core","msg":"HTTP Server listening on port 35317"}
{"level":30,"time":1629400605762,"pid":5801,"hostname":"fv-az36-757","name":"@waytrade/microservice-core","msg":"API Server started at port 57887"}
{"level":30,"time":1629400605762,"pid":5801,"hostname":"fv-az36-757","name":"@waytrade/microservice-core","msg":"Webhook Callback Server started at port 35317"}
{"level":20,"time":1629400605764,"pid":5801,"hostname":"fv-az36-757","name":"@waytrade/microservice-core","msg":"HTTP get /api/ -> 200 (0ms)"}
{"level":20,"time":1629400605765,"pid":5801,"hostname":"fv-az36-757","name":"@waytrade/microservice-core","msg":"HTTP Server on port 57887 stopped"}
{"level":20,"time":1629400605765,"pid":5801,"hostname":"fv-az36-757","name":"@waytrade/microservice-core","msg":"HTTP Server on port 35317 stopped"}
{"level":30,"time":1629400605765,"pid":5801,"hostname":"fv-az36-757","name":"@waytrade/microservice-core","msg":"App stopped."}
{"level":30,"time":1629400605766,"pid":5801,"hostname":"fv-az36-757","name":"@waytrade/microservice-core","msg":"Starting App..."}
{"level":20,"time":1629400605767,"pid":5801,"hostname":"fv-az36-757","name":"@waytrade/microservice-core","msg":"Starting HTTP Server on port 0"}
{"level":20,"time":1629400605767,"pid":5801,"hostname":"fv-az36-757","name":"@waytrade/microservice-core","msg":"HTTP Server listening on port 34059"}
{"level":20,"time":1629400605767,"pid":5801,"hostname":"fv-az36-757","name":"@waytrade/microservice-core","msg":"Starting HTTP Server on port 0"}
{"level":20,"time":1629400605767,"pid":5801,"hostname":"fv-az36-757","name":"@waytrade/microservice-core","msg":"HTTP Server listening on port 53963"}
{"level":30,"time":1629400605767,"pid":5801,"hostname":"fv-az36-757","name":"@waytrade/microservice-core","msg":"API Server started at port 34059"}
{"level":30,"time":1629400605767,"pid":5801,"hostname":"fv-az36-757","name":"@waytrade/microservice-core","msg":"Webhook Callback Server started at port 53963"}
{"level":20,"time":1629400605768,"pid":5801,"hostname":"fv-az36-757","name":"@waytrade/microservice-core","msg":"HTTP get / -> 200 (0ms)"}
{"level":20,"time":1629400605769,"pid":5801,"hostname":"fv-az36-757","name":"@waytrade/microservice-core","msg":"HTTP Server on port 34059 stopped"}
{"level":20,"time":1629400605769,"pid":5801,"hostname":"fv-az36-757","name":"@waytrade/microservice-core","msg":"HTTP Server on port 53963 stopped"}
{"level":30,"time":1629400605769,"pid":5801,"hostname":"fv-az36-757","name":"@waytrade/microservice-core","msg":"App stopped."}
{"level":30,"time":1629400605770,"pid":5801,"hostname":"fv-az36-757","name":"@waytrade/microservice-core","msg":"Starting App..."}
{"level":20,"time":1629400605770,"pid":5801,"hostname":"fv-az36-757","name":"@waytrade/microservice-core","msg":"Starting HTTP Server on port 0"}
{"level":20,"time":1629400605770,"pid":5801,"hostname":"fv-az36-757","name":"@waytrade/microservice-core","msg":"HTTP Server listening on port 33103"}
{"level":20,"time":1629400605770,"pid":5801,"hostname":"fv-az36-757","name":"@waytrade/microservice-core","msg":"Starting HTTP Server on port 0"}
{"level":20,"time":1629400605770,"pid":5801,"hostname":"fv-az36-757","name":"@waytrade/microservice-core","msg":"HTTP Server listening on port 57211"}
{"level":30,"time":1629400605770,"pid":5801,"hostname":"fv-az36-757","name":"@waytrade/microservice-core","msg":"API Server started at port 33103"}
{"level":30,"time":1629400605770,"pid":5801,"hostname":"fv-az36-757","name":"@waytrade/microservice-core","msg":"Webhook Callback Server started at port 57211"}
{"level":20,"time":1629400605771,"pid":5801,"hostname":"fv-az36-757","name":"@waytrade/microservice-core","msg":"HTTP get /api/ -> 200 (0ms)"}
{"level":20,"time":1629400605772,"pid":5801,"hostname":"fv-az36-757","name":"@waytrade/microservice-core","msg":"HTTP Server on port 33103 stopped"}
{"level":20,"time":1629400605772,"pid":5801,"hostname":"fv-az36-757","name":"@waytrade/microservice-core","msg":"HTTP Server on port 57211 stopped"}
{"level":30,"time":1629400605772,"pid":5801,"hostname":"fv-az36-757","name":"@waytrade/microservice-core","msg":"App stopped."}
{"level":30,"time":1629400605773,"pid":5801,"hostname":"fv-az36-757","name":"@waytrade/microservice-core","msg":"Starting App..."}
{"level":20,"time":1629400605773,"pid":5801,"hostname":"fv-az36-757","name":"@waytrade/microservice-core","msg":"Starting HTTP Server on port 0"}
{"level":20,"time":1629400605773,"pid":5801,"hostname":"fv-az36-757","name":"@waytrade/microservice-core","msg":"HTTP Server listening on port 34711"}
{"level":20,"time":1629400605773,"pid":5801,"hostname":"fv-az36-757","name":"@waytrade/microservice-core","msg":"Starting HTTP Server on port 0"}
{"level":20,"time":1629400605773,"pid":5801,"hostname":"fv-az36-757","name":"@waytrade/microservice-core","msg":"HTTP Server listening on port 58385"}
{"level":30,"time":1629400605773,"pid":5801,"hostname":"fv-az36-757","name":"@waytrade/microservice-core","msg":"API Server started at port 34711"}
{"level":30,"time":1629400605773,"pid":5801,"hostname":"fv-az36-757","name":"@waytrade/microservice-core","msg":"Webhook Callback Server started at port 58385"}
{"level":20,"time":1629400605775,"pid":5801,"hostname":"fv-az36-757","name":"@waytrade/microservice-core","msg":"HTTP Server on port 34711 stopped"}
{"level":20,"time":1629400605775,"pid":5801,"hostname":"fv-az36-757","name":"@waytrade/microservice-core","msg":"HTTP Server on port 58385 stopped"}
{"level":30,"time":1629400605775,"pid":5801,"hostname":"fv-az36-757","name":"@waytrade/microservice-core","msg":"App stopped."}
{"level":30,"time":1629400606020,"pid":5801,"hostname":"fv-az36-757","name":"@waytrade/microservice-core","msg":"Starting App..."}
{"level":20,"time":1629400606021,"pid":5801,"hostname":"fv-az36-757","name":"@waytrade/microservice-core","msg":"Starting HTTP Server on port 0"}
{"level":20,"time":1629400606021,"pid":5801,"hostname":"fv-az36-757","name":"@waytrade/microservice-core","msg":"HTTP Server listening on port 40241"}
{"level":20,"time":1629400606021,"pid":5801,"hostname":"fv-az36-757","name":"@waytrade/microservice-core","msg":"Starting HTTP Server on port 0"}
{"level":20,"time":1629400606021,"pid":5801,"hostname":"fv-az36-757","name":"@waytrade/microservice-core","msg":"HTTP Server listening on port 47047"}
{"level":30,"time":1629400606021,"pid":5801,"hostname":"fv-az36-757","name":"@waytrade/microservice-core","msg":"API Server started at port 40241"}
{"level":30,"time":1629400606021,"pid":5801,"hostname":"fv-az36-757","name":"@waytrade/microservice-core","msg":"Webhook Callback Server started at port 47047"}
{"level":20,"time":1629400606022,"pid":5801,"hostname":"fv-az36-757","name":"@waytrade/microservice-core","msg":"HTTP Server on port 40241 stopped"}
{"level":20,"time":1629400606022,"pid":5801,"hostname":"fv-az36-757","name":"@waytrade/microservice-core","msg":"HTTP Server on port 47047 stopped"}
{"level":30,"time":1629400606022,"pid":5801,"hostname":"fv-az36-757","name":"@waytrade/microservice-core","msg":"App stopped."}
{"level":30,"time":1629400606023,"pid":5801,"hostname":"fv-az36-757","name":"@waytrade/microservice-core","msg":"Starting App..."}
{"level":20,"time":1629400606023,"pid":5801,"hostname":"fv-az36-757","name":"@waytrade/microservice-core","msg":"Starting HTTP Server on port 0"}
{"level":20,"time":1629400606023,"pid":5801,"hostname":"fv-az36-757","name":"@waytrade/microservice-core","msg":"HTTP Server listening on port 52939"}
{"level":20,"time":1629400606024,"pid":5801,"hostname":"fv-az36-757","name":"@waytrade/microservice-core","msg":"Starting HTTP Server on port 0"}
{"level":20,"time":1629400606024,"pid":5801,"hostname":"fv-az36-757","name":"@waytrade/microservice-core","msg":"HTTP Server listening on port 48457"}
{"level":30,"time":1629400606024,"pid":5801,"hostname":"fv-az36-757","name":"@waytrade/microservice-core","msg":"API Server started at port 52939"}
{"level":30,"time":1629400606024,"pid":5801,"hostname":"fv-az36-757","name":"@waytrade/microservice-core","msg":"Webhook Callback Server started at port 48457"}
{"level":20,"time":1629400606024,"pid":5801,"hostname":"fv-az36-757","name":"@waytrade/microservice-core","msg":"HTTP Server on port 52939 stopped"}
{"level":20,"time":1629400606024,"pid":5801,"hostname":"fv-az36-757","name":"@waytrade/microservice-core","msg":"HTTP Server on port 48457 stopped"}
{"level":30,"time":1629400606024,"pid":5801,"hostname":"fv-az36-757","name":"@waytrade/microservice-core","msg":"App stopped."}
{"level":30,"time":1629400606025,"pid":5801,"hostname":"fv-az36-757","name":"@waytrade/microservice-core","msg":"Starting App..."}
{"level":20,"time":1629400606025,"pid":5801,"hostname":"fv-az36-757","name":"@waytrade/microservice-core","msg":"Starting HTTP Server on port 0"}
{"level":20,"time":1629400606026,"pid":5801,"hostname":"fv-az36-757","name":"@waytrade/microservice-core","msg":"HTTP Server listening on port 46699"}
{"level":20,"time":1629400606026,"pid":5801,"hostname":"fv-az36-757","name":"@waytrade/microservice-core","msg":"Starting HTTP Server on port 0"}
{"level":20,"time":1629400606026,"pid":5801,"hostname":"fv-az36-757","name":"@waytrade/microservice-core","msg":"HTTP Server listening on port 54451"}
{"level":30,"time":1629400606026,"pid":5801,"hostname":"fv-az36-757","name":"@waytrade/microservice-core","msg":"API Server started at port 46699"}
{"level":30,"time":1629400606026,"pid":5801,"hostname":"fv-az36-757","name":"@waytrade/microservice-core","msg":"Webhook Callback Server started at port 54451"}
{"level":20,"time":1629400606026,"pid":5801,"hostname":"fv-az36-757","name":"@waytrade/microservice-core","msg":"HTTP Server on port 46699 stopped"}
{"level":20,"time":1629400606026,"pid":5801,"hostname":"fv-az36-757","name":"@waytrade/microservice-core","msg":"HTTP Server on port 54451 stopped"}
{"level":30,"time":1629400606026,"pid":5801,"hostname":"fv-az36-757","name":"@waytrade/microservice-core","msg":"App stopped."}
{"level":30,"time":1629400606027,"pid":5801,"hostname":"fv-az36-757","name":"@waytrade/microservice-core","msg":"Starting App..."}
{"level":20,"time":1629400606027,"pid":5801,"hostname":"fv-az36-757","name":"@waytrade/microservice-core","msg":"Starting HTTP Server on port 0"}
{"level":20,"time":1629400606028,"pid":5801,"hostname":"fv-az36-757","name":"@waytrade/microservice-core","msg":"HTTP Server listening on port 60755"}
{"level":20,"time":1629400606028,"pid":5801,"hostname":"fv-az36-757","name":"@waytrade/microservice-core","msg":"Starting HTTP Server on port 0"}
{"level":20,"time":1629400606028,"pid":5801,"hostname":"fv-az36-757","name":"@waytrade/microservice-core","msg":"HTTP Server listening on port 33829"}
{"level":30,"time":1629400606028,"pid":5801,"hostname":"fv-az36-757","name":"@waytrade/microservice-core","msg":"API Server started at port 60755"}
{"level":30,"time":1629400606028,"pid":5801,"hostname":"fv-az36-757","name":"@waytrade/microservice-core","msg":"Webhook Callback Server started at port 33829"}
{"level":20,"time":1629400606028,"pid":5801,"hostname":"fv-az36-757","name":"@waytrade/microservice-core","msg":"HTTP Server on port 60755 stopped"}
{"level":20,"time":1629400606028,"pid":5801,"hostname":"fv-az36-757","name":"@waytrade/microservice-core","msg":"HTTP Server on port 33829 stopped"}
{"level":30,"time":1629400606028,"pid":5801,"hostname":"fv-az36-757","name":"@waytrade/microservice-core","msg":"App stopped."}
{"level":30,"time":1629400606269,"pid":5801,"hostname":"fv-az36-757","name":"@waytrade/microservice-core","msg":"Starting App..."}
{"level":20,"time":1629400606269,"pid":5801,"hostname":"fv-az36-757","name":"@waytrade/microservice-core","msg":"Starting HTTP Server on port 0"}
{"level":20,"time":1629400606269,"pid":5801,"hostname":"fv-az36-757","name":"@waytrade/microservice-core","msg":"HTTP Server listening on port 34363"}
{"level":30,"time":1629400606269,"pid":5801,"hostname":"fv-az36-757","name":"@waytrade/microservice-core","msg":"API Server started at port 34363"}
{"level":20,"time":1629400606270,"pid":5801,"hostname":"fv-az36-757","name":"@waytrade/microservice-core","msg":"HTTP Server on port 34363 stopped"}
{"level":30,"time":1629400606270,"pid":5801,"hostname":"fv-az36-757","name":"@waytrade/microservice-core","msg":"App stopped."}
{"level":30,"time":1629400606271,"pid":5801,"hostname":"fv-az36-757","name":"@waytrade/microservice-core","msg":"Starting App..."}
{"level":20,"time":1629400606271,"pid":5801,"hostname":"fv-az36-757","name":"@waytrade/microservice-core","msg":"Starting HTTP Server on port 0"}
{"level":20,"time":1629400606271,"pid":5801,"hostname":"fv-az36-757","name":"@waytrade/microservice-core","msg":"HTTP Server listening on port 35645"}
{"level":30,"time":1629400606271,"pid":5801,"hostname":"fv-az36-757","name":"@waytrade/microservice-core","msg":"API Server started at port 35645"}
{"level":20,"time":1629400606272,"pid":5801,"hostname":"fv-az36-757","name":"@waytrade/microservice-core","msg":"HTTP Server on port 35645 stopped"}
{"level":30,"time":1629400606272,"pid":5801,"hostname":"fv-az36-757","name":"@waytrade/microservice-core","msg":"App stopped."}
{"level":30,"time":1629400606273,"pid":5801,"hostname":"fv-az36-757","name":"@waytrade/microservice-core","msg":"Starting App..."}
{"level":20,"time":1629400606273,"pid":5801,"hostname":"fv-az36-757","name":"@waytrade/microservice-core","msg":"Starting HTTP Server on port 0"}
{"level":20,"time":1629400606273,"pid":5801,"hostname":"fv-az36-757","name":"@waytrade/microservice-core","msg":"HTTP Server listening on port 43959"}
{"level":30,"time":1629400606273,"pid":5801,"hostname":"fv-az36-757","name":"@waytrade/microservice-core","msg":"API Server started at port 43959"}
{"level":20,"time":1629400606273,"pid":5801,"hostname":"fv-az36-757","name":"@waytrade/microservice-core","msg":"HTTP Server on port 43959 stopped"}
{"level":30,"time":1629400606274,"pid":5801,"hostname":"fv-az36-757","name":"@waytrade/microservice-core","msg":"App stopped."}
{"level":30,"time":1629400606274,"pid":5801,"hostname":"fv-az36-757","name":"@waytrade/microservice-core","msg":"Starting App..."}
{"level":20,"time":1629400606275,"pid":5801,"hostname":"fv-az36-757","name":"@waytrade/microservice-core","msg":"Starting HTTP Server on port 0"}
{"level":20,"time":1629400606275,"pid":5801,"hostname":"fv-az36-757","name":"@waytrade/microservice-core","msg":"HTTP Server listening on port 59399"}
{"level":30,"time":1629400606275,"pid":5801,"hostname":"fv-az36-757","name":"@waytrade/microservice-core","msg":"API Server started at port 59399"}
{"level":20,"time":1629400606275,"pid":5801,"hostname":"fv-az36-757","name":"@waytrade/microservice-core","msg":"HTTP Server on port 59399 stopped"}
{"level":30,"time":1629400606275,"pid":5801,"hostname":"fv-az36-757","name":"@waytrade/microservice-core","msg":"App stopped."}
{"level":30,"time":1629400606545,"pid":5801,"hostname":"fv-az36-757","name":"@waytrade/microservice-core","msg":"Starting App..."}
{"level":20,"time":1629400606546,"pid":5801,"hostname":"fv-az36-757","name":"@waytrade/microservice-core","msg":"Starting HTTP Server on port 0"}
{"level":20,"time":1629400606546,"pid":5801,"hostname":"fv-az36-757","name":"@waytrade/microservice-core","msg":"HTTP Server listening on port 39739"}
{"level":30,"time":1629400606546,"pid":5801,"hostname":"fv-az36-757","name":"@waytrade/microservice-core","msg":"API Server started at port 39739"}
{"level":20,"time":1629400606546,"pid":5801,"hostname":"fv-az36-757","name":"@waytrade/microservice-core","msg":"HTTP Server on port 39739 stopped"}
{"level":30,"time":1629400606546,"pid":5801,"hostname":"fv-az36-757","name":"@waytrade/microservice-core","msg":"App stopped."}
{"level":30,"time":1629400606547,"pid":5801,"hostname":"fv-az36-757","name":"@waytrade/microservice-core","msg":"Starting App..."}
{"level":20,"time":1629400606548,"pid":5801,"hostname":"fv-az36-757","name":"@waytrade/microservice-core","msg":"Starting HTTP Server on port 0"}
{"level":20,"time":1629400606548,"pid":5801,"hostname":"fv-az36-757","name":"@waytrade/microservice-core","msg":"HTTP Server listening on port 43363"}
{"level":30,"time":1629400606548,"pid":5801,"hostname":"fv-az36-757","name":"@waytrade/microservice-core","msg":"API Server started at port 43363"}
{"level":20,"time":1629400606548,"pid":5801,"hostname":"fv-az36-757","name":"@waytrade/microservice-core","msg":"HTTP Server on port 43363 stopped"}
{"level":30,"time":1629400606548,"pid":5801,"hostname":"fv-az36-757","name":"@waytrade/microservice-core","msg":"App stopped."}
{"level":30,"time":1629400606549,"pid":5801,"hostname":"fv-az36-757","name":"@waytrade/microservice-core","msg":"Starting App..."}
{"level":20,"time":1629400606550,"pid":5801,"hostname":"fv-az36-757","name":"@waytrade/microservice-core","msg":"Starting HTTP Server on port 0"}
{"level":20,"time":1629400606550,"pid":5801,"hostname":"fv-az36-757","name":"@waytrade/microservice-core","msg":"HTTP Server listening on port 38321"}
{"level":30,"time":1629400606550,"pid":5801,"hostname":"fv-az36-757","name":"@waytrade/microservice-core","msg":"API Server started at port 38321"}
{"level":20,"time":1629400606550,"pid":5801,"hostname":"fv-az36-757","name":"@waytrade/microservice-core","msg":"HTTP Server on port 38321 stopped"}
{"level":30,"time":1629400606550,"pid":5801,"hostname":"fv-az36-757","name":"@waytrade/microservice-core","msg":"App stopped."}
{"level":30,"time":1629400606551,"pid":5801,"hostname":"fv-az36-757","name":"@waytrade/microservice-core","msg":"Starting App..."}
{"level":20,"time":1629400606558,"pid":5801,"hostname":"fv-az36-757","name":"@waytrade/microservice-core","msg":"Starting HTTP Server on port 0"}
{"level":20,"time":1629400606558,"pid":5801,"hostname":"fv-az36-757","name":"@waytrade/microservice-core","msg":"HTTP Server listening on port 50805"}
{"level":30,"time":1629400606558,"pid":5801,"hostname":"fv-az36-757","name":"@waytrade/microservice-core","msg":"API Server started at port 50805"}
{"level":20,"time":1629400606559,"pid":5801,"hostname":"fv-az36-757","name":"@waytrade/microservice-core","msg":"HTTP Server on port 50805 stopped"}
{"level":30,"time":1629400606559,"pid":5801,"hostname":"fv-az36-757","name":"@waytrade/microservice-core","msg":"App stopped."}
{"level":30,"time":1629400607027,"pid":5801,"hostname":"fv-az36-757","name":"@waytrade/microservice-core","msg":"Starting App..."}
{"level":20,"time":1629400607027,"pid":5801,"hostname":"fv-az36-757","name":"@waytrade/microservice-core","msg":"Starting HTTP Server on port 0"}
{"level":20,"time":1629400607028,"pid":5801,"hostname":"fv-az36-757","name":"@waytrade/microservice-core","msg":"HTTP Server listening on port 56761"}
{"level":30,"time":1629400607028,"pid":5801,"hostname":"fv-az36-757","name":"@waytrade/microservice-core","msg":"API Server started at port 56761"}
{"level":20,"time":1629400607029,"pid":5801,"hostname":"fv-az36-757","name":"@waytrade/microservice-core","msg":"HTTP Server on port 56761 stopped"}
{"level":30,"time":1629400607029,"pid":5801,"hostname":"fv-az36-757","name":"@waytrade/microservice-core","msg":"App stopped."}
{"level":30,"time":1629400607030,"pid":5801,"hostname":"fv-az36-757","name":"@waytrade/microservice-core","msg":"Starting App..."}
{"level":20,"time":1629400607030,"pid":5801,"hostname":"fv-az36-757","name":"@waytrade/microservice-core","msg":"Starting HTTP Server on port 0"}
{"level":20,"time":1629400607031,"pid":5801,"hostname":"fv-az36-757","name":"@waytrade/microservice-core","msg":"HTTP Server listening on port 53389"}
{"level":20,"time":1629400607031,"pid":5801,"hostname":"fv-az36-757","name":"@waytrade/microservice-core","msg":"HTTP Server on port 53389 stopped"}
{"level":30,"time":1629400607031,"pid":5801,"hostname":"fv-az36-757","name":"@waytrade/microservice-core","msg":"App stopped."}
{"level":30,"time":1629400607032,"pid":5801,"hostname":"fv-az36-757","name":"@waytrade/microservice-core","msg":"Starting App..."}
{"level":20,"time":1629400607032,"pid":5801,"hostname":"fv-az36-757","name":"@waytrade/microservice-core","msg":"Starting HTTP Server on port 0"}
{"level":20,"time":1629400607032,"pid":5801,"hostname":"fv-az36-757","name":"@waytrade/microservice-core","msg":"HTTP Server listening on port 33815"}
{"level":20,"time":1629400607032,"pid":5801,"hostname":"fv-az36-757","name":"@waytrade/microservice-core","msg":"HTTP Server on port 33815 stopped"}
{"level":30,"time":1629400607033,"pid":5801,"hostname":"fv-az36-757","name":"@waytrade/microservice-core","msg":"App stopped."}
{"level":20,"time":1629400607278,"pid":5801,"hostname":"fv-az36-757","name":"@waytrade/microservice-core","msg":"Starting HTTP Server on port 0"}
{"level":20,"time":1629400607279,"pid":5801,"hostname":"fv-az36-757","name":"@waytrade/microservice-core","msg":"HTTP Server listening on port 36665"}
{"level":20,"time":1629400607281,"pid":5801,"hostname":"fv-az36-757","name":"@waytrade/microservice-core","msg":"HTTP get /api/dummy/ -> 200 (0ms)"}
{"level":20,"time":1629400607282,"pid":5801,"hostname":"fv-az36-757","name":"@waytrade/microservice-core","msg":"HTTP Server on port 36665 stopped"}
