{"level":20,"time":1628349169118,"pid":5822,"hostname":"fv-az77-838","name":"@waytrade/microservice-core","msg":"Starting HTTP Server on port 0"}
{"level":20,"time":1628349169120,"pid":5822,"hostname":"fv-az77-838","name":"@waytrade/microservice-core","msg":"HTTP Server listening on port 59735"}
{"level":20,"time":1628349169151,"pid":5822,"hostname":"fv-az77-838","name":"@waytrade/microservice-core","msg":"HTTP get /openapi.json -> 200 (4ms)"}
{"level":20,"time":1628349169156,"pid":5822,"hostname":"fv-az77-838","name":"@waytrade/microservice-core","msg":"HTTP Server on port 59735 stopped"}
{"level":20,"time":1628349169159,"pid":5822,"hostname":"fv-az77-838","name":"@waytrade/microservice-core","msg":"Starting HTTP Server on port 0"}
{"level":20,"time":1628349169159,"pid":5822,"hostname":"fv-az77-838","name":"@waytrade/microservice-core","msg":"HTTP Server listening on port 34099"}
{"level":20,"time":1628349169164,"pid":5822,"hostname":"fv-az77-838","name":"@waytrade/microservice-core","msg":"HTTP get /openapi.json -> 200 (1ms)"}
{"level":20,"time":1628349169184,"pid":5822,"hostname":"fv-az77-838","name":"@waytrade/microservice-core","msg":"HTTP Server on port 34099 stopped"}
{"level":20,"time":1628349169187,"pid":5822,"hostname":"fv-az77-838","name":"@waytrade/microservice-core","msg":"Starting HTTP Server on port 0"}
{"level":20,"time":1628349169187,"pid":5822,"hostname":"fv-az77-838","name":"@waytrade/microservice-core","msg":"HTTP Server listening on port 42225"}
{"level":20,"time":1628349169195,"pid":5822,"hostname":"fv-az77-838","name":"@waytrade/microservice-core","msg":"Starting HTTP Server on port 0"}
{"level":20,"time":1628349169196,"pid":5822,"hostname":"fv-az77-838","name":"@waytrade/microservice-core","msg":"HTTP Server listening on port 57789"}
{"level":20,"time":1628349169200,"pid":5822,"hostname":"fv-az77-838","name":"@waytrade/microservice-core","msg":"HTTP get /openapi.json -> 200 (0ms)"}
{"level":20,"time":1628349169201,"pid":5822,"hostname":"fv-az77-838","name":"@waytrade/microservice-core","msg":"HTTP get / -> 200 (1ms)"}
{"level":20,"time":1628349169210,"pid":5822,"hostname":"fv-az77-838","name":"@waytrade/microservice-core","msg":"HTTP Server on port 42225 stopped"}
{"level":20,"time":1628349169212,"pid":5822,"hostname":"fv-az77-838","name":"@waytrade/microservice-core","msg":"HTTP Server on port 57789 stopped"}
{"level":20,"time":1628349169214,"pid":5822,"hostname":"fv-az77-838","name":"@waytrade/microservice-core","msg":"Starting HTTP Server on port 0"}
{"level":20,"time":1628349169214,"pid":5822,"hostname":"fv-az77-838","name":"@waytrade/microservice-core","msg":"HTTP Server listening on port 36277"}
{"level":20,"time":1628349169224,"pid":5822,"hostname":"fv-az77-838","name":"@waytrade/microservice-core","msg":"HTTP get /swagger-ui.css -> 200 (4ms)"}
{"level":20,"time":1628349169228,"pid":5822,"hostname":"fv-az77-838","name":"@waytrade/microservice-core","msg":"HTTP Server on port 36277 stopped"}
{"level":20,"time":1628349169230,"pid":5822,"hostname":"fv-az77-838","name":"@waytrade/microservice-core","msg":"Starting HTTP Server on port 0"}
{"level":20,"time":1628349169230,"pid":5822,"hostname":"fv-az77-838","name":"@waytrade/microservice-core","msg":"HTTP Server listening on port 47745"}
{"level":20,"time":1628349169255,"pid":5822,"hostname":"fv-az77-838","name":"@waytrade/microservice-core","msg":"HTTP get /swagger-ui-bundle.js -> 200 (23ms)"}
{"level":20,"time":1628349169267,"pid":5822,"hostname":"fv-az77-838","name":"@waytrade/microservice-core","msg":"HTTP Server on port 47745 stopped"}
{"level":20,"time":1628349169269,"pid":5822,"hostname":"fv-az77-838","name":"@waytrade/microservice-core","msg":"Starting HTTP Server on port 0"}
{"level":20,"time":1628349169269,"pid":5822,"hostname":"fv-az77-838","name":"@waytrade/microservice-core","msg":"HTTP Server listening on port 43633"}
{"level":20,"time":1628349169277,"pid":5822,"hostname":"fv-az77-838","name":"@waytrade/microservice-core","msg":"HTTP get /swagger-ui-standalone-preset.js -> 200 (6ms)"}
{"level":20,"time":1628349169282,"pid":5822,"hostname":"fv-az77-838","name":"@waytrade/microservice-core","msg":"HTTP Server on port 43633 stopped"}
{"level":30,"time":1628349170393,"pid":5822,"hostname":"fv-az77-838","name":"@waytrade/microservice-core","msg":"Starting App..."}
{"level":20,"time":1628349170394,"pid":5822,"hostname":"fv-az77-838","name":"@waytrade/microservice-core","msg":"Starting HTTP Server on port 0"}
{"level":20,"time":1628349170394,"pid":5822,"hostname":"fv-az77-838","name":"@waytrade/microservice-core","msg":"HTTP Server listening on port 58543"}
{"level":20,"time":1628349170394,"pid":5822,"hostname":"fv-az77-838","name":"@waytrade/microservice-core","msg":"Starting HTTP Server on port 0"}
{"level":20,"time":1628349170394,"pid":5822,"hostname":"fv-az77-838","name":"@waytrade/microservice-core","msg":"HTTP Server listening on port 57973"}
{"level":30,"time":1628349170395,"pid":5822,"hostname":"fv-az77-838","name":"@waytrade/microservice-core","msg":"API Server started at port 58543"}
{"level":30,"time":1628349170395,"pid":5822,"hostname":"fv-az77-838","name":"@waytrade/microservice-core","msg":"Webhook Callback Server started at port 57973"}
{"level":20,"time":1628349170412,"pid":5822,"hostname":"fv-az77-838","name":"@waytrade/microservice-core","msg":"HTTP post /subscribe -> 400 (1ms)"}
{"level":20,"time":1628349170416,"pid":5822,"hostname":"fv-az77-838","name":"@waytrade/microservice-core","msg":"HTTP Server on port 58543 stopped"}
{"level":20,"time":1628349170416,"pid":5822,"hostname":"fv-az77-838","name":"@waytrade/microservice-core","msg":"HTTP Server on port 57973 stopped"}
{"level":30,"time":1628349170416,"pid":5822,"hostname":"fv-az77-838","name":"@waytrade/microservice-core","msg":"App stopped."}
{"level":30,"time":1628349170428,"pid":5822,"hostname":"fv-az77-838","name":"@waytrade/microservice-core","msg":"Starting App..."}
{"level":20,"time":1628349170429,"pid":5822,"hostname":"fv-az77-838","name":"@waytrade/microservice-core","msg":"Starting HTTP Server on port 0"}
{"level":20,"time":1628349170438,"pid":5822,"hostname":"fv-az77-838","name":"@waytrade/microservice-core","msg":"HTTP Server listening on port 42649"}
{"level":20,"time":1628349170438,"pid":5822,"hostname":"fv-az77-838","name":"@waytrade/microservice-core","msg":"Starting HTTP Server on port 0"}
{"level":20,"time":1628349170438,"pid":5822,"hostname":"fv-az77-838","name":"@waytrade/microservice-core","msg":"HTTP Server listening on port 54689"}
{"level":30,"time":1628349170438,"pid":5822,"hostname":"fv-az77-838","name":"@waytrade/microservice-core","msg":"API Server started at port 42649"}
{"level":30,"time":1628349170438,"pid":5822,"hostname":"fv-az77-838","name":"@waytrade/microservice-core","msg":"Webhook Callback Server started at port 54689"}
{"level":20,"time":1628349170448,"pid":5822,"hostname":"fv-az77-838","name":"@waytrade/microservice-core","msg":"HTTP post /subscribe -> 201 (2ms)"}
{"level":20,"time":1628349170469,"pid":5822,"hostname":"fv-az77-838","name":"@waytrade/microservice-core","msg":"HTTP post /subscribe -> 204 (1ms)"}
{"level":20,"time":1628349170499,"pid":5822,"hostname":"fv-az77-838","name":"@waytrade/microservice-core","msg":"HTTP Server on port 42649 stopped"}
{"level":20,"time":1628349170499,"pid":5822,"hostname":"fv-az77-838","name":"@waytrade/microservice-core","msg":"HTTP Server on port 54689 stopped"}
{"level":30,"time":1628349170499,"pid":5822,"hostname":"fv-az77-838","name":"@waytrade/microservice-core","msg":"App stopped."}
{"level":30,"time":1628349170515,"pid":5822,"hostname":"fv-az77-838","name":"@waytrade/microservice-core","msg":"Starting App..."}
{"level":20,"time":1628349170516,"pid":5822,"hostname":"fv-az77-838","name":"@waytrade/microservice-core","msg":"Starting HTTP Server on port 0"}
{"level":20,"time":1628349170516,"pid":5822,"hostname":"fv-az77-838","name":"@waytrade/microservice-core","msg":"HTTP Server listening on port 60893"}
{"level":20,"time":1628349170516,"pid":5822,"hostname":"fv-az77-838","name":"@waytrade/microservice-core","msg":"Starting HTTP Server on port 0"}
{"level":20,"time":1628349170516,"pid":5822,"hostname":"fv-az77-838","name":"@waytrade/microservice-core","msg":"HTTP Server listening on port 37019"}
{"level":30,"time":1628349170516,"pid":5822,"hostname":"fv-az77-838","name":"@waytrade/microservice-core","msg":"API Server started at port 60893"}
{"level":30,"time":1628349170516,"pid":5822,"hostname":"fv-az77-838","name":"@waytrade/microservice-core","msg":"Webhook Callback Server started at port 37019"}
{"level":20,"time":1628349170550,"pid":5822,"hostname":"fv-az77-838","name":"@waytrade/microservice-core","msg":"HTTP post /subscribe -> 201 (0ms)"}
{"level":20,"time":1628349170572,"pid":5822,"hostname":"fv-az77-838","name":"@waytrade/microservice-core","msg":"HTTP post /subscribe -> 201 (1ms)"}
{"level":20,"time":1628349170574,"pid":5822,"hostname":"fv-az77-838","name":"@waytrade/microservice-core","msg":"HTTP Server on port 60893 stopped"}
{"level":20,"time":1628349170574,"pid":5822,"hostname":"fv-az77-838","name":"@waytrade/microservice-core","msg":"HTTP Server on port 37019 stopped"}
{"level":30,"time":1628349170574,"pid":5822,"hostname":"fv-az77-838","name":"@waytrade/microservice-core","msg":"App stopped."}
{"level":30,"time":1628349170577,"pid":5822,"hostname":"fv-az77-838","name":"@waytrade/microservice-core","msg":"Starting App..."}
{"level":20,"time":1628349170578,"pid":5822,"hostname":"fv-az77-838","name":"@waytrade/microservice-core","msg":"Starting HTTP Server on port 0"}
{"level":20,"time":1628349170578,"pid":5822,"hostname":"fv-az77-838","name":"@waytrade/microservice-core","msg":"HTTP Server listening on port 47241"}
{"level":20,"time":1628349170578,"pid":5822,"hostname":"fv-az77-838","name":"@waytrade/microservice-core","msg":"Starting HTTP Server on port 0"}
{"level":20,"time":1628349170578,"pid":5822,"hostname":"fv-az77-838","name":"@waytrade/microservice-core","msg":"HTTP Server listening on port 59347"}
{"level":30,"time":1628349170578,"pid":5822,"hostname":"fv-az77-838","name":"@waytrade/microservice-core","msg":"API Server started at port 47241"}
{"level":30,"time":1628349170578,"pid":5822,"hostname":"fv-az77-838","name":"@waytrade/microservice-core","msg":"Webhook Callback Server started at port 59347"}
{"level":20,"time":1628349170583,"pid":5822,"hostname":"fv-az77-838","name":"@waytrade/microservice-core","msg":"HTTP post /subscribe -> 201 (1ms)"}
{"level":20,"time":1628349170589,"pid":5822,"hostname":"fv-az77-838","name":"@waytrade/microservice-core","msg":"HTTP post /unsubscribe -> 200 (1ms)"}
{"level":20,"time":1628349170591,"pid":5822,"hostname":"fv-az77-838","name":"@waytrade/microservice-core","msg":"HTTP Server on port 47241 stopped"}
{"level":20,"time":1628349170591,"pid":5822,"hostname":"fv-az77-838","name":"@waytrade/microservice-core","msg":"HTTP Server on port 59347 stopped"}
{"level":30,"time":1628349170591,"pid":5822,"hostname":"fv-az77-838","name":"@waytrade/microservice-core","msg":"App stopped."}
{"level":30,"time":1628349170593,"pid":5822,"hostname":"fv-az77-838","name":"@waytrade/microservice-core","msg":"Starting App..."}
{"level":20,"time":1628349170594,"pid":5822,"hostname":"fv-az77-838","name":"@waytrade/microservice-core","msg":"Starting HTTP Server on port 0"}
{"level":20,"time":1628349170594,"pid":5822,"hostname":"fv-az77-838","name":"@waytrade/microservice-core","msg":"HTTP Server listening on port 37523"}
{"level":20,"time":1628349170594,"pid":5822,"hostname":"fv-az77-838","name":"@waytrade/microservice-core","msg":"Starting HTTP Server on port 0"}
{"level":20,"time":1628349170594,"pid":5822,"hostname":"fv-az77-838","name":"@waytrade/microservice-core","msg":"HTTP Server listening on port 48949"}
{"level":30,"time":1628349170594,"pid":5822,"hostname":"fv-az77-838","name":"@waytrade/microservice-core","msg":"API Server started at port 37523"}
{"level":30,"time":1628349170594,"pid":5822,"hostname":"fv-az77-838","name":"@waytrade/microservice-core","msg":"Webhook Callback Server started at port 48949"}
{"level":20,"time":1628349170598,"pid":5822,"hostname":"fv-az77-838","name":"@waytrade/microservice-core","msg":"HTTP post /unsubscribe -> 400 (0ms)"}
{"level":20,"time":1628349170600,"pid":5822,"hostname":"fv-az77-838","name":"@waytrade/microservice-core","msg":"HTTP Server on port 37523 stopped"}
{"level":20,"time":1628349170600,"pid":5822,"hostname":"fv-az77-838","name":"@waytrade/microservice-core","msg":"HTTP Server on port 48949 stopped"}
{"level":30,"time":1628349170600,"pid":5822,"hostname":"fv-az77-838","name":"@waytrade/microservice-core","msg":"App stopped."}
{"level":30,"time":1628349170603,"pid":5822,"hostname":"fv-az77-838","name":"@waytrade/microservice-core","msg":"Starting App..."}
{"level":20,"time":1628349170603,"pid":5822,"hostname":"fv-az77-838","name":"@waytrade/microservice-core","msg":"Starting HTTP Server on port 0"}
{"level":20,"time":1628349170603,"pid":5822,"hostname":"fv-az77-838","name":"@waytrade/microservice-core","msg":"HTTP Server listening on port 57351"}
{"level":20,"time":1628349170603,"pid":5822,"hostname":"fv-az77-838","name":"@waytrade/microservice-core","msg":"Starting HTTP Server on port 0"}
{"level":20,"time":1628349170604,"pid":5822,"hostname":"fv-az77-838","name":"@waytrade/microservice-core","msg":"HTTP Server listening on port 58023"}
{"level":30,"time":1628349170604,"pid":5822,"hostname":"fv-az77-838","name":"@waytrade/microservice-core","msg":"API Server started at port 57351"}
{"level":30,"time":1628349170604,"pid":5822,"hostname":"fv-az77-838","name":"@waytrade/microservice-core","msg":"Webhook Callback Server started at port 58023"}
{"level":20,"time":1628349170607,"pid":5822,"hostname":"fv-az77-838","name":"@waytrade/microservice-core","msg":"HTTP post /unsubscribe -> 404 (0ms)"}
{"level":20,"time":1628349170610,"pid":5822,"hostname":"fv-az77-838","name":"@waytrade/microservice-core","msg":"HTTP Server on port 57351 stopped"}
{"level":20,"time":1628349170610,"pid":5822,"hostname":"fv-az77-838","name":"@waytrade/microservice-core","msg":"HTTP Server on port 58023 stopped"}
{"level":30,"time":1628349170610,"pid":5822,"hostname":"fv-az77-838","name":"@waytrade/microservice-core","msg":"App stopped."}
{"level":30,"time":1628349170612,"pid":5822,"hostname":"fv-az77-838","name":"@waytrade/microservice-core","msg":"Starting App..."}
{"level":20,"time":1628349170613,"pid":5822,"hostname":"fv-az77-838","name":"@waytrade/microservice-core","msg":"Starting HTTP Server on port 0"}
{"level":20,"time":1628349170613,"pid":5822,"hostname":"fv-az77-838","name":"@waytrade/microservice-core","msg":"HTTP Server listening on port 33417"}
{"level":20,"time":1628349170613,"pid":5822,"hostname":"fv-az77-838","name":"@waytrade/microservice-core","msg":"Starting HTTP Server on port 0"}
{"level":20,"time":1628349170613,"pid":5822,"hostname":"fv-az77-838","name":"@waytrade/microservice-core","msg":"HTTP Server listening on port 37971"}
{"level":30,"time":1628349170613,"pid":5822,"hostname":"fv-az77-838","name":"@waytrade/microservice-core","msg":"API Server started at port 33417"}
{"level":30,"time":1628349170613,"pid":5822,"hostname":"fv-az77-838","name":"@waytrade/microservice-core","msg":"Webhook Callback Server started at port 37971"}
{"level":20,"time":1628349170617,"pid":5822,"hostname":"fv-az77-838","name":"@waytrade/microservice-core","msg":"HTTP post /subscribe -> 201 (0ms)"}
{"level":20,"time":1628349170630,"pid":5822,"hostname":"fv-az77-838","name":"@waytrade/microservice-core","msg":"HTTP Server on port 33417 stopped"}
{"level":20,"time":1628349170630,"pid":5822,"hostname":"fv-az77-838","name":"@waytrade/microservice-core","msg":"HTTP Server on port 37971 stopped"}
{"level":30,"time":1628349170630,"pid":5822,"hostname":"fv-az77-838","name":"@waytrade/microservice-core","msg":"App stopped."}
{"level":20,"time":1628349170630,"pid":5822,"hostname":"fv-az77-838","name":"@waytrade/microservice-core","msg":"HTTP post /callback -> 200 (0ms)"}
{"level":30,"time":1628349170632,"pid":5822,"hostname":"fv-az77-838","name":"@waytrade/microservice-core","msg":"Starting App..."}
{"level":20,"time":1628349170633,"pid":5822,"hostname":"fv-az77-838","name":"@waytrade/microservice-core","msg":"Starting HTTP Server on port 0"}
{"level":20,"time":1628349170633,"pid":5822,"hostname":"fv-az77-838","name":"@waytrade/microservice-core","msg":"HTTP Server listening on port 33091"}
{"level":20,"time":1628349170633,"pid":5822,"hostname":"fv-az77-838","name":"@waytrade/microservice-core","msg":"Starting HTTP Server on port 0"}
{"level":20,"time":1628349170633,"pid":5822,"hostname":"fv-az77-838","name":"@waytrade/microservice-core","msg":"HTTP Server listening on port 54509"}
{"level":30,"time":1628349170633,"pid":5822,"hostname":"fv-az77-838","name":"@waytrade/microservice-core","msg":"API Server started at port 33091"}
{"level":30,"time":1628349170633,"pid":5822,"hostname":"fv-az77-838","name":"@waytrade/microservice-core","msg":"Webhook Callback Server started at port 54509"}
{"level":20,"time":1628349170651,"pid":5822,"hostname":"fv-az77-838","name":"@waytrade/microservice-core","msg":"HTTP post /subscribe -> 201 (1ms)"}
{"level":20,"time":1628349170659,"pid":5822,"hostname":"fv-az77-838","name":"@waytrade/microservice-core","msg":"HTTP Server on port 33091 stopped"}
{"level":20,"time":1628349170659,"pid":5822,"hostname":"fv-az77-838","name":"@waytrade/microservice-core","msg":"HTTP Server on port 54509 stopped"}
{"level":30,"time":1628349170659,"pid":5822,"hostname":"fv-az77-838","name":"@waytrade/microservice-core","msg":"App stopped."}
{"level":20,"time":1628349170659,"pid":5822,"hostname":"fv-az77-838","name":"@waytrade/microservice-core","msg":"HTTP post /callback -> 200 (1ms)"}
{"level":30,"time":1628349170661,"pid":5822,"hostname":"fv-az77-838","name":"@waytrade/microservice-core","msg":"Starting App..."}
{"level":20,"time":1628349170661,"pid":5822,"hostname":"fv-az77-838","name":"@waytrade/microservice-core","msg":"Starting HTTP Server on port 0"}
{"level":20,"time":1628349170662,"pid":5822,"hostname":"fv-az77-838","name":"@waytrade/microservice-core","msg":"HTTP Server listening on port 35547"}
{"level":20,"time":1628349170662,"pid":5822,"hostname":"fv-az77-838","name":"@waytrade/microservice-core","msg":"Starting HTTP Server on port 0"}
{"level":20,"time":1628349170662,"pid":5822,"hostname":"fv-az77-838","name":"@waytrade/microservice-core","msg":"HTTP Server listening on port 33449"}
{"level":30,"time":1628349170662,"pid":5822,"hostname":"fv-az77-838","name":"@waytrade/microservice-core","msg":"API Server started at port 35547"}
{"level":30,"time":1628349170662,"pid":5822,"hostname":"fv-az77-838","name":"@waytrade/microservice-core","msg":"Webhook Callback Server started at port 33449"}
{"level":20,"time":1628349170668,"pid":5822,"hostname":"fv-az77-838","name":"@waytrade/microservice-core","msg":"HTTP post /subscribe -> 201 (0ms)"}
{"level":20,"time":1628349170678,"pid":5822,"hostname":"fv-az77-838","name":"@waytrade/microservice-core","msg":"HTTP post /callback -> 418 (1ms)"}
{"level":20,"time":1628349170684,"pid":5822,"hostname":"fv-az77-838","name":"@waytrade/microservice-core","msg":"HTTP post /subscribe -> 201 (1ms)"}
{"level":20,"time":1628349170686,"pid":5822,"hostname":"fv-az77-838","name":"@waytrade/microservice-core","msg":"HTTP Server on port 35547 stopped"}
{"level":20,"time":1628349170686,"pid":5822,"hostname":"fv-az77-838","name":"@waytrade/microservice-core","msg":"HTTP Server on port 33449 stopped"}
{"level":30,"time":1628349170686,"pid":5822,"hostname":"fv-az77-838","name":"@waytrade/microservice-core","msg":"App stopped."}
{"level":30,"time":1628349170690,"pid":5822,"hostname":"fv-az77-838","name":"@waytrade/microservice-core","msg":"Starting App..."}
{"level":20,"time":1628349170690,"pid":5822,"hostname":"fv-az77-838","name":"@waytrade/microservice-core","msg":"Starting HTTP Server on port 0"}
{"level":20,"time":1628349170690,"pid":5822,"hostname":"fv-az77-838","name":"@waytrade/microservice-core","msg":"HTTP Server listening on port 38325"}
{"level":20,"time":1628349170691,"pid":5822,"hostname":"fv-az77-838","name":"@waytrade/microservice-core","msg":"Starting HTTP Server on port 0"}
{"level":20,"time":1628349170691,"pid":5822,"hostname":"fv-az77-838","name":"@waytrade/microservice-core","msg":"HTTP Server listening on port 53725"}
{"level":30,"time":1628349170691,"pid":5822,"hostname":"fv-az77-838","name":"@waytrade/microservice-core","msg":"API Server started at port 38325"}
{"level":30,"time":1628349170691,"pid":5822,"hostname":"fv-az77-838","name":"@waytrade/microservice-core","msg":"Webhook Callback Server started at port 53725"}
{"level":20,"time":1628349170694,"pid":5822,"hostname":"fv-az77-838","name":"@waytrade/microservice-core","msg":"HTTP post /subscribe -> 201 (0ms)"}
{"level":20,"time":1628349170700,"pid":5822,"hostname":"fv-az77-838","name":"@waytrade/microservice-core","msg":"HTTP post /subscribe -> 201 (0ms)"}
{"level":20,"time":1628349170703,"pid":5822,"hostname":"fv-az77-838","name":"@waytrade/microservice-core","msg":"HTTP Server on port 38325 stopped"}
{"level":20,"time":1628349170703,"pid":5822,"hostname":"fv-az77-838","name":"@waytrade/microservice-core","msg":"HTTP Server on port 53725 stopped"}
{"level":30,"time":1628349170703,"pid":5822,"hostname":"fv-az77-838","name":"@waytrade/microservice-core","msg":"App stopped."}
{"level":20,"time":1628349171243,"pid":5822,"hostname":"fv-az77-838","name":"@waytrade/microservice-core","msg":"Starting HTTP Server on port 0"}
{"level":20,"time":1628349171244,"pid":5822,"hostname":"fv-az77-838","name":"@waytrade/microservice-core","msg":"HTTP Server listening on port 40183"}
{"level":20,"time":1628349171250,"pid":5822,"hostname":"fv-az77-838","name":"@waytrade/microservice-core","msg":"HTTP get /api/test/ -> 200 (1ms)"}
{"level":20,"time":1628349171252,"pid":5822,"hostname":"fv-az77-838","name":"@waytrade/microservice-core","msg":"HTTP Server on port 40183 stopped"}
{"level":20,"time":1628349171254,"pid":5822,"hostname":"fv-az77-838","name":"@waytrade/microservice-core","msg":"Starting HTTP Server on port 0"}
{"level":20,"time":1628349171254,"pid":5822,"hostname":"fv-az77-838","name":"@waytrade/microservice-core","msg":"HTTP Server listening on port 51685"}
{"level":20,"time":1628349171258,"pid":5822,"hostname":"fv-az77-838","name":"@waytrade/microservice-core","msg":"HTTP get /api/test/error -> 418 (0ms)"}
{"level":20,"time":1628349171260,"pid":5822,"hostname":"fv-az77-838","name":"@waytrade/microservice-core","msg":"HTTP Server on port 51685 stopped"}
{"level":20,"time":1628349171262,"pid":5822,"hostname":"fv-az77-838","name":"@waytrade/microservice-core","msg":"Starting HTTP Server on port 0"}
{"level":20,"time":1628349171262,"pid":5822,"hostname":"fv-az77-838","name":"@waytrade/microservice-core","msg":"HTTP Server listening on port 42067"}
{"level":20,"time":1628349171324,"pid":5822,"hostname":"fv-az77-838","name":"@waytrade/microservice-core","msg":"HTTP get /api/test/serverError -> 500 (46ms)"}
{"level":20,"time":1628349171327,"pid":5822,"hostname":"fv-az77-838","name":"@waytrade/microservice-core","msg":"HTTP Server on port 42067 stopped"}
{"level":20,"time":1628349171328,"pid":5822,"hostname":"fv-az77-838","name":"@waytrade/microservice-core","msg":"Starting HTTP Server on port 0"}
{"level":20,"time":1628349171331,"pid":5822,"hostname":"fv-az77-838","name":"@waytrade/microservice-core","msg":"HTTP Server listening on port 43665"}
{"level":20,"time":1628349171336,"pid":5822,"hostname":"fv-az77-838","name":"@waytrade/microservice-core","msg":"HTTP put /api/test/ -> 200 (1ms)"}
{"level":20,"time":1628349171339,"pid":5822,"hostname":"fv-az77-838","name":"@waytrade/microservice-core","msg":"HTTP Server on port 43665 stopped"}
{"level":20,"time":1628349171341,"pid":5822,"hostname":"fv-az77-838","name":"@waytrade/microservice-core","msg":"Starting HTTP Server on port 0"}
{"level":20,"time":1628349171341,"pid":5822,"hostname":"fv-az77-838","name":"@waytrade/microservice-core","msg":"HTTP Server listening on port 53995"}
{"level":20,"time":1628349171344,"pid":5822,"hostname":"fv-az77-838","name":"@waytrade/microservice-core","msg":"HTTP put /api/test/error -> 418 (0ms)"}
{"level":20,"time":1628349171347,"pid":5822,"hostname":"fv-az77-838","name":"@waytrade/microservice-core","msg":"HTTP Server on port 53995 stopped"}
{"level":20,"time":1628349171348,"pid":5822,"hostname":"fv-az77-838","name":"@waytrade/microservice-core","msg":"Starting HTTP Server on port 0"}
{"level":20,"time":1628349171348,"pid":5822,"hostname":"fv-az77-838","name":"@waytrade/microservice-core","msg":"HTTP Server listening on port 44559"}
{"level":20,"time":1628349171352,"pid":5822,"hostname":"fv-az77-838","name":"@waytrade/microservice-core","msg":"HTTP post /api/test/ -> 200 (0ms)"}
{"level":20,"time":1628349171355,"pid":5822,"hostname":"fv-az77-838","name":"@waytrade/microservice-core","msg":"HTTP Server on port 44559 stopped"}
{"level":20,"time":1628349171356,"pid":5822,"hostname":"fv-az77-838","name":"@waytrade/microservice-core","msg":"Starting HTTP Server on port 0"}
{"level":20,"time":1628349171356,"pid":5822,"hostname":"fv-az77-838","name":"@waytrade/microservice-core","msg":"HTTP Server listening on port 47819"}
{"level":20,"time":1628349171366,"pid":5822,"hostname":"fv-az77-838","name":"@waytrade/microservice-core","msg":"HTTP post /api/test/error -> 418 (1ms)"}
{"level":20,"time":1628349171368,"pid":5822,"hostname":"fv-az77-838","name":"@waytrade/microservice-core","msg":"HTTP Server on port 47819 stopped"}
{"level":20,"time":1628349171369,"pid":5822,"hostname":"fv-az77-838","name":"@waytrade/microservice-core","msg":"Starting HTTP Server on port 0"}
{"level":20,"time":1628349171369,"pid":5822,"hostname":"fv-az77-838","name":"@waytrade/microservice-core","msg":"HTTP Server listening on port 35259"}
{"level":20,"time":1628349171373,"pid":5822,"hostname":"fv-az77-838","name":"@waytrade/microservice-core","msg":"HTTP patch /api/test/ -> 200 (0ms)"}
{"level":20,"time":1628349171375,"pid":5822,"hostname":"fv-az77-838","name":"@waytrade/microservice-core","msg":"HTTP Server on port 35259 stopped"}
{"level":20,"time":1628349171376,"pid":5822,"hostname":"fv-az77-838","name":"@waytrade/microservice-core","msg":"Starting HTTP Server on port 0"}
{"level":20,"time":1628349171377,"pid":5822,"hostname":"fv-az77-838","name":"@waytrade/microservice-core","msg":"HTTP Server listening on port 53737"}
{"level":20,"time":1628349171381,"pid":5822,"hostname":"fv-az77-838","name":"@waytrade/microservice-core","msg":"HTTP patch /api/test/error -> 418 (0ms)"}
{"level":20,"time":1628349171383,"pid":5822,"hostname":"fv-az77-838","name":"@waytrade/microservice-core","msg":"HTTP Server on port 53737 stopped"}
{"level":20,"time":1628349171384,"pid":5822,"hostname":"fv-az77-838","name":"@waytrade/microservice-core","msg":"Starting HTTP Server on port 0"}
{"level":20,"time":1628349171385,"pid":5822,"hostname":"fv-az77-838","name":"@waytrade/microservice-core","msg":"HTTP Server listening on port 54199"}
{"level":20,"time":1628349171388,"pid":5822,"hostname":"fv-az77-838","name":"@waytrade/microservice-core","msg":"HTTP delete /api/test/ -> 200 (1ms)"}
{"level":20,"time":1628349171391,"pid":5822,"hostname":"fv-az77-838","name":"@waytrade/microservice-core","msg":"HTTP Server on port 54199 stopped"}
{"level":20,"time":1628349171392,"pid":5822,"hostname":"fv-az77-838","name":"@waytrade/microservice-core","msg":"Starting HTTP Server on port 0"}
{"level":20,"time":1628349171392,"pid":5822,"hostname":"fv-az77-838","name":"@waytrade/microservice-core","msg":"HTTP Server listening on port 39545"}
{"level":20,"time":1628349171395,"pid":5822,"hostname":"fv-az77-838","name":"@waytrade/microservice-core","msg":"HTTP delete /api/test/error -> 418 (0ms)"}
{"level":20,"time":1628349171397,"pid":5822,"hostname":"fv-az77-838","name":"@waytrade/microservice-core","msg":"HTTP Server on port 39545 stopped"}
{"level":20,"time":1628349171852,"pid":5822,"hostname":"fv-az77-838","name":"@waytrade/microservice-core","msg":"Starting HTTP Server on port 0"}
{"level":20,"time":1628349171852,"pid":5822,"hostname":"fv-az77-838","name":"@waytrade/microservice-core","msg":"HTTP Server listening on port 51871"}
{"level":20,"time":1628349171870,"pid":5822,"hostname":"fv-az77-838","name":"@waytrade/microservice-core","msg":"HTTP get /api/test/ -> 200 (0ms)"}
{"level":20,"time":1628349171872,"pid":5822,"hostname":"fv-az77-838","name":"@waytrade/microservice-core","msg":"HTTP Server on port 51871 stopped"}
{"level":20,"time":1628349171873,"pid":5822,"hostname":"fv-az77-838","name":"@waytrade/microservice-core","msg":"Starting HTTP Server on port 0"}
{"level":20,"time":1628349171874,"pid":5822,"hostname":"fv-az77-838","name":"@waytrade/microservice-core","msg":"HTTP Server listening on port 57907"}
{"level":20,"time":1628349171877,"pid":5822,"hostname":"fv-az77-838","name":"@waytrade/microservice-core","msg":"HTTP get /api/test/notImplemented -> 501 (1ms)"}
{"level":20,"time":1628349171879,"pid":5822,"hostname":"fv-az77-838","name":"@waytrade/microservice-core","msg":"HTTP Server on port 57907 stopped"}
{"level":20,"time":1628349171880,"pid":5822,"hostname":"fv-az77-838","name":"@waytrade/microservice-core","msg":"Starting HTTP Server on port 0"}
{"level":20,"time":1628349171880,"pid":5822,"hostname":"fv-az77-838","name":"@waytrade/microservice-core","msg":"HTTP Server listening on port 49201"}
{"level":20,"time":1628349171884,"pid":5822,"hostname":"fv-az77-838","name":"@waytrade/microservice-core","msg":"HTTP put /api/test/ -> 200 (1ms)"}
{"level":20,"time":1628349171886,"pid":5822,"hostname":"fv-az77-838","name":"@waytrade/microservice-core","msg":"HTTP Server on port 49201 stopped"}
{"level":20,"time":1628349171887,"pid":5822,"hostname":"fv-az77-838","name":"@waytrade/microservice-core","msg":"Starting HTTP Server on port 0"}
{"level":20,"time":1628349171887,"pid":5822,"hostname":"fv-az77-838","name":"@waytrade/microservice-core","msg":"HTTP Server listening on port 42627"}
{"level":20,"time":1628349171890,"pid":5822,"hostname":"fv-az77-838","name":"@waytrade/microservice-core","msg":"HTTP put /api/test/notImplemented -> 501 (0ms)"}
{"level":20,"time":1628349171892,"pid":5822,"hostname":"fv-az77-838","name":"@waytrade/microservice-core","msg":"HTTP Server on port 42627 stopped"}
{"level":20,"time":1628349171893,"pid":5822,"hostname":"fv-az77-838","name":"@waytrade/microservice-core","msg":"Starting HTTP Server on port 0"}
{"level":20,"time":1628349171893,"pid":5822,"hostname":"fv-az77-838","name":"@waytrade/microservice-core","msg":"HTTP Server listening on port 52737"}
{"level":20,"time":1628349171901,"pid":5822,"hostname":"fv-az77-838","name":"@waytrade/microservice-core","msg":"HTTP post /api/test/ -> 200 (1ms)"}
{"level":20,"time":1628349171903,"pid":5822,"hostname":"fv-az77-838","name":"@waytrade/microservice-core","msg":"HTTP Server on port 52737 stopped"}
{"level":20,"time":1628349171904,"pid":5822,"hostname":"fv-az77-838","name":"@waytrade/microservice-core","msg":"Starting HTTP Server on port 0"}
{"level":20,"time":1628349171904,"pid":5822,"hostname":"fv-az77-838","name":"@waytrade/microservice-core","msg":"HTTP Server listening on port 48131"}
{"level":20,"time":1628349171907,"pid":5822,"hostname":"fv-az77-838","name":"@waytrade/microservice-core","msg":"HTTP post /api/test/notImplemented -> 501 (0ms)"}
{"level":20,"time":1628349171909,"pid":5822,"hostname":"fv-az77-838","name":"@waytrade/microservice-core","msg":"HTTP Server on port 48131 stopped"}
{"level":20,"time":1628349171910,"pid":5822,"hostname":"fv-az77-838","name":"@waytrade/microservice-core","msg":"Starting HTTP Server on port 0"}
{"level":20,"time":1628349171910,"pid":5822,"hostname":"fv-az77-838","name":"@waytrade/microservice-core","msg":"HTTP Server listening on port 57701"}
{"level":20,"time":1628349171914,"pid":5822,"hostname":"fv-az77-838","name":"@waytrade/microservice-core","msg":"HTTP patch /api/test/ -> 200 (1ms)"}
{"level":20,"time":1628349171916,"pid":5822,"hostname":"fv-az77-838","name":"@waytrade/microservice-core","msg":"HTTP Server on port 57701 stopped"}
{"level":20,"time":1628349171917,"pid":5822,"hostname":"fv-az77-838","name":"@waytrade/microservice-core","msg":"Starting HTTP Server on port 0"}
{"level":20,"time":1628349171917,"pid":5822,"hostname":"fv-az77-838","name":"@waytrade/microservice-core","msg":"HTTP Server listening on port 60411"}
{"level":20,"time":1628349171920,"pid":5822,"hostname":"fv-az77-838","name":"@waytrade/microservice-core","msg":"HTTP post /api/test/notImplemented -> 501 (1ms)"}
{"level":20,"time":1628349171921,"pid":5822,"hostname":"fv-az77-838","name":"@waytrade/microservice-core","msg":"HTTP Server on port 60411 stopped"}
{"level":20,"time":1628349171923,"pid":5822,"hostname":"fv-az77-838","name":"@waytrade/microservice-core","msg":"Starting HTTP Server on port 0"}
{"level":20,"time":1628349171923,"pid":5822,"hostname":"fv-az77-838","name":"@waytrade/microservice-core","msg":"HTTP Server listening on port 53789"}
{"level":20,"time":1628349171926,"pid":5822,"hostname":"fv-az77-838","name":"@waytrade/microservice-core","msg":"HTTP delete /api/test/ -> 200 (0ms)"}
{"level":20,"time":1628349171928,"pid":5822,"hostname":"fv-az77-838","name":"@waytrade/microservice-core","msg":"HTTP Server on port 53789 stopped"}
{"level":20,"time":1628349171929,"pid":5822,"hostname":"fv-az77-838","name":"@waytrade/microservice-core","msg":"Starting HTTP Server on port 0"}
{"level":20,"time":1628349171929,"pid":5822,"hostname":"fv-az77-838","name":"@waytrade/microservice-core","msg":"HTTP Server listening on port 41127"}
{"level":20,"time":1628349171932,"pid":5822,"hostname":"fv-az77-838","name":"@waytrade/microservice-core","msg":"HTTP post /api/test/notImplemented -> 501 (0ms)"}
{"level":20,"time":1628349171934,"pid":5822,"hostname":"fv-az77-838","name":"@waytrade/microservice-core","msg":"HTTP Server on port 41127 stopped"}
{"level":20,"time":1628349172368,"pid":5822,"hostname":"fv-az77-838","name":"@waytrade/microservice-core","msg":"Debug message"}
{"level":30,"time":1628349172370,"pid":5822,"hostname":"fv-az77-838","name":"@waytrade/microservice-core","msg":"Info message"}
{"level":40,"time":1628349172371,"pid":5822,"hostname":"fv-az77-838","name":"@waytrade/microservice-core","msg":"Warning message"}
{"level":50,"time":1628349172371,"pid":5822,"hostname":"fv-az77-838","name":"@waytrade/microservice-core","msg":"Error message"}
{"level":30,"time":1628349172373,"pid":5822,"hostname":"fv-az77-838","name":"@waytrade/microservice-core","msg":"Info message"}
{"level":40,"time":1628349172374,"pid":5822,"hostname":"fv-az77-838","name":"@waytrade/microservice-core","msg":"Warning message"}
{"level":50,"time":1628349172374,"pid":5822,"hostname":"fv-az77-838","name":"@waytrade/microservice-core","msg":"Error message"}
{"level":40,"time":1628349172376,"pid":5822,"hostname":"fv-az77-838","name":"@waytrade/microservice-core","msg":"Warning message"}
{"level":50,"time":1628349172377,"pid":5822,"hostname":"fv-az77-838","name":"@waytrade/microservice-core","msg":"Error message"}
{"level":50,"time":1628349172385,"pid":5822,"hostname":"fv-az77-838","name":"@waytrade/microservice-core","msg":"Error message"}
{"level":20,"time":1628349172394,"pid":5822,"hostname":"fv-az77-838","name":"@waytrade/microservice-core","msg":"Debug message"}
{"level":30,"time":1628349172395,"pid":5822,"hostname":"fv-az77-838","name":"@waytrade/microservice-core","msg":"Info message"}
{"level":40,"time":1628349172395,"pid":5822,"hostname":"fv-az77-838","name":"@waytrade/microservice-core","msg":"Warning message"}
{"level":50,"time":1628349172396,"pid":5822,"hostname":"fv-az77-838","name":"@waytrade/microservice-core","msg":"Error message"}
{"level":30,"time":1628349172666,"pid":5822,"hostname":"fv-az77-838","name":"@waytrade/microservice-core","msg":"Starting App..."}
{"level":20,"time":1628349172667,"pid":5822,"hostname":"fv-az77-838","name":"@waytrade/microservice-core","msg":"Starting HTTP Server on port 0"}
{"level":20,"time":1628349172667,"pid":5822,"hostname":"fv-az77-838","name":"@waytrade/microservice-core","msg":"HTTP Server listening on port 38479"}
{"level":30,"time":1628349172667,"pid":5822,"hostname":"fv-az77-838","name":"@waytrade/microservice-core","msg":"API Server started at port 38479"}
{"level":20,"time":1628349172674,"pid":5822,"hostname":"fv-az77-838","name":"@waytrade/microservice-core","msg":"HTTP Server on port 38479 stopped"}
{"level":30,"time":1628349172674,"pid":5822,"hostname":"fv-az77-838","name":"@waytrade/microservice-core","msg":"App stopped."}
{"level":30,"time":1628349172676,"pid":5822,"hostname":"fv-az77-838","name":"@waytrade/microservice-core","msg":"Starting App..."}
{"level":20,"time":1628349172678,"pid":5822,"hostname":"fv-az77-838","name":"@waytrade/microservice-core","msg":"Starting HTTP Server on port 0"}
{"level":20,"time":1628349172678,"pid":5822,"hostname":"fv-az77-838","name":"@waytrade/microservice-core","msg":"HTTP Server listening on port 51489"}
{"level":30,"time":1628349172678,"pid":5822,"hostname":"fv-az77-838","name":"@waytrade/microservice-core","msg":"API Server started at port 51489"}
{"level":20,"time":1628349172678,"pid":5822,"hostname":"fv-az77-838","name":"@waytrade/microservice-core","msg":"HTTP Server on port 51489 stopped"}
{"level":30,"time":1628349172678,"pid":5822,"hostname":"fv-az77-838","name":"@waytrade/microservice-core","msg":"App stopped."}
{"level":30,"time":1628349172680,"pid":5822,"hostname":"fv-az77-838","name":"@waytrade/microservice-core","msg":"Starting App..."}
{"level":20,"time":1628349172681,"pid":5822,"hostname":"fv-az77-838","name":"@waytrade/microservice-core","msg":"Starting HTTP Server on port 0"}
{"level":20,"time":1628349172681,"pid":5822,"hostname":"fv-az77-838","name":"@waytrade/microservice-core","msg":"HTTP Server listening on port 51929"}
{"level":30,"time":1628349172681,"pid":5822,"hostname":"fv-az77-838","name":"@waytrade/microservice-core","msg":"API Server started at port 51929"}
{"level":20,"time":1628349172681,"pid":5822,"hostname":"fv-az77-838","name":"@waytrade/microservice-core","msg":"HTTP Server on port 51929 stopped"}
{"level":30,"time":1628349172681,"pid":5822,"hostname":"fv-az77-838","name":"@waytrade/microservice-core","msg":"App stopped."}
{"level":30,"time":1628349172683,"pid":5822,"hostname":"fv-az77-838","name":"@waytrade/microservice-core","msg":"Starting App..."}
{"level":20,"time":1628349172683,"pid":5822,"hostname":"fv-az77-838","name":"@waytrade/microservice-core","msg":"Starting HTTP Server on port 0"}
{"level":20,"time":1628349172683,"pid":5822,"hostname":"fv-az77-838","name":"@waytrade/microservice-core","msg":"HTTP Server listening on port 53291"}
{"level":30,"time":1628349172683,"pid":5822,"hostname":"fv-az77-838","name":"@waytrade/microservice-core","msg":"API Server started at port 53291"}
{"level":20,"time":1628349172684,"pid":5822,"hostname":"fv-az77-838","name":"@waytrade/microservice-core","msg":"HTTP Server on port 53291 stopped"}
{"level":30,"time":1628349172684,"pid":5822,"hostname":"fv-az77-838","name":"@waytrade/microservice-core","msg":"App stopped."}
{"level":30,"time":1628349172685,"pid":5822,"hostname":"fv-az77-838","name":"@waytrade/microservice-core","msg":"Starting App..."}
{"level":20,"time":1628349172686,"pid":5822,"hostname":"fv-az77-838","name":"@waytrade/microservice-core","msg":"Starting HTTP Server on port 0"}
{"level":20,"time":1628349172686,"pid":5822,"hostname":"fv-az77-838","name":"@waytrade/microservice-core","msg":"HTTP Server listening on port 38411"}
{"level":30,"time":1628349172687,"pid":5822,"hostname":"fv-az77-838","name":"@waytrade/microservice-core","msg":"API Server started at port 38411"}
{"level":20,"time":1628349172687,"pid":5822,"hostname":"fv-az77-838","name":"@waytrade/microservice-core","msg":"HTTP Server on port 38411 stopped"}
{"level":30,"time":1628349172687,"pid":5822,"hostname":"fv-az77-838","name":"@waytrade/microservice-core","msg":"App stopped."}
{"level":30,"time":1628349172689,"pid":5822,"hostname":"fv-az77-838","name":"@waytrade/microservice-core","msg":"Starting App..."}
{"level":20,"time":1628349172690,"pid":5822,"hostname":"fv-az77-838","name":"@waytrade/microservice-core","msg":"Starting HTTP Server on port 0"}
{"level":20,"time":1628349172690,"pid":5822,"hostname":"fv-az77-838","name":"@waytrade/microservice-core","msg":"HTTP Server listening on port 38683"}
{"level":30,"time":1628349172690,"pid":5822,"hostname":"fv-az77-838","name":"@waytrade/microservice-core","msg":"API Server started at port 38683"}
{"level":20,"time":1628349172694,"pid":5822,"hostname":"fv-az77-838","name":"@waytrade/microservice-core","msg":"HTTP get /test/get/ -> 200 (0ms)"}
{"level":20,"time":1628349172696,"pid":5822,"hostname":"fv-az77-838","name":"@waytrade/microservice-core","msg":"HTTP Server on port 38683 stopped"}
{"level":30,"time":1628349172696,"pid":5822,"hostname":"fv-az77-838","name":"@waytrade/microservice-core","msg":"App stopped."}
{"level":30,"time":1628349172698,"pid":5822,"hostname":"fv-az77-838","name":"@waytrade/microservice-core","msg":"Starting App..."}
{"level":20,"time":1628349172699,"pid":5822,"hostname":"fv-az77-838","name":"@waytrade/microservice-core","msg":"Starting HTTP Server on port 0"}
{"level":20,"time":1628349172699,"pid":5822,"hostname":"fv-az77-838","name":"@waytrade/microservice-core","msg":"HTTP Server listening on port 54987"}
{"level":30,"time":1628349172699,"pid":5822,"hostname":"fv-az77-838","name":"@waytrade/microservice-core","msg":"API Server started at port 54987"}
{"level":20,"time":1628349172699,"pid":5822,"hostname":"fv-az77-838","name":"@waytrade/microservice-core","msg":"Debug message"}
{"level":30,"time":1628349172699,"pid":5822,"hostname":"fv-az77-838","name":"@waytrade/microservice-core","msg":"Info message"}
{"level":40,"time":1628349172699,"pid":5822,"hostname":"fv-az77-838","name":"@waytrade/microservice-core","msg":"Warning message"}
{"level":50,"time":1628349172699,"pid":5822,"hostname":"fv-az77-838","name":"@waytrade/microservice-core","msg":"Error message"}
{"level":20,"time":1628349172699,"pid":5822,"hostname":"fv-az77-838","name":"@waytrade/microservice-core","msg":"HTTP Server on port 54987 stopped"}
{"level":30,"time":1628349172700,"pid":5822,"hostname":"fv-az77-838","name":"@waytrade/microservice-core","msg":"App stopped."}
{"level":30,"time":1628349172960,"pid":5822,"hostname":"fv-az77-838","name":"@waytrade/microservice-core","msg":"Starting App..."}
{"level":20,"time":1628349172961,"pid":5822,"hostname":"fv-az77-838","name":"@waytrade/microservice-core","msg":"Starting HTTP Server on port 0"}
{"level":20,"time":1628349172961,"pid":5822,"hostname":"fv-az77-838","name":"@waytrade/microservice-core","msg":"HTTP Server listening on port 33967"}
{"level":20,"time":1628349172961,"pid":5822,"hostname":"fv-az77-838","name":"@waytrade/microservice-core","msg":"Starting HTTP Server on port 0"}
{"level":20,"time":1628349172962,"pid":5822,"hostname":"fv-az77-838","name":"@waytrade/microservice-core","msg":"HTTP Server listening on port 44347"}
{"level":30,"time":1628349172962,"pid":5822,"hostname":"fv-az77-838","name":"@waytrade/microservice-core","msg":"API Server started at port 33967"}
{"level":30,"time":1628349172962,"pid":5822,"hostname":"fv-az77-838","name":"@waytrade/microservice-core","msg":"Webhook Callback Server started at port 44347"}
{"level":20,"time":1628349172962,"pid":5822,"hostname":"fv-az77-838","name":"@waytrade/microservice-core","msg":"HTTP Server on port 33967 stopped"}
{"level":20,"time":1628349172963,"pid":5822,"hostname":"fv-az77-838","name":"@waytrade/microservice-core","msg":"HTTP Server on port 44347 stopped"}
{"level":30,"time":1628349172963,"pid":5822,"hostname":"fv-az77-838","name":"@waytrade/microservice-core","msg":"App stopped."}
{"level":30,"time":1628349172965,"pid":5822,"hostname":"fv-az77-838","name":"@waytrade/microservice-core","msg":"Starting App..."}
{"level":20,"time":1628349172965,"pid":5822,"hostname":"fv-az77-838","name":"@waytrade/microservice-core","msg":"Starting HTTP Server on port 0"}
{"level":20,"time":1628349172966,"pid":5822,"hostname":"fv-az77-838","name":"@waytrade/microservice-core","msg":"HTTP Server listening on port 48285"}
{"level":20,"time":1628349172966,"pid":5822,"hostname":"fv-az77-838","name":"@waytrade/microservice-core","msg":"Starting HTTP Server on port 0"}
{"level":20,"time":1628349172966,"pid":5822,"hostname":"fv-az77-838","name":"@waytrade/microservice-core","msg":"HTTP Server listening on port 56377"}
{"level":30,"time":1628349172966,"pid":5822,"hostname":"fv-az77-838","name":"@waytrade/microservice-core","msg":"API Server started at port 48285"}
{"level":30,"time":1628349172966,"pid":5822,"hostname":"fv-az77-838","name":"@waytrade/microservice-core","msg":"Webhook Callback Server started at port 56377"}
{"level":20,"time":1628349172967,"pid":5822,"hostname":"fv-az77-838","name":"@waytrade/microservice-core","msg":"HTTP Server on port 48285 stopped"}
{"level":20,"time":1628349172967,"pid":5822,"hostname":"fv-az77-838","name":"@waytrade/microservice-core","msg":"HTTP Server on port 56377 stopped"}
{"level":30,"time":1628349172967,"pid":5822,"hostname":"fv-az77-838","name":"@waytrade/microservice-core","msg":"App stopped."}
{"level":30,"time":1628349172970,"pid":5822,"hostname":"fv-az77-838","name":"@waytrade/microservice-core","msg":"Starting App..."}
{"level":20,"time":1628349172970,"pid":5822,"hostname":"fv-az77-838","name":"@waytrade/microservice-core","msg":"Starting HTTP Server on port 0"}
{"level":20,"time":1628349172970,"pid":5822,"hostname":"fv-az77-838","name":"@waytrade/microservice-core","msg":"HTTP Server listening on port 53423"}
{"level":20,"time":1628349172970,"pid":5822,"hostname":"fv-az77-838","name":"@waytrade/microservice-core","msg":"Starting HTTP Server on port 0"}
{"level":20,"time":1628349172970,"pid":5822,"hostname":"fv-az77-838","name":"@waytrade/microservice-core","msg":"HTTP Server listening on port 51657"}
{"level":20,"time":1628349172971,"pid":5822,"hostname":"fv-az77-838","name":"@waytrade/microservice-core","msg":"HTTP Server on port 53423 stopped"}
{"level":20,"time":1628349172971,"pid":5822,"hostname":"fv-az77-838","name":"@waytrade/microservice-core","msg":"HTTP Server on port 51657 stopped"}
{"level":30,"time":1628349172971,"pid":5822,"hostname":"fv-az77-838","name":"@waytrade/microservice-core","msg":"App stopped."}
{"level":30,"time":1628349172972,"pid":5822,"hostname":"fv-az77-838","name":"@waytrade/microservice-core","msg":"Starting App..."}
{"level":20,"time":1628349172973,"pid":5822,"hostname":"fv-az77-838","name":"@waytrade/microservice-core","msg":"Starting HTTP Server on port 0"}
{"level":20,"time":1628349172973,"pid":5822,"hostname":"fv-az77-838","name":"@waytrade/microservice-core","msg":"HTTP Server listening on port 54179"}
{"level":20,"time":1628349172973,"pid":5822,"hostname":"fv-az77-838","name":"@waytrade/microservice-core","msg":"Starting HTTP Server on port 0"}
{"level":20,"time":1628349172973,"pid":5822,"hostname":"fv-az77-838","name":"@waytrade/microservice-core","msg":"HTTP Server listening on port 46839"}
{"level":20,"time":1628349172974,"pid":5822,"hostname":"fv-az77-838","name":"@waytrade/microservice-core","msg":"HTTP Server on port 54179 stopped"}
{"level":20,"time":1628349172974,"pid":5822,"hostname":"fv-az77-838","name":"@waytrade/microservice-core","msg":"HTTP Server on port 46839 stopped"}
{"level":30,"time":1628349172974,"pid":5822,"hostname":"fv-az77-838","name":"@waytrade/microservice-core","msg":"App stopped."}
{"level":30,"time":1628349172975,"pid":5822,"hostname":"fv-az77-838","name":"@waytrade/microservice-core","msg":"Starting App..."}
{"level":20,"time":1628349172976,"pid":5822,"hostname":"fv-az77-838","name":"@waytrade/microservice-core","msg":"Starting HTTP Server on port 0"}
{"level":20,"time":1628349172976,"pid":5822,"hostname":"fv-az77-838","name":"@waytrade/microservice-core","msg":"HTTP Server listening on port 46615"}
{"level":20,"time":1628349172976,"pid":5822,"hostname":"fv-az77-838","name":"@waytrade/microservice-core","msg":"Starting HTTP Server on port 0"}
{"level":20,"time":1628349172976,"pid":5822,"hostname":"fv-az77-838","name":"@waytrade/microservice-core","msg":"HTTP Server listening on port 49025"}
{"level":20,"time":1628349172976,"pid":5822,"hostname":"fv-az77-838","name":"@waytrade/microservice-core","msg":"HTTP Server on port 46615 stopped"}
{"level":20,"time":1628349172976,"pid":5822,"hostname":"fv-az77-838","name":"@waytrade/microservice-core","msg":"HTTP Server on port 49025 stopped"}
{"level":30,"time":1628349172976,"pid":5822,"hostname":"fv-az77-838","name":"@waytrade/microservice-core","msg":"App stopped."}
{"level":30,"time":1628349172978,"pid":5822,"hostname":"fv-az77-838","name":"@waytrade/microservice-core","msg":"Starting App..."}
{"level":20,"time":1628349172979,"pid":5822,"hostname":"fv-az77-838","name":"@waytrade/microservice-core","msg":"Starting HTTP Server on port 0"}
{"level":20,"time":1628349172979,"pid":5822,"hostname":"fv-az77-838","name":"@waytrade/microservice-core","msg":"HTTP Server listening on port 48193"}
{"level":20,"time":1628349172979,"pid":5822,"hostname":"fv-az77-838","name":"@waytrade/microservice-core","msg":"Starting HTTP Server on port 0"}
{"level":20,"time":1628349172979,"pid":5822,"hostname":"fv-az77-838","name":"@waytrade/microservice-core","msg":"HTTP Server listening on port 33329"}
{"level":20,"time":1628349172979,"pid":5822,"hostname":"fv-az77-838","name":"@waytrade/microservice-core","msg":"HTTP Server on port 48193 stopped"}
{"level":20,"time":1628349172979,"pid":5822,"hostname":"fv-az77-838","name":"@waytrade/microservice-core","msg":"HTTP Server on port 33329 stopped"}
{"level":30,"time":1628349172979,"pid":5822,"hostname":"fv-az77-838","name":"@waytrade/microservice-core","msg":"App stopped."}
{"level":30,"time":1628349173244,"pid":5822,"hostname":"fv-az77-838","name":"@waytrade/microservice-core","msg":"Starting App..."}
{"level":20,"time":1628349173245,"pid":5822,"hostname":"fv-az77-838","name":"@waytrade/microservice-core","msg":"Starting HTTP Server on port 0"}
{"level":20,"time":1628349173245,"pid":5822,"hostname":"fv-az77-838","name":"@waytrade/microservice-core","msg":"HTTP Server listening on port 39867"}
{"level":30,"time":1628349173245,"pid":5822,"hostname":"fv-az77-838","name":"@waytrade/microservice-core","msg":"API Server started at port 39867"}
{"level":20,"time":1628349173246,"pid":5822,"hostname":"fv-az77-838","name":"@waytrade/microservice-core","msg":"HTTP Server on port 39867 stopped"}
{"level":30,"time":1628349173246,"pid":5822,"hostname":"fv-az77-838","name":"@waytrade/microservice-core","msg":"App stopped."}
{"level":30,"time":1628349173248,"pid":5822,"hostname":"fv-az77-838","name":"@waytrade/microservice-core","msg":"Starting App..."}
{"level":20,"time":1628349173249,"pid":5822,"hostname":"fv-az77-838","name":"@waytrade/microservice-core","msg":"Starting HTTP Server on port 0"}
{"level":20,"time":1628349173249,"pid":5822,"hostname":"fv-az77-838","name":"@waytrade/microservice-core","msg":"HTTP Server listening on port 59435"}
{"level":30,"time":1628349173249,"pid":5822,"hostname":"fv-az77-838","name":"@waytrade/microservice-core","msg":"API Server started at port 59435"}
{"level":20,"time":1628349173250,"pid":5822,"hostname":"fv-az77-838","name":"@waytrade/microservice-core","msg":"HTTP Server on port 59435 stopped"}
{"level":30,"time":1628349173250,"pid":5822,"hostname":"fv-az77-838","name":"@waytrade/microservice-core","msg":"App stopped."}
{"level":30,"time":1628349173252,"pid":5822,"hostname":"fv-az77-838","name":"@waytrade/microservice-core","msg":"Starting App..."}
{"level":20,"time":1628349173253,"pid":5822,"hostname":"fv-az77-838","name":"@waytrade/microservice-core","msg":"Starting HTTP Server on port 0"}
{"level":20,"time":1628349173253,"pid":5822,"hostname":"fv-az77-838","name":"@waytrade/microservice-core","msg":"HTTP Server listening on port 35565"}
{"level":20,"time":1628349173253,"pid":5822,"hostname":"fv-az77-838","name":"@waytrade/microservice-core","msg":"HTTP Server on port 35565 stopped"}
{"level":30,"time":1628349173253,"pid":5822,"hostname":"fv-az77-838","name":"@waytrade/microservice-core","msg":"App stopped."}
{"level":30,"time":1628349173255,"pid":5822,"hostname":"fv-az77-838","name":"@waytrade/microservice-core","msg":"Starting App..."}
{"level":20,"time":1628349173255,"pid":5822,"hostname":"fv-az77-838","name":"@waytrade/microservice-core","msg":"Starting HTTP Server on port 0"}
{"level":20,"time":1628349173256,"pid":5822,"hostname":"fv-az77-838","name":"@waytrade/microservice-core","msg":"HTTP Server listening on port 56015"}
{"level":20,"time":1628349173256,"pid":5822,"hostname":"fv-az77-838","name":"@waytrade/microservice-core","msg":"HTTP Server on port 56015 stopped"}
{"level":30,"time":1628349173256,"pid":5822,"hostname":"fv-az77-838","name":"@waytrade/microservice-core","msg":"App stopped."}
{"level":30,"time":1628349173258,"pid":5822,"hostname":"fv-az77-838","name":"@waytrade/microservice-core","msg":"Starting App..."}
{"level":20,"time":1628349173258,"pid":5822,"hostname":"fv-az77-838","name":"@waytrade/microservice-core","msg":"Starting HTTP Server on port 0"}
{"level":20,"time":1628349173258,"pid":5822,"hostname":"fv-az77-838","name":"@waytrade/microservice-core","msg":"HTTP Server listening on port 33385"}
{"level":20,"time":1628349173258,"pid":5822,"hostname":"fv-az77-838","name":"@waytrade/microservice-core","msg":"HTTP Server on port 33385 stopped"}
{"level":30,"time":1628349173258,"pid":5822,"hostname":"fv-az77-838","name":"@waytrade/microservice-core","msg":"App stopped."}
{"level":30,"time":1628349173260,"pid":5822,"hostname":"fv-az77-838","name":"@waytrade/microservice-core","msg":"Starting App..."}
{"level":20,"time":1628349173261,"pid":5822,"hostname":"fv-az77-838","name":"@waytrade/microservice-core","msg":"Starting HTTP Server on port 0"}
{"level":20,"time":1628349173261,"pid":5822,"hostname":"fv-az77-838","name":"@waytrade/microservice-core","msg":"HTTP Server listening on port 52945"}
{"level":20,"time":1628349173261,"pid":5822,"hostname":"fv-az77-838","name":"@waytrade/microservice-core","msg":"HTTP Server on port 52945 stopped"}
{"level":30,"time":1628349173261,"pid":5822,"hostname":"fv-az77-838","name":"@waytrade/microservice-core","msg":"App stopped."}
{"level":20,"time":1628349173588,"pid":5822,"hostname":"fv-az77-838","name":"@waytrade/microservice-core","msg":"Starting HTTP Server on port 0"}
{"level":20,"time":1628349173594,"pid":5822,"hostname":"fv-az77-838","name":"@waytrade/microservice-core","msg":"HTTP Server listening on port 43823"}
{"level":20,"time":1628349173616,"pid":5822,"hostname":"fv-az77-838","name":"@waytrade/microservice-core","msg":"HTTP Server on port 43823 stopped"}
{"level":20,"time":1628349173618,"pid":5822,"hostname":"fv-az77-838","name":"@waytrade/microservice-core","msg":"Starting HTTP Server on port 0"}
{"level":20,"time":1628349173618,"pid":5822,"hostname":"fv-az77-838","name":"@waytrade/microservice-core","msg":"HTTP Server listening on port 43835"}
{"level":50,"time":1628349173625,"pid":5822,"hostname":"fv-az77-838","name":"@waytrade/microservice-core","msg":"Binary data on websocket not supported."}
{"level":20,"time":1628349173627,"pid":5822,"hostname":"fv-az77-838","name":"@waytrade/microservice-core","msg":"HTTP Server on port 43835 stopped"}
{"level":20,"time":1628349173628,"pid":5822,"hostname":"fv-az77-838","name":"@waytrade/microservice-core","msg":"Starting HTTP Server on port 0"}
{"level":20,"time":1628349173628,"pid":5822,"hostname":"fv-az77-838","name":"@waytrade/microservice-core","msg":"HTTP Server listening on port 47265"}
{"level":20,"time":1628349173631,"pid":5822,"hostname":"fv-az77-838","name":"@waytrade/microservice-core","msg":"HTTP Server on port 47265 stopped"}
{"level":20,"time":1628349173631,"pid":5822,"hostname":"fv-az77-838","name":"@waytrade/microservice-core","msg":"HTTP Server on port -1 stopped"}
{"level":20,"time":1628349173633,"pid":5822,"hostname":"fv-az77-838","name":"@waytrade/microservice-core","msg":"Starting HTTP Server on port 0"}
{"level":20,"time":1628349173633,"pid":5822,"hostname":"fv-az77-838","name":"@waytrade/microservice-core","msg":"HTTP Server listening on port 34717"}
{"level":20,"time":1628349174644,"pid":5822,"hostname":"fv-az77-838","name":"@waytrade/microservice-core","msg":"HTTP Server on port 34717 stopped"}
{"level":20,"time":1628349174646,"pid":5822,"hostname":"fv-az77-838","name":"@waytrade/microservice-core","msg":"Starting HTTP Server on port 0"}
{"level":20,"time":1628349174646,"pid":5822,"hostname":"fv-az77-838","name":"@waytrade/microservice-core","msg":"HTTP Server listening on port 56753"}
{"level":20,"time":1628349174806,"pid":5822,"hostname":"fv-az77-838","name":"@waytrade/microservice-core","msg":"HTTP Server on port 56753 stopped"}
{"level":20,"time":1628349174807,"pid":5822,"hostname":"fv-az77-838","name":"@waytrade/microservice-core","msg":"Starting HTTP Server on port 0"}
{"level":20,"time":1628349174808,"pid":5822,"hostname":"fv-az77-838","name":"@waytrade/microservice-core","msg":"HTTP Server listening on port 35161"}
{"level":20,"time":1628349175094,"pid":5822,"hostname":"fv-az77-838","name":"@waytrade/microservice-core","msg":"HTTP Server on port 35161 stopped"}
{"level":30,"time":1628349175351,"pid":5822,"hostname":"fv-az77-838","name":"@waytrade/microservice-core","msg":"Starting App..."}
{"level":20,"time":1628349175351,"pid":5822,"hostname":"fv-az77-838","name":"@waytrade/microservice-core","msg":"Starting HTTP Server on port 0"}
{"level":20,"time":1628349175351,"pid":5822,"hostname":"fv-az77-838","name":"@waytrade/microservice-core","msg":"HTTP Server listening on port 34131"}
{"level":30,"time":1628349175352,"pid":5822,"hostname":"fv-az77-838","name":"@waytrade/microservice-core","msg":"API Server started at port 34131"}
{"level":20,"time":1628349175352,"pid":5822,"hostname":"fv-az77-838","name":"@waytrade/microservice-core","msg":"HTTP Server on port 34131 stopped"}
{"level":30,"time":1628349175353,"pid":5822,"hostname":"fv-az77-838","name":"@waytrade/microservice-core","msg":"App stopped."}
{"level":30,"time":1628349175355,"pid":5822,"hostname":"fv-az77-838","name":"@waytrade/microservice-core","msg":"Starting App..."}
{"level":20,"time":1628349175355,"pid":5822,"hostname":"fv-az77-838","name":"@waytrade/microservice-core","msg":"Starting HTTP Server on port 0"}
{"level":20,"time":1628349175355,"pid":5822,"hostname":"fv-az77-838","name":"@waytrade/microservice-core","msg":"HTTP Server listening on port 40745"}
{"level":30,"time":1628349175356,"pid":5822,"hostname":"fv-az77-838","name":"@waytrade/microservice-core","msg":"API Server started at port 40745"}
{"level":20,"time":1628349175356,"pid":5822,"hostname":"fv-az77-838","name":"@waytrade/microservice-core","msg":"HTTP Server on port 40745 stopped"}
{"level":30,"time":1628349175356,"pid":5822,"hostname":"fv-az77-838","name":"@waytrade/microservice-core","msg":"App stopped."}
{"level":30,"time":1628349175359,"pid":5822,"hostname":"fv-az77-838","name":"@waytrade/microservice-core","msg":"Starting App..."}
{"level":30,"time":1628349175359,"pid":5822,"hostname":"fv-az77-838","name":"@waytrade/microservice-core","msg":"App stopped."}
{"level":30,"time":1628349175361,"pid":5822,"hostname":"fv-az77-838","name":"@waytrade/microservice-core","msg":"Starting App..."}
{"level":30,"time":1628349175362,"pid":5822,"hostname":"fv-az77-838","name":"@waytrade/microservice-core","msg":"App stopped."}
{"level":30,"time":1628349175382,"pid":5822,"hostname":"fv-az77-838","name":"@waytrade/microservice-core","msg":"Starting App..."}
{"level":30,"time":1628349175383,"pid":5822,"hostname":"fv-az77-838","name":"@waytrade/microservice-core","msg":"App stopped."}
{"level":30,"time":1628349175385,"pid":5822,"hostname":"fv-az77-838","name":"@waytrade/microservice-core","msg":"Starting App..."}
{"level":30,"time":1628349175386,"pid":5822,"hostname":"fv-az77-838","name":"@waytrade/microservice-core","msg":"App stopped."}
{"level":20,"time":1628349175674,"pid":5822,"hostname":"fv-az77-838","name":"@waytrade/microservice-core","msg":"Starting HTTP Server on port 0"}
{"level":20,"time":1628349175675,"pid":5822,"hostname":"fv-az77-838","name":"@waytrade/microservice-core","msg":"HTTP Server listening on port 34495"}
{"level":20,"time":1628349175675,"pid":5822,"hostname":"fv-az77-838","name":"@waytrade/microservice-core","msg":"HTTP Server on port 34495 stopped"}
{"level":20,"time":1628349175676,"pid":5822,"hostname":"fv-az77-838","name":"@waytrade/microservice-core","msg":"Starting HTTP Server on port 3999"}
{"level":20,"time":1628349175676,"pid":5822,"hostname":"fv-az77-838","name":"@waytrade/microservice-core","msg":"HTTP Server listening on port 3999"}
{"level":20,"time":1628349175677,"pid":5822,"hostname":"fv-az77-838","name":"@waytrade/microservice-core","msg":"HTTP Server on port 3999 stopped"}
{"level":20,"time":1628349175678,"pid":5822,"hostname":"fv-az77-838","name":"@waytrade/microservice-core","msg":"Starting HTTP Server on port 0"}
{"level":20,"time":1628349175678,"pid":5822,"hostname":"fv-az77-838","name":"@waytrade/microservice-core","msg":"HTTP Server listening on port 37743"}
{"level":20,"time":1628349175683,"pid":5822,"hostname":"fv-az77-838","name":"@waytrade/microservice-core","msg":"/some/invalid/path not found."}
{"level":20,"time":1628349175686,"pid":5822,"hostname":"fv-az77-838","name":"@waytrade/microservice-core","msg":"HTTP Server on port 37743 stopped"}
{"level":20,"time":1628349175687,"pid":5822,"hostname":"fv-az77-838","name":"@waytrade/microservice-core","msg":"Starting HTTP Server on port 0"}
{"level":20,"time":1628349175687,"pid":5822,"hostname":"fv-az77-838","name":"@waytrade/microservice-core","msg":"HTTP Server listening on port 60315"}
{"level":20,"time":1628349175699,"pid":5822,"hostname":"fv-az77-838","name":"@waytrade/microservice-core","msg":"HTTP Server on port 60315 stopped"}
{"level":20,"time":1628349175700,"pid":5822,"hostname":"fv-az77-838","name":"@waytrade/microservice-core","msg":"Starting HTTP Server on port 0"}
{"level":20,"time":1628349175701,"pid":5822,"hostname":"fv-az77-838","name":"@waytrade/microservice-core","msg":"HTTP Server listening on port 40379"}
{"level":20,"time":1628349175706,"pid":5822,"hostname":"fv-az77-838","name":"@waytrade/microservice-core","msg":"HTTP Server on port 40379 stopped"}
{"level":20,"time":1628349175707,"pid":5822,"hostname":"fv-az77-838","name":"@waytrade/microservice-core","msg":"Starting HTTP Server on port 0"}
{"level":20,"time":1628349175707,"pid":5822,"hostname":"fv-az77-838","name":"@waytrade/microservice-core","msg":"HTTP Server listening on port 38571"}
{"level":20,"time":1628349175710,"pid":5822,"hostname":"fv-az77-838","name":"@waytrade/microservice-core","msg":"HTTP get /api/dummy/customResponseHeader -> 200 (0ms)"}
{"level":20,"time":1628349175713,"pid":5822,"hostname":"fv-az77-838","name":"@waytrade/microservice-core","msg":"HTTP Server on port 38571 stopped"}
{"level":30,"time":1628349175962,"pid":5822,"hostname":"fv-az77-838","name":"@waytrade/microservice-core","msg":"Starting App..."}
{"level":20,"time":1628349175963,"pid":5822,"hostname":"fv-az77-838","name":"@waytrade/microservice-core","msg":"Starting HTTP Server on port 0"}
{"level":20,"time":1628349175963,"pid":5822,"hostname":"fv-az77-838","name":"@waytrade/microservice-core","msg":"HTTP Server listening on port 48089"}
{"level":20,"time":1628349175963,"pid":5822,"hostname":"fv-az77-838","name":"@waytrade/microservice-core","msg":"Starting HTTP Server on port 0"}
{"level":20,"time":1628349175963,"pid":5822,"hostname":"fv-az77-838","name":"@waytrade/microservice-core","msg":"HTTP Server listening on port 39919"}
{"level":30,"time":1628349175963,"pid":5822,"hostname":"fv-az77-838","name":"@waytrade/microservice-core","msg":"API Server started at port 48089"}
{"level":30,"time":1628349175963,"pid":5822,"hostname":"fv-az77-838","name":"@waytrade/microservice-core","msg":"Webhook Callback Server started at port 39919"}
{"level":20,"time":1628349175975,"pid":5822,"hostname":"fv-az77-838","name":"@waytrade/microservice-core","msg":"HTTP get /api/ -> 200 (0ms)"}
{"level":20,"time":1628349175978,"pid":5822,"hostname":"fv-az77-838","name":"@waytrade/microservice-core","msg":"HTTP Server on port 48089 stopped"}
{"level":20,"time":1628349175978,"pid":5822,"hostname":"fv-az77-838","name":"@waytrade/microservice-core","msg":"HTTP Server on port 39919 stopped"}
{"level":30,"time":1628349175978,"pid":5822,"hostname":"fv-az77-838","name":"@waytrade/microservice-core","msg":"App stopped."}
{"level":30,"time":1628349175980,"pid":5822,"hostname":"fv-az77-838","name":"@waytrade/microservice-core","msg":"Starting App..."}
{"level":20,"time":1628349175981,"pid":5822,"hostname":"fv-az77-838","name":"@waytrade/microservice-core","msg":"Starting HTTP Server on port 0"}
{"level":20,"time":1628349175981,"pid":5822,"hostname":"fv-az77-838","name":"@waytrade/microservice-core","msg":"HTTP Server listening on port 60241"}
{"level":20,"time":1628349175981,"pid":5822,"hostname":"fv-az77-838","name":"@waytrade/microservice-core","msg":"Starting HTTP Server on port 0"}
{"level":20,"time":1628349175981,"pid":5822,"hostname":"fv-az77-838","name":"@waytrade/microservice-core","msg":"HTTP Server listening on port 42015"}
{"level":30,"time":1628349175981,"pid":5822,"hostname":"fv-az77-838","name":"@waytrade/microservice-core","msg":"API Server started at port 60241"}
{"level":30,"time":1628349175981,"pid":5822,"hostname":"fv-az77-838","name":"@waytrade/microservice-core","msg":"Webhook Callback Server started at port 42015"}
{"level":20,"time":1628349175984,"pid":5822,"hostname":"fv-az77-838","name":"@waytrade/microservice-core","msg":"HTTP get / -> 200 (0ms)"}
{"level":20,"time":1628349175986,"pid":5822,"hostname":"fv-az77-838","name":"@waytrade/microservice-core","msg":"HTTP Server on port 60241 stopped"}
{"level":20,"time":1628349175986,"pid":5822,"hostname":"fv-az77-838","name":"@waytrade/microservice-core","msg":"HTTP Server on port 42015 stopped"}
{"level":30,"time":1628349175986,"pid":5822,"hostname":"fv-az77-838","name":"@waytrade/microservice-core","msg":"App stopped."}
{"level":30,"time":1628349175988,"pid":5822,"hostname":"fv-az77-838","name":"@waytrade/microservice-core","msg":"Starting App..."}
{"level":20,"time":1628349175989,"pid":5822,"hostname":"fv-az77-838","name":"@waytrade/microservice-core","msg":"Starting HTTP Server on port 0"}
{"level":20,"time":1628349175989,"pid":5822,"hostname":"fv-az77-838","name":"@waytrade/microservice-core","msg":"HTTP Server listening on port 60579"}
{"level":20,"time":1628349175989,"pid":5822,"hostname":"fv-az77-838","name":"@waytrade/microservice-core","msg":"Starting HTTP Server on port 0"}
{"level":20,"time":1628349175989,"pid":5822,"hostname":"fv-az77-838","name":"@waytrade/microservice-core","msg":"HTTP Server listening on port 58815"}
{"level":30,"time":1628349175989,"pid":5822,"hostname":"fv-az77-838","name":"@waytrade/microservice-core","msg":"API Server started at port 60579"}
{"level":30,"time":1628349175989,"pid":5822,"hostname":"fv-az77-838","name":"@waytrade/microservice-core","msg":"Webhook Callback Server started at port 58815"}
{"level":20,"time":1628349175992,"pid":5822,"hostname":"fv-az77-838","name":"@waytrade/microservice-core","msg":"HTTP get /api/ -> 200 (0ms)"}
{"level":20,"time":1628349175995,"pid":5822,"hostname":"fv-az77-838","name":"@waytrade/microservice-core","msg":"HTTP Server on port 60579 stopped"}
{"level":20,"time":1628349175995,"pid":5822,"hostname":"fv-az77-838","name":"@waytrade/microservice-core","msg":"HTTP Server on port 58815 stopped"}
{"level":30,"time":1628349175995,"pid":5822,"hostname":"fv-az77-838","name":"@waytrade/microservice-core","msg":"App stopped."}
{"level":30,"time":1628349175997,"pid":5822,"hostname":"fv-az77-838","name":"@waytrade/microservice-core","msg":"Starting App..."}
{"level":20,"time":1628349175997,"pid":5822,"hostname":"fv-az77-838","name":"@waytrade/microservice-core","msg":"Starting HTTP Server on port 0"}
{"level":20,"time":1628349175997,"pid":5822,"hostname":"fv-az77-838","name":"@waytrade/microservice-core","msg":"HTTP Server listening on port 52649"}
{"level":20,"time":1628349175997,"pid":5822,"hostname":"fv-az77-838","name":"@waytrade/microservice-core","msg":"Starting HTTP Server on port 0"}
{"level":20,"time":1628349175998,"pid":5822,"hostname":"fv-az77-838","name":"@waytrade/microservice-core","msg":"HTTP Server listening on port 37935"}
{"level":30,"time":1628349175998,"pid":5822,"hostname":"fv-az77-838","name":"@waytrade/microservice-core","msg":"API Server started at port 52649"}
{"level":30,"time":1628349175998,"pid":5822,"hostname":"fv-az77-838","name":"@waytrade/microservice-core","msg":"Webhook Callback Server started at port 37935"}
{"level":20,"time":1628349175999,"pid":5822,"hostname":"fv-az77-838","name":"@waytrade/microservice-core","msg":"HTTP Server on port 52649 stopped"}
{"level":20,"time":1628349175999,"pid":5822,"hostname":"fv-az77-838","name":"@waytrade/microservice-core","msg":"HTTP Server on port 37935 stopped"}
{"level":30,"time":1628349175999,"pid":5822,"hostname":"fv-az77-838","name":"@waytrade/microservice-core","msg":"App stopped."}
{"level":30,"time":1628349176247,"pid":5822,"hostname":"fv-az77-838","name":"@waytrade/microservice-core","msg":"Starting App..."}
{"level":20,"time":1628349176248,"pid":5822,"hostname":"fv-az77-838","name":"@waytrade/microservice-core","msg":"Starting HTTP Server on port 0"}
{"level":20,"time":1628349176248,"pid":5822,"hostname":"fv-az77-838","name":"@waytrade/microservice-core","msg":"HTTP Server listening on port 37867"}
{"level":20,"time":1628349176248,"pid":5822,"hostname":"fv-az77-838","name":"@waytrade/microservice-core","msg":"Starting HTTP Server on port 0"}
{"level":20,"time":1628349176248,"pid":5822,"hostname":"fv-az77-838","name":"@waytrade/microservice-core","msg":"HTTP Server listening on port 34713"}
{"level":30,"time":1628349176248,"pid":5822,"hostname":"fv-az77-838","name":"@waytrade/microservice-core","msg":"API Server started at port 37867"}
{"level":30,"time":1628349176248,"pid":5822,"hostname":"fv-az77-838","name":"@waytrade/microservice-core","msg":"Webhook Callback Server started at port 34713"}
{"level":20,"time":1628349176249,"pid":5822,"hostname":"fv-az77-838","name":"@waytrade/microservice-core","msg":"HTTP Server on port 37867 stopped"}
{"level":20,"time":1628349176249,"pid":5822,"hostname":"fv-az77-838","name":"@waytrade/microservice-core","msg":"HTTP Server on port 34713 stopped"}
{"level":30,"time":1628349176249,"pid":5822,"hostname":"fv-az77-838","name":"@waytrade/microservice-core","msg":"App stopped."}
{"level":30,"time":1628349176251,"pid":5822,"hostname":"fv-az77-838","name":"@waytrade/microservice-core","msg":"Starting App..."}
{"level":20,"time":1628349176252,"pid":5822,"hostname":"fv-az77-838","name":"@waytrade/microservice-core","msg":"Starting HTTP Server on port 0"}
{"level":20,"time":1628349176252,"pid":5822,"hostname":"fv-az77-838","name":"@waytrade/microservice-core","msg":"HTTP Server listening on port 36597"}
{"level":20,"time":1628349176252,"pid":5822,"hostname":"fv-az77-838","name":"@waytrade/microservice-core","msg":"Starting HTTP Server on port 0"}
{"level":20,"time":1628349176252,"pid":5822,"hostname":"fv-az77-838","name":"@waytrade/microservice-core","msg":"HTTP Server listening on port 49119"}
{"level":30,"time":1628349176252,"pid":5822,"hostname":"fv-az77-838","name":"@waytrade/microservice-core","msg":"API Server started at port 36597"}
{"level":30,"time":1628349176252,"pid":5822,"hostname":"fv-az77-838","name":"@waytrade/microservice-core","msg":"Webhook Callback Server started at port 49119"}
{"level":20,"time":1628349176253,"pid":5822,"hostname":"fv-az77-838","name":"@waytrade/microservice-core","msg":"HTTP Server on port 36597 stopped"}
{"level":20,"time":1628349176253,"pid":5822,"hostname":"fv-az77-838","name":"@waytrade/microservice-core","msg":"HTTP Server on port 49119 stopped"}
{"level":30,"time":1628349176253,"pid":5822,"hostname":"fv-az77-838","name":"@waytrade/microservice-core","msg":"App stopped."}
{"level":30,"time":1628349176255,"pid":5822,"hostname":"fv-az77-838","name":"@waytrade/microservice-core","msg":"Starting App..."}
{"level":20,"time":1628349176255,"pid":5822,"hostname":"fv-az77-838","name":"@waytrade/microservice-core","msg":"Starting HTTP Server on port 0"}
{"level":20,"time":1628349176255,"pid":5822,"hostname":"fv-az77-838","name":"@waytrade/microservice-core","msg":"HTTP Server listening on port 57819"}
{"level":20,"time":1628349176255,"pid":5822,"hostname":"fv-az77-838","name":"@waytrade/microservice-core","msg":"Starting HTTP Server on port 0"}
{"level":20,"time":1628349176256,"pid":5822,"hostname":"fv-az77-838","name":"@waytrade/microservice-core","msg":"HTTP Server listening on port 51659"}
{"level":30,"time":1628349176256,"pid":5822,"hostname":"fv-az77-838","name":"@waytrade/microservice-core","msg":"API Server started at port 57819"}
{"level":30,"time":1628349176256,"pid":5822,"hostname":"fv-az77-838","name":"@waytrade/microservice-core","msg":"Webhook Callback Server started at port 51659"}
{"level":20,"time":1628349176256,"pid":5822,"hostname":"fv-az77-838","name":"@waytrade/microservice-core","msg":"HTTP Server on port 57819 stopped"}
{"level":20,"time":1628349176256,"pid":5822,"hostname":"fv-az77-838","name":"@waytrade/microservice-core","msg":"HTTP Server on port 51659 stopped"}
{"level":30,"time":1628349176256,"pid":5822,"hostname":"fv-az77-838","name":"@waytrade/microservice-core","msg":"App stopped."}
{"level":30,"time":1628349176258,"pid":5822,"hostname":"fv-az77-838","name":"@waytrade/microservice-core","msg":"Starting App..."}
{"level":20,"time":1628349176259,"pid":5822,"hostname":"fv-az77-838","name":"@waytrade/microservice-core","msg":"Starting HTTP Server on port 0"}
{"level":20,"time":1628349176259,"pid":5822,"hostname":"fv-az77-838","name":"@waytrade/microservice-core","msg":"HTTP Server listening on port 33781"}
{"level":20,"time":1628349176259,"pid":5822,"hostname":"fv-az77-838","name":"@waytrade/microservice-core","msg":"Starting HTTP Server on port 0"}
{"level":20,"time":1628349176259,"pid":5822,"hostname":"fv-az77-838","name":"@waytrade/microservice-core","msg":"HTTP Server listening on port 52529"}
{"level":30,"time":1628349176259,"pid":5822,"hostname":"fv-az77-838","name":"@waytrade/microservice-core","msg":"API Server started at port 33781"}
{"level":30,"time":1628349176259,"pid":5822,"hostname":"fv-az77-838","name":"@waytrade/microservice-core","msg":"Webhook Callback Server started at port 52529"}
{"level":20,"time":1628349176259,"pid":5822,"hostname":"fv-az77-838","name":"@waytrade/microservice-core","msg":"HTTP Server on port 33781 stopped"}
{"level":20,"time":1628349176259,"pid":5822,"hostname":"fv-az77-838","name":"@waytrade/microservice-core","msg":"HTTP Server on port 52529 stopped"}
{"level":30,"time":1628349176259,"pid":5822,"hostname":"fv-az77-838","name":"@waytrade/microservice-core","msg":"App stopped."}
{"level":30,"time":1628349176509,"pid":5822,"hostname":"fv-az77-838","name":"@waytrade/microservice-core","msg":"Starting App..."}
{"level":20,"time":1628349176510,"pid":5822,"hostname":"fv-az77-838","name":"@waytrade/microservice-core","msg":"Starting HTTP Server on port 0"}
{"level":20,"time":1628349176510,"pid":5822,"hostname":"fv-az77-838","name":"@waytrade/microservice-core","msg":"HTTP Server listening on port 36819"}
{"level":30,"time":1628349176510,"pid":5822,"hostname":"fv-az77-838","name":"@waytrade/microservice-core","msg":"API Server started at port 36819"}
{"level":20,"time":1628349176511,"pid":5822,"hostname":"fv-az77-838","name":"@waytrade/microservice-core","msg":"HTTP Server on port 36819 stopped"}
{"level":30,"time":1628349176511,"pid":5822,"hostname":"fv-az77-838","name":"@waytrade/microservice-core","msg":"App stopped."}
{"level":30,"time":1628349176513,"pid":5822,"hostname":"fv-az77-838","name":"@waytrade/microservice-core","msg":"Starting App..."}
{"level":20,"time":1628349176513,"pid":5822,"hostname":"fv-az77-838","name":"@waytrade/microservice-core","msg":"Starting HTTP Server on port 0"}
{"level":20,"time":1628349176514,"pid":5822,"hostname":"fv-az77-838","name":"@waytrade/microservice-core","msg":"HTTP Server listening on port 36887"}
{"level":30,"time":1628349176514,"pid":5822,"hostname":"fv-az77-838","name":"@waytrade/microservice-core","msg":"API Server started at port 36887"}
{"level":20,"time":1628349176514,"pid":5822,"hostname":"fv-az77-838","name":"@waytrade/microservice-core","msg":"HTTP Server on port 36887 stopped"}
{"level":30,"time":1628349176514,"pid":5822,"hostname":"fv-az77-838","name":"@waytrade/microservice-core","msg":"App stopped."}
{"level":30,"time":1628349176516,"pid":5822,"hostname":"fv-az77-838","name":"@waytrade/microservice-core","msg":"Starting App..."}
{"level":20,"time":1628349176517,"pid":5822,"hostname":"fv-az77-838","name":"@waytrade/microservice-core","msg":"Starting HTTP Server on port 0"}
{"level":20,"time":1628349176517,"pid":5822,"hostname":"fv-az77-838","name":"@waytrade/microservice-core","msg":"HTTP Server listening on port 37823"}
{"level":30,"time":1628349176517,"pid":5822,"hostname":"fv-az77-838","name":"@waytrade/microservice-core","msg":"API Server started at port 37823"}
{"level":20,"time":1628349176517,"pid":5822,"hostname":"fv-az77-838","name":"@waytrade/microservice-core","msg":"HTTP Server on port 37823 stopped"}
{"level":30,"time":1628349176517,"pid":5822,"hostname":"fv-az77-838","name":"@waytrade/microservice-core","msg":"App stopped."}
{"level":30,"time":1628349176519,"pid":5822,"hostname":"fv-az77-838","name":"@waytrade/microservice-core","msg":"Starting App..."}
{"level":20,"time":1628349176520,"pid":5822,"hostname":"fv-az77-838","name":"@waytrade/microservice-core","msg":"Starting HTTP Server on port 0"}
{"level":20,"time":1628349176520,"pid":5822,"hostname":"fv-az77-838","name":"@waytrade/microservice-core","msg":"HTTP Server listening on port 53363"}
{"level":30,"time":1628349176520,"pid":5822,"hostname":"fv-az77-838","name":"@waytrade/microservice-core","msg":"API Server started at port 53363"}
{"level":20,"time":1628349176520,"pid":5822,"hostname":"fv-az77-838","name":"@waytrade/microservice-core","msg":"HTTP Server on port 53363 stopped"}
{"level":30,"time":1628349176520,"pid":5822,"hostname":"fv-az77-838","name":"@waytrade/microservice-core","msg":"App stopped."}
{"level":30,"time":1628349176761,"pid":5822,"hostname":"fv-az77-838","name":"@waytrade/microservice-core","msg":"Starting App..."}
{"level":20,"time":1628349176762,"pid":5822,"hostname":"fv-az77-838","name":"@waytrade/microservice-core","msg":"Starting HTTP Server on port 0"}
{"level":20,"time":1628349176762,"pid":5822,"hostname":"fv-az77-838","name":"@waytrade/microservice-core","msg":"HTTP Server listening on port 52701"}
{"level":30,"time":1628349176762,"pid":5822,"hostname":"fv-az77-838","name":"@waytrade/microservice-core","msg":"API Server started at port 52701"}
{"level":20,"time":1628349176763,"pid":5822,"hostname":"fv-az77-838","name":"@waytrade/microservice-core","msg":"HTTP Server on port 52701 stopped"}
{"level":30,"time":1628349176763,"pid":5822,"hostname":"fv-az77-838","name":"@waytrade/microservice-core","msg":"App stopped."}
{"level":30,"time":1628349176765,"pid":5822,"hostname":"fv-az77-838","name":"@waytrade/microservice-core","msg":"Starting App..."}
{"level":20,"time":1628349176766,"pid":5822,"hostname":"fv-az77-838","name":"@waytrade/microservice-core","msg":"Starting HTTP Server on port 0"}
{"level":20,"time":1628349176766,"pid":5822,"hostname":"fv-az77-838","name":"@waytrade/microservice-core","msg":"HTTP Server listening on port 45763"}
{"level":30,"time":1628349176766,"pid":5822,"hostname":"fv-az77-838","name":"@waytrade/microservice-core","msg":"API Server started at port 45763"}
{"level":20,"time":1628349176766,"pid":5822,"hostname":"fv-az77-838","name":"@waytrade/microservice-core","msg":"HTTP Server on port 45763 stopped"}
{"level":30,"time":1628349176766,"pid":5822,"hostname":"fv-az77-838","name":"@waytrade/microservice-core","msg":"App stopped."}
{"level":30,"time":1628349176768,"pid":5822,"hostname":"fv-az77-838","name":"@waytrade/microservice-core","msg":"Starting App..."}
{"level":20,"time":1628349176769,"pid":5822,"hostname":"fv-az77-838","name":"@waytrade/microservice-core","msg":"Starting HTTP Server on port 0"}
{"level":20,"time":1628349176769,"pid":5822,"hostname":"fv-az77-838","name":"@waytrade/microservice-core","msg":"HTTP Server listening on port 46325"}
{"level":30,"time":1628349176769,"pid":5822,"hostname":"fv-az77-838","name":"@waytrade/microservice-core","msg":"API Server started at port 46325"}
{"level":20,"time":1628349176770,"pid":5822,"hostname":"fv-az77-838","name":"@waytrade/microservice-core","msg":"HTTP Server on port 46325 stopped"}
{"level":30,"time":1628349176770,"pid":5822,"hostname":"fv-az77-838","name":"@waytrade/microservice-core","msg":"App stopped."}
{"level":30,"time":1628349176779,"pid":5822,"hostname":"fv-az77-838","name":"@waytrade/microservice-core","msg":"Starting App..."}
{"level":20,"time":1628349176779,"pid":5822,"hostname":"fv-az77-838","name":"@waytrade/microservice-core","msg":"Starting HTTP Server on port 0"}
{"level":20,"time":1628349176779,"pid":5822,"hostname":"fv-az77-838","name":"@waytrade/microservice-core","msg":"HTTP Server listening on port 42683"}
{"level":30,"time":1628349176779,"pid":5822,"hostname":"fv-az77-838","name":"@waytrade/microservice-core","msg":"API Server started at port 42683"}
{"level":20,"time":1628349176780,"pid":5822,"hostname":"fv-az77-838","name":"@waytrade/microservice-core","msg":"HTTP Server on port 42683 stopped"}
{"level":30,"time":1628349176780,"pid":5822,"hostname":"fv-az77-838","name":"@waytrade/microservice-core","msg":"App stopped."}
{"level":30,"time":1628349177263,"pid":5822,"hostname":"fv-az77-838","name":"@waytrade/microservice-core","msg":"Starting App..."}
{"level":20,"time":1628349177263,"pid":5822,"hostname":"fv-az77-838","name":"@waytrade/microservice-core","msg":"Starting HTTP Server on port 0"}
{"level":20,"time":1628349177263,"pid":5822,"hostname":"fv-az77-838","name":"@waytrade/microservice-core","msg":"HTTP Server listening on port 51771"}
{"level":30,"time":1628349177264,"pid":5822,"hostname":"fv-az77-838","name":"@waytrade/microservice-core","msg":"API Server started at port 51771"}
{"level":20,"time":1628349177264,"pid":5822,"hostname":"fv-az77-838","name":"@waytrade/microservice-core","msg":"HTTP Server on port 51771 stopped"}
{"level":30,"time":1628349177264,"pid":5822,"hostname":"fv-az77-838","name":"@waytrade/microservice-core","msg":"App stopped."}
{"level":30,"time":1628349177267,"pid":5822,"hostname":"fv-az77-838","name":"@waytrade/microservice-core","msg":"Starting App..."}
{"level":20,"time":1628349177267,"pid":5822,"hostname":"fv-az77-838","name":"@waytrade/microservice-core","msg":"Starting HTTP Server on port 0"}
{"level":20,"time":1628349177267,"pid":5822,"hostname":"fv-az77-838","name":"@waytrade/microservice-core","msg":"HTTP Server listening on port 49841"}
{"level":20,"time":1628349177268,"pid":5822,"hostname":"fv-az77-838","name":"@waytrade/microservice-core","msg":"HTTP Server on port 49841 stopped"}
{"level":30,"time":1628349177268,"pid":5822,"hostname":"fv-az77-838","name":"@waytrade/microservice-core","msg":"App stopped."}
{"level":30,"time":1628349177270,"pid":5822,"hostname":"fv-az77-838","name":"@waytrade/microservice-core","msg":"Starting App..."}
{"level":20,"time":1628349177270,"pid":5822,"hostname":"fv-az77-838","name":"@waytrade/microservice-core","msg":"Starting HTTP Server on port 0"}
{"level":20,"time":1628349177271,"pid":5822,"hostname":"fv-az77-838","name":"@waytrade/microservice-core","msg":"HTTP Server listening on port 35121"}
{"level":20,"time":1628349177271,"pid":5822,"hostname":"fv-az77-838","name":"@waytrade/microservice-core","msg":"HTTP Server on port 35121 stopped"}
{"level":30,"time":1628349177271,"pid":5822,"hostname":"fv-az77-838","name":"@waytrade/microservice-core","msg":"App stopped."}
{"level":20,"time":1628349177502,"pid":5822,"hostname":"fv-az77-838","name":"@waytrade/microservice-core","msg":"Starting HTTP Server on port 0"}
{"level":20,"time":1628349177503,"pid":5822,"hostname":"fv-az77-838","name":"@waytrade/microservice-core","msg":"HTTP Server listening on port 58819"}
{"level":20,"time":1628349177506,"pid":5822,"hostname":"fv-az77-838","name":"@waytrade/microservice-core","msg":"HTTP get /api/dummy/ -> 200 (0ms)"}
{"level":20,"time":1628349177509,"pid":5822,"hostname":"fv-az77-838","name":"@waytrade/microservice-core","msg":"HTTP Server on port 58819 stopped"}
